[0.256s] Invoking command in '/home/sunny/catkin_ws/build/common_msgs': CMAKE_PREFIX_PATH=${CMAKE_PREFIX_PATH}:/home/sunny/catkin_ws/install/beluga_adapter:/opt/ros/humble /usr/bin/cmake --build /home/sunny/catkin_ws/build/common_msgs -- -j16 -l16
[0.408s] [  3%] Built target common_msgs__cpp
[0.418s] [ 12%] Built target common_msgs__rosidl_generator_c
[0.421s] [ 12%] Built target ament_cmake_python_copy_common_msgs
[0.481s] [ 22%] Built target common_msgs__rosidl_typesupport_introspection_cpp
[0.518s] [ 32%] Built target common_msgs__rosidl_typesupport_cpp
[0.542s] [ 41%] Built target common_msgs__rosidl_typesupport_introspection_c
[0.556s] [ 51%] Built target common_msgs__rosidl_typesupport_c
[0.556s] [ 61%] Built target common_msgs__rosidl_typesupport_fastrtps_c
[0.563s] [ 70%] Built target common_msgs__rosidl_typesupport_fastrtps_cpp
[0.662s] [ 70%] Built target common_msgs
[0.683s] [ 74%] Built target common_msgs__py
[0.733s] [ 80%] Built target common_msgs__rosidl_generator_py
[0.823s] [ 87%] Built target common_msgs__rosidl_typesupport_introspection_c__pyext
[0.824s] [ 93%] Built target common_msgs__rosidl_typesupport_fastrtps_c__pyext
[0.861s] [100%] Built target common_msgs__rosidl_typesupport_c__pyext
[0.922s] running egg_info
[0.923s] writing common_msgs.egg-info/PKG-INFO
[0.923s] writing dependency_links to common_msgs.egg-info/dependency_links.txt
[0.923s] writing top-level names to common_msgs.egg-info/top_level.txt
[0.927s] reading manifest file 'common_msgs.egg-info/SOURCES.txt'
[0.927s] writing manifest file 'common_msgs.egg-info/SOURCES.txt'
[0.990s] [100%] Built target ament_cmake_python_build_common_msgs_egg
[1.161s] Invoked command in '/home/sunny/catkin_ws/build/common_msgs' returned '0': CMAKE_PREFIX_PATH=${CMAKE_PREFIX_PATH}:/home/sunny/catkin_ws/install/beluga_adapter:/opt/ros/humble /usr/bin/cmake --build /home/sunny/catkin_ws/build/common_msgs -- -j16 -l16
[1.385s] Invoking command in '/home/sunny/catkin_ws/build/common_msgs': CMAKE_PREFIX_PATH=${CMAKE_PREFIX_PATH}:/home/sunny/catkin_ws/install/beluga_adapter:/opt/ros/humble /usr/bin/cmake --install /home/sunny/catkin_ws/build/common_msgs
[1.498s] -- Install configuration: ""
[1.499s] -- Up-to-date: /home/sunny/catkin_ws/install/common_msgs/share/ament_index/resource_index/rosidl_interfaces/common_msgs
[1.499s] -- Up-to-date: /home/sunny/catkin_ws/install/common_msgs/include/common_msgs/common_msgs
[1.499s] -- Up-to-date: /home/sunny/catkin_ws/install/common_msgs/include/common_msgs/common_msgs/msg
[1.499s] -- Up-to-date: /home/sunny/catkin_ws/install/common_msgs/include/common_msgs/common_msgs/msg/detail
[1.499s] -- Up-to-date: /home/sunny/catkin_ws/install/common_msgs/include/common_msgs/common_msgs/msg/detail/float_stamped__functions.h
[1.499s] -- Up-to-date: /home/sunny/catkin_ws/install/common_msgs/include/common_msgs/common_msgs/msg/detail/float_stamped__functions.c
[1.499s] -- Up-to-date: /home/sunny/catkin_ws/install/common_msgs/include/common_msgs/common_msgs/msg/detail/float_stamped__type_support.h
[1.499s] -- Up-to-date: /home/sunny/catkin_ws/install/common_msgs/include/common_msgs/common_msgs/msg/detail/float_stamped__struct.h
[1.499s] -- Up-to-date: /home/sunny/catkin_ws/install/common_msgs/include/common_msgs/common_msgs/msg/float_stamped.h
[1.499s] -- Up-to-date: /home/sunny/catkin_ws/install/common_msgs/include/common_msgs/common_msgs/msg/rosidl_generator_c__visibility_control.h
[1.499s] -- Up-to-date: /home/sunny/catkin_ws/install/common_msgs/share/common_msgs/environment/library_path.sh
[1.499s] -- Up-to-date: /home/sunny/catkin_ws/install/common_msgs/share/common_msgs/environment/library_path.dsv
[1.499s] -- Up-to-date: /home/sunny/catkin_ws/install/common_msgs/lib/libcommon_msgs__rosidl_generator_c.so
[1.500s] -- Up-to-date: /home/sunny/catkin_ws/install/common_msgs/include/common_msgs/common_msgs
[1.500s] -- Up-to-date: /home/sunny/catkin_ws/install/common_msgs/include/common_msgs/common_msgs/msg
[1.500s] -- Up-to-date: /home/sunny/catkin_ws/install/common_msgs/include/common_msgs/common_msgs/msg/detail
[1.500s] -- Up-to-date: /home/sunny/catkin_ws/install/common_msgs/include/common_msgs/common_msgs/msg/detail/float_stamped__rosidl_typesupport_fastrtps_c.h
[1.500s] -- Up-to-date: /home/sunny/catkin_ws/install/common_msgs/include/common_msgs/common_msgs/msg/rosidl_typesupport_fastrtps_c__visibility_control.h
[1.500s] -- Up-to-date: /home/sunny/catkin_ws/install/common_msgs/lib/libcommon_msgs__rosidl_typesupport_fastrtps_c.so
[1.500s] -- Up-to-date: /home/sunny/catkin_ws/install/common_msgs/include/common_msgs/common_msgs
[1.500s] -- Up-to-date: /home/sunny/catkin_ws/install/common_msgs/include/common_msgs/common_msgs/msg
[1.500s] -- Up-to-date: /home/sunny/catkin_ws/install/common_msgs/include/common_msgs/common_msgs/msg/rosidl_typesupport_introspection_c__visibility_control.h
[1.500s] -- Up-to-date: /home/sunny/catkin_ws/install/common_msgs/include/common_msgs/common_msgs/msg/detail
[1.500s] -- Up-to-date: /home/sunny/catkin_ws/install/common_msgs/include/common_msgs/common_msgs/msg/detail/float_stamped__type_support.c
[1.500s] -- Up-to-date: /home/sunny/catkin_ws/install/common_msgs/include/common_msgs/common_msgs/msg/detail/float_stamped__rosidl_typesupport_introspection_c.h
[1.501s] -- Up-to-date: /home/sunny/catkin_ws/install/common_msgs/lib/libcommon_msgs__rosidl_typesupport_introspection_c.so
[1.501s] -- Up-to-date: /home/sunny/catkin_ws/install/common_msgs/lib/libcommon_msgs__rosidl_typesupport_c.so
[1.501s] -- Up-to-date: /home/sunny/catkin_ws/install/common_msgs/include/common_msgs/common_msgs
[1.501s] -- Up-to-date: /home/sunny/catkin_ws/install/common_msgs/include/common_msgs/common_msgs/msg
[1.501s] -- Up-to-date: /home/sunny/catkin_ws/install/common_msgs/include/common_msgs/common_msgs/msg/float_stamped.hpp
[1.501s] -- Up-to-date: /home/sunny/catkin_ws/install/common_msgs/include/common_msgs/common_msgs/msg/detail
[1.501s] -- Up-to-date: /home/sunny/catkin_ws/install/common_msgs/include/common_msgs/common_msgs/msg/detail/float_stamped__struct.hpp
[1.502s] -- Up-to-date: /home/sunny/catkin_ws/install/common_msgs/include/common_msgs/common_msgs/msg/detail/float_stamped__builder.hpp
[1.502s] -- Up-to-date: /home/sunny/catkin_ws/install/common_msgs/include/common_msgs/common_msgs/msg/detail/float_stamped__traits.hpp
[1.502s] -- Up-to-date: /home/sunny/catkin_ws/install/common_msgs/include/common_msgs/common_msgs
[1.502s] -- Up-to-date: /home/sunny/catkin_ws/install/common_msgs/include/common_msgs/common_msgs/msg
[1.502s] -- Up-to-date: /home/sunny/catkin_ws/install/common_msgs/include/common_msgs/common_msgs/msg/detail
[1.502s] -- Up-to-date: /home/sunny/catkin_ws/install/common_msgs/include/common_msgs/common_msgs/msg/detail/float_stamped__rosidl_typesupport_fastrtps_cpp.hpp
[1.502s] -- Up-to-date: /home/sunny/catkin_ws/install/common_msgs/include/common_msgs/common_msgs/msg/detail/dds_fastrtps
[1.502s] -- Up-to-date: /home/sunny/catkin_ws/install/common_msgs/include/common_msgs/common_msgs/msg/rosidl_typesupport_fastrtps_cpp__visibility_control.h
[1.502s] -- Up-to-date: /home/sunny/catkin_ws/install/common_msgs/lib/libcommon_msgs__rosidl_typesupport_fastrtps_cpp.so
[1.502s] -- Up-to-date: /home/sunny/catkin_ws/install/common_msgs/include/common_msgs/common_msgs
[1.503s] -- Up-to-date: /home/sunny/catkin_ws/install/common_msgs/include/common_msgs/common_msgs/msg
[1.503s] -- Up-to-date: /home/sunny/catkin_ws/install/common_msgs/include/common_msgs/common_msgs/msg/detail
[1.503s] -- Up-to-date: /home/sunny/catkin_ws/install/common_msgs/include/common_msgs/common_msgs/msg/detail/float_stamped__type_support.cpp
[1.503s] -- Up-to-date: /home/sunny/catkin_ws/install/common_msgs/include/common_msgs/common_msgs/msg/detail/float_stamped__rosidl_typesupport_introspection_cpp.hpp
[1.503s] -- Up-to-date: /home/sunny/catkin_ws/install/common_msgs/lib/libcommon_msgs__rosidl_typesupport_introspection_cpp.so
[1.503s] -- Up-to-date: /home/sunny/catkin_ws/install/common_msgs/lib/libcommon_msgs__rosidl_typesupport_cpp.so
[1.503s] -- Up-to-date: /home/sunny/catkin_ws/install/common_msgs/share/common_msgs/environment/pythonpath.sh
[1.503s] -- Up-to-date: /home/sunny/catkin_ws/install/common_msgs/share/common_msgs/environment/pythonpath.dsv
[1.503s] -- Up-to-date: /home/sunny/catkin_ws/install/common_msgs/local/lib/python3.10/dist-packages/common_msgs-0.0.0-py3.10.egg-info
[1.503s] -- Installing: /home/sunny/catkin_ws/install/common_msgs/local/lib/python3.10/dist-packages/common_msgs-0.0.0-py3.10.egg-info/PKG-INFO
[1.503s] -- Installing: /home/sunny/catkin_ws/install/common_msgs/local/lib/python3.10/dist-packages/common_msgs-0.0.0-py3.10.egg-info/SOURCES.txt
[1.504s] -- Installing: /home/sunny/catkin_ws/install/common_msgs/local/lib/python3.10/dist-packages/common_msgs-0.0.0-py3.10.egg-info/top_level.txt
[1.504s] -- Installing: /home/sunny/catkin_ws/install/common_msgs/local/lib/python3.10/dist-packages/common_msgs-0.0.0-py3.10.egg-info/dependency_links.txt
[1.504s] -- Up-to-date: /home/sunny/catkin_ws/install/common_msgs/local/lib/python3.10/dist-packages/common_msgs
[1.504s] -- Up-to-date: /home/sunny/catkin_ws/install/common_msgs/local/lib/python3.10/dist-packages/common_msgs/__init__.py
[1.504s] -- Up-to-date: /home/sunny/catkin_ws/install/common_msgs/local/lib/python3.10/dist-packages/common_msgs/_common_msgs_s.ep.rosidl_typesupport_introspection_c.c
[1.504s] -- Up-to-date: /home/sunny/catkin_ws/install/common_msgs/local/lib/python3.10/dist-packages/common_msgs/common_msgs_s__rosidl_typesupport_c.cpython-310-x86_64-linux-gnu.so
[1.504s] -- Up-to-date: /home/sunny/catkin_ws/install/common_msgs/local/lib/python3.10/dist-packages/common_msgs/_common_msgs_s.ep.rosidl_typesupport_c.c
[1.504s] -- Up-to-date: /home/sunny/catkin_ws/install/common_msgs/local/lib/python3.10/dist-packages/common_msgs/_common_msgs_s.ep.rosidl_typesupport_fastrtps_c.c
[1.504s] -- Up-to-date: /home/sunny/catkin_ws/install/common_msgs/local/lib/python3.10/dist-packages/common_msgs/msg
[1.504s] -- Up-to-date: /home/sunny/catkin_ws/install/common_msgs/local/lib/python3.10/dist-packages/common_msgs/msg/__init__.py
[1.505s] -- Up-to-date: /home/sunny/catkin_ws/install/common_msgs/local/lib/python3.10/dist-packages/common_msgs/msg/_float_stamped.py
[1.505s] -- Up-to-date: /home/sunny/catkin_ws/install/common_msgs/local/lib/python3.10/dist-packages/common_msgs/msg/_float_stamped_s.c
[1.505s] -- Up-to-date: /home/sunny/catkin_ws/install/common_msgs/local/lib/python3.10/dist-packages/common_msgs/common_msgs_s__rosidl_typesupport_fastrtps_c.cpython-310-x86_64-linux-gnu.so
[1.505s] -- Up-to-date: /home/sunny/catkin_ws/install/common_msgs/local/lib/python3.10/dist-packages/common_msgs/common_msgs_s__rosidl_typesupport_introspection_c.cpython-310-x86_64-linux-gnu.so
[1.505s] -- Up-to-date: /home/sunny/catkin_ws/install/common_msgs/local/lib/python3.10/dist-packages/common_msgs/libcommon_msgs__rosidl_generator_py.so
[1.505s] Listing '/home/sunny/catkin_ws/install/common_msgs/local/lib/python3.10/dist-packages/common_msgs'...
[1.505s] Listing '/home/sunny/catkin_ws/install/common_msgs/local/lib/python3.10/dist-packages/common_msgs/msg'...
[1.505s] -- Up-to-date: /home/sunny/catkin_ws/install/common_msgs/local/lib/python3.10/dist-packages/common_msgs/common_msgs_s__rosidl_typesupport_fastrtps_c.cpython-310-x86_64-linux-gnu.so
[1.505s] -- Up-to-date: /home/sunny/catkin_ws/install/common_msgs/local/lib/python3.10/dist-packages/common_msgs/common_msgs_s__rosidl_typesupport_introspection_c.cpython-310-x86_64-linux-gnu.so
[1.505s] -- Up-to-date: /home/sunny/catkin_ws/install/common_msgs/local/lib/python3.10/dist-packages/common_msgs/common_msgs_s__rosidl_typesupport_c.cpython-310-x86_64-linux-gnu.so
[1.505s] -- Up-to-date: /home/sunny/catkin_ws/install/common_msgs/lib/libcommon_msgs__rosidl_generator_py.so
[1.506s] -- Up-to-date: /home/sunny/catkin_ws/install/common_msgs/share/common_msgs/msg/FloatStamped.idl
[1.506s] -- Up-to-date: /home/sunny/catkin_ws/install/common_msgs/share/common_msgs/msg/FloatStamped.msg
[1.506s] -- Up-to-date: /home/sunny/catkin_ws/install/common_msgs/share/ament_index/resource_index/package_run_dependencies/common_msgs
[1.506s] -- Up-to-date: /home/sunny/catkin_ws/install/common_msgs/share/ament_index/resource_index/parent_prefix_path/common_msgs
[1.506s] -- Up-to-date: /home/sunny/catkin_ws/install/common_msgs/share/common_msgs/environment/ament_prefix_path.sh
[1.506s] -- Up-to-date: /home/sunny/catkin_ws/install/common_msgs/share/common_msgs/environment/ament_prefix_path.dsv
[1.506s] -- Up-to-date: /home/sunny/catkin_ws/install/common_msgs/share/common_msgs/environment/path.sh
[1.506s] -- Up-to-date: /home/sunny/catkin_ws/install/common_msgs/share/common_msgs/environment/path.dsv
[1.506s] -- Up-to-date: /home/sunny/catkin_ws/install/common_msgs/share/common_msgs/local_setup.bash
[1.507s] -- Up-to-date: /home/sunny/catkin_ws/install/common_msgs/share/common_msgs/local_setup.sh
[1.507s] -- Up-to-date: /home/sunny/catkin_ws/install/common_msgs/share/common_msgs/local_setup.zsh
[1.507s] -- Up-to-date: /home/sunny/catkin_ws/install/common_msgs/share/common_msgs/local_setup.dsv
[1.507s] -- Installing: /home/sunny/catkin_ws/install/common_msgs/share/common_msgs/package.dsv
[1.507s] -- Up-to-date: /home/sunny/catkin_ws/install/common_msgs/share/ament_index/resource_index/packages/common_msgs
[1.507s] -- Up-to-date: /home/sunny/catkin_ws/install/common_msgs/share/common_msgs/cmake/export_common_msgs__rosidl_generator_cExport.cmake
[1.507s] -- Up-to-date: /home/sunny/catkin_ws/install/common_msgs/share/common_msgs/cmake/export_common_msgs__rosidl_generator_cExport-noconfig.cmake
[1.507s] -- Up-to-date: /home/sunny/catkin_ws/install/common_msgs/share/common_msgs/cmake/export_common_msgs__rosidl_typesupport_fastrtps_cExport.cmake
[1.507s] -- Up-to-date: /home/sunny/catkin_ws/install/common_msgs/share/common_msgs/cmake/export_common_msgs__rosidl_typesupport_fastrtps_cExport-noconfig.cmake
[1.507s] -- Up-to-date: /home/sunny/catkin_ws/install/common_msgs/share/common_msgs/cmake/common_msgs__rosidl_typesupport_introspection_cExport.cmake
[1.507s] -- Up-to-date: /home/sunny/catkin_ws/install/common_msgs/share/common_msgs/cmake/common_msgs__rosidl_typesupport_introspection_cExport-noconfig.cmake
[1.508s] -- Up-to-date: /home/sunny/catkin_ws/install/common_msgs/share/common_msgs/cmake/common_msgs__rosidl_typesupport_cExport.cmake
[1.508s] -- Up-to-date: /home/sunny/catkin_ws/install/common_msgs/share/common_msgs/cmake/common_msgs__rosidl_typesupport_cExport-noconfig.cmake
[1.508s] -- Up-to-date: /home/sunny/catkin_ws/install/common_msgs/share/common_msgs/cmake/export_common_msgs__rosidl_generator_cppExport.cmake
[1.508s] -- Up-to-date: /home/sunny/catkin_ws/install/common_msgs/share/common_msgs/cmake/export_common_msgs__rosidl_typesupport_fastrtps_cppExport.cmake
[1.508s] -- Up-to-date: /home/sunny/catkin_ws/install/common_msgs/share/common_msgs/cmake/export_common_msgs__rosidl_typesupport_fastrtps_cppExport-noconfig.cmake
[1.508s] -- Up-to-date: /home/sunny/catkin_ws/install/common_msgs/share/common_msgs/cmake/common_msgs__rosidl_typesupport_introspection_cppExport.cmake
[1.508s] -- Up-to-date: /home/sunny/catkin_ws/install/common_msgs/share/common_msgs/cmake/common_msgs__rosidl_typesupport_introspection_cppExport-noconfig.cmake
[1.508s] -- Up-to-date: /home/sunny/catkin_ws/install/common_msgs/share/common_msgs/cmake/common_msgs__rosidl_typesupport_cppExport.cmake
[1.508s] -- Up-to-date: /home/sunny/catkin_ws/install/common_msgs/share/common_msgs/cmake/common_msgs__rosidl_typesupport_cppExport-noconfig.cmake
[1.508s] -- Up-to-date: /home/sunny/catkin_ws/install/common_msgs/share/common_msgs/cmake/export_common_msgs__rosidl_generator_pyExport.cmake
[1.508s] -- Up-to-date: /home/sunny/catkin_ws/install/common_msgs/share/common_msgs/cmake/export_common_msgs__rosidl_generator_pyExport-noconfig.cmake
[1.509s] -- Up-to-date: /home/sunny/catkin_ws/install/common_msgs/share/common_msgs/cmake/rosidl_cmake-extras.cmake
[1.509s] -- Up-to-date: /home/sunny/catkin_ws/install/common_msgs/share/common_msgs/cmake/ament_cmake_export_dependencies-extras.cmake
[1.509s] -- Up-to-date: /home/sunny/catkin_ws/install/common_msgs/share/common_msgs/cmake/ament_cmake_export_include_directories-extras.cmake
[1.509s] -- Up-to-date: /home/sunny/catkin_ws/install/common_msgs/share/common_msgs/cmake/ament_cmake_export_libraries-extras.cmake
[1.509s] -- Up-to-date: /home/sunny/catkin_ws/install/common_msgs/share/common_msgs/cmake/ament_cmake_export_targets-extras.cmake
[1.509s] -- Up-to-date: /home/sunny/catkin_ws/install/common_msgs/share/common_msgs/cmake/rosidl_cmake_export_typesupport_targets-extras.cmake
[1.509s] -- Up-to-date: /home/sunny/catkin_ws/install/common_msgs/share/common_msgs/cmake/rosidl_cmake_export_typesupport_libraries-extras.cmake
[1.509s] -- Up-to-date: /home/sunny/catkin_ws/install/common_msgs/share/common_msgs/cmake/common_msgsConfig.cmake
[1.509s] -- Up-to-date: /home/sunny/catkin_ws/install/common_msgs/share/common_msgs/cmake/common_msgsConfig-version.cmake
[1.509s] -- Up-to-date: /home/sunny/catkin_ws/install/common_msgs/share/common_msgs/package.xml
[1.573s] Invoked command in '/home/sunny/catkin_ws/build/common_msgs' returned '0': CMAKE_PREFIX_PATH=${CMAKE_PREFIX_PATH}:/home/sunny/catkin_ws/install/beluga_adapter:/opt/ros/humble /usr/bin/cmake --install /home/sunny/catkin_ws/build/common_msgs
