[0.552s] Invoking command in '/home/sunny/catkin_ws/build/uuv_sensor_ros_plugins_msgs': CMAKE_PREFIX_PATH=${CMAKE_PREFIX_PATH}:/home/sunny/catkin_ws/install/beluga_adapter:/opt/ros/humble /usr/bin/cmake --build /home/sunny/catkin_ws/build/uuv_sensor_ros_plugins_msgs -- -j16 -l16
[0.655s] [ 11%] Built target uuv_sensor_ros_plugins_msgs__rosidl_generator_c
[0.665s] [ 12%] Built target uuv_sensor_ros_plugins_msgs__cpp
[0.697s] [ 12%] Built target ament_cmake_python_copy_uuv_sensor_ros_plugins_msgs
[0.721s] [ 24%] Built target uuv_sensor_ros_plugins_msgs__rosidl_typesupport_fastrtps_c
[0.744s] [ 35%] Built target uuv_sensor_ros_plugins_msgs__rosidl_typesupport_introspection_c
[0.780s] [ 46%] Built target uuv_sensor_ros_plugins_msgs__rosidl_typesupport_c
[0.786s] [ 58%] Built target uuv_sensor_ros_plugins_msgs__rosidl_typesupport_introspection_cpp
[0.806s] [ 69%] Built target uuv_sensor_ros_plugins_msgs__rosidl_typesupport_cpp
[0.865s] [ 81%] Built target uuv_sensor_ros_plugins_msgs__rosidl_typesupport_fastrtps_cpp
[1.000s] [ 81%] Built target uuv_sensor_ros_plugins_msgs
[1.010s] [ 82%] Built target uuv_sensor_ros_plugins_msgs__py
[1.080s] [ 92%] Built target uuv_sensor_ros_plugins_msgs__rosidl_generator_py
[1.189s] [ 94%] Built target uuv_sensor_ros_plugins_msgs__rosidl_typesupport_c__pyext
[1.189s] [ 97%] Built target uuv_sensor_ros_plugins_msgs__rosidl_typesupport_introspection_c__pyext
[1.196s] [100%] Built target uuv_sensor_ros_plugins_msgs__rosidl_typesupport_fastrtps_c__pyext
[1.240s] running egg_info
[1.242s] writing uuv_sensor_ros_plugins_msgs.egg-info/PKG-INFO
[1.242s] writing dependency_links to uuv_sensor_ros_plugins_msgs.egg-info/dependency_links.txt
[1.243s] writing top-level names to uuv_sensor_ros_plugins_msgs.egg-info/top_level.txt
[1.246s] reading manifest file 'uuv_sensor_ros_plugins_msgs.egg-info/SOURCES.txt'
[1.247s] writing manifest file 'uuv_sensor_ros_plugins_msgs.egg-info/SOURCES.txt'
[1.310s] [100%] Built target ament_cmake_python_build_uuv_sensor_ros_plugins_msgs_egg
[1.372s] Invoked command in '/home/sunny/catkin_ws/build/uuv_sensor_ros_plugins_msgs' returned '0': CMAKE_PREFIX_PATH=${CMAKE_PREFIX_PATH}:/home/sunny/catkin_ws/install/beluga_adapter:/opt/ros/humble /usr/bin/cmake --build /home/sunny/catkin_ws/build/uuv_sensor_ros_plugins_msgs -- -j16 -l16
[1.787s] Invoking command in '/home/sunny/catkin_ws/build/uuv_sensor_ros_plugins_msgs': CMAKE_PREFIX_PATH=${CMAKE_PREFIX_PATH}:/home/sunny/catkin_ws/install/beluga_adapter:/opt/ros/humble /usr/bin/cmake --install /home/sunny/catkin_ws/build/uuv_sensor_ros_plugins_msgs
[1.801s] -- Install configuration: ""
[1.810s] -- Up-to-date: /home/sunny/catkin_ws/install/uuv_sensor_ros_plugins_msgs/share/ament_index/resource_index/rosidl_interfaces/uuv_sensor_ros_plugins_msgs
[1.810s] -- Up-to-date: /home/sunny/catkin_ws/install/uuv_sensor_ros_plugins_msgs/include/uuv_sensor_ros_plugins_msgs/uuv_sensor_ros_plugins_msgs
[1.810s] -- Up-to-date: /home/sunny/catkin_ws/install/uuv_sensor_ros_plugins_msgs/include/uuv_sensor_ros_plugins_msgs/uuv_sensor_ros_plugins_msgs/srv
[1.810s] -- Up-to-date: /home/sunny/catkin_ws/install/uuv_sensor_ros_plugins_msgs/include/uuv_sensor_ros_plugins_msgs/uuv_sensor_ros_plugins_msgs/srv/detail
[1.811s] -- Up-to-date: /home/sunny/catkin_ws/install/uuv_sensor_ros_plugins_msgs/include/uuv_sensor_ros_plugins_msgs/uuv_sensor_ros_plugins_msgs/srv/detail/change_sensor_state__functions.c
[1.811s] -- Up-to-date: /home/sunny/catkin_ws/install/uuv_sensor_ros_plugins_msgs/include/uuv_sensor_ros_plugins_msgs/uuv_sensor_ros_plugins_msgs/srv/detail/change_sensor_state__struct.h
[1.811s] -- Up-to-date: /home/sunny/catkin_ws/install/uuv_sensor_ros_plugins_msgs/include/uuv_sensor_ros_plugins_msgs/uuv_sensor_ros_plugins_msgs/srv/detail/change_sensor_state__functions.h
[1.811s] -- Up-to-date: /home/sunny/catkin_ws/install/uuv_sensor_ros_plugins_msgs/include/uuv_sensor_ros_plugins_msgs/uuv_sensor_ros_plugins_msgs/srv/detail/change_sensor_state__type_support.h
[1.811s] -- Up-to-date: /home/sunny/catkin_ws/install/uuv_sensor_ros_plugins_msgs/include/uuv_sensor_ros_plugins_msgs/uuv_sensor_ros_plugins_msgs/srv/change_sensor_state.h
[1.811s] -- Up-to-date: /home/sunny/catkin_ws/install/uuv_sensor_ros_plugins_msgs/include/uuv_sensor_ros_plugins_msgs/uuv_sensor_ros_plugins_msgs/msg
[1.811s] -- Up-to-date: /home/sunny/catkin_ws/install/uuv_sensor_ros_plugins_msgs/include/uuv_sensor_ros_plugins_msgs/uuv_sensor_ros_plugins_msgs/msg/detail
[1.811s] -- Up-to-date: /home/sunny/catkin_ws/install/uuv_sensor_ros_plugins_msgs/include/uuv_sensor_ros_plugins_msgs/uuv_sensor_ros_plugins_msgs/msg/detail/chemical_particle_concentration__type_support.h
[1.812s] -- Up-to-date: /home/sunny/catkin_ws/install/uuv_sensor_ros_plugins_msgs/include/uuv_sensor_ros_plugins_msgs/uuv_sensor_ros_plugins_msgs/msg/detail/dvl__functions.h
[1.812s] -- Up-to-date: /home/sunny/catkin_ws/install/uuv_sensor_ros_plugins_msgs/include/uuv_sensor_ros_plugins_msgs/uuv_sensor_ros_plugins_msgs/msg/detail/chemical_particle_concentration__functions.c
[1.812s] -- Up-to-date: /home/sunny/catkin_ws/install/uuv_sensor_ros_plugins_msgs/include/uuv_sensor_ros_plugins_msgs/uuv_sensor_ros_plugins_msgs/msg/detail/chemical_particle_concentration__struct.h
[1.812s] -- Up-to-date: /home/sunny/catkin_ws/install/uuv_sensor_ros_plugins_msgs/include/uuv_sensor_ros_plugins_msgs/uuv_sensor_ros_plugins_msgs/msg/detail/position_with_covariance__functions.c
[1.812s] -- Up-to-date: /home/sunny/catkin_ws/install/uuv_sensor_ros_plugins_msgs/include/uuv_sensor_ros_plugins_msgs/uuv_sensor_ros_plugins_msgs/msg/detail/chemical_particle_concentration__functions.h
[1.812s] -- Up-to-date: /home/sunny/catkin_ws/install/uuv_sensor_ros_plugins_msgs/include/uuv_sensor_ros_plugins_msgs/uuv_sensor_ros_plugins_msgs/msg/detail/position_with_covariance__type_support.h
[1.812s] -- Up-to-date: /home/sunny/catkin_ws/install/uuv_sensor_ros_plugins_msgs/include/uuv_sensor_ros_plugins_msgs/uuv_sensor_ros_plugins_msgs/msg/detail/dvl_beam__functions.c
[1.813s] -- Up-to-date: /home/sunny/catkin_ws/install/uuv_sensor_ros_plugins_msgs/include/uuv_sensor_ros_plugins_msgs/uuv_sensor_ros_plugins_msgs/msg/detail/position_with_covariance__struct.h
[1.813s] -- Up-to-date: /home/sunny/catkin_ws/install/uuv_sensor_ros_plugins_msgs/include/uuv_sensor_ros_plugins_msgs/uuv_sensor_ros_plugins_msgs/msg/detail/salinity__functions.h
[1.813s] -- Up-to-date: /home/sunny/catkin_ws/install/uuv_sensor_ros_plugins_msgs/include/uuv_sensor_ros_plugins_msgs/uuv_sensor_ros_plugins_msgs/msg/detail/salinity__functions.c
[1.813s] -- Up-to-date: /home/sunny/catkin_ws/install/uuv_sensor_ros_plugins_msgs/include/uuv_sensor_ros_plugins_msgs/uuv_sensor_ros_plugins_msgs/msg/detail/position_with_covariance_stamped__functions.h
[1.813s] -- Up-to-date: /home/sunny/catkin_ws/install/uuv_sensor_ros_plugins_msgs/include/uuv_sensor_ros_plugins_msgs/uuv_sensor_ros_plugins_msgs/msg/detail/position_with_covariance_stamped__type_support.h
[1.813s] -- Up-to-date: /home/sunny/catkin_ws/install/uuv_sensor_ros_plugins_msgs/include/uuv_sensor_ros_plugins_msgs/uuv_sensor_ros_plugins_msgs/msg/detail/dvl_beam__functions.h
[1.813s] -- Up-to-date: /home/sunny/catkin_ws/install/uuv_sensor_ros_plugins_msgs/include/uuv_sensor_ros_plugins_msgs/uuv_sensor_ros_plugins_msgs/msg/detail/dvl_beam__type_support.h
[1.813s] -- Up-to-date: /home/sunny/catkin_ws/install/uuv_sensor_ros_plugins_msgs/include/uuv_sensor_ros_plugins_msgs/uuv_sensor_ros_plugins_msgs/msg/detail/dvl__type_support.h
[1.813s] -- Up-to-date: /home/sunny/catkin_ws/install/uuv_sensor_ros_plugins_msgs/include/uuv_sensor_ros_plugins_msgs/uuv_sensor_ros_plugins_msgs/msg/detail/position_with_covariance_stamped__struct.h
[1.814s] -- Up-to-date: /home/sunny/catkin_ws/install/uuv_sensor_ros_plugins_msgs/include/uuv_sensor_ros_plugins_msgs/uuv_sensor_ros_plugins_msgs/msg/detail/dvl__struct.h
[1.814s] -- Up-to-date: /home/sunny/catkin_ws/install/uuv_sensor_ros_plugins_msgs/include/uuv_sensor_ros_plugins_msgs/uuv_sensor_ros_plugins_msgs/msg/detail/dvl__functions.c
[1.814s] -- Up-to-date: /home/sunny/catkin_ws/install/uuv_sensor_ros_plugins_msgs/include/uuv_sensor_ros_plugins_msgs/uuv_sensor_ros_plugins_msgs/msg/detail/salinity__struct.h
[1.814s] -- Up-to-date: /home/sunny/catkin_ws/install/uuv_sensor_ros_plugins_msgs/include/uuv_sensor_ros_plugins_msgs/uuv_sensor_ros_plugins_msgs/msg/detail/position_with_covariance__functions.h
[1.814s] -- Up-to-date: /home/sunny/catkin_ws/install/uuv_sensor_ros_plugins_msgs/include/uuv_sensor_ros_plugins_msgs/uuv_sensor_ros_plugins_msgs/msg/detail/dvl_beam__struct.h
[1.815s] -- Up-to-date: /home/sunny/catkin_ws/install/uuv_sensor_ros_plugins_msgs/include/uuv_sensor_ros_plugins_msgs/uuv_sensor_ros_plugins_msgs/msg/detail/salinity__type_support.h
[1.815s] -- Up-to-date: /home/sunny/catkin_ws/install/uuv_sensor_ros_plugins_msgs/include/uuv_sensor_ros_plugins_msgs/uuv_sensor_ros_plugins_msgs/msg/detail/position_with_covariance_stamped__functions.c
[1.815s] -- Up-to-date: /home/sunny/catkin_ws/install/uuv_sensor_ros_plugins_msgs/include/uuv_sensor_ros_plugins_msgs/uuv_sensor_ros_plugins_msgs/msg/position_with_covariance_stamped.h
[1.815s] -- Up-to-date: /home/sunny/catkin_ws/install/uuv_sensor_ros_plugins_msgs/include/uuv_sensor_ros_plugins_msgs/uuv_sensor_ros_plugins_msgs/msg/dvl.h
[1.817s] -- Up-to-date: /home/sunny/catkin_ws/install/uuv_sensor_ros_plugins_msgs/include/uuv_sensor_ros_plugins_msgs/uuv_sensor_ros_plugins_msgs/msg/dvl_beam.h
[1.818s] -- Up-to-date: /home/sunny/catkin_ws/install/uuv_sensor_ros_plugins_msgs/include/uuv_sensor_ros_plugins_msgs/uuv_sensor_ros_plugins_msgs/msg/chemical_particle_concentration.h
[1.818s] -- Up-to-date: /home/sunny/catkin_ws/install/uuv_sensor_ros_plugins_msgs/include/uuv_sensor_ros_plugins_msgs/uuv_sensor_ros_plugins_msgs/msg/rosidl_generator_c__visibility_control.h
[1.818s] -- Up-to-date: /home/sunny/catkin_ws/install/uuv_sensor_ros_plugins_msgs/include/uuv_sensor_ros_plugins_msgs/uuv_sensor_ros_plugins_msgs/msg/position_with_covariance.h
[1.818s] -- Up-to-date: /home/sunny/catkin_ws/install/uuv_sensor_ros_plugins_msgs/include/uuv_sensor_ros_plugins_msgs/uuv_sensor_ros_plugins_msgs/msg/salinity.h
[1.818s] -- Up-to-date: /home/sunny/catkin_ws/install/uuv_sensor_ros_plugins_msgs/share/uuv_sensor_ros_plugins_msgs/environment/library_path.sh
[1.818s] -- Up-to-date: /home/sunny/catkin_ws/install/uuv_sensor_ros_plugins_msgs/share/uuv_sensor_ros_plugins_msgs/environment/library_path.dsv
[1.818s] -- Up-to-date: /home/sunny/catkin_ws/install/uuv_sensor_ros_plugins_msgs/lib/libuuv_sensor_ros_plugins_msgs__rosidl_generator_c.so
[1.818s] -- Up-to-date: /home/sunny/catkin_ws/install/uuv_sensor_ros_plugins_msgs/include/uuv_sensor_ros_plugins_msgs/uuv_sensor_ros_plugins_msgs
[1.818s] -- Up-to-date: /home/sunny/catkin_ws/install/uuv_sensor_ros_plugins_msgs/include/uuv_sensor_ros_plugins_msgs/uuv_sensor_ros_plugins_msgs/srv
[1.819s] -- Up-to-date: /home/sunny/catkin_ws/install/uuv_sensor_ros_plugins_msgs/include/uuv_sensor_ros_plugins_msgs/uuv_sensor_ros_plugins_msgs/srv/detail
[1.819s] -- Up-to-date: /home/sunny/catkin_ws/install/uuv_sensor_ros_plugins_msgs/include/uuv_sensor_ros_plugins_msgs/uuv_sensor_ros_plugins_msgs/srv/detail/change_sensor_state__rosidl_typesupport_fastrtps_c.h
[1.819s] -- Up-to-date: /home/sunny/catkin_ws/install/uuv_sensor_ros_plugins_msgs/include/uuv_sensor_ros_plugins_msgs/uuv_sensor_ros_plugins_msgs/msg
[1.819s] -- Up-to-date: /home/sunny/catkin_ws/install/uuv_sensor_ros_plugins_msgs/include/uuv_sensor_ros_plugins_msgs/uuv_sensor_ros_plugins_msgs/msg/detail
[1.819s] -- Up-to-date: /home/sunny/catkin_ws/install/uuv_sensor_ros_plugins_msgs/include/uuv_sensor_ros_plugins_msgs/uuv_sensor_ros_plugins_msgs/msg/detail/position_with_covariance__rosidl_typesupport_fastrtps_c.h
[1.819s] -- Up-to-date: /home/sunny/catkin_ws/install/uuv_sensor_ros_plugins_msgs/include/uuv_sensor_ros_plugins_msgs/uuv_sensor_ros_plugins_msgs/msg/detail/chemical_particle_concentration__rosidl_typesupport_fastrtps_c.h
[1.828s] -- Up-to-date: /home/sunny/catkin_ws/install/uuv_sensor_ros_plugins_msgs/include/uuv_sensor_ros_plugins_msgs/uuv_sensor_ros_plugins_msgs/msg/detail/dvl__rosidl_typesupport_fastrtps_c.h
[1.828s] -- Up-to-date: /home/sunny/catkin_ws/install/uuv_sensor_ros_plugins_msgs/include/uuv_sensor_ros_plugins_msgs/uuv_sensor_ros_plugins_msgs/msg/detail/dvl_beam__rosidl_typesupport_fastrtps_c.h
[1.828s] -- Up-to-date: /home/sunny/catkin_ws/install/uuv_sensor_ros_plugins_msgs/include/uuv_sensor_ros_plugins_msgs/uuv_sensor_ros_plugins_msgs/msg/detail/salinity__rosidl_typesupport_fastrtps_c.h
[1.828s] -- Up-to-date: /home/sunny/catkin_ws/install/uuv_sensor_ros_plugins_msgs/include/uuv_sensor_ros_plugins_msgs/uuv_sensor_ros_plugins_msgs/msg/detail/position_with_covariance_stamped__rosidl_typesupport_fastrtps_c.h
[1.828s] -- Up-to-date: /home/sunny/catkin_ws/install/uuv_sensor_ros_plugins_msgs/include/uuv_sensor_ros_plugins_msgs/uuv_sensor_ros_plugins_msgs/msg/rosidl_typesupport_fastrtps_c__visibility_control.h
[1.828s] -- Up-to-date: /home/sunny/catkin_ws/install/uuv_sensor_ros_plugins_msgs/lib/libuuv_sensor_ros_plugins_msgs__rosidl_typesupport_fastrtps_c.so
[1.828s] -- Up-to-date: /home/sunny/catkin_ws/install/uuv_sensor_ros_plugins_msgs/include/uuv_sensor_ros_plugins_msgs/uuv_sensor_ros_plugins_msgs
[1.829s] -- Up-to-date: /home/sunny/catkin_ws/install/uuv_sensor_ros_plugins_msgs/include/uuv_sensor_ros_plugins_msgs/uuv_sensor_ros_plugins_msgs/srv
[1.829s] -- Up-to-date: /home/sunny/catkin_ws/install/uuv_sensor_ros_plugins_msgs/include/uuv_sensor_ros_plugins_msgs/uuv_sensor_ros_plugins_msgs/srv/detail
[1.829s] -- Up-to-date: /home/sunny/catkin_ws/install/uuv_sensor_ros_plugins_msgs/include/uuv_sensor_ros_plugins_msgs/uuv_sensor_ros_plugins_msgs/srv/detail/change_sensor_state__builder.hpp
[1.829s] -- Up-to-date: /home/sunny/catkin_ws/install/uuv_sensor_ros_plugins_msgs/include/uuv_sensor_ros_plugins_msgs/uuv_sensor_ros_plugins_msgs/srv/detail/change_sensor_state__traits.hpp
[1.829s] -- Up-to-date: /home/sunny/catkin_ws/install/uuv_sensor_ros_plugins_msgs/include/uuv_sensor_ros_plugins_msgs/uuv_sensor_ros_plugins_msgs/srv/detail/change_sensor_state__struct.hpp
[1.829s] -- Up-to-date: /home/sunny/catkin_ws/install/uuv_sensor_ros_plugins_msgs/include/uuv_sensor_ros_plugins_msgs/uuv_sensor_ros_plugins_msgs/srv/change_sensor_state.hpp
[1.829s] -- Up-to-date: /home/sunny/catkin_ws/install/uuv_sensor_ros_plugins_msgs/include/uuv_sensor_ros_plugins_msgs/uuv_sensor_ros_plugins_msgs/msg
[1.829s] -- Up-to-date: /home/sunny/catkin_ws/install/uuv_sensor_ros_plugins_msgs/include/uuv_sensor_ros_plugins_msgs/uuv_sensor_ros_plugins_msgs/msg/chemical_particle_concentration.hpp
[1.829s] -- Up-to-date: /home/sunny/catkin_ws/install/uuv_sensor_ros_plugins_msgs/include/uuv_sensor_ros_plugins_msgs/uuv_sensor_ros_plugins_msgs/msg/dvl_beam.hpp
[1.830s] -- Up-to-date: /home/sunny/catkin_ws/install/uuv_sensor_ros_plugins_msgs/include/uuv_sensor_ros_plugins_msgs/uuv_sensor_ros_plugins_msgs/msg/detail
[1.830s] -- Up-to-date: /home/sunny/catkin_ws/install/uuv_sensor_ros_plugins_msgs/include/uuv_sensor_ros_plugins_msgs/uuv_sensor_ros_plugins_msgs/msg/detail/position_with_covariance_stamped__struct.hpp
[1.830s] -- Up-to-date: /home/sunny/catkin_ws/install/uuv_sensor_ros_plugins_msgs/include/uuv_sensor_ros_plugins_msgs/uuv_sensor_ros_plugins_msgs/msg/detail/dvl_beam__struct.hpp
[1.830s] -- Up-to-date: /home/sunny/catkin_ws/install/uuv_sensor_ros_plugins_msgs/include/uuv_sensor_ros_plugins_msgs/uuv_sensor_ros_plugins_msgs/msg/detail/position_with_covariance__traits.hpp
[1.830s] -- Up-to-date: /home/sunny/catkin_ws/install/uuv_sensor_ros_plugins_msgs/include/uuv_sensor_ros_plugins_msgs/uuv_sensor_ros_plugins_msgs/msg/detail/chemical_particle_concentration__traits.hpp
[1.830s] -- Up-to-date: /home/sunny/catkin_ws/install/uuv_sensor_ros_plugins_msgs/include/uuv_sensor_ros_plugins_msgs/uuv_sensor_ros_plugins_msgs/msg/detail/dvl__builder.hpp
[1.830s] -- Up-to-date: /home/sunny/catkin_ws/install/uuv_sensor_ros_plugins_msgs/include/uuv_sensor_ros_plugins_msgs/uuv_sensor_ros_plugins_msgs/msg/detail/dvl__struct.hpp
[1.831s] -- Up-to-date: /home/sunny/catkin_ws/install/uuv_sensor_ros_plugins_msgs/include/uuv_sensor_ros_plugins_msgs/uuv_sensor_ros_plugins_msgs/msg/detail/dvl_beam__traits.hpp
[1.831s] -- Up-to-date: /home/sunny/catkin_ws/install/uuv_sensor_ros_plugins_msgs/include/uuv_sensor_ros_plugins_msgs/uuv_sensor_ros_plugins_msgs/msg/detail/position_with_covariance__struct.hpp
[1.831s] -- Up-to-date: /home/sunny/catkin_ws/install/uuv_sensor_ros_plugins_msgs/include/uuv_sensor_ros_plugins_msgs/uuv_sensor_ros_plugins_msgs/msg/detail/position_with_covariance__builder.hpp
[1.831s] -- Up-to-date: /home/sunny/catkin_ws/install/uuv_sensor_ros_plugins_msgs/include/uuv_sensor_ros_plugins_msgs/uuv_sensor_ros_plugins_msgs/msg/detail/position_with_covariance_stamped__builder.hpp
[1.831s] -- Up-to-date: /home/sunny/catkin_ws/install/uuv_sensor_ros_plugins_msgs/include/uuv_sensor_ros_plugins_msgs/uuv_sensor_ros_plugins_msgs/msg/detail/salinity__builder.hpp
[1.831s] -- Up-to-date: /home/sunny/catkin_ws/install/uuv_sensor_ros_plugins_msgs/include/uuv_sensor_ros_plugins_msgs/uuv_sensor_ros_plugins_msgs/msg/detail/salinity__struct.hpp
[1.832s] -- Up-to-date: /home/sunny/catkin_ws/install/uuv_sensor_ros_plugins_msgs/include/uuv_sensor_ros_plugins_msgs/uuv_sensor_ros_plugins_msgs/msg/detail/dvl__traits.hpp
[1.832s] -- Up-to-date: /home/sunny/catkin_ws/install/uuv_sensor_ros_plugins_msgs/include/uuv_sensor_ros_plugins_msgs/uuv_sensor_ros_plugins_msgs/msg/detail/position_with_covariance_stamped__traits.hpp
[1.832s] -- Up-to-date: /home/sunny/catkin_ws/install/uuv_sensor_ros_plugins_msgs/include/uuv_sensor_ros_plugins_msgs/uuv_sensor_ros_plugins_msgs/msg/detail/chemical_particle_concentration__builder.hpp
[1.832s] -- Up-to-date: /home/sunny/catkin_ws/install/uuv_sensor_ros_plugins_msgs/include/uuv_sensor_ros_plugins_msgs/uuv_sensor_ros_plugins_msgs/msg/detail/salinity__traits.hpp
[1.832s] -- Up-to-date: /home/sunny/catkin_ws/install/uuv_sensor_ros_plugins_msgs/include/uuv_sensor_ros_plugins_msgs/uuv_sensor_ros_plugins_msgs/msg/detail/dvl_beam__builder.hpp
[1.833s] -- Up-to-date: /home/sunny/catkin_ws/install/uuv_sensor_ros_plugins_msgs/include/uuv_sensor_ros_plugins_msgs/uuv_sensor_ros_plugins_msgs/msg/detail/chemical_particle_concentration__struct.hpp
[1.833s] -- Up-to-date: /home/sunny/catkin_ws/install/uuv_sensor_ros_plugins_msgs/include/uuv_sensor_ros_plugins_msgs/uuv_sensor_ros_plugins_msgs/msg/salinity.hpp
[1.833s] -- Up-to-date: /home/sunny/catkin_ws/install/uuv_sensor_ros_plugins_msgs/include/uuv_sensor_ros_plugins_msgs/uuv_sensor_ros_plugins_msgs/msg/dvl.hpp
[1.833s] -- Up-to-date: /home/sunny/catkin_ws/install/uuv_sensor_ros_plugins_msgs/include/uuv_sensor_ros_plugins_msgs/uuv_sensor_ros_plugins_msgs/msg/position_with_covariance_stamped.hpp
[1.837s] -- Up-to-date: /home/sunny/catkin_ws/install/uuv_sensor_ros_plugins_msgs/include/uuv_sensor_ros_plugins_msgs/uuv_sensor_ros_plugins_msgs/msg/position_with_covariance.hpp
[1.837s] -- Up-to-date: /home/sunny/catkin_ws/install/uuv_sensor_ros_plugins_msgs/include/uuv_sensor_ros_plugins_msgs/uuv_sensor_ros_plugins_msgs
[1.837s] -- Up-to-date: /home/sunny/catkin_ws/install/uuv_sensor_ros_plugins_msgs/include/uuv_sensor_ros_plugins_msgs/uuv_sensor_ros_plugins_msgs/srv
[1.837s] -- Up-to-date: /home/sunny/catkin_ws/install/uuv_sensor_ros_plugins_msgs/include/uuv_sensor_ros_plugins_msgs/uuv_sensor_ros_plugins_msgs/srv/detail
[1.837s] -- Up-to-date: /home/sunny/catkin_ws/install/uuv_sensor_ros_plugins_msgs/include/uuv_sensor_ros_plugins_msgs/uuv_sensor_ros_plugins_msgs/srv/detail/change_sensor_state__rosidl_typesupport_fastrtps_cpp.hpp
[1.837s] -- Up-to-date: /home/sunny/catkin_ws/install/uuv_sensor_ros_plugins_msgs/include/uuv_sensor_ros_plugins_msgs/uuv_sensor_ros_plugins_msgs/srv/detail/dds_fastrtps
[1.837s] -- Up-to-date: /home/sunny/catkin_ws/install/uuv_sensor_ros_plugins_msgs/include/uuv_sensor_ros_plugins_msgs/uuv_sensor_ros_plugins_msgs/msg
[1.837s] -- Up-to-date: /home/sunny/catkin_ws/install/uuv_sensor_ros_plugins_msgs/include/uuv_sensor_ros_plugins_msgs/uuv_sensor_ros_plugins_msgs/msg/detail
[1.837s] -- Up-to-date: /home/sunny/catkin_ws/install/uuv_sensor_ros_plugins_msgs/include/uuv_sensor_ros_plugins_msgs/uuv_sensor_ros_plugins_msgs/msg/detail/position_with_covariance_stamped__rosidl_typesupport_fastrtps_cpp.hpp
[1.837s] -- Up-to-date: /home/sunny/catkin_ws/install/uuv_sensor_ros_plugins_msgs/include/uuv_sensor_ros_plugins_msgs/uuv_sensor_ros_plugins_msgs/msg/detail/salinity__rosidl_typesupport_fastrtps_cpp.hpp
[1.837s] -- Up-to-date: /home/sunny/catkin_ws/install/uuv_sensor_ros_plugins_msgs/include/uuv_sensor_ros_plugins_msgs/uuv_sensor_ros_plugins_msgs/msg/detail/dvl_beam__rosidl_typesupport_fastrtps_cpp.hpp
[1.838s] -- Up-to-date: /home/sunny/catkin_ws/install/uuv_sensor_ros_plugins_msgs/include/uuv_sensor_ros_plugins_msgs/uuv_sensor_ros_plugins_msgs/msg/detail/chemical_particle_concentration__rosidl_typesupport_fastrtps_cpp.hpp
[1.838s] -- Up-to-date: /home/sunny/catkin_ws/install/uuv_sensor_ros_plugins_msgs/include/uuv_sensor_ros_plugins_msgs/uuv_sensor_ros_plugins_msgs/msg/detail/dvl__rosidl_typesupport_fastrtps_cpp.hpp
[1.838s] -- Up-to-date: /home/sunny/catkin_ws/install/uuv_sensor_ros_plugins_msgs/include/uuv_sensor_ros_plugins_msgs/uuv_sensor_ros_plugins_msgs/msg/detail/dds_fastrtps
[1.838s] -- Up-to-date: /home/sunny/catkin_ws/install/uuv_sensor_ros_plugins_msgs/include/uuv_sensor_ros_plugins_msgs/uuv_sensor_ros_plugins_msgs/msg/detail/position_with_covariance__rosidl_typesupport_fastrtps_cpp.hpp
[1.838s] -- Up-to-date: /home/sunny/catkin_ws/install/uuv_sensor_ros_plugins_msgs/include/uuv_sensor_ros_plugins_msgs/uuv_sensor_ros_plugins_msgs/msg/rosidl_typesupport_fastrtps_cpp__visibility_control.h
[1.838s] -- Up-to-date: /home/sunny/catkin_ws/install/uuv_sensor_ros_plugins_msgs/lib/libuuv_sensor_ros_plugins_msgs__rosidl_typesupport_fastrtps_cpp.so
[1.838s] -- Up-to-date: /home/sunny/catkin_ws/install/uuv_sensor_ros_plugins_msgs/include/uuv_sensor_ros_plugins_msgs/uuv_sensor_ros_plugins_msgs
[1.838s] -- Up-to-date: /home/sunny/catkin_ws/install/uuv_sensor_ros_plugins_msgs/include/uuv_sensor_ros_plugins_msgs/uuv_sensor_ros_plugins_msgs/srv
[1.839s] -- Up-to-date: /home/sunny/catkin_ws/install/uuv_sensor_ros_plugins_msgs/include/uuv_sensor_ros_plugins_msgs/uuv_sensor_ros_plugins_msgs/srv/detail
[1.839s] -- Up-to-date: /home/sunny/catkin_ws/install/uuv_sensor_ros_plugins_msgs/include/uuv_sensor_ros_plugins_msgs/uuv_sensor_ros_plugins_msgs/srv/detail/change_sensor_state__rosidl_typesupport_introspection_c.h
[1.839s] -- Up-to-date: /home/sunny/catkin_ws/install/uuv_sensor_ros_plugins_msgs/include/uuv_sensor_ros_plugins_msgs/uuv_sensor_ros_plugins_msgs/srv/detail/change_sensor_state__type_support.c
[1.839s] -- Up-to-date: /home/sunny/catkin_ws/install/uuv_sensor_ros_plugins_msgs/include/uuv_sensor_ros_plugins_msgs/uuv_sensor_ros_plugins_msgs/msg
[1.839s] -- Up-to-date: /home/sunny/catkin_ws/install/uuv_sensor_ros_plugins_msgs/include/uuv_sensor_ros_plugins_msgs/uuv_sensor_ros_plugins_msgs/msg/rosidl_typesupport_introspection_c__visibility_control.h
[1.839s] -- Up-to-date: /home/sunny/catkin_ws/install/uuv_sensor_ros_plugins_msgs/include/uuv_sensor_ros_plugins_msgs/uuv_sensor_ros_plugins_msgs/msg/detail
[1.839s] -- Up-to-date: /home/sunny/catkin_ws/install/uuv_sensor_ros_plugins_msgs/include/uuv_sensor_ros_plugins_msgs/uuv_sensor_ros_plugins_msgs/msg/detail/position_with_covariance_stamped__type_support.c
[1.840s] -- Up-to-date: /home/sunny/catkin_ws/install/uuv_sensor_ros_plugins_msgs/include/uuv_sensor_ros_plugins_msgs/uuv_sensor_ros_plugins_msgs/msg/detail/dvl_beam__type_support.c
[1.840s] -- Up-to-date: /home/sunny/catkin_ws/install/uuv_sensor_ros_plugins_msgs/include/uuv_sensor_ros_plugins_msgs/uuv_sensor_ros_plugins_msgs/msg/detail/dvl__rosidl_typesupport_introspection_c.h
[1.840s] -- Up-to-date: /home/sunny/catkin_ws/install/uuv_sensor_ros_plugins_msgs/include/uuv_sensor_ros_plugins_msgs/uuv_sensor_ros_plugins_msgs/msg/detail/salinity__type_support.c
[1.840s] -- Up-to-date: /home/sunny/catkin_ws/install/uuv_sensor_ros_plugins_msgs/include/uuv_sensor_ros_plugins_msgs/uuv_sensor_ros_plugins_msgs/msg/detail/position_with_covariance__rosidl_typesupport_introspection_c.h
[1.840s] -- Up-to-date: /home/sunny/catkin_ws/install/uuv_sensor_ros_plugins_msgs/include/uuv_sensor_ros_plugins_msgs/uuv_sensor_ros_plugins_msgs/msg/detail/chemical_particle_concentration__rosidl_typesupport_introspection_c.h
[1.840s] -- Up-to-date: /home/sunny/catkin_ws/install/uuv_sensor_ros_plugins_msgs/include/uuv_sensor_ros_plugins_msgs/uuv_sensor_ros_plugins_msgs/msg/detail/salinity__rosidl_typesupport_introspection_c.h
[1.840s] -- Up-to-date: /home/sunny/catkin_ws/install/uuv_sensor_ros_plugins_msgs/include/uuv_sensor_ros_plugins_msgs/uuv_sensor_ros_plugins_msgs/msg/detail/dvl_beam__rosidl_typesupport_introspection_c.h
[1.840s] -- Up-to-date: /home/sunny/catkin_ws/install/uuv_sensor_ros_plugins_msgs/include/uuv_sensor_ros_plugins_msgs/uuv_sensor_ros_plugins_msgs/msg/detail/position_with_covariance__type_support.c
[1.840s] -- Up-to-date: /home/sunny/catkin_ws/install/uuv_sensor_ros_plugins_msgs/include/uuv_sensor_ros_plugins_msgs/uuv_sensor_ros_plugins_msgs/msg/detail/position_with_covariance_stamped__rosidl_typesupport_introspection_c.h
[1.840s] -- Up-to-date: /home/sunny/catkin_ws/install/uuv_sensor_ros_plugins_msgs/include/uuv_sensor_ros_plugins_msgs/uuv_sensor_ros_plugins_msgs/msg/detail/chemical_particle_concentration__type_support.c
[1.841s] -- Up-to-date: /home/sunny/catkin_ws/install/uuv_sensor_ros_plugins_msgs/include/uuv_sensor_ros_plugins_msgs/uuv_sensor_ros_plugins_msgs/msg/detail/dvl__type_support.c
[1.842s] -- Up-to-date: /home/sunny/catkin_ws/install/uuv_sensor_ros_plugins_msgs/lib/libuuv_sensor_ros_plugins_msgs__rosidl_typesupport_introspection_c.so
[1.844s] -- Up-to-date: /home/sunny/catkin_ws/install/uuv_sensor_ros_plugins_msgs/lib/libuuv_sensor_ros_plugins_msgs__rosidl_typesupport_c.so
[1.844s] -- Up-to-date: /home/sunny/catkin_ws/install/uuv_sensor_ros_plugins_msgs/include/uuv_sensor_ros_plugins_msgs/uuv_sensor_ros_plugins_msgs
[1.845s] -- Up-to-date: /home/sunny/catkin_ws/install/uuv_sensor_ros_plugins_msgs/include/uuv_sensor_ros_plugins_msgs/uuv_sensor_ros_plugins_msgs/srv
[1.845s] -- Up-to-date: /home/sunny/catkin_ws/install/uuv_sensor_ros_plugins_msgs/include/uuv_sensor_ros_plugins_msgs/uuv_sensor_ros_plugins_msgs/srv/detail
[1.845s] -- Up-to-date: /home/sunny/catkin_ws/install/uuv_sensor_ros_plugins_msgs/include/uuv_sensor_ros_plugins_msgs/uuv_sensor_ros_plugins_msgs/srv/detail/change_sensor_state__type_support.cpp
[1.845s] -- Up-to-date: /home/sunny/catkin_ws/install/uuv_sensor_ros_plugins_msgs/include/uuv_sensor_ros_plugins_msgs/uuv_sensor_ros_plugins_msgs/srv/detail/change_sensor_state__rosidl_typesupport_introspection_cpp.hpp
[1.845s] -- Up-to-date: /home/sunny/catkin_ws/install/uuv_sensor_ros_plugins_msgs/include/uuv_sensor_ros_plugins_msgs/uuv_sensor_ros_plugins_msgs/msg
[1.847s] -- Up-to-date: /home/sunny/catkin_ws/install/uuv_sensor_ros_plugins_msgs/include/uuv_sensor_ros_plugins_msgs/uuv_sensor_ros_plugins_msgs/msg/detail
[1.847s] -- Up-to-date: /home/sunny/catkin_ws/install/uuv_sensor_ros_plugins_msgs/include/uuv_sensor_ros_plugins_msgs/uuv_sensor_ros_plugins_msgs/msg/detail/chemical_particle_concentration__type_support.cpp
[1.847s] -- Up-to-date: /home/sunny/catkin_ws/install/uuv_sensor_ros_plugins_msgs/include/uuv_sensor_ros_plugins_msgs/uuv_sensor_ros_plugins_msgs/msg/detail/dvl__rosidl_typesupport_introspection_cpp.hpp
[1.847s] -- Up-to-date: /home/sunny/catkin_ws/install/uuv_sensor_ros_plugins_msgs/include/uuv_sensor_ros_plugins_msgs/uuv_sensor_ros_plugins_msgs/msg/detail/position_with_covariance_stamped__type_support.cpp
[1.847s] -- Up-to-date: /home/sunny/catkin_ws/install/uuv_sensor_ros_plugins_msgs/include/uuv_sensor_ros_plugins_msgs/uuv_sensor_ros_plugins_msgs/msg/detail/salinity__type_support.cpp
[1.848s] -- Up-to-date: /home/sunny/catkin_ws/install/uuv_sensor_ros_plugins_msgs/include/uuv_sensor_ros_plugins_msgs/uuv_sensor_ros_plugins_msgs/msg/detail/salinity__rosidl_typesupport_introspection_cpp.hpp
[1.848s] -- Up-to-date: /home/sunny/catkin_ws/install/uuv_sensor_ros_plugins_msgs/include/uuv_sensor_ros_plugins_msgs/uuv_sensor_ros_plugins_msgs/msg/detail/position_with_covariance_stamped__rosidl_typesupport_introspection_cpp.hpp
[1.848s] -- Up-to-date: /home/sunny/catkin_ws/install/uuv_sensor_ros_plugins_msgs/include/uuv_sensor_ros_plugins_msgs/uuv_sensor_ros_plugins_msgs/msg/detail/position_with_covariance__type_support.cpp
[1.848s] -- Up-to-date: /home/sunny/catkin_ws/install/uuv_sensor_ros_plugins_msgs/include/uuv_sensor_ros_plugins_msgs/uuv_sensor_ros_plugins_msgs/msg/detail/dvl_beam__type_support.cpp
[1.848s] -- Up-to-date: /home/sunny/catkin_ws/install/uuv_sensor_ros_plugins_msgs/include/uuv_sensor_ros_plugins_msgs/uuv_sensor_ros_plugins_msgs/msg/detail/chemical_particle_concentration__rosidl_typesupport_introspection_cpp.hpp
[1.848s] -- Up-to-date: /home/sunny/catkin_ws/install/uuv_sensor_ros_plugins_msgs/include/uuv_sensor_ros_plugins_msgs/uuv_sensor_ros_plugins_msgs/msg/detail/dvl__type_support.cpp
[1.848s] -- Up-to-date: /home/sunny/catkin_ws/install/uuv_sensor_ros_plugins_msgs/include/uuv_sensor_ros_plugins_msgs/uuv_sensor_ros_plugins_msgs/msg/detail/dvl_beam__rosidl_typesupport_introspection_cpp.hpp
[1.848s] -- Up-to-date: /home/sunny/catkin_ws/install/uuv_sensor_ros_plugins_msgs/include/uuv_sensor_ros_plugins_msgs/uuv_sensor_ros_plugins_msgs/msg/detail/position_with_covariance__rosidl_typesupport_introspection_cpp.hpp
[1.848s] -- Up-to-date: /home/sunny/catkin_ws/install/uuv_sensor_ros_plugins_msgs/lib/libuuv_sensor_ros_plugins_msgs__rosidl_typesupport_introspection_cpp.so
[1.848s] -- Up-to-date: /home/sunny/catkin_ws/install/uuv_sensor_ros_plugins_msgs/lib/libuuv_sensor_ros_plugins_msgs__rosidl_typesupport_cpp.so
[1.849s] -- Up-to-date: /home/sunny/catkin_ws/install/uuv_sensor_ros_plugins_msgs/share/uuv_sensor_ros_plugins_msgs/environment/pythonpath.sh
[1.849s] -- Up-to-date: /home/sunny/catkin_ws/install/uuv_sensor_ros_plugins_msgs/share/uuv_sensor_ros_plugins_msgs/environment/pythonpath.dsv
[1.849s] -- Up-to-date: /home/sunny/catkin_ws/install/uuv_sensor_ros_plugins_msgs/local/lib/python3.10/dist-packages/uuv_sensor_ros_plugins_msgs-0.6.13-py3.10.egg-info
[1.849s] -- Installing: /home/sunny/catkin_ws/install/uuv_sensor_ros_plugins_msgs/local/lib/python3.10/dist-packages/uuv_sensor_ros_plugins_msgs-0.6.13-py3.10.egg-info/PKG-INFO
[1.849s] -- Installing: /home/sunny/catkin_ws/install/uuv_sensor_ros_plugins_msgs/local/lib/python3.10/dist-packages/uuv_sensor_ros_plugins_msgs-0.6.13-py3.10.egg-info/SOURCES.txt
[1.849s] -- Installing: /home/sunny/catkin_ws/install/uuv_sensor_ros_plugins_msgs/local/lib/python3.10/dist-packages/uuv_sensor_ros_plugins_msgs-0.6.13-py3.10.egg-info/top_level.txt
[1.849s] -- Installing: /home/sunny/catkin_ws/install/uuv_sensor_ros_plugins_msgs/local/lib/python3.10/dist-packages/uuv_sensor_ros_plugins_msgs-0.6.13-py3.10.egg-info/dependency_links.txt
[1.849s] -- Up-to-date: /home/sunny/catkin_ws/install/uuv_sensor_ros_plugins_msgs/local/lib/python3.10/dist-packages/uuv_sensor_ros_plugins_msgs
[1.849s] -- Up-to-date: /home/sunny/catkin_ws/install/uuv_sensor_ros_plugins_msgs/local/lib/python3.10/dist-packages/uuv_sensor_ros_plugins_msgs/__init__.py
[1.849s] -- Up-to-date: /home/sunny/catkin_ws/install/uuv_sensor_ros_plugins_msgs/local/lib/python3.10/dist-packages/uuv_sensor_ros_plugins_msgs/_uuv_sensor_ros_plugins_msgs_s.ep.rosidl_typesupport_c.c
[1.850s] -- Up-to-date: /home/sunny/catkin_ws/install/uuv_sensor_ros_plugins_msgs/local/lib/python3.10/dist-packages/uuv_sensor_ros_plugins_msgs/srv
[1.850s] -- Up-to-date: /home/sunny/catkin_ws/install/uuv_sensor_ros_plugins_msgs/local/lib/python3.10/dist-packages/uuv_sensor_ros_plugins_msgs/srv/__init__.py
[1.850s] -- Up-to-date: /home/sunny/catkin_ws/install/uuv_sensor_ros_plugins_msgs/local/lib/python3.10/dist-packages/uuv_sensor_ros_plugins_msgs/srv/_change_sensor_state.py
[1.850s] -- Up-to-date: /home/sunny/catkin_ws/install/uuv_sensor_ros_plugins_msgs/local/lib/python3.10/dist-packages/uuv_sensor_ros_plugins_msgs/srv/_change_sensor_state_s.c
[1.850s] -- Up-to-date: /home/sunny/catkin_ws/install/uuv_sensor_ros_plugins_msgs/local/lib/python3.10/dist-packages/uuv_sensor_ros_plugins_msgs/uuv_sensor_ros_plugins_msgs_s__rosidl_typesupport_fastrtps_c.cpython-310-x86_64-linux-gnu.so
[1.850s] -- Up-to-date: /home/sunny/catkin_ws/install/uuv_sensor_ros_plugins_msgs/local/lib/python3.10/dist-packages/uuv_sensor_ros_plugins_msgs/_uuv_sensor_ros_plugins_msgs_s.ep.rosidl_typesupport_fastrtps_c.c
[1.850s] -- Up-to-date: /home/sunny/catkin_ws/install/uuv_sensor_ros_plugins_msgs/local/lib/python3.10/dist-packages/uuv_sensor_ros_plugins_msgs/uuv_sensor_ros_plugins_msgs_s__rosidl_typesupport_introspection_c.cpython-310-x86_64-linux-gnu.so
[1.850s] -- Up-to-date: /home/sunny/catkin_ws/install/uuv_sensor_ros_plugins_msgs/local/lib/python3.10/dist-packages/uuv_sensor_ros_plugins_msgs/uuv_sensor_ros_plugins_msgs_s__rosidl_typesupport_c.cpython-310-x86_64-linux-gnu.so
[1.850s] -- Up-to-date: /home/sunny/catkin_ws/install/uuv_sensor_ros_plugins_msgs/local/lib/python3.10/dist-packages/uuv_sensor_ros_plugins_msgs/msg
[1.851s] -- Up-to-date: /home/sunny/catkin_ws/install/uuv_sensor_ros_plugins_msgs/local/lib/python3.10/dist-packages/uuv_sensor_ros_plugins_msgs/msg/__init__.py
[1.851s] -- Up-to-date: /home/sunny/catkin_ws/install/uuv_sensor_ros_plugins_msgs/local/lib/python3.10/dist-packages/uuv_sensor_ros_plugins_msgs/msg/_position_with_covariance_stamped_s.c
[1.851s] -- Up-to-date: /home/sunny/catkin_ws/install/uuv_sensor_ros_plugins_msgs/local/lib/python3.10/dist-packages/uuv_sensor_ros_plugins_msgs/msg/_dvl_s.c
[1.851s] -- Up-to-date: /home/sunny/catkin_ws/install/uuv_sensor_ros_plugins_msgs/local/lib/python3.10/dist-packages/uuv_sensor_ros_plugins_msgs/msg/_chemical_particle_concentration_s.c
[1.851s] -- Up-to-date: /home/sunny/catkin_ws/install/uuv_sensor_ros_plugins_msgs/local/lib/python3.10/dist-packages/uuv_sensor_ros_plugins_msgs/msg/_salinity.py
[1.851s] -- Up-to-date: /home/sunny/catkin_ws/install/uuv_sensor_ros_plugins_msgs/local/lib/python3.10/dist-packages/uuv_sensor_ros_plugins_msgs/msg/_dvl_beam.py
[1.851s] -- Up-to-date: /home/sunny/catkin_ws/install/uuv_sensor_ros_plugins_msgs/local/lib/python3.10/dist-packages/uuv_sensor_ros_plugins_msgs/msg/_position_with_covariance_s.c
[1.851s] -- Up-to-date: /home/sunny/catkin_ws/install/uuv_sensor_ros_plugins_msgs/local/lib/python3.10/dist-packages/uuv_sensor_ros_plugins_msgs/msg/_position_with_covariance.py
[1.852s] -- Up-to-date: /home/sunny/catkin_ws/install/uuv_sensor_ros_plugins_msgs/local/lib/python3.10/dist-packages/uuv_sensor_ros_plugins_msgs/msg/_dvl_beam_s.c
[1.852s] -- Up-to-date: /home/sunny/catkin_ws/install/uuv_sensor_ros_plugins_msgs/local/lib/python3.10/dist-packages/uuv_sensor_ros_plugins_msgs/msg/_chemical_particle_concentration.py
[1.852s] -- Up-to-date: /home/sunny/catkin_ws/install/uuv_sensor_ros_plugins_msgs/local/lib/python3.10/dist-packages/uuv_sensor_ros_plugins_msgs/msg/_salinity_s.c
[1.852s] -- Up-to-date: /home/sunny/catkin_ws/install/uuv_sensor_ros_plugins_msgs/local/lib/python3.10/dist-packages/uuv_sensor_ros_plugins_msgs/msg/_position_with_covariance_stamped.py
[1.852s] -- Up-to-date: /home/sunny/catkin_ws/install/uuv_sensor_ros_plugins_msgs/local/lib/python3.10/dist-packages/uuv_sensor_ros_plugins_msgs/msg/_dvl.py
[1.852s] -- Up-to-date: /home/sunny/catkin_ws/install/uuv_sensor_ros_plugins_msgs/local/lib/python3.10/dist-packages/uuv_sensor_ros_plugins_msgs/_uuv_sensor_ros_plugins_msgs_s.ep.rosidl_typesupport_introspection_c.c
[1.853s] -- Up-to-date: /home/sunny/catkin_ws/install/uuv_sensor_ros_plugins_msgs/local/lib/python3.10/dist-packages/uuv_sensor_ros_plugins_msgs/libuuv_sensor_ros_plugins_msgs__rosidl_generator_py.so
[1.860s] Listing '/home/sunny/catkin_ws/install/uuv_sensor_ros_plugins_msgs/local/lib/python3.10/dist-packages/uuv_sensor_ros_plugins_msgs'...
[1.861s] Listing '/home/sunny/catkin_ws/install/uuv_sensor_ros_plugins_msgs/local/lib/python3.10/dist-packages/uuv_sensor_ros_plugins_msgs/msg'...
[1.861s] Listing '/home/sunny/catkin_ws/install/uuv_sensor_ros_plugins_msgs/local/lib/python3.10/dist-packages/uuv_sensor_ros_plugins_msgs/srv'...
[1.865s] -- Up-to-date: /home/sunny/catkin_ws/install/uuv_sensor_ros_plugins_msgs/local/lib/python3.10/dist-packages/uuv_sensor_ros_plugins_msgs/uuv_sensor_ros_plugins_msgs_s__rosidl_typesupport_fastrtps_c.cpython-310-x86_64-linux-gnu.so
[1.866s] -- Up-to-date: /home/sunny/catkin_ws/install/uuv_sensor_ros_plugins_msgs/local/lib/python3.10/dist-packages/uuv_sensor_ros_plugins_msgs/uuv_sensor_ros_plugins_msgs_s__rosidl_typesupport_introspection_c.cpython-310-x86_64-linux-gnu.so
[1.866s] -- Up-to-date: /home/sunny/catkin_ws/install/uuv_sensor_ros_plugins_msgs/local/lib/python3.10/dist-packages/uuv_sensor_ros_plugins_msgs/uuv_sensor_ros_plugins_msgs_s__rosidl_typesupport_c.cpython-310-x86_64-linux-gnu.so
[1.866s] -- Up-to-date: /home/sunny/catkin_ws/install/uuv_sensor_ros_plugins_msgs/lib/libuuv_sensor_ros_plugins_msgs__rosidl_generator_py.so
[1.867s] -- Up-to-date: /home/sunny/catkin_ws/install/uuv_sensor_ros_plugins_msgs/share/uuv_sensor_ros_plugins_msgs/msg/DVL.idl
[1.867s] -- Up-to-date: /home/sunny/catkin_ws/install/uuv_sensor_ros_plugins_msgs/share/uuv_sensor_ros_plugins_msgs/msg/DVLBeam.idl
[1.868s] -- Up-to-date: /home/sunny/catkin_ws/install/uuv_sensor_ros_plugins_msgs/share/uuv_sensor_ros_plugins_msgs/msg/PositionWithCovariance.idl
[1.868s] -- Up-to-date: /home/sunny/catkin_ws/install/uuv_sensor_ros_plugins_msgs/share/uuv_sensor_ros_plugins_msgs/msg/PositionWithCovarianceStamped.idl
[1.868s] -- Up-to-date: /home/sunny/catkin_ws/install/uuv_sensor_ros_plugins_msgs/share/uuv_sensor_ros_plugins_msgs/msg/ChemicalParticleConcentration.idl
[1.868s] -- Up-to-date: /home/sunny/catkin_ws/install/uuv_sensor_ros_plugins_msgs/share/uuv_sensor_ros_plugins_msgs/msg/Salinity.idl
[1.868s] -- Up-to-date: /home/sunny/catkin_ws/install/uuv_sensor_ros_plugins_msgs/share/uuv_sensor_ros_plugins_msgs/srv/ChangeSensorState.idl
[1.868s] -- Up-to-date: /home/sunny/catkin_ws/install/uuv_sensor_ros_plugins_msgs/share/uuv_sensor_ros_plugins_msgs/msg/DVL.msg
[1.868s] -- Up-to-date: /home/sunny/catkin_ws/install/uuv_sensor_ros_plugins_msgs/share/uuv_sensor_ros_plugins_msgs/msg/DVLBeam.msg
[1.868s] -- Up-to-date: /home/sunny/catkin_ws/install/uuv_sensor_ros_plugins_msgs/share/uuv_sensor_ros_plugins_msgs/msg/PositionWithCovariance.msg
[1.868s] -- Up-to-date: /home/sunny/catkin_ws/install/uuv_sensor_ros_plugins_msgs/share/uuv_sensor_ros_plugins_msgs/msg/PositionWithCovarianceStamped.msg
[1.868s] -- Up-to-date: /home/sunny/catkin_ws/install/uuv_sensor_ros_plugins_msgs/share/uuv_sensor_ros_plugins_msgs/msg/ChemicalParticleConcentration.msg
[1.868s] -- Up-to-date: /home/sunny/catkin_ws/install/uuv_sensor_ros_plugins_msgs/share/uuv_sensor_ros_plugins_msgs/msg/Salinity.msg
[1.869s] -- Up-to-date: /home/sunny/catkin_ws/install/uuv_sensor_ros_plugins_msgs/share/uuv_sensor_ros_plugins_msgs/srv/ChangeSensorState.srv
[1.869s] -- Up-to-date: /home/sunny/catkin_ws/install/uuv_sensor_ros_plugins_msgs/share/uuv_sensor_ros_plugins_msgs/srv/ChangeSensorState_Request.msg
[1.869s] -- Up-to-date: /home/sunny/catkin_ws/install/uuv_sensor_ros_plugins_msgs/share/uuv_sensor_ros_plugins_msgs/srv/ChangeSensorState_Response.msg
[1.869s] -- Up-to-date: /home/sunny/catkin_ws/install/uuv_sensor_ros_plugins_msgs/share/ament_index/resource_index/package_run_dependencies/uuv_sensor_ros_plugins_msgs
[1.869s] -- Up-to-date: /home/sunny/catkin_ws/install/uuv_sensor_ros_plugins_msgs/share/ament_index/resource_index/parent_prefix_path/uuv_sensor_ros_plugins_msgs
[1.869s] -- Up-to-date: /home/sunny/catkin_ws/install/uuv_sensor_ros_plugins_msgs/share/uuv_sensor_ros_plugins_msgs/environment/ament_prefix_path.sh
[1.869s] -- Up-to-date: /home/sunny/catkin_ws/install/uuv_sensor_ros_plugins_msgs/share/uuv_sensor_ros_plugins_msgs/environment/ament_prefix_path.dsv
[1.869s] -- Up-to-date: /home/sunny/catkin_ws/install/uuv_sensor_ros_plugins_msgs/share/uuv_sensor_ros_plugins_msgs/environment/path.sh
[1.869s] -- Up-to-date: /home/sunny/catkin_ws/install/uuv_sensor_ros_plugins_msgs/share/uuv_sensor_ros_plugins_msgs/environment/path.dsv
[1.869s] -- Up-to-date: /home/sunny/catkin_ws/install/uuv_sensor_ros_plugins_msgs/share/uuv_sensor_ros_plugins_msgs/local_setup.bash
[1.870s] -- Up-to-date: /home/sunny/catkin_ws/install/uuv_sensor_ros_plugins_msgs/share/uuv_sensor_ros_plugins_msgs/local_setup.sh
[1.870s] -- Up-to-date: /home/sunny/catkin_ws/install/uuv_sensor_ros_plugins_msgs/share/uuv_sensor_ros_plugins_msgs/local_setup.zsh
[1.870s] -- Up-to-date: /home/sunny/catkin_ws/install/uuv_sensor_ros_plugins_msgs/share/uuv_sensor_ros_plugins_msgs/local_setup.dsv
[1.870s] -- Installing: /home/sunny/catkin_ws/install/uuv_sensor_ros_plugins_msgs/share/uuv_sensor_ros_plugins_msgs/package.dsv
[1.870s] -- Up-to-date: /home/sunny/catkin_ws/install/uuv_sensor_ros_plugins_msgs/share/ament_index/resource_index/packages/uuv_sensor_ros_plugins_msgs
[1.870s] -- Up-to-date: /home/sunny/catkin_ws/install/uuv_sensor_ros_plugins_msgs/share/uuv_sensor_ros_plugins_msgs/cmake/export_uuv_sensor_ros_plugins_msgs__rosidl_generator_cExport.cmake
[1.870s] -- Up-to-date: /home/sunny/catkin_ws/install/uuv_sensor_ros_plugins_msgs/share/uuv_sensor_ros_plugins_msgs/cmake/export_uuv_sensor_ros_plugins_msgs__rosidl_generator_cExport-noconfig.cmake
[1.870s] -- Up-to-date: /home/sunny/catkin_ws/install/uuv_sensor_ros_plugins_msgs/share/uuv_sensor_ros_plugins_msgs/cmake/export_uuv_sensor_ros_plugins_msgs__rosidl_typesupport_fastrtps_cExport.cmake
[1.871s] -- Up-to-date: /home/sunny/catkin_ws/install/uuv_sensor_ros_plugins_msgs/share/uuv_sensor_ros_plugins_msgs/cmake/export_uuv_sensor_ros_plugins_msgs__rosidl_typesupport_fastrtps_cExport-noconfig.cmake
[1.871s] -- Up-to-date: /home/sunny/catkin_ws/install/uuv_sensor_ros_plugins_msgs/share/uuv_sensor_ros_plugins_msgs/cmake/export_uuv_sensor_ros_plugins_msgs__rosidl_generator_cppExport.cmake
[1.871s] -- Up-to-date: /home/sunny/catkin_ws/install/uuv_sensor_ros_plugins_msgs/share/uuv_sensor_ros_plugins_msgs/cmake/export_uuv_sensor_ros_plugins_msgs__rosidl_typesupport_fastrtps_cppExport.cmake
[1.871s] -- Up-to-date: /home/sunny/catkin_ws/install/uuv_sensor_ros_plugins_msgs/share/uuv_sensor_ros_plugins_msgs/cmake/export_uuv_sensor_ros_plugins_msgs__rosidl_typesupport_fastrtps_cppExport-noconfig.cmake
[1.871s] -- Up-to-date: /home/sunny/catkin_ws/install/uuv_sensor_ros_plugins_msgs/share/uuv_sensor_ros_plugins_msgs/cmake/uuv_sensor_ros_plugins_msgs__rosidl_typesupport_introspection_cExport.cmake
[1.871s] -- Up-to-date: /home/sunny/catkin_ws/install/uuv_sensor_ros_plugins_msgs/share/uuv_sensor_ros_plugins_msgs/cmake/uuv_sensor_ros_plugins_msgs__rosidl_typesupport_introspection_cExport-noconfig.cmake
[1.871s] -- Up-to-date: /home/sunny/catkin_ws/install/uuv_sensor_ros_plugins_msgs/share/uuv_sensor_ros_plugins_msgs/cmake/uuv_sensor_ros_plugins_msgs__rosidl_typesupport_cExport.cmake
[1.871s] -- Up-to-date: /home/sunny/catkin_ws/install/uuv_sensor_ros_plugins_msgs/share/uuv_sensor_ros_plugins_msgs/cmake/uuv_sensor_ros_plugins_msgs__rosidl_typesupport_cExport-noconfig.cmake
[1.871s] -- Up-to-date: /home/sunny/catkin_ws/install/uuv_sensor_ros_plugins_msgs/share/uuv_sensor_ros_plugins_msgs/cmake/uuv_sensor_ros_plugins_msgs__rosidl_typesupport_introspection_cppExport.cmake
[1.871s] -- Up-to-date: /home/sunny/catkin_ws/install/uuv_sensor_ros_plugins_msgs/share/uuv_sensor_ros_plugins_msgs/cmake/uuv_sensor_ros_plugins_msgs__rosidl_typesupport_introspection_cppExport-noconfig.cmake
[1.872s] -- Up-to-date: /home/sunny/catkin_ws/install/uuv_sensor_ros_plugins_msgs/share/uuv_sensor_ros_plugins_msgs/cmake/uuv_sensor_ros_plugins_msgs__rosidl_typesupport_cppExport.cmake
[1.872s] -- Up-to-date: /home/sunny/catkin_ws/install/uuv_sensor_ros_plugins_msgs/share/uuv_sensor_ros_plugins_msgs/cmake/uuv_sensor_ros_plugins_msgs__rosidl_typesupport_cppExport-noconfig.cmake
[1.872s] -- Up-to-date: /home/sunny/catkin_ws/install/uuv_sensor_ros_plugins_msgs/share/uuv_sensor_ros_plugins_msgs/cmake/export_uuv_sensor_ros_plugins_msgs__rosidl_generator_pyExport.cmake
[1.872s] -- Up-to-date: /home/sunny/catkin_ws/install/uuv_sensor_ros_plugins_msgs/share/uuv_sensor_ros_plugins_msgs/cmake/export_uuv_sensor_ros_plugins_msgs__rosidl_generator_pyExport-noconfig.cmake
[1.872s] -- Up-to-date: /home/sunny/catkin_ws/install/uuv_sensor_ros_plugins_msgs/share/uuv_sensor_ros_plugins_msgs/cmake/rosidl_cmake-extras.cmake
[1.872s] -- Up-to-date: /home/sunny/catkin_ws/install/uuv_sensor_ros_plugins_msgs/share/uuv_sensor_ros_plugins_msgs/cmake/ament_cmake_export_dependencies-extras.cmake
[1.872s] -- Up-to-date: /home/sunny/catkin_ws/install/uuv_sensor_ros_plugins_msgs/share/uuv_sensor_ros_plugins_msgs/cmake/ament_cmake_export_include_directories-extras.cmake
[1.872s] -- Up-to-date: /home/sunny/catkin_ws/install/uuv_sensor_ros_plugins_msgs/share/uuv_sensor_ros_plugins_msgs/cmake/ament_cmake_export_libraries-extras.cmake
[1.872s] -- Up-to-date: /home/sunny/catkin_ws/install/uuv_sensor_ros_plugins_msgs/share/uuv_sensor_ros_plugins_msgs/cmake/ament_cmake_export_targets-extras.cmake
[1.872s] -- Up-to-date: /home/sunny/catkin_ws/install/uuv_sensor_ros_plugins_msgs/share/uuv_sensor_ros_plugins_msgs/cmake/rosidl_cmake_export_typesupport_targets-extras.cmake
[1.873s] -- Up-to-date: /home/sunny/catkin_ws/install/uuv_sensor_ros_plugins_msgs/share/uuv_sensor_ros_plugins_msgs/cmake/rosidl_cmake_export_typesupport_libraries-extras.cmake
[1.873s] -- Up-to-date: /home/sunny/catkin_ws/install/uuv_sensor_ros_plugins_msgs/share/uuv_sensor_ros_plugins_msgs/cmake/uuv_sensor_ros_plugins_msgsConfig.cmake
[1.873s] -- Up-to-date: /home/sunny/catkin_ws/install/uuv_sensor_ros_plugins_msgs/share/uuv_sensor_ros_plugins_msgs/cmake/uuv_sensor_ros_plugins_msgsConfig-version.cmake
[1.873s] -- Up-to-date: /home/sunny/catkin_ws/install/uuv_sensor_ros_plugins_msgs/share/uuv_sensor_ros_plugins_msgs/package.xml
[2.177s] Invoked command in '/home/sunny/catkin_ws/build/uuv_sensor_ros_plugins_msgs' returned '0': CMAKE_PREFIX_PATH=${CMAKE_PREFIX_PATH}:/home/sunny/catkin_ws/install/beluga_adapter:/opt/ros/humble /usr/bin/cmake --install /home/sunny/catkin_ws/build/uuv_sensor_ros_plugins_msgs
