[0.292s] Invoking command in '/home/sunny/catkin_ws/build/common_msgs': CMAKE_PREFIX_PATH=${CMAKE_PREFIX_PATH}:/home/sunny/catkin_ws/install/beluga_adapter:/opt/ros/humble /usr/bin/cmake --build /home/sunny/catkin_ws/build/common_msgs -- -j16 -l16
[0.407s] [  3%] Built target common_msgs__cpp
[0.448s] [ 12%] Built target common_msgs__rosidl_generator_c
[0.489s] [ 12%] Built target ament_cmake_python_copy_common_msgs
[0.497s] [ 22%] Built target common_msgs__rosidl_typesupport_cpp
[0.527s] [ 32%] Built target common_msgs__rosidl_typesupport_fastrtps_cpp
[0.590s] [ 41%] Built target common_msgs__rosidl_typesupport_fastrtps_c
[0.607s] [ 51%] Built target common_msgs__rosidl_typesupport_introspection_cpp
[0.620s] [ 61%] Built target common_msgs__rosidl_typesupport_c
[0.635s] [ 70%] Built target common_msgs__rosidl_typesupport_introspection_c
[0.718s] [ 70%] Built target common_msgs
[0.825s] [ 74%] Built target common_msgs__py
[0.895s] [ 80%] Built target common_msgs__rosidl_generator_py
[0.989s] [ 93%] Built target common_msgs__rosidl_typesupport_fastrtps_c__pyext
[0.989s] [ 93%] Built target common_msgs__rosidl_typesupport_introspection_c__pyext
[0.994s] [100%] Built target common_msgs__rosidl_typesupport_c__pyext
[1.071s] running egg_info
[1.072s] writing common_msgs.egg-info/PKG-INFO
[1.072s] writing dependency_links to common_msgs.egg-info/dependency_links.txt
[1.072s] writing top-level names to common_msgs.egg-info/top_level.txt
[1.074s] reading manifest file 'common_msgs.egg-info/SOURCES.txt'
[1.076s] writing manifest file 'common_msgs.egg-info/SOURCES.txt'
[1.138s] [100%] Built target ament_cmake_python_build_common_msgs_egg
[1.307s] Invoked command in '/home/sunny/catkin_ws/build/common_msgs' returned '0': CMAKE_PREFIX_PATH=${CMAKE_PREFIX_PATH}:/home/sunny/catkin_ws/install/beluga_adapter:/opt/ros/humble /usr/bin/cmake --build /home/sunny/catkin_ws/build/common_msgs -- -j16 -l16
[1.434s] Invoking command in '/home/sunny/catkin_ws/build/common_msgs': CMAKE_PREFIX_PATH=${CMAKE_PREFIX_PATH}:/home/sunny/catkin_ws/install/beluga_adapter:/opt/ros/humble /usr/bin/cmake --install /home/sunny/catkin_ws/build/common_msgs
[1.435s] -- Install configuration: ""
[1.435s] -- Up-to-date: /home/sunny/catkin_ws/install/common_msgs/share/ament_index/resource_index/rosidl_interfaces/common_msgs
[1.435s] -- Up-to-date: /home/sunny/catkin_ws/install/common_msgs/include/common_msgs/common_msgs
[1.435s] -- Up-to-date: /home/sunny/catkin_ws/install/common_msgs/include/common_msgs/common_msgs/msg
[1.435s] -- Up-to-date: /home/sunny/catkin_ws/install/common_msgs/include/common_msgs/common_msgs/msg/detail
[1.435s] -- Up-to-date: /home/sunny/catkin_ws/install/common_msgs/include/common_msgs/common_msgs/msg/detail/float_stamped__functions.h
[1.435s] -- Up-to-date: /home/sunny/catkin_ws/install/common_msgs/include/common_msgs/common_msgs/msg/detail/float_stamped__functions.c
[1.435s] -- Up-to-date: /home/sunny/catkin_ws/install/common_msgs/include/common_msgs/common_msgs/msg/detail/float_stamped__type_support.h
[1.435s] -- Up-to-date: /home/sunny/catkin_ws/install/common_msgs/include/common_msgs/common_msgs/msg/detail/float_stamped__struct.h
[1.436s] -- Up-to-date: /home/sunny/catkin_ws/install/common_msgs/include/common_msgs/common_msgs/msg/float_stamped.h
[1.436s] -- Up-to-date: /home/sunny/catkin_ws/install/common_msgs/include/common_msgs/common_msgs/msg/rosidl_generator_c__visibility_control.h
[1.436s] -- Up-to-date: /home/sunny/catkin_ws/install/common_msgs/share/common_msgs/environment/library_path.sh
[1.436s] -- Up-to-date: /home/sunny/catkin_ws/install/common_msgs/share/common_msgs/environment/library_path.dsv
[1.436s] -- Up-to-date: /home/sunny/catkin_ws/install/common_msgs/lib/libcommon_msgs__rosidl_generator_c.so
[1.436s] -- Up-to-date: /home/sunny/catkin_ws/install/common_msgs/include/common_msgs/common_msgs
[1.436s] -- Up-to-date: /home/sunny/catkin_ws/install/common_msgs/include/common_msgs/common_msgs/msg
[1.436s] -- Up-to-date: /home/sunny/catkin_ws/install/common_msgs/include/common_msgs/common_msgs/msg/detail
[1.436s] -- Up-to-date: /home/sunny/catkin_ws/install/common_msgs/include/common_msgs/common_msgs/msg/detail/float_stamped__rosidl_typesupport_fastrtps_c.h
[1.437s] -- Up-to-date: /home/sunny/catkin_ws/install/common_msgs/include/common_msgs/common_msgs/msg/rosidl_typesupport_fastrtps_c__visibility_control.h
[1.437s] -- Up-to-date: /home/sunny/catkin_ws/install/common_msgs/lib/libcommon_msgs__rosidl_typesupport_fastrtps_c.so
[1.437s] -- Up-to-date: /home/sunny/catkin_ws/install/common_msgs/include/common_msgs/common_msgs
[1.437s] -- Up-to-date: /home/sunny/catkin_ws/install/common_msgs/include/common_msgs/common_msgs/msg
[1.437s] -- Up-to-date: /home/sunny/catkin_ws/install/common_msgs/include/common_msgs/common_msgs/msg/rosidl_typesupport_introspection_c__visibility_control.h
[1.437s] -- Up-to-date: /home/sunny/catkin_ws/install/common_msgs/include/common_msgs/common_msgs/msg/detail
[1.437s] -- Up-to-date: /home/sunny/catkin_ws/install/common_msgs/include/common_msgs/common_msgs/msg/detail/float_stamped__type_support.c
[1.438s] -- Up-to-date: /home/sunny/catkin_ws/install/common_msgs/include/common_msgs/common_msgs/msg/detail/float_stamped__rosidl_typesupport_introspection_c.h
[1.438s] -- Up-to-date: /home/sunny/catkin_ws/install/common_msgs/lib/libcommon_msgs__rosidl_typesupport_introspection_c.so
[1.438s] -- Up-to-date: /home/sunny/catkin_ws/install/common_msgs/lib/libcommon_msgs__rosidl_typesupport_c.so
[1.439s] -- Up-to-date: /home/sunny/catkin_ws/install/common_msgs/include/common_msgs/common_msgs
[1.439s] -- Up-to-date: /home/sunny/catkin_ws/install/common_msgs/include/common_msgs/common_msgs/msg
[1.439s] -- Up-to-date: /home/sunny/catkin_ws/install/common_msgs/include/common_msgs/common_msgs/msg/float_stamped.hpp
[1.439s] -- Up-to-date: /home/sunny/catkin_ws/install/common_msgs/include/common_msgs/common_msgs/msg/detail
[1.439s] -- Up-to-date: /home/sunny/catkin_ws/install/common_msgs/include/common_msgs/common_msgs/msg/detail/float_stamped__struct.hpp
[1.439s] -- Up-to-date: /home/sunny/catkin_ws/install/common_msgs/include/common_msgs/common_msgs/msg/detail/float_stamped__builder.hpp
[1.439s] -- Up-to-date: /home/sunny/catkin_ws/install/common_msgs/include/common_msgs/common_msgs/msg/detail/float_stamped__traits.hpp
[1.439s] -- Up-to-date: /home/sunny/catkin_ws/install/common_msgs/include/common_msgs/common_msgs
[1.439s] -- Up-to-date: /home/sunny/catkin_ws/install/common_msgs/include/common_msgs/common_msgs/msg
[1.440s] -- Up-to-date: /home/sunny/catkin_ws/install/common_msgs/include/common_msgs/common_msgs/msg/detail
[1.440s] -- Up-to-date: /home/sunny/catkin_ws/install/common_msgs/include/common_msgs/common_msgs/msg/detail/float_stamped__rosidl_typesupport_fastrtps_cpp.hpp
[1.440s] -- Up-to-date: /home/sunny/catkin_ws/install/common_msgs/include/common_msgs/common_msgs/msg/detail/dds_fastrtps
[1.440s] -- Up-to-date: /home/sunny/catkin_ws/install/common_msgs/include/common_msgs/common_msgs/msg/rosidl_typesupport_fastrtps_cpp__visibility_control.h
[1.440s] -- Up-to-date: /home/sunny/catkin_ws/install/common_msgs/lib/libcommon_msgs__rosidl_typesupport_fastrtps_cpp.so
[1.440s] -- Up-to-date: /home/sunny/catkin_ws/install/common_msgs/include/common_msgs/common_msgs
[1.440s] -- Up-to-date: /home/sunny/catkin_ws/install/common_msgs/include/common_msgs/common_msgs/msg
[1.440s] -- Up-to-date: /home/sunny/catkin_ws/install/common_msgs/include/common_msgs/common_msgs/msg/detail
[1.440s] -- Up-to-date: /home/sunny/catkin_ws/install/common_msgs/include/common_msgs/common_msgs/msg/detail/float_stamped__type_support.cpp
[1.440s] -- Up-to-date: /home/sunny/catkin_ws/install/common_msgs/include/common_msgs/common_msgs/msg/detail/float_stamped__rosidl_typesupport_introspection_cpp.hpp
[1.441s] -- Up-to-date: /home/sunny/catkin_ws/install/common_msgs/lib/libcommon_msgs__rosidl_typesupport_introspection_cpp.so
[1.441s] -- Up-to-date: /home/sunny/catkin_ws/install/common_msgs/lib/libcommon_msgs__rosidl_typesupport_cpp.so
[1.441s] -- Up-to-date: /home/sunny/catkin_ws/install/common_msgs/share/common_msgs/environment/pythonpath.sh
[1.441s] -- Up-to-date: /home/sunny/catkin_ws/install/common_msgs/share/common_msgs/environment/pythonpath.dsv
[1.441s] -- Up-to-date: /home/sunny/catkin_ws/install/common_msgs/local/lib/python3.10/dist-packages/common_msgs-0.0.0-py3.10.egg-info
[1.441s] -- Installing: /home/sunny/catkin_ws/install/common_msgs/local/lib/python3.10/dist-packages/common_msgs-0.0.0-py3.10.egg-info/PKG-INFO
[1.441s] -- Installing: /home/sunny/catkin_ws/install/common_msgs/local/lib/python3.10/dist-packages/common_msgs-0.0.0-py3.10.egg-info/SOURCES.txt
[1.441s] -- Installing: /home/sunny/catkin_ws/install/common_msgs/local/lib/python3.10/dist-packages/common_msgs-0.0.0-py3.10.egg-info/top_level.txt
[1.442s] -- Installing: /home/sunny/catkin_ws/install/common_msgs/local/lib/python3.10/dist-packages/common_msgs-0.0.0-py3.10.egg-info/dependency_links.txt
[1.442s] -- Up-to-date: /home/sunny/catkin_ws/install/common_msgs/local/lib/python3.10/dist-packages/common_msgs
[1.442s] -- Up-to-date: /home/sunny/catkin_ws/install/common_msgs/local/lib/python3.10/dist-packages/common_msgs/__init__.py
[1.442s] -- Up-to-date: /home/sunny/catkin_ws/install/common_msgs/local/lib/python3.10/dist-packages/common_msgs/_common_msgs_s.ep.rosidl_typesupport_introspection_c.c
[1.442s] -- Up-to-date: /home/sunny/catkin_ws/install/common_msgs/local/lib/python3.10/dist-packages/common_msgs/common_msgs_s__rosidl_typesupport_c.cpython-310-x86_64-linux-gnu.so
[1.442s] -- Up-to-date: /home/sunny/catkin_ws/install/common_msgs/local/lib/python3.10/dist-packages/common_msgs/_common_msgs_s.ep.rosidl_typesupport_c.c
[1.442s] -- Up-to-date: /home/sunny/catkin_ws/install/common_msgs/local/lib/python3.10/dist-packages/common_msgs/_common_msgs_s.ep.rosidl_typesupport_fastrtps_c.c
[1.443s] -- Up-to-date: /home/sunny/catkin_ws/install/common_msgs/local/lib/python3.10/dist-packages/common_msgs/msg
[1.443s] -- Up-to-date: /home/sunny/catkin_ws/install/common_msgs/local/lib/python3.10/dist-packages/common_msgs/msg/__init__.py
[1.443s] -- Up-to-date: /home/sunny/catkin_ws/install/common_msgs/local/lib/python3.10/dist-packages/common_msgs/msg/_float_stamped.py
[1.443s] -- Up-to-date: /home/sunny/catkin_ws/install/common_msgs/local/lib/python3.10/dist-packages/common_msgs/msg/_float_stamped_s.c
[1.443s] -- Up-to-date: /home/sunny/catkin_ws/install/common_msgs/local/lib/python3.10/dist-packages/common_msgs/common_msgs_s__rosidl_typesupport_fastrtps_c.cpython-310-x86_64-linux-gnu.so
[1.443s] -- Up-to-date: /home/sunny/catkin_ws/install/common_msgs/local/lib/python3.10/dist-packages/common_msgs/common_msgs_s__rosidl_typesupport_introspection_c.cpython-310-x86_64-linux-gnu.so
[1.443s] -- Up-to-date: /home/sunny/catkin_ws/install/common_msgs/local/lib/python3.10/dist-packages/common_msgs/libcommon_msgs__rosidl_generator_py.so
[1.475s] Listing '/home/sunny/catkin_ws/install/common_msgs/local/lib/python3.10/dist-packages/common_msgs'...
[1.475s] Listing '/home/sunny/catkin_ws/install/common_msgs/local/lib/python3.10/dist-packages/common_msgs/msg'...
[1.482s] -- Up-to-date: /home/sunny/catkin_ws/install/common_msgs/local/lib/python3.10/dist-packages/common_msgs/common_msgs_s__rosidl_typesupport_fastrtps_c.cpython-310-x86_64-linux-gnu.so
[1.482s] -- Up-to-date: /home/sunny/catkin_ws/install/common_msgs/local/lib/python3.10/dist-packages/common_msgs/common_msgs_s__rosidl_typesupport_introspection_c.cpython-310-x86_64-linux-gnu.so
[1.482s] -- Up-to-date: /home/sunny/catkin_ws/install/common_msgs/local/lib/python3.10/dist-packages/common_msgs/common_msgs_s__rosidl_typesupport_c.cpython-310-x86_64-linux-gnu.so
[1.483s] -- Up-to-date: /home/sunny/catkin_ws/install/common_msgs/lib/libcommon_msgs__rosidl_generator_py.so
[1.483s] -- Up-to-date: /home/sunny/catkin_ws/install/common_msgs/share/common_msgs/msg/FloatStamped.idl
[1.483s] -- Up-to-date: /home/sunny/catkin_ws/install/common_msgs/share/common_msgs/msg/FloatStamped.msg
[1.483s] -- Up-to-date: /home/sunny/catkin_ws/install/common_msgs/share/ament_index/resource_index/package_run_dependencies/common_msgs
[1.483s] -- Up-to-date: /home/sunny/catkin_ws/install/common_msgs/share/ament_index/resource_index/parent_prefix_path/common_msgs
[1.483s] -- Up-to-date: /home/sunny/catkin_ws/install/common_msgs/share/common_msgs/environment/ament_prefix_path.sh
[1.484s] -- Up-to-date: /home/sunny/catkin_ws/install/common_msgs/share/common_msgs/environment/ament_prefix_path.dsv
[1.484s] -- Up-to-date: /home/sunny/catkin_ws/install/common_msgs/share/common_msgs/environment/path.sh
[1.484s] -- Up-to-date: /home/sunny/catkin_ws/install/common_msgs/share/common_msgs/environment/path.dsv
[1.484s] -- Up-to-date: /home/sunny/catkin_ws/install/common_msgs/share/common_msgs/local_setup.bash
[1.485s] -- Up-to-date: /home/sunny/catkin_ws/install/common_msgs/share/common_msgs/local_setup.sh
[1.485s] -- Up-to-date: /home/sunny/catkin_ws/install/common_msgs/share/common_msgs/local_setup.zsh
[1.485s] -- Up-to-date: /home/sunny/catkin_ws/install/common_msgs/share/common_msgs/local_setup.dsv
[1.485s] -- Installing: /home/sunny/catkin_ws/install/common_msgs/share/common_msgs/package.dsv
[1.485s] -- Up-to-date: /home/sunny/catkin_ws/install/common_msgs/share/ament_index/resource_index/packages/common_msgs
[1.485s] -- Up-to-date: /home/sunny/catkin_ws/install/common_msgs/share/common_msgs/cmake/export_common_msgs__rosidl_generator_cExport.cmake
[1.486s] -- Up-to-date: /home/sunny/catkin_ws/install/common_msgs/share/common_msgs/cmake/export_common_msgs__rosidl_generator_cExport-noconfig.cmake
[1.486s] -- Up-to-date: /home/sunny/catkin_ws/install/common_msgs/share/common_msgs/cmake/export_common_msgs__rosidl_typesupport_fastrtps_cExport.cmake
[1.486s] -- Up-to-date: /home/sunny/catkin_ws/install/common_msgs/share/common_msgs/cmake/export_common_msgs__rosidl_typesupport_fastrtps_cExport-noconfig.cmake
[1.486s] -- Up-to-date: /home/sunny/catkin_ws/install/common_msgs/share/common_msgs/cmake/common_msgs__rosidl_typesupport_introspection_cExport.cmake
[1.486s] -- Up-to-date: /home/sunny/catkin_ws/install/common_msgs/share/common_msgs/cmake/common_msgs__rosidl_typesupport_introspection_cExport-noconfig.cmake
[1.486s] -- Up-to-date: /home/sunny/catkin_ws/install/common_msgs/share/common_msgs/cmake/common_msgs__rosidl_typesupport_cExport.cmake
[1.486s] -- Up-to-date: /home/sunny/catkin_ws/install/common_msgs/share/common_msgs/cmake/common_msgs__rosidl_typesupport_cExport-noconfig.cmake
[1.487s] -- Up-to-date: /home/sunny/catkin_ws/install/common_msgs/share/common_msgs/cmake/export_common_msgs__rosidl_generator_cppExport.cmake
[1.487s] -- Up-to-date: /home/sunny/catkin_ws/install/common_msgs/share/common_msgs/cmake/export_common_msgs__rosidl_typesupport_fastrtps_cppExport.cmake
[1.487s] -- Up-to-date: /home/sunny/catkin_ws/install/common_msgs/share/common_msgs/cmake/export_common_msgs__rosidl_typesupport_fastrtps_cppExport-noconfig.cmake
[1.487s] -- Up-to-date: /home/sunny/catkin_ws/install/common_msgs/share/common_msgs/cmake/common_msgs__rosidl_typesupport_introspection_cppExport.cmake
[1.487s] -- Up-to-date: /home/sunny/catkin_ws/install/common_msgs/share/common_msgs/cmake/common_msgs__rosidl_typesupport_introspection_cppExport-noconfig.cmake
[1.487s] -- Up-to-date: /home/sunny/catkin_ws/install/common_msgs/share/common_msgs/cmake/common_msgs__rosidl_typesupport_cppExport.cmake
[1.487s] -- Up-to-date: /home/sunny/catkin_ws/install/common_msgs/share/common_msgs/cmake/common_msgs__rosidl_typesupport_cppExport-noconfig.cmake
[1.487s] -- Up-to-date: /home/sunny/catkin_ws/install/common_msgs/share/common_msgs/cmake/export_common_msgs__rosidl_generator_pyExport.cmake
[1.488s] -- Up-to-date: /home/sunny/catkin_ws/install/common_msgs/share/common_msgs/cmake/export_common_msgs__rosidl_generator_pyExport-noconfig.cmake
[1.488s] -- Up-to-date: /home/sunny/catkin_ws/install/common_msgs/share/common_msgs/cmake/rosidl_cmake-extras.cmake
[1.488s] -- Up-to-date: /home/sunny/catkin_ws/install/common_msgs/share/common_msgs/cmake/ament_cmake_export_dependencies-extras.cmake
[1.488s] -- Up-to-date: /home/sunny/catkin_ws/install/common_msgs/share/common_msgs/cmake/ament_cmake_export_include_directories-extras.cmake
[1.488s] -- Up-to-date: /home/sunny/catkin_ws/install/common_msgs/share/common_msgs/cmake/ament_cmake_export_libraries-extras.cmake
[1.488s] -- Up-to-date: /home/sunny/catkin_ws/install/common_msgs/share/common_msgs/cmake/ament_cmake_export_targets-extras.cmake
[1.488s] -- Up-to-date: /home/sunny/catkin_ws/install/common_msgs/share/common_msgs/cmake/rosidl_cmake_export_typesupport_targets-extras.cmake
[1.490s] -- Up-to-date: /home/sunny/catkin_ws/install/common_msgs/share/common_msgs/cmake/rosidl_cmake_export_typesupport_libraries-extras.cmake
[1.490s] -- Up-to-date: /home/sunny/catkin_ws/install/common_msgs/share/common_msgs/cmake/common_msgsConfig.cmake
[1.490s] -- Up-to-date: /home/sunny/catkin_ws/install/common_msgs/share/common_msgs/cmake/common_msgsConfig-version.cmake
[1.490s] -- Up-to-date: /home/sunny/catkin_ws/install/common_msgs/share/common_msgs/package.xml
[1.798s] Invoked command in '/home/sunny/catkin_ws/build/common_msgs' returned '0': CMAKE_PREFIX_PATH=${CMAKE_PREFIX_PATH}:/home/sunny/catkin_ws/install/beluga_adapter:/opt/ros/humble /usr/bin/cmake --install /home/sunny/catkin_ws/build/common_msgs
