-- Install configuration: ""
-- Up-to-date: /home/sunny/catkin_ws/install/beluga_simulator/share/beluga_simulator/config
-- Up-to-date: /home/sunny/catkin_ws/install/beluga_simulator/share/beluga_simulator/launch
-- Up-to-date: /home/sunny/catkin_ws/install/beluga_simulator/share/beluga_simulator/launch/beluga_model.launch.py
-- Up-to-date: /home/sunny/catkin_ws/install/beluga_simulator/share/beluga_simulator/maps
-- Up-to-date: /home/sunny/catkin_ws/install/beluga_simulator/share/beluga_simulator/meshes
-- Up-to-date: /home/sunny/catkin_ws/install/beluga_simulator/share/beluga_simulator/meshes/angled_thruster_mount.dae
-- Up-to-date: /home/sunny/catkin_ws/install/beluga_simulator/share/beluga_simulator/meshes/pressure.dae
-- Up-to-date: /home/sunny/catkin_ws/install/beluga_simulator/share/beluga_simulator/meshes/oe14-372.dae
-- Up-to-date: /home/sunny/catkin_ws/install/beluga_simulator/share/beluga_simulator/meshes/oe14-372.blend
-- Up-to-date: /home/sunny/catkin_ws/install/beluga_simulator/share/beluga_simulator/meshes/angled_thruster_mount.stl
-- Up-to-date: /home/sunny/catkin_ws/install/beluga_simulator/share/beluga_simulator/meshes/propeller.dae
-- Up-to-date: /home/sunny/catkin_ws/install/beluga_simulator/share/beluga_simulator/meshes/propeller.stl
-- Up-to-date: /home/sunny/catkin_ws/install/beluga_simulator/share/beluga_simulator/models
-- Up-to-date: /home/sunny/catkin_ws/install/beluga_simulator/share/beluga_simulator/models/camera_snippets.xacro
-- Up-to-date: /home/sunny/catkin_ws/install/beluga_simulator/share/beluga_simulator/models/imu_snippets.xacro
-- Up-to-date: /home/sunny/catkin_ws/install/beluga_simulator/share/beluga_simulator/models/beluga_snippets.xacro
-- Up-to-date: /home/sunny/catkin_ws/install/beluga_simulator/share/beluga_simulator/models/beluga_base.xacro
-- Installing: /home/sunny/catkin_ws/install/beluga_simulator/share/beluga_simulator/models/thruster_snippets.xacro
-- Up-to-date: /home/sunny/catkin_ws/install/beluga_simulator/share/beluga_simulator/models/pressure_snippets.xacro
-- Up-to-date: /home/sunny/catkin_ws/install/beluga_simulator/share/beluga_simulator/models/misc.xacro
-- Up-to-date: /home/sunny/catkin_ws/install/beluga_simulator/share/beluga_simulator/models/beluga_sensors.xacro
-- Up-to-date: /home/sunny/catkin_ws/install/beluga_simulator/share/beluga_simulator/models/sensor_snippets.xacro
-- Up-to-date: /home/sunny/catkin_ws/install/beluga_simulator/share/beluga_simulator/models/common.urdf.xacro
-- Up-to-date: /home/sunny/catkin_ws/install/beluga_simulator/share/beluga_simulator/models/beluga_thrusters.xacro
-- Up-to-date: /home/sunny/catkin_ws/install/beluga_simulator/share/beluga_simulator/params
-- Up-to-date: /home/sunny/catkin_ws/install/beluga_simulator/share/beluga_simulator/rviz
-- Up-to-date: /home/sunny/catkin_ws/install/beluga_simulator/share/beluga_simulator/rviz/urdf.rviz
-- Up-to-date: /home/sunny/catkin_ws/install/beluga_simulator/share/beluga_simulator/src
-- Up-to-date: /home/sunny/catkin_ws/install/beluga_simulator/share/beluga_simulator/worlds
-- Up-to-date: /home/sunny/catkin_ws/install/beluga_simulator/share/beluga_simulator/worlds/sauvc_2020.world
-- Up-to-date: /home/sunny/catkin_ws/install/beluga_simulator/share/beluga_simulator/urdf
-- Up-to-date: /home/sunny/catkin_ws/install/beluga_simulator/share/beluga_simulator/urdf/beluga_default.urdf
-- Up-to-date: /home/sunny/catkin_ws/install/beluga_simulator/share/beluga_simulator/urdf/beluga_default.xacro
-- Up-to-date: /home/sunny/catkin_ws/install/beluga_simulator/share/beluga_simulator/world_models
-- Up-to-date: /home/sunny/catkin_ws/install/beluga_simulator/share/beluga_simulator/world_models/gate
-- Up-to-date: /home/sunny/catkin_ws/install/beluga_simulator/share/beluga_simulator/world_models/gate/model.sdf
-- Up-to-date: /home/sunny/catkin_ws/install/beluga_simulator/share/beluga_simulator/world_models/gate/model.config
-- Up-to-date: /home/sunny/catkin_ws/install/beluga_simulator/share/beluga_simulator/world_models/red_drum
-- Up-to-date: /home/sunny/catkin_ws/install/beluga_simulator/share/beluga_simulator/world_models/red_drum/model.sdf
-- Up-to-date: /home/sunny/catkin_ws/install/beluga_simulator/share/beluga_simulator/world_models/red_drum/model.config
-- Up-to-date: /home/sunny/catkin_ws/install/beluga_simulator/share/beluga_simulator/world_models/blue_drum
-- Up-to-date: /home/sunny/catkin_ws/install/beluga_simulator/share/beluga_simulator/world_models/blue_drum/model.sdf
-- Up-to-date: /home/sunny/catkin_ws/install/beluga_simulator/share/beluga_simulator/world_models/blue_drum/model.config
-- Up-to-date: /home/sunny/catkin_ws/install/beluga_simulator/share/beluga_simulator/world_models/target_acquistion_area
-- Up-to-date: /home/sunny/catkin_ws/install/beluga_simulator/share/beluga_simulator/world_models/target_acquistion_area/model.sdf
-- Up-to-date: /home/sunny/catkin_ws/install/beluga_simulator/share/beluga_simulator/world_models/target_acquistion_area/model.config
-- Up-to-date: /home/sunny/catkin_ws/install/beluga_simulator/share/beluga_simulator/world_models/swimming_pool
-- Up-to-date: /home/sunny/catkin_ws/install/beluga_simulator/share/beluga_simulator/world_models/swimming_pool/model.sdf
-- Up-to-date: /home/sunny/catkin_ws/install/beluga_simulator/share/beluga_simulator/world_models/swimming_pool/model.config
-- Up-to-date: /home/sunny/catkin_ws/install/beluga_simulator/share/beluga_simulator/world_models/yellow_flare
-- Up-to-date: /home/sunny/catkin_ws/install/beluga_simulator/share/beluga_simulator/world_models/yellow_flare/model.sdf
-- Up-to-date: /home/sunny/catkin_ws/install/beluga_simulator/share/beluga_simulator/world_models/yellow_flare/model.config
-- Up-to-date: /home/sunny/catkin_ws/install/beluga_simulator/share/beluga_simulator/world_models/red_flare
-- Up-to-date: /home/sunny/catkin_ws/install/beluga_simulator/share/beluga_simulator/world_models/red_flare/model.sdf
-- Up-to-date: /home/sunny/catkin_ws/install/beluga_simulator/share/beluga_simulator/world_models/red_flare/model.config
-- Up-to-date: /home/sunny/catkin_ws/install/beluga_simulator/share/ament_index/resource_index/package_run_dependencies/beluga_simulator
-- Up-to-date: /home/sunny/catkin_ws/install/beluga_simulator/share/ament_index/resource_index/parent_prefix_path/beluga_simulator
-- Up-to-date: /home/sunny/catkin_ws/install/beluga_simulator/share/beluga_simulator/environment/ament_prefix_path.sh
-- Up-to-date: /home/sunny/catkin_ws/install/beluga_simulator/share/beluga_simulator/environment/ament_prefix_path.dsv
-- Up-to-date: /home/sunny/catkin_ws/install/beluga_simulator/share/beluga_simulator/environment/path.sh
-- Up-to-date: /home/sunny/catkin_ws/install/beluga_simulator/share/beluga_simulator/environment/path.dsv
-- Up-to-date: /home/sunny/catkin_ws/install/beluga_simulator/share/beluga_simulator/local_setup.bash
-- Up-to-date: /home/sunny/catkin_ws/install/beluga_simulator/share/beluga_simulator/local_setup.sh
-- Up-to-date: /home/sunny/catkin_ws/install/beluga_simulator/share/beluga_simulator/local_setup.zsh
-- Up-to-date: /home/sunny/catkin_ws/install/beluga_simulator/share/beluga_simulator/local_setup.dsv
-- Installing: /home/sunny/catkin_ws/install/beluga_simulator/share/beluga_simulator/package.dsv
-- Up-to-date: /home/sunny/catkin_ws/install/beluga_simulator/share/ament_index/resource_index/packages/beluga_simulator
-- Up-to-date: /home/sunny/catkin_ws/install/beluga_simulator/share/beluga_simulator/cmake/beluga_simulatorConfig.cmake
-- Up-to-date: /home/sunny/catkin_ws/install/beluga_simulator/share/beluga_simulator/cmake/beluga_simulatorConfig-version.cmake
-- Up-to-date: /home/sunny/catkin_ws/install/beluga_simulator/share/beluga_simulator/package.xml
