[0.134s] Invoking command in '/home/sunny/catkin_ws/build/beluga_simulator': CMAKE_PREFIX_PATH=${CMAKE_PREFIX_PATH}:/home/sunny/catkin_ws/install/beluga_adapter:/opt/ros/humble /usr/bin/cmake --build /home/sunny/catkin_ws/build/beluga_simulator -- -j16 -l16
[1.028s] Invoked command in '/home/sunny/catkin_ws/build/beluga_simulator' returned '0': CMAKE_PREFIX_PATH=${CMAKE_PREFIX_PATH}:/home/sunny/catkin_ws/install/beluga_adapter:/opt/ros/humble /usr/bin/cmake --build /home/sunny/catkin_ws/build/beluga_simulator -- -j16 -l16
[1.151s] Invoking command in '/home/sunny/catkin_ws/build/beluga_simulator': CMAKE_PREFIX_PATH=${CMAKE_PREFIX_PATH}:/home/sunny/catkin_ws/install/beluga_adapter:/opt/ros/humble /usr/bin/cmake --install /home/sunny/catkin_ws/build/beluga_simulator
[1.163s] -- Install configuration: ""
[1.163s] -- Up-to-date: /home/sunny/catkin_ws/install/beluga_simulator/share/beluga_simulator/config
[1.165s] -- Up-to-date: /home/sunny/catkin_ws/install/beluga_simulator/share/beluga_simulator/launch
[1.165s] -- Up-to-date: /home/sunny/catkin_ws/install/beluga_simulator/share/beluga_simulator/launch/beluga_model.launch.py
[1.165s] -- Up-to-date: /home/sunny/catkin_ws/install/beluga_simulator/share/beluga_simulator/launch/beluga_sim_launch.sh
[1.165s] -- Up-to-date: /home/sunny/catkin_ws/install/beluga_simulator/share/beluga_simulator/maps
[1.165s] -- Up-to-date: /home/sunny/catkin_ws/install/beluga_simulator/share/beluga_simulator/meshes
[1.165s] -- Up-to-date: /home/sunny/catkin_ws/install/beluga_simulator/share/beluga_simulator/meshes/angled_thruster_mount.dae
[1.165s] -- Up-to-date: /home/sunny/catkin_ws/install/beluga_simulator/share/beluga_simulator/meshes/pressure.dae
[1.166s] -- Up-to-date: /home/sunny/catkin_ws/install/beluga_simulator/share/beluga_simulator/meshes/oe14-372.dae
[1.166s] -- Up-to-date: /home/sunny/catkin_ws/install/beluga_simulator/share/beluga_simulator/meshes/oe14-372.blend
[1.166s] -- Up-to-date: /home/sunny/catkin_ws/install/beluga_simulator/share/beluga_simulator/meshes/angled_thruster_mount.stl
[1.166s] -- Up-to-date: /home/sunny/catkin_ws/install/beluga_simulator/share/beluga_simulator/meshes/propeller.dae
[1.166s] -- Up-to-date: /home/sunny/catkin_ws/install/beluga_simulator/share/beluga_simulator/meshes/propeller.stl
[1.166s] -- Up-to-date: /home/sunny/catkin_ws/install/beluga_simulator/share/beluga_simulator/models
[1.166s] -- Up-to-date: /home/sunny/catkin_ws/install/beluga_simulator/share/beluga_simulator/models/camera_snippets.xacro
[1.166s] -- Up-to-date: /home/sunny/catkin_ws/install/beluga_simulator/share/beluga_simulator/models/imu_snippets.xacro
[1.167s] -- Up-to-date: /home/sunny/catkin_ws/install/beluga_simulator/share/beluga_simulator/models/beluga_snippets.xacro
[1.167s] -- Up-to-date: /home/sunny/catkin_ws/install/beluga_simulator/share/beluga_simulator/models/beluga_base.xacro
[1.167s] -- Up-to-date: /home/sunny/catkin_ws/install/beluga_simulator/share/beluga_simulator/models/thruster_snippets.xacro
[1.167s] -- Up-to-date: /home/sunny/catkin_ws/install/beluga_simulator/share/beluga_simulator/models/pressure_snippets.xacro
[1.167s] -- Up-to-date: /home/sunny/catkin_ws/install/beluga_simulator/share/beluga_simulator/models/misc.xacro
[1.167s] -- Up-to-date: /home/sunny/catkin_ws/install/beluga_simulator/share/beluga_simulator/models/beluga_sensors.xacro
[1.167s] -- Up-to-date: /home/sunny/catkin_ws/install/beluga_simulator/share/beluga_simulator/models/sensor_snippets.xacro
[1.167s] -- Up-to-date: /home/sunny/catkin_ws/install/beluga_simulator/share/beluga_simulator/models/common.urdf.xacro
[1.167s] -- Up-to-date: /home/sunny/catkin_ws/install/beluga_simulator/share/beluga_simulator/models/beluga_thrusters.xacro
[1.167s] -- Up-to-date: /home/sunny/catkin_ws/install/beluga_simulator/share/beluga_simulator/params
[1.168s] -- Up-to-date: /home/sunny/catkin_ws/install/beluga_simulator/share/beluga_simulator/rviz
[1.168s] -- Up-to-date: /home/sunny/catkin_ws/install/beluga_simulator/share/beluga_simulator/rviz/urdf.rviz
[1.168s] -- Up-to-date: /home/sunny/catkin_ws/install/beluga_simulator/share/beluga_simulator/src
[1.168s] -- Up-to-date: /home/sunny/catkin_ws/install/beluga_simulator/share/beluga_simulator/worlds
[1.168s] -- Up-to-date: /home/sunny/catkin_ws/install/beluga_simulator/share/beluga_simulator/worlds/sauvc_2019.world
[1.168s] -- Up-to-date: /home/sunny/catkin_ws/install/beluga_simulator/share/beluga_simulator/worlds/sauvc_2020.world
[1.168s] -- Up-to-date: /home/sunny/catkin_ws/install/beluga_simulator/share/beluga_simulator/urdf
[1.168s] -- Up-to-date: /home/sunny/catkin_ws/install/beluga_simulator/share/beluga_simulator/urdf/beluga_default.urdf
[1.168s] -- Up-to-date: /home/sunny/catkin_ws/install/beluga_simulator/share/beluga_simulator/urdf/beluga_default.xacro
[1.168s] -- Up-to-date: /home/sunny/catkin_ws/install/beluga_simulator/share/beluga_simulator/world_models
[1.168s] -- Up-to-date: /home/sunny/catkin_ws/install/beluga_simulator/share/beluga_simulator/world_models/gate
[1.169s] -- Up-to-date: /home/sunny/catkin_ws/install/beluga_simulator/share/beluga_simulator/world_models/gate/model.sdf
[1.169s] -- Up-to-date: /home/sunny/catkin_ws/install/beluga_simulator/share/beluga_simulator/world_models/gate/model.config
[1.169s] -- Up-to-date: /home/sunny/catkin_ws/install/beluga_simulator/share/beluga_simulator/world_models/red_drum
[1.169s] -- Up-to-date: /home/sunny/catkin_ws/install/beluga_simulator/share/beluga_simulator/world_models/red_drum/model.sdf
[1.169s] -- Up-to-date: /home/sunny/catkin_ws/install/beluga_simulator/share/beluga_simulator/world_models/red_drum/model.config
[1.169s] -- Up-to-date: /home/sunny/catkin_ws/install/beluga_simulator/share/beluga_simulator/world_models/blue_drum
[1.170s] -- Up-to-date: /home/sunny/catkin_ws/install/beluga_simulator/share/beluga_simulator/world_models/blue_drum/model.sdf
[1.170s] -- Up-to-date: /home/sunny/catkin_ws/install/beluga_simulator/share/beluga_simulator/world_models/blue_drum/model.config
[1.170s] -- Up-to-date: /home/sunny/catkin_ws/install/beluga_simulator/share/beluga_simulator/world_models/target_acquistion_area
[1.170s] -- Up-to-date: /home/sunny/catkin_ws/install/beluga_simulator/share/beluga_simulator/world_models/target_acquistion_area/model.sdf
[1.170s] -- Up-to-date: /home/sunny/catkin_ws/install/beluga_simulator/share/beluga_simulator/world_models/target_acquistion_area/model.config
[1.170s] -- Up-to-date: /home/sunny/catkin_ws/install/beluga_simulator/share/beluga_simulator/world_models/swimming_pool
[1.170s] -- Up-to-date: /home/sunny/catkin_ws/install/beluga_simulator/share/beluga_simulator/world_models/swimming_pool/model.sdf
[1.173s] -- Up-to-date: /home/sunny/catkin_ws/install/beluga_simulator/share/beluga_simulator/world_models/swimming_pool/model.config
[1.173s] -- Up-to-date: /home/sunny/catkin_ws/install/beluga_simulator/share/beluga_simulator/world_models/yellow_flare
[1.175s] -- Up-to-date: /home/sunny/catkin_ws/install/beluga_simulator/share/beluga_simulator/world_models/yellow_flare/model.sdf
[1.175s] -- Up-to-date: /home/sunny/catkin_ws/install/beluga_simulator/share/beluga_simulator/world_models/yellow_flare/model.config
[1.175s] -- Up-to-date: /home/sunny/catkin_ws/install/beluga_simulator/share/beluga_simulator/world_models/red_flare
[1.175s] -- Up-to-date: /home/sunny/catkin_ws/install/beluga_simulator/share/beluga_simulator/world_models/red_flare/model.sdf
[1.177s] -- Up-to-date: /home/sunny/catkin_ws/install/beluga_simulator/share/beluga_simulator/world_models/red_flare/model.config
[1.177s] -- Up-to-date: /home/sunny/catkin_ws/install/beluga_simulator/share/beluga_simulator/media
[1.177s] -- Up-to-date: /home/sunny/catkin_ws/install/beluga_simulator/share/beluga_simulator/media/materials
[1.177s] -- Up-to-date: /home/sunny/catkin_ws/install/beluga_simulator/share/beluga_simulator/media/materials/scripts
[1.178s] -- Up-to-date: /home/sunny/catkin_ws/install/beluga_simulator/share/beluga_simulator/media/materials/scripts/tiles.material
[1.178s] -- Up-to-date: /home/sunny/catkin_ws/install/beluga_simulator/share/beluga_simulator/media/materials/scripts/water.material
[1.181s] -- Up-to-date: /home/sunny/catkin_ws/install/beluga_simulator/share/beluga_simulator/media/materials/scripts/colors.material
[1.193s] -- Up-to-date: /home/sunny/catkin_ws/install/beluga_simulator/share/beluga_simulator/media/materials/textures
[1.196s] -- Up-to-date: /home/sunny/catkin_ws/install/beluga_simulator/share/beluga_simulator/media/materials/textures/static_water.jpg
[1.196s] -- Up-to-date: /home/sunny/catkin_ws/install/beluga_simulator/share/beluga_simulator/media/materials/textures/swimming_pool_tile.jpg
[1.196s] -- Up-to-date: /home/sunny/catkin_ws/install/beluga_simulator/share/ament_index/resource_index/package_run_dependencies/beluga_simulator
[1.196s] -- Up-to-date: /home/sunny/catkin_ws/install/beluga_simulator/share/ament_index/resource_index/parent_prefix_path/beluga_simulator
[1.196s] -- Up-to-date: /home/sunny/catkin_ws/install/beluga_simulator/share/beluga_simulator/environment/ament_prefix_path.sh
[1.196s] -- Up-to-date: /home/sunny/catkin_ws/install/beluga_simulator/share/beluga_simulator/environment/ament_prefix_path.dsv
[1.196s] -- Up-to-date: /home/sunny/catkin_ws/install/beluga_simulator/share/beluga_simulator/environment/path.sh
[1.196s] -- Up-to-date: /home/sunny/catkin_ws/install/beluga_simulator/share/beluga_simulator/environment/path.dsv
[1.196s] -- Up-to-date: /home/sunny/catkin_ws/install/beluga_simulator/share/beluga_simulator/local_setup.bash
[1.196s] -- Up-to-date: /home/sunny/catkin_ws/install/beluga_simulator/share/beluga_simulator/local_setup.sh
[1.197s] -- Up-to-date: /home/sunny/catkin_ws/install/beluga_simulator/share/beluga_simulator/local_setup.zsh
[1.197s] -- Up-to-date: /home/sunny/catkin_ws/install/beluga_simulator/share/beluga_simulator/local_setup.dsv
[1.197s] -- Installing: /home/sunny/catkin_ws/install/beluga_simulator/share/beluga_simulator/package.dsv
[1.197s] -- Up-to-date: /home/sunny/catkin_ws/install/beluga_simulator/share/ament_index/resource_index/packages/beluga_simulator
[1.197s] -- Up-to-date: /home/sunny/catkin_ws/install/beluga_simulator/share/beluga_simulator/cmake/beluga_simulatorConfig.cmake
[1.197s] -- Up-to-date: /home/sunny/catkin_ws/install/beluga_simulator/share/beluga_simulator/cmake/beluga_simulatorConfig-version.cmake
[1.197s] -- Up-to-date: /home/sunny/catkin_ws/install/beluga_simulator/share/beluga_simulator/package.xml
[1.198s] Invoked command in '/home/sunny/catkin_ws/build/beluga_simulator' returned '0': CMAKE_PREFIX_PATH=${CMAKE_PREFIX_PATH}:/home/sunny/catkin_ws/install/beluga_adapter:/opt/ros/humble /usr/bin/cmake --install /home/sunny/catkin_ws/build/beluga_simulator
