[0.145s] Invoking command in '/home/sunny/catkin_ws/build/bubbles_adapter': /usr/bin/cmake /home/sunny/catkin_ws/src/sauvc_simulator/bubbles_adapter -DCATKIN_INSTALL_INTO_PREFIX_ROOT=0 -DCMAKE_INSTALL_PREFIX=/home/sunny/catkin_ws/install/bubbles_adapter
[0.153s] [0mCMake Deprecation Warning at CMakeLists.txt:1 (cmake_minimum_required):
[0.153s]   Compatibility with CMake < 2.8.12 will be removed from a future version of
[0.153s]   CMake.
[0.153s] 
[0.153s]   Update the VERSION argument <min> value or use a ...<max> suffix to tell
[0.153s]   CMake that the project does not need compatibility with older versions.
[0.153s] 
[0.153s] [0m
[0.193s] -- The C compiler identification is GNU 11.4.0
[0.252s] -- The CXX compiler identification is GNU 11.4.0
[0.263s] -- Detecting C compiler ABI info
[0.328s] -- Detecting C compiler ABI info - done
[0.334s] -- Check for working C compiler: /usr/bin/cc - skipped
[0.334s] -- Detecting C compile features
[0.334s] -- Detecting C compile features - done
[0.337s] -- Detecting CXX compiler ABI info
[0.405s] -- Detecting CXX compiler ABI info - done
[0.417s] -- Check for working CXX compiler: /usr/bin/c++ - skipped
[0.418s] -- Detecting CXX compile features
[0.420s] -- Detecting CXX compile features - done
[0.435s] [31mCMake Error at CMakeLists.txt:10 (find_package):
[0.435s]   By not providing "Findcatkin.cmake" in CMAKE_MODULE_PATH this project has
[0.435s]   asked CMake to find a package configuration file provided by "catkin", but
[0.435s]   CMake did not find one.
[0.435s] 
[0.435s]   Could not find a package configuration file provided by "catkin" with any
[0.435s]   of the following names:
[0.435s] 
[0.436s]     catkinConfig.cmake
[0.436s]     catkin-config.cmake
[0.436s] 
[0.436s]   Add the installation prefix of "catkin" to CMAKE_PREFIX_PATH or set
[0.436s]   "catkin_DIR" to a directory containing one of the above files.  If "catkin"
[0.436s]   provides a separate development package or SDK, be sure it has been
[0.436s]   installed.
[0.436s] 
[0.436s] [0m
[0.436s] -- Configuring incomplete, errors occurred!
[0.436s] See also "/home/sunny/catkin_ws/build/bubbles_adapter/CMakeFiles/CMakeOutput.log".
