[0.557s] Invoking command in '/home/sunny/catkin_ws/build/uuv_gazebo_plugins': CMAKE_PREFIX_PATH=${CMAKE_PREFIX_PATH}:/home/sunny/catkin_ws/install/beluga_adapter:/opt/ros/humble /usr/bin/cmake --build /home/sunny/catkin_ws/build/uuv_gazebo_plugins -- -j16 -l16
[0.623s] [  7%] Built target gtest_main
[0.659s] [ 25%] Built target uuv_gazebo_plugins_msgs
[0.669s] [ 32%] Built target gtest
[0.681s] [ 42%] Built target umbilical_plugin
[0.683s] [ 50%] Built target uuv_dynamics
[0.712s] [ 64%] Built target uuv_underwater_object_plugin
[0.769s] [ 71%] Built target UNIT_ThrusterDynamics_TEST
[0.781s] [ 82%] Built target uuv_fin_plugin
[0.873s] [ 92%] Built target uuv_thruster_plugin
[0.874s] [100%] Built target UNIT_ThrusterConversionFcn_TEST
[1.185s] Invoked command in '/home/sunny/catkin_ws/build/uuv_gazebo_plugins' returned '0': CMAKE_PREFIX_PATH=${CMAKE_PREFIX_PATH}:/home/sunny/catkin_ws/install/beluga_adapter:/opt/ros/humble /usr/bin/cmake --build /home/sunny/catkin_ws/build/uuv_gazebo_plugins -- -j16 -l16
[1.546s] Invoking command in '/home/sunny/catkin_ws/build/uuv_gazebo_plugins': CMAKE_PREFIX_PATH=${CMAKE_PREFIX_PATH}:/home/sunny/catkin_ws/install/beluga_adapter:/opt/ros/humble /usr/bin/cmake --install /home/sunny/catkin_ws/build/uuv_gazebo_plugins
[1.557s] -- Install configuration: ""
[1.557s] -- Up-to-date: /home/sunny/catkin_ws/install/uuv_gazebo_plugins/lib/libuuv_gazebo_plugins_msgs.so
[1.559s] -- Up-to-date: /home/sunny/catkin_ws/install/uuv_gazebo_plugins/lib/libuuv_dynamics.so
[1.559s] -- Up-to-date: /home/sunny/catkin_ws/install/uuv_gazebo_plugins/lib/libuuv_fin_plugin.so
[1.560s] -- Up-to-date: /home/sunny/catkin_ws/install/uuv_gazebo_plugins/lib/libuuv_underwater_object_plugin.so
[1.560s] -- Up-to-date: /home/sunny/catkin_ws/install/uuv_gazebo_plugins/lib/libuuv_thruster_plugin.so
[1.560s] -- Up-to-date: /home/sunny/catkin_ws/install/uuv_gazebo_plugins/lib/libumbilical_plugin.so
[1.561s] -- Up-to-date: /home/sunny/catkin_ws/install/uuv_gazebo_plugins/include/uuv_gazebo_plugins
[1.561s] -- Up-to-date: /home/sunny/catkin_ws/install/uuv_gazebo_plugins/include/uuv_gazebo_plugins/FinPlugin.h
[1.562s] -- Up-to-date: /home/sunny/catkin_ws/install/uuv_gazebo_plugins/include/uuv_gazebo_plugins/BuoyantObject.h
[1.562s] -- Up-to-date: /home/sunny/catkin_ws/install/uuv_gazebo_plugins/include/uuv_gazebo_plugins/Def.h
[1.562s] -- Up-to-date: /home/sunny/catkin_ws/install/uuv_gazebo_plugins/include/uuv_gazebo_plugins/UnderwaterObjectPlugin.h
[1.562s] -- Up-to-date: /home/sunny/catkin_ws/install/uuv_gazebo_plugins/include/uuv_gazebo_plugins/UmbilicalPlugin.h
[1.562s] -- Up-to-date: /home/sunny/catkin_ws/install/uuv_gazebo_plugins/include/uuv_gazebo_plugins/UmbilicalModel.h
[1.562s] -- Up-to-date: /home/sunny/catkin_ws/install/uuv_gazebo_plugins/include/uuv_gazebo_plugins/LiftDragModel.h
[1.562s] -- Up-to-date: /home/sunny/catkin_ws/install/uuv_gazebo_plugins/include/uuv_gazebo_plugins/ThrusterConversionFcn.h
[1.562s] -- Up-to-date: /home/sunny/catkin_ws/install/uuv_gazebo_plugins/include/uuv_gazebo_plugins/ThrusterPlugin.h
[1.562s] -- Up-to-date: /home/sunny/catkin_ws/install/uuv_gazebo_plugins/include/uuv_gazebo_plugins/HydrodynamicModel.h
[1.562s] -- Up-to-date: /home/sunny/catkin_ws/install/uuv_gazebo_plugins/include/uuv_gazebo_plugins/Dynamics.h
[1.563s] -- Up-to-date: /home/sunny/catkin_ws/install/uuv_gazebo_plugins/include
[1.563s] -- Up-to-date: /home/sunny/catkin_ws/install/uuv_gazebo_plugins/include/uuv_gazebo_plugins
[1.563s] -- Up-to-date: /home/sunny/catkin_ws/install/uuv_gazebo_plugins/include/uuv_gazebo_plugins
[1.563s] -- Up-to-date: /home/sunny/catkin_ws/install/uuv_gazebo_plugins/include/uuv_gazebo_plugins/Accel.pb.cc
[1.564s] -- Up-to-date: /home/sunny/catkin_ws/install/uuv_gazebo_plugins/include/uuv_gazebo_plugins/ament_cmake_environment_hooks
[1.564s] -- Up-to-date: /home/sunny/catkin_ws/install/uuv_gazebo_plugins/include/uuv_gazebo_plugins/ament_cmake_uninstall_target
[1.564s] -- Up-to-date: /home/sunny/catkin_ws/install/uuv_gazebo_plugins/include/uuv_gazebo_plugins/CMakeFiles
[1.564s] -- Up-to-date: /home/sunny/catkin_ws/install/uuv_gazebo_plugins/include/uuv_gazebo_plugins/CMakeFiles/uuv_dynamics.dir
[1.564s] -- Up-to-date: /home/sunny/catkin_ws/install/uuv_gazebo_plugins/include/uuv_gazebo_plugins/CMakeFiles/uuv_dynamics.dir/src
[1.564s] -- Up-to-date: /home/sunny/catkin_ws/install/uuv_gazebo_plugins/include/uuv_gazebo_plugins/CMakeFiles/uuv_fin_plugin.dir
[1.564s] -- Up-to-date: /home/sunny/catkin_ws/install/uuv_gazebo_plugins/include/uuv_gazebo_plugins/CMakeFiles/uuv_fin_plugin.dir/src
[1.564s] -- Up-to-date: /home/sunny/catkin_ws/install/uuv_gazebo_plugins/include/uuv_gazebo_plugins/CMakeFiles/uninstall.dir
[1.564s] -- Up-to-date: /home/sunny/catkin_ws/install/uuv_gazebo_plugins/include/uuv_gazebo_plugins/CMakeFiles/umbilical_plugin.dir
[1.564s] -- Up-to-date: /home/sunny/catkin_ws/install/uuv_gazebo_plugins/include/uuv_gazebo_plugins/CMakeFiles/umbilical_plugin.dir/src
[1.565s] -- Up-to-date: /home/sunny/catkin_ws/install/uuv_gazebo_plugins/include/uuv_gazebo_plugins/CMakeFiles/uuv_thruster_plugin.dir
[1.565s] -- Up-to-date: /home/sunny/catkin_ws/install/uuv_gazebo_plugins/include/uuv_gazebo_plugins/CMakeFiles/uuv_thruster_plugin.dir/src
[1.565s] -- Up-to-date: /home/sunny/catkin_ws/install/uuv_gazebo_plugins/include/uuv_gazebo_plugins/CMakeFiles/uuv_underwater_object_plugin.dir
[1.565s] -- Up-to-date: /home/sunny/catkin_ws/install/uuv_gazebo_plugins/include/uuv_gazebo_plugins/CMakeFiles/uuv_underwater_object_plugin.dir/src
[1.565s] -- Up-to-date: /home/sunny/catkin_ws/install/uuv_gazebo_plugins/include/uuv_gazebo_plugins/CMakeFiles/CMakeTmp
[1.565s] -- Up-to-date: /home/sunny/catkin_ws/install/uuv_gazebo_plugins/include/uuv_gazebo_plugins/CMakeFiles/uuv_gazebo_plugins_msgs.dir
[1.565s] -- Up-to-date: /home/sunny/catkin_ws/install/uuv_gazebo_plugins/include/uuv_gazebo_plugins/CMakeFiles/uuv_gazebo_plugins_msgs.dir/Accel.pb.cc.o
[1.566s] -- Up-to-date: /home/sunny/catkin_ws/install/uuv_gazebo_plugins/include/uuv_gazebo_plugins/CMakeFiles/uuv_gazebo_plugins_msgs.dir/Double.pb.cc.o.d
[1.566s] -- Up-to-date: /home/sunny/catkin_ws/install/uuv_gazebo_plugins/include/uuv_gazebo_plugins/CMakeFiles/uuv_gazebo_plugins_msgs.dir/Accel.pb.cc.o.d
[1.566s] -- Up-to-date: /home/sunny/catkin_ws/install/uuv_gazebo_plugins/include/uuv_gazebo_plugins/CMakeFiles/uuv_gazebo_plugins_msgs.dir/Double.pb.cc.o
[1.566s] -- Up-to-date: /home/sunny/catkin_ws/install/uuv_gazebo_plugins/include/uuv_gazebo_plugins/CMakeFiles/uuv_gazebo_plugins_uninstall.dir
[1.566s] -- Up-to-date: /home/sunny/catkin_ws/install/uuv_gazebo_plugins/include/uuv_gazebo_plugins/CMakeFiles/UNIT_ThrusterDynamics_TEST.dir
[1.567s] -- Up-to-date: /home/sunny/catkin_ws/install/uuv_gazebo_plugins/include/uuv_gazebo_plugins/CMakeFiles/UNIT_ThrusterDynamics_TEST.dir/src
[1.568s] -- Up-to-date: /home/sunny/catkin_ws/install/uuv_gazebo_plugins/include/uuv_gazebo_plugins/CMakeFiles/3.22.1
[1.568s] -- Up-to-date: /home/sunny/catkin_ws/install/uuv_gazebo_plugins/include/uuv_gazebo_plugins/CMakeFiles/3.22.1/CompilerIdC
[1.568s] -- Up-to-date: /home/sunny/catkin_ws/install/uuv_gazebo_plugins/include/uuv_gazebo_plugins/CMakeFiles/3.22.1/CompilerIdC/tmp
[1.568s] -- Up-to-date: /home/sunny/catkin_ws/install/uuv_gazebo_plugins/include/uuv_gazebo_plugins/CMakeFiles/3.22.1/CompilerIdCXX
[1.568s] -- Up-to-date: /home/sunny/catkin_ws/install/uuv_gazebo_plugins/include/uuv_gazebo_plugins/CMakeFiles/3.22.1/CompilerIdCXX/tmp
[1.568s] -- Up-to-date: /home/sunny/catkin_ws/install/uuv_gazebo_plugins/include/uuv_gazebo_plugins/CMakeFiles/UNIT_ThrusterConversionFcn_TEST.dir
[1.568s] -- Up-to-date: /home/sunny/catkin_ws/install/uuv_gazebo_plugins/include/uuv_gazebo_plugins/CMakeFiles/UNIT_ThrusterConversionFcn_TEST.dir/src
[1.569s] -- Up-to-date: /home/sunny/catkin_ws/install/uuv_gazebo_plugins/include/uuv_gazebo_plugins/ament_cmake_export_dependencies
[1.569s] -- Up-to-date: /home/sunny/catkin_ws/install/uuv_gazebo_plugins/include/uuv_gazebo_plugins/Double.pb.h
[1.569s] -- Up-to-date: /home/sunny/catkin_ws/install/uuv_gazebo_plugins/include/uuv_gazebo_plugins/gtest
[1.569s] -- Up-to-date: /home/sunny/catkin_ws/install/uuv_gazebo_plugins/include/uuv_gazebo_plugins/gtest/CMakeFiles
[1.569s] -- Up-to-date: /home/sunny/catkin_ws/install/uuv_gazebo_plugins/include/uuv_gazebo_plugins/gtest/CMakeFiles/gtest_main.dir
[1.569s] -- Up-to-date: /home/sunny/catkin_ws/install/uuv_gazebo_plugins/include/uuv_gazebo_plugins/gtest/CMakeFiles/gtest_main.dir/src
[1.569s] -- Up-to-date: /home/sunny/catkin_ws/install/uuv_gazebo_plugins/include/uuv_gazebo_plugins/gtest/CMakeFiles/gtest.dir
[1.570s] -- Up-to-date: /home/sunny/catkin_ws/install/uuv_gazebo_plugins/include/uuv_gazebo_plugins/gtest/CMakeFiles/gtest.dir/src
[1.570s] -- Up-to-date: /home/sunny/catkin_ws/install/uuv_gazebo_plugins/include/uuv_gazebo_plugins/msgs
[1.570s] -- Up-to-date: /home/sunny/catkin_ws/install/uuv_gazebo_plugins/include/uuv_gazebo_plugins/Double.pb.cc
[1.570s] -- Up-to-date: /home/sunny/catkin_ws/install/uuv_gazebo_plugins/include/uuv_gazebo_plugins/Accel.pb.h
[1.570s] -- Up-to-date: /home/sunny/catkin_ws/install/uuv_gazebo_plugins/include/uuv_gazebo_plugins/ament_cmake_core
[1.570s] -- Up-to-date: /home/sunny/catkin_ws/install/uuv_gazebo_plugins/include/uuv_gazebo_plugins/ament_cmake_core/stamps
[1.570s] -- Up-to-date: /home/sunny/catkin_ws/install/uuv_gazebo_plugins/include/uuv_gazebo_plugins/ament_cmake_package_templates
[1.571s] -- Up-to-date: /home/sunny/catkin_ws/install/uuv_gazebo_plugins/include/uuv_gazebo_plugins/ament_cmake_export_libraries
[1.571s] -- Up-to-date: /home/sunny/catkin_ws/install/uuv_gazebo_plugins/include/uuv_gazebo_plugins/ament_cmake_index
[1.571s] -- Up-to-date: /home/sunny/catkin_ws/install/uuv_gazebo_plugins/include/uuv_gazebo_plugins/ament_cmake_index/share
[1.571s] -- Up-to-date: /home/sunny/catkin_ws/install/uuv_gazebo_plugins/include/uuv_gazebo_plugins/ament_cmake_index/share/ament_index
[1.572s] -- Up-to-date: /home/sunny/catkin_ws/install/uuv_gazebo_plugins/include/uuv_gazebo_plugins/ament_cmake_index/share/ament_index/resource_index
[1.572s] -- Up-to-date: /home/sunny/catkin_ws/install/uuv_gazebo_plugins/include/uuv_gazebo_plugins/ament_cmake_index/share/ament_index/resource_index/package_run_dependencies
[1.572s] -- Up-to-date: /home/sunny/catkin_ws/install/uuv_gazebo_plugins/include/uuv_gazebo_plugins/ament_cmake_index/share/ament_index/resource_index/packages
[1.573s] -- Up-to-date: /home/sunny/catkin_ws/install/uuv_gazebo_plugins/include/uuv_gazebo_plugins/ament_cmake_index/share/ament_index/resource_index/parent_prefix_path
[1.573s] -- Up-to-date: /home/sunny/catkin_ws/install/uuv_gazebo_plugins/include/uuv_gazebo_plugins/ament_cmake_export_include_directories
[1.573s] -- Up-to-date: /home/sunny/catkin_ws/install/uuv_gazebo_plugins/share/uuv_gazebo_plugins/environment/library_path.sh
[1.574s] -- Up-to-date: /home/sunny/catkin_ws/install/uuv_gazebo_plugins/share/uuv_gazebo_plugins/environment/library_path.dsv
[1.574s] -- Up-to-date: /home/sunny/catkin_ws/install/uuv_gazebo_plugins/share/ament_index/resource_index/package_run_dependencies/uuv_gazebo_plugins
[1.574s] -- Up-to-date: /home/sunny/catkin_ws/install/uuv_gazebo_plugins/share/ament_index/resource_index/parent_prefix_path/uuv_gazebo_plugins
[1.574s] -- Up-to-date: /home/sunny/catkin_ws/install/uuv_gazebo_plugins/share/uuv_gazebo_plugins/environment/ament_prefix_path.sh
[1.575s] -- Up-to-date: /home/sunny/catkin_ws/install/uuv_gazebo_plugins/share/uuv_gazebo_plugins/environment/ament_prefix_path.dsv
[1.577s] -- Up-to-date: /home/sunny/catkin_ws/install/uuv_gazebo_plugins/share/uuv_gazebo_plugins/environment/path.sh
[1.577s] -- Up-to-date: /home/sunny/catkin_ws/install/uuv_gazebo_plugins/share/uuv_gazebo_plugins/environment/path.dsv
[1.577s] -- Up-to-date: /home/sunny/catkin_ws/install/uuv_gazebo_plugins/share/uuv_gazebo_plugins/local_setup.bash
[1.577s] -- Up-to-date: /home/sunny/catkin_ws/install/uuv_gazebo_plugins/share/uuv_gazebo_plugins/local_setup.sh
[1.577s] -- Up-to-date: /home/sunny/catkin_ws/install/uuv_gazebo_plugins/share/uuv_gazebo_plugins/local_setup.zsh
[1.577s] -- Up-to-date: /home/sunny/catkin_ws/install/uuv_gazebo_plugins/share/uuv_gazebo_plugins/local_setup.dsv
[1.577s] -- Installing: /home/sunny/catkin_ws/install/uuv_gazebo_plugins/share/uuv_gazebo_plugins/package.dsv
[1.578s] -- Up-to-date: /home/sunny/catkin_ws/install/uuv_gazebo_plugins/share/ament_index/resource_index/packages/uuv_gazebo_plugins
[1.578s] -- Up-to-date: /home/sunny/catkin_ws/install/uuv_gazebo_plugins/share/uuv_gazebo_plugins/cmake/ament_cmake_export_dependencies-extras.cmake
[1.578s] -- Up-to-date: /home/sunny/catkin_ws/install/uuv_gazebo_plugins/share/uuv_gazebo_plugins/cmake/ament_cmake_export_include_directories-extras.cmake
[1.578s] -- Up-to-date: /home/sunny/catkin_ws/install/uuv_gazebo_plugins/share/uuv_gazebo_plugins/cmake/ament_cmake_export_libraries-extras.cmake
[1.578s] -- Up-to-date: /home/sunny/catkin_ws/install/uuv_gazebo_plugins/share/uuv_gazebo_plugins/cmake/uuv_gazebo_pluginsConfig.cmake
[1.578s] -- Up-to-date: /home/sunny/catkin_ws/install/uuv_gazebo_plugins/share/uuv_gazebo_plugins/cmake/uuv_gazebo_pluginsConfig-version.cmake
[1.578s] -- Up-to-date: /home/sunny/catkin_ws/install/uuv_gazebo_plugins/share/uuv_gazebo_plugins/package.xml
[1.741s] Invoked command in '/home/sunny/catkin_ws/build/uuv_gazebo_plugins' returned '0': CMAKE_PREFIX_PATH=${CMAKE_PREFIX_PATH}:/home/sunny/catkin_ws/install/beluga_adapter:/opt/ros/humble /usr/bin/cmake --install /home/sunny/catkin_ws/build/uuv_gazebo_plugins
