[0.642s] Invoking command in '/home/sunny/catkin_ws/src/beluga-sim': PYTHONPATH=/home/sunny/catkin_ws/build/beluga-sim/prefix_override:/home/sunny/catkin_ws/install/beluga-sim/lib/python3.10/site-packages:${PYTHONPATH} /usr/bin/python3 setup.py egg_info --egg-base ../../build/beluga-sim build --build-base /home/sunny/catkin_ws/build/beluga-sim/build install --record /home/sunny/catkin_ws/build/beluga-sim/install.log --single-version-externally-managed
[0.829s] running egg_info
[0.830s] creating ../../build/beluga-sim/beluga_sim.egg-info
[0.830s] writing ../../build/beluga-sim/beluga_sim.egg-info/PKG-INFO
[0.830s] writing dependency_links to ../../build/beluga-sim/beluga_sim.egg-info/dependency_links.txt
[0.831s] writing entry points to ../../build/beluga-sim/beluga_sim.egg-info/entry_points.txt
[0.831s] writing requirements to ../../build/beluga-sim/beluga_sim.egg-info/requires.txt
[0.831s] writing top-level names to ../../build/beluga-sim/beluga_sim.egg-info/top_level.txt
[0.831s] writing manifest file '../../build/beluga-sim/beluga_sim.egg-info/SOURCES.txt'
[0.832s] reading manifest file '../../build/beluga-sim/beluga_sim.egg-info/SOURCES.txt'
[0.833s] writing manifest file '../../build/beluga-sim/beluga_sim.egg-info/SOURCES.txt'
[0.833s] running build
[0.833s] running build_py
[0.833s] creating /home/sunny/catkin_ws/build/beluga-sim/build
[0.833s] creating /home/sunny/catkin_ws/build/beluga-sim/build/lib
[0.833s] creating /home/sunny/catkin_ws/build/beluga-sim/build/lib/beluga-sim
[0.833s] copying beluga-sim/__init__.py -> /home/sunny/catkin_ws/build/beluga-sim/build/lib/beluga-sim
[0.833s] running install
[0.833s] /usr/lib/python3/dist-packages/setuptools/command/install.py:34: SetuptoolsDeprecationWarning: setup.py install is deprecated. Use build and pip and other standards-based tools.
[0.834s]   warnings.warn(
[0.834s] running install_lib
[0.834s] creating /home/sunny/catkin_ws/install/beluga-sim/lib/python3.10/site-packages/beluga-sim
[0.834s] copying /home/sunny/catkin_ws/build/beluga-sim/build/lib/beluga-sim/__init__.py -> /home/sunny/catkin_ws/install/beluga-sim/lib/python3.10/site-packages/beluga-sim
[0.834s] byte-compiling /home/sunny/catkin_ws/install/beluga-sim/lib/python3.10/site-packages/beluga-sim/__init__.py to __init__.cpython-310.pyc
[0.835s] running install_data
[0.835s] creating /home/sunny/catkin_ws/install/beluga-sim/share/ament_index
[0.835s] creating /home/sunny/catkin_ws/install/beluga-sim/share/ament_index/resource_index
[0.835s] creating /home/sunny/catkin_ws/install/beluga-sim/share/ament_index/resource_index/packages
[0.835s] copying resource/beluga-sim -> /home/sunny/catkin_ws/install/beluga-sim/share/ament_index/resource_index/packages
[0.835s] copying package.xml -> /home/sunny/catkin_ws/install/beluga-sim/share/beluga-sim
[0.835s] running install_egg_info
[0.836s] Copying ../../build/beluga-sim/beluga_sim.egg-info to /home/sunny/catkin_ws/install/beluga-sim/lib/python3.10/site-packages/beluga_sim-0.0.0-py3.10.egg-info
[0.837s] running install_scripts
[0.854s] writing list of installed files to '/home/sunny/catkin_ws/build/beluga-sim/install.log'
[0.874s] Invoked command in '/home/sunny/catkin_ws/src/beluga-sim' returned '0': PYTHONPATH=/home/sunny/catkin_ws/build/beluga-sim/prefix_override:/home/sunny/catkin_ws/install/beluga-sim/lib/python3.10/site-packages:${PYTHONPATH} /usr/bin/python3 setup.py egg_info --egg-base ../../build/beluga-sim build --build-base /home/sunny/catkin_ws/build/beluga-sim/build install --record /home/sunny/catkin_ws/build/beluga-sim/install.log --single-version-externally-managed
