[0.691s] Invoking command in '/home/sunny/catkin_ws/src/beluga_adapter': PYTHONPATH=/home/sunny/catkin_ws/build/beluga_adapter/prefix_override:/home/sunny/catkin_ws/install/beluga_adapter/lib/python3.10/site-packages:${PYTHONPATH} /usr/bin/python3 setup.py egg_info --egg-base ../../build/beluga_adapter build --build-base /home/sunny/catkin_ws/build/beluga_adapter/build install --record /home/sunny/catkin_ws/build/beluga_adapter/install.log --single-version-externally-managed
[0.880s] running egg_info
[0.881s] writing ../../build/beluga_adapter/beluga_adapter.egg-info/PKG-INFO
[0.881s] writing dependency_links to ../../build/beluga_adapter/beluga_adapter.egg-info/dependency_links.txt
[0.881s] writing entry points to ../../build/beluga_adapter/beluga_adapter.egg-info/entry_points.txt
[0.881s] writing requirements to ../../build/beluga_adapter/beluga_adapter.egg-info/requires.txt
[0.881s] writing top-level names to ../../build/beluga_adapter/beluga_adapter.egg-info/top_level.txt
[0.883s] reading manifest file '../../build/beluga_adapter/beluga_adapter.egg-info/SOURCES.txt'
[0.883s] writing manifest file '../../build/beluga_adapter/beluga_adapter.egg-info/SOURCES.txt'
[0.883s] running build
[0.883s] running build_py
[0.883s] copying beluga_adapter/basic_teleop.py -> /home/sunny/catkin_ws/build/beluga_adapter/build/lib/beluga_adapter
[0.884s] copying beluga_adapter/thruster_manager.py -> /home/sunny/catkin_ws/build/beluga_adapter/build/lib/beluga_adapter
[0.884s] running install
[0.884s] /usr/lib/python3/dist-packages/setuptools/command/install.py:34: SetuptoolsDeprecationWarning: setup.py install is deprecated. Use build and pip and other standards-based tools.
[0.884s]   warnings.warn(
[0.884s] running install_lib
[0.885s] copying /home/sunny/catkin_ws/build/beluga_adapter/build/lib/beluga_adapter/basic_teleop.py -> /home/sunny/catkin_ws/install/beluga_adapter/lib/python3.10/site-packages/beluga_adapter
[0.885s] copying /home/sunny/catkin_ws/build/beluga_adapter/build/lib/beluga_adapter/thruster_manager.py -> /home/sunny/catkin_ws/install/beluga_adapter/lib/python3.10/site-packages/beluga_adapter
[0.885s] byte-compiling /home/sunny/catkin_ws/install/beluga_adapter/lib/python3.10/site-packages/beluga_adapter/basic_teleop.py to basic_teleop.cpython-310.pyc
[0.886s] byte-compiling /home/sunny/catkin_ws/install/beluga_adapter/lib/python3.10/site-packages/beluga_adapter/thruster_manager.py to thruster_manager.cpython-310.pyc
[0.886s] running install_data
[0.887s] copying package.xml -> /home/sunny/catkin_ws/install/beluga_adapter/share/beluga_adapter
[0.887s] running install_egg_info
[0.888s] removing '/home/sunny/catkin_ws/install/beluga_adapter/lib/python3.10/site-packages/beluga_adapter-0.0.0-py3.10.egg-info' (and everything under it)
[0.888s] Copying ../../build/beluga_adapter/beluga_adapter.egg-info to /home/sunny/catkin_ws/install/beluga_adapter/lib/python3.10/site-packages/beluga_adapter-0.0.0-py3.10.egg-info
[0.889s] running install_scripts
[0.905s] writing list of installed files to '/home/sunny/catkin_ws/build/beluga_adapter/install.log'
[0.924s] Invoked command in '/home/sunny/catkin_ws/src/beluga_adapter' returned '0': PYTHONPATH=/home/sunny/catkin_ws/build/beluga_adapter/prefix_override:/home/sunny/catkin_ws/install/beluga_adapter/lib/python3.10/site-packages:${PYTHONPATH} /usr/bin/python3 setup.py egg_info --egg-base ../../build/beluga_adapter build --build-base /home/sunny/catkin_ws/build/beluga_adapter/build install --record /home/sunny/catkin_ws/build/beluga_adapter/install.log --single-version-externally-managed
