[35m[1mConsolidate compiler generated dependencies of target uuv_thruster_manager__rosidl_generator_c[0m
[  1%] Built target uuv_thruster_manager__cpp
[ 12%] Built target uuv_thruster_manager__rosidl_generator_c
[ 12%] Built target ament_cmake_python_copy_uuv_thruster_manager
[35m[1mConsolidate compiler generated dependencies of target uuv_thruster_manager__rosidl_typesupport_introspection_cpp[0m
[35m[1mConsolidate compiler generated dependencies of target uuv_thruster_manager__rosidl_typesupport_cpp[0m
[ 12%] Built target ament_cmake_python_copy_uuv_thrusters.models
[ 12%] Built target ament_cmake_python_copy_uuv_thrusters
[35m[1mConsolidate compiler generated dependencies of target uuv_thruster_manager__rosidl_typesupport_fastrtps_cpp[0m
[35m[1mConsolidate compiler generated dependencies of target uuv_thruster_manager__rosidl_typesupport_fastrtps_c[0m
[35m[1mConsolidate compiler generated dependencies of target uuv_thruster_manager__rosidl_typesupport_introspection_c[0m
[35m[1mConsolidate compiler generated dependencies of target uuv_thruster_manager__rosidl_typesupport_c[0m
[ 23%] Built target uuv_thruster_manager__rosidl_typesupport_cpp
[ 40%] Built target uuv_thruster_manager__rosidl_typesupport_introspection_cpp
[ 45%] Built target uuv_thruster_manager__rosidl_typesupport_fastrtps_cpp
[ 56%] Built target uuv_thruster_manager__rosidl_typesupport_c
[ 67%] Built target uuv_thruster_manager__rosidl_typesupport_fastrtps_c
[ 78%] Built target uuv_thruster_manager__rosidl_typesupport_introspection_c
[ 78%] Built target uuv_thruster_manager
[ 80%] Built target uuv_thruster_manager__py
[35m[1mConsolidate compiler generated dependencies of target uuv_thruster_manager__rosidl_generator_py[0m
[ 89%] Built target uuv_thruster_manager__rosidl_generator_py
running egg_info
writing uuv_thrusters.egg-info/PKG-INFO
writing dependency_links to uuv_thrusters.egg-info/dependency_links.txt
writing top-level names to uuv_thrusters.egg-info/top_level.txt
reading manifest file 'uuv_thrusters.egg-info/SOURCES.txt'
writing manifest file 'uuv_thrusters.egg-info/SOURCES.txt'
[35m[1mConsolidate compiler generated dependencies of target uuv_thruster_manager__rosidl_typesupport_fastrtps_c__pyext[0m
[35m[1mConsolidate compiler generated dependencies of target uuv_thruster_manager__rosidl_typesupport_introspection_c__pyext[0m
[35m[1mConsolidate compiler generated dependencies of target uuv_thruster_manager__rosidl_typesupport_c__pyext[0m
[ 89%] Built target ament_cmake_python_build_uuv_thrusters_egg
[ 92%] Built target uuv_thruster_manager__rosidl_typesupport_fastrtps_c__pyext
[ 96%] Built target uuv_thruster_manager__rosidl_typesupport_introspection_c__pyext
[100%] Built target uuv_thruster_manager__rosidl_typesupport_c__pyext
running egg_info
writing uuv_thruster_manager.egg-info/PKG-INFO
writing dependency_links to uuv_thruster_manager.egg-info/dependency_links.txt
writing top-level names to uuv_thruster_manager.egg-info/top_level.txt
reading manifest file 'uuv_thruster_manager.egg-info/SOURCES.txt'
writing manifest file 'uuv_thruster_manager.egg-info/SOURCES.txt'
running egg_info
writing uuv_thrusters.models.egg-info/PKG-INFO
writing dependency_links to uuv_thrusters.models.egg-info/dependency_links.txt
writing top-level names to uuv_thrusters.models.egg-info/top_level.txt
reading manifest file 'uuv_thrusters.models.egg-info/SOURCES.txt'
writing manifest file 'uuv_thrusters.models.egg-info/SOURCES.txt'
[100%] Built target ament_cmake_python_build_uuv_thrusters.models_egg
[100%] Built target ament_cmake_python_build_uuv_thruster_manager_egg
-- Install configuration: ""
-- Installing: /home/sunny/catkin_ws/install/uuv_thruster_manager/share/ament_index/resource_index/rosidl_interfaces/uuv_thruster_manager
-- Installing: /home/sunny/catkin_ws/install/uuv_thruster_manager/include/uuv_thruster_manager/uuv_thruster_manager
-- Installing: /home/sunny/catkin_ws/install/uuv_thruster_manager/include/uuv_thruster_manager/uuv_thruster_manager/srv
-- Installing: /home/sunny/catkin_ws/install/uuv_thruster_manager/include/uuv_thruster_manager/uuv_thruster_manager/srv/get_thruster_manager_config.h
-- Installing: /home/sunny/catkin_ws/install/uuv_thruster_manager/include/uuv_thruster_manager/uuv_thruster_manager/srv/set_thruster_manager_config.h
-- Installing: /home/sunny/catkin_ws/install/uuv_thruster_manager/include/uuv_thruster_manager/uuv_thruster_manager/srv/detail
-- Installing: /home/sunny/catkin_ws/install/uuv_thruster_manager/include/uuv_thruster_manager/uuv_thruster_manager/srv/detail/thruster_manager_info__functions.c
-- Installing: /home/sunny/catkin_ws/install/uuv_thruster_manager/include/uuv_thruster_manager/uuv_thruster_manager/srv/detail/get_thruster_manager_config__struct.h
-- Installing: /home/sunny/catkin_ws/install/uuv_thruster_manager/include/uuv_thruster_manager/uuv_thruster_manager/srv/detail/set_thruster_manager_config__struct.h
-- Installing: /home/sunny/catkin_ws/install/uuv_thruster_manager/include/uuv_thruster_manager/uuv_thruster_manager/srv/detail/set_thruster_manager_config__type_support.h
-- Installing: /home/sunny/catkin_ws/install/uuv_thruster_manager/include/uuv_thruster_manager/uuv_thruster_manager/srv/detail/set_thruster_manager_config__functions.h
-- Installing: /home/sunny/catkin_ws/install/uuv_thruster_manager/include/uuv_thruster_manager/uuv_thruster_manager/srv/detail/get_thruster_curve__type_support.h
-- Installing: /home/sunny/catkin_ws/install/uuv_thruster_manager/include/uuv_thruster_manager/uuv_thruster_manager/srv/detail/get_thruster_curve__functions.h
-- Installing: /home/sunny/catkin_ws/install/uuv_thruster_manager/include/uuv_thruster_manager/uuv_thruster_manager/srv/detail/get_thruster_manager_config__functions.c
-- Installing: /home/sunny/catkin_ws/install/uuv_thruster_manager/include/uuv_thruster_manager/uuv_thruster_manager/srv/detail/set_thruster_manager_config__functions.c
-- Installing: /home/sunny/catkin_ws/install/uuv_thruster_manager/include/uuv_thruster_manager/uuv_thruster_manager/srv/detail/thruster_manager_info__type_support.h
-- Installing: /home/sunny/catkin_ws/install/uuv_thruster_manager/include/uuv_thruster_manager/uuv_thruster_manager/srv/detail/get_thruster_curve__functions.c
-- Installing: /home/sunny/catkin_ws/install/uuv_thruster_manager/include/uuv_thruster_manager/uuv_thruster_manager/srv/detail/get_thruster_curve__struct.h
-- Installing: /home/sunny/catkin_ws/install/uuv_thruster_manager/include/uuv_thruster_manager/uuv_thruster_manager/srv/detail/thruster_manager_info__functions.h
-- Installing: /home/sunny/catkin_ws/install/uuv_thruster_manager/include/uuv_thruster_manager/uuv_thruster_manager/srv/detail/get_thruster_manager_config__functions.h
-- Installing: /home/sunny/catkin_ws/install/uuv_thruster_manager/include/uuv_thruster_manager/uuv_thruster_manager/srv/detail/thruster_manager_info__struct.h
-- Installing: /home/sunny/catkin_ws/install/uuv_thruster_manager/include/uuv_thruster_manager/uuv_thruster_manager/srv/detail/get_thruster_manager_config__type_support.h
-- Installing: /home/sunny/catkin_ws/install/uuv_thruster_manager/include/uuv_thruster_manager/uuv_thruster_manager/srv/get_thruster_curve.h
-- Installing: /home/sunny/catkin_ws/install/uuv_thruster_manager/include/uuv_thruster_manager/uuv_thruster_manager/srv/thruster_manager_info.h
-- Installing: /home/sunny/catkin_ws/install/uuv_thruster_manager/include/uuv_thruster_manager/uuv_thruster_manager/msg
-- Installing: /home/sunny/catkin_ws/install/uuv_thruster_manager/include/uuv_thruster_manager/uuv_thruster_manager/msg/rosidl_generator_c__visibility_control.h
-- Installing: /home/sunny/catkin_ws/install/uuv_thruster_manager/share/uuv_thruster_manager/environment/library_path.sh
-- Installing: /home/sunny/catkin_ws/install/uuv_thruster_manager/share/uuv_thruster_manager/environment/library_path.dsv
-- Installing: /home/sunny/catkin_ws/install/uuv_thruster_manager/lib/libuuv_thruster_manager__rosidl_generator_c.so
-- Set runtime path of "/home/sunny/catkin_ws/install/uuv_thruster_manager/lib/libuuv_thruster_manager__rosidl_generator_c.so" to ""
-- Up-to-date: /home/sunny/catkin_ws/install/uuv_thruster_manager/include/uuv_thruster_manager/uuv_thruster_manager
-- Up-to-date: /home/sunny/catkin_ws/install/uuv_thruster_manager/include/uuv_thruster_manager/uuv_thruster_manager/srv
-- Up-to-date: /home/sunny/catkin_ws/install/uuv_thruster_manager/include/uuv_thruster_manager/uuv_thruster_manager/srv/detail
-- Installing: /home/sunny/catkin_ws/install/uuv_thruster_manager/include/uuv_thruster_manager/uuv_thruster_manager/srv/detail/set_thruster_manager_config__rosidl_typesupport_fastrtps_c.h
-- Installing: /home/sunny/catkin_ws/install/uuv_thruster_manager/include/uuv_thruster_manager/uuv_thruster_manager/srv/detail/get_thruster_manager_config__rosidl_typesupport_fastrtps_c.h
-- Installing: /home/sunny/catkin_ws/install/uuv_thruster_manager/include/uuv_thruster_manager/uuv_thruster_manager/srv/detail/thruster_manager_info__rosidl_typesupport_fastrtps_c.h
-- Installing: /home/sunny/catkin_ws/install/uuv_thruster_manager/include/uuv_thruster_manager/uuv_thruster_manager/srv/detail/get_thruster_curve__rosidl_typesupport_fastrtps_c.h
-- Up-to-date: /home/sunny/catkin_ws/install/uuv_thruster_manager/include/uuv_thruster_manager/uuv_thruster_manager/msg
-- Installing: /home/sunny/catkin_ws/install/uuv_thruster_manager/include/uuv_thruster_manager/uuv_thruster_manager/msg/rosidl_typesupport_fastrtps_c__visibility_control.h
-- Installing: /home/sunny/catkin_ws/install/uuv_thruster_manager/lib/libuuv_thruster_manager__rosidl_typesupport_fastrtps_c.so
-- Set runtime path of "/home/sunny/catkin_ws/install/uuv_thruster_manager/lib/libuuv_thruster_manager__rosidl_typesupport_fastrtps_c.so" to ""
-- Up-to-date: /home/sunny/catkin_ws/install/uuv_thruster_manager/include/uuv_thruster_manager/uuv_thruster_manager
-- Up-to-date: /home/sunny/catkin_ws/install/uuv_thruster_manager/include/uuv_thruster_manager/uuv_thruster_manager/srv
-- Installing: /home/sunny/catkin_ws/install/uuv_thruster_manager/include/uuv_thruster_manager/uuv_thruster_manager/srv/get_thruster_curve.hpp
-- Installing: /home/sunny/catkin_ws/install/uuv_thruster_manager/include/uuv_thruster_manager/uuv_thruster_manager/srv/get_thruster_manager_config.hpp
-- Up-to-date: /home/sunny/catkin_ws/install/uuv_thruster_manager/include/uuv_thruster_manager/uuv_thruster_manager/srv/detail
-- Installing: /home/sunny/catkin_ws/install/uuv_thruster_manager/include/uuv_thruster_manager/uuv_thruster_manager/srv/detail/thruster_manager_info__struct.hpp
-- Installing: /home/sunny/catkin_ws/install/uuv_thruster_manager/include/uuv_thruster_manager/uuv_thruster_manager/srv/detail/get_thruster_curve__struct.hpp
-- Installing: /home/sunny/catkin_ws/install/uuv_thruster_manager/include/uuv_thruster_manager/uuv_thruster_manager/srv/detail/get_thruster_manager_config__builder.hpp
-- Installing: /home/sunny/catkin_ws/install/uuv_thruster_manager/include/uuv_thruster_manager/uuv_thruster_manager/srv/detail/get_thruster_curve__builder.hpp
-- Installing: /home/sunny/catkin_ws/install/uuv_thruster_manager/include/uuv_thruster_manager/uuv_thruster_manager/srv/detail/get_thruster_manager_config__struct.hpp
-- Installing: /home/sunny/catkin_ws/install/uuv_thruster_manager/include/uuv_thruster_manager/uuv_thruster_manager/srv/detail/thruster_manager_info__builder.hpp
-- Installing: /home/sunny/catkin_ws/install/uuv_thruster_manager/include/uuv_thruster_manager/uuv_thruster_manager/srv/detail/set_thruster_manager_config__builder.hpp
-- Installing: /home/sunny/catkin_ws/install/uuv_thruster_manager/include/uuv_thruster_manager/uuv_thruster_manager/srv/detail/thruster_manager_info__traits.hpp
-- Installing: /home/sunny/catkin_ws/install/uuv_thruster_manager/include/uuv_thruster_manager/uuv_thruster_manager/srv/detail/get_thruster_curve__traits.hpp
-- Installing: /home/sunny/catkin_ws/install/uuv_thruster_manager/include/uuv_thruster_manager/uuv_thruster_manager/srv/detail/get_thruster_manager_config__traits.hpp
-- Installing: /home/sunny/catkin_ws/install/uuv_thruster_manager/include/uuv_thruster_manager/uuv_thruster_manager/srv/detail/set_thruster_manager_config__struct.hpp
-- Installing: /home/sunny/catkin_ws/install/uuv_thruster_manager/include/uuv_thruster_manager/uuv_thruster_manager/srv/detail/set_thruster_manager_config__traits.hpp
-- Installing: /home/sunny/catkin_ws/install/uuv_thruster_manager/include/uuv_thruster_manager/uuv_thruster_manager/srv/thruster_manager_info.hpp
-- Installing: /home/sunny/catkin_ws/install/uuv_thruster_manager/include/uuv_thruster_manager/uuv_thruster_manager/srv/set_thruster_manager_config.hpp
-- Up-to-date: /home/sunny/catkin_ws/install/uuv_thruster_manager/include/uuv_thruster_manager/uuv_thruster_manager
-- Up-to-date: /home/sunny/catkin_ws/install/uuv_thruster_manager/include/uuv_thruster_manager/uuv_thruster_manager/srv
-- Up-to-date: /home/sunny/catkin_ws/install/uuv_thruster_manager/include/uuv_thruster_manager/uuv_thruster_manager/srv/detail
-- Installing: /home/sunny/catkin_ws/install/uuv_thruster_manager/include/uuv_thruster_manager/uuv_thruster_manager/srv/detail/thruster_manager_info__rosidl_typesupport_fastrtps_cpp.hpp
-- Installing: /home/sunny/catkin_ws/install/uuv_thruster_manager/include/uuv_thruster_manager/uuv_thruster_manager/srv/detail/get_thruster_curve__rosidl_typesupport_fastrtps_cpp.hpp
-- Installing: /home/sunny/catkin_ws/install/uuv_thruster_manager/include/uuv_thruster_manager/uuv_thruster_manager/srv/detail/set_thruster_manager_config__rosidl_typesupport_fastrtps_cpp.hpp
-- Installing: /home/sunny/catkin_ws/install/uuv_thruster_manager/include/uuv_thruster_manager/uuv_thruster_manager/srv/detail/get_thruster_manager_config__rosidl_typesupport_fastrtps_cpp.hpp
-- Installing: /home/sunny/catkin_ws/install/uuv_thruster_manager/include/uuv_thruster_manager/uuv_thruster_manager/srv/detail/dds_fastrtps
-- Up-to-date: /home/sunny/catkin_ws/install/uuv_thruster_manager/include/uuv_thruster_manager/uuv_thruster_manager/msg
-- Installing: /home/sunny/catkin_ws/install/uuv_thruster_manager/include/uuv_thruster_manager/uuv_thruster_manager/msg/rosidl_typesupport_fastrtps_cpp__visibility_control.h
-- Installing: /home/sunny/catkin_ws/install/uuv_thruster_manager/lib/libuuv_thruster_manager__rosidl_typesupport_fastrtps_cpp.so
-- Set runtime path of "/home/sunny/catkin_ws/install/uuv_thruster_manager/lib/libuuv_thruster_manager__rosidl_typesupport_fastrtps_cpp.so" to ""
-- Up-to-date: /home/sunny/catkin_ws/install/uuv_thruster_manager/include/uuv_thruster_manager/uuv_thruster_manager
-- Up-to-date: /home/sunny/catkin_ws/install/uuv_thruster_manager/include/uuv_thruster_manager/uuv_thruster_manager/srv
-- Up-to-date: /home/sunny/catkin_ws/install/uuv_thruster_manager/include/uuv_thruster_manager/uuv_thruster_manager/srv/detail
-- Installing: /home/sunny/catkin_ws/install/uuv_thruster_manager/include/uuv_thruster_manager/uuv_thruster_manager/srv/detail/set_thruster_manager_config__rosidl_typesupport_introspection_c.h
-- Installing: /home/sunny/catkin_ws/install/uuv_thruster_manager/include/uuv_thruster_manager/uuv_thruster_manager/srv/detail/get_thruster_curve__type_support.c
-- Installing: /home/sunny/catkin_ws/install/uuv_thruster_manager/include/uuv_thruster_manager/uuv_thruster_manager/srv/detail/get_thruster_manager_config__rosidl_typesupport_introspection_c.h
-- Installing: /home/sunny/catkin_ws/install/uuv_thruster_manager/include/uuv_thruster_manager/uuv_thruster_manager/srv/detail/thruster_manager_info__rosidl_typesupport_introspection_c.h
-- Installing: /home/sunny/catkin_ws/install/uuv_thruster_manager/include/uuv_thruster_manager/uuv_thruster_manager/srv/detail/thruster_manager_info__type_support.c
-- Installing: /home/sunny/catkin_ws/install/uuv_thruster_manager/include/uuv_thruster_manager/uuv_thruster_manager/srv/detail/set_thruster_manager_config__type_support.c
-- Installing: /home/sunny/catkin_ws/install/uuv_thruster_manager/include/uuv_thruster_manager/uuv_thruster_manager/srv/detail/get_thruster_curve__rosidl_typesupport_introspection_c.h
-- Installing: /home/sunny/catkin_ws/install/uuv_thruster_manager/include/uuv_thruster_manager/uuv_thruster_manager/srv/detail/get_thruster_manager_config__type_support.c
-- Up-to-date: /home/sunny/catkin_ws/install/uuv_thruster_manager/include/uuv_thruster_manager/uuv_thruster_manager/msg
-- Installing: /home/sunny/catkin_ws/install/uuv_thruster_manager/include/uuv_thruster_manager/uuv_thruster_manager/msg/rosidl_typesupport_introspection_c__visibility_control.h
-- Installing: /home/sunny/catkin_ws/install/uuv_thruster_manager/lib/libuuv_thruster_manager__rosidl_typesupport_introspection_c.so
-- Set runtime path of "/home/sunny/catkin_ws/install/uuv_thruster_manager/lib/libuuv_thruster_manager__rosidl_typesupport_introspection_c.so" to ""
-- Installing: /home/sunny/catkin_ws/install/uuv_thruster_manager/lib/libuuv_thruster_manager__rosidl_typesupport_c.so
-- Set runtime path of "/home/sunny/catkin_ws/install/uuv_thruster_manager/lib/libuuv_thruster_manager__rosidl_typesupport_c.so" to ""
-- Up-to-date: /home/sunny/catkin_ws/install/uuv_thruster_manager/include/uuv_thruster_manager/uuv_thruster_manager
-- Up-to-date: /home/sunny/catkin_ws/install/uuv_thruster_manager/include/uuv_thruster_manager/uuv_thruster_manager/srv
-- Up-to-date: /home/sunny/catkin_ws/install/uuv_thruster_manager/include/uuv_thruster_manager/uuv_thruster_manager/srv/detail
-- Installing: /home/sunny/catkin_ws/install/uuv_thruster_manager/include/uuv_thruster_manager/uuv_thruster_manager/srv/detail/get_thruster_manager_config__type_support.cpp
-- Installing: /home/sunny/catkin_ws/install/uuv_thruster_manager/include/uuv_thruster_manager/uuv_thruster_manager/srv/detail/get_thruster_curve__rosidl_typesupport_introspection_cpp.hpp
-- Installing: /home/sunny/catkin_ws/install/uuv_thruster_manager/include/uuv_thruster_manager/uuv_thruster_manager/srv/detail/thruster_manager_info__rosidl_typesupport_introspection_cpp.hpp
-- Installing: /home/sunny/catkin_ws/install/uuv_thruster_manager/include/uuv_thruster_manager/uuv_thruster_manager/srv/detail/set_thruster_manager_config__rosidl_typesupport_introspection_cpp.hpp
-- Installing: /home/sunny/catkin_ws/install/uuv_thruster_manager/include/uuv_thruster_manager/uuv_thruster_manager/srv/detail/set_thruster_manager_config__type_support.cpp
-- Installing: /home/sunny/catkin_ws/install/uuv_thruster_manager/include/uuv_thruster_manager/uuv_thruster_manager/srv/detail/get_thruster_manager_config__rosidl_typesupport_introspection_cpp.hpp
-- Installing: /home/sunny/catkin_ws/install/uuv_thruster_manager/include/uuv_thruster_manager/uuv_thruster_manager/srv/detail/get_thruster_curve__type_support.cpp
-- Installing: /home/sunny/catkin_ws/install/uuv_thruster_manager/include/uuv_thruster_manager/uuv_thruster_manager/srv/detail/thruster_manager_info__type_support.cpp
-- Installing: /home/sunny/catkin_ws/install/uuv_thruster_manager/lib/libuuv_thruster_manager__rosidl_typesupport_introspection_cpp.so
-- Set runtime path of "/home/sunny/catkin_ws/install/uuv_thruster_manager/lib/libuuv_thruster_manager__rosidl_typesupport_introspection_cpp.so" to ""
-- Installing: /home/sunny/catkin_ws/install/uuv_thruster_manager/lib/libuuv_thruster_manager__rosidl_typesupport_cpp.so
-- Set runtime path of "/home/sunny/catkin_ws/install/uuv_thruster_manager/lib/libuuv_thruster_manager__rosidl_typesupport_cpp.so" to ""
-- Installing: /home/sunny/catkin_ws/install/uuv_thruster_manager/share/uuv_thruster_manager/environment/pythonpath.sh
-- Installing: /home/sunny/catkin_ws/install/uuv_thruster_manager/share/uuv_thruster_manager/environment/pythonpath.dsv
-- Installing: /home/sunny/catkin_ws/install/uuv_thruster_manager/local/lib/python3.10/dist-packages/uuv_thruster_manager-0.6.1-py3.10.egg-info
-- Installing: /home/sunny/catkin_ws/install/uuv_thruster_manager/local/lib/python3.10/dist-packages/uuv_thruster_manager-0.6.1-py3.10.egg-info/PKG-INFO
-- Installing: /home/sunny/catkin_ws/install/uuv_thruster_manager/local/lib/python3.10/dist-packages/uuv_thruster_manager-0.6.1-py3.10.egg-info/SOURCES.txt
-- Installing: /home/sunny/catkin_ws/install/uuv_thruster_manager/local/lib/python3.10/dist-packages/uuv_thruster_manager-0.6.1-py3.10.egg-info/top_level.txt
-- Installing: /home/sunny/catkin_ws/install/uuv_thruster_manager/local/lib/python3.10/dist-packages/uuv_thruster_manager-0.6.1-py3.10.egg-info/dependency_links.txt
-- Installing: /home/sunny/catkin_ws/install/uuv_thruster_manager/local/lib/python3.10/dist-packages/uuv_thruster_manager
-- Installing: /home/sunny/catkin_ws/install/uuv_thruster_manager/local/lib/python3.10/dist-packages/uuv_thruster_manager/__init__.py
-- Installing: /home/sunny/catkin_ws/install/uuv_thruster_manager/local/lib/python3.10/dist-packages/uuv_thruster_manager/_uuv_thruster_manager_s.ep.rosidl_typesupport_introspection_c.c
-- Installing: /home/sunny/catkin_ws/install/uuv_thruster_manager/local/lib/python3.10/dist-packages/uuv_thruster_manager/uuv_thruster_manager_s__rosidl_typesupport_introspection_c.cpython-310-x86_64-linux-gnu.so
-- Installing: /home/sunny/catkin_ws/install/uuv_thruster_manager/local/lib/python3.10/dist-packages/uuv_thruster_manager/srv
-- Installing: /home/sunny/catkin_ws/install/uuv_thruster_manager/local/lib/python3.10/dist-packages/uuv_thruster_manager/srv/__init__.py
-- Installing: /home/sunny/catkin_ws/install/uuv_thruster_manager/local/lib/python3.10/dist-packages/uuv_thruster_manager/srv/_get_thruster_manager_config_s.c
-- Installing: /home/sunny/catkin_ws/install/uuv_thruster_manager/local/lib/python3.10/dist-packages/uuv_thruster_manager/srv/_get_thruster_curve.py
-- Installing: /home/sunny/catkin_ws/install/uuv_thruster_manager/local/lib/python3.10/dist-packages/uuv_thruster_manager/srv/_set_thruster_manager_config_s.c
-- Installing: /home/sunny/catkin_ws/install/uuv_thruster_manager/local/lib/python3.10/dist-packages/uuv_thruster_manager/srv/_thruster_manager_info_s.c
-- Installing: /home/sunny/catkin_ws/install/uuv_thruster_manager/local/lib/python3.10/dist-packages/uuv_thruster_manager/srv/_thruster_manager_info.py
-- Installing: /home/sunny/catkin_ws/install/uuv_thruster_manager/local/lib/python3.10/dist-packages/uuv_thruster_manager/srv/_get_thruster_manager_config.py
-- Installing: /home/sunny/catkin_ws/install/uuv_thruster_manager/local/lib/python3.10/dist-packages/uuv_thruster_manager/srv/_set_thruster_manager_config.py
-- Installing: /home/sunny/catkin_ws/install/uuv_thruster_manager/local/lib/python3.10/dist-packages/uuv_thruster_manager/srv/_get_thruster_curve_s.c
-- Installing: /home/sunny/catkin_ws/install/uuv_thruster_manager/local/lib/python3.10/dist-packages/uuv_thruster_manager/_uuv_thruster_manager_s.ep.rosidl_typesupport_fastrtps_c.c
-- Installing: /home/sunny/catkin_ws/install/uuv_thruster_manager/local/lib/python3.10/dist-packages/uuv_thruster_manager/uuv_thruster_manager_s__rosidl_typesupport_fastrtps_c.cpython-310-x86_64-linux-gnu.so
-- Installing: /home/sunny/catkin_ws/install/uuv_thruster_manager/local/lib/python3.10/dist-packages/uuv_thruster_manager/libuuv_thruster_manager__rosidl_generator_py.so
-- Installing: /home/sunny/catkin_ws/install/uuv_thruster_manager/local/lib/python3.10/dist-packages/uuv_thruster_manager/uuv_thruster_manager_s__rosidl_typesupport_c.cpython-310-x86_64-linux-gnu.so
-- Installing: /home/sunny/catkin_ws/install/uuv_thruster_manager/local/lib/python3.10/dist-packages/uuv_thruster_manager/_uuv_thruster_manager_s.ep.rosidl_typesupport_c.c
Listing '/home/sunny/catkin_ws/install/uuv_thruster_manager/local/lib/python3.10/dist-packages/uuv_thruster_manager'...
Compiling '/home/sunny/catkin_ws/install/uuv_thruster_manager/local/lib/python3.10/dist-packages/uuv_thruster_manager/__init__.py'...
Listing '/home/sunny/catkin_ws/install/uuv_thruster_manager/local/lib/python3.10/dist-packages/uuv_thruster_manager/srv'...
Compiling '/home/sunny/catkin_ws/install/uuv_thruster_manager/local/lib/python3.10/dist-packages/uuv_thruster_manager/srv/__init__.py'...
Compiling '/home/sunny/catkin_ws/install/uuv_thruster_manager/local/lib/python3.10/dist-packages/uuv_thruster_manager/srv/_get_thruster_curve.py'...
Compiling '/home/sunny/catkin_ws/install/uuv_thruster_manager/local/lib/python3.10/dist-packages/uuv_thruster_manager/srv/_get_thruster_manager_config.py'...
Compiling '/home/sunny/catkin_ws/install/uuv_thruster_manager/local/lib/python3.10/dist-packages/uuv_thruster_manager/srv/_set_thruster_manager_config.py'...
Compiling '/home/sunny/catkin_ws/install/uuv_thruster_manager/local/lib/python3.10/dist-packages/uuv_thruster_manager/srv/_thruster_manager_info.py'...
-- Installing: /home/sunny/catkin_ws/install/uuv_thruster_manager/local/lib/python3.10/dist-packages/uuv_thruster_manager/uuv_thruster_manager_s__rosidl_typesupport_fastrtps_c.cpython-310-x86_64-linux-gnu.so
-- Set runtime path of "/home/sunny/catkin_ws/install/uuv_thruster_manager/local/lib/python3.10/dist-packages/uuv_thruster_manager/uuv_thruster_manager_s__rosidl_typesupport_fastrtps_c.cpython-310-x86_64-linux-gnu.so" to ""
-- Installing: /home/sunny/catkin_ws/install/uuv_thruster_manager/local/lib/python3.10/dist-packages/uuv_thruster_manager/uuv_thruster_manager_s__rosidl_typesupport_introspection_c.cpython-310-x86_64-linux-gnu.so
-- Set runtime path of "/home/sunny/catkin_ws/install/uuv_thruster_manager/local/lib/python3.10/dist-packages/uuv_thruster_manager/uuv_thruster_manager_s__rosidl_typesupport_introspection_c.cpython-310-x86_64-linux-gnu.so" to ""
-- Installing: /home/sunny/catkin_ws/install/uuv_thruster_manager/local/lib/python3.10/dist-packages/uuv_thruster_manager/uuv_thruster_manager_s__rosidl_typesupport_c.cpython-310-x86_64-linux-gnu.so
-- Set runtime path of "/home/sunny/catkin_ws/install/uuv_thruster_manager/local/lib/python3.10/dist-packages/uuv_thruster_manager/uuv_thruster_manager_s__rosidl_typesupport_c.cpython-310-x86_64-linux-gnu.so" to ""
-- Installing: /home/sunny/catkin_ws/install/uuv_thruster_manager/lib/libuuv_thruster_manager__rosidl_generator_py.so
-- Set runtime path of "/home/sunny/catkin_ws/install/uuv_thruster_manager/lib/libuuv_thruster_manager__rosidl_generator_py.so" to ""
-- Installing: /home/sunny/catkin_ws/install/uuv_thruster_manager/share/uuv_thruster_manager/srv/GetThrusterCurve.idl
-- Installing: /home/sunny/catkin_ws/install/uuv_thruster_manager/share/uuv_thruster_manager/srv/ThrusterManagerInfo.idl
-- Installing: /home/sunny/catkin_ws/install/uuv_thruster_manager/share/uuv_thruster_manager/srv/SetThrusterManagerConfig.idl
-- Installing: /home/sunny/catkin_ws/install/uuv_thruster_manager/share/uuv_thruster_manager/srv/GetThrusterManagerConfig.idl
-- Installing: /home/sunny/catkin_ws/install/uuv_thruster_manager/share/uuv_thruster_manager/srv/GetThrusterCurve.srv
-- Installing: /home/sunny/catkin_ws/install/uuv_thruster_manager/share/uuv_thruster_manager/srv/GetThrusterCurve_Request.msg
-- Installing: /home/sunny/catkin_ws/install/uuv_thruster_manager/share/uuv_thruster_manager/srv/GetThrusterCurve_Response.msg
-- Installing: /home/sunny/catkin_ws/install/uuv_thruster_manager/share/uuv_thruster_manager/srv/ThrusterManagerInfo.srv
-- Installing: /home/sunny/catkin_ws/install/uuv_thruster_manager/share/uuv_thruster_manager/srv/ThrusterManagerInfo_Request.msg
-- Installing: /home/sunny/catkin_ws/install/uuv_thruster_manager/share/uuv_thruster_manager/srv/ThrusterManagerInfo_Response.msg
-- Installing: /home/sunny/catkin_ws/install/uuv_thruster_manager/share/uuv_thruster_manager/srv/SetThrusterManagerConfig.srv
-- Installing: /home/sunny/catkin_ws/install/uuv_thruster_manager/share/uuv_thruster_manager/srv/SetThrusterManagerConfig_Request.msg
-- Installing: /home/sunny/catkin_ws/install/uuv_thruster_manager/share/uuv_thruster_manager/srv/SetThrusterManagerConfig_Response.msg
-- Installing: /home/sunny/catkin_ws/install/uuv_thruster_manager/share/uuv_thruster_manager/srv/GetThrusterManagerConfig.srv
-- Installing: /home/sunny/catkin_ws/install/uuv_thruster_manager/share/uuv_thruster_manager/srv/GetThrusterManagerConfig_Request.msg
-- Installing: /home/sunny/catkin_ws/install/uuv_thruster_manager/share/uuv_thruster_manager/srv/GetThrusterManagerConfig_Response.msg
-- Installing: /home/sunny/catkin_ws/install/uuv_thruster_manager/local/lib/python3.10/dist-packages/uuv_thrusters-0.6.1-py3.10.egg-info
-- Installing: /home/sunny/catkin_ws/install/uuv_thruster_manager/local/lib/python3.10/dist-packages/uuv_thrusters-0.6.1-py3.10.egg-info/PKG-INFO
-- Installing: /home/sunny/catkin_ws/install/uuv_thruster_manager/local/lib/python3.10/dist-packages/uuv_thrusters-0.6.1-py3.10.egg-info/SOURCES.txt
-- Installing: /home/sunny/catkin_ws/install/uuv_thruster_manager/local/lib/python3.10/dist-packages/uuv_thrusters-0.6.1-py3.10.egg-info/top_level.txt
-- Installing: /home/sunny/catkin_ws/install/uuv_thruster_manager/local/lib/python3.10/dist-packages/uuv_thrusters-0.6.1-py3.10.egg-info/dependency_links.txt
-- Installing: /home/sunny/catkin_ws/install/uuv_thruster_manager/local/lib/python3.10/dist-packages/uuv_thrusters
-- Installing: /home/sunny/catkin_ws/install/uuv_thruster_manager/local/lib/python3.10/dist-packages/uuv_thrusters/__init__.py
-- Installing: /home/sunny/catkin_ws/install/uuv_thruster_manager/local/lib/python3.10/dist-packages/uuv_thrusters/models
-- Installing: /home/sunny/catkin_ws/install/uuv_thruster_manager/local/lib/python3.10/dist-packages/uuv_thrusters/models/__init__.py
-- Installing: /home/sunny/catkin_ws/install/uuv_thruster_manager/local/lib/python3.10/dist-packages/uuv_thrusters/models/thruster.py
-- Installing: /home/sunny/catkin_ws/install/uuv_thruster_manager/local/lib/python3.10/dist-packages/uuv_thrusters/models/thruster_proportional.py
-- Installing: /home/sunny/catkin_ws/install/uuv_thruster_manager/local/lib/python3.10/dist-packages/uuv_thrusters/models/thruster_custom.py
-- Installing: /home/sunny/catkin_ws/install/uuv_thruster_manager/local/lib/python3.10/dist-packages/uuv_thrusters/thruster_manager.py
Listing '/home/sunny/catkin_ws/install/uuv_thruster_manager/local/lib/python3.10/dist-packages/uuv_thrusters'...
Compiling '/home/sunny/catkin_ws/install/uuv_thruster_manager/local/lib/python3.10/dist-packages/uuv_thrusters/__init__.py'...
Listing '/home/sunny/catkin_ws/install/uuv_thruster_manager/local/lib/python3.10/dist-packages/uuv_thrusters/models'...
Compiling '/home/sunny/catkin_ws/install/uuv_thruster_manager/local/lib/python3.10/dist-packages/uuv_thrusters/models/__init__.py'...
Compiling '/home/sunny/catkin_ws/install/uuv_thruster_manager/local/lib/python3.10/dist-packages/uuv_thrusters/models/thruster.py'...
Compiling '/home/sunny/catkin_ws/install/uuv_thruster_manager/local/lib/python3.10/dist-packages/uuv_thrusters/models/thruster_custom.py'...
Compiling '/home/sunny/catkin_ws/install/uuv_thruster_manager/local/lib/python3.10/dist-packages/uuv_thrusters/models/thruster_proportional.py'...
Compiling '/home/sunny/catkin_ws/install/uuv_thruster_manager/local/lib/python3.10/dist-packages/uuv_thrusters/thruster_manager.py'...
-- Installing: /home/sunny/catkin_ws/install/uuv_thruster_manager/local/lib/python3.10/dist-packages/uuv_thrusters.models-0.6.1-py3.10.egg-info
-- Installing: /home/sunny/catkin_ws/install/uuv_thruster_manager/local/lib/python3.10/dist-packages/uuv_thrusters.models-0.6.1-py3.10.egg-info/PKG-INFO
-- Installing: /home/sunny/catkin_ws/install/uuv_thruster_manager/local/lib/python3.10/dist-packages/uuv_thrusters.models-0.6.1-py3.10.egg-info/SOURCES.txt
-- Installing: /home/sunny/catkin_ws/install/uuv_thruster_manager/local/lib/python3.10/dist-packages/uuv_thrusters.models-0.6.1-py3.10.egg-info/top_level.txt
-- Installing: /home/sunny/catkin_ws/install/uuv_thruster_manager/local/lib/python3.10/dist-packages/uuv_thrusters.models-0.6.1-py3.10.egg-info/dependency_links.txt
-- Installing: /home/sunny/catkin_ws/install/uuv_thruster_manager/local/lib/python3.10/dist-packages/uuv_thrusters.models
-- Installing: /home/sunny/catkin_ws/install/uuv_thruster_manager/local/lib/python3.10/dist-packages/uuv_thrusters.models/__init__.py
-- Installing: /home/sunny/catkin_ws/install/uuv_thruster_manager/local/lib/python3.10/dist-packages/uuv_thrusters.models/thruster.py
-- Installing: /home/sunny/catkin_ws/install/uuv_thruster_manager/local/lib/python3.10/dist-packages/uuv_thrusters.models/thruster_proportional.py
-- Installing: /home/sunny/catkin_ws/install/uuv_thruster_manager/local/lib/python3.10/dist-packages/uuv_thrusters.models/thruster_custom.py
Listing '/home/sunny/catkin_ws/install/uuv_thruster_manager/local/lib/python3.10/dist-packages/uuv_thrusters.models'...
Compiling '/home/sunny/catkin_ws/install/uuv_thruster_manager/local/lib/python3.10/dist-packages/uuv_thrusters.models/__init__.py'...
Compiling '/home/sunny/catkin_ws/install/uuv_thruster_manager/local/lib/python3.10/dist-packages/uuv_thrusters.models/thruster.py'...
Compiling '/home/sunny/catkin_ws/install/uuv_thruster_manager/local/lib/python3.10/dist-packages/uuv_thrusters.models/thruster_custom.py'...
Compiling '/home/sunny/catkin_ws/install/uuv_thruster_manager/local/lib/python3.10/dist-packages/uuv_thrusters.models/thruster_proportional.py'...
-- Installing: /home/sunny/catkin_ws/install/uuv_thruster_manager/lib/uuv_thruster_manager/thruster_allocator.py
-- Installing: /home/sunny/catkin_ws/install/uuv_thruster_manager/share/uuv_thruster_manager/launch
-- Installing: /home/sunny/catkin_ws/install/uuv_thruster_manager/share/uuv_thruster_manager/launch/thruster_manager.launch
-- Installing: /home/sunny/catkin_ws/install/uuv_thruster_manager/share/uuv_thruster_manager/config
-- Installing: /home/sunny/catkin_ws/install/uuv_thruster_manager/share/uuv_thruster_manager/config/rexrov
-- Installing: /home/sunny/catkin_ws/install/uuv_thruster_manager/share/uuv_thruster_manager/config/rexrov/TAM.yaml
-- Installing: /home/sunny/catkin_ws/install/uuv_thruster_manager/share/uuv_thruster_manager/config/rexrov/thruster_manager.yaml
-- Installing: /home/sunny/catkin_ws/install/uuv_thruster_manager/share/ament_index/resource_index/package_run_dependencies/uuv_thruster_manager
-- Installing: /home/sunny/catkin_ws/install/uuv_thruster_manager/share/ament_index/resource_index/parent_prefix_path/uuv_thruster_manager
-- Installing: /home/sunny/catkin_ws/install/uuv_thruster_manager/share/uuv_thruster_manager/environment/ament_prefix_path.sh
-- Installing: /home/sunny/catkin_ws/install/uuv_thruster_manager/share/uuv_thruster_manager/environment/ament_prefix_path.dsv
-- Installing: /home/sunny/catkin_ws/install/uuv_thruster_manager/share/uuv_thruster_manager/environment/path.sh
-- Installing: /home/sunny/catkin_ws/install/uuv_thruster_manager/share/uuv_thruster_manager/environment/path.dsv
-- Installing: /home/sunny/catkin_ws/install/uuv_thruster_manager/share/uuv_thruster_manager/local_setup.bash
-- Installing: /home/sunny/catkin_ws/install/uuv_thruster_manager/share/uuv_thruster_manager/local_setup.sh
-- Installing: /home/sunny/catkin_ws/install/uuv_thruster_manager/share/uuv_thruster_manager/local_setup.zsh
-- Installing: /home/sunny/catkin_ws/install/uuv_thruster_manager/share/uuv_thruster_manager/local_setup.dsv
-- Installing: /home/sunny/catkin_ws/install/uuv_thruster_manager/share/uuv_thruster_manager/package.dsv
-- Installing: /home/sunny/catkin_ws/install/uuv_thruster_manager/share/ament_index/resource_index/packages/uuv_thruster_manager
-- Installing: /home/sunny/catkin_ws/install/uuv_thruster_manager/share/uuv_thruster_manager/cmake/export_uuv_thruster_manager__rosidl_generator_cExport.cmake
-- Installing: /home/sunny/catkin_ws/install/uuv_thruster_manager/share/uuv_thruster_manager/cmake/export_uuv_thruster_manager__rosidl_generator_cExport-noconfig.cmake
-- Installing: /home/sunny/catkin_ws/install/uuv_thruster_manager/share/uuv_thruster_manager/cmake/export_uuv_thruster_manager__rosidl_typesupport_fastrtps_cExport.cmake
-- Installing: /home/sunny/catkin_ws/install/uuv_thruster_manager/share/uuv_thruster_manager/cmake/export_uuv_thruster_manager__rosidl_typesupport_fastrtps_cExport-noconfig.cmake
-- Installing: /home/sunny/catkin_ws/install/uuv_thruster_manager/share/uuv_thruster_manager/cmake/export_uuv_thruster_manager__rosidl_generator_cppExport.cmake
-- Installing: /home/sunny/catkin_ws/install/uuv_thruster_manager/share/uuv_thruster_manager/cmake/export_uuv_thruster_manager__rosidl_typesupport_fastrtps_cppExport.cmake
-- Installing: /home/sunny/catkin_ws/install/uuv_thruster_manager/share/uuv_thruster_manager/cmake/export_uuv_thruster_manager__rosidl_typesupport_fastrtps_cppExport-noconfig.cmake
-- Installing: /home/sunny/catkin_ws/install/uuv_thruster_manager/share/uuv_thruster_manager/cmake/uuv_thruster_manager__rosidl_typesupport_introspection_cExport.cmake
-- Installing: /home/sunny/catkin_ws/install/uuv_thruster_manager/share/uuv_thruster_manager/cmake/uuv_thruster_manager__rosidl_typesupport_introspection_cExport-noconfig.cmake
-- Installing: /home/sunny/catkin_ws/install/uuv_thruster_manager/share/uuv_thruster_manager/cmake/uuv_thruster_manager__rosidl_typesupport_cExport.cmake
-- Installing: /home/sunny/catkin_ws/install/uuv_thruster_manager/share/uuv_thruster_manager/cmake/uuv_thruster_manager__rosidl_typesupport_cExport-noconfig.cmake
-- Installing: /home/sunny/catkin_ws/install/uuv_thruster_manager/share/uuv_thruster_manager/cmake/uuv_thruster_manager__rosidl_typesupport_introspection_cppExport.cmake
-- Installing: /home/sunny/catkin_ws/install/uuv_thruster_manager/share/uuv_thruster_manager/cmake/uuv_thruster_manager__rosidl_typesupport_introspection_cppExport-noconfig.cmake
-- Installing: /home/sunny/catkin_ws/install/uuv_thruster_manager/share/uuv_thruster_manager/cmake/uuv_thruster_manager__rosidl_typesupport_cppExport.cmake
-- Installing: /home/sunny/catkin_ws/install/uuv_thruster_manager/share/uuv_thruster_manager/cmake/uuv_thruster_manager__rosidl_typesupport_cppExport-noconfig.cmake
-- Installing: /home/sunny/catkin_ws/install/uuv_thruster_manager/share/uuv_thruster_manager/cmake/export_uuv_thruster_manager__rosidl_generator_pyExport.cmake
-- Installing: /home/sunny/catkin_ws/install/uuv_thruster_manager/share/uuv_thruster_manager/cmake/export_uuv_thruster_manager__rosidl_generator_pyExport-noconfig.cmake
-- Installing: /home/sunny/catkin_ws/install/uuv_thruster_manager/share/uuv_thruster_manager/cmake/rosidl_cmake-extras.cmake
-- Installing: /home/sunny/catkin_ws/install/uuv_thruster_manager/share/uuv_thruster_manager/cmake/ament_cmake_export_dependencies-extras.cmake
-- Installing: /home/sunny/catkin_ws/install/uuv_thruster_manager/share/uuv_thruster_manager/cmake/ament_cmake_export_include_directories-extras.cmake
-- Installing: /home/sunny/catkin_ws/install/uuv_thruster_manager/share/uuv_thruster_manager/cmake/ament_cmake_export_libraries-extras.cmake
-- Installing: /home/sunny/catkin_ws/install/uuv_thruster_manager/share/uuv_thruster_manager/cmake/ament_cmake_export_targets-extras.cmake
-- Installing: /home/sunny/catkin_ws/install/uuv_thruster_manager/share/uuv_thruster_manager/cmake/rosidl_cmake_export_typesupport_targets-extras.cmake
-- Installing: /home/sunny/catkin_ws/install/uuv_thruster_manager/share/uuv_thruster_manager/cmake/rosidl_cmake_export_typesupport_libraries-extras.cmake
-- Installing: /home/sunny/catkin_ws/install/uuv_thruster_manager/share/uuv_thruster_manager/cmake/uuv_thruster_managerConfig.cmake
-- Installing: /home/sunny/catkin_ws/install/uuv_thruster_manager/share/uuv_thruster_manager/cmake/uuv_thruster_managerConfig-version.cmake
-- Installing: /home/sunny/catkin_ws/install/uuv_thruster_manager/share/uuv_thruster_manager/package.xml
