[0.622s] Invoking command in '/home/sunny/catkin_ws/build/uuv_control_msgs': CMAKE_PREFIX_PATH=${CMAKE_PREFIX_PATH}:/home/sunny/catkin_ws/install/beluga_adapter:/opt/ros/humble /usr/bin/cmake --build /home/sunny/catkin_ws/build/uuv_control_msgs -- -j16 -l16
[0.764s] [  3%] Built target uuv_control_msgs__cpp
[0.766s] [ 12%] Built target uuv_control_msgs__rosidl_generator_c
[0.828s] [ 12%] Built target ament_cmake_python_copy_uuv_control_msgs
[0.955s] [ 24%] Built target uuv_control_msgs__rosidl_typesupport_fastrtps_cpp
[0.957s] [ 36%] Built target uuv_control_msgs__rosidl_typesupport_cpp
[0.988s] [ 49%] Built target uuv_control_msgs__rosidl_typesupport_introspection_c
[1.003s] [ 62%] Built target uuv_control_msgs__rosidl_typesupport_introspection_cpp
[1.012s] [ 74%] Built target uuv_control_msgs__rosidl_typesupport_c
[1.054s] [ 86%] Built target uuv_control_msgs__rosidl_typesupport_fastrtps_c
[1.140s] [ 86%] Built target uuv_control_msgs
[1.212s] [ 86%] Built target uuv_control_msgs__py
[1.315s] [ 98%] Built target uuv_control_msgs__rosidl_generator_py
[1.386s] [ 99%] Built target uuv_control_msgs__rosidl_typesupport_introspection_c__pyext
[1.386s] [ 99%] Built target uuv_control_msgs__rosidl_typesupport_c__pyext
[1.394s] running egg_info
[1.395s] writing uuv_control_msgs.egg-info/PKG-INFO
[1.395s] writing dependency_links to uuv_control_msgs.egg-info/dependency_links.txt
[1.396s] writing top-level names to uuv_control_msgs.egg-info/top_level.txt
[1.402s] reading manifest file 'uuv_control_msgs.egg-info/SOURCES.txt'
[1.402s] writing manifest file 'uuv_control_msgs.egg-info/SOURCES.txt'
[1.407s] [100%] Built target uuv_control_msgs__rosidl_typesupport_fastrtps_c__pyext
[1.461s] [100%] Built target ament_cmake_python_build_uuv_control_msgs_egg
[1.754s] Invoked command in '/home/sunny/catkin_ws/build/uuv_control_msgs' returned '0': CMAKE_PREFIX_PATH=${CMAKE_PREFIX_PATH}:/home/sunny/catkin_ws/install/beluga_adapter:/opt/ros/humble /usr/bin/cmake --build /home/sunny/catkin_ws/build/uuv_control_msgs -- -j16 -l16
[3.210s] Invoking command in '/home/sunny/catkin_ws/build/uuv_control_msgs': CMAKE_PREFIX_PATH=${CMAKE_PREFIX_PATH}:/home/sunny/catkin_ws/install/beluga_adapter:/opt/ros/humble /usr/bin/cmake --install /home/sunny/catkin_ws/build/uuv_control_msgs
[3.224s] -- Install configuration: ""
[3.224s] -- Up-to-date: /home/sunny/catkin_ws/install/uuv_control_msgs/share/ament_index/resource_index/rosidl_interfaces/uuv_control_msgs
[3.224s] -- Up-to-date: /home/sunny/catkin_ws/install/uuv_control_msgs/include/uuv_control_msgs/uuv_control_msgs
[3.224s] -- Up-to-date: /home/sunny/catkin_ws/install/uuv_control_msgs/include/uuv_control_msgs/uuv_control_msgs/srv
[3.225s] -- Up-to-date: /home/sunny/catkin_ws/install/uuv_control_msgs/include/uuv_control_msgs/uuv_control_msgs/srv/switch_to_automatic.h
[3.225s] -- Up-to-date: /home/sunny/catkin_ws/install/uuv_control_msgs/include/uuv_control_msgs/uuv_control_msgs/srv/init_rect_trajectory.h
[3.225s] -- Up-to-date: /home/sunny/catkin_ws/install/uuv_control_msgs/include/uuv_control_msgs/uuv_control_msgs/srv/set_pid_params.h
[3.225s] -- Up-to-date: /home/sunny/catkin_ws/install/uuv_control_msgs/include/uuv_control_msgs/uuv_control_msgs/srv/get_mbsm_controller_params.h
[3.225s] -- Up-to-date: /home/sunny/catkin_ws/install/uuv_control_msgs/include/uuv_control_msgs/uuv_control_msgs/srv/init_circular_trajectory.h
[3.225s] -- Up-to-date: /home/sunny/catkin_ws/install/uuv_control_msgs/include/uuv_control_msgs/uuv_control_msgs/srv/get_sm_controller_params.h
[3.225s] -- Up-to-date: /home/sunny/catkin_ws/install/uuv_control_msgs/include/uuv_control_msgs/uuv_control_msgs/srv/detail
[3.226s] -- Up-to-date: /home/sunny/catkin_ws/install/uuv_control_msgs/include/uuv_control_msgs/uuv_control_msgs/srv/detail/go_to_incremental__type_support.h
[3.226s] -- Up-to-date: /home/sunny/catkin_ws/install/uuv_control_msgs/include/uuv_control_msgs/uuv_control_msgs/srv/detail/init_waypoints_from_file__functions.c
[3.227s] -- Up-to-date: /home/sunny/catkin_ws/install/uuv_control_msgs/include/uuv_control_msgs/uuv_control_msgs/srv/detail/set_pid_params__functions.h
[3.227s] -- Up-to-date: /home/sunny/catkin_ws/install/uuv_control_msgs/include/uuv_control_msgs/uuv_control_msgs/srv/detail/reset_controller__functions.h
[3.227s] -- Up-to-date: /home/sunny/catkin_ws/install/uuv_control_msgs/include/uuv_control_msgs/uuv_control_msgs/srv/detail/init_waypoint_set__functions.h
[3.227s] -- Up-to-date: /home/sunny/catkin_ws/install/uuv_control_msgs/include/uuv_control_msgs/uuv_control_msgs/srv/detail/switch_to_automatic__functions.c
[3.227s] -- Up-to-date: /home/sunny/catkin_ws/install/uuv_control_msgs/include/uuv_control_msgs/uuv_control_msgs/srv/detail/get_mbsm_controller_params__functions.h
[3.228s] -- Up-to-date: /home/sunny/catkin_ws/install/uuv_control_msgs/include/uuv_control_msgs/uuv_control_msgs/srv/detail/reset_controller__type_support.h
[3.228s] -- Up-to-date: /home/sunny/catkin_ws/install/uuv_control_msgs/include/uuv_control_msgs/uuv_control_msgs/srv/detail/get_pid_params__struct.h
[3.228s] -- Up-to-date: /home/sunny/catkin_ws/install/uuv_control_msgs/include/uuv_control_msgs/uuv_control_msgs/srv/detail/get_waypoints__type_support.h
[3.228s] -- Up-to-date: /home/sunny/catkin_ws/install/uuv_control_msgs/include/uuv_control_msgs/uuv_control_msgs/srv/detail/clear_waypoints__struct.h
[3.229s] -- Up-to-date: /home/sunny/catkin_ws/install/uuv_control_msgs/include/uuv_control_msgs/uuv_control_msgs/srv/detail/set_mbsm_controller_params__type_support.h
[3.229s] -- Up-to-date: /home/sunny/catkin_ws/install/uuv_control_msgs/include/uuv_control_msgs/uuv_control_msgs/srv/detail/hold__struct.h
[3.229s] -- Up-to-date: /home/sunny/catkin_ws/install/uuv_control_msgs/include/uuv_control_msgs/uuv_control_msgs/srv/detail/get_mbsm_controller_params__struct.h
[3.229s] -- Up-to-date: /home/sunny/catkin_ws/install/uuv_control_msgs/include/uuv_control_msgs/uuv_control_msgs/srv/detail/get_sm_controller_params__type_support.h
[3.229s] -- Up-to-date: /home/sunny/catkin_ws/install/uuv_control_msgs/include/uuv_control_msgs/uuv_control_msgs/srv/detail/is_running_trajectory__functions.h
[3.229s] -- Up-to-date: /home/sunny/catkin_ws/install/uuv_control_msgs/include/uuv_control_msgs/uuv_control_msgs/srv/detail/hold__type_support.h
[3.229s] -- Up-to-date: /home/sunny/catkin_ws/install/uuv_control_msgs/include/uuv_control_msgs/uuv_control_msgs/srv/detail/get_sm_controller_params__functions.h
[3.229s] -- Up-to-date: /home/sunny/catkin_ws/install/uuv_control_msgs/include/uuv_control_msgs/uuv_control_msgs/srv/detail/init_circular_trajectory__type_support.h
[3.229s] -- Up-to-date: /home/sunny/catkin_ws/install/uuv_control_msgs/include/uuv_control_msgs/uuv_control_msgs/srv/detail/get_waypoints__functions.c
[3.229s] -- Up-to-date: /home/sunny/catkin_ws/install/uuv_control_msgs/include/uuv_control_msgs/uuv_control_msgs/srv/detail/set_mbsm_controller_params__struct.h
[3.229s] -- Up-to-date: /home/sunny/catkin_ws/install/uuv_control_msgs/include/uuv_control_msgs/uuv_control_msgs/srv/detail/switch_to_manual__functions.c
[3.230s] -- Up-to-date: /home/sunny/catkin_ws/install/uuv_control_msgs/include/uuv_control_msgs/uuv_control_msgs/srv/detail/switch_to_automatic__struct.h
[3.230s] -- Up-to-date: /home/sunny/catkin_ws/install/uuv_control_msgs/include/uuv_control_msgs/uuv_control_msgs/srv/detail/init_waypoint_set__functions.c
[3.230s] -- Up-to-date: /home/sunny/catkin_ws/install/uuv_control_msgs/include/uuv_control_msgs/uuv_control_msgs/srv/detail/hold__functions.c
[3.230s] -- Up-to-date: /home/sunny/catkin_ws/install/uuv_control_msgs/include/uuv_control_msgs/uuv_control_msgs/srv/detail/init_helical_trajectory__functions.c
[3.230s] -- Up-to-date: /home/sunny/catkin_ws/install/uuv_control_msgs/include/uuv_control_msgs/uuv_control_msgs/srv/detail/set_pid_params__struct.h
[3.230s] -- Up-to-date: /home/sunny/catkin_ws/install/uuv_control_msgs/include/uuv_control_msgs/uuv_control_msgs/srv/detail/reset_controller__functions.c
[3.230s] -- Up-to-date: /home/sunny/catkin_ws/install/uuv_control_msgs/include/uuv_control_msgs/uuv_control_msgs/srv/detail/hold__functions.h
[3.230s] -- Up-to-date: /home/sunny/catkin_ws/install/uuv_control_msgs/include/uuv_control_msgs/uuv_control_msgs/srv/detail/switch_to_manual__functions.h
[3.231s] -- Up-to-date: /home/sunny/catkin_ws/install/uuv_control_msgs/include/uuv_control_msgs/uuv_control_msgs/srv/detail/reset_controller__struct.h
[3.231s] -- Up-to-date: /home/sunny/catkin_ws/install/uuv_control_msgs/include/uuv_control_msgs/uuv_control_msgs/srv/detail/init_rect_trajectory__type_support.h
[3.231s] -- Up-to-date: /home/sunny/catkin_ws/install/uuv_control_msgs/include/uuv_control_msgs/uuv_control_msgs/srv/detail/init_waypoint_set__struct.h
[3.231s] -- Up-to-date: /home/sunny/catkin_ws/install/uuv_control_msgs/include/uuv_control_msgs/uuv_control_msgs/srv/detail/go_to__struct.h
[3.231s] -- Up-to-date: /home/sunny/catkin_ws/install/uuv_control_msgs/include/uuv_control_msgs/uuv_control_msgs/srv/detail/set_mbsm_controller_params__functions.c
[3.231s] -- Up-to-date: /home/sunny/catkin_ws/install/uuv_control_msgs/include/uuv_control_msgs/uuv_control_msgs/srv/detail/get_mbsm_controller_params__functions.c
[3.232s] -- Up-to-date: /home/sunny/catkin_ws/install/uuv_control_msgs/include/uuv_control_msgs/uuv_control_msgs/srv/detail/is_running_trajectory__functions.c
[3.232s] -- Up-to-date: /home/sunny/catkin_ws/install/uuv_control_msgs/include/uuv_control_msgs/uuv_control_msgs/srv/detail/go_to_incremental__struct.h
[3.232s] -- Up-to-date: /home/sunny/catkin_ws/install/uuv_control_msgs/include/uuv_control_msgs/uuv_control_msgs/srv/detail/init_rect_trajectory__functions.c
[3.232s] -- Up-to-date: /home/sunny/catkin_ws/install/uuv_control_msgs/include/uuv_control_msgs/uuv_control_msgs/srv/detail/go_to_incremental__functions.c
[3.232s] -- Up-to-date: /home/sunny/catkin_ws/install/uuv_control_msgs/include/uuv_control_msgs/uuv_control_msgs/srv/detail/switch_to_automatic__functions.h
[3.232s] -- Up-to-date: /home/sunny/catkin_ws/install/uuv_control_msgs/include/uuv_control_msgs/uuv_control_msgs/srv/detail/set_mbsm_controller_params__functions.h
[3.232s] -- Up-to-date: /home/sunny/catkin_ws/install/uuv_control_msgs/include/uuv_control_msgs/uuv_control_msgs/srv/detail/is_running_trajectory__type_support.h
[3.232s] -- Up-to-date: /home/sunny/catkin_ws/install/uuv_control_msgs/include/uuv_control_msgs/uuv_control_msgs/srv/detail/add_waypoint__struct.h
[3.232s] -- Up-to-date: /home/sunny/catkin_ws/install/uuv_control_msgs/include/uuv_control_msgs/uuv_control_msgs/srv/detail/set_sm_controller_params__functions.c
[3.232s] -- Up-to-date: /home/sunny/catkin_ws/install/uuv_control_msgs/include/uuv_control_msgs/uuv_control_msgs/srv/detail/switch_to_manual__type_support.h
[3.232s] -- Up-to-date: /home/sunny/catkin_ws/install/uuv_control_msgs/include/uuv_control_msgs/uuv_control_msgs/srv/detail/add_waypoint__functions.c
[3.233s] -- Up-to-date: /home/sunny/catkin_ws/install/uuv_control_msgs/include/uuv_control_msgs/uuv_control_msgs/srv/detail/init_helical_trajectory__struct.h
[3.233s] -- Up-to-date: /home/sunny/catkin_ws/install/uuv_control_msgs/include/uuv_control_msgs/uuv_control_msgs/srv/detail/init_helical_trajectory__type_support.h
[3.233s] -- Up-to-date: /home/sunny/catkin_ws/install/uuv_control_msgs/include/uuv_control_msgs/uuv_control_msgs/srv/detail/init_waypoints_from_file__struct.h
[3.233s] -- Up-to-date: /home/sunny/catkin_ws/install/uuv_control_msgs/include/uuv_control_msgs/uuv_control_msgs/srv/detail/start_trajectory__functions.c
[3.233s] -- Up-to-date: /home/sunny/catkin_ws/install/uuv_control_msgs/include/uuv_control_msgs/uuv_control_msgs/srv/detail/start_trajectory__type_support.h
[3.233s] -- Up-to-date: /home/sunny/catkin_ws/install/uuv_control_msgs/include/uuv_control_msgs/uuv_control_msgs/srv/detail/set_sm_controller_params__struct.h
[3.233s] -- Up-to-date: /home/sunny/catkin_ws/install/uuv_control_msgs/include/uuv_control_msgs/uuv_control_msgs/srv/detail/go_to__functions.c
[3.233s] -- Up-to-date: /home/sunny/catkin_ws/install/uuv_control_msgs/include/uuv_control_msgs/uuv_control_msgs/srv/detail/init_rect_trajectory__struct.h
[3.234s] -- Up-to-date: /home/sunny/catkin_ws/install/uuv_control_msgs/include/uuv_control_msgs/uuv_control_msgs/srv/detail/go_to_incremental__functions.h
[3.234s] -- Up-to-date: /home/sunny/catkin_ws/install/uuv_control_msgs/include/uuv_control_msgs/uuv_control_msgs/srv/detail/get_sm_controller_params__functions.c
[3.234s] -- Up-to-date: /home/sunny/catkin_ws/install/uuv_control_msgs/include/uuv_control_msgs/uuv_control_msgs/srv/detail/init_circular_trajectory__functions.h
[3.234s] -- Up-to-date: /home/sunny/catkin_ws/install/uuv_control_msgs/include/uuv_control_msgs/uuv_control_msgs/srv/detail/set_pid_params__functions.c
[3.234s] -- Up-to-date: /home/sunny/catkin_ws/install/uuv_control_msgs/include/uuv_control_msgs/uuv_control_msgs/srv/detail/clear_waypoints__type_support.h
[3.235s] -- Up-to-date: /home/sunny/catkin_ws/install/uuv_control_msgs/include/uuv_control_msgs/uuv_control_msgs/srv/detail/init_waypoints_from_file__type_support.h
[3.235s] -- Up-to-date: /home/sunny/catkin_ws/install/uuv_control_msgs/include/uuv_control_msgs/uuv_control_msgs/srv/detail/get_sm_controller_params__struct.h
[3.235s] -- Up-to-date: /home/sunny/catkin_ws/install/uuv_control_msgs/include/uuv_control_msgs/uuv_control_msgs/srv/detail/go_to__type_support.h
[3.235s] -- Up-to-date: /home/sunny/catkin_ws/install/uuv_control_msgs/include/uuv_control_msgs/uuv_control_msgs/srv/detail/switch_to_manual__struct.h
[3.235s] -- Up-to-date: /home/sunny/catkin_ws/install/uuv_control_msgs/include/uuv_control_msgs/uuv_control_msgs/srv/detail/get_pid_params__functions.h
[3.235s] -- Up-to-date: /home/sunny/catkin_ws/install/uuv_control_msgs/include/uuv_control_msgs/uuv_control_msgs/srv/detail/clear_waypoints__functions.h
[3.235s] -- Up-to-date: /home/sunny/catkin_ws/install/uuv_control_msgs/include/uuv_control_msgs/uuv_control_msgs/srv/detail/is_running_trajectory__struct.h
[3.235s] -- Up-to-date: /home/sunny/catkin_ws/install/uuv_control_msgs/include/uuv_control_msgs/uuv_control_msgs/srv/detail/set_sm_controller_params__type_support.h
[3.236s] -- Up-to-date: /home/sunny/catkin_ws/install/uuv_control_msgs/include/uuv_control_msgs/uuv_control_msgs/srv/detail/clear_waypoints__functions.c
[3.236s] -- Up-to-date: /home/sunny/catkin_ws/install/uuv_control_msgs/include/uuv_control_msgs/uuv_control_msgs/srv/detail/start_trajectory__struct.h
[3.236s] -- Up-to-date: /home/sunny/catkin_ws/install/uuv_control_msgs/include/uuv_control_msgs/uuv_control_msgs/srv/detail/init_helical_trajectory__functions.h
[3.236s] -- Up-to-date: /home/sunny/catkin_ws/install/uuv_control_msgs/include/uuv_control_msgs/uuv_control_msgs/srv/detail/add_waypoint__functions.h
[3.236s] -- Up-to-date: /home/sunny/catkin_ws/install/uuv_control_msgs/include/uuv_control_msgs/uuv_control_msgs/srv/detail/switch_to_automatic__type_support.h
[3.236s] -- Up-to-date: /home/sunny/catkin_ws/install/uuv_control_msgs/include/uuv_control_msgs/uuv_control_msgs/srv/detail/add_waypoint__type_support.h
[3.236s] -- Up-to-date: /home/sunny/catkin_ws/install/uuv_control_msgs/include/uuv_control_msgs/uuv_control_msgs/srv/detail/init_waypoints_from_file__functions.h
[3.236s] -- Up-to-date: /home/sunny/catkin_ws/install/uuv_control_msgs/include/uuv_control_msgs/uuv_control_msgs/srv/detail/get_waypoints__functions.h
[3.236s] -- Up-to-date: /home/sunny/catkin_ws/install/uuv_control_msgs/include/uuv_control_msgs/uuv_control_msgs/srv/detail/set_sm_controller_params__functions.h
[3.237s] -- Up-to-date: /home/sunny/catkin_ws/install/uuv_control_msgs/include/uuv_control_msgs/uuv_control_msgs/srv/detail/init_circular_trajectory__struct.h
[3.237s] -- Up-to-date: /home/sunny/catkin_ws/install/uuv_control_msgs/include/uuv_control_msgs/uuv_control_msgs/srv/detail/start_trajectory__functions.h
[3.237s] -- Up-to-date: /home/sunny/catkin_ws/install/uuv_control_msgs/include/uuv_control_msgs/uuv_control_msgs/srv/detail/get_pid_params__type_support.h
[3.237s] -- Up-to-date: /home/sunny/catkin_ws/install/uuv_control_msgs/include/uuv_control_msgs/uuv_control_msgs/srv/detail/go_to__functions.h
[3.237s] -- Up-to-date: /home/sunny/catkin_ws/install/uuv_control_msgs/include/uuv_control_msgs/uuv_control_msgs/srv/detail/get_waypoints__struct.h
[3.237s] -- Up-to-date: /home/sunny/catkin_ws/install/uuv_control_msgs/include/uuv_control_msgs/uuv_control_msgs/srv/detail/init_waypoint_set__type_support.h
[3.237s] -- Up-to-date: /home/sunny/catkin_ws/install/uuv_control_msgs/include/uuv_control_msgs/uuv_control_msgs/srv/detail/init_circular_trajectory__functions.c
[3.237s] -- Up-to-date: /home/sunny/catkin_ws/install/uuv_control_msgs/include/uuv_control_msgs/uuv_control_msgs/srv/detail/init_rect_trajectory__functions.h
[3.237s] -- Up-to-date: /home/sunny/catkin_ws/install/uuv_control_msgs/include/uuv_control_msgs/uuv_control_msgs/srv/detail/get_pid_params__functions.c
[3.237s] -- Up-to-date: /home/sunny/catkin_ws/install/uuv_control_msgs/include/uuv_control_msgs/uuv_control_msgs/srv/detail/set_pid_params__type_support.h
[3.237s] -- Up-to-date: /home/sunny/catkin_ws/install/uuv_control_msgs/include/uuv_control_msgs/uuv_control_msgs/srv/detail/get_mbsm_controller_params__type_support.h
[3.238s] -- Up-to-date: /home/sunny/catkin_ws/install/uuv_control_msgs/include/uuv_control_msgs/uuv_control_msgs/srv/set_sm_controller_params.h
[3.238s] -- Up-to-date: /home/sunny/catkin_ws/install/uuv_control_msgs/include/uuv_control_msgs/uuv_control_msgs/srv/start_trajectory.h
[3.238s] -- Up-to-date: /home/sunny/catkin_ws/install/uuv_control_msgs/include/uuv_control_msgs/uuv_control_msgs/srv/init_helical_trajectory.h
[3.238s] -- Up-to-date: /home/sunny/catkin_ws/install/uuv_control_msgs/include/uuv_control_msgs/uuv_control_msgs/srv/switch_to_manual.h
[3.238s] -- Up-to-date: /home/sunny/catkin_ws/install/uuv_control_msgs/include/uuv_control_msgs/uuv_control_msgs/srv/add_waypoint.h
[3.238s] -- Up-to-date: /home/sunny/catkin_ws/install/uuv_control_msgs/include/uuv_control_msgs/uuv_control_msgs/srv/init_waypoint_set.h
[3.239s] -- Up-to-date: /home/sunny/catkin_ws/install/uuv_control_msgs/include/uuv_control_msgs/uuv_control_msgs/srv/get_pid_params.h
[3.239s] -- Up-to-date: /home/sunny/catkin_ws/install/uuv_control_msgs/include/uuv_control_msgs/uuv_control_msgs/srv/go_to_incremental.h
[3.239s] -- Up-to-date: /home/sunny/catkin_ws/install/uuv_control_msgs/include/uuv_control_msgs/uuv_control_msgs/srv/clear_waypoints.h
[3.239s] -- Up-to-date: /home/sunny/catkin_ws/install/uuv_control_msgs/include/uuv_control_msgs/uuv_control_msgs/srv/init_waypoints_from_file.h
[3.239s] -- Up-to-date: /home/sunny/catkin_ws/install/uuv_control_msgs/include/uuv_control_msgs/uuv_control_msgs/srv/go_to.h
[3.239s] -- Up-to-date: /home/sunny/catkin_ws/install/uuv_control_msgs/include/uuv_control_msgs/uuv_control_msgs/srv/is_running_trajectory.h
[3.239s] -- Up-to-date: /home/sunny/catkin_ws/install/uuv_control_msgs/include/uuv_control_msgs/uuv_control_msgs/srv/reset_controller.h
[3.239s] -- Up-to-date: /home/sunny/catkin_ws/install/uuv_control_msgs/include/uuv_control_msgs/uuv_control_msgs/srv/get_waypoints.h
[3.239s] -- Up-to-date: /home/sunny/catkin_ws/install/uuv_control_msgs/include/uuv_control_msgs/uuv_control_msgs/srv/hold.h
[3.239s] -- Up-to-date: /home/sunny/catkin_ws/install/uuv_control_msgs/include/uuv_control_msgs/uuv_control_msgs/srv/set_mbsm_controller_params.h
[3.239s] -- Up-to-date: /home/sunny/catkin_ws/install/uuv_control_msgs/include/uuv_control_msgs/uuv_control_msgs/msg
[3.239s] -- Up-to-date: /home/sunny/catkin_ws/install/uuv_control_msgs/include/uuv_control_msgs/uuv_control_msgs/msg/detail
[3.239s] -- Up-to-date: /home/sunny/catkin_ws/install/uuv_control_msgs/include/uuv_control_msgs/uuv_control_msgs/msg/detail/trajectory_point__functions.h
[3.240s] -- Up-to-date: /home/sunny/catkin_ws/install/uuv_control_msgs/include/uuv_control_msgs/uuv_control_msgs/msg/detail/trajectory_point__type_support.h
[3.240s] -- Up-to-date: /home/sunny/catkin_ws/install/uuv_control_msgs/include/uuv_control_msgs/uuv_control_msgs/msg/detail/waypoint__functions.c
[3.240s] -- Up-to-date: /home/sunny/catkin_ws/install/uuv_control_msgs/include/uuv_control_msgs/uuv_control_msgs/msg/detail/waypoint__struct.h
[3.240s] -- Up-to-date: /home/sunny/catkin_ws/install/uuv_control_msgs/include/uuv_control_msgs/uuv_control_msgs/msg/detail/waypoint_set__struct.h
[3.240s] -- Up-to-date: /home/sunny/catkin_ws/install/uuv_control_msgs/include/uuv_control_msgs/uuv_control_msgs/msg/detail/waypoint_set__functions.h
[3.240s] -- Up-to-date: /home/sunny/catkin_ws/install/uuv_control_msgs/include/uuv_control_msgs/uuv_control_msgs/msg/detail/trajectory__functions.h
[3.240s] -- Up-to-date: /home/sunny/catkin_ws/install/uuv_control_msgs/include/uuv_control_msgs/uuv_control_msgs/msg/detail/trajectory__struct.h
[3.240s] -- Up-to-date: /home/sunny/catkin_ws/install/uuv_control_msgs/include/uuv_control_msgs/uuv_control_msgs/msg/detail/waypoint__functions.h
[3.240s] -- Up-to-date: /home/sunny/catkin_ws/install/uuv_control_msgs/include/uuv_control_msgs/uuv_control_msgs/msg/detail/waypoint_set__functions.c
[3.240s] -- Up-to-date: /home/sunny/catkin_ws/install/uuv_control_msgs/include/uuv_control_msgs/uuv_control_msgs/msg/detail/trajectory__type_support.h
[3.241s] -- Up-to-date: /home/sunny/catkin_ws/install/uuv_control_msgs/include/uuv_control_msgs/uuv_control_msgs/msg/detail/trajectory_point__struct.h
[3.241s] -- Up-to-date: /home/sunny/catkin_ws/install/uuv_control_msgs/include/uuv_control_msgs/uuv_control_msgs/msg/detail/trajectory_point__functions.c
[3.241s] -- Up-to-date: /home/sunny/catkin_ws/install/uuv_control_msgs/include/uuv_control_msgs/uuv_control_msgs/msg/detail/waypoint_set__type_support.h
[3.241s] -- Up-to-date: /home/sunny/catkin_ws/install/uuv_control_msgs/include/uuv_control_msgs/uuv_control_msgs/msg/detail/trajectory__functions.c
[3.241s] -- Up-to-date: /home/sunny/catkin_ws/install/uuv_control_msgs/include/uuv_control_msgs/uuv_control_msgs/msg/detail/waypoint__type_support.h
[3.241s] -- Up-to-date: /home/sunny/catkin_ws/install/uuv_control_msgs/include/uuv_control_msgs/uuv_control_msgs/msg/trajectory.h
[3.241s] -- Up-to-date: /home/sunny/catkin_ws/install/uuv_control_msgs/include/uuv_control_msgs/uuv_control_msgs/msg/waypoint.h
[3.241s] -- Up-to-date: /home/sunny/catkin_ws/install/uuv_control_msgs/include/uuv_control_msgs/uuv_control_msgs/msg/trajectory_point.h
[3.241s] -- Up-to-date: /home/sunny/catkin_ws/install/uuv_control_msgs/include/uuv_control_msgs/uuv_control_msgs/msg/rosidl_generator_c__visibility_control.h
[3.241s] -- Up-to-date: /home/sunny/catkin_ws/install/uuv_control_msgs/include/uuv_control_msgs/uuv_control_msgs/msg/waypoint_set.h
[3.241s] -- Up-to-date: /home/sunny/catkin_ws/install/uuv_control_msgs/share/uuv_control_msgs/environment/library_path.sh
[3.242s] -- Up-to-date: /home/sunny/catkin_ws/install/uuv_control_msgs/share/uuv_control_msgs/environment/library_path.dsv
[3.242s] -- Up-to-date: /home/sunny/catkin_ws/install/uuv_control_msgs/lib/libuuv_control_msgs__rosidl_generator_c.so
[3.242s] -- Up-to-date: /home/sunny/catkin_ws/install/uuv_control_msgs/include/uuv_control_msgs/uuv_control_msgs
[3.242s] -- Up-to-date: /home/sunny/catkin_ws/install/uuv_control_msgs/include/uuv_control_msgs/uuv_control_msgs/srv
[3.242s] -- Up-to-date: /home/sunny/catkin_ws/install/uuv_control_msgs/include/uuv_control_msgs/uuv_control_msgs/srv/detail
[3.242s] -- Up-to-date: /home/sunny/catkin_ws/install/uuv_control_msgs/include/uuv_control_msgs/uuv_control_msgs/srv/detail/init_waypoint_set__rosidl_typesupport_fastrtps_c.h
[3.242s] -- Up-to-date: /home/sunny/catkin_ws/install/uuv_control_msgs/include/uuv_control_msgs/uuv_control_msgs/srv/detail/switch_to_automatic__rosidl_typesupport_fastrtps_c.h
[3.243s] -- Up-to-date: /home/sunny/catkin_ws/install/uuv_control_msgs/include/uuv_control_msgs/uuv_control_msgs/srv/detail/clear_waypoints__rosidl_typesupport_fastrtps_c.h
[3.243s] -- Up-to-date: /home/sunny/catkin_ws/install/uuv_control_msgs/include/uuv_control_msgs/uuv_control_msgs/srv/detail/reset_controller__rosidl_typesupport_fastrtps_c.h
[3.243s] -- Up-to-date: /home/sunny/catkin_ws/install/uuv_control_msgs/include/uuv_control_msgs/uuv_control_msgs/srv/detail/init_circular_trajectory__rosidl_typesupport_fastrtps_c.h
[3.243s] -- Up-to-date: /home/sunny/catkin_ws/install/uuv_control_msgs/include/uuv_control_msgs/uuv_control_msgs/srv/detail/go_to_incremental__rosidl_typesupport_fastrtps_c.h
[3.244s] -- Up-to-date: /home/sunny/catkin_ws/install/uuv_control_msgs/include/uuv_control_msgs/uuv_control_msgs/srv/detail/hold__rosidl_typesupport_fastrtps_c.h
[3.244s] -- Up-to-date: /home/sunny/catkin_ws/install/uuv_control_msgs/include/uuv_control_msgs/uuv_control_msgs/srv/detail/init_helical_trajectory__rosidl_typesupport_fastrtps_c.h
[3.244s] -- Up-to-date: /home/sunny/catkin_ws/install/uuv_control_msgs/include/uuv_control_msgs/uuv_control_msgs/srv/detail/add_waypoint__rosidl_typesupport_fastrtps_c.h
[3.244s] -- Up-to-date: /home/sunny/catkin_ws/install/uuv_control_msgs/include/uuv_control_msgs/uuv_control_msgs/srv/detail/set_mbsm_controller_params__rosidl_typesupport_fastrtps_c.h
[3.244s] -- Up-to-date: /home/sunny/catkin_ws/install/uuv_control_msgs/include/uuv_control_msgs/uuv_control_msgs/srv/detail/get_waypoints__rosidl_typesupport_fastrtps_c.h
[3.244s] -- Up-to-date: /home/sunny/catkin_ws/install/uuv_control_msgs/include/uuv_control_msgs/uuv_control_msgs/srv/detail/start_trajectory__rosidl_typesupport_fastrtps_c.h
[3.244s] -- Up-to-date: /home/sunny/catkin_ws/install/uuv_control_msgs/include/uuv_control_msgs/uuv_control_msgs/srv/detail/get_sm_controller_params__rosidl_typesupport_fastrtps_c.h
[3.244s] -- Up-to-date: /home/sunny/catkin_ws/install/uuv_control_msgs/include/uuv_control_msgs/uuv_control_msgs/srv/detail/switch_to_manual__rosidl_typesupport_fastrtps_c.h
[3.244s] -- Up-to-date: /home/sunny/catkin_ws/install/uuv_control_msgs/include/uuv_control_msgs/uuv_control_msgs/srv/detail/get_pid_params__rosidl_typesupport_fastrtps_c.h
[3.244s] -- Up-to-date: /home/sunny/catkin_ws/install/uuv_control_msgs/include/uuv_control_msgs/uuv_control_msgs/srv/detail/set_sm_controller_params__rosidl_typesupport_fastrtps_c.h
[3.244s] -- Up-to-date: /home/sunny/catkin_ws/install/uuv_control_msgs/include/uuv_control_msgs/uuv_control_msgs/srv/detail/go_to__rosidl_typesupport_fastrtps_c.h
[3.245s] -- Up-to-date: /home/sunny/catkin_ws/install/uuv_control_msgs/include/uuv_control_msgs/uuv_control_msgs/srv/detail/get_mbsm_controller_params__rosidl_typesupport_fastrtps_c.h
[3.245s] -- Up-to-date: /home/sunny/catkin_ws/install/uuv_control_msgs/include/uuv_control_msgs/uuv_control_msgs/srv/detail/init_waypoints_from_file__rosidl_typesupport_fastrtps_c.h
[3.245s] -- Up-to-date: /home/sunny/catkin_ws/install/uuv_control_msgs/include/uuv_control_msgs/uuv_control_msgs/srv/detail/set_pid_params__rosidl_typesupport_fastrtps_c.h
[3.245s] -- Up-to-date: /home/sunny/catkin_ws/install/uuv_control_msgs/include/uuv_control_msgs/uuv_control_msgs/srv/detail/is_running_trajectory__rosidl_typesupport_fastrtps_c.h
[3.245s] -- Up-to-date: /home/sunny/catkin_ws/install/uuv_control_msgs/include/uuv_control_msgs/uuv_control_msgs/srv/detail/init_rect_trajectory__rosidl_typesupport_fastrtps_c.h
[3.245s] -- Up-to-date: /home/sunny/catkin_ws/install/uuv_control_msgs/include/uuv_control_msgs/uuv_control_msgs/msg
[3.245s] -- Up-to-date: /home/sunny/catkin_ws/install/uuv_control_msgs/include/uuv_control_msgs/uuv_control_msgs/msg/detail
[3.245s] -- Up-to-date: /home/sunny/catkin_ws/install/uuv_control_msgs/include/uuv_control_msgs/uuv_control_msgs/msg/detail/trajectory_point__rosidl_typesupport_fastrtps_c.h
[3.245s] -- Up-to-date: /home/sunny/catkin_ws/install/uuv_control_msgs/include/uuv_control_msgs/uuv_control_msgs/msg/detail/waypoint__rosidl_typesupport_fastrtps_c.h
[3.245s] -- Up-to-date: /home/sunny/catkin_ws/install/uuv_control_msgs/include/uuv_control_msgs/uuv_control_msgs/msg/detail/waypoint_set__rosidl_typesupport_fastrtps_c.h
[3.246s] -- Up-to-date: /home/sunny/catkin_ws/install/uuv_control_msgs/include/uuv_control_msgs/uuv_control_msgs/msg/detail/trajectory__rosidl_typesupport_fastrtps_c.h
[3.246s] -- Up-to-date: /home/sunny/catkin_ws/install/uuv_control_msgs/include/uuv_control_msgs/uuv_control_msgs/msg/rosidl_typesupport_fastrtps_c__visibility_control.h
[3.246s] -- Up-to-date: /home/sunny/catkin_ws/install/uuv_control_msgs/lib/libuuv_control_msgs__rosidl_typesupport_fastrtps_c.so
[3.246s] -- Up-to-date: /home/sunny/catkin_ws/install/uuv_control_msgs/include/uuv_control_msgs/uuv_control_msgs
[3.246s] -- Up-to-date: /home/sunny/catkin_ws/install/uuv_control_msgs/include/uuv_control_msgs/uuv_control_msgs/srv
[3.246s] -- Up-to-date: /home/sunny/catkin_ws/install/uuv_control_msgs/include/uuv_control_msgs/uuv_control_msgs/srv/get_sm_controller_params.hpp
[3.246s] -- Up-to-date: /home/sunny/catkin_ws/install/uuv_control_msgs/include/uuv_control_msgs/uuv_control_msgs/srv/go_to_incremental.hpp
[3.246s] -- Up-to-date: /home/sunny/catkin_ws/install/uuv_control_msgs/include/uuv_control_msgs/uuv_control_msgs/srv/init_helical_trajectory.hpp
[3.246s] -- Up-to-date: /home/sunny/catkin_ws/install/uuv_control_msgs/include/uuv_control_msgs/uuv_control_msgs/srv/init_waypoints_from_file.hpp
[3.247s] -- Up-to-date: /home/sunny/catkin_ws/install/uuv_control_msgs/include/uuv_control_msgs/uuv_control_msgs/srv/switch_to_manual.hpp
[3.247s] -- Up-to-date: /home/sunny/catkin_ws/install/uuv_control_msgs/include/uuv_control_msgs/uuv_control_msgs/srv/detail
[3.247s] -- Up-to-date: /home/sunny/catkin_ws/install/uuv_control_msgs/include/uuv_control_msgs/uuv_control_msgs/srv/detail/get_waypoints__traits.hpp
[3.247s] -- Up-to-date: /home/sunny/catkin_ws/install/uuv_control_msgs/include/uuv_control_msgs/uuv_control_msgs/srv/detail/add_waypoint__struct.hpp
[3.247s] -- Up-to-date: /home/sunny/catkin_ws/install/uuv_control_msgs/include/uuv_control_msgs/uuv_control_msgs/srv/detail/hold__struct.hpp
[3.247s] -- Up-to-date: /home/sunny/catkin_ws/install/uuv_control_msgs/include/uuv_control_msgs/uuv_control_msgs/srv/detail/init_rect_trajectory__traits.hpp
[3.247s] -- Up-to-date: /home/sunny/catkin_ws/install/uuv_control_msgs/include/uuv_control_msgs/uuv_control_msgs/srv/detail/clear_waypoints__traits.hpp
[3.247s] -- Up-to-date: /home/sunny/catkin_ws/install/uuv_control_msgs/include/uuv_control_msgs/uuv_control_msgs/srv/detail/get_mbsm_controller_params__struct.hpp
[3.247s] -- Up-to-date: /home/sunny/catkin_ws/install/uuv_control_msgs/include/uuv_control_msgs/uuv_control_msgs/srv/detail/get_mbsm_controller_params__builder.hpp
[3.247s] -- Up-to-date: /home/sunny/catkin_ws/install/uuv_control_msgs/include/uuv_control_msgs/uuv_control_msgs/srv/detail/go_to__builder.hpp
[3.247s] -- Up-to-date: /home/sunny/catkin_ws/install/uuv_control_msgs/include/uuv_control_msgs/uuv_control_msgs/srv/detail/start_trajectory__struct.hpp
[3.247s] -- Up-to-date: /home/sunny/catkin_ws/install/uuv_control_msgs/include/uuv_control_msgs/uuv_control_msgs/srv/detail/init_circular_trajectory__traits.hpp
[3.248s] -- Up-to-date: /home/sunny/catkin_ws/install/uuv_control_msgs/include/uuv_control_msgs/uuv_control_msgs/srv/detail/get_pid_params__struct.hpp
[3.248s] -- Up-to-date: /home/sunny/catkin_ws/install/uuv_control_msgs/include/uuv_control_msgs/uuv_control_msgs/srv/detail/init_helical_trajectory__builder.hpp
[3.248s] -- Up-to-date: /home/sunny/catkin_ws/install/uuv_control_msgs/include/uuv_control_msgs/uuv_control_msgs/srv/detail/get_sm_controller_params__traits.hpp
[3.248s] -- Up-to-date: /home/sunny/catkin_ws/install/uuv_control_msgs/include/uuv_control_msgs/uuv_control_msgs/srv/detail/switch_to_automatic__traits.hpp
[3.248s] -- Up-to-date: /home/sunny/catkin_ws/install/uuv_control_msgs/include/uuv_control_msgs/uuv_control_msgs/srv/detail/go_to_incremental__traits.hpp
[3.248s] -- Up-to-date: /home/sunny/catkin_ws/install/uuv_control_msgs/include/uuv_control_msgs/uuv_control_msgs/srv/detail/init_helical_trajectory__struct.hpp
[3.248s] -- Up-to-date: /home/sunny/catkin_ws/install/uuv_control_msgs/include/uuv_control_msgs/uuv_control_msgs/srv/detail/start_trajectory__traits.hpp
[3.249s] -- Up-to-date: /home/sunny/catkin_ws/install/uuv_control_msgs/include/uuv_control_msgs/uuv_control_msgs/srv/detail/start_trajectory__builder.hpp
[3.249s] -- Up-to-date: /home/sunny/catkin_ws/install/uuv_control_msgs/include/uuv_control_msgs/uuv_control_msgs/srv/detail/hold__traits.hpp
[3.249s] -- Up-to-date: /home/sunny/catkin_ws/install/uuv_control_msgs/include/uuv_control_msgs/uuv_control_msgs/srv/detail/init_circular_trajectory__struct.hpp
[3.249s] -- Up-to-date: /home/sunny/catkin_ws/install/uuv_control_msgs/include/uuv_control_msgs/uuv_control_msgs/srv/detail/set_sm_controller_params__builder.hpp
[3.249s] -- Up-to-date: /home/sunny/catkin_ws/install/uuv_control_msgs/include/uuv_control_msgs/uuv_control_msgs/srv/detail/get_sm_controller_params__builder.hpp
[3.249s] -- Up-to-date: /home/sunny/catkin_ws/install/uuv_control_msgs/include/uuv_control_msgs/uuv_control_msgs/srv/detail/set_mbsm_controller_params__traits.hpp
[3.249s] -- Up-to-date: /home/sunny/catkin_ws/install/uuv_control_msgs/include/uuv_control_msgs/uuv_control_msgs/srv/detail/add_waypoint__traits.hpp
[3.249s] -- Up-to-date: /home/sunny/catkin_ws/install/uuv_control_msgs/include/uuv_control_msgs/uuv_control_msgs/srv/detail/init_waypoints_from_file__builder.hpp
[3.250s] -- Up-to-date: /home/sunny/catkin_ws/install/uuv_control_msgs/include/uuv_control_msgs/uuv_control_msgs/srv/detail/get_pid_params__traits.hpp
[3.250s] -- Up-to-date: /home/sunny/catkin_ws/install/uuv_control_msgs/include/uuv_control_msgs/uuv_control_msgs/srv/detail/reset_controller__builder.hpp
[3.250s] -- Up-to-date: /home/sunny/catkin_ws/install/uuv_control_msgs/include/uuv_control_msgs/uuv_control_msgs/srv/detail/is_running_trajectory__traits.hpp
[3.250s] -- Up-to-date: /home/sunny/catkin_ws/install/uuv_control_msgs/include/uuv_control_msgs/uuv_control_msgs/srv/detail/init_helical_trajectory__traits.hpp
[3.250s] -- Up-to-date: /home/sunny/catkin_ws/install/uuv_control_msgs/include/uuv_control_msgs/uuv_control_msgs/srv/detail/init_waypoints_from_file__traits.hpp
[3.250s] -- Up-to-date: /home/sunny/catkin_ws/install/uuv_control_msgs/include/uuv_control_msgs/uuv_control_msgs/srv/detail/go_to__struct.hpp
[3.250s] -- Up-to-date: /home/sunny/catkin_ws/install/uuv_control_msgs/include/uuv_control_msgs/uuv_control_msgs/srv/detail/is_running_trajectory__struct.hpp
[3.250s] -- Up-to-date: /home/sunny/catkin_ws/install/uuv_control_msgs/include/uuv_control_msgs/uuv_control_msgs/srv/detail/set_pid_params__struct.hpp
[3.250s] -- Up-to-date: /home/sunny/catkin_ws/install/uuv_control_msgs/include/uuv_control_msgs/uuv_control_msgs/srv/detail/set_mbsm_controller_params__struct.hpp
[3.250s] -- Up-to-date: /home/sunny/catkin_ws/install/uuv_control_msgs/include/uuv_control_msgs/uuv_control_msgs/srv/detail/go_to__traits.hpp
[3.250s] -- Up-to-date: /home/sunny/catkin_ws/install/uuv_control_msgs/include/uuv_control_msgs/uuv_control_msgs/srv/detail/get_sm_controller_params__struct.hpp
[3.250s] -- Up-to-date: /home/sunny/catkin_ws/install/uuv_control_msgs/include/uuv_control_msgs/uuv_control_msgs/srv/detail/switch_to_automatic__struct.hpp
[3.250s] -- Up-to-date: /home/sunny/catkin_ws/install/uuv_control_msgs/include/uuv_control_msgs/uuv_control_msgs/srv/detail/switch_to_manual__struct.hpp
[3.251s] -- Up-to-date: /home/sunny/catkin_ws/install/uuv_control_msgs/include/uuv_control_msgs/uuv_control_msgs/srv/detail/init_waypoint_set__traits.hpp
[3.251s] -- Up-to-date: /home/sunny/catkin_ws/install/uuv_control_msgs/include/uuv_control_msgs/uuv_control_msgs/srv/detail/get_waypoints__struct.hpp
[3.251s] -- Up-to-date: /home/sunny/catkin_ws/install/uuv_control_msgs/include/uuv_control_msgs/uuv_control_msgs/srv/detail/go_to_incremental__builder.hpp
[3.251s] -- Up-to-date: /home/sunny/catkin_ws/install/uuv_control_msgs/include/uuv_control_msgs/uuv_control_msgs/srv/detail/reset_controller__traits.hpp
[3.251s] -- Up-to-date: /home/sunny/catkin_ws/install/uuv_control_msgs/include/uuv_control_msgs/uuv_control_msgs/srv/detail/init_waypoint_set__builder.hpp
[3.251s] -- Up-to-date: /home/sunny/catkin_ws/install/uuv_control_msgs/include/uuv_control_msgs/uuv_control_msgs/srv/detail/init_rect_trajectory__builder.hpp
[3.251s] -- Up-to-date: /home/sunny/catkin_ws/install/uuv_control_msgs/include/uuv_control_msgs/uuv_control_msgs/srv/detail/switch_to_automatic__builder.hpp
[3.252s] -- Up-to-date: /home/sunny/catkin_ws/install/uuv_control_msgs/include/uuv_control_msgs/uuv_control_msgs/srv/detail/set_sm_controller_params__struct.hpp
[3.252s] -- Up-to-date: /home/sunny/catkin_ws/install/uuv_control_msgs/include/uuv_control_msgs/uuv_control_msgs/srv/detail/get_pid_params__builder.hpp
[3.252s] -- Up-to-date: /home/sunny/catkin_ws/install/uuv_control_msgs/include/uuv_control_msgs/uuv_control_msgs/srv/detail/is_running_trajectory__builder.hpp
[3.252s] -- Up-to-date: /home/sunny/catkin_ws/install/uuv_control_msgs/include/uuv_control_msgs/uuv_control_msgs/srv/detail/hold__builder.hpp
[3.252s] -- Up-to-date: /home/sunny/catkin_ws/install/uuv_control_msgs/include/uuv_control_msgs/uuv_control_msgs/srv/detail/go_to_incremental__struct.hpp
[3.252s] -- Up-to-date: /home/sunny/catkin_ws/install/uuv_control_msgs/include/uuv_control_msgs/uuv_control_msgs/srv/detail/reset_controller__struct.hpp
[3.252s] -- Up-to-date: /home/sunny/catkin_ws/install/uuv_control_msgs/include/uuv_control_msgs/uuv_control_msgs/srv/detail/get_waypoints__builder.hpp
[3.252s] -- Up-to-date: /home/sunny/catkin_ws/install/uuv_control_msgs/include/uuv_control_msgs/uuv_control_msgs/srv/detail/init_waypoint_set__struct.hpp
[3.252s] -- Up-to-date: /home/sunny/catkin_ws/install/uuv_control_msgs/include/uuv_control_msgs/uuv_control_msgs/srv/detail/set_pid_params__builder.hpp
[3.253s] -- Up-to-date: /home/sunny/catkin_ws/install/uuv_control_msgs/include/uuv_control_msgs/uuv_control_msgs/srv/detail/add_waypoint__builder.hpp
[3.253s] -- Up-to-date: /home/sunny/catkin_ws/install/uuv_control_msgs/include/uuv_control_msgs/uuv_control_msgs/srv/detail/set_pid_params__traits.hpp
[3.253s] -- Up-to-date: /home/sunny/catkin_ws/install/uuv_control_msgs/include/uuv_control_msgs/uuv_control_msgs/srv/detail/init_rect_trajectory__struct.hpp
[3.253s] -- Up-to-date: /home/sunny/catkin_ws/install/uuv_control_msgs/include/uuv_control_msgs/uuv_control_msgs/srv/detail/init_circular_trajectory__builder.hpp
[3.253s] -- Up-to-date: /home/sunny/catkin_ws/install/uuv_control_msgs/include/uuv_control_msgs/uuv_control_msgs/srv/detail/switch_to_manual__traits.hpp
[3.253s] -- Up-to-date: /home/sunny/catkin_ws/install/uuv_control_msgs/include/uuv_control_msgs/uuv_control_msgs/srv/detail/get_mbsm_controller_params__traits.hpp
[3.253s] -- Up-to-date: /home/sunny/catkin_ws/install/uuv_control_msgs/include/uuv_control_msgs/uuv_control_msgs/srv/detail/init_waypoints_from_file__struct.hpp
[3.253s] -- Up-to-date: /home/sunny/catkin_ws/install/uuv_control_msgs/include/uuv_control_msgs/uuv_control_msgs/srv/detail/clear_waypoints__builder.hpp
[3.254s] -- Up-to-date: /home/sunny/catkin_ws/install/uuv_control_msgs/include/uuv_control_msgs/uuv_control_msgs/srv/detail/set_sm_controller_params__traits.hpp
[3.254s] -- Up-to-date: /home/sunny/catkin_ws/install/uuv_control_msgs/include/uuv_control_msgs/uuv_control_msgs/srv/detail/switch_to_manual__builder.hpp
[3.254s] -- Up-to-date: /home/sunny/catkin_ws/install/uuv_control_msgs/include/uuv_control_msgs/uuv_control_msgs/srv/detail/clear_waypoints__struct.hpp
[3.254s] -- Up-to-date: /home/sunny/catkin_ws/install/uuv_control_msgs/include/uuv_control_msgs/uuv_control_msgs/srv/detail/set_mbsm_controller_params__builder.hpp
[3.254s] -- Up-to-date: /home/sunny/catkin_ws/install/uuv_control_msgs/include/uuv_control_msgs/uuv_control_msgs/srv/init_circular_trajectory.hpp
[3.254s] -- Up-to-date: /home/sunny/catkin_ws/install/uuv_control_msgs/include/uuv_control_msgs/uuv_control_msgs/srv/set_sm_controller_params.hpp
[3.254s] -- Up-to-date: /home/sunny/catkin_ws/install/uuv_control_msgs/include/uuv_control_msgs/uuv_control_msgs/srv/get_mbsm_controller_params.hpp
[3.255s] -- Up-to-date: /home/sunny/catkin_ws/install/uuv_control_msgs/include/uuv_control_msgs/uuv_control_msgs/srv/set_mbsm_controller_params.hpp
[3.255s] -- Up-to-date: /home/sunny/catkin_ws/install/uuv_control_msgs/include/uuv_control_msgs/uuv_control_msgs/srv/add_waypoint.hpp
[3.255s] -- Up-to-date: /home/sunny/catkin_ws/install/uuv_control_msgs/include/uuv_control_msgs/uuv_control_msgs/srv/init_rect_trajectory.hpp
[3.255s] -- Up-to-date: /home/sunny/catkin_ws/install/uuv_control_msgs/include/uuv_control_msgs/uuv_control_msgs/srv/hold.hpp
[3.256s] -- Up-to-date: /home/sunny/catkin_ws/install/uuv_control_msgs/include/uuv_control_msgs/uuv_control_msgs/srv/get_waypoints.hpp
[3.256s] -- Up-to-date: /home/sunny/catkin_ws/install/uuv_control_msgs/include/uuv_control_msgs/uuv_control_msgs/srv/is_running_trajectory.hpp
[3.256s] -- Up-to-date: /home/sunny/catkin_ws/install/uuv_control_msgs/include/uuv_control_msgs/uuv_control_msgs/srv/get_pid_params.hpp
[3.256s] -- Up-to-date: /home/sunny/catkin_ws/install/uuv_control_msgs/include/uuv_control_msgs/uuv_control_msgs/srv/clear_waypoints.hpp
[3.256s] -- Up-to-date: /home/sunny/catkin_ws/install/uuv_control_msgs/include/uuv_control_msgs/uuv_control_msgs/srv/switch_to_automatic.hpp
[3.256s] -- Up-to-date: /home/sunny/catkin_ws/install/uuv_control_msgs/include/uuv_control_msgs/uuv_control_msgs/srv/go_to.hpp
[3.256s] -- Up-to-date: /home/sunny/catkin_ws/install/uuv_control_msgs/include/uuv_control_msgs/uuv_control_msgs/srv/set_pid_params.hpp
[3.256s] -- Up-to-date: /home/sunny/catkin_ws/install/uuv_control_msgs/include/uuv_control_msgs/uuv_control_msgs/srv/reset_controller.hpp
[3.257s] -- Up-to-date: /home/sunny/catkin_ws/install/uuv_control_msgs/include/uuv_control_msgs/uuv_control_msgs/srv/start_trajectory.hpp
[3.257s] -- Up-to-date: /home/sunny/catkin_ws/install/uuv_control_msgs/include/uuv_control_msgs/uuv_control_msgs/srv/init_waypoint_set.hpp
[3.257s] -- Up-to-date: /home/sunny/catkin_ws/install/uuv_control_msgs/include/uuv_control_msgs/uuv_control_msgs/msg
[3.257s] -- Up-to-date: /home/sunny/catkin_ws/install/uuv_control_msgs/include/uuv_control_msgs/uuv_control_msgs/msg/waypoint.hpp
[3.257s] -- Up-to-date: /home/sunny/catkin_ws/install/uuv_control_msgs/include/uuv_control_msgs/uuv_control_msgs/msg/trajectory_point.hpp
[3.257s] -- Up-to-date: /home/sunny/catkin_ws/install/uuv_control_msgs/include/uuv_control_msgs/uuv_control_msgs/msg/detail
[3.258s] -- Up-to-date: /home/sunny/catkin_ws/install/uuv_control_msgs/include/uuv_control_msgs/uuv_control_msgs/msg/detail/waypoint_set__struct.hpp
[3.258s] -- Up-to-date: /home/sunny/catkin_ws/install/uuv_control_msgs/include/uuv_control_msgs/uuv_control_msgs/msg/detail/trajectory__traits.hpp
[3.258s] -- Up-to-date: /home/sunny/catkin_ws/install/uuv_control_msgs/include/uuv_control_msgs/uuv_control_msgs/msg/detail/waypoint_set__traits.hpp
[3.258s] -- Up-to-date: /home/sunny/catkin_ws/install/uuv_control_msgs/include/uuv_control_msgs/uuv_control_msgs/msg/detail/trajectory_point__builder.hpp
[3.258s] -- Up-to-date: /home/sunny/catkin_ws/install/uuv_control_msgs/include/uuv_control_msgs/uuv_control_msgs/msg/detail/trajectory__struct.hpp
[3.258s] -- Up-to-date: /home/sunny/catkin_ws/install/uuv_control_msgs/include/uuv_control_msgs/uuv_control_msgs/msg/detail/trajectory_point__traits.hpp
[3.258s] -- Up-to-date: /home/sunny/catkin_ws/install/uuv_control_msgs/include/uuv_control_msgs/uuv_control_msgs/msg/detail/waypoint__struct.hpp
[3.258s] -- Up-to-date: /home/sunny/catkin_ws/install/uuv_control_msgs/include/uuv_control_msgs/uuv_control_msgs/msg/detail/trajectory_point__struct.hpp
[3.258s] -- Up-to-date: /home/sunny/catkin_ws/install/uuv_control_msgs/include/uuv_control_msgs/uuv_control_msgs/msg/detail/waypoint__builder.hpp
[3.259s] -- Up-to-date: /home/sunny/catkin_ws/install/uuv_control_msgs/include/uuv_control_msgs/uuv_control_msgs/msg/detail/waypoint_set__builder.hpp
[3.259s] -- Up-to-date: /home/sunny/catkin_ws/install/uuv_control_msgs/include/uuv_control_msgs/uuv_control_msgs/msg/detail/trajectory__builder.hpp
[3.259s] -- Up-to-date: /home/sunny/catkin_ws/install/uuv_control_msgs/include/uuv_control_msgs/uuv_control_msgs/msg/detail/waypoint__traits.hpp
[3.259s] -- Up-to-date: /home/sunny/catkin_ws/install/uuv_control_msgs/include/uuv_control_msgs/uuv_control_msgs/msg/waypoint_set.hpp
[3.259s] -- Up-to-date: /home/sunny/catkin_ws/install/uuv_control_msgs/include/uuv_control_msgs/uuv_control_msgs/msg/trajectory.hpp
[3.259s] -- Up-to-date: /home/sunny/catkin_ws/install/uuv_control_msgs/include/uuv_control_msgs/uuv_control_msgs
[3.259s] -- Up-to-date: /home/sunny/catkin_ws/install/uuv_control_msgs/include/uuv_control_msgs/uuv_control_msgs/srv
[3.260s] -- Up-to-date: /home/sunny/catkin_ws/install/uuv_control_msgs/include/uuv_control_msgs/uuv_control_msgs/srv/detail
[3.260s] -- Up-to-date: /home/sunny/catkin_ws/install/uuv_control_msgs/include/uuv_control_msgs/uuv_control_msgs/srv/detail/add_waypoint__rosidl_typesupport_fastrtps_cpp.hpp
[3.260s] -- Up-to-date: /home/sunny/catkin_ws/install/uuv_control_msgs/include/uuv_control_msgs/uuv_control_msgs/srv/detail/hold__rosidl_typesupport_fastrtps_cpp.hpp
[3.260s] -- Up-to-date: /home/sunny/catkin_ws/install/uuv_control_msgs/include/uuv_control_msgs/uuv_control_msgs/srv/detail/get_sm_controller_params__rosidl_typesupport_fastrtps_cpp.hpp
[3.260s] -- Up-to-date: /home/sunny/catkin_ws/install/uuv_control_msgs/include/uuv_control_msgs/uuv_control_msgs/srv/detail/set_mbsm_controller_params__rosidl_typesupport_fastrtps_cpp.hpp
[3.260s] -- Up-to-date: /home/sunny/catkin_ws/install/uuv_control_msgs/include/uuv_control_msgs/uuv_control_msgs/srv/detail/start_trajectory__rosidl_typesupport_fastrtps_cpp.hpp
[3.261s] -- Up-to-date: /home/sunny/catkin_ws/install/uuv_control_msgs/include/uuv_control_msgs/uuv_control_msgs/srv/detail/go_to__rosidl_typesupport_fastrtps_cpp.hpp
[3.261s] -- Up-to-date: /home/sunny/catkin_ws/install/uuv_control_msgs/include/uuv_control_msgs/uuv_control_msgs/srv/detail/init_helical_trajectory__rosidl_typesupport_fastrtps_cpp.hpp
[3.261s] -- Up-to-date: /home/sunny/catkin_ws/install/uuv_control_msgs/include/uuv_control_msgs/uuv_control_msgs/srv/detail/get_mbsm_controller_params__rosidl_typesupport_fastrtps_cpp.hpp
[3.261s] -- Up-to-date: /home/sunny/catkin_ws/install/uuv_control_msgs/include/uuv_control_msgs/uuv_control_msgs/srv/detail/is_running_trajectory__rosidl_typesupport_fastrtps_cpp.hpp
[3.261s] -- Up-to-date: /home/sunny/catkin_ws/install/uuv_control_msgs/include/uuv_control_msgs/uuv_control_msgs/srv/detail/set_pid_params__rosidl_typesupport_fastrtps_cpp.hpp
[3.261s] -- Up-to-date: /home/sunny/catkin_ws/install/uuv_control_msgs/include/uuv_control_msgs/uuv_control_msgs/srv/detail/init_waypoint_set__rosidl_typesupport_fastrtps_cpp.hpp
[3.261s] -- Up-to-date: /home/sunny/catkin_ws/install/uuv_control_msgs/include/uuv_control_msgs/uuv_control_msgs/srv/detail/go_to_incremental__rosidl_typesupport_fastrtps_cpp.hpp
[3.261s] -- Up-to-date: /home/sunny/catkin_ws/install/uuv_control_msgs/include/uuv_control_msgs/uuv_control_msgs/srv/detail/switch_to_manual__rosidl_typesupport_fastrtps_cpp.hpp
[3.262s] -- Up-to-date: /home/sunny/catkin_ws/install/uuv_control_msgs/include/uuv_control_msgs/uuv_control_msgs/srv/detail/init_circular_trajectory__rosidl_typesupport_fastrtps_cpp.hpp
[3.262s] -- Up-to-date: /home/sunny/catkin_ws/install/uuv_control_msgs/include/uuv_control_msgs/uuv_control_msgs/srv/detail/set_sm_controller_params__rosidl_typesupport_fastrtps_cpp.hpp
[3.262s] -- Up-to-date: /home/sunny/catkin_ws/install/uuv_control_msgs/include/uuv_control_msgs/uuv_control_msgs/srv/detail/reset_controller__rosidl_typesupport_fastrtps_cpp.hpp
[3.262s] -- Up-to-date: /home/sunny/catkin_ws/install/uuv_control_msgs/include/uuv_control_msgs/uuv_control_msgs/srv/detail/get_pid_params__rosidl_typesupport_fastrtps_cpp.hpp
[3.262s] -- Up-to-date: /home/sunny/catkin_ws/install/uuv_control_msgs/include/uuv_control_msgs/uuv_control_msgs/srv/detail/get_waypoints__rosidl_typesupport_fastrtps_cpp.hpp
[3.262s] -- Up-to-date: /home/sunny/catkin_ws/install/uuv_control_msgs/include/uuv_control_msgs/uuv_control_msgs/srv/detail/clear_waypoints__rosidl_typesupport_fastrtps_cpp.hpp
[3.262s] -- Up-to-date: /home/sunny/catkin_ws/install/uuv_control_msgs/include/uuv_control_msgs/uuv_control_msgs/srv/detail/switch_to_automatic__rosidl_typesupport_fastrtps_cpp.hpp
[3.262s] -- Up-to-date: /home/sunny/catkin_ws/install/uuv_control_msgs/include/uuv_control_msgs/uuv_control_msgs/srv/detail/init_rect_trajectory__rosidl_typesupport_fastrtps_cpp.hpp
[3.263s] -- Up-to-date: /home/sunny/catkin_ws/install/uuv_control_msgs/include/uuv_control_msgs/uuv_control_msgs/srv/detail/dds_fastrtps
[3.263s] -- Up-to-date: /home/sunny/catkin_ws/install/uuv_control_msgs/include/uuv_control_msgs/uuv_control_msgs/srv/detail/init_waypoints_from_file__rosidl_typesupport_fastrtps_cpp.hpp
[3.263s] -- Up-to-date: /home/sunny/catkin_ws/install/uuv_control_msgs/include/uuv_control_msgs/uuv_control_msgs/msg
[3.263s] -- Up-to-date: /home/sunny/catkin_ws/install/uuv_control_msgs/include/uuv_control_msgs/uuv_control_msgs/msg/detail
[3.263s] -- Up-to-date: /home/sunny/catkin_ws/install/uuv_control_msgs/include/uuv_control_msgs/uuv_control_msgs/msg/detail/trajectory__rosidl_typesupport_fastrtps_cpp.hpp
[3.263s] -- Up-to-date: /home/sunny/catkin_ws/install/uuv_control_msgs/include/uuv_control_msgs/uuv_control_msgs/msg/detail/waypoint_set__rosidl_typesupport_fastrtps_cpp.hpp
[3.263s] -- Up-to-date: /home/sunny/catkin_ws/install/uuv_control_msgs/include/uuv_control_msgs/uuv_control_msgs/msg/detail/waypoint__rosidl_typesupport_fastrtps_cpp.hpp
[3.264s] -- Up-to-date: /home/sunny/catkin_ws/install/uuv_control_msgs/include/uuv_control_msgs/uuv_control_msgs/msg/detail/trajectory_point__rosidl_typesupport_fastrtps_cpp.hpp
[3.264s] -- Up-to-date: /home/sunny/catkin_ws/install/uuv_control_msgs/include/uuv_control_msgs/uuv_control_msgs/msg/detail/dds_fastrtps
[3.264s] -- Up-to-date: /home/sunny/catkin_ws/install/uuv_control_msgs/include/uuv_control_msgs/uuv_control_msgs/msg/rosidl_typesupport_fastrtps_cpp__visibility_control.h
[3.264s] -- Up-to-date: /home/sunny/catkin_ws/install/uuv_control_msgs/lib/libuuv_control_msgs__rosidl_typesupport_fastrtps_cpp.so
[3.264s] -- Up-to-date: /home/sunny/catkin_ws/install/uuv_control_msgs/include/uuv_control_msgs/uuv_control_msgs
[3.264s] -- Up-to-date: /home/sunny/catkin_ws/install/uuv_control_msgs/include/uuv_control_msgs/uuv_control_msgs/srv
[3.264s] -- Up-to-date: /home/sunny/catkin_ws/install/uuv_control_msgs/include/uuv_control_msgs/uuv_control_msgs/srv/detail
[3.264s] -- Up-to-date: /home/sunny/catkin_ws/install/uuv_control_msgs/include/uuv_control_msgs/uuv_control_msgs/srv/detail/clear_waypoints__rosidl_typesupport_introspection_c.h
[3.264s] -- Up-to-date: /home/sunny/catkin_ws/install/uuv_control_msgs/include/uuv_control_msgs/uuv_control_msgs/srv/detail/is_running_trajectory__rosidl_typesupport_introspection_c.h
[3.264s] -- Up-to-date: /home/sunny/catkin_ws/install/uuv_control_msgs/include/uuv_control_msgs/uuv_control_msgs/srv/detail/hold__rosidl_typesupport_introspection_c.h
[3.265s] -- Up-to-date: /home/sunny/catkin_ws/install/uuv_control_msgs/include/uuv_control_msgs/uuv_control_msgs/srv/detail/start_trajectory__type_support.c
[3.265s] -- Up-to-date: /home/sunny/catkin_ws/install/uuv_control_msgs/include/uuv_control_msgs/uuv_control_msgs/srv/detail/switch_to_automatic__type_support.c
[3.265s] -- Up-to-date: /home/sunny/catkin_ws/install/uuv_control_msgs/include/uuv_control_msgs/uuv_control_msgs/srv/detail/get_mbsm_controller_params__type_support.c
[3.265s] -- Up-to-date: /home/sunny/catkin_ws/install/uuv_control_msgs/include/uuv_control_msgs/uuv_control_msgs/srv/detail/reset_controller__rosidl_typesupport_introspection_c.h
[3.265s] -- Up-to-date: /home/sunny/catkin_ws/install/uuv_control_msgs/include/uuv_control_msgs/uuv_control_msgs/srv/detail/hold__type_support.c
[3.265s] -- Up-to-date: /home/sunny/catkin_ws/install/uuv_control_msgs/include/uuv_control_msgs/uuv_control_msgs/srv/detail/init_rect_trajectory__rosidl_typesupport_introspection_c.h
[3.266s] -- Up-to-date: /home/sunny/catkin_ws/install/uuv_control_msgs/include/uuv_control_msgs/uuv_control_msgs/srv/detail/set_sm_controller_params__type_support.c
[3.266s] -- Up-to-date: /home/sunny/catkin_ws/install/uuv_control_msgs/include/uuv_control_msgs/uuv_control_msgs/srv/detail/add_waypoint__type_support.c
[3.266s] -- Up-to-date: /home/sunny/catkin_ws/install/uuv_control_msgs/include/uuv_control_msgs/uuv_control_msgs/srv/detail/add_waypoint__rosidl_typesupport_introspection_c.h
[3.266s] -- Up-to-date: /home/sunny/catkin_ws/install/uuv_control_msgs/include/uuv_control_msgs/uuv_control_msgs/srv/detail/get_pid_params__type_support.c
[3.266s] -- Up-to-date: /home/sunny/catkin_ws/install/uuv_control_msgs/include/uuv_control_msgs/uuv_control_msgs/srv/detail/init_waypoint_set__type_support.c
[3.267s] -- Up-to-date: /home/sunny/catkin_ws/install/uuv_control_msgs/include/uuv_control_msgs/uuv_control_msgs/srv/detail/init_waypoint_set__rosidl_typesupport_introspection_c.h
[3.267s] -- Up-to-date: /home/sunny/catkin_ws/install/uuv_control_msgs/include/uuv_control_msgs/uuv_control_msgs/srv/detail/set_sm_controller_params__rosidl_typesupport_introspection_c.h
[3.267s] -- Up-to-date: /home/sunny/catkin_ws/install/uuv_control_msgs/include/uuv_control_msgs/uuv_control_msgs/srv/detail/init_rect_trajectory__type_support.c
[3.267s] -- Up-to-date: /home/sunny/catkin_ws/install/uuv_control_msgs/include/uuv_control_msgs/uuv_control_msgs/srv/detail/init_circular_trajectory__rosidl_typesupport_introspection_c.h
[3.267s] -- Up-to-date: /home/sunny/catkin_ws/install/uuv_control_msgs/include/uuv_control_msgs/uuv_control_msgs/srv/detail/get_waypoints__rosidl_typesupport_introspection_c.h
[3.267s] -- Up-to-date: /home/sunny/catkin_ws/install/uuv_control_msgs/include/uuv_control_msgs/uuv_control_msgs/srv/detail/go_to_incremental__type_support.c
[3.267s] -- Up-to-date: /home/sunny/catkin_ws/install/uuv_control_msgs/include/uuv_control_msgs/uuv_control_msgs/srv/detail/get_sm_controller_params__rosidl_typesupport_introspection_c.h
[3.268s] -- Up-to-date: /home/sunny/catkin_ws/install/uuv_control_msgs/include/uuv_control_msgs/uuv_control_msgs/srv/detail/set_pid_params__type_support.c
[3.268s] -- Up-to-date: /home/sunny/catkin_ws/install/uuv_control_msgs/include/uuv_control_msgs/uuv_control_msgs/srv/detail/init_helical_trajectory__type_support.c
[3.269s] -- Up-to-date: /home/sunny/catkin_ws/install/uuv_control_msgs/include/uuv_control_msgs/uuv_control_msgs/srv/detail/switch_to_automatic__rosidl_typesupport_introspection_c.h
[3.269s] -- Up-to-date: /home/sunny/catkin_ws/install/uuv_control_msgs/include/uuv_control_msgs/uuv_control_msgs/srv/detail/get_mbsm_controller_params__rosidl_typesupport_introspection_c.h
[3.269s] -- Up-to-date: /home/sunny/catkin_ws/install/uuv_control_msgs/include/uuv_control_msgs/uuv_control_msgs/srv/detail/reset_controller__type_support.c
[3.269s] -- Up-to-date: /home/sunny/catkin_ws/install/uuv_control_msgs/include/uuv_control_msgs/uuv_control_msgs/srv/detail/init_helical_trajectory__rosidl_typesupport_introspection_c.h
[3.269s] -- Up-to-date: /home/sunny/catkin_ws/install/uuv_control_msgs/include/uuv_control_msgs/uuv_control_msgs/srv/detail/switch_to_manual__type_support.c
[3.269s] -- Up-to-date: /home/sunny/catkin_ws/install/uuv_control_msgs/include/uuv_control_msgs/uuv_control_msgs/srv/detail/init_waypoints_from_file__type_support.c
[3.269s] -- Up-to-date: /home/sunny/catkin_ws/install/uuv_control_msgs/include/uuv_control_msgs/uuv_control_msgs/srv/detail/get_pid_params__rosidl_typesupport_introspection_c.h
[3.269s] -- Up-to-date: /home/sunny/catkin_ws/install/uuv_control_msgs/include/uuv_control_msgs/uuv_control_msgs/srv/detail/go_to__rosidl_typesupport_introspection_c.h
[3.269s] -- Up-to-date: /home/sunny/catkin_ws/install/uuv_control_msgs/include/uuv_control_msgs/uuv_control_msgs/srv/detail/go_to__type_support.c
[3.270s] -- Up-to-date: /home/sunny/catkin_ws/install/uuv_control_msgs/include/uuv_control_msgs/uuv_control_msgs/srv/detail/clear_waypoints__type_support.c
[3.270s] -- Up-to-date: /home/sunny/catkin_ws/install/uuv_control_msgs/include/uuv_control_msgs/uuv_control_msgs/srv/detail/get_sm_controller_params__type_support.c
[3.270s] -- Up-to-date: /home/sunny/catkin_ws/install/uuv_control_msgs/include/uuv_control_msgs/uuv_control_msgs/srv/detail/set_pid_params__rosidl_typesupport_introspection_c.h
[3.270s] -- Up-to-date: /home/sunny/catkin_ws/install/uuv_control_msgs/include/uuv_control_msgs/uuv_control_msgs/srv/detail/start_trajectory__rosidl_typesupport_introspection_c.h
[3.270s] -- Up-to-date: /home/sunny/catkin_ws/install/uuv_control_msgs/include/uuv_control_msgs/uuv_control_msgs/srv/detail/get_waypoints__type_support.c
[3.271s] -- Up-to-date: /home/sunny/catkin_ws/install/uuv_control_msgs/include/uuv_control_msgs/uuv_control_msgs/srv/detail/set_mbsm_controller_params__rosidl_typesupport_introspection_c.h
[3.272s] -- Up-to-date: /home/sunny/catkin_ws/install/uuv_control_msgs/include/uuv_control_msgs/uuv_control_msgs/srv/detail/is_running_trajectory__type_support.c
[3.272s] -- Up-to-date: /home/sunny/catkin_ws/install/uuv_control_msgs/include/uuv_control_msgs/uuv_control_msgs/srv/detail/init_waypoints_from_file__rosidl_typesupport_introspection_c.h
[3.272s] -- Up-to-date: /home/sunny/catkin_ws/install/uuv_control_msgs/include/uuv_control_msgs/uuv_control_msgs/srv/detail/init_circular_trajectory__type_support.c
[3.272s] -- Up-to-date: /home/sunny/catkin_ws/install/uuv_control_msgs/include/uuv_control_msgs/uuv_control_msgs/srv/detail/set_mbsm_controller_params__type_support.c
[3.272s] -- Up-to-date: /home/sunny/catkin_ws/install/uuv_control_msgs/include/uuv_control_msgs/uuv_control_msgs/srv/detail/go_to_incremental__rosidl_typesupport_introspection_c.h
[3.273s] -- Up-to-date: /home/sunny/catkin_ws/install/uuv_control_msgs/include/uuv_control_msgs/uuv_control_msgs/srv/detail/switch_to_manual__rosidl_typesupport_introspection_c.h
[3.273s] -- Up-to-date: /home/sunny/catkin_ws/install/uuv_control_msgs/include/uuv_control_msgs/uuv_control_msgs/msg
[3.273s] -- Up-to-date: /home/sunny/catkin_ws/install/uuv_control_msgs/include/uuv_control_msgs/uuv_control_msgs/msg/rosidl_typesupport_introspection_c__visibility_control.h
[3.273s] -- Up-to-date: /home/sunny/catkin_ws/install/uuv_control_msgs/include/uuv_control_msgs/uuv_control_msgs/msg/detail
[3.273s] -- Up-to-date: /home/sunny/catkin_ws/install/uuv_control_msgs/include/uuv_control_msgs/uuv_control_msgs/msg/detail/waypoint_set__rosidl_typesupport_introspection_c.h
[3.274s] -- Up-to-date: /home/sunny/catkin_ws/install/uuv_control_msgs/include/uuv_control_msgs/uuv_control_msgs/msg/detail/waypoint_set__type_support.c
[3.274s] -- Up-to-date: /home/sunny/catkin_ws/install/uuv_control_msgs/include/uuv_control_msgs/uuv_control_msgs/msg/detail/waypoint__rosidl_typesupport_introspection_c.h
[3.274s] -- Up-to-date: /home/sunny/catkin_ws/install/uuv_control_msgs/include/uuv_control_msgs/uuv_control_msgs/msg/detail/trajectory_point__type_support.c
[3.274s] -- Up-to-date: /home/sunny/catkin_ws/install/uuv_control_msgs/include/uuv_control_msgs/uuv_control_msgs/msg/detail/waypoint__type_support.c
[3.274s] -- Up-to-date: /home/sunny/catkin_ws/install/uuv_control_msgs/include/uuv_control_msgs/uuv_control_msgs/msg/detail/trajectory__type_support.c
[3.274s] -- Up-to-date: /home/sunny/catkin_ws/install/uuv_control_msgs/include/uuv_control_msgs/uuv_control_msgs/msg/detail/trajectory__rosidl_typesupport_introspection_c.h
[3.274s] -- Up-to-date: /home/sunny/catkin_ws/install/uuv_control_msgs/include/uuv_control_msgs/uuv_control_msgs/msg/detail/trajectory_point__rosidl_typesupport_introspection_c.h
[3.275s] -- Up-to-date: /home/sunny/catkin_ws/install/uuv_control_msgs/lib/libuuv_control_msgs__rosidl_typesupport_introspection_c.so
[3.275s] -- Up-to-date: /home/sunny/catkin_ws/install/uuv_control_msgs/lib/libuuv_control_msgs__rosidl_typesupport_c.so
[3.275s] -- Up-to-date: /home/sunny/catkin_ws/install/uuv_control_msgs/include/uuv_control_msgs/uuv_control_msgs
[3.275s] -- Up-to-date: /home/sunny/catkin_ws/install/uuv_control_msgs/include/uuv_control_msgs/uuv_control_msgs/srv
[3.275s] -- Up-to-date: /home/sunny/catkin_ws/install/uuv_control_msgs/include/uuv_control_msgs/uuv_control_msgs/srv/detail
[3.275s] -- Up-to-date: /home/sunny/catkin_ws/install/uuv_control_msgs/include/uuv_control_msgs/uuv_control_msgs/srv/detail/hold__rosidl_typesupport_introspection_cpp.hpp
[3.275s] -- Up-to-date: /home/sunny/catkin_ws/install/uuv_control_msgs/include/uuv_control_msgs/uuv_control_msgs/srv/detail/set_pid_params__rosidl_typesupport_introspection_cpp.hpp
[3.275s] -- Up-to-date: /home/sunny/catkin_ws/install/uuv_control_msgs/include/uuv_control_msgs/uuv_control_msgs/srv/detail/clear_waypoints__type_support.cpp
[3.275s] -- Up-to-date: /home/sunny/catkin_ws/install/uuv_control_msgs/include/uuv_control_msgs/uuv_control_msgs/srv/detail/add_waypoint__type_support.cpp
[3.276s] -- Up-to-date: /home/sunny/catkin_ws/install/uuv_control_msgs/include/uuv_control_msgs/uuv_control_msgs/srv/detail/set_sm_controller_params__rosidl_typesupport_introspection_cpp.hpp
[3.276s] -- Up-to-date: /home/sunny/catkin_ws/install/uuv_control_msgs/include/uuv_control_msgs/uuv_control_msgs/srv/detail/get_mbsm_controller_params__rosidl_typesupport_introspection_cpp.hpp
[3.276s] -- Up-to-date: /home/sunny/catkin_ws/install/uuv_control_msgs/include/uuv_control_msgs/uuv_control_msgs/srv/detail/get_waypoints__rosidl_typesupport_introspection_cpp.hpp
[3.277s] -- Up-to-date: /home/sunny/catkin_ws/install/uuv_control_msgs/include/uuv_control_msgs/uuv_control_msgs/srv/detail/reset_controller__rosidl_typesupport_introspection_cpp.hpp
[3.277s] -- Up-to-date: /home/sunny/catkin_ws/install/uuv_control_msgs/include/uuv_control_msgs/uuv_control_msgs/srv/detail/init_rect_trajectory__rosidl_typesupport_introspection_cpp.hpp
[3.277s] -- Up-to-date: /home/sunny/catkin_ws/install/uuv_control_msgs/include/uuv_control_msgs/uuv_control_msgs/srv/detail/init_rect_trajectory__type_support.cpp
[3.277s] -- Up-to-date: /home/sunny/catkin_ws/install/uuv_control_msgs/include/uuv_control_msgs/uuv_control_msgs/srv/detail/get_pid_params__type_support.cpp
[3.277s] -- Up-to-date: /home/sunny/catkin_ws/install/uuv_control_msgs/include/uuv_control_msgs/uuv_control_msgs/srv/detail/is_running_trajectory__type_support.cpp
[3.278s] -- Up-to-date: /home/sunny/catkin_ws/install/uuv_control_msgs/include/uuv_control_msgs/uuv_control_msgs/srv/detail/set_pid_params__type_support.cpp
[3.279s] -- Up-to-date: /home/sunny/catkin_ws/install/uuv_control_msgs/include/uuv_control_msgs/uuv_control_msgs/srv/detail/switch_to_automatic__type_support.cpp
[3.287s] -- Up-to-date: /home/sunny/catkin_ws/install/uuv_control_msgs/include/uuv_control_msgs/uuv_control_msgs/srv/detail/get_pid_params__rosidl_typesupport_introspection_cpp.hpp
[3.288s] -- Up-to-date: /home/sunny/catkin_ws/install/uuv_control_msgs/include/uuv_control_msgs/uuv_control_msgs/srv/detail/init_waypoints_from_file__type_support.cpp
[3.288s] -- Up-to-date: /home/sunny/catkin_ws/install/uuv_control_msgs/include/uuv_control_msgs/uuv_control_msgs/srv/detail/set_mbsm_controller_params__rosidl_typesupport_introspection_cpp.hpp
[3.288s] -- Up-to-date: /home/sunny/catkin_ws/install/uuv_control_msgs/include/uuv_control_msgs/uuv_control_msgs/srv/detail/get_sm_controller_params__rosidl_typesupport_introspection_cpp.hpp
[3.288s] -- Up-to-date: /home/sunny/catkin_ws/install/uuv_control_msgs/include/uuv_control_msgs/uuv_control_msgs/srv/detail/go_to__rosidl_typesupport_introspection_cpp.hpp
[3.288s] -- Up-to-date: /home/sunny/catkin_ws/install/uuv_control_msgs/include/uuv_control_msgs/uuv_control_msgs/srv/detail/init_helical_trajectory__rosidl_typesupport_introspection_cpp.hpp
[3.292s] -- Up-to-date: /home/sunny/catkin_ws/install/uuv_control_msgs/include/uuv_control_msgs/uuv_control_msgs/srv/detail/switch_to_manual__rosidl_typesupport_introspection_cpp.hpp
[3.292s] -- Up-to-date: /home/sunny/catkin_ws/install/uuv_control_msgs/include/uuv_control_msgs/uuv_control_msgs/srv/detail/start_trajectory__type_support.cpp
[3.292s] -- Up-to-date: /home/sunny/catkin_ws/install/uuv_control_msgs/include/uuv_control_msgs/uuv_control_msgs/srv/detail/is_running_trajectory__rosidl_typesupport_introspection_cpp.hpp
[3.292s] -- Up-to-date: /home/sunny/catkin_ws/install/uuv_control_msgs/include/uuv_control_msgs/uuv_control_msgs/srv/detail/go_to_incremental__type_support.cpp
[3.292s] -- Up-to-date: /home/sunny/catkin_ws/install/uuv_control_msgs/include/uuv_control_msgs/uuv_control_msgs/srv/detail/set_mbsm_controller_params__type_support.cpp
[3.292s] -- Up-to-date: /home/sunny/catkin_ws/install/uuv_control_msgs/include/uuv_control_msgs/uuv_control_msgs/srv/detail/get_sm_controller_params__type_support.cpp
[3.292s] -- Up-to-date: /home/sunny/catkin_ws/install/uuv_control_msgs/include/uuv_control_msgs/uuv_control_msgs/srv/detail/get_mbsm_controller_params__type_support.cpp
[3.292s] -- Up-to-date: /home/sunny/catkin_ws/install/uuv_control_msgs/include/uuv_control_msgs/uuv_control_msgs/srv/detail/clear_waypoints__rosidl_typesupport_introspection_cpp.hpp
[3.293s] -- Up-to-date: /home/sunny/catkin_ws/install/uuv_control_msgs/include/uuv_control_msgs/uuv_control_msgs/srv/detail/switch_to_manual__type_support.cpp
[3.293s] -- Up-to-date: /home/sunny/catkin_ws/install/uuv_control_msgs/include/uuv_control_msgs/uuv_control_msgs/srv/detail/init_waypoint_set__rosidl_typesupport_introspection_cpp.hpp
[3.293s] -- Up-to-date: /home/sunny/catkin_ws/install/uuv_control_msgs/include/uuv_control_msgs/uuv_control_msgs/srv/detail/go_to_incremental__rosidl_typesupport_introspection_cpp.hpp
[3.293s] -- Up-to-date: /home/sunny/catkin_ws/install/uuv_control_msgs/include/uuv_control_msgs/uuv_control_msgs/srv/detail/init_waypoint_set__type_support.cpp
[3.293s] -- Up-to-date: /home/sunny/catkin_ws/install/uuv_control_msgs/include/uuv_control_msgs/uuv_control_msgs/srv/detail/set_sm_controller_params__type_support.cpp
[3.294s] -- Up-to-date: /home/sunny/catkin_ws/install/uuv_control_msgs/include/uuv_control_msgs/uuv_control_msgs/srv/detail/init_circular_trajectory__rosidl_typesupport_introspection_cpp.hpp
[3.297s] -- Up-to-date: /home/sunny/catkin_ws/install/uuv_control_msgs/include/uuv_control_msgs/uuv_control_msgs/srv/detail/hold__type_support.cpp
[3.298s] -- Up-to-date: /home/sunny/catkin_ws/install/uuv_control_msgs/include/uuv_control_msgs/uuv_control_msgs/srv/detail/reset_controller__type_support.cpp
[3.298s] -- Up-to-date: /home/sunny/catkin_ws/install/uuv_control_msgs/include/uuv_control_msgs/uuv_control_msgs/srv/detail/go_to__type_support.cpp
[3.298s] -- Up-to-date: /home/sunny/catkin_ws/install/uuv_control_msgs/include/uuv_control_msgs/uuv_control_msgs/srv/detail/get_waypoints__type_support.cpp
[3.298s] -- Up-to-date: /home/sunny/catkin_ws/install/uuv_control_msgs/include/uuv_control_msgs/uuv_control_msgs/srv/detail/init_helical_trajectory__type_support.cpp
[3.299s] -- Up-to-date: /home/sunny/catkin_ws/install/uuv_control_msgs/include/uuv_control_msgs/uuv_control_msgs/srv/detail/init_circular_trajectory__type_support.cpp
[3.299s] -- Up-to-date: /home/sunny/catkin_ws/install/uuv_control_msgs/include/uuv_control_msgs/uuv_control_msgs/srv/detail/add_waypoint__rosidl_typesupport_introspection_cpp.hpp
[3.299s] -- Up-to-date: /home/sunny/catkin_ws/install/uuv_control_msgs/include/uuv_control_msgs/uuv_control_msgs/srv/detail/init_waypoints_from_file__rosidl_typesupport_introspection_cpp.hpp
[3.299s] -- Up-to-date: /home/sunny/catkin_ws/install/uuv_control_msgs/include/uuv_control_msgs/uuv_control_msgs/srv/detail/switch_to_automatic__rosidl_typesupport_introspection_cpp.hpp
[3.299s] -- Up-to-date: /home/sunny/catkin_ws/install/uuv_control_msgs/include/uuv_control_msgs/uuv_control_msgs/srv/detail/start_trajectory__rosidl_typesupport_introspection_cpp.hpp
[3.299s] -- Up-to-date: /home/sunny/catkin_ws/install/uuv_control_msgs/include/uuv_control_msgs/uuv_control_msgs/msg
[3.299s] -- Up-to-date: /home/sunny/catkin_ws/install/uuv_control_msgs/include/uuv_control_msgs/uuv_control_msgs/msg/detail
[3.299s] -- Up-to-date: /home/sunny/catkin_ws/install/uuv_control_msgs/include/uuv_control_msgs/uuv_control_msgs/msg/detail/waypoint__rosidl_typesupport_introspection_cpp.hpp
[3.300s] -- Up-to-date: /home/sunny/catkin_ws/install/uuv_control_msgs/include/uuv_control_msgs/uuv_control_msgs/msg/detail/waypoint_set__rosidl_typesupport_introspection_cpp.hpp
[3.300s] -- Up-to-date: /home/sunny/catkin_ws/install/uuv_control_msgs/include/uuv_control_msgs/uuv_control_msgs/msg/detail/trajectory_point__rosidl_typesupport_introspection_cpp.hpp
[3.300s] -- Up-to-date: /home/sunny/catkin_ws/install/uuv_control_msgs/include/uuv_control_msgs/uuv_control_msgs/msg/detail/trajectory__type_support.cpp
[3.300s] -- Up-to-date: /home/sunny/catkin_ws/install/uuv_control_msgs/include/uuv_control_msgs/uuv_control_msgs/msg/detail/trajectory_point__type_support.cpp
[3.300s] -- Up-to-date: /home/sunny/catkin_ws/install/uuv_control_msgs/include/uuv_control_msgs/uuv_control_msgs/msg/detail/waypoint__type_support.cpp
[3.300s] -- Up-to-date: /home/sunny/catkin_ws/install/uuv_control_msgs/include/uuv_control_msgs/uuv_control_msgs/msg/detail/trajectory__rosidl_typesupport_introspection_cpp.hpp
[3.300s] -- Up-to-date: /home/sunny/catkin_ws/install/uuv_control_msgs/include/uuv_control_msgs/uuv_control_msgs/msg/detail/waypoint_set__type_support.cpp
[3.300s] -- Up-to-date: /home/sunny/catkin_ws/install/uuv_control_msgs/lib/libuuv_control_msgs__rosidl_typesupport_introspection_cpp.so
[3.301s] -- Up-to-date: /home/sunny/catkin_ws/install/uuv_control_msgs/lib/libuuv_control_msgs__rosidl_typesupport_cpp.so
[3.301s] -- Up-to-date: /home/sunny/catkin_ws/install/uuv_control_msgs/share/uuv_control_msgs/environment/pythonpath.sh
[3.301s] -- Up-to-date: /home/sunny/catkin_ws/install/uuv_control_msgs/share/uuv_control_msgs/environment/pythonpath.dsv
[3.301s] -- Up-to-date: /home/sunny/catkin_ws/install/uuv_control_msgs/local/lib/python3.10/dist-packages/uuv_control_msgs-0.6.1-py3.10.egg-info
[3.301s] -- Installing: /home/sunny/catkin_ws/install/uuv_control_msgs/local/lib/python3.10/dist-packages/uuv_control_msgs-0.6.1-py3.10.egg-info/PKG-INFO
[3.301s] -- Installing: /home/sunny/catkin_ws/install/uuv_control_msgs/local/lib/python3.10/dist-packages/uuv_control_msgs-0.6.1-py3.10.egg-info/SOURCES.txt
[3.302s] -- Installing: /home/sunny/catkin_ws/install/uuv_control_msgs/local/lib/python3.10/dist-packages/uuv_control_msgs-0.6.1-py3.10.egg-info/top_level.txt
[3.302s] -- Installing: /home/sunny/catkin_ws/install/uuv_control_msgs/local/lib/python3.10/dist-packages/uuv_control_msgs-0.6.1-py3.10.egg-info/dependency_links.txt
[3.302s] -- Up-to-date: /home/sunny/catkin_ws/install/uuv_control_msgs/local/lib/python3.10/dist-packages/uuv_control_msgs
[3.302s] -- Up-to-date: /home/sunny/catkin_ws/install/uuv_control_msgs/local/lib/python3.10/dist-packages/uuv_control_msgs/__init__.py
[3.302s] -- Up-to-date: /home/sunny/catkin_ws/install/uuv_control_msgs/local/lib/python3.10/dist-packages/uuv_control_msgs/libuuv_control_msgs__rosidl_generator_py.so
[3.303s] -- Up-to-date: /home/sunny/catkin_ws/install/uuv_control_msgs/local/lib/python3.10/dist-packages/uuv_control_msgs/srv
[3.303s] -- Up-to-date: /home/sunny/catkin_ws/install/uuv_control_msgs/local/lib/python3.10/dist-packages/uuv_control_msgs/srv/__init__.py
[3.303s] -- Up-to-date: /home/sunny/catkin_ws/install/uuv_control_msgs/local/lib/python3.10/dist-packages/uuv_control_msgs/srv/_init_circular_trajectory.py
[3.304s] -- Up-to-date: /home/sunny/catkin_ws/install/uuv_control_msgs/local/lib/python3.10/dist-packages/uuv_control_msgs/srv/_is_running_trajectory_s.c
[3.304s] -- Up-to-date: /home/sunny/catkin_ws/install/uuv_control_msgs/local/lib/python3.10/dist-packages/uuv_control_msgs/srv/_add_waypoint.py
[3.304s] -- Up-to-date: /home/sunny/catkin_ws/install/uuv_control_msgs/local/lib/python3.10/dist-packages/uuv_control_msgs/srv/_init_helical_trajectory.py
[3.304s] -- Up-to-date: /home/sunny/catkin_ws/install/uuv_control_msgs/local/lib/python3.10/dist-packages/uuv_control_msgs/srv/_switch_to_automatic_s.c
[3.305s] -- Up-to-date: /home/sunny/catkin_ws/install/uuv_control_msgs/local/lib/python3.10/dist-packages/uuv_control_msgs/srv/_get_mbsm_controller_params_s.c
[3.305s] -- Up-to-date: /home/sunny/catkin_ws/install/uuv_control_msgs/local/lib/python3.10/dist-packages/uuv_control_msgs/srv/_init_waypoint_set_s.c
[3.305s] -- Up-to-date: /home/sunny/catkin_ws/install/uuv_control_msgs/local/lib/python3.10/dist-packages/uuv_control_msgs/srv/_get_mbsm_controller_params.py
[3.305s] -- Up-to-date: /home/sunny/catkin_ws/install/uuv_control_msgs/local/lib/python3.10/dist-packages/uuv_control_msgs/srv/_switch_to_manual_s.c
[3.305s] -- Up-to-date: /home/sunny/catkin_ws/install/uuv_control_msgs/local/lib/python3.10/dist-packages/uuv_control_msgs/srv/_init_waypoints_from_file.py
[3.306s] -- Up-to-date: /home/sunny/catkin_ws/install/uuv_control_msgs/local/lib/python3.10/dist-packages/uuv_control_msgs/srv/_add_waypoint_s.c
[3.306s] -- Up-to-date: /home/sunny/catkin_ws/install/uuv_control_msgs/local/lib/python3.10/dist-packages/uuv_control_msgs/srv/_init_waypoints_from_file_s.c
[3.306s] -- Up-to-date: /home/sunny/catkin_ws/install/uuv_control_msgs/local/lib/python3.10/dist-packages/uuv_control_msgs/srv/_init_circular_trajectory_s.c
[3.306s] -- Up-to-date: /home/sunny/catkin_ws/install/uuv_control_msgs/local/lib/python3.10/dist-packages/uuv_control_msgs/srv/_start_trajectory.py
[3.306s] -- Up-to-date: /home/sunny/catkin_ws/install/uuv_control_msgs/local/lib/python3.10/dist-packages/uuv_control_msgs/srv/_init_rect_trajectory_s.c
[3.306s] -- Up-to-date: /home/sunny/catkin_ws/install/uuv_control_msgs/local/lib/python3.10/dist-packages/uuv_control_msgs/srv/_go_to_incremental.py
[3.306s] -- Up-to-date: /home/sunny/catkin_ws/install/uuv_control_msgs/local/lib/python3.10/dist-packages/uuv_control_msgs/srv/_set_pid_params.py
[3.306s] -- Up-to-date: /home/sunny/catkin_ws/install/uuv_control_msgs/local/lib/python3.10/dist-packages/uuv_control_msgs/srv/_get_pid_params_s.c
[3.307s] -- Up-to-date: /home/sunny/catkin_ws/install/uuv_control_msgs/local/lib/python3.10/dist-packages/uuv_control_msgs/srv/_get_waypoints_s.c
[3.307s] -- Up-to-date: /home/sunny/catkin_ws/install/uuv_control_msgs/local/lib/python3.10/dist-packages/uuv_control_msgs/srv/_init_helical_trajectory_s.c
[3.307s] -- Up-to-date: /home/sunny/catkin_ws/install/uuv_control_msgs/local/lib/python3.10/dist-packages/uuv_control_msgs/srv/_is_running_trajectory.py
[3.307s] -- Up-to-date: /home/sunny/catkin_ws/install/uuv_control_msgs/local/lib/python3.10/dist-packages/uuv_control_msgs/srv/_set_mbsm_controller_params_s.c
[3.307s] -- Up-to-date: /home/sunny/catkin_ws/install/uuv_control_msgs/local/lib/python3.10/dist-packages/uuv_control_msgs/srv/_switch_to_manual.py
[3.307s] -- Up-to-date: /home/sunny/catkin_ws/install/uuv_control_msgs/local/lib/python3.10/dist-packages/uuv_control_msgs/srv/_set_sm_controller_params.py
[3.307s] -- Up-to-date: /home/sunny/catkin_ws/install/uuv_control_msgs/local/lib/python3.10/dist-packages/uuv_control_msgs/srv/_get_sm_controller_params_s.c
[3.307s] -- Up-to-date: /home/sunny/catkin_ws/install/uuv_control_msgs/local/lib/python3.10/dist-packages/uuv_control_msgs/srv/_clear_waypoints_s.c
[3.308s] -- Up-to-date: /home/sunny/catkin_ws/install/uuv_control_msgs/local/lib/python3.10/dist-packages/uuv_control_msgs/srv/_reset_controller.py
[3.308s] -- Up-to-date: /home/sunny/catkin_ws/install/uuv_control_msgs/local/lib/python3.10/dist-packages/uuv_control_msgs/srv/_init_rect_trajectory.py
[3.308s] -- Up-to-date: /home/sunny/catkin_ws/install/uuv_control_msgs/local/lib/python3.10/dist-packages/uuv_control_msgs/srv/_init_waypoint_set.py
[3.308s] -- Up-to-date: /home/sunny/catkin_ws/install/uuv_control_msgs/local/lib/python3.10/dist-packages/uuv_control_msgs/srv/_set_sm_controller_params_s.c
[3.308s] -- Up-to-date: /home/sunny/catkin_ws/install/uuv_control_msgs/local/lib/python3.10/dist-packages/uuv_control_msgs/srv/_set_mbsm_controller_params.py
[3.308s] -- Up-to-date: /home/sunny/catkin_ws/install/uuv_control_msgs/local/lib/python3.10/dist-packages/uuv_control_msgs/srv/_go_to_incremental_s.c
[3.308s] -- Up-to-date: /home/sunny/catkin_ws/install/uuv_control_msgs/local/lib/python3.10/dist-packages/uuv_control_msgs/srv/_get_pid_params.py
[3.308s] -- Up-to-date: /home/sunny/catkin_ws/install/uuv_control_msgs/local/lib/python3.10/dist-packages/uuv_control_msgs/srv/_get_sm_controller_params.py
[3.308s] -- Up-to-date: /home/sunny/catkin_ws/install/uuv_control_msgs/local/lib/python3.10/dist-packages/uuv_control_msgs/srv/_clear_waypoints.py
[3.308s] -- Up-to-date: /home/sunny/catkin_ws/install/uuv_control_msgs/local/lib/python3.10/dist-packages/uuv_control_msgs/srv/_go_to.py
[3.309s] -- Up-to-date: /home/sunny/catkin_ws/install/uuv_control_msgs/local/lib/python3.10/dist-packages/uuv_control_msgs/srv/_get_waypoints.py
[3.309s] -- Up-to-date: /home/sunny/catkin_ws/install/uuv_control_msgs/local/lib/python3.10/dist-packages/uuv_control_msgs/srv/_set_pid_params_s.c
[3.309s] -- Up-to-date: /home/sunny/catkin_ws/install/uuv_control_msgs/local/lib/python3.10/dist-packages/uuv_control_msgs/srv/_reset_controller_s.c
[3.309s] -- Up-to-date: /home/sunny/catkin_ws/install/uuv_control_msgs/local/lib/python3.10/dist-packages/uuv_control_msgs/srv/_start_trajectory_s.c
[3.309s] -- Up-to-date: /home/sunny/catkin_ws/install/uuv_control_msgs/local/lib/python3.10/dist-packages/uuv_control_msgs/srv/_go_to_s.c
[3.313s] -- Up-to-date: /home/sunny/catkin_ws/install/uuv_control_msgs/local/lib/python3.10/dist-packages/uuv_control_msgs/srv/_switch_to_automatic.py
[3.313s] -- Up-to-date: /home/sunny/catkin_ws/install/uuv_control_msgs/local/lib/python3.10/dist-packages/uuv_control_msgs/srv/_hold.py
[3.313s] -- Up-to-date: /home/sunny/catkin_ws/install/uuv_control_msgs/local/lib/python3.10/dist-packages/uuv_control_msgs/srv/_hold_s.c
[3.313s] -- Up-to-date: /home/sunny/catkin_ws/install/uuv_control_msgs/local/lib/python3.10/dist-packages/uuv_control_msgs/_uuv_control_msgs_s.ep.rosidl_typesupport_c.c
[3.318s] -- Up-to-date: /home/sunny/catkin_ws/install/uuv_control_msgs/local/lib/python3.10/dist-packages/uuv_control_msgs/uuv_control_msgs_s__rosidl_typesupport_introspection_c.cpython-310-x86_64-linux-gnu.so
[3.318s] -- Up-to-date: /home/sunny/catkin_ws/install/uuv_control_msgs/local/lib/python3.10/dist-packages/uuv_control_msgs/_uuv_control_msgs_s.ep.rosidl_typesupport_introspection_c.c
[3.319s] -- Up-to-date: /home/sunny/catkin_ws/install/uuv_control_msgs/local/lib/python3.10/dist-packages/uuv_control_msgs/uuv_control_msgs_s__rosidl_typesupport_c.cpython-310-x86_64-linux-gnu.so
[3.319s] -- Up-to-date: /home/sunny/catkin_ws/install/uuv_control_msgs/local/lib/python3.10/dist-packages/uuv_control_msgs/uuv_control_msgs_s__rosidl_typesupport_fastrtps_c.cpython-310-x86_64-linux-gnu.so
[3.320s] -- Up-to-date: /home/sunny/catkin_ws/install/uuv_control_msgs/local/lib/python3.10/dist-packages/uuv_control_msgs/msg
[3.320s] -- Up-to-date: /home/sunny/catkin_ws/install/uuv_control_msgs/local/lib/python3.10/dist-packages/uuv_control_msgs/msg/__init__.py
[3.320s] -- Up-to-date: /home/sunny/catkin_ws/install/uuv_control_msgs/local/lib/python3.10/dist-packages/uuv_control_msgs/msg/_waypoint_set_s.c
[3.320s] -- Up-to-date: /home/sunny/catkin_ws/install/uuv_control_msgs/local/lib/python3.10/dist-packages/uuv_control_msgs/msg/_trajectory.py
[3.320s] -- Up-to-date: /home/sunny/catkin_ws/install/uuv_control_msgs/local/lib/python3.10/dist-packages/uuv_control_msgs/msg/_waypoint_set.py
[3.320s] -- Up-to-date: /home/sunny/catkin_ws/install/uuv_control_msgs/local/lib/python3.10/dist-packages/uuv_control_msgs/msg/_trajectory_point.py
[3.320s] -- Up-to-date: /home/sunny/catkin_ws/install/uuv_control_msgs/local/lib/python3.10/dist-packages/uuv_control_msgs/msg/_trajectory_point_s.c
[3.320s] -- Up-to-date: /home/sunny/catkin_ws/install/uuv_control_msgs/local/lib/python3.10/dist-packages/uuv_control_msgs/msg/_waypoint_s.c
[3.321s] -- Up-to-date: /home/sunny/catkin_ws/install/uuv_control_msgs/local/lib/python3.10/dist-packages/uuv_control_msgs/msg/_trajectory_s.c
[3.321s] -- Up-to-date: /home/sunny/catkin_ws/install/uuv_control_msgs/local/lib/python3.10/dist-packages/uuv_control_msgs/msg/_waypoint.py
[3.321s] -- Up-to-date: /home/sunny/catkin_ws/install/uuv_control_msgs/local/lib/python3.10/dist-packages/uuv_control_msgs/_uuv_control_msgs_s.ep.rosidl_typesupport_fastrtps_c.c
[3.322s] Listing '/home/sunny/catkin_ws/install/uuv_control_msgs/local/lib/python3.10/dist-packages/uuv_control_msgs'...
[3.322s] Listing '/home/sunny/catkin_ws/install/uuv_control_msgs/local/lib/python3.10/dist-packages/uuv_control_msgs/msg'...
[3.322s] Listing '/home/sunny/catkin_ws/install/uuv_control_msgs/local/lib/python3.10/dist-packages/uuv_control_msgs/srv'...
[3.322s] -- Up-to-date: /home/sunny/catkin_ws/install/uuv_control_msgs/local/lib/python3.10/dist-packages/uuv_control_msgs/uuv_control_msgs_s__rosidl_typesupport_fastrtps_c.cpython-310-x86_64-linux-gnu.so
[3.323s] -- Up-to-date: /home/sunny/catkin_ws/install/uuv_control_msgs/local/lib/python3.10/dist-packages/uuv_control_msgs/uuv_control_msgs_s__rosidl_typesupport_introspection_c.cpython-310-x86_64-linux-gnu.so
[3.323s] -- Up-to-date: /home/sunny/catkin_ws/install/uuv_control_msgs/local/lib/python3.10/dist-packages/uuv_control_msgs/uuv_control_msgs_s__rosidl_typesupport_c.cpython-310-x86_64-linux-gnu.so
[3.323s] -- Up-to-date: /home/sunny/catkin_ws/install/uuv_control_msgs/lib/libuuv_control_msgs__rosidl_generator_py.so
[3.323s] -- Up-to-date: /home/sunny/catkin_ws/install/uuv_control_msgs/share/uuv_control_msgs/msg/Trajectory.idl
[3.324s] -- Up-to-date: /home/sunny/catkin_ws/install/uuv_control_msgs/share/uuv_control_msgs/msg/TrajectoryPoint.idl
[3.324s] -- Up-to-date: /home/sunny/catkin_ws/install/uuv_control_msgs/share/uuv_control_msgs/msg/Waypoint.idl
[3.324s] -- Up-to-date: /home/sunny/catkin_ws/install/uuv_control_msgs/share/uuv_control_msgs/msg/WaypointSet.idl
[3.324s] -- Up-to-date: /home/sunny/catkin_ws/install/uuv_control_msgs/share/uuv_control_msgs/srv/AddWaypoint.idl
[3.324s] -- Up-to-date: /home/sunny/catkin_ws/install/uuv_control_msgs/share/uuv_control_msgs/srv/ClearWaypoints.idl
[3.324s] -- Up-to-date: /home/sunny/catkin_ws/install/uuv_control_msgs/share/uuv_control_msgs/srv/InitCircularTrajectory.idl
[3.324s] -- Up-to-date: /home/sunny/catkin_ws/install/uuv_control_msgs/share/uuv_control_msgs/srv/InitHelicalTrajectory.idl
[3.324s] -- Up-to-date: /home/sunny/catkin_ws/install/uuv_control_msgs/share/uuv_control_msgs/srv/InitWaypointsFromFile.idl
[3.324s] -- Up-to-date: /home/sunny/catkin_ws/install/uuv_control_msgs/share/uuv_control_msgs/srv/GetWaypoints.idl
[3.325s] -- Up-to-date: /home/sunny/catkin_ws/install/uuv_control_msgs/share/uuv_control_msgs/srv/GoTo.idl
[3.325s] -- Up-to-date: /home/sunny/catkin_ws/install/uuv_control_msgs/share/uuv_control_msgs/srv/GoToIncremental.idl
[3.325s] -- Up-to-date: /home/sunny/catkin_ws/install/uuv_control_msgs/share/uuv_control_msgs/srv/Hold.idl
[3.325s] -- Up-to-date: /home/sunny/catkin_ws/install/uuv_control_msgs/share/uuv_control_msgs/srv/IsRunningTrajectory.idl
[3.325s] -- Up-to-date: /home/sunny/catkin_ws/install/uuv_control_msgs/share/uuv_control_msgs/srv/InitWaypointSet.idl
[3.326s] -- Up-to-date: /home/sunny/catkin_ws/install/uuv_control_msgs/share/uuv_control_msgs/srv/InitRectTrajectory.idl
[3.327s] -- Up-to-date: /home/sunny/catkin_ws/install/uuv_control_msgs/share/uuv_control_msgs/srv/StartTrajectory.idl
[3.327s] -- Up-to-date: /home/sunny/catkin_ws/install/uuv_control_msgs/share/uuv_control_msgs/srv/SwitchToAutomatic.idl
[3.327s] -- Up-to-date: /home/sunny/catkin_ws/install/uuv_control_msgs/share/uuv_control_msgs/srv/SwitchToManual.idl
[3.327s] -- Up-to-date: /home/sunny/catkin_ws/install/uuv_control_msgs/share/uuv_control_msgs/srv/SetPIDParams.idl
[3.327s] -- Up-to-date: /home/sunny/catkin_ws/install/uuv_control_msgs/share/uuv_control_msgs/srv/GetPIDParams.idl
[3.327s] -- Up-to-date: /home/sunny/catkin_ws/install/uuv_control_msgs/share/uuv_control_msgs/srv/SetSMControllerParams.idl
[3.327s] -- Up-to-date: /home/sunny/catkin_ws/install/uuv_control_msgs/share/uuv_control_msgs/srv/GetSMControllerParams.idl
[3.327s] -- Up-to-date: /home/sunny/catkin_ws/install/uuv_control_msgs/share/uuv_control_msgs/srv/SetMBSMControllerParams.idl
[3.328s] -- Up-to-date: /home/sunny/catkin_ws/install/uuv_control_msgs/share/uuv_control_msgs/srv/GetMBSMControllerParams.idl
[3.328s] -- Up-to-date: /home/sunny/catkin_ws/install/uuv_control_msgs/share/uuv_control_msgs/srv/ResetController.idl
[3.328s] -- Up-to-date: /home/sunny/catkin_ws/install/uuv_control_msgs/share/uuv_control_msgs/msg/Trajectory.msg
[3.328s] -- Up-to-date: /home/sunny/catkin_ws/install/uuv_control_msgs/share/uuv_control_msgs/msg/TrajectoryPoint.msg
[3.328s] -- Up-to-date: /home/sunny/catkin_ws/install/uuv_control_msgs/share/uuv_control_msgs/msg/Waypoint.msg
[3.328s] -- Up-to-date: /home/sunny/catkin_ws/install/uuv_control_msgs/share/uuv_control_msgs/msg/WaypointSet.msg
[3.328s] -- Up-to-date: /home/sunny/catkin_ws/install/uuv_control_msgs/share/uuv_control_msgs/srv/AddWaypoint.srv
[3.329s] -- Up-to-date: /home/sunny/catkin_ws/install/uuv_control_msgs/share/uuv_control_msgs/srv/AddWaypoint_Request.msg
[3.329s] -- Up-to-date: /home/sunny/catkin_ws/install/uuv_control_msgs/share/uuv_control_msgs/srv/AddWaypoint_Response.msg
[3.329s] -- Up-to-date: /home/sunny/catkin_ws/install/uuv_control_msgs/share/uuv_control_msgs/srv/ClearWaypoints.srv
[3.329s] -- Up-to-date: /home/sunny/catkin_ws/install/uuv_control_msgs/share/uuv_control_msgs/srv/ClearWaypoints_Request.msg
[3.329s] -- Up-to-date: /home/sunny/catkin_ws/install/uuv_control_msgs/share/uuv_control_msgs/srv/ClearWaypoints_Response.msg
[3.329s] -- Up-to-date: /home/sunny/catkin_ws/install/uuv_control_msgs/share/uuv_control_msgs/srv/InitCircularTrajectory.srv
[3.329s] -- Up-to-date: /home/sunny/catkin_ws/install/uuv_control_msgs/share/uuv_control_msgs/srv/InitCircularTrajectory_Request.msg
[3.330s] -- Up-to-date: /home/sunny/catkin_ws/install/uuv_control_msgs/share/uuv_control_msgs/srv/InitCircularTrajectory_Response.msg
[3.330s] -- Up-to-date: /home/sunny/catkin_ws/install/uuv_control_msgs/share/uuv_control_msgs/srv/InitHelicalTrajectory.srv
[3.330s] -- Up-to-date: /home/sunny/catkin_ws/install/uuv_control_msgs/share/uuv_control_msgs/srv/InitHelicalTrajectory_Request.msg
[3.330s] -- Up-to-date: /home/sunny/catkin_ws/install/uuv_control_msgs/share/uuv_control_msgs/srv/InitHelicalTrajectory_Response.msg
[3.331s] -- Up-to-date: /home/sunny/catkin_ws/install/uuv_control_msgs/share/uuv_control_msgs/srv/InitWaypointsFromFile.srv
[3.331s] -- Up-to-date: /home/sunny/catkin_ws/install/uuv_control_msgs/share/uuv_control_msgs/srv/InitWaypointsFromFile_Request.msg
[3.331s] -- Up-to-date: /home/sunny/catkin_ws/install/uuv_control_msgs/share/uuv_control_msgs/srv/InitWaypointsFromFile_Response.msg
[3.331s] -- Up-to-date: /home/sunny/catkin_ws/install/uuv_control_msgs/share/uuv_control_msgs/srv/GetWaypoints.srv
[3.331s] -- Up-to-date: /home/sunny/catkin_ws/install/uuv_control_msgs/share/uuv_control_msgs/srv/GetWaypoints_Request.msg
[3.331s] -- Up-to-date: /home/sunny/catkin_ws/install/uuv_control_msgs/share/uuv_control_msgs/srv/GetWaypoints_Response.msg
[3.331s] -- Up-to-date: /home/sunny/catkin_ws/install/uuv_control_msgs/share/uuv_control_msgs/srv/GoTo.srv
[3.331s] -- Up-to-date: /home/sunny/catkin_ws/install/uuv_control_msgs/share/uuv_control_msgs/srv/GoTo_Request.msg
[3.331s] -- Up-to-date: /home/sunny/catkin_ws/install/uuv_control_msgs/share/uuv_control_msgs/srv/GoTo_Response.msg
[3.331s] -- Up-to-date: /home/sunny/catkin_ws/install/uuv_control_msgs/share/uuv_control_msgs/srv/GoToIncremental.srv
[3.331s] -- Up-to-date: /home/sunny/catkin_ws/install/uuv_control_msgs/share/uuv_control_msgs/srv/GoToIncremental_Request.msg
[3.332s] -- Up-to-date: /home/sunny/catkin_ws/install/uuv_control_msgs/share/uuv_control_msgs/srv/GoToIncremental_Response.msg
[3.332s] -- Up-to-date: /home/sunny/catkin_ws/install/uuv_control_msgs/share/uuv_control_msgs/srv/Hold.srv
[3.332s] -- Up-to-date: /home/sunny/catkin_ws/install/uuv_control_msgs/share/uuv_control_msgs/srv/Hold_Request.msg
[3.332s] -- Up-to-date: /home/sunny/catkin_ws/install/uuv_control_msgs/share/uuv_control_msgs/srv/Hold_Response.msg
[3.332s] -- Up-to-date: /home/sunny/catkin_ws/install/uuv_control_msgs/share/uuv_control_msgs/srv/IsRunningTrajectory.srv
[3.332s] -- Up-to-date: /home/sunny/catkin_ws/install/uuv_control_msgs/share/uuv_control_msgs/srv/IsRunningTrajectory_Request.msg
[3.332s] -- Up-to-date: /home/sunny/catkin_ws/install/uuv_control_msgs/share/uuv_control_msgs/srv/IsRunningTrajectory_Response.msg
[3.332s] -- Up-to-date: /home/sunny/catkin_ws/install/uuv_control_msgs/share/uuv_control_msgs/srv/InitWaypointSet.srv
[3.332s] -- Up-to-date: /home/sunny/catkin_ws/install/uuv_control_msgs/share/uuv_control_msgs/srv/InitWaypointSet_Request.msg
[3.332s] -- Up-to-date: /home/sunny/catkin_ws/install/uuv_control_msgs/share/uuv_control_msgs/srv/InitWaypointSet_Response.msg
[3.332s] -- Up-to-date: /home/sunny/catkin_ws/install/uuv_control_msgs/share/uuv_control_msgs/srv/InitRectTrajectory.srv
[3.332s] -- Up-to-date: /home/sunny/catkin_ws/install/uuv_control_msgs/share/uuv_control_msgs/srv/InitRectTrajectory_Request.msg
[3.332s] -- Up-to-date: /home/sunny/catkin_ws/install/uuv_control_msgs/share/uuv_control_msgs/srv/InitRectTrajectory_Response.msg
[3.332s] -- Up-to-date: /home/sunny/catkin_ws/install/uuv_control_msgs/share/uuv_control_msgs/srv/StartTrajectory.srv
[3.332s] -- Up-to-date: /home/sunny/catkin_ws/install/uuv_control_msgs/share/uuv_control_msgs/srv/StartTrajectory_Request.msg
[3.332s] -- Up-to-date: /home/sunny/catkin_ws/install/uuv_control_msgs/share/uuv_control_msgs/srv/StartTrajectory_Response.msg
[3.333s] -- Up-to-date: /home/sunny/catkin_ws/install/uuv_control_msgs/share/uuv_control_msgs/srv/SwitchToAutomatic.srv
[3.333s] -- Up-to-date: /home/sunny/catkin_ws/install/uuv_control_msgs/share/uuv_control_msgs/srv/SwitchToAutomatic_Request.msg
[3.333s] -- Up-to-date: /home/sunny/catkin_ws/install/uuv_control_msgs/share/uuv_control_msgs/srv/SwitchToAutomatic_Response.msg
[3.333s] -- Up-to-date: /home/sunny/catkin_ws/install/uuv_control_msgs/share/uuv_control_msgs/srv/SwitchToManual.srv
[3.333s] -- Up-to-date: /home/sunny/catkin_ws/install/uuv_control_msgs/share/uuv_control_msgs/srv/SwitchToManual_Request.msg
[3.333s] -- Up-to-date: /home/sunny/catkin_ws/install/uuv_control_msgs/share/uuv_control_msgs/srv/SwitchToManual_Response.msg
[3.333s] -- Up-to-date: /home/sunny/catkin_ws/install/uuv_control_msgs/share/uuv_control_msgs/srv/SetPIDParams.srv
[3.333s] -- Up-to-date: /home/sunny/catkin_ws/install/uuv_control_msgs/share/uuv_control_msgs/srv/SetPIDParams_Request.msg
[3.333s] -- Up-to-date: /home/sunny/catkin_ws/install/uuv_control_msgs/share/uuv_control_msgs/srv/SetPIDParams_Response.msg
[3.333s] -- Up-to-date: /home/sunny/catkin_ws/install/uuv_control_msgs/share/uuv_control_msgs/srv/GetPIDParams.srv
[3.333s] -- Up-to-date: /home/sunny/catkin_ws/install/uuv_control_msgs/share/uuv_control_msgs/srv/GetPIDParams_Request.msg
[3.333s] -- Up-to-date: /home/sunny/catkin_ws/install/uuv_control_msgs/share/uuv_control_msgs/srv/GetPIDParams_Response.msg
[3.333s] -- Up-to-date: /home/sunny/catkin_ws/install/uuv_control_msgs/share/uuv_control_msgs/srv/SetSMControllerParams.srv
[3.334s] -- Up-to-date: /home/sunny/catkin_ws/install/uuv_control_msgs/share/uuv_control_msgs/srv/SetSMControllerParams_Request.msg
[3.334s] -- Up-to-date: /home/sunny/catkin_ws/install/uuv_control_msgs/share/uuv_control_msgs/srv/SetSMControllerParams_Response.msg
[3.334s] -- Up-to-date: /home/sunny/catkin_ws/install/uuv_control_msgs/share/uuv_control_msgs/srv/GetSMControllerParams.srv
[3.334s] -- Up-to-date: /home/sunny/catkin_ws/install/uuv_control_msgs/share/uuv_control_msgs/srv/GetSMControllerParams_Request.msg
[3.334s] -- Up-to-date: /home/sunny/catkin_ws/install/uuv_control_msgs/share/uuv_control_msgs/srv/GetSMControllerParams_Response.msg
[3.334s] -- Up-to-date: /home/sunny/catkin_ws/install/uuv_control_msgs/share/uuv_control_msgs/srv/SetMBSMControllerParams.srv
[3.334s] -- Up-to-date: /home/sunny/catkin_ws/install/uuv_control_msgs/share/uuv_control_msgs/srv/SetMBSMControllerParams_Request.msg
[3.334s] -- Up-to-date: /home/sunny/catkin_ws/install/uuv_control_msgs/share/uuv_control_msgs/srv/SetMBSMControllerParams_Response.msg
[3.335s] -- Up-to-date: /home/sunny/catkin_ws/install/uuv_control_msgs/share/uuv_control_msgs/srv/GetMBSMControllerParams.srv
[3.335s] -- Up-to-date: /home/sunny/catkin_ws/install/uuv_control_msgs/share/uuv_control_msgs/srv/GetMBSMControllerParams_Request.msg
[3.335s] -- Up-to-date: /home/sunny/catkin_ws/install/uuv_control_msgs/share/uuv_control_msgs/srv/GetMBSMControllerParams_Response.msg
[3.335s] -- Up-to-date: /home/sunny/catkin_ws/install/uuv_control_msgs/share/uuv_control_msgs/srv/ResetController.srv
[3.335s] -- Up-to-date: /home/sunny/catkin_ws/install/uuv_control_msgs/share/uuv_control_msgs/srv/ResetController_Request.msg
[3.335s] -- Up-to-date: /home/sunny/catkin_ws/install/uuv_control_msgs/share/uuv_control_msgs/srv/ResetController_Response.msg
[3.337s] -- Up-to-date: /home/sunny/catkin_ws/install/uuv_control_msgs/share/ament_index/resource_index/package_run_dependencies/uuv_control_msgs
[3.337s] -- Up-to-date: /home/sunny/catkin_ws/install/uuv_control_msgs/share/ament_index/resource_index/parent_prefix_path/uuv_control_msgs
[3.337s] -- Up-to-date: /home/sunny/catkin_ws/install/uuv_control_msgs/share/uuv_control_msgs/environment/ament_prefix_path.sh
[3.337s] -- Up-to-date: /home/sunny/catkin_ws/install/uuv_control_msgs/share/uuv_control_msgs/environment/ament_prefix_path.dsv
[3.338s] -- Up-to-date: /home/sunny/catkin_ws/install/uuv_control_msgs/share/uuv_control_msgs/environment/path.sh
[3.338s] -- Up-to-date: /home/sunny/catkin_ws/install/uuv_control_msgs/share/uuv_control_msgs/environment/path.dsv
[3.338s] -- Up-to-date: /home/sunny/catkin_ws/install/uuv_control_msgs/share/uuv_control_msgs/local_setup.bash
[3.338s] -- Up-to-date: /home/sunny/catkin_ws/install/uuv_control_msgs/share/uuv_control_msgs/local_setup.sh
[3.338s] -- Up-to-date: /home/sunny/catkin_ws/install/uuv_control_msgs/share/uuv_control_msgs/local_setup.zsh
[3.338s] -- Up-to-date: /home/sunny/catkin_ws/install/uuv_control_msgs/share/uuv_control_msgs/local_setup.dsv
[3.338s] -- Installing: /home/sunny/catkin_ws/install/uuv_control_msgs/share/uuv_control_msgs/package.dsv
[3.338s] -- Up-to-date: /home/sunny/catkin_ws/install/uuv_control_msgs/share/ament_index/resource_index/packages/uuv_control_msgs
[3.339s] -- Up-to-date: /home/sunny/catkin_ws/install/uuv_control_msgs/share/uuv_control_msgs/cmake/export_uuv_control_msgs__rosidl_generator_cExport.cmake
[3.339s] -- Up-to-date: /home/sunny/catkin_ws/install/uuv_control_msgs/share/uuv_control_msgs/cmake/export_uuv_control_msgs__rosidl_generator_cExport-noconfig.cmake
[3.339s] -- Up-to-date: /home/sunny/catkin_ws/install/uuv_control_msgs/share/uuv_control_msgs/cmake/export_uuv_control_msgs__rosidl_typesupport_fastrtps_cExport.cmake
[3.339s] -- Up-to-date: /home/sunny/catkin_ws/install/uuv_control_msgs/share/uuv_control_msgs/cmake/export_uuv_control_msgs__rosidl_typesupport_fastrtps_cExport-noconfig.cmake
[3.339s] -- Up-to-date: /home/sunny/catkin_ws/install/uuv_control_msgs/share/uuv_control_msgs/cmake/export_uuv_control_msgs__rosidl_generator_cppExport.cmake
[3.339s] -- Up-to-date: /home/sunny/catkin_ws/install/uuv_control_msgs/share/uuv_control_msgs/cmake/export_uuv_control_msgs__rosidl_typesupport_fastrtps_cppExport.cmake
[3.339s] -- Up-to-date: /home/sunny/catkin_ws/install/uuv_control_msgs/share/uuv_control_msgs/cmake/export_uuv_control_msgs__rosidl_typesupport_fastrtps_cppExport-noconfig.cmake
[3.343s] -- Up-to-date: /home/sunny/catkin_ws/install/uuv_control_msgs/share/uuv_control_msgs/cmake/uuv_control_msgs__rosidl_typesupport_introspection_cExport.cmake
[3.364s] -- Up-to-date: /home/sunny/catkin_ws/install/uuv_control_msgs/share/uuv_control_msgs/cmake/uuv_control_msgs__rosidl_typesupport_introspection_cExport-noconfig.cmake
[3.365s] -- Up-to-date: /home/sunny/catkin_ws/install/uuv_control_msgs/share/uuv_control_msgs/cmake/uuv_control_msgs__rosidl_typesupport_cExport.cmake
[3.365s] -- Up-to-date: /home/sunny/catkin_ws/install/uuv_control_msgs/share/uuv_control_msgs/cmake/uuv_control_msgs__rosidl_typesupport_cExport-noconfig.cmake
[3.365s] -- Up-to-date: /home/sunny/catkin_ws/install/uuv_control_msgs/share/uuv_control_msgs/cmake/uuv_control_msgs__rosidl_typesupport_introspection_cppExport.cmake
[3.365s] -- Up-to-date: /home/sunny/catkin_ws/install/uuv_control_msgs/share/uuv_control_msgs/cmake/uuv_control_msgs__rosidl_typesupport_introspection_cppExport-noconfig.cmake
[3.365s] -- Up-to-date: /home/sunny/catkin_ws/install/uuv_control_msgs/share/uuv_control_msgs/cmake/uuv_control_msgs__rosidl_typesupport_cppExport.cmake
[3.365s] -- Up-to-date: /home/sunny/catkin_ws/install/uuv_control_msgs/share/uuv_control_msgs/cmake/uuv_control_msgs__rosidl_typesupport_cppExport-noconfig.cmake
[3.366s] -- Up-to-date: /home/sunny/catkin_ws/install/uuv_control_msgs/share/uuv_control_msgs/cmake/export_uuv_control_msgs__rosidl_generator_pyExport.cmake
[3.366s] -- Up-to-date: /home/sunny/catkin_ws/install/uuv_control_msgs/share/uuv_control_msgs/cmake/export_uuv_control_msgs__rosidl_generator_pyExport-noconfig.cmake
[3.366s] -- Up-to-date: /home/sunny/catkin_ws/install/uuv_control_msgs/share/uuv_control_msgs/cmake/rosidl_cmake-extras.cmake
[3.366s] -- Up-to-date: /home/sunny/catkin_ws/install/uuv_control_msgs/share/uuv_control_msgs/cmake/ament_cmake_export_dependencies-extras.cmake
[3.366s] -- Up-to-date: /home/sunny/catkin_ws/install/uuv_control_msgs/share/uuv_control_msgs/cmake/ament_cmake_export_include_directories-extras.cmake
[3.366s] -- Up-to-date: /home/sunny/catkin_ws/install/uuv_control_msgs/share/uuv_control_msgs/cmake/ament_cmake_export_libraries-extras.cmake
[3.367s] -- Up-to-date: /home/sunny/catkin_ws/install/uuv_control_msgs/share/uuv_control_msgs/cmake/ament_cmake_export_targets-extras.cmake
[3.367s] -- Up-to-date: /home/sunny/catkin_ws/install/uuv_control_msgs/share/uuv_control_msgs/cmake/rosidl_cmake_export_typesupport_targets-extras.cmake
[3.367s] -- Up-to-date: /home/sunny/catkin_ws/install/uuv_control_msgs/share/uuv_control_msgs/cmake/rosidl_cmake_export_typesupport_libraries-extras.cmake
[3.367s] -- Up-to-date: /home/sunny/catkin_ws/install/uuv_control_msgs/share/uuv_control_msgs/cmake/uuv_control_msgsConfig.cmake
[3.367s] -- Up-to-date: /home/sunny/catkin_ws/install/uuv_control_msgs/share/uuv_control_msgs/cmake/uuv_control_msgsConfig-version.cmake
[3.367s] -- Up-to-date: /home/sunny/catkin_ws/install/uuv_control_msgs/share/uuv_control_msgs/package.xml
[4.093s] Invoked command in '/home/sunny/catkin_ws/build/uuv_control_msgs' returned '0': CMAKE_PREFIX_PATH=${CMAKE_PREFIX_PATH}:/home/sunny/catkin_ws/install/beluga_adapter:/opt/ros/humble /usr/bin/cmake --install /home/sunny/catkin_ws/build/uuv_control_msgs
