-- The C compiler identification is GNU 11.4.0
-- The CXX compiler identification is GNU 11.4.0
-- Detecting C compiler ABI info
-- Detecting C compiler ABI info - done
-- Check for working C compiler: /usr/bin/cc - skipped
-- Detecting C compile features
-- Detecting C compile features - done
-- Detecting CXX compiler ABI info
-- Detecting CXX compiler ABI info - done
-- Check for working CXX compiler: /usr/bin/c++ - skipped
-- Detecting CXX compile features
-- Detecting CXX compile features - done
-- Found ament_cmake: 1.3.6 (/opt/ros/humble/share/ament_cmake/cmake)
-- Found Python3: /usr/bin/python3.10 (found version "3.10.12") found components: Interpreter 
-- Configuring done
-- Generating done
-- Build files have been written to: /home/sunny/catkin_ws/build/plankton
-- Install configuration: ""
-- Installing: /home/sunny/catkin_ws/install/plankton/share/ament_index/resource_index/package_run_dependencies/plankton
-- Installing: /home/sunny/catkin_ws/install/plankton/share/ament_index/resource_index/parent_prefix_path/plankton
-- Installing: /home/sunny/catkin_ws/install/plankton/share/plankton/environment/ament_prefix_path.sh
-- Installing: /home/sunny/catkin_ws/install/plankton/share/plankton/environment/ament_prefix_path.dsv
-- Installing: /home/sunny/catkin_ws/install/plankton/share/plankton/environment/path.sh
-- Installing: /home/sunny/catkin_ws/install/plankton/share/plankton/environment/path.dsv
-- Installing: /home/sunny/catkin_ws/install/plankton/share/plankton/local_setup.bash
-- Installing: /home/sunny/catkin_ws/install/plankton/share/plankton/local_setup.sh
-- Installing: /home/sunny/catkin_ws/install/plankton/share/plankton/local_setup.zsh
-- Installing: /home/sunny/catkin_ws/install/plankton/share/plankton/local_setup.dsv
-- Installing: /home/sunny/catkin_ws/install/plankton/share/plankton/package.dsv
-- Installing: /home/sunny/catkin_ws/install/plankton/share/ament_index/resource_index/packages/plankton
-- Installing: /home/sunny/catkin_ws/install/plankton/share/plankton/cmake/planktonConfig.cmake
-- Installing: /home/sunny/catkin_ws/install/plankton/share/plankton/cmake/planktonConfig-version.cmake
-- Installing: /home/sunny/catkin_ws/install/plankton/share/plankton/package.xml
