Built target ament_cmake_python_copy_uuv_PID
running egg_info
writing uuv_PID.egg-info/PKG-INFO
writing dependency_links to uuv_PID.egg-info/dependency_links.txt
writing top-level names to uuv_PID.egg-info/top_level.txt
reading manifest file 'uuv_PID.egg-info/SOURCES.txt'
writing manifest file 'uuv_PID.egg-info/SOURCES.txt'
Built target ament_cmake_python_build_uuv_PID_egg
-- Install configuration: ""
-- Up-to-date: /home/sunny/catkin_ws/install/uuv_control_cascaded_pid/share/uuv_control_cascaded_pid/environment/pythonpath.sh
-- Up-to-date: /home/sunny/catkin_ws/install/uuv_control_cascaded_pid/share/uuv_control_cascaded_pid/environment/pythonpath.dsv
-- Up-to-date: /home/sunny/catkin_ws/install/uuv_control_cascaded_pid/local/lib/python3.10/dist-packages/uuv_PID-0.6.1-py3.10.egg-info
-- Installing: /home/sunny/catkin_ws/install/uuv_control_cascaded_pid/local/lib/python3.10/dist-packages/uuv_PID-0.6.1-py3.10.egg-info/PKG-INFO
-- Installing: /home/sunny/catkin_ws/install/uuv_control_cascaded_pid/local/lib/python3.10/dist-packages/uuv_PID-0.6.1-py3.10.egg-info/SOURCES.txt
-- Installing: /home/sunny/catkin_ws/install/uuv_control_cascaded_pid/local/lib/python3.10/dist-packages/uuv_PID-0.6.1-py3.10.egg-info/top_level.txt
-- Installing: /home/sunny/catkin_ws/install/uuv_control_cascaded_pid/local/lib/python3.10/dist-packages/uuv_PID-0.6.1-py3.10.egg-info/dependency_links.txt
-- Up-to-date: /home/sunny/catkin_ws/install/uuv_control_cascaded_pid/local/lib/python3.10/dist-packages/uuv_PID
-- Up-to-date: /home/sunny/catkin_ws/install/uuv_control_cascaded_pid/local/lib/python3.10/dist-packages/uuv_PID/__init__.py
-- Up-to-date: /home/sunny/catkin_ws/install/uuv_control_cascaded_pid/local/lib/python3.10/dist-packages/uuv_PID/PIDRegulator.py
Listing '/home/sunny/catkin_ws/install/uuv_control_cascaded_pid/local/lib/python3.10/dist-packages/uuv_PID'...
-- Up-to-date: /home/sunny/catkin_ws/install/uuv_control_cascaded_pid/lib/uuv_control_cascaded_pid/acceleration_control.py
-- Up-to-date: /home/sunny/catkin_ws/install/uuv_control_cascaded_pid/lib/uuv_control_cascaded_pid/position_control.py
-- Up-to-date: /home/sunny/catkin_ws/install/uuv_control_cascaded_pid/lib/uuv_control_cascaded_pid/velocity_control.py
-- Up-to-date: /home/sunny/catkin_ws/install/uuv_control_cascaded_pid/share/uuv_control_cascaded_pid/launch
-- Up-to-date: /home/sunny/catkin_ws/install/uuv_control_cascaded_pid/share/uuv_control_cascaded_pid/launch/joy_accel.launch
-- Up-to-date: /home/sunny/catkin_ws/install/uuv_control_cascaded_pid/share/uuv_control_cascaded_pid/launch/joy_velocity.launch
-- Up-to-date: /home/sunny/catkin_ws/install/uuv_control_cascaded_pid/share/uuv_control_cascaded_pid/launch/key_board_velocity.launch
-- Up-to-date: /home/sunny/catkin_ws/install/uuv_control_cascaded_pid/share/uuv_control_cascaded_pid/launch/position_hold.launch
-- Up-to-date: /home/sunny/catkin_ws/install/uuv_control_cascaded_pid/share/uuv_control_cascaded_pid/config
-- Up-to-date: /home/sunny/catkin_ws/install/uuv_control_cascaded_pid/share/uuv_control_cascaded_pid/config/rexrov
-- Up-to-date: /home/sunny/catkin_ws/install/uuv_control_cascaded_pid/share/uuv_control_cascaded_pid/config/rexrov/inertial.yaml
-- Up-to-date: /home/sunny/catkin_ws/install/uuv_control_cascaded_pid/share/uuv_control_cascaded_pid/config/rexrov/pos_pid_control.yaml
-- Up-to-date: /home/sunny/catkin_ws/install/uuv_control_cascaded_pid/share/uuv_control_cascaded_pid/config/rexrov/vel_pid_control.yaml
-- Up-to-date: /home/sunny/catkin_ws/install/uuv_control_cascaded_pid/share/uuv_control_cascaded_pid/config/joy_vel.yaml
-- Up-to-date: /home/sunny/catkin_ws/install/uuv_control_cascaded_pid/share/uuv_control_cascaded_pid/config/beluga
-- Up-to-date: /home/sunny/catkin_ws/install/uuv_control_cascaded_pid/share/uuv_control_cascaded_pid/config/beluga/inertial.yaml
-- Up-to-date: /home/sunny/catkin_ws/install/uuv_control_cascaded_pid/share/uuv_control_cascaded_pid/config/beluga/pos_pid_control.yaml
-- Up-to-date: /home/sunny/catkin_ws/install/uuv_control_cascaded_pid/share/uuv_control_cascaded_pid/config/beluga/vel_pid_control.yaml
-- Up-to-date: /home/sunny/catkin_ws/install/uuv_control_cascaded_pid/share/uuv_control_cascaded_pid/config/joy_accel.yaml
-- Up-to-date: /home/sunny/catkin_ws/install/uuv_control_cascaded_pid/share/ament_index/resource_index/package_run_dependencies/uuv_control_cascaded_pid
-- Up-to-date: /home/sunny/catkin_ws/install/uuv_control_cascaded_pid/share/ament_index/resource_index/parent_prefix_path/uuv_control_cascaded_pid
-- Up-to-date: /home/sunny/catkin_ws/install/uuv_control_cascaded_pid/share/uuv_control_cascaded_pid/environment/ament_prefix_path.sh
-- Up-to-date: /home/sunny/catkin_ws/install/uuv_control_cascaded_pid/share/uuv_control_cascaded_pid/environment/ament_prefix_path.dsv
-- Up-to-date: /home/sunny/catkin_ws/install/uuv_control_cascaded_pid/share/uuv_control_cascaded_pid/environment/path.sh
-- Up-to-date: /home/sunny/catkin_ws/install/uuv_control_cascaded_pid/share/uuv_control_cascaded_pid/environment/path.dsv
-- Up-to-date: /home/sunny/catkin_ws/install/uuv_control_cascaded_pid/share/uuv_control_cascaded_pid/local_setup.bash
-- Up-to-date: /home/sunny/catkin_ws/install/uuv_control_cascaded_pid/share/uuv_control_cascaded_pid/local_setup.sh
-- Up-to-date: /home/sunny/catkin_ws/install/uuv_control_cascaded_pid/share/uuv_control_cascaded_pid/local_setup.zsh
-- Up-to-date: /home/sunny/catkin_ws/install/uuv_control_cascaded_pid/share/uuv_control_cascaded_pid/local_setup.dsv
-- Installing: /home/sunny/catkin_ws/install/uuv_control_cascaded_pid/share/uuv_control_cascaded_pid/package.dsv
-- Up-to-date: /home/sunny/catkin_ws/install/uuv_control_cascaded_pid/share/ament_index/resource_index/packages/uuv_control_cascaded_pid
-- Up-to-date: /home/sunny/catkin_ws/install/uuv_control_cascaded_pid/share/uuv_control_cascaded_pid/cmake/uuv_control_cascaded_pidConfig.cmake
-- Up-to-date: /home/sunny/catkin_ws/install/uuv_control_cascaded_pid/share/uuv_control_cascaded_pid/cmake/uuv_control_cascaded_pidConfig-version.cmake
-- Up-to-date: /home/sunny/catkin_ws/install/uuv_control_cascaded_pid/share/uuv_control_cascaded_pid/package.xml
