[0.299s] Invoking command in '/home/sunny/catkin_ws/build/common_msgs': CMAKE_PREFIX_PATH=${CMAKE_PREFIX_PATH}:/home/sunny/catkin_ws/install/beluga_adapter:/opt/ros/humble /usr/bin/cmake --build /home/sunny/catkin_ws/build/common_msgs -- -j16 -l16
[0.441s] [  3%] Built target common_msgs__cpp
[0.442s] [ 12%] Built target common_msgs__rosidl_generator_c
[0.517s] [ 12%] Built target ament_cmake_python_copy_common_msgs
[0.534s] [ 22%] Built target common_msgs__rosidl_typesupport_cpp
[0.556s] [ 32%] Built target common_msgs__rosidl_typesupport_introspection_cpp
[0.571s] [ 41%] Built target common_msgs__rosidl_typesupport_fastrtps_cpp
[0.588s] [ 51%] Built target common_msgs__rosidl_typesupport_c
[0.637s] [ 70%] Built target common_msgs__rosidl_typesupport_introspection_c
[0.637s] [ 70%] Built target common_msgs__rosidl_typesupport_fastrtps_c
[0.715s] [ 70%] Built target common_msgs
[0.757s] [ 74%] Built target common_msgs__py
[0.856s] [ 80%] Built target common_msgs__rosidl_generator_py
[0.951s] [ 87%] Built target common_msgs__rosidl_typesupport_fastrtps_c__pyext
[0.965s] [ 93%] Built target common_msgs__rosidl_typesupport_introspection_c__pyext
[0.968s] [100%] Built target common_msgs__rosidl_typesupport_c__pyext
[1.021s] running egg_info
[1.021s] writing common_msgs.egg-info/PKG-INFO
[1.021s] writing dependency_links to common_msgs.egg-info/dependency_links.txt
[1.021s] writing top-level names to common_msgs.egg-info/top_level.txt
[1.022s] reading manifest file 'common_msgs.egg-info/SOURCES.txt'
[1.023s] writing manifest file 'common_msgs.egg-info/SOURCES.txt'
[1.076s] [100%] Built target ament_cmake_python_build_common_msgs_egg
[1.247s] Invoked command in '/home/sunny/catkin_ws/build/common_msgs' returned '0': CMAKE_PREFIX_PATH=${CMAKE_PREFIX_PATH}:/home/sunny/catkin_ws/install/beluga_adapter:/opt/ros/humble /usr/bin/cmake --build /home/sunny/catkin_ws/build/common_msgs -- -j16 -l16
