[0.324s] Invoking command in '/home/sunny/catkin_ws/build/uuv_sensor_ros_plugins': AMENT_PREFIX_PATH=/home/sunny/catkin_ws/install/uuv_sensor_ros_plugins_msgs:/home/sunny/catkin_ws/install/uuv_gazebo_plugins:${AMENT_PREFIX_PATH} CMAKE_PREFIX_PATH=/home/sunny/catkin_ws/install/uuv_sensor_ros_plugins_msgs:/home/sunny/catkin_ws/install/uuv_gazebo_plugins:/home/sunny/catkin_ws/install/turtlesim:/home/sunny/catkin_ws/install/common_msgs:/home/sunny/catkin_ws/install/beluga_simulator:/home/sunny/catkin_ws/install/beluga_adapter:/opt/ros/humble LD_LIBRARY_PATH=/home/sunny/catkin_ws/install/uuv_sensor_ros_plugins_msgs/lib:/home/sunny/catkin_ws/install/uuv_gazebo_plugins/lib:/home/sunny/catkin_ws/install/turtlesim/lib:/home/sunny/catkin_ws/install/common_msgs/lib:/opt/ros/humble/opt/rviz_ogre_vendor/lib:/opt/ros/humble/lib/x86_64-linux-gnu:/opt/ros/humble/lib:/usr/lib/x86_64-linux-gnu/gazebo-11/plugins PYTHONPATH=/home/sunny/catkin_ws/install/uuv_sensor_ros_plugins_msgs/local/lib/python3.10/dist-packages:${PYTHONPATH} /usr/bin/cmake /home/sunny/catkin_ws/src/Plankton/uuv_sensor_plugins/uuv_sensor_ros_plugins -DCMAKE_INSTALL_PREFIX=/home/sunny/catkin_ws/install/uuv_sensor_ros_plugins
[0.807s] -- The C compiler identification is GNU 11.4.0
[0.807s] -- The CXX compiler identification is GNU 11.4.0
[0.807s] -- Detecting C compiler ABI info
[0.807s] -- Detecting C compiler ABI info - done
[0.807s] -- Check for working C compiler: /usr/bin/cc - skipped
[0.807s] -- Detecting C compile features
[0.808s] -- Detecting C compile features - done
[0.808s] -- Detecting CXX compiler ABI info
[0.808s] -- Detecting CXX compiler ABI info - done
[0.808s] -- Check for working CXX compiler: /usr/bin/c++ - skipped
[0.808s] -- Detecting CXX compile features
[0.808s] -- Detecting CXX compile features - done
[0.808s] -- PROTOBUF_IMPORT_DIRS = 
[0.809s] -- Found image_transport: 3.1.7 (/opt/ros/humble/share/image_transport/cmake)
[0.831s] -- Found Python3: /usr/bin/python3.10 (found version "3.10.12") found components: Interpreter 
[1.029s] -- Found rosidl_generator_c: 3.1.5 (/opt/ros/humble/share/rosidl_generator_c/cmake)
[1.033s] -- Found rosidl_adapter: 3.1.5 (/opt/ros/humble/share/rosidl_adapter/cmake)
[1.066s] -- Found rosidl_generator_cpp: 3.1.5 (/opt/ros/humble/share/rosidl_generator_cpp/cmake)
[1.072s] -- Using all available rosidl_typesupport_c: rosidl_typesupport_fastrtps_c;rosidl_typesupport_introspection_c
[1.105s] -- Using all available rosidl_typesupport_cpp: rosidl_typesupport_fastrtps_cpp;rosidl_typesupport_introspection_cpp
[1.194s] -- Found rmw_implementation_cmake: 6.1.1 (/opt/ros/humble/share/rmw_implementation_cmake/cmake)
[1.198s] -- Found rmw_fastrtps_cpp: 6.2.5 (/opt/ros/humble/share/rmw_fastrtps_cpp/cmake)
[1.365s] -- Found OpenSSL: /usr/lib/x86_64-linux-gnu/libcrypto.so (found version "3.0.2")  
[1.408s] -- Found FastRTPS: /opt/ros/humble/include  
[1.472s] -- Using RMW implementation 'rmw_fastrtps_cpp' as default
[1.488s] -- Looking for pthread.h
[1.577s] -- Looking for pthread.h - found
[1.577s] -- Performing Test CMAKE_HAVE_LIBC_PTHREAD
[1.657s] -- Performing Test CMAKE_HAVE_LIBC_PTHREAD - Success
[1.658s] -- Found Threads: TRUE  
[2.090s] -- Found nav_msgs: 4.2.3 (/opt/ros/humble/share/nav_msgs/cmake)
[2.157s] -- Found uuv_gazebo_plugins: 0.6.1 (/home/sunny/catkin_ws/install/uuv_gazebo_plugins/share/uuv_gazebo_plugins/cmake)
[2.167s] -- Found PkgConfig: /usr/bin/pkg-config (found version "0.29.2") 
[2.168s] -- Checking for module 'bullet>=2.82'
[2.187s] --   Found bullet, version 3.05
[2.329s] -- Found fcl: /usr/include (found suitable version "0.7.0", minimum required is "0.5.0") 
[2.399s] -- Found assimp: /usr/include (found version "5.2.0") 
[2.427s] -- Found DART: /usr/include (Required is at least version "6.6") found components: dart 
[2.458s] -- Found Boost: /usr/lib/x86_64-linux-gnu/cmake/Boost-1.74.0/BoostConfig.cmake (found suitable version "1.74.0", minimum required is "1.40.0") found components: thread system filesystem program_options regex iostreams date_time 
[2.473s] -- Found Protobuf: /usr/lib/x86_64-linux-gnu/libprotobuf.so (found version "3.12.4") 
[2.478s] -- Looking for ignition-math6 -- found version 6.15.0
[2.485s] -- Searching for dependencies of ignition-math6
[2.486s] -- Looking for OGRE...
[2.486s] -- OGRE_PREFIX_WATCH changed.
[2.492s] -- Checking for module 'OGRE'
[2.508s] --   Found OGRE, version 1.9.0
[2.551s] -- Found Ogre Ghadamon (1.9.0)
[2.566s] -- Found OGRE: optimized;/usr/lib/x86_64-linux-gnu/libOgreMain.so;debug;/usr/lib/x86_64-linux-gnu/libOgreMain.so
[2.576s] -- Looking for OGRE_Paging...
[2.588s] -- Found OGRE_Paging: optimized;/usr/lib/x86_64-linux-gnu/libOgrePaging.so;debug;/usr/lib/x86_64-linux-gnu/libOgrePaging.so
[2.588s] -- Looking for OGRE_Terrain...
[2.600s] -- Found OGRE_Terrain: optimized;/usr/lib/x86_64-linux-gnu/libOgreTerrain.so;debug;/usr/lib/x86_64-linux-gnu/libOgreTerrain.so
[2.600s] -- Looking for OGRE_Property...
[2.607s] -- Found OGRE_Property: optimized;/usr/lib/x86_64-linux-gnu/libOgreProperty.so;debug;/usr/lib/x86_64-linux-gnu/libOgreProperty.so
[2.607s] -- Looking for OGRE_RTShaderSystem...
[2.615s] -- Found OGRE_RTShaderSystem: optimized;/usr/lib/x86_64-linux-gnu/libOgreRTShaderSystem.so;debug;/usr/lib/x86_64-linux-gnu/libOgreRTShaderSystem.so
[2.615s] -- Looking for OGRE_Volume...
[2.625s] -- Found OGRE_Volume: optimized;/usr/lib/x86_64-linux-gnu/libOgreVolume.so;debug;/usr/lib/x86_64-linux-gnu/libOgreVolume.so
[2.625s] -- Looking for OGRE_Overlay...
[2.638s] -- Found OGRE_Overlay: optimized;/usr/lib/x86_64-linux-gnu/libOgreOverlay.so;debug;/usr/lib/x86_64-linux-gnu/libOgreOverlay.so
[2.821s] -- Looking for ignition-math6 -- found version 6.15.0
[2.824s] -- Looking for ignition-transport8 -- found version 8.2.1
[2.824s] -- Searching for dependencies of ignition-transport8
[2.846s] -- Found Protobuf: /usr/lib/x86_64-linux-gnu/libprotobuf.so (found suitable version "3.12.4", minimum required is "3") 
[2.860s] -- Config-file not installed for ZeroMQ -- checking for pkg-config
[2.865s] -- Checking for module 'libzmq >= 4'
[2.884s] --   Found libzmq , version 4.3.4
[2.941s] -- Found ZeroMQ: TRUE (Required is at least version "4") 
[2.950s] -- Checking for module 'uuid'
[2.970s] --   Found uuid, version 2.37.2
[3.016s] -- Found UUID: TRUE  
[3.019s] -- Looking for ignition-msgs5 -- found version 5.8.1
[3.019s] -- Searching for dependencies of ignition-msgs5
[3.043s] -- Looking for ignition-math6 -- found version 6.15.0
[3.049s] -- Checking for module 'tinyxml2'
[3.065s] --   Found tinyxml2, version 9.0.0
[3.113s] -- Looking for ignition-msgs5 -- found version 5.8.1
[3.116s] -- Looking for ignition-common3 -- found version 3.14.0
[3.116s] -- Searching for dependencies of ignition-common3
[3.117s] -- Looking for dlfcn.h - found
[3.118s] -- Looking for libdl - found
[3.119s] -- Found DL: TRUE  
[3.132s] -- Found tinyobjloader: /usr/lib/x86_64-linux-gnu/cmake/tinyobjloader/tinyobjloader-config.cmake (found version "2.0.0") 
[3.133s] -- Searching for <ignition-common3> component [graphics]
[3.135s] -- Looking for ignition-common3-graphics -- found version 3.14.0
[3.136s] -- Searching for dependencies of ignition-common3-graphics
[3.136s] -- Looking for ignition-math6 -- found version 6.15.0
[3.139s] -- Looking for ignition-fuel_tools4 -- found version 4.4.0
[3.140s] -- Searching for dependencies of ignition-fuel_tools4
[3.245s] -- Found CURL: /usr/lib/x86_64-linux-gnu/libcurl.so (found version "7.81.0")  
[3.255s] -- Checking for module 'jsoncpp'
[3.274s] --   Found jsoncpp, version 1.9.5
[3.326s] -- Found JSONCPP: TRUE  
[3.333s] -- Checking for module 'libzip'
[3.351s] --   Found libzip, version 1.7.3
[3.402s] -- Found ZIP: TRUE  
[3.402s] -- Looking for ignition-common3 -- found version 3.14.0
[3.403s] -- Looking for ignition-math6 -- found version 6.15.0
[3.403s] -- Looking for ignition-msgs5 -- found version 5.8.1
[3.409s] -- Gazebo version: 11.10
[3.409s] -- Checking for module 'tbb'
[3.430s] --   Found tbb, version 2021.5.0
[3.491s] -- Found gazebo_plugins: 3.7.0 (/opt/ros/humble/share/gazebo_plugins/cmake)
[3.739s] -- Found laser_geometry: 2.4.0 (/opt/ros/humble/share/laser_geometry/cmake)
[3.762s] -- Found uuv_sensor_ros_plugins_msgs: 0.6.13 (/home/sunny/catkin_ws/install/uuv_sensor_ros_plugins_msgs/share/uuv_sensor_ros_plugins_msgs/cmake)
[3.816s] -- Found tf2_ros: 0.25.5 (/opt/ros/humble/share/tf2_ros/cmake)
[4.095s] -- Found Eigen3: TRUE (found version "3.4.0") 
[4.096s] -- Looking for OGRE...
[4.102s] -- Found Ogre Ghadamon (1.9.0)
[4.111s] -- Looking for OGRE_Paging...
[4.111s] -- Looking for OGRE_Terrain...
[4.111s] -- Looking for OGRE_Property...
[4.111s] -- Looking for OGRE_RTShaderSystem...
[4.111s] -- Looking for OGRE_Volume...
[4.112s] -- Looking for OGRE_Overlay...
[4.300s] -- Found OpenCV: /usr (found version "4.5.4") 
[4.308s] -- Found Protobuf: /usr/lib/x86_64-linux-gnu/libprotobuf.so (found version "3.12.4") 
[4.308s] -- PROTOBUF_IMPORT_DIRS = /usr/include/gazebo-11/gazebo/msgs/proto
[4.308s] -- GAZEBO_MSG_INCLUDE_DIRS = /usr/include/gazebo-11/gazebo/msgs
[9.873s] -- Found ament_cmake_pytest: 1.3.6 (/opt/ros/humble/share/ament_cmake_pytest/cmake)
[9.876s] -- Found xacro: 2.0.8 (/opt/ros/humble/share/xacro/cmake)
[10.244s] -- Configuring done
[14.762s] -- Generating done
[14.777s] -- Build files have been written to: /home/sunny/catkin_ws/build/uuv_sensor_ros_plugins
