-- PROTOBUF_IMPORT_DIRS = 
-- Found image_transport: 3.1.7 (/opt/ros/humble/share/image_transport/cmake)
-- Found rosidl_generator_c: 3.1.5 (/opt/ros/humble/share/rosidl_generator_c/cmake)
-- Found rosidl_adapter: 3.1.5 (/opt/ros/humble/share/rosidl_adapter/cmake)
-- Found rosidl_generator_cpp: 3.1.5 (/opt/ros/humble/share/rosidl_generator_cpp/cmake)
-- Using all available rosidl_typesupport_c: rosidl_typesupport_fastrtps_c;rosidl_typesupport_introspection_c
-- Using all available rosidl_typesupport_cpp: rosidl_typesupport_fastrtps_cpp;rosidl_typesupport_introspection_cpp
-- Found rmw_implementation_cmake: 6.1.1 (/opt/ros/humble/share/rmw_implementation_cmake/cmake)
-- Found rmw_fastrtps_cpp: 6.2.5 (/opt/ros/humble/share/rmw_fastrtps_cpp/cmake)
-- Using RMW implementation 'rmw_fastrtps_cpp' as default
-- Found nav_msgs: 4.2.3 (/opt/ros/humble/share/nav_msgs/cmake)
-- Found uuv_gazebo_plugins: 0.6.1 (/home/sunny/catkin_ws/install/uuv_gazebo_plugins/share/uuv_gazebo_plugins/cmake)
-- Found DART: /usr/include (Required is at least version "6.6") found components: dart 
-- Looking for ignition-math6 -- found version 6.15.0
-- Searching for dependencies of ignition-math6
-- Looking for OGRE...
-- Found Ogre Ghadamon (1.9.0)
-- Found OGRE: optimized;/usr/lib/x86_64-linux-gnu/libOgreMain.so;debug;/usr/lib/x86_64-linux-gnu/libOgreMain.so
-- Looking for OGRE_Paging...
-- Found OGRE_Paging: optimized;/usr/lib/x86_64-linux-gnu/libOgrePaging.so;debug;/usr/lib/x86_64-linux-gnu/libOgrePaging.so
-- Looking for OGRE_Terrain...
-- Found OGRE_Terrain: optimized;/usr/lib/x86_64-linux-gnu/libOgreTerrain.so;debug;/usr/lib/x86_64-linux-gnu/libOgreTerrain.so
-- Looking for OGRE_Property...
-- Found OGRE_Property: optimized;/usr/lib/x86_64-linux-gnu/libOgreProperty.so;debug;/usr/lib/x86_64-linux-gnu/libOgreProperty.so
-- Looking for OGRE_RTShaderSystem...
-- Found OGRE_RTShaderSystem: optimized;/usr/lib/x86_64-linux-gnu/libOgreRTShaderSystem.so;debug;/usr/lib/x86_64-linux-gnu/libOgreRTShaderSystem.so
-- Looking for OGRE_Volume...
-- Found OGRE_Volume: optimized;/usr/lib/x86_64-linux-gnu/libOgreVolume.so;debug;/usr/lib/x86_64-linux-gnu/libOgreVolume.so
-- Looking for OGRE_Overlay...
-- Found OGRE_Overlay: optimized;/usr/lib/x86_64-linux-gnu/libOgreOverlay.so;debug;/usr/lib/x86_64-linux-gnu/libOgreOverlay.so
-- Looking for ignition-math6 -- found version 6.15.0
-- Looking for ignition-transport8 -- found version 8.2.1
-- Searching for dependencies of ignition-transport8
-- Found Protobuf: /usr/lib/x86_64-linux-gnu/libprotobuf.so (found suitable version "3.12.4", minimum required is "3") 
-- Config-file not installed for ZeroMQ -- checking for pkg-config
-- Checking for module 'libzmq >= 4'
--   Found libzmq , version 4.3.4
-- Checking for module 'uuid'
--   Found uuid, version 2.37.2
-- Looking for ignition-msgs5 -- found version 5.8.1
-- Searching for dependencies of ignition-msgs5
-- Looking for ignition-math6 -- found version 6.15.0
-- Looking for ignition-msgs5 -- found version 5.8.1
-- Looking for ignition-common3 -- found version 3.14.0
-- Searching for dependencies of ignition-common3
-- Looking for dlfcn.h - found
-- Looking for libdl - found
-- Searching for <ignition-common3> component [graphics]
-- Looking for ignition-common3-graphics -- found version 3.14.0
-- Searching for dependencies of ignition-common3-graphics
-- Looking for ignition-math6 -- found version 6.15.0
-- Looking for ignition-fuel_tools4 -- found version 4.4.0
-- Searching for dependencies of ignition-fuel_tools4
-- Checking for module 'jsoncpp'
--   Found jsoncpp, version 1.9.5
-- Checking for module 'libzip'
--   Found libzip, version 1.7.3
-- Looking for ignition-common3 -- found version 3.14.0
-- Looking for ignition-math6 -- found version 6.15.0
-- Looking for ignition-msgs5 -- found version 5.8.1
-- Gazebo version: 11.10
-- Found gazebo_plugins: 3.7.0 (/opt/ros/humble/share/gazebo_plugins/cmake)
-- Found laser_geometry: 2.4.0 (/opt/ros/humble/share/laser_geometry/cmake)
-- Found uuv_sensor_ros_plugins_msgs: 0.6.13 (/home/sunny/catkin_ws/install/uuv_sensor_ros_plugins_msgs/share/uuv_sensor_ros_plugins_msgs/cmake)
-- Found tf2_ros: 0.25.5 (/opt/ros/humble/share/tf2_ros/cmake)
-- Looking for OGRE...
-- Found Ogre Ghadamon (1.9.0)
-- Looking for OGRE_Paging...
-- Looking for OGRE_Terrain...
-- Looking for OGRE_Property...
-- Looking for OGRE_RTShaderSystem...
-- Looking for OGRE_Volume...
-- Looking for OGRE_Overlay...
-- Found Protobuf: /usr/lib/x86_64-linux-gnu/libprotobuf.so (found version "3.12.4") 
-- PROTOBUF_IMPORT_DIRS = /usr/include/gazebo-11/gazebo/msgs/proto
-- GAZEBO_MSG_INCLUDE_DIRS = /usr/include/gazebo-11/gazebo/msgs
-- Found ament_cmake_pytest: 1.3.6 (/opt/ros/humble/share/ament_cmake_pytest/cmake)
-- Found xacro: 2.0.8 (/opt/ros/humble/share/xacro/cmake)
-- Configuring done
-- Generating done
-- Build files have been written to: /home/sunny/catkin_ws/build/uuv_sensor_ros_plugins
[35m[1mConsolidate compiler generated dependencies of target uuv_gazebo_ros_camera_plugin[0m
[  3%] [34m[1mRunning cpp protocol buffer compiler on msgs/SensorImu.proto[0m
[  3%] [34m[1mRunning cpp protocol buffer compiler on msgs/SensorMagnetic.proto[0m
[  5%] [34m[1mRunning cpp protocol buffer compiler on msgs/SensorPressure.proto[0m
[35m[1mConsolidate compiler generated dependencies of target uuv_gazebo_ros_base_model_plugin[0m
[  7%] [34m[1mRunning cpp protocol buffer compiler on msgs/SensorDvl.proto[0m
[35m[1mConsolidate compiler generated dependencies of target uuv_gazebo_ros_gps_plugin[0m
[35m[1mConsolidate compiler generated dependencies of target uuv_gazebo_ros_base_sensor_plugin[0m
[  8%] [34m[1mRunning cpp protocol buffer compiler on msgs/SensorRpt.proto[0m
[35m[1mConsolidate compiler generated dependencies of target uuv_gazebo_ros_pose_gt_plugin[0m
[35m[1mConsolidate compiler generated dependencies of target image_sonar_ros_plugin[0m
[35m[1mConsolidate compiler generated dependencies of target uuv_gazebo_ros_cpc_plugin[0m
[ 10%] [32mBuilding CXX object CMakeFiles/uuv_gazebo_ros_camera_plugin.dir/src/UnderwaterCameraROSPlugin.cpp.o[0m
[ 12%] [32mBuilding CXX object CMakeFiles/image_sonar_ros_plugin.dir/src/gazebo_ros_image_sonar.cpp.o[0m
[35m[1mConsolidate compiler generated dependencies of target uuv_sensor_gazebo_msgs[0m
[ 14%] [32m[1mLinking CXX shared library libuuv_gazebo_ros_camera_plugin.so[0m
[ 15%] [32mBuilding CXX object CMakeFiles/uuv_gazebo_ros_base_model_plugin.dir/src/ROSBaseModelPlugin.cpp.o[0m
[ 17%] [32m[1mLinking CXX shared library libimage_sonar_ros_plugin.so[0m
[ 19%] [32mBuilding CXX object CMakeFiles/uuv_gazebo_ros_base_model_plugin.dir/src/ROSBasePlugin.cpp.o[0m
[ 21%] [32mBuilding CXX object CMakeFiles/uuv_gazebo_ros_base_sensor_plugin.dir/src/ROSBasePlugin.cpp.o[0m
[ 22%] [32mBuilding CXX object CMakeFiles/uuv_gazebo_ros_gps_plugin.dir/src/ROSBasePlugin.cpp.o[0m
[ 24%] [32mBuilding CXX object CMakeFiles/uuv_gazebo_ros_base_sensor_plugin.dir/src/ROSBaseSensorPlugin.cpp.o[0m
[ 26%] [32mBuilding CXX object CMakeFiles/uuv_sensor_gazebo_msgs.dir/SensorDvl.pb.cc.o[0m
[ 28%] [32mBuilding CXX object CMakeFiles/uuv_gazebo_ros_gps_plugin.dir/src/GPSROSPlugin.cpp.o[0m
[ 29%] [32mBuilding CXX object CMakeFiles/uuv_sensor_gazebo_msgs.dir/SensorImu.pb.cc.o[0m
[ 31%] [32mBuilding CXX object CMakeFiles/uuv_gazebo_ros_gps_plugin.dir/src/ROSBaseSensorPlugin.cpp.o[0m
[ 33%] [32mBuilding CXX object CMakeFiles/uuv_sensor_gazebo_msgs.dir/SensorMagnetic.pb.cc.o[0m
[ 35%] [32mBuilding CXX object CMakeFiles/uuv_gazebo_ros_cpc_plugin.dir/src/CPCROSPlugin.cpp.o[0m
[ 36%] [32mBuilding CXX object CMakeFiles/uuv_gazebo_ros_cpc_plugin.dir/src/ROSBasePlugin.cpp.o[0m
[ 38%] [32mBuilding CXX object CMakeFiles/uuv_gazebo_ros_pose_gt_plugin.dir/src/PoseGTROSPlugin.cpp.o[0m
[ 40%] [32mBuilding CXX object CMakeFiles/uuv_gazebo_ros_pose_gt_plugin.dir/src/ROSBasePlugin.cpp.o[0m
[ 40%] Built target uuv_gazebo_ros_camera_plugin
[ 40%] Built target image_sonar_ros_plugin
[ 42%] [32mBuilding CXX object CMakeFiles/uuv_gazebo_ros_pose_gt_plugin.dir/src/ROSBaseModelPlugin.cpp.o[0m
[ 43%] [32mBuilding CXX object CMakeFiles/uuv_sensor_gazebo_msgs.dir/SensorPressure.pb.cc.o[0m
[ 45%] [32mBuilding CXX object CMakeFiles/uuv_sensor_gazebo_msgs.dir/SensorRpt.pb.cc.o[0m
[ 47%] [32mBuilding CXX object CMakeFiles/uuv_sensor_gazebo_msgs.dir/vector3d.pb.cc.o[0m
[ 49%] [32mBuilding CXX object CMakeFiles/uuv_sensor_gazebo_msgs.dir/quaternion.pb.cc.o[0m
[ 50%] [32mBuilding CXX object CMakeFiles/uuv_gazebo_ros_cpc_plugin.dir/src/ROSBaseModelPlugin.cpp.o[0m
[ 52%] [32m[1mLinking CXX shared library libuuv_sensor_gazebo_msgs.so[0m
[ 56%] Built target uuv_sensor_gazebo_msgs
[35m[1mConsolidate compiler generated dependencies of target uuv_gazebo_ros_dvl_plugin[0m
[35m[1mConsolidate compiler generated dependencies of target uuv_gazebo_ros_subsea_pressure_plugin[0m
[35m[1mConsolidate compiler generated dependencies of target uuv_gazebo_ros_magnetometer_plugin[0m
[ 57%] [32mBuilding CXX object CMakeFiles/uuv_gazebo_ros_subsea_pressure_plugin.dir/src/SubseaPressureROSPlugin.cpp.o[0m
[ 61%] [32mBuilding CXX object CMakeFiles/uuv_gazebo_ros_magnetometer_plugin.dir/src/MagnetometerROSPlugin.cpp.o[0m
[ 59%] [32mBuilding CXX object CMakeFiles/uuv_gazebo_ros_dvl_plugin.dir/src/DVLROSPlugin.cpp.o[0m
[ 63%] [32m[1mLinking CXX shared library libuuv_gazebo_ros_gps_plugin.so[0m
[ 63%] Built target uuv_gazebo_ros_gps_plugin
[ 64%] [32mBuilding CXX object CMakeFiles/uuv_gazebo_ros_subsea_pressure_plugin.dir/src/ROSBaseModelPlugin.cpp.o[0m
[ 66%] [32m[1mLinking CXX shared library libuuv_gazebo_ros_base_model_plugin.so[0m
[ 68%] [32m[1mLinking CXX shared library libuuv_gazebo_ros_pose_gt_plugin.so[0m
[ 70%] [32mBuilding CXX object CMakeFiles/uuv_gazebo_ros_magnetometer_plugin.dir/src/ROSBaseModelPlugin.cpp.o[0m
[ 70%] Built target uuv_gazebo_ros_base_model_plugin
[ 71%] [32m[1mLinking CXX shared library libuuv_gazebo_ros_base_sensor_plugin.so[0m
[ 71%] Built target uuv_gazebo_ros_pose_gt_plugin
[ 73%] [32m[1mLinking CXX shared library libuuv_gazebo_ros_cpc_plugin.so[0m
[ 73%] Built target uuv_gazebo_ros_base_sensor_plugin
[ 73%] Built target uuv_gazebo_ros_cpc_plugin
[ 75%] [32mBuilding CXX object CMakeFiles/uuv_gazebo_ros_dvl_plugin.dir/src/ROSBaseModelPlugin.cpp.o[0m
[ 77%] [32mBuilding CXX object CMakeFiles/uuv_gazebo_ros_subsea_pressure_plugin.dir/src/ROSBasePlugin.cpp.o[0m
[ 78%] [32mBuilding CXX object CMakeFiles/uuv_gazebo_ros_magnetometer_plugin.dir/src/ROSBasePlugin.cpp.o[0m
[ 80%] [32mBuilding CXX object CMakeFiles/uuv_gazebo_ros_dvl_plugin.dir/src/ROSBasePlugin.cpp.o[0m
[ 82%] [32m[1mLinking CXX shared library libuuv_gazebo_ros_subsea_pressure_plugin.so[0m
[ 84%] [32m[1mLinking CXX shared library libuuv_gazebo_ros_magnetometer_plugin.so[0m
[ 84%] Built target uuv_gazebo_ros_subsea_pressure_plugin
[ 84%] Built target uuv_gazebo_ros_magnetometer_plugin
[ 85%] [32m[1mLinking CXX shared library libuuv_gazebo_ros_dvl_plugin.so[0m
[ 85%] Built target uuv_gazebo_ros_dvl_plugin
[35m[1mConsolidate compiler generated dependencies of target uuv_gazebo_ros_rpt_plugin[0m
[ 87%] [32mBuilding CXX object CMakeFiles/uuv_gazebo_ros_rpt_plugin.dir/src/RPTROSPlugin.cpp.o[0m
[ 89%] [32mBuilding CXX object CMakeFiles/uuv_gazebo_ros_rpt_plugin.dir/src/ROSBaseModelPlugin.cpp.o[0m
gmake[2]: *** [CMakeFiles/uuv_gazebo_ros_rpt_plugin.dir/build.make:104: CMakeFiles/uuv_gazebo_ros_rpt_plugin.dir/src/ROSBaseModelPlugin.cpp.o] Interrupt
gmake[1]: *** [CMakeFiles/Makefile2:421: CMakeFiles/uuv_gazebo_ros_rpt_plugin.dir/all] Interrupt
gmake: *** [Makefile:146: all] Interrupt
