[0.107s] Invoking command in '/home/sunny/catkin_ws/build/uuv_sensor_ros_plugins': CMAKE_PREFIX_PATH=/home/sunny/catkin_ws/install/uuv_sensor_ros_plugins_msgs:/home/sunny/catkin_ws/install/uuv_gazebo_plugins:/home/sunny/catkin_ws/install/uuv_control_utils:/home/sunny/catkin_ws/install/uuv_world_ros_plugins_msgs:/home/sunny/catkin_ws/install/uuv_world_plugins:/home/sunny/catkin_ws/install/uuv_tutorial_seabed_world:/home/sunny/catkin_ws/install/uuv_trajectory_control:/home/sunny/catkin_ws/install/uuv_thruster_manager:/home/sunny/catkin_ws/install/uuv_gazebo_worlds:/home/sunny/catkin_ws/install/uuv_gazebo_ros_plugins_msgs:/home/sunny/catkin_ws/install/uuv_gazebo:/home/sunny/catkin_ws/install/uuv_control_msgs:/home/sunny/catkin_ws/install/uuv_control_cascaded_pid:/home/sunny/catkin_ws/install/uuv_auv_control_allocator:/home/sunny/catkin_ws/install/uuv_assistants:/home/sunny/catkin_ws/install/plankton_utils:/home/sunny/catkin_ws/install/turtlesim:/home/sunny/catkin_ws/install/common_msgs:/home/sunny/catkin_ws/install/beluga_simulator:/home/sunny/catkin_ws/install/beluga_adapter:/opt/ros/humble LD_LIBRARY_PATH=/home/sunny/catkin_ws/install/uuv_sensor_ros_plugins_msgs/lib:/home/sunny/catkin_ws/install/uuv_gazebo_plugins/lib:/home/sunny/catkin_ws/install/uuv_world_ros_plugins_msgs/lib:/home/sunny/catkin_ws/install/uuv_world_plugins/lib:/home/sunny/catkin_ws/install/uuv_thruster_manager/lib:/home/sunny/catkin_ws/install/uuv_gazebo_ros_plugins_msgs/lib:/home/sunny/catkin_ws/install/uuv_control_msgs/lib:/home/sunny/catkin_ws/install/uuv_auv_control_allocator/lib:/home/sunny/catkin_ws/install/turtlesim/lib:/home/sunny/catkin_ws/install/common_msgs/lib:/opt/ros/humble/opt/rviz_ogre_vendor/lib:/opt/ros/humble/lib/x86_64-linux-gnu:/opt/ros/humble/lib:/usr/lib/x86_64-linux-gnu/gazebo-11/plugins:/usr/lib/x86_64-linux-gnu/gazebo-11/plugins:/usr/lib/x86_64-linux-gnu/gazebo-11/plugins /usr/bin/cmake --build /home/sunny/catkin_ws/build/uuv_sensor_ros_plugins -- -j16 -l16
[0.153s] -- PROTOBUF_IMPORT_DIRS = 
[0.153s] -- Found image_transport: 3.1.7 (/opt/ros/humble/share/image_transport/cmake)
[0.323s] -- Found rosidl_generator_c: 3.1.5 (/opt/ros/humble/share/rosidl_generator_c/cmake)
[0.325s] -- Found rosidl_adapter: 3.1.5 (/opt/ros/humble/share/rosidl_adapter/cmake)
[0.330s] -- Found rosidl_generator_cpp: 3.1.5 (/opt/ros/humble/share/rosidl_generator_cpp/cmake)
[0.339s] -- Using all available rosidl_typesupport_c: rosidl_typesupport_fastrtps_c;rosidl_typesupport_introspection_c
[0.353s] -- Using all available rosidl_typesupport_cpp: rosidl_typesupport_fastrtps_cpp;rosidl_typesupport_introspection_cpp
[0.400s] -- Found rmw_implementation_cmake: 6.1.1 (/opt/ros/humble/share/rmw_implementation_cmake/cmake)
[0.402s] -- Found rmw_fastrtps_cpp: 6.2.5 (/opt/ros/humble/share/rmw_fastrtps_cpp/cmake)
[0.537s] -- Using RMW implementation 'rmw_fastrtps_cpp' as default
[0.811s] -- Found nav_msgs: 4.2.3 (/opt/ros/humble/share/nav_msgs/cmake)
[0.876s] -- Found uuv_gazebo_plugins: 0.6.1 (/home/sunny/catkin_ws/install/uuv_gazebo_plugins/share/uuv_gazebo_plugins/cmake)
[0.904s] -- Found DART: /usr/include (Required is at least version "6.6") found components: dart 
[0.932s] -- Looking for ignition-math6 -- found version 6.15.0
[0.935s] -- Searching for dependencies of ignition-math6
[0.937s] -- Looking for OGRE...
[0.943s] -- Found Ogre Ghadamon (1.9.0)
[0.943s] -- Found OGRE: optimized;/usr/lib/x86_64-linux-gnu/libOgreMain.so;debug;/usr/lib/x86_64-linux-gnu/libOgreMain.so
[0.951s] -- Looking for OGRE_Paging...
[0.951s] -- Found OGRE_Paging: optimized;/usr/lib/x86_64-linux-gnu/libOgrePaging.so;debug;/usr/lib/x86_64-linux-gnu/libOgrePaging.so
[0.951s] -- Looking for OGRE_Terrain...
[0.951s] -- Found OGRE_Terrain: optimized;/usr/lib/x86_64-linux-gnu/libOgreTerrain.so;debug;/usr/lib/x86_64-linux-gnu/libOgreTerrain.so
[0.951s] -- Looking for OGRE_Property...
[0.951s] -- Found OGRE_Property: optimized;/usr/lib/x86_64-linux-gnu/libOgreProperty.so;debug;/usr/lib/x86_64-linux-gnu/libOgreProperty.so
[0.952s] -- Looking for OGRE_RTShaderSystem...
[0.952s] -- Found OGRE_RTShaderSystem: optimized;/usr/lib/x86_64-linux-gnu/libOgreRTShaderSystem.so;debug;/usr/lib/x86_64-linux-gnu/libOgreRTShaderSystem.so
[0.952s] -- Looking for OGRE_Volume...
[0.952s] -- Found OGRE_Volume: optimized;/usr/lib/x86_64-linux-gnu/libOgreVolume.so;debug;/usr/lib/x86_64-linux-gnu/libOgreVolume.so
[0.952s] -- Looking for OGRE_Overlay...
[0.952s] -- Found OGRE_Overlay: optimized;/usr/lib/x86_64-linux-gnu/libOgreOverlay.so;debug;/usr/lib/x86_64-linux-gnu/libOgreOverlay.so
[1.091s] -- Looking for ignition-math6 -- found version 6.15.0
[1.091s] -- Looking for ignition-transport8 -- found version 8.2.1
[1.092s] -- Searching for dependencies of ignition-transport8
[1.115s] -- Found Protobuf: /usr/lib/x86_64-linux-gnu/libprotobuf.so (found suitable version "3.12.4", minimum required is "3") 
[1.130s] -- Config-file not installed for ZeroMQ -- checking for pkg-config
[1.136s] -- Checking for module 'libzmq >= 4'
[1.155s] --   Found libzmq , version 4.3.4
[1.213s] -- Checking for module 'uuid'
[1.232s] --   Found uuid, version 2.37.2
[1.281s] -- Looking for ignition-msgs5 -- found version 5.8.1
[1.281s] -- Searching for dependencies of ignition-msgs5
[1.306s] -- Looking for ignition-math6 -- found version 6.15.0
[1.314s] -- Looking for ignition-msgs5 -- found version 5.8.1
[1.314s] -- Looking for ignition-common3 -- found version 3.14.0
[1.314s] -- Searching for dependencies of ignition-common3
[1.315s] -- Looking for dlfcn.h - found
[1.315s] -- Looking for libdl - found
[1.326s] -- Searching for <ignition-common3> component [graphics]
[1.327s] -- Looking for ignition-common3-graphics -- found version 3.14.0
[1.327s] -- Searching for dependencies of ignition-common3-graphics
[1.328s] -- Looking for ignition-math6 -- found version 6.15.0
[1.328s] -- Looking for ignition-fuel_tools4 -- found version 4.4.0
[1.329s] -- Searching for dependencies of ignition-fuel_tools4
[1.377s] -- Checking for module 'jsoncpp'
[1.396s] --   Found jsoncpp, version 1.9.5
[1.451s] -- Checking for module 'libzip'
[1.471s] --   Found libzip, version 1.7.3
[1.522s] -- Looking for ignition-common3 -- found version 3.14.0
[1.522s] -- Looking for ignition-math6 -- found version 6.15.0
[1.522s] -- Looking for ignition-msgs5 -- found version 5.8.1
[1.523s] -- Gazebo version: 11.10
[1.538s] -- Found gazebo_plugins: 3.7.0 (/opt/ros/humble/share/gazebo_plugins/cmake)
[1.737s] -- Found laser_geometry: 2.4.0 (/opt/ros/humble/share/laser_geometry/cmake)
[1.754s] -- Found uuv_sensor_ros_plugins_msgs: 0.6.13 (/home/sunny/catkin_ws/install/uuv_sensor_ros_plugins_msgs/share/uuv_sensor_ros_plugins_msgs/cmake)
[1.803s] -- Found tf2_ros: 0.25.5 (/opt/ros/humble/share/tf2_ros/cmake)
[2.057s] -- Looking for OGRE...
[2.064s] -- Found Ogre Ghadamon (1.9.0)
[2.072s] -- Looking for OGRE_Paging...
[2.072s] -- Looking for OGRE_Terrain...
[2.072s] -- Looking for OGRE_Property...
[2.072s] -- Looking for OGRE_RTShaderSystem...
[2.072s] -- Looking for OGRE_Volume...
[2.072s] -- Looking for OGRE_Overlay...
[2.389s] -- Found Protobuf: /usr/lib/x86_64-linux-gnu/libprotobuf.so (found version "3.12.4") 
[2.390s] -- PROTOBUF_IMPORT_DIRS = /usr/include/gazebo-11/gazebo/msgs/proto
[2.390s] -- GAZEBO_MSG_INCLUDE_DIRS = /usr/include/gazebo-11/gazebo/msgs
[3.171s] -- Found ament_cmake_pytest: 1.3.6 (/opt/ros/humble/share/ament_cmake_pytest/cmake)
[3.171s] -- Found xacro: 2.0.8 (/opt/ros/humble/share/xacro/cmake)
[3.692s] -- Configuring done
[4.216s] -- Generating done
[4.222s] -- Build files have been written to: /home/sunny/catkin_ws/build/uuv_sensor_ros_plugins
[4.276s] [35m[1mConsolidate compiler generated dependencies of target uuv_gazebo_ros_camera_plugin[0m
[4.276s] [  3%] [34m[1mRunning cpp protocol buffer compiler on msgs/SensorImu.proto[0m
[4.276s] [  3%] [34m[1mRunning cpp protocol buffer compiler on msgs/SensorMagnetic.proto[0m
[4.276s] [  5%] [34m[1mRunning cpp protocol buffer compiler on msgs/SensorPressure.proto[0m
[4.282s] [35m[1mConsolidate compiler generated dependencies of target uuv_gazebo_ros_base_model_plugin[0m
[4.283s] [  7%] [34m[1mRunning cpp protocol buffer compiler on msgs/SensorDvl.proto[0m
[4.287s] [35m[1mConsolidate compiler generated dependencies of target uuv_gazebo_ros_gps_plugin[0m
[4.288s] [35m[1mConsolidate compiler generated dependencies of target uuv_gazebo_ros_base_sensor_plugin[0m
[4.289s] [  8%] [34m[1mRunning cpp protocol buffer compiler on msgs/SensorRpt.proto[0m
[4.295s] [35m[1mConsolidate compiler generated dependencies of target uuv_gazebo_ros_pose_gt_plugin[0m
[4.301s] [35m[1mConsolidate compiler generated dependencies of target image_sonar_ros_plugin[0m
[4.311s] [35m[1mConsolidate compiler generated dependencies of target uuv_gazebo_ros_cpc_plugin[0m
[4.319s] [ 10%] [32mBuilding CXX object CMakeFiles/uuv_gazebo_ros_camera_plugin.dir/src/UnderwaterCameraROSPlugin.cpp.o[0m
[4.351s] [ 12%] [32mBuilding CXX object CMakeFiles/image_sonar_ros_plugin.dir/src/gazebo_ros_image_sonar.cpp.o[0m
[4.382s] [35m[1mConsolidate compiler generated dependencies of target uuv_sensor_gazebo_msgs[0m
[4.387s] [ 14%] [32m[1mLinking CXX shared library libuuv_gazebo_ros_camera_plugin.so[0m
[4.400s] [ 15%] [32mBuilding CXX object CMakeFiles/uuv_gazebo_ros_base_model_plugin.dir/src/ROSBaseModelPlugin.cpp.o[0m
[4.401s] [ 17%] [32m[1mLinking CXX shared library libimage_sonar_ros_plugin.so[0m
[4.412s] [ 19%] [32mBuilding CXX object CMakeFiles/uuv_gazebo_ros_base_model_plugin.dir/src/ROSBasePlugin.cpp.o[0m
[4.417s] [ 21%] [32mBuilding CXX object CMakeFiles/uuv_gazebo_ros_base_sensor_plugin.dir/src/ROSBasePlugin.cpp.o[0m
[4.433s] [ 22%] [32mBuilding CXX object CMakeFiles/uuv_gazebo_ros_gps_plugin.dir/src/ROSBasePlugin.cpp.o[0m
[4.435s] [ 24%] [32mBuilding CXX object CMakeFiles/uuv_gazebo_ros_base_sensor_plugin.dir/src/ROSBaseSensorPlugin.cpp.o[0m
[4.437s] [ 26%] [32mBuilding CXX object CMakeFiles/uuv_sensor_gazebo_msgs.dir/SensorDvl.pb.cc.o[0m
[4.447s] [ 28%] [32mBuilding CXX object CMakeFiles/uuv_gazebo_ros_gps_plugin.dir/src/GPSROSPlugin.cpp.o[0m
[4.447s] [ 29%] [32mBuilding CXX object CMakeFiles/uuv_sensor_gazebo_msgs.dir/SensorImu.pb.cc.o[0m
[4.448s] [ 31%] [32mBuilding CXX object CMakeFiles/uuv_gazebo_ros_gps_plugin.dir/src/ROSBaseSensorPlugin.cpp.o[0m
[4.460s] [ 33%] [32mBuilding CXX object CMakeFiles/uuv_sensor_gazebo_msgs.dir/SensorMagnetic.pb.cc.o[0m
[4.465s] [ 35%] [32mBuilding CXX object CMakeFiles/uuv_gazebo_ros_cpc_plugin.dir/src/CPCROSPlugin.cpp.o[0m
[4.475s] [ 36%] [32mBuilding CXX object CMakeFiles/uuv_gazebo_ros_cpc_plugin.dir/src/ROSBasePlugin.cpp.o[0m
[4.477s] [ 38%] [32mBuilding CXX object CMakeFiles/uuv_gazebo_ros_pose_gt_plugin.dir/src/PoseGTROSPlugin.cpp.o[0m
[4.514s] [ 40%] [32mBuilding CXX object CMakeFiles/uuv_gazebo_ros_pose_gt_plugin.dir/src/ROSBasePlugin.cpp.o[0m
[5.052s] [ 40%] Built target uuv_gazebo_ros_camera_plugin
[5.089s] [ 40%] Built target image_sonar_ros_plugin
[5.137s] [ 42%] [32mBuilding CXX object CMakeFiles/uuv_gazebo_ros_pose_gt_plugin.dir/src/ROSBaseModelPlugin.cpp.o[0m
[5.138s] [ 43%] [32mBuilding CXX object CMakeFiles/uuv_sensor_gazebo_msgs.dir/SensorPressure.pb.cc.o[0m
[6.583s] [ 45%] [32mBuilding CXX object CMakeFiles/uuv_sensor_gazebo_msgs.dir/SensorRpt.pb.cc.o[0m
[6.683s] [ 47%] [32mBuilding CXX object CMakeFiles/uuv_sensor_gazebo_msgs.dir/vector3d.pb.cc.o[0m
[6.722s] [ 49%] [32mBuilding CXX object CMakeFiles/uuv_sensor_gazebo_msgs.dir/quaternion.pb.cc.o[0m
[7.138s] [ 50%] [32mBuilding CXX object CMakeFiles/uuv_gazebo_ros_cpc_plugin.dir/src/ROSBaseModelPlugin.cpp.o[0m
[8.635s] [ 52%] [32m[1mLinking CXX shared library libuuv_sensor_gazebo_msgs.so[0m
[8.997s] [ 56%] Built target uuv_sensor_gazebo_msgs
[9.094s] [35m[1mConsolidate compiler generated dependencies of target uuv_gazebo_ros_dvl_plugin[0m
[9.122s] [35m[1mConsolidate compiler generated dependencies of target uuv_gazebo_ros_subsea_pressure_plugin[0m
[9.122s] [35m[1mConsolidate compiler generated dependencies of target uuv_gazebo_ros_magnetometer_plugin[0m
[9.366s] [ 57%] [32mBuilding CXX object CMakeFiles/uuv_gazebo_ros_subsea_pressure_plugin.dir/src/SubseaPressureROSPlugin.cpp.o[0m
[9.460s] [ 61%] [32mBuilding CXX object CMakeFiles/uuv_gazebo_ros_magnetometer_plugin.dir/src/MagnetometerROSPlugin.cpp.o[0m
[9.482s] [ 59%] [32mBuilding CXX object CMakeFiles/uuv_gazebo_ros_dvl_plugin.dir/src/DVLROSPlugin.cpp.o[0m
[113.364s] [ 63%] [32m[1mLinking CXX shared library libuuv_gazebo_ros_gps_plugin.so[0m
[114.836s] [ 63%] Built target uuv_gazebo_ros_gps_plugin
[115.106s] [ 64%] [32mBuilding CXX object CMakeFiles/uuv_gazebo_ros_subsea_pressure_plugin.dir/src/ROSBaseModelPlugin.cpp.o[0m
[115.594s] [ 66%] [32m[1mLinking CXX shared library libuuv_gazebo_ros_base_model_plugin.so[0m
[116.222s] [ 68%] [32m[1mLinking CXX shared library libuuv_gazebo_ros_pose_gt_plugin.so[0m
[116.818s] [ 70%] [32mBuilding CXX object CMakeFiles/uuv_gazebo_ros_magnetometer_plugin.dir/src/ROSBaseModelPlugin.cpp.o[0m
[116.997s] [ 70%] Built target uuv_gazebo_ros_base_model_plugin
[117.305s] [ 71%] [32m[1mLinking CXX shared library libuuv_gazebo_ros_base_sensor_plugin.so[0m
[117.866s] [ 71%] Built target uuv_gazebo_ros_pose_gt_plugin
[117.909s] [ 73%] [32m[1mLinking CXX shared library libuuv_gazebo_ros_cpc_plugin.so[0m
[118.521s] [ 73%] Built target uuv_gazebo_ros_base_sensor_plugin
[119.401s] [ 73%] Built target uuv_gazebo_ros_cpc_plugin
[121.031s] [ 75%] [32mBuilding CXX object CMakeFiles/uuv_gazebo_ros_dvl_plugin.dir/src/ROSBaseModelPlugin.cpp.o[0m
[130.121s] [ 77%] [32mBuilding CXX object CMakeFiles/uuv_gazebo_ros_subsea_pressure_plugin.dir/src/ROSBasePlugin.cpp.o[0m
[130.764s] [ 78%] [32mBuilding CXX object CMakeFiles/uuv_gazebo_ros_magnetometer_plugin.dir/src/ROSBasePlugin.cpp.o[0m
[134.468s] [ 80%] [32mBuilding CXX object CMakeFiles/uuv_gazebo_ros_dvl_plugin.dir/src/ROSBasePlugin.cpp.o[0m
[147.267s] [ 82%] [32m[1mLinking CXX shared library libuuv_gazebo_ros_subsea_pressure_plugin.so[0m
[147.968s] [ 84%] [32m[1mLinking CXX shared library libuuv_gazebo_ros_magnetometer_plugin.so[0m
[148.317s] [ 84%] Built target uuv_gazebo_ros_subsea_pressure_plugin
[149.122s] [ 84%] Built target uuv_gazebo_ros_magnetometer_plugin
[151.788s] [ 85%] [32m[1mLinking CXX shared library libuuv_gazebo_ros_dvl_plugin.so[0m
[153.184s] [ 85%] Built target uuv_gazebo_ros_dvl_plugin
[153.213s] [35m[1mConsolidate compiler generated dependencies of target uuv_gazebo_ros_rpt_plugin[0m
[153.286s] [ 87%] [32mBuilding CXX object CMakeFiles/uuv_gazebo_ros_rpt_plugin.dir/src/RPTROSPlugin.cpp.o[0m
[165.578s] [ 89%] [32mBuilding CXX object CMakeFiles/uuv_gazebo_ros_rpt_plugin.dir/src/ROSBaseModelPlugin.cpp.o[0m
[173.752s] gmake[2]: *** [CMakeFiles/uuv_gazebo_ros_rpt_plugin.dir/build.make:104: CMakeFiles/uuv_gazebo_ros_rpt_plugin.dir/src/ROSBaseModelPlugin.cpp.o] Interrupt
[173.752s] gmake[1]: *** [CMakeFiles/Makefile2:421: CMakeFiles/uuv_gazebo_ros_rpt_plugin.dir/all] Interrupt
[173.752s] gmake: *** [Makefile:146: all] Interrupt
