[0.750s] Invoking command in '/home/sunny/catkin_ws/build/uuv_gazebo_ros_plugins_msgs': CMAKE_PREFIX_PATH=${CMAKE_PREFIX_PATH}:/home/sunny/catkin_ws/install/beluga_adapter:/opt/ros/humble /usr/bin/cmake --build /home/sunny/catkin_ws/build/uuv_gazebo_ros_plugins_msgs -- -j16 -l16
[0.868s] [  0%] Built target uuv_gazebo_ros_plugins_msgs__cpp
[0.873s] [ 12%] Built target uuv_gazebo_ros_plugins_msgs__rosidl_generator_c
[0.898s] [ 12%] Built target ament_cmake_python_copy_uuv_gazebo_ros_plugins_msgs
[1.029s] [ 24%] Built target uuv_gazebo_ros_plugins_msgs__rosidl_typesupport_cpp
[1.045s] [ 36%] Built target uuv_gazebo_ros_plugins_msgs__rosidl_typesupport_introspection_cpp
[1.050s] [ 48%] Built target uuv_gazebo_ros_plugins_msgs__rosidl_typesupport_introspection_c
[1.073s] [ 60%] Built target uuv_gazebo_ros_plugins_msgs__rosidl_typesupport_c
[1.076s] [ 72%] Built target uuv_gazebo_ros_plugins_msgs__rosidl_typesupport_fastrtps_c
[1.091s] [ 84%] Built target uuv_gazebo_ros_plugins_msgs__rosidl_typesupport_fastrtps_cpp
[1.153s] [ 84%] Built target uuv_gazebo_ros_plugins_msgs
[1.264s] [ 85%] Built target uuv_gazebo_ros_plugins_msgs__py
[1.317s] [ 96%] Built target uuv_gazebo_ros_plugins_msgs__rosidl_generator_py
[1.423s] [ 97%] Built target uuv_gazebo_ros_plugins_msgs__rosidl_typesupport_fastrtps_c__pyext
[1.429s] [ 99%] Built target uuv_gazebo_ros_plugins_msgs__rosidl_typesupport_introspection_c__pyext
[1.440s] [100%] Built target uuv_gazebo_ros_plugins_msgs__rosidl_typesupport_c__pyext
[1.520s] running egg_info
[1.522s] writing uuv_gazebo_ros_plugins_msgs.egg-info/PKG-INFO
[1.522s] writing dependency_links to uuv_gazebo_ros_plugins_msgs.egg-info/dependency_links.txt
[1.522s] writing top-level names to uuv_gazebo_ros_plugins_msgs.egg-info/top_level.txt
[1.537s] reading manifest file 'uuv_gazebo_ros_plugins_msgs.egg-info/SOURCES.txt'
[1.537s] writing manifest file 'uuv_gazebo_ros_plugins_msgs.egg-info/SOURCES.txt'
[1.600s] [100%] Built target ament_cmake_python_build_uuv_gazebo_ros_plugins_msgs_egg
[1.781s] Invoked command in '/home/sunny/catkin_ws/build/uuv_gazebo_ros_plugins_msgs' returned '0': CMAKE_PREFIX_PATH=${CMAKE_PREFIX_PATH}:/home/sunny/catkin_ws/install/beluga_adapter:/opt/ros/humble /usr/bin/cmake --build /home/sunny/catkin_ws/build/uuv_gazebo_ros_plugins_msgs -- -j16 -l16
