[0.714s] Invoking command in '/home/sunny/catkin_ws/build/uuv_world_ros_plugins': CMAKE_PREFIX_PATH=${CMAKE_PREFIX_PATH}:/home/sunny/catkin_ws/install/beluga_adapter:/opt/ros/humble LD_LIBRARY_PATH=/home/sunny/catkin_ws/install/uuv_world_ros_plugins_msgs/lib:/home/sunny/catkin_ws/install/uuv_world_plugins/lib:/home/sunny/catkin_ws/install/uuv_thruster_manager/lib:/home/sunny/catkin_ws/install/uuv_sensor_ros_plugins_msgs/lib:/home/sunny/catkin_ws/install/uuv_gazebo_ros_plugins_msgs/lib:/home/sunny/catkin_ws/install/uuv_gazebo_plugins/lib:/home/sunny/catkin_ws/install/uuv_control_msgs/lib:/home/sunny/catkin_ws/install/uuv_auv_control_allocator/lib:/home/sunny/catkin_ws/install/turtlesim/lib:/home/sunny/catkin_ws/install/common_msgs/lib:/opt/ros/humble/opt/rviz_ogre_vendor/lib:/opt/ros/humble/lib/x86_64-linux-gnu:/opt/ros/humble/lib:/usr/lib/x86_64-linux-gnu/gazebo-11/plugins /usr/bin/cmake --build /home/sunny/catkin_ws/build/uuv_world_ros_plugins -- -j16 -l16
[0.819s] -- Found uuv_world_plugins: 0.6.1 (/home/sunny/catkin_ws/install/uuv_world_plugins/share/uuv_world_plugins/cmake)
[1.043s] -- Found DART: /usr/include (Required is at least version "6.6") found components: dart 
[1.119s] -- Found Protobuf: /usr/lib/x86_64-linux-gnu/libprotobuf.so (found version "3.12.4") 
[1.122s] -- Looking for ignition-math6 -- found version 6.15.0
[1.130s] -- Searching for dependencies of ignition-math6
[1.139s] -- Looking for OGRE...
[1.163s] -- Found Ogre Ghadamon (1.9.0)
[1.163s] -- Found OGRE: optimized;/usr/lib/x86_64-linux-gnu/libOgreMain.so;debug;/usr/lib/x86_64-linux-gnu/libOgreMain.so
[1.183s] -- Looking for OGRE_Paging...
[1.183s] -- Found OGRE_Paging: optimized;/usr/lib/x86_64-linux-gnu/libOgrePaging.so;debug;/usr/lib/x86_64-linux-gnu/libOgrePaging.so
[1.184s] -- Looking for OGRE_Terrain...
[1.184s] -- Found OGRE_Terrain: optimized;/usr/lib/x86_64-linux-gnu/libOgreTerrain.so;debug;/usr/lib/x86_64-linux-gnu/libOgreTerrain.so
[1.184s] -- Looking for OGRE_Property...
[1.184s] -- Found OGRE_Property: optimized;/usr/lib/x86_64-linux-gnu/libOgreProperty.so;debug;/usr/lib/x86_64-linux-gnu/libOgreProperty.so
[1.185s] -- Looking for OGRE_RTShaderSystem...
[1.185s] -- Found OGRE_RTShaderSystem: optimized;/usr/lib/x86_64-linux-gnu/libOgreRTShaderSystem.so;debug;/usr/lib/x86_64-linux-gnu/libOgreRTShaderSystem.so
[1.185s] -- Looking for OGRE_Volume...
[1.185s] -- Found OGRE_Volume: optimized;/usr/lib/x86_64-linux-gnu/libOgreVolume.so;debug;/usr/lib/x86_64-linux-gnu/libOgreVolume.so
[1.186s] -- Looking for OGRE_Overlay...
[1.186s] -- Found OGRE_Overlay: optimized;/usr/lib/x86_64-linux-gnu/libOgreOverlay.so;debug;/usr/lib/x86_64-linux-gnu/libOgreOverlay.so
[2.236s] -- Looking for ignition-math6 -- found version 6.15.0
[2.236s] -- Looking for ignition-transport8 -- found version 8.2.1
[2.237s] -- Searching for dependencies of ignition-transport8
[2.333s] -- Found Protobuf: /usr/lib/x86_64-linux-gnu/libprotobuf.so (found suitable version "3.12.4", minimum required is "3") 
[2.393s] -- Config-file not installed for ZeroMQ -- checking for pkg-config
[2.418s] -- Checking for module 'libzmq >= 4'
[2.582s] --   Found libzmq , version 4.3.4
[2.903s] -- Checking for module 'uuid'
[3.056s] --   Found uuid, version 2.37.2
[3.410s] -- Looking for ignition-msgs5 -- found version 5.8.1
[3.411s] -- Searching for dependencies of ignition-msgs5
[3.486s] -- Looking for ignition-math6 -- found version 6.15.0
[3.523s] -- Checking for module 'tinyxml2'
[3.624s] --   Found tinyxml2, version 9.0.0
[3.850s] -- Looking for ignition-msgs5 -- found version 5.8.1
[3.853s] -- Looking for ignition-common3 -- found version 3.14.0
[3.854s] -- Searching for dependencies of ignition-common3
[3.855s] -- Looking for dlfcn.h - found
[3.855s] -- Looking for libdl - found
[3.937s] -- Searching for <ignition-common3> component [graphics]
[3.939s] -- Looking for ignition-common3-graphics -- found version 3.14.0
[3.940s] -- Searching for dependencies of ignition-common3-graphics
[3.942s] -- Looking for ignition-math6 -- found version 6.15.0
[3.945s] -- Looking for ignition-fuel_tools4 -- found version 4.4.0
[3.947s] -- Searching for dependencies of ignition-fuel_tools4
[4.207s] -- Checking for module 'jsoncpp'
[4.353s] --   Found jsoncpp, version 1.9.5
[4.653s] -- Checking for module 'libzip'
[4.765s] --   Found libzip, version 1.7.3
[5.115s] -- Looking for ignition-common3 -- found version 3.14.0
[5.116s] -- Looking for ignition-math6 -- found version 6.15.0
[5.116s] -- Looking for ignition-msgs5 -- found version 5.8.1
[5.138s] -- Gazebo version: 11.10
[5.372s] -- Found rosidl_generator_c: 3.1.5 (/opt/ros/humble/share/rosidl_generator_c/cmake)
[5.422s] -- Found rosidl_adapter: 3.1.5 (/opt/ros/humble/share/rosidl_adapter/cmake)
[5.447s] -- Found rosidl_generator_cpp: 3.1.5 (/opt/ros/humble/share/rosidl_generator_cpp/cmake)
[5.481s] -- Using all available rosidl_typesupport_c: rosidl_typesupport_fastrtps_c;rosidl_typesupport_introspection_c
[5.546s] -- Using all available rosidl_typesupport_cpp: rosidl_typesupport_fastrtps_cpp;rosidl_typesupport_introspection_cpp
[6.262s] -- Found uuv_world_ros_plugins_msgs: 0.6.1 (/home/sunny/catkin_ws/install/uuv_world_ros_plugins_msgs/share/uuv_world_ros_plugins_msgs/cmake)
[6.385s] -- Found rclcpp: 16.0.7 (/opt/ros/humble/share/rclcpp/cmake)
[6.538s] -- Found rmw_implementation_cmake: 6.1.1 (/opt/ros/humble/share/rmw_implementation_cmake/cmake)
[6.542s] -- Found rmw_fastrtps_cpp: 6.2.5 (/opt/ros/humble/share/rmw_fastrtps_cpp/cmake)
[7.036s] -- Using RMW implementation 'rmw_fastrtps_cpp' as default
[7.388s] [31mCMake Error at CMakeLists.txt:33 (target_include_directories):
[7.388s]   target_include_directories called with incorrect number of arguments
[7.389s] 
[7.389s] [0m
[7.653s] -- Configuring incomplete, errors occurred!
[7.653s] See also "/home/sunny/catkin_ws/build/uuv_world_ros_plugins/CMakeFiles/CMakeOutput.log".
[7.704s] gmake: *** [Makefile:308: cmake_check_build_system] Error 1
[7.711s] Invoked command in '/home/sunny/catkin_ws/build/uuv_world_ros_plugins' returned '2': CMAKE_PREFIX_PATH=${CMAKE_PREFIX_PATH}:/home/sunny/catkin_ws/install/beluga_adapter:/opt/ros/humble LD_LIBRARY_PATH=/home/sunny/catkin_ws/install/uuv_world_ros_plugins_msgs/lib:/home/sunny/catkin_ws/install/uuv_world_plugins/lib:/home/sunny/catkin_ws/install/uuv_thruster_manager/lib:/home/sunny/catkin_ws/install/uuv_sensor_ros_plugins_msgs/lib:/home/sunny/catkin_ws/install/uuv_gazebo_ros_plugins_msgs/lib:/home/sunny/catkin_ws/install/uuv_gazebo_plugins/lib:/home/sunny/catkin_ws/install/uuv_control_msgs/lib:/home/sunny/catkin_ws/install/uuv_auv_control_allocator/lib:/home/sunny/catkin_ws/install/turtlesim/lib:/home/sunny/catkin_ws/install/common_msgs/lib:/opt/ros/humble/opt/rviz_ogre_vendor/lib:/opt/ros/humble/lib/x86_64-linux-gnu:/opt/ros/humble/lib:/usr/lib/x86_64-linux-gnu/gazebo-11/plugins /usr/bin/cmake --build /home/sunny/catkin_ws/build/uuv_world_ros_plugins -- -j16 -l16
