[0.752s] Invoking command in '/home/sunny/catkin_ws/build/uuv_gazebo_ros_plugins_msgs': CMAKE_PREFIX_PATH=${CMAKE_PREFIX_PATH}:/home/sunny/catkin_ws/install/beluga_adapter:/opt/ros/humble /usr/bin/cmake --build /home/sunny/catkin_ws/build/uuv_gazebo_ros_plugins_msgs -- -j16 -l16
[0.864s] [  0%] Built target uuv_gazebo_ros_plugins_msgs__cpp
[0.871s] [ 12%] Built target uuv_gazebo_ros_plugins_msgs__rosidl_generator_c
[0.900s] [ 12%] Built target ament_cmake_python_copy_uuv_gazebo_ros_plugins_msgs
[0.966s] [ 24%] Built target uuv_gazebo_ros_plugins_msgs__rosidl_typesupport_cpp
[0.993s] [ 36%] Built target uuv_gazebo_ros_plugins_msgs__rosidl_typesupport_fastrtps_cpp
[1.003s] [ 51%] Built target uuv_gazebo_ros_plugins_msgs__rosidl_typesupport_fastrtps_c
[1.011s] [ 60%] Built target uuv_gazebo_ros_plugins_msgs__rosidl_typesupport_introspection_cpp
[1.145s] [ 72%] Built target uuv_gazebo_ros_plugins_msgs__rosidl_typesupport_introspection_c
[1.163s] [ 84%] Built target uuv_gazebo_ros_plugins_msgs__rosidl_typesupport_c
[1.224s] [ 84%] Built target uuv_gazebo_ros_plugins_msgs
[1.296s] [ 85%] Built target uuv_gazebo_ros_plugins_msgs__py
[1.391s] [ 96%] Built target uuv_gazebo_ros_plugins_msgs__rosidl_generator_py
[1.455s] [ 97%] Built target uuv_gazebo_ros_plugins_msgs__rosidl_typesupport_fastrtps_c__pyext
[1.476s] [ 98%] Built target uuv_gazebo_ros_plugins_msgs__rosidl_typesupport_c__pyext
[1.487s] [100%] Built target uuv_gazebo_ros_plugins_msgs__rosidl_typesupport_introspection_c__pyext
[1.515s] running egg_info
[1.517s] writing uuv_gazebo_ros_plugins_msgs.egg-info/PKG-INFO
[1.517s] writing dependency_links to uuv_gazebo_ros_plugins_msgs.egg-info/dependency_links.txt
[1.517s] writing top-level names to uuv_gazebo_ros_plugins_msgs.egg-info/top_level.txt
[1.521s] reading manifest file 'uuv_gazebo_ros_plugins_msgs.egg-info/SOURCES.txt'
[1.527s] writing manifest file 'uuv_gazebo_ros_plugins_msgs.egg-info/SOURCES.txt'
[1.585s] [100%] Built target ament_cmake_python_build_uuv_gazebo_ros_plugins_msgs_egg
[1.743s] Invoked command in '/home/sunny/catkin_ws/build/uuv_gazebo_ros_plugins_msgs' returned '0': CMAKE_PREFIX_PATH=${CMAKE_PREFIX_PATH}:/home/sunny/catkin_ws/install/beluga_adapter:/opt/ros/humble /usr/bin/cmake --build /home/sunny/catkin_ws/build/uuv_gazebo_ros_plugins_msgs -- -j16 -l16
