[0.194s] Invoking command in '/home/sunny/catkin_ws/build/uuv_tutorial_seabed_world': CMAKE_PREFIX_PATH=${CMAKE_PREFIX_PATH}:/home/sunny/catkin_ws/install/beluga_adapter:/opt/ros/humble /usr/bin/cmake --build /home/sunny/catkin_ws/build/uuv_tutorial_seabed_world -- -j16 -l16
[0.584s] -- Found ament_cmake: 1.3.6 (/opt/ros/humble/share/ament_cmake/cmake)
[0.584s] -- Configuring done
[0.584s] -- Generating done
[0.584s] -- Build files have been written to: /home/sunny/catkin_ws/build/uuv_tutorial_seabed_world
[0.621s] Invoked command in '/home/sunny/catkin_ws/build/uuv_tutorial_seabed_world' returned '0': CMAKE_PREFIX_PATH=${CMAKE_PREFIX_PATH}:/home/sunny/catkin_ws/install/beluga_adapter:/opt/ros/humble /usr/bin/cmake --build /home/sunny/catkin_ws/build/uuv_tutorial_seabed_world -- -j16 -l16
[0.659s] Invoking command in '/home/sunny/catkin_ws/build/uuv_tutorial_seabed_world': CMAKE_PREFIX_PATH=${CMAKE_PREFIX_PATH}:/home/sunny/catkin_ws/install/beluga_adapter:/opt/ros/humble /usr/bin/cmake --install /home/sunny/catkin_ws/build/uuv_tutorial_seabed_world
[0.758s] -- Install configuration: ""
[0.758s] -- Up-to-date: /home/sunny/catkin_ws/install/uuv_tutorial_seabed_world/share/uuv_tutorial_seabed_world/launch
[0.758s] -- Installing: /home/sunny/catkin_ws/install/uuv_tutorial_seabed_world/share/uuv_tutorial_seabed_world/launch/tutorial_seabed_world.launch
[0.759s] -- Up-to-date: /home/sunny/catkin_ws/install/uuv_tutorial_seabed_world/share/uuv_tutorial_seabed_world/worlds
[0.759s] -- Installing: /home/sunny/catkin_ws/install/uuv_tutorial_seabed_world/share/uuv_tutorial_seabed_world/worlds/example_underwater.world
[0.759s] -- Up-to-date: /home/sunny/catkin_ws/install/uuv_tutorial_seabed_world/share/uuv_tutorial_seabed_world/models
[0.759s] -- Up-to-date: /home/sunny/catkin_ws/install/uuv_tutorial_seabed_world/share/uuv_tutorial_seabed_world/models/tutorial_seabed
[0.759s] -- Installing: /home/sunny/catkin_ws/install/uuv_tutorial_seabed_world/share/uuv_tutorial_seabed_world/models/tutorial_seabed/model.sdf
[0.759s] -- Up-to-date: /home/sunny/catkin_ws/install/uuv_tutorial_seabed_world/share/uuv_tutorial_seabed_world/models/tutorial_seabed/meshes
[0.759s] -- Installing: /home/sunny/catkin_ws/install/uuv_tutorial_seabed_world/share/uuv_tutorial_seabed_world/models/tutorial_seabed/meshes/seabed.stl
[0.759s] -- Installing: /home/sunny/catkin_ws/install/uuv_tutorial_seabed_world/share/uuv_tutorial_seabed_world/models/tutorial_seabed/model.config
[0.759s] -- Up-to-date: /home/sunny/catkin_ws/install/uuv_tutorial_seabed_world/share/ament_index/resource_index/package_run_dependencies/uuv_tutorial_seabed_world
[0.760s] -- Installing: /home/sunny/catkin_ws/install/uuv_tutorial_seabed_world/share/ament_index/resource_index/parent_prefix_path/uuv_tutorial_seabed_world
[0.760s] -- Up-to-date: /home/sunny/catkin_ws/install/uuv_tutorial_seabed_world/share/uuv_tutorial_seabed_world/environment/ament_prefix_path.sh
[0.760s] -- Installing: /home/sunny/catkin_ws/install/uuv_tutorial_seabed_world/share/uuv_tutorial_seabed_world/environment/ament_prefix_path.dsv
[0.760s] -- Up-to-date: /home/sunny/catkin_ws/install/uuv_tutorial_seabed_world/share/uuv_tutorial_seabed_world/environment/path.sh
[0.760s] -- Installing: /home/sunny/catkin_ws/install/uuv_tutorial_seabed_world/share/uuv_tutorial_seabed_world/environment/path.dsv
[0.760s] -- Up-to-date: /home/sunny/catkin_ws/install/uuv_tutorial_seabed_world/share/uuv_tutorial_seabed_world/local_setup.bash
[0.760s] -- Up-to-date: /home/sunny/catkin_ws/install/uuv_tutorial_seabed_world/share/uuv_tutorial_seabed_world/local_setup.sh
[0.760s] -- Up-to-date: /home/sunny/catkin_ws/install/uuv_tutorial_seabed_world/share/uuv_tutorial_seabed_world/local_setup.zsh
[0.761s] -- Installing: /home/sunny/catkin_ws/install/uuv_tutorial_seabed_world/share/uuv_tutorial_seabed_world/local_setup.dsv
[0.761s] -- Installing: /home/sunny/catkin_ws/install/uuv_tutorial_seabed_world/share/uuv_tutorial_seabed_world/package.dsv
[0.761s] -- Up-to-date: /home/sunny/catkin_ws/install/uuv_tutorial_seabed_world/share/ament_index/resource_index/packages/uuv_tutorial_seabed_world
[0.761s] -- Up-to-date: /home/sunny/catkin_ws/install/uuv_tutorial_seabed_world/share/uuv_tutorial_seabed_world/cmake/uuv_tutorial_seabed_worldConfig.cmake
[0.761s] -- Up-to-date: /home/sunny/catkin_ws/install/uuv_tutorial_seabed_world/share/uuv_tutorial_seabed_world/cmake/uuv_tutorial_seabed_worldConfig-version.cmake
[0.761s] -- Installing: /home/sunny/catkin_ws/install/uuv_tutorial_seabed_world/share/uuv_tutorial_seabed_world/package.xml
[0.857s] Invoked command in '/home/sunny/catkin_ws/build/uuv_tutorial_seabed_world' returned '0': CMAKE_PREFIX_PATH=${CMAKE_PREFIX_PATH}:/home/sunny/catkin_ws/install/beluga_adapter:/opt/ros/humble /usr/bin/cmake --install /home/sunny/catkin_ws/build/uuv_tutorial_seabed_world
