[0.503s] Invoking command in '/home/sunny/catkin_ws/build/uuv_control_cascaded_pid': CMAKE_PREFIX_PATH=/home/sunny/catkin_ws/install/plankton_utils:/home/sunny/catkin_ws/install/plankton:/home/sunny/catkin_ws/install/uuv_simulator:/home/sunny/catkin_ws/install/uuv_world_ros_plugins:/home/sunny/catkin_ws/install/uuv_tutorials:/home/sunny/catkin_ws/install/uuv_tutorial_dp_controller:/home/sunny/catkin_ws/install/uuv_tutorial_disturbances:/home/sunny/catkin_ws/install/uuv_control_utils:/home/sunny/catkin_ws/install/uuv_world_ros_plugins_msgs:/home/sunny/catkin_ws/install/uuv_world_plugins:/home/sunny/catkin_ws/install/uuv_tutorial_seabed_world:/home/sunny/catkin_ws/install/uuv_trajectory_control:/home/sunny/catkin_ws/install/uuv_teleop:/home/sunny/catkin_ws/install/uuv_thruster_manager:/home/sunny/catkin_ws/install/uuv_descriptions:/home/sunny/catkin_ws/install/uuv_sensor_ros_plugins:/home/sunny/catkin_ws/install/uuv_sensor_ros_plugins_msgs:/home/sunny/catkin_ws/install/uuv_gazebo_worlds:/home/sunny/catkin_ws/install/uuv_gazebo_ros_plugins:/home/sunny/catkin_ws/install/uuv_gazebo_ros_plugins_msgs:/home/sunny/catkin_ws/install/uuv_gazebo_plugins:/home/sunny/catkin_ws/install/uuv_gazebo:/home/sunny/catkin_ws/install/uuv_control_msgs:/home/sunny/catkin_ws/install/uuv_control_cascaded_pid:/home/sunny/catkin_ws/install/uuv_auv_control_allocator:/home/sunny/catkin_ws/install/uuv_assistants:/home/sunny/catkin_ws/install/turtlesim:/home/sunny/catkin_ws/install/common_msgs:/home/sunny/catkin_ws/install/beluga_simulator:/home/sunny/catkin_ws/install/beluga_adapter:/opt/ros/humble /usr/bin/cmake --build /home/sunny/catkin_ws/build/uuv_control_cascaded_pid -- -j16 -l16
[0.652s] Built target ament_cmake_python_copy_uuv_PID
[0.945s] running egg_info
[0.945s] writing uuv_PID.egg-info/PKG-INFO
[0.946s] writing dependency_links to uuv_PID.egg-info/dependency_links.txt
[0.946s] writing top-level names to uuv_PID.egg-info/top_level.txt
[0.949s] reading manifest file 'uuv_PID.egg-info/SOURCES.txt'
[0.949s] writing manifest file 'uuv_PID.egg-info/SOURCES.txt'
[0.983s] Built target ament_cmake_python_build_uuv_PID_egg
[1.504s] Invoked command in '/home/sunny/catkin_ws/build/uuv_control_cascaded_pid' returned '0': CMAKE_PREFIX_PATH=/home/sunny/catkin_ws/install/plankton_utils:/home/sunny/catkin_ws/install/plankton:/home/sunny/catkin_ws/install/uuv_simulator:/home/sunny/catkin_ws/install/uuv_world_ros_plugins:/home/sunny/catkin_ws/install/uuv_tutorials:/home/sunny/catkin_ws/install/uuv_tutorial_dp_controller:/home/sunny/catkin_ws/install/uuv_tutorial_disturbances:/home/sunny/catkin_ws/install/uuv_control_utils:/home/sunny/catkin_ws/install/uuv_world_ros_plugins_msgs:/home/sunny/catkin_ws/install/uuv_world_plugins:/home/sunny/catkin_ws/install/uuv_tutorial_seabed_world:/home/sunny/catkin_ws/install/uuv_trajectory_control:/home/sunny/catkin_ws/install/uuv_teleop:/home/sunny/catkin_ws/install/uuv_thruster_manager:/home/sunny/catkin_ws/install/uuv_descriptions:/home/sunny/catkin_ws/install/uuv_sensor_ros_plugins:/home/sunny/catkin_ws/install/uuv_sensor_ros_plugins_msgs:/home/sunny/catkin_ws/install/uuv_gazebo_worlds:/home/sunny/catkin_ws/install/uuv_gazebo_ros_plugins:/home/sunny/catkin_ws/install/uuv_gazebo_ros_plugins_msgs:/home/sunny/catkin_ws/install/uuv_gazebo_plugins:/home/sunny/catkin_ws/install/uuv_gazebo:/home/sunny/catkin_ws/install/uuv_control_msgs:/home/sunny/catkin_ws/install/uuv_control_cascaded_pid:/home/sunny/catkin_ws/install/uuv_auv_control_allocator:/home/sunny/catkin_ws/install/uuv_assistants:/home/sunny/catkin_ws/install/turtlesim:/home/sunny/catkin_ws/install/common_msgs:/home/sunny/catkin_ws/install/beluga_simulator:/home/sunny/catkin_ws/install/beluga_adapter:/opt/ros/humble /usr/bin/cmake --build /home/sunny/catkin_ws/build/uuv_control_cascaded_pid -- -j16 -l16
[1.539s] Invoking command in '/home/sunny/catkin_ws/build/uuv_control_cascaded_pid': CMAKE_PREFIX_PATH=/home/sunny/catkin_ws/install/plankton_utils:/home/sunny/catkin_ws/install/plankton:/home/sunny/catkin_ws/install/uuv_simulator:/home/sunny/catkin_ws/install/uuv_world_ros_plugins:/home/sunny/catkin_ws/install/uuv_tutorials:/home/sunny/catkin_ws/install/uuv_tutorial_dp_controller:/home/sunny/catkin_ws/install/uuv_tutorial_disturbances:/home/sunny/catkin_ws/install/uuv_control_utils:/home/sunny/catkin_ws/install/uuv_world_ros_plugins_msgs:/home/sunny/catkin_ws/install/uuv_world_plugins:/home/sunny/catkin_ws/install/uuv_tutorial_seabed_world:/home/sunny/catkin_ws/install/uuv_trajectory_control:/home/sunny/catkin_ws/install/uuv_teleop:/home/sunny/catkin_ws/install/uuv_thruster_manager:/home/sunny/catkin_ws/install/uuv_descriptions:/home/sunny/catkin_ws/install/uuv_sensor_ros_plugins:/home/sunny/catkin_ws/install/uuv_sensor_ros_plugins_msgs:/home/sunny/catkin_ws/install/uuv_gazebo_worlds:/home/sunny/catkin_ws/install/uuv_gazebo_ros_plugins:/home/sunny/catkin_ws/install/uuv_gazebo_ros_plugins_msgs:/home/sunny/catkin_ws/install/uuv_gazebo_plugins:/home/sunny/catkin_ws/install/uuv_gazebo:/home/sunny/catkin_ws/install/uuv_control_msgs:/home/sunny/catkin_ws/install/uuv_control_cascaded_pid:/home/sunny/catkin_ws/install/uuv_auv_control_allocator:/home/sunny/catkin_ws/install/uuv_assistants:/home/sunny/catkin_ws/install/turtlesim:/home/sunny/catkin_ws/install/common_msgs:/home/sunny/catkin_ws/install/beluga_simulator:/home/sunny/catkin_ws/install/beluga_adapter:/opt/ros/humble /usr/bin/cmake --install /home/sunny/catkin_ws/build/uuv_control_cascaded_pid
[1.549s] -- Install configuration: ""
[1.550s] -- Up-to-date: /home/sunny/catkin_ws/install/uuv_control_cascaded_pid/share/uuv_control_cascaded_pid/environment/pythonpath.sh
[1.550s] -- Up-to-date: /home/sunny/catkin_ws/install/uuv_control_cascaded_pid/share/uuv_control_cascaded_pid/environment/pythonpath.dsv
[1.550s] -- Up-to-date: /home/sunny/catkin_ws/install/uuv_control_cascaded_pid/local/lib/python3.10/dist-packages/uuv_PID-0.6.1-py3.10.egg-info
[1.550s] -- Installing: /home/sunny/catkin_ws/install/uuv_control_cascaded_pid/local/lib/python3.10/dist-packages/uuv_PID-0.6.1-py3.10.egg-info/PKG-INFO
[1.550s] -- Installing: /home/sunny/catkin_ws/install/uuv_control_cascaded_pid/local/lib/python3.10/dist-packages/uuv_PID-0.6.1-py3.10.egg-info/SOURCES.txt
[1.550s] -- Installing: /home/sunny/catkin_ws/install/uuv_control_cascaded_pid/local/lib/python3.10/dist-packages/uuv_PID-0.6.1-py3.10.egg-info/top_level.txt
[1.551s] -- Installing: /home/sunny/catkin_ws/install/uuv_control_cascaded_pid/local/lib/python3.10/dist-packages/uuv_PID-0.6.1-py3.10.egg-info/dependency_links.txt
[1.551s] -- Up-to-date: /home/sunny/catkin_ws/install/uuv_control_cascaded_pid/local/lib/python3.10/dist-packages/uuv_PID
[1.551s] -- Up-to-date: /home/sunny/catkin_ws/install/uuv_control_cascaded_pid/local/lib/python3.10/dist-packages/uuv_PID/__init__.py
[1.551s] -- Up-to-date: /home/sunny/catkin_ws/install/uuv_control_cascaded_pid/local/lib/python3.10/dist-packages/uuv_PID/PIDRegulator.py
[1.596s] Listing '/home/sunny/catkin_ws/install/uuv_control_cascaded_pid/local/lib/python3.10/dist-packages/uuv_PID'...
[1.603s] -- Up-to-date: /home/sunny/catkin_ws/install/uuv_control_cascaded_pid/lib/uuv_control_cascaded_pid/acceleration_control.py
[1.604s] -- Up-to-date: /home/sunny/catkin_ws/install/uuv_control_cascaded_pid/lib/uuv_control_cascaded_pid/position_control.py
[1.604s] -- Up-to-date: /home/sunny/catkin_ws/install/uuv_control_cascaded_pid/lib/uuv_control_cascaded_pid/velocity_control.py
[1.604s] -- Up-to-date: /home/sunny/catkin_ws/install/uuv_control_cascaded_pid/share/uuv_control_cascaded_pid/launch
[1.615s] -- Up-to-date: /home/sunny/catkin_ws/install/uuv_control_cascaded_pid/share/uuv_control_cascaded_pid/launch/joy_accel.launch
[1.615s] -- Up-to-date: /home/sunny/catkin_ws/install/uuv_control_cascaded_pid/share/uuv_control_cascaded_pid/launch/joy_velocity.launch
[1.615s] -- Up-to-date: /home/sunny/catkin_ws/install/uuv_control_cascaded_pid/share/uuv_control_cascaded_pid/launch/key_board_velocity.launch
[1.615s] -- Up-to-date: /home/sunny/catkin_ws/install/uuv_control_cascaded_pid/share/uuv_control_cascaded_pid/launch/position_hold.launch
[1.615s] -- Up-to-date: /home/sunny/catkin_ws/install/uuv_control_cascaded_pid/share/uuv_control_cascaded_pid/config
[1.615s] -- Up-to-date: /home/sunny/catkin_ws/install/uuv_control_cascaded_pid/share/uuv_control_cascaded_pid/config/rexrov
[1.615s] -- Up-to-date: /home/sunny/catkin_ws/install/uuv_control_cascaded_pid/share/uuv_control_cascaded_pid/config/rexrov/inertial.yaml
[1.615s] -- Up-to-date: /home/sunny/catkin_ws/install/uuv_control_cascaded_pid/share/uuv_control_cascaded_pid/config/rexrov/pos_pid_control.yaml
[1.615s] -- Up-to-date: /home/sunny/catkin_ws/install/uuv_control_cascaded_pid/share/uuv_control_cascaded_pid/config/rexrov/vel_pid_control.yaml
[1.615s] -- Up-to-date: /home/sunny/catkin_ws/install/uuv_control_cascaded_pid/share/uuv_control_cascaded_pid/config/joy_vel.yaml
[1.616s] -- Up-to-date: /home/sunny/catkin_ws/install/uuv_control_cascaded_pid/share/uuv_control_cascaded_pid/config/joy_accel.yaml
[1.618s] -- Up-to-date: /home/sunny/catkin_ws/install/uuv_control_cascaded_pid/share/ament_index/resource_index/package_run_dependencies/uuv_control_cascaded_pid
[1.618s] -- Up-to-date: /home/sunny/catkin_ws/install/uuv_control_cascaded_pid/share/ament_index/resource_index/parent_prefix_path/uuv_control_cascaded_pid
[1.618s] -- Up-to-date: /home/sunny/catkin_ws/install/uuv_control_cascaded_pid/share/uuv_control_cascaded_pid/environment/ament_prefix_path.sh
[1.618s] -- Up-to-date: /home/sunny/catkin_ws/install/uuv_control_cascaded_pid/share/uuv_control_cascaded_pid/environment/ament_prefix_path.dsv
[1.618s] -- Up-to-date: /home/sunny/catkin_ws/install/uuv_control_cascaded_pid/share/uuv_control_cascaded_pid/environment/path.sh
[1.619s] -- Up-to-date: /home/sunny/catkin_ws/install/uuv_control_cascaded_pid/share/uuv_control_cascaded_pid/environment/path.dsv
[1.619s] -- Up-to-date: /home/sunny/catkin_ws/install/uuv_control_cascaded_pid/share/uuv_control_cascaded_pid/local_setup.bash
[1.619s] -- Up-to-date: /home/sunny/catkin_ws/install/uuv_control_cascaded_pid/share/uuv_control_cascaded_pid/local_setup.sh
[1.619s] -- Up-to-date: /home/sunny/catkin_ws/install/uuv_control_cascaded_pid/share/uuv_control_cascaded_pid/local_setup.zsh
[1.619s] -- Up-to-date: /home/sunny/catkin_ws/install/uuv_control_cascaded_pid/share/uuv_control_cascaded_pid/local_setup.dsv
[1.619s] -- Installing: /home/sunny/catkin_ws/install/uuv_control_cascaded_pid/share/uuv_control_cascaded_pid/package.dsv
[1.619s] -- Up-to-date: /home/sunny/catkin_ws/install/uuv_control_cascaded_pid/share/ament_index/resource_index/packages/uuv_control_cascaded_pid
[1.619s] -- Up-to-date: /home/sunny/catkin_ws/install/uuv_control_cascaded_pid/share/uuv_control_cascaded_pid/cmake/uuv_control_cascaded_pidConfig.cmake
[1.619s] -- Up-to-date: /home/sunny/catkin_ws/install/uuv_control_cascaded_pid/share/uuv_control_cascaded_pid/cmake/uuv_control_cascaded_pidConfig-version.cmake
[1.619s] -- Up-to-date: /home/sunny/catkin_ws/install/uuv_control_cascaded_pid/share/uuv_control_cascaded_pid/package.xml
[1.621s] Invoked command in '/home/sunny/catkin_ws/build/uuv_control_cascaded_pid' returned '0': CMAKE_PREFIX_PATH=/home/sunny/catkin_ws/install/plankton_utils:/home/sunny/catkin_ws/install/plankton:/home/sunny/catkin_ws/install/uuv_simulator:/home/sunny/catkin_ws/install/uuv_world_ros_plugins:/home/sunny/catkin_ws/install/uuv_tutorials:/home/sunny/catkin_ws/install/uuv_tutorial_dp_controller:/home/sunny/catkin_ws/install/uuv_tutorial_disturbances:/home/sunny/catkin_ws/install/uuv_control_utils:/home/sunny/catkin_ws/install/uuv_world_ros_plugins_msgs:/home/sunny/catkin_ws/install/uuv_world_plugins:/home/sunny/catkin_ws/install/uuv_tutorial_seabed_world:/home/sunny/catkin_ws/install/uuv_trajectory_control:/home/sunny/catkin_ws/install/uuv_teleop:/home/sunny/catkin_ws/install/uuv_thruster_manager:/home/sunny/catkin_ws/install/uuv_descriptions:/home/sunny/catkin_ws/install/uuv_sensor_ros_plugins:/home/sunny/catkin_ws/install/uuv_sensor_ros_plugins_msgs:/home/sunny/catkin_ws/install/uuv_gazebo_worlds:/home/sunny/catkin_ws/install/uuv_gazebo_ros_plugins:/home/sunny/catkin_ws/install/uuv_gazebo_ros_plugins_msgs:/home/sunny/catkin_ws/install/uuv_gazebo_plugins:/home/sunny/catkin_ws/install/uuv_gazebo:/home/sunny/catkin_ws/install/uuv_control_msgs:/home/sunny/catkin_ws/install/uuv_control_cascaded_pid:/home/sunny/catkin_ws/install/uuv_auv_control_allocator:/home/sunny/catkin_ws/install/uuv_assistants:/home/sunny/catkin_ws/install/turtlesim:/home/sunny/catkin_ws/install/common_msgs:/home/sunny/catkin_ws/install/beluga_simulator:/home/sunny/catkin_ws/install/beluga_adapter:/opt/ros/humble /usr/bin/cmake --install /home/sunny/catkin_ws/build/uuv_control_cascaded_pid
