[0.221s] Invoking command in '/home/sunny/catkin_ws/build/uuv_tutorial_seabed_world': CMAKE_PREFIX_PATH=${CMAKE_PREFIX_PATH}:/home/sunny/catkin_ws/install/beluga_adapter:/opt/ros/humble /usr/bin/cmake --build /home/sunny/catkin_ws/build/uuv_tutorial_seabed_world -- -j16 -l16
[0.404s] Invoked command in '/home/sunny/catkin_ws/build/uuv_tutorial_seabed_world' returned '0': CMAKE_PREFIX_PATH=${CMAKE_PREFIX_PATH}:/home/sunny/catkin_ws/install/beluga_adapter:/opt/ros/humble /usr/bin/cmake --build /home/sunny/catkin_ws/build/uuv_tutorial_seabed_world -- -j16 -l16
[0.624s] Invoking command in '/home/sunny/catkin_ws/build/uuv_tutorial_seabed_world': CMAKE_PREFIX_PATH=${CMAKE_PREFIX_PATH}:/home/sunny/catkin_ws/install/beluga_adapter:/opt/ros/humble /usr/bin/cmake --install /home/sunny/catkin_ws/build/uuv_tutorial_seabed_world
[0.649s] -- Install configuration: ""
[0.649s] -- Up-to-date: /home/sunny/catkin_ws/install/uuv_tutorial_seabed_world/share/uuv_tutorial_seabed_world/launch
[0.649s] -- Up-to-date: /home/sunny/catkin_ws/install/uuv_tutorial_seabed_world/share/uuv_tutorial_seabed_world/launch/tutorial_seabed_world.launch
[0.649s] -- Up-to-date: /home/sunny/catkin_ws/install/uuv_tutorial_seabed_world/share/uuv_tutorial_seabed_world/worlds
[0.649s] -- Up-to-date: /home/sunny/catkin_ws/install/uuv_tutorial_seabed_world/share/uuv_tutorial_seabed_world/worlds/example_underwater.world
[0.650s] -- Up-to-date: /home/sunny/catkin_ws/install/uuv_tutorial_seabed_world/share/uuv_tutorial_seabed_world/models
[0.657s] -- Up-to-date: /home/sunny/catkin_ws/install/uuv_tutorial_seabed_world/share/uuv_tutorial_seabed_world/models/tutorial_seabed
[0.657s] -- Up-to-date: /home/sunny/catkin_ws/install/uuv_tutorial_seabed_world/share/uuv_tutorial_seabed_world/models/tutorial_seabed/model.sdf
[0.657s] -- Up-to-date: /home/sunny/catkin_ws/install/uuv_tutorial_seabed_world/share/uuv_tutorial_seabed_world/models/tutorial_seabed/meshes
[0.657s] -- Up-to-date: /home/sunny/catkin_ws/install/uuv_tutorial_seabed_world/share/uuv_tutorial_seabed_world/models/tutorial_seabed/meshes/seabed.stl
[0.658s] -- Up-to-date: /home/sunny/catkin_ws/install/uuv_tutorial_seabed_world/share/uuv_tutorial_seabed_world/models/tutorial_seabed/model.config
[0.658s] -- Up-to-date: /home/sunny/catkin_ws/install/uuv_tutorial_seabed_world/share/ament_index/resource_index/package_run_dependencies/uuv_tutorial_seabed_world
[0.658s] -- Up-to-date: /home/sunny/catkin_ws/install/uuv_tutorial_seabed_world/share/ament_index/resource_index/parent_prefix_path/uuv_tutorial_seabed_world
[0.658s] -- Up-to-date: /home/sunny/catkin_ws/install/uuv_tutorial_seabed_world/share/uuv_tutorial_seabed_world/environment/ament_prefix_path.sh
[0.658s] -- Up-to-date: /home/sunny/catkin_ws/install/uuv_tutorial_seabed_world/share/uuv_tutorial_seabed_world/environment/ament_prefix_path.dsv
[0.659s] -- Up-to-date: /home/sunny/catkin_ws/install/uuv_tutorial_seabed_world/share/uuv_tutorial_seabed_world/environment/path.sh
[0.659s] -- Up-to-date: /home/sunny/catkin_ws/install/uuv_tutorial_seabed_world/share/uuv_tutorial_seabed_world/environment/path.dsv
[0.659s] -- Up-to-date: /home/sunny/catkin_ws/install/uuv_tutorial_seabed_world/share/uuv_tutorial_seabed_world/local_setup.bash
[0.659s] -- Up-to-date: /home/sunny/catkin_ws/install/uuv_tutorial_seabed_world/share/uuv_tutorial_seabed_world/local_setup.sh
[0.659s] -- Up-to-date: /home/sunny/catkin_ws/install/uuv_tutorial_seabed_world/share/uuv_tutorial_seabed_world/local_setup.zsh
[0.659s] -- Up-to-date: /home/sunny/catkin_ws/install/uuv_tutorial_seabed_world/share/uuv_tutorial_seabed_world/local_setup.dsv
[0.659s] -- Installing: /home/sunny/catkin_ws/install/uuv_tutorial_seabed_world/share/uuv_tutorial_seabed_world/package.dsv
[0.659s] -- Up-to-date: /home/sunny/catkin_ws/install/uuv_tutorial_seabed_world/share/ament_index/resource_index/packages/uuv_tutorial_seabed_world
[0.660s] -- Up-to-date: /home/sunny/catkin_ws/install/uuv_tutorial_seabed_world/share/uuv_tutorial_seabed_world/cmake/uuv_tutorial_seabed_worldConfig.cmake
[0.660s] -- Up-to-date: /home/sunny/catkin_ws/install/uuv_tutorial_seabed_world/share/uuv_tutorial_seabed_world/cmake/uuv_tutorial_seabed_worldConfig-version.cmake
[0.660s] -- Up-to-date: /home/sunny/catkin_ws/install/uuv_tutorial_seabed_world/share/uuv_tutorial_seabed_world/package.xml
[0.769s] Invoked command in '/home/sunny/catkin_ws/build/uuv_tutorial_seabed_world' returned '0': CMAKE_PREFIX_PATH=${CMAKE_PREFIX_PATH}:/home/sunny/catkin_ws/install/beluga_adapter:/opt/ros/humble /usr/bin/cmake --install /home/sunny/catkin_ws/build/uuv_tutorial_seabed_world
