[0.648s] Invoking command in '/home/sunny/catkin_ws/build/uuv_control_cascaded_pid': AMENT_PREFIX_PATH=/home/sunny/catkin_ws/install/plankton_utils:${AMENT_PREFIX_PATH} CMAKE_PREFIX_PATH=/home/sunny/catkin_ws/install/plankton_utils:/home/sunny/catkin_ws/install/turtlesim:/home/sunny/catkin_ws/install/common_msgs:/home/sunny/catkin_ws/install/beluga_simulator:/home/sunny/catkin_ws/install/beluga_adapter:/opt/ros/humble PYTHONPATH=/home/sunny/catkin_ws/install/plankton_utils/local/lib/python3.10/dist-packages:${PYTHONPATH} /usr/bin/cmake --build /home/sunny/catkin_ws/build/uuv_control_cascaded_pid -- -j16 -l16
[0.711s] Built target ament_cmake_python_copy_uuv_PID
[0.970s] running egg_info
[0.971s] writing uuv_PID.egg-info/PKG-INFO
[0.971s] writing dependency_links to uuv_PID.egg-info/dependency_links.txt
[0.972s] writing top-level names to uuv_PID.egg-info/top_level.txt
[0.974s] reading manifest file 'uuv_PID.egg-info/SOURCES.txt'
[0.974s] writing manifest file 'uuv_PID.egg-info/SOURCES.txt'
[1.009s] Built target ament_cmake_python_build_uuv_PID_egg
[1.209s] Invoked command in '/home/sunny/catkin_ws/build/uuv_control_cascaded_pid' returned '0': AMENT_PREFIX_PATH=/home/sunny/catkin_ws/install/plankton_utils:${AMENT_PREFIX_PATH} CMAKE_PREFIX_PATH=/home/sunny/catkin_ws/install/plankton_utils:/home/sunny/catkin_ws/install/turtlesim:/home/sunny/catkin_ws/install/common_msgs:/home/sunny/catkin_ws/install/beluga_simulator:/home/sunny/catkin_ws/install/beluga_adapter:/opt/ros/humble PYTHONPATH=/home/sunny/catkin_ws/install/plankton_utils/local/lib/python3.10/dist-packages:${PYTHONPATH} /usr/bin/cmake --build /home/sunny/catkin_ws/build/uuv_control_cascaded_pid -- -j16 -l16
[1.322s] Invoking command in '/home/sunny/catkin_ws/build/uuv_control_cascaded_pid': AMENT_PREFIX_PATH=/home/sunny/catkin_ws/install/plankton_utils:${AMENT_PREFIX_PATH} CMAKE_PREFIX_PATH=/home/sunny/catkin_ws/install/plankton_utils:/home/sunny/catkin_ws/install/turtlesim:/home/sunny/catkin_ws/install/common_msgs:/home/sunny/catkin_ws/install/beluga_simulator:/home/sunny/catkin_ws/install/beluga_adapter:/opt/ros/humble PYTHONPATH=/home/sunny/catkin_ws/install/plankton_utils/local/lib/python3.10/dist-packages:${PYTHONPATH} /usr/bin/cmake --install /home/sunny/catkin_ws/build/uuv_control_cascaded_pid
[1.369s] -- Install configuration: ""
[1.369s] -- Up-to-date: /home/sunny/catkin_ws/install/uuv_control_cascaded_pid/share/uuv_control_cascaded_pid/environment/pythonpath.sh
[1.370s] -- Up-to-date: /home/sunny/catkin_ws/install/uuv_control_cascaded_pid/share/uuv_control_cascaded_pid/environment/pythonpath.dsv
[1.370s] -- Up-to-date: /home/sunny/catkin_ws/install/uuv_control_cascaded_pid/local/lib/python3.10/dist-packages/uuv_PID-0.6.1-py3.10.egg-info
[1.370s] -- Installing: /home/sunny/catkin_ws/install/uuv_control_cascaded_pid/local/lib/python3.10/dist-packages/uuv_PID-0.6.1-py3.10.egg-info/PKG-INFO
[1.370s] -- Installing: /home/sunny/catkin_ws/install/uuv_control_cascaded_pid/local/lib/python3.10/dist-packages/uuv_PID-0.6.1-py3.10.egg-info/SOURCES.txt
[1.370s] -- Installing: /home/sunny/catkin_ws/install/uuv_control_cascaded_pid/local/lib/python3.10/dist-packages/uuv_PID-0.6.1-py3.10.egg-info/top_level.txt
[1.370s] -- Installing: /home/sunny/catkin_ws/install/uuv_control_cascaded_pid/local/lib/python3.10/dist-packages/uuv_PID-0.6.1-py3.10.egg-info/dependency_links.txt
[1.370s] -- Up-to-date: /home/sunny/catkin_ws/install/uuv_control_cascaded_pid/local/lib/python3.10/dist-packages/uuv_PID
[1.370s] -- Up-to-date: /home/sunny/catkin_ws/install/uuv_control_cascaded_pid/local/lib/python3.10/dist-packages/uuv_PID/__init__.py
[1.370s] -- Up-to-date: /home/sunny/catkin_ws/install/uuv_control_cascaded_pid/local/lib/python3.10/dist-packages/uuv_PID/PIDRegulator.py
[1.396s] Listing '/home/sunny/catkin_ws/install/uuv_control_cascaded_pid/local/lib/python3.10/dist-packages/uuv_PID'...
[1.411s] -- Up-to-date: /home/sunny/catkin_ws/install/uuv_control_cascaded_pid/lib/uuv_control_cascaded_pid/acceleration_control.py
[1.412s] -- Up-to-date: /home/sunny/catkin_ws/install/uuv_control_cascaded_pid/lib/uuv_control_cascaded_pid/position_control.py
[1.412s] -- Up-to-date: /home/sunny/catkin_ws/install/uuv_control_cascaded_pid/lib/uuv_control_cascaded_pid/velocity_control.py
[1.412s] -- Up-to-date: /home/sunny/catkin_ws/install/uuv_control_cascaded_pid/share/uuv_control_cascaded_pid/launch
[1.412s] -- Up-to-date: /home/sunny/catkin_ws/install/uuv_control_cascaded_pid/share/uuv_control_cascaded_pid/launch/joy_accel.launch
[1.412s] -- Up-to-date: /home/sunny/catkin_ws/install/uuv_control_cascaded_pid/share/uuv_control_cascaded_pid/launch/joy_velocity.launch
[1.412s] -- Up-to-date: /home/sunny/catkin_ws/install/uuv_control_cascaded_pid/share/uuv_control_cascaded_pid/launch/key_board_velocity.launch
[1.412s] -- Up-to-date: /home/sunny/catkin_ws/install/uuv_control_cascaded_pid/share/uuv_control_cascaded_pid/launch/position_hold.launch
[1.413s] -- Up-to-date: /home/sunny/catkin_ws/install/uuv_control_cascaded_pid/share/uuv_control_cascaded_pid/config
[1.413s] -- Up-to-date: /home/sunny/catkin_ws/install/uuv_control_cascaded_pid/share/uuv_control_cascaded_pid/config/rexrov
[1.413s] -- Up-to-date: /home/sunny/catkin_ws/install/uuv_control_cascaded_pid/share/uuv_control_cascaded_pid/config/rexrov/inertial.yaml
[1.413s] -- Up-to-date: /home/sunny/catkin_ws/install/uuv_control_cascaded_pid/share/uuv_control_cascaded_pid/config/rexrov/pos_pid_control.yaml
[1.413s] -- Up-to-date: /home/sunny/catkin_ws/install/uuv_control_cascaded_pid/share/uuv_control_cascaded_pid/config/rexrov/vel_pid_control.yaml
[1.413s] -- Up-to-date: /home/sunny/catkin_ws/install/uuv_control_cascaded_pid/share/uuv_control_cascaded_pid/config/joy_vel.yaml
[1.413s] -- Up-to-date: /home/sunny/catkin_ws/install/uuv_control_cascaded_pid/share/uuv_control_cascaded_pid/config/joy_accel.yaml
[1.413s] -- Up-to-date: /home/sunny/catkin_ws/install/uuv_control_cascaded_pid/share/ament_index/resource_index/package_run_dependencies/uuv_control_cascaded_pid
[1.413s] -- Up-to-date: /home/sunny/catkin_ws/install/uuv_control_cascaded_pid/share/ament_index/resource_index/parent_prefix_path/uuv_control_cascaded_pid
[1.413s] -- Up-to-date: /home/sunny/catkin_ws/install/uuv_control_cascaded_pid/share/uuv_control_cascaded_pid/environment/ament_prefix_path.sh
[1.414s] -- Up-to-date: /home/sunny/catkin_ws/install/uuv_control_cascaded_pid/share/uuv_control_cascaded_pid/environment/ament_prefix_path.dsv
[1.414s] -- Up-to-date: /home/sunny/catkin_ws/install/uuv_control_cascaded_pid/share/uuv_control_cascaded_pid/environment/path.sh
[1.414s] -- Up-to-date: /home/sunny/catkin_ws/install/uuv_control_cascaded_pid/share/uuv_control_cascaded_pid/environment/path.dsv
[1.414s] -- Up-to-date: /home/sunny/catkin_ws/install/uuv_control_cascaded_pid/share/uuv_control_cascaded_pid/local_setup.bash
[1.414s] -- Up-to-date: /home/sunny/catkin_ws/install/uuv_control_cascaded_pid/share/uuv_control_cascaded_pid/local_setup.sh
[1.414s] -- Up-to-date: /home/sunny/catkin_ws/install/uuv_control_cascaded_pid/share/uuv_control_cascaded_pid/local_setup.zsh
[1.414s] -- Up-to-date: /home/sunny/catkin_ws/install/uuv_control_cascaded_pid/share/uuv_control_cascaded_pid/local_setup.dsv
[1.414s] -- Installing: /home/sunny/catkin_ws/install/uuv_control_cascaded_pid/share/uuv_control_cascaded_pid/package.dsv
[1.414s] -- Up-to-date: /home/sunny/catkin_ws/install/uuv_control_cascaded_pid/share/ament_index/resource_index/packages/uuv_control_cascaded_pid
[1.414s] -- Up-to-date: /home/sunny/catkin_ws/install/uuv_control_cascaded_pid/share/uuv_control_cascaded_pid/cmake/uuv_control_cascaded_pidConfig.cmake
[1.414s] -- Up-to-date: /home/sunny/catkin_ws/install/uuv_control_cascaded_pid/share/uuv_control_cascaded_pid/cmake/uuv_control_cascaded_pidConfig-version.cmake
[1.415s] -- Up-to-date: /home/sunny/catkin_ws/install/uuv_control_cascaded_pid/share/uuv_control_cascaded_pid/package.xml
[1.423s] Invoked command in '/home/sunny/catkin_ws/build/uuv_control_cascaded_pid' returned '0': AMENT_PREFIX_PATH=/home/sunny/catkin_ws/install/plankton_utils:${AMENT_PREFIX_PATH} CMAKE_PREFIX_PATH=/home/sunny/catkin_ws/install/plankton_utils:/home/sunny/catkin_ws/install/turtlesim:/home/sunny/catkin_ws/install/common_msgs:/home/sunny/catkin_ws/install/beluga_simulator:/home/sunny/catkin_ws/install/beluga_adapter:/opt/ros/humble PYTHONPATH=/home/sunny/catkin_ws/install/plankton_utils/local/lib/python3.10/dist-packages:${PYTHONPATH} /usr/bin/cmake --install /home/sunny/catkin_ws/build/uuv_control_cascaded_pid
