[0.058s] Invoking command in '/home/sunny/catkin_ws/build/turtlesim': CMAKE_PREFIX_PATH=${CMAKE_PREFIX_PATH}:/opt/ros/humble /usr/bin/cmake /home/sunny/catkin_ws/src/ros_tutorials/turtlesim -DCMAKE_INSTALL_PREFIX=/home/sunny/catkin_ws/install/turtlesim
[0.126s] -- The C compiler identification is GNU 11.4.0
[0.190s] -- The CXX compiler identification is GNU 11.4.0
[0.199s] -- Detecting C compiler ABI info
[0.264s] -- Detecting C compiler ABI info - done
[0.269s] -- Check for working C compiler: /usr/bin/cc - skipped
[0.269s] -- Detecting C compile features
[0.270s] -- Detecting C compile features - done
[0.273s] -- Detecting CXX compiler ABI info
[0.346s] -- Detecting CXX compiler ABI info - done
[0.351s] -- Check for working CXX compiler: /usr/bin/c++ - skipped
[0.352s] -- Detecting CXX compile features
[0.352s] -- Detecting CXX compile features - done
[0.355s] -- Found ament_cmake: 1.3.6 (/opt/ros/humble/share/ament_cmake/cmake)
[0.495s] -- Found Python3: /usr/bin/python3.10 (found version "3.10.12") found components: Interpreter 
[0.569s] -- Found ament_index_cpp: 1.4.0 (/opt/ros/humble/share/ament_index_cpp/cmake)
[0.571s] -- Found geometry_msgs: 4.2.3 (/opt/ros/humble/share/geometry_msgs/cmake)
[0.605s] -- Found rosidl_generator_c: 3.1.5 (/opt/ros/humble/share/rosidl_generator_c/cmake)
[0.609s] -- Found rosidl_adapter: 3.1.5 (/opt/ros/humble/share/rosidl_adapter/cmake)
[0.617s] -- Found rosidl_generator_cpp: 3.1.5 (/opt/ros/humble/share/rosidl_generator_cpp/cmake)
[0.628s] -- Using all available rosidl_typesupport_c: rosidl_typesupport_fastrtps_c;rosidl_typesupport_introspection_c
[0.644s] -- Using all available rosidl_typesupport_cpp: rosidl_typesupport_fastrtps_cpp;rosidl_typesupport_introspection_cpp
[0.755s] -- Found rclcpp: 16.0.7 (/opt/ros/humble/share/rclcpp/cmake)
[0.800s] -- Found rmw_implementation_cmake: 6.1.1 (/opt/ros/humble/share/rmw_implementation_cmake/cmake)
[0.803s] -- Found rmw_fastrtps_cpp: 6.2.5 (/opt/ros/humble/share/rmw_fastrtps_cpp/cmake)
[0.902s] -- Found OpenSSL: /usr/lib/x86_64-linux-gnu/libcrypto.so (found version "3.0.2")  
[0.930s] -- Found FastRTPS: /opt/ros/humble/include  
[0.976s] -- Using RMW implementation 'rmw_fastrtps_cpp' as default
[0.986s] -- Looking for pthread.h
[1.055s] -- Looking for pthread.h - found
[1.055s] -- Performing Test CMAKE_HAVE_LIBC_PTHREAD
[1.123s] -- Performing Test CMAKE_HAVE_LIBC_PTHREAD - Success
[1.124s] -- Found Threads: TRUE  
[1.228s] -- Found rclcpp_action: 16.0.7 (/opt/ros/humble/share/rclcpp_action/cmake)
[1.305s] -- Found rosidl_default_generators: 1.2.0 (/opt/ros/humble/share/rosidl_default_generators/cmake)
[1.313s] -- Found std_srvs: 4.2.3 (/opt/ros/humble/share/std_srvs/cmake)
[1.579s] -- Found ament_cmake_ros: 0.10.0 (/opt/ros/humble/share/ament_cmake_ros/cmake)
[1.849s] -- Using all available rosidl_typesupport_c: rosidl_typesupport_fastrtps_c;rosidl_typesupport_introspection_c
[1.948s] -- Using all available rosidl_typesupport_cpp: rosidl_typesupport_fastrtps_cpp;rosidl_typesupport_introspection_cpp
[1.976s] -- Found PythonInterp: /usr/bin/python3 (found suitable version "3.10.12", minimum required is "3.6") 
[1.978s] -- Found python_cmake_module: 0.10.0 (/opt/ros/humble/share/python_cmake_module/cmake)
[2.000s] -- Found PythonLibs: /usr/lib/x86_64-linux-gnu/libpython3.10.so (found suitable version "3.10.12", minimum required is "3.5") 
[2.000s] -- Using PYTHON_EXECUTABLE: /usr/bin/python3
[2.000s] -- Using PYTHON_INCLUDE_DIRS: /usr/include/python3.10
[2.000s] -- Using PYTHON_LIBRARIES: /usr/lib/x86_64-linux-gnu/libpython3.10.so
[2.017s] -- Found PythonExtra: .so  
[2.062s] -- Configuring done
[2.120s] -- Generating done
[2.123s] -- Build files have been written to: /home/sunny/catkin_ws/build/turtlesim
[2.135s] Invoked command in '/home/sunny/catkin_ws/build/turtlesim' returned '0': CMAKE_PREFIX_PATH=${CMAKE_PREFIX_PATH}:/opt/ros/humble /usr/bin/cmake /home/sunny/catkin_ws/src/ros_tutorials/turtlesim -DCMAKE_INSTALL_PREFIX=/home/sunny/catkin_ws/install/turtlesim
[2.137s] Invoking command in '/home/sunny/catkin_ws/build/turtlesim': CMAKE_PREFIX_PATH=${CMAKE_PREFIX_PATH}:/opt/ros/humble /usr/bin/cmake --build /home/sunny/catkin_ws/build/turtlesim -- -j16 -l16
[2.179s] [  1%] [34m[1mGenerating C code for ROS interfaces[0m
[2.189s] [  2%] [34m[1mGenerating C++ code for ROS interfaces[0m
[2.197s] [  2%] Built target ament_cmake_python_copy_turtlesim
[2.412s] running egg_info
[2.412s] creating turtlesim.egg-info
[2.412s] writing turtlesim.egg-info/PKG-INFO
[2.412s] writing dependency_links to turtlesim.egg-info/dependency_links.txt
[2.412s] writing top-level names to turtlesim.egg-info/top_level.txt
[2.413s] writing manifest file 'turtlesim.egg-info/SOURCES.txt'
[2.414s] reading manifest file 'turtlesim.egg-info/SOURCES.txt'
[2.414s] writing manifest file 'turtlesim.egg-info/SOURCES.txt'
[2.438s] [  2%] Built target ament_cmake_python_build_turtlesim_egg
[2.841s] [  2%] Built target turtlesim__cpp
[2.853s] [  4%] [34m[1mGenerating C++ type support for eProsima Fast-RTPS[0m
[2.854s] [  4%] [34m[1mGenerating C++ type support dispatch for ROS interfaces[0m
[2.854s] [  5%] [34m[1mGenerating C++ introspection for ROS interfaces[0m
[2.900s] [  7%] [32mBuilding C object CMakeFiles/turtlesim__rosidl_generator_c.dir/rosidl_generator_c/turtlesim/msg/detail/pose__functions.c.o[0m
[2.900s] [  7%] [32mBuilding C object CMakeFiles/turtlesim__rosidl_generator_c.dir/rosidl_generator_c/turtlesim/srv/detail/kill__functions.c.o[0m
[2.900s] [  8%] [32mBuilding C object CMakeFiles/turtlesim__rosidl_generator_c.dir/rosidl_generator_c/turtlesim/msg/detail/color__functions.c.o[0m
[2.900s] [  9%] [32mBuilding C object CMakeFiles/turtlesim__rosidl_generator_c.dir/rosidl_generator_c/turtlesim/srv/detail/set_pen__functions.c.o[0m
[2.900s] [ 10%] [32mBuilding C object CMakeFiles/turtlesim__rosidl_generator_c.dir/rosidl_generator_c/turtlesim/action/detail/rotate_absolute__functions.c.o[0m
[2.901s] [ 12%] [32mBuilding C object CMakeFiles/turtlesim__rosidl_generator_c.dir/rosidl_generator_c/turtlesim/srv/detail/teleport_absolute__functions.c.o[0m
[2.901s] [ 12%] [32mBuilding C object CMakeFiles/turtlesim__rosidl_generator_c.dir/rosidl_generator_c/turtlesim/srv/detail/spawn__functions.c.o[0m
[2.902s] [ 13%] [32mBuilding C object CMakeFiles/turtlesim__rosidl_generator_c.dir/rosidl_generator_c/turtlesim/srv/detail/teleport_relative__functions.c.o[0m
[3.018s] [ 14%] [32m[1mLinking C shared library libturtlesim__rosidl_generator_c.so[0m
[3.056s] [ 14%] Built target turtlesim__rosidl_generator_c
[3.067s] [ 17%] [34m[1mGenerating C type support dispatch for ROS interfaces[0m
[3.067s] [ 17%] [34m[1mGenerating C type support for eProsima Fast-RTPS[0m
[3.067s] [ 17%] [34m[1mGenerating C introspection for ROS interfaces[0m
[3.286s] [ 19%] [32mBuilding CXX object CMakeFiles/turtlesim__rosidl_typesupport_cpp.dir/rosidl_typesupport_cpp/turtlesim/srv/kill__type_support.cpp.o[0m
[3.286s] [ 19%] [32mBuilding CXX object CMakeFiles/turtlesim__rosidl_typesupport_cpp.dir/rosidl_typesupport_cpp/turtlesim/msg/pose__type_support.cpp.o[0m
[3.286s] [ 20%] [32mBuilding CXX object CMakeFiles/turtlesim__rosidl_typesupport_cpp.dir/rosidl_typesupport_cpp/turtlesim/action/rotate_absolute__type_support.cpp.o[0m
[3.287s] [ 21%] [32mBuilding CXX object CMakeFiles/turtlesim__rosidl_typesupport_cpp.dir/rosidl_typesupport_cpp/turtlesim/msg/color__type_support.cpp.o[0m
[3.288s] [ 22%] [32mBuilding CXX object CMakeFiles/turtlesim__rosidl_typesupport_cpp.dir/rosidl_typesupport_cpp/turtlesim/srv/teleport_absolute__type_support.cpp.o[0m
[3.289s] [ 23%] [32mBuilding CXX object CMakeFiles/turtlesim__rosidl_typesupport_cpp.dir/rosidl_typesupport_cpp/turtlesim/srv/set_pen__type_support.cpp.o[0m
[3.289s] [ 24%] [32mBuilding CXX object CMakeFiles/turtlesim__rosidl_typesupport_cpp.dir/rosidl_typesupport_cpp/turtlesim/srv/spawn__type_support.cpp.o[0m
[3.289s] [ 25%] [32mBuilding CXX object CMakeFiles/turtlesim__rosidl_typesupport_cpp.dir/rosidl_typesupport_cpp/turtlesim/srv/teleport_relative__type_support.cpp.o[0m
[3.454s] [ 27%] [32mBuilding CXX object CMakeFiles/turtlesim__rosidl_typesupport_introspection_cpp.dir/rosidl_typesupport_introspection_cpp/turtlesim/msg/detail/color__type_support.cpp.o[0m
[3.455s] [ 27%] [32mBuilding CXX object CMakeFiles/turtlesim__rosidl_typesupport_introspection_cpp.dir/rosidl_typesupport_introspection_cpp/turtlesim/msg/detail/pose__type_support.cpp.o[0m
[3.456s] [ 28%] [32mBuilding CXX object CMakeFiles/turtlesim__rosidl_typesupport_introspection_cpp.dir/rosidl_typesupport_introspection_cpp/turtlesim/action/detail/rotate_absolute__type_support.cpp.o[0m
[3.456s] [ 29%] [32mBuilding CXX object CMakeFiles/turtlesim__rosidl_typesupport_introspection_cpp.dir/rosidl_typesupport_introspection_cpp/turtlesim/srv/detail/kill__type_support.cpp.o[0m
[3.667s] [ 30%] [32mBuilding CXX object CMakeFiles/turtlesim__rosidl_typesupport_introspection_cpp.dir/rosidl_typesupport_introspection_cpp/turtlesim/srv/detail/set_pen__type_support.cpp.o[0m
[3.673s] [ 31%] [32mBuilding CXX object CMakeFiles/turtlesim__rosidl_typesupport_introspection_cpp.dir/rosidl_typesupport_introspection_cpp/turtlesim/srv/detail/spawn__type_support.cpp.o[0m
[3.674s] [ 32%] [32mBuilding CXX object CMakeFiles/turtlesim__rosidl_typesupport_introspection_cpp.dir/rosidl_typesupport_introspection_cpp/turtlesim/srv/detail/teleport_absolute__type_support.cpp.o[0m
[3.682s] [ 33%] [32mBuilding CXX object CMakeFiles/turtlesim__rosidl_typesupport_introspection_cpp.dir/rosidl_typesupport_introspection_cpp/turtlesim/srv/detail/teleport_relative__type_support.cpp.o[0m
[3.688s] [ 34%] [32mBuilding CXX object CMakeFiles/turtlesim__rosidl_typesupport_c.dir/rosidl_typesupport_c/turtlesim/action/rotate_absolute__type_support.cpp.o[0m
[3.694s] [ 35%] [32mBuilding CXX object CMakeFiles/turtlesim__rosidl_typesupport_c.dir/rosidl_typesupport_c/turtlesim/msg/color__type_support.cpp.o[0m
[3.702s] [ 36%] [32mBuilding CXX object CMakeFiles/turtlesim__rosidl_typesupport_c.dir/rosidl_typesupport_c/turtlesim/msg/pose__type_support.cpp.o[0m
[3.741s] [ 37%] [32mBuilding CXX object CMakeFiles/turtlesim__rosidl_typesupport_c.dir/rosidl_typesupport_c/turtlesim/srv/kill__type_support.cpp.o[0m
[3.752s] [ 38%] [32mBuilding CXX object CMakeFiles/turtlesim__rosidl_typesupport_c.dir/rosidl_typesupport_c/turtlesim/srv/set_pen__type_support.cpp.o[0m
[3.754s] [ 39%] [32mBuilding CXX object CMakeFiles/turtlesim__rosidl_typesupport_c.dir/rosidl_typesupport_c/turtlesim/srv/spawn__type_support.cpp.o[0m
[3.765s] [ 40%] [32mBuilding CXX object CMakeFiles/turtlesim__rosidl_typesupport_fastrtps_cpp.dir/rosidl_typesupport_fastrtps_cpp/turtlesim/action/detail/dds_fastrtps/rotate_absolute__type_support.cpp.o[0m
[3.782s] [ 41%] [32mBuilding CXX object CMakeFiles/turtlesim__rosidl_typesupport_fastrtps_cpp.dir/rosidl_typesupport_fastrtps_cpp/turtlesim/msg/detail/dds_fastrtps/color__type_support.cpp.o[0m
[3.803s] [ 42%] [32mBuilding CXX object CMakeFiles/turtlesim__rosidl_typesupport_c.dir/rosidl_typesupport_c/turtlesim/srv/teleport_absolute__type_support.cpp.o[0m
[3.820s] [ 43%] [32mBuilding CXX object CMakeFiles/turtlesim__rosidl_typesupport_c.dir/rosidl_typesupport_c/turtlesim/srv/teleport_relative__type_support.cpp.o[0m
[3.833s] [ 44%] [32mBuilding CXX object CMakeFiles/turtlesim__rosidl_typesupport_fastrtps_cpp.dir/rosidl_typesupport_fastrtps_cpp/turtlesim/msg/detail/dds_fastrtps/pose__type_support.cpp.o[0m
[3.876s] [ 45%] [32m[1mLinking CXX shared library libturtlesim__rosidl_typesupport_c.so[0m
[3.919s] [ 46%] [32mBuilding CXX object CMakeFiles/turtlesim__rosidl_typesupport_fastrtps_cpp.dir/rosidl_typesupport_fastrtps_cpp/turtlesim/srv/detail/dds_fastrtps/kill__type_support.cpp.o[0m
[3.955s] [ 46%] Built target turtlesim__rosidl_typesupport_c
[3.964s] [ 47%] [32m[1mLinking CXX shared library libturtlesim__rosidl_typesupport_cpp.so[0m
[3.994s] [ 48%] [32mBuilding CXX object CMakeFiles/turtlesim__rosidl_typesupport_fastrtps_cpp.dir/rosidl_typesupport_fastrtps_cpp/turtlesim/srv/detail/dds_fastrtps/set_pen__type_support.cpp.o[0m
[3.999s] [ 49%] [32mBuilding CXX object CMakeFiles/turtlesim__rosidl_typesupport_fastrtps_cpp.dir/rosidl_typesupport_fastrtps_cpp/turtlesim/srv/detail/dds_fastrtps/spawn__type_support.cpp.o[0m
[4.002s] [ 50%] [32mBuilding CXX object CMakeFiles/turtlesim__rosidl_typesupport_fastrtps_cpp.dir/rosidl_typesupport_fastrtps_cpp/turtlesim/srv/detail/dds_fastrtps/teleport_relative__type_support.cpp.o[0m
[4.006s] [ 51%] [32mBuilding CXX object CMakeFiles/turtlesim__rosidl_typesupport_fastrtps_cpp.dir/rosidl_typesupport_fastrtps_cpp/turtlesim/srv/detail/dds_fastrtps/teleport_absolute__type_support.cpp.o[0m
[4.030s] [ 52%] [32mBuilding C object CMakeFiles/turtlesim__rosidl_typesupport_introspection_c.dir/rosidl_typesupport_introspection_c/turtlesim/action/detail/rotate_absolute__type_support.c.o[0m
[4.046s] [ 52%] Built target turtlesim__rosidl_typesupport_cpp
[4.061s] [ 53%] [32mBuilding C object CMakeFiles/turtlesim__rosidl_typesupport_introspection_c.dir/rosidl_typesupport_introspection_c/turtlesim/msg/detail/color__type_support.c.o[0m
[4.128s] [ 54%] [34m[1mGenerating include/turtlesim/moc_turtle_frame.cpp[0m
[4.142s] [ 55%] [32mBuilding C object CMakeFiles/turtlesim__rosidl_typesupport_introspection_c.dir/rosidl_typesupport_introspection_c/turtlesim/msg/detail/pose__type_support.c.o[0m
[4.187s] [ 56%] [32mBuilding C object CMakeFiles/turtlesim__rosidl_typesupport_introspection_c.dir/rosidl_typesupport_introspection_c/turtlesim/srv/detail/kill__type_support.c.o[0m
[4.202s] [ 58%] [32mBuilding C object CMakeFiles/turtlesim__rosidl_typesupport_introspection_c.dir/rosidl_typesupport_introspection_c/turtlesim/srv/detail/set_pen__type_support.c.o[0m
[4.202s] [ 58%] [32mBuilding C object CMakeFiles/turtlesim__rosidl_typesupport_introspection_c.dir/rosidl_typesupport_introspection_c/turtlesim/srv/detail/spawn__type_support.c.o[0m
[4.203s] [ 59%] [32mBuilding CXX object CMakeFiles/turtlesim__rosidl_typesupport_fastrtps_c.dir/rosidl_typesupport_fastrtps_c/turtlesim/action/detail/rotate_absolute__type_support_c.cpp.o[0m
[4.258s] [ 60%] [32mBuilding CXX object CMakeFiles/turtlesim__rosidl_typesupport_fastrtps_c.dir/rosidl_typesupport_fastrtps_c/turtlesim/msg/detail/color__type_support_c.cpp.o[0m
[4.282s] [ 61%] [32mBuilding CXX object CMakeFiles/turtlesim__rosidl_typesupport_fastrtps_c.dir/rosidl_typesupport_fastrtps_c/turtlesim/msg/detail/pose__type_support_c.cpp.o[0m
[4.282s] [ 62%] [32mBuilding C object CMakeFiles/turtlesim__rosidl_typesupport_introspection_c.dir/rosidl_typesupport_introspection_c/turtlesim/srv/detail/teleport_absolute__type_support.c.o[0m
[4.294s] [ 64%] [32mBuilding CXX object CMakeFiles/turtle_teleop_key.dir/tutorials/teleop_turtle_key.cpp.o[0m
[4.294s] [ 64%] [32mBuilding C object CMakeFiles/turtlesim__rosidl_typesupport_introspection_c.dir/rosidl_typesupport_introspection_c/turtlesim/srv/detail/teleport_relative__type_support.c.o[0m
[4.304s] [ 65%] [32m[1mLinking CXX shared library libturtlesim__rosidl_typesupport_introspection_cpp.so[0m
[4.326s] [ 66%] [32mBuilding CXX object CMakeFiles/turtlesim_node.dir/src/turtlesim.cpp.o[0m
[4.350s] [ 67%] [32m[1mLinking C shared library libturtlesim__rosidl_typesupport_introspection_c.so[0m
[4.371s] [ 68%] [32mBuilding CXX object CMakeFiles/draw_square.dir/tutorials/draw_square.cpp.o[0m
[4.408s] [ 69%] Built target turtlesim__rosidl_typesupport_introspection_c
[4.408s] [ 69%] [32mBuilding CXX object CMakeFiles/turtlesim_node.dir/src/turtle.cpp.o[0m
[4.432s] [ 70%] [32mBuilding CXX object CMakeFiles/turtlesim_node.dir/src/turtle_frame.cpp.o[0m
[4.440s] [ 71%] [32mBuilding CXX object CMakeFiles/mimic.dir/tutorials/mimic.cpp.o[0m
[4.459s] [ 71%] Built target turtlesim__rosidl_typesupport_introspection_cpp
[4.475s] [ 72%] [32mBuilding CXX object CMakeFiles/turtlesim_node.dir/include/turtlesim/moc_turtle_frame.cpp.o[0m
[4.509s] [ 73%] [32mBuilding CXX object CMakeFiles/turtlesim__rosidl_typesupport_fastrtps_c.dir/rosidl_typesupport_fastrtps_c/turtlesim/srv/detail/kill__type_support_c.cpp.o[0m
[4.537s] [ 74%] [32mBuilding CXX object CMakeFiles/turtlesim__rosidl_typesupport_fastrtps_c.dir/rosidl_typesupport_fastrtps_c/turtlesim/srv/detail/set_pen__type_support_c.cpp.o[0m
[4.581s] [ 75%] [32mBuilding CXX object CMakeFiles/turtlesim__rosidl_typesupport_fastrtps_c.dir/rosidl_typesupport_fastrtps_c/turtlesim/srv/detail/teleport_absolute__type_support_c.cpp.o[0m
[4.586s] [ 76%] [32mBuilding CXX object CMakeFiles/turtlesim__rosidl_typesupport_fastrtps_c.dir/rosidl_typesupport_fastrtps_c/turtlesim/srv/detail/spawn__type_support_c.cpp.o[0m
[4.610s] [ 77%] [32mBuilding CXX object CMakeFiles/turtlesim__rosidl_typesupport_fastrtps_c.dir/rosidl_typesupport_fastrtps_c/turtlesim/srv/detail/teleport_relative__type_support_c.cpp.o[0m
[4.647s] [ 78%] [32m[1mLinking CXX shared library libturtlesim__rosidl_typesupport_fastrtps_cpp.so[0m
[4.785s] [ 78%] Built target turtlesim__rosidl_typesupport_fastrtps_cpp
[5.046s] [ 79%] [32m[1mLinking CXX shared library libturtlesim__rosidl_typesupport_fastrtps_c.so[0m
[5.130s] [ 79%] Built target turtlesim__rosidl_typesupport_fastrtps_c
[5.154s] [ 79%] Built target turtlesim
[5.177s] [ 80%] [34m[1mGenerating Python code for ROS interfaces[0m
[6.524s] [ 80%] Built target turtlesim__py
[6.548s] [ 85%] [32mBuilding C object CMakeFiles/turtlesim__rosidl_generator_py.dir/rosidl_generator_py/turtlesim/msg/_pose_s.c.o[0m
[6.548s] [ 85%] [32mBuilding C object CMakeFiles/turtlesim__rosidl_generator_py.dir/rosidl_generator_py/turtlesim/action/_rotate_absolute_s.c.o[0m
[6.549s] [ 85%] [32mBuilding C object CMakeFiles/turtlesim__rosidl_generator_py.dir/rosidl_generator_py/turtlesim/msg/_color_s.c.o[0m
[6.549s] [ 85%] [32mBuilding C object CMakeFiles/turtlesim__rosidl_generator_py.dir/rosidl_generator_py/turtlesim/srv/_set_pen_s.c.o[0m
[6.549s] [ 85%] [32mBuilding C object CMakeFiles/turtlesim__rosidl_generator_py.dir/rosidl_generator_py/turtlesim/srv/_kill_s.c.o[0m
[6.549s] [ 88%] [32mBuilding C object CMakeFiles/turtlesim__rosidl_generator_py.dir/rosidl_generator_py/turtlesim/srv/_teleport_absolute_s.c.o[0m
[6.549s] [ 88%] [32mBuilding C object CMakeFiles/turtlesim__rosidl_generator_py.dir/rosidl_generator_py/turtlesim/srv/_teleport_relative_s.c.o[0m
[6.549s] [ 88%] [32mBuilding C object CMakeFiles/turtlesim__rosidl_generator_py.dir/rosidl_generator_py/turtlesim/srv/_spawn_s.c.o[0m
[6.726s] [ 89%] [32m[1mLinking C shared library rosidl_generator_py/turtlesim/libturtlesim__rosidl_generator_py.so[0m
[6.778s] [ 89%] Built target turtlesim__rosidl_generator_py
[6.802s] [ 90%] [32mBuilding C object CMakeFiles/turtlesim__rosidl_typesupport_fastrtps_c__pyext.dir/rosidl_generator_py/turtlesim/_turtlesim_s.ep.rosidl_typesupport_fastrtps_c.c.o[0m
[6.808s] [ 92%] [32mBuilding C object CMakeFiles/turtlesim__rosidl_typesupport_c__pyext.dir/rosidl_generator_py/turtlesim/_turtlesim_s.ep.rosidl_typesupport_c.c.o[0m
[6.808s] [ 92%] [32mBuilding C object CMakeFiles/turtlesim__rosidl_typesupport_introspection_c__pyext.dir/rosidl_generator_py/turtlesim/_turtlesim_s.ep.rosidl_typesupport_introspection_c.c.o[0m
[6.980s] [ 93%] [32m[1mLinking C shared library rosidl_generator_py/turtlesim/turtlesim_s__rosidl_typesupport_introspection_c.cpython-310-x86_64-linux-gnu.so[0m
[7.021s] [ 94%] Built target turtlesim__rosidl_typesupport_introspection_c__pyext
[7.021s] [ 94%] [32m[1mLinking C shared library rosidl_generator_py/turtlesim/turtlesim_s__rosidl_typesupport_fastrtps_c.cpython-310-x86_64-linux-gnu.so[0m
[7.032s] [ 95%] [32m[1mLinking C shared library rosidl_generator_py/turtlesim/turtlesim_s__rosidl_typesupport_c.cpython-310-x86_64-linux-gnu.so[0m
[7.063s] [ 95%] Built target turtlesim__rosidl_typesupport_fastrtps_c__pyext
[7.087s] [ 95%] Built target turtlesim__rosidl_typesupport_c__pyext
[9.947s] [ 96%] [32m[1mLinking CXX executable turtle_teleop_key[0m
[10.178s] [ 96%] Built target turtle_teleop_key
[12.146s] [ 97%] [32m[1mLinking CXX executable mimic[0m
[12.486s] [ 97%] Built target mimic
[12.546s] [ 98%] [32m[1mLinking CXX executable draw_square[0m
[12.921s] [ 98%] Built target draw_square
[15.213s] [100%] [32m[1mLinking CXX executable turtlesim_node[0m
[16.890s] [100%] Built target turtlesim_node
[16.904s] Invoked command in '/home/sunny/catkin_ws/build/turtlesim' returned '0': CMAKE_PREFIX_PATH=${CMAKE_PREFIX_PATH}:/opt/ros/humble /usr/bin/cmake --build /home/sunny/catkin_ws/build/turtlesim -- -j16 -l16
[17.117s] Invoking command in '/home/sunny/catkin_ws/build/turtlesim': CMAKE_PREFIX_PATH=${CMAKE_PREFIX_PATH}:/opt/ros/humble /usr/bin/cmake --install /home/sunny/catkin_ws/build/turtlesim
[17.124s] -- Install configuration: ""
[17.124s] -- Installing: /home/sunny/catkin_ws/install/turtlesim/share/ament_index/resource_index/rosidl_interfaces/turtlesim
[17.124s] -- Installing: /home/sunny/catkin_ws/install/turtlesim/include/turtlesim/turtlesim
[17.124s] -- Installing: /home/sunny/catkin_ws/install/turtlesim/include/turtlesim/turtlesim/srv
[17.125s] -- Installing: /home/sunny/catkin_ws/install/turtlesim/include/turtlesim/turtlesim/srv/set_pen.h
[17.125s] -- Installing: /home/sunny/catkin_ws/install/turtlesim/include/turtlesim/turtlesim/srv/teleport_relative.h
[17.125s] -- Installing: /home/sunny/catkin_ws/install/turtlesim/include/turtlesim/turtlesim/srv/detail
[17.125s] -- Installing: /home/sunny/catkin_ws/install/turtlesim/include/turtlesim/turtlesim/srv/detail/spawn__functions.h
[17.125s] -- Installing: /home/sunny/catkin_ws/install/turtlesim/include/turtlesim/turtlesim/srv/detail/kill__type_support.h
[17.125s] -- Installing: /home/sunny/catkin_ws/install/turtlesim/include/turtlesim/turtlesim/srv/detail/teleport_absolute__struct.h
[17.125s] -- Installing: /home/sunny/catkin_ws/install/turtlesim/include/turtlesim/turtlesim/srv/detail/set_pen__functions.h
[17.125s] -- Installing: /home/sunny/catkin_ws/install/turtlesim/include/turtlesim/turtlesim/srv/detail/kill__struct.h
[17.125s] -- Installing: /home/sunny/catkin_ws/install/turtlesim/include/turtlesim/turtlesim/srv/detail/spawn__functions.c
[17.126s] -- Installing: /home/sunny/catkin_ws/install/turtlesim/include/turtlesim/turtlesim/srv/detail/kill__functions.c
[17.126s] -- Installing: /home/sunny/catkin_ws/install/turtlesim/include/turtlesim/turtlesim/srv/detail/teleport_relative__struct.h
[17.126s] -- Installing: /home/sunny/catkin_ws/install/turtlesim/include/turtlesim/turtlesim/srv/detail/spawn__type_support.h
[17.126s] -- Installing: /home/sunny/catkin_ws/install/turtlesim/include/turtlesim/turtlesim/srv/detail/teleport_absolute__type_support.h
[17.126s] -- Installing: /home/sunny/catkin_ws/install/turtlesim/include/turtlesim/turtlesim/srv/detail/set_pen__functions.c
[17.126s] -- Installing: /home/sunny/catkin_ws/install/turtlesim/include/turtlesim/turtlesim/srv/detail/teleport_relative__type_support.h
[17.126s] -- Installing: /home/sunny/catkin_ws/install/turtlesim/include/turtlesim/turtlesim/srv/detail/teleport_relative__functions.h
[17.126s] -- Installing: /home/sunny/catkin_ws/install/turtlesim/include/turtlesim/turtlesim/srv/detail/spawn__struct.h
[17.127s] -- Installing: /home/sunny/catkin_ws/install/turtlesim/include/turtlesim/turtlesim/srv/detail/teleport_relative__functions.c
[17.127s] -- Installing: /home/sunny/catkin_ws/install/turtlesim/include/turtlesim/turtlesim/srv/detail/set_pen__type_support.h
[17.127s] -- Installing: /home/sunny/catkin_ws/install/turtlesim/include/turtlesim/turtlesim/srv/detail/kill__functions.h
[17.127s] -- Installing: /home/sunny/catkin_ws/install/turtlesim/include/turtlesim/turtlesim/srv/detail/teleport_absolute__functions.h
[17.127s] -- Installing: /home/sunny/catkin_ws/install/turtlesim/include/turtlesim/turtlesim/srv/detail/teleport_absolute__functions.c
[17.127s] -- Installing: /home/sunny/catkin_ws/install/turtlesim/include/turtlesim/turtlesim/srv/detail/set_pen__struct.h
[17.127s] -- Installing: /home/sunny/catkin_ws/install/turtlesim/include/turtlesim/turtlesim/srv/spawn.h
[17.127s] -- Installing: /home/sunny/catkin_ws/install/turtlesim/include/turtlesim/turtlesim/srv/teleport_absolute.h
[17.127s] -- Installing: /home/sunny/catkin_ws/install/turtlesim/include/turtlesim/turtlesim/srv/kill.h
[17.128s] -- Installing: /home/sunny/catkin_ws/install/turtlesim/include/turtlesim/turtlesim/action
[17.128s] -- Installing: /home/sunny/catkin_ws/install/turtlesim/include/turtlesim/turtlesim/action/rotate_absolute.h
[17.128s] -- Installing: /home/sunny/catkin_ws/install/turtlesim/include/turtlesim/turtlesim/action/detail
[17.128s] -- Installing: /home/sunny/catkin_ws/install/turtlesim/include/turtlesim/turtlesim/action/detail/rotate_absolute__struct.h
[17.128s] -- Installing: /home/sunny/catkin_ws/install/turtlesim/include/turtlesim/turtlesim/action/detail/rotate_absolute__type_support.h
[17.128s] -- Installing: /home/sunny/catkin_ws/install/turtlesim/include/turtlesim/turtlesim/action/detail/rotate_absolute__functions.c
[17.128s] -- Installing: /home/sunny/catkin_ws/install/turtlesim/include/turtlesim/turtlesim/action/detail/rotate_absolute__functions.h
[17.128s] -- Installing: /home/sunny/catkin_ws/install/turtlesim/include/turtlesim/turtlesim/msg
[17.128s] -- Installing: /home/sunny/catkin_ws/install/turtlesim/include/turtlesim/turtlesim/msg/detail
[17.129s] -- Installing: /home/sunny/catkin_ws/install/turtlesim/include/turtlesim/turtlesim/msg/detail/color__struct.h
[17.129s] -- Installing: /home/sunny/catkin_ws/install/turtlesim/include/turtlesim/turtlesim/msg/detail/pose__struct.h
[17.129s] -- Installing: /home/sunny/catkin_ws/install/turtlesim/include/turtlesim/turtlesim/msg/detail/color__type_support.h
[17.129s] -- Installing: /home/sunny/catkin_ws/install/turtlesim/include/turtlesim/turtlesim/msg/detail/color__functions.h
[17.129s] -- Installing: /home/sunny/catkin_ws/install/turtlesim/include/turtlesim/turtlesim/msg/detail/color__functions.c
[17.129s] -- Installing: /home/sunny/catkin_ws/install/turtlesim/include/turtlesim/turtlesim/msg/detail/pose__functions.h
[17.129s] -- Installing: /home/sunny/catkin_ws/install/turtlesim/include/turtlesim/turtlesim/msg/detail/pose__functions.c
[17.129s] -- Installing: /home/sunny/catkin_ws/install/turtlesim/include/turtlesim/turtlesim/msg/detail/pose__type_support.h
[17.129s] -- Installing: /home/sunny/catkin_ws/install/turtlesim/include/turtlesim/turtlesim/msg/rosidl_generator_c__visibility_control.h
[17.130s] -- Installing: /home/sunny/catkin_ws/install/turtlesim/include/turtlesim/turtlesim/msg/pose.h
[17.130s] -- Installing: /home/sunny/catkin_ws/install/turtlesim/include/turtlesim/turtlesim/msg/color.h
[17.130s] -- Installing: /home/sunny/catkin_ws/install/turtlesim/share/turtlesim/environment/library_path.sh
[17.130s] -- Installing: /home/sunny/catkin_ws/install/turtlesim/share/turtlesim/environment/library_path.dsv
[17.130s] -- Installing: /home/sunny/catkin_ws/install/turtlesim/lib/libturtlesim__rosidl_generator_c.so
[17.131s] -- Set runtime path of "/home/sunny/catkin_ws/install/turtlesim/lib/libturtlesim__rosidl_generator_c.so" to ""
[17.131s] -- Up-to-date: /home/sunny/catkin_ws/install/turtlesim/include/turtlesim/turtlesim
[17.131s] -- Up-to-date: /home/sunny/catkin_ws/install/turtlesim/include/turtlesim/turtlesim/srv
[17.131s] -- Up-to-date: /home/sunny/catkin_ws/install/turtlesim/include/turtlesim/turtlesim/srv/detail
[17.131s] -- Installing: /home/sunny/catkin_ws/install/turtlesim/include/turtlesim/turtlesim/srv/detail/spawn__rosidl_typesupport_fastrtps_c.h
[17.131s] -- Installing: /home/sunny/catkin_ws/install/turtlesim/include/turtlesim/turtlesim/srv/detail/teleport_absolute__rosidl_typesupport_fastrtps_c.h
[17.131s] -- Installing: /home/sunny/catkin_ws/install/turtlesim/include/turtlesim/turtlesim/srv/detail/set_pen__rosidl_typesupport_fastrtps_c.h
[17.131s] -- Installing: /home/sunny/catkin_ws/install/turtlesim/include/turtlesim/turtlesim/srv/detail/teleport_relative__rosidl_typesupport_fastrtps_c.h
[17.131s] -- Installing: /home/sunny/catkin_ws/install/turtlesim/include/turtlesim/turtlesim/srv/detail/kill__rosidl_typesupport_fastrtps_c.h
[17.131s] -- Up-to-date: /home/sunny/catkin_ws/install/turtlesim/include/turtlesim/turtlesim/action
[17.132s] -- Up-to-date: /home/sunny/catkin_ws/install/turtlesim/include/turtlesim/turtlesim/action/detail
[17.132s] -- Installing: /home/sunny/catkin_ws/install/turtlesim/include/turtlesim/turtlesim/action/detail/rotate_absolute__rosidl_typesupport_fastrtps_c.h
[17.132s] -- Up-to-date: /home/sunny/catkin_ws/install/turtlesim/include/turtlesim/turtlesim/msg
[17.132s] -- Up-to-date: /home/sunny/catkin_ws/install/turtlesim/include/turtlesim/turtlesim/msg/detail
[17.132s] -- Installing: /home/sunny/catkin_ws/install/turtlesim/include/turtlesim/turtlesim/msg/detail/pose__rosidl_typesupport_fastrtps_c.h
[17.132s] -- Installing: /home/sunny/catkin_ws/install/turtlesim/include/turtlesim/turtlesim/msg/detail/color__rosidl_typesupport_fastrtps_c.h
[17.132s] -- Installing: /home/sunny/catkin_ws/install/turtlesim/include/turtlesim/turtlesim/msg/rosidl_typesupport_fastrtps_c__visibility_control.h
[17.132s] -- Installing: /home/sunny/catkin_ws/install/turtlesim/lib/libturtlesim__rosidl_typesupport_fastrtps_c.so
[17.133s] -- Set runtime path of "/home/sunny/catkin_ws/install/turtlesim/lib/libturtlesim__rosidl_typesupport_fastrtps_c.so" to ""
[17.133s] -- Up-to-date: /home/sunny/catkin_ws/install/turtlesim/include/turtlesim/turtlesim
[17.133s] -- Up-to-date: /home/sunny/catkin_ws/install/turtlesim/include/turtlesim/turtlesim/srv
[17.133s] -- Installing: /home/sunny/catkin_ws/install/turtlesim/include/turtlesim/turtlesim/srv/teleport_absolute.hpp
[17.133s] -- Up-to-date: /home/sunny/catkin_ws/install/turtlesim/include/turtlesim/turtlesim/srv/detail
[17.133s] -- Installing: /home/sunny/catkin_ws/install/turtlesim/include/turtlesim/turtlesim/srv/detail/teleport_relative__traits.hpp
[17.133s] -- Installing: /home/sunny/catkin_ws/install/turtlesim/include/turtlesim/turtlesim/srv/detail/set_pen__builder.hpp
[17.133s] -- Installing: /home/sunny/catkin_ws/install/turtlesim/include/turtlesim/turtlesim/srv/detail/kill__traits.hpp
[17.133s] -- Installing: /home/sunny/catkin_ws/install/turtlesim/include/turtlesim/turtlesim/srv/detail/kill__builder.hpp
[17.133s] -- Installing: /home/sunny/catkin_ws/install/turtlesim/include/turtlesim/turtlesim/srv/detail/set_pen__struct.hpp
[17.133s] -- Installing: /home/sunny/catkin_ws/install/turtlesim/include/turtlesim/turtlesim/srv/detail/teleport_absolute__builder.hpp
[17.134s] -- Installing: /home/sunny/catkin_ws/install/turtlesim/include/turtlesim/turtlesim/srv/detail/spawn__struct.hpp
[17.134s] -- Installing: /home/sunny/catkin_ws/install/turtlesim/include/turtlesim/turtlesim/srv/detail/teleport_absolute__traits.hpp
[17.134s] -- Installing: /home/sunny/catkin_ws/install/turtlesim/include/turtlesim/turtlesim/srv/detail/spawn__builder.hpp
[17.134s] -- Installing: /home/sunny/catkin_ws/install/turtlesim/include/turtlesim/turtlesim/srv/detail/set_pen__traits.hpp
[17.134s] -- Installing: /home/sunny/catkin_ws/install/turtlesim/include/turtlesim/turtlesim/srv/detail/kill__struct.hpp
[17.134s] -- Installing: /home/sunny/catkin_ws/install/turtlesim/include/turtlesim/turtlesim/srv/detail/teleport_relative__struct.hpp
[17.134s] -- Installing: /home/sunny/catkin_ws/install/turtlesim/include/turtlesim/turtlesim/srv/detail/teleport_absolute__struct.hpp
[17.134s] -- Installing: /home/sunny/catkin_ws/install/turtlesim/include/turtlesim/turtlesim/srv/detail/teleport_relative__builder.hpp
[17.135s] -- Installing: /home/sunny/catkin_ws/install/turtlesim/include/turtlesim/turtlesim/srv/detail/spawn__traits.hpp
[17.135s] -- Installing: /home/sunny/catkin_ws/install/turtlesim/include/turtlesim/turtlesim/srv/spawn.hpp
[17.135s] -- Installing: /home/sunny/catkin_ws/install/turtlesim/include/turtlesim/turtlesim/srv/kill.hpp
[17.135s] -- Installing: /home/sunny/catkin_ws/install/turtlesim/include/turtlesim/turtlesim/srv/set_pen.hpp
[17.135s] -- Installing: /home/sunny/catkin_ws/install/turtlesim/include/turtlesim/turtlesim/srv/teleport_relative.hpp
[17.135s] -- Up-to-date: /home/sunny/catkin_ws/install/turtlesim/include/turtlesim/turtlesim/action
[17.135s] -- Up-to-date: /home/sunny/catkin_ws/install/turtlesim/include/turtlesim/turtlesim/action/detail
[17.135s] -- Installing: /home/sunny/catkin_ws/install/turtlesim/include/turtlesim/turtlesim/action/detail/rotate_absolute__struct.hpp
[17.135s] -- Installing: /home/sunny/catkin_ws/install/turtlesim/include/turtlesim/turtlesim/action/detail/rotate_absolute__traits.hpp
[17.135s] -- Installing: /home/sunny/catkin_ws/install/turtlesim/include/turtlesim/turtlesim/action/detail/rotate_absolute__builder.hpp
[17.136s] -- Installing: /home/sunny/catkin_ws/install/turtlesim/include/turtlesim/turtlesim/action/rotate_absolute.hpp
[17.136s] -- Up-to-date: /home/sunny/catkin_ws/install/turtlesim/include/turtlesim/turtlesim/msg
[17.136s] -- Installing: /home/sunny/catkin_ws/install/turtlesim/include/turtlesim/turtlesim/msg/color.hpp
[17.136s] -- Installing: /home/sunny/catkin_ws/install/turtlesim/include/turtlesim/turtlesim/msg/pose.hpp
[17.136s] -- Up-to-date: /home/sunny/catkin_ws/install/turtlesim/include/turtlesim/turtlesim/msg/detail
[17.136s] -- Installing: /home/sunny/catkin_ws/install/turtlesim/include/turtlesim/turtlesim/msg/detail/color__traits.hpp
[17.136s] -- Installing: /home/sunny/catkin_ws/install/turtlesim/include/turtlesim/turtlesim/msg/detail/pose__traits.hpp
[17.136s] -- Installing: /home/sunny/catkin_ws/install/turtlesim/include/turtlesim/turtlesim/msg/detail/pose__struct.hpp
[17.136s] -- Installing: /home/sunny/catkin_ws/install/turtlesim/include/turtlesim/turtlesim/msg/detail/color__struct.hpp
[17.136s] -- Installing: /home/sunny/catkin_ws/install/turtlesim/include/turtlesim/turtlesim/msg/detail/color__builder.hpp
[17.137s] -- Installing: /home/sunny/catkin_ws/install/turtlesim/include/turtlesim/turtlesim/msg/detail/pose__builder.hpp
[17.137s] -- Up-to-date: /home/sunny/catkin_ws/install/turtlesim/include/turtlesim/turtlesim
[17.137s] -- Up-to-date: /home/sunny/catkin_ws/install/turtlesim/include/turtlesim/turtlesim/srv
[17.137s] -- Up-to-date: /home/sunny/catkin_ws/install/turtlesim/include/turtlesim/turtlesim/srv/detail
[17.137s] -- Installing: /home/sunny/catkin_ws/install/turtlesim/include/turtlesim/turtlesim/srv/detail/teleport_absolute__rosidl_typesupport_fastrtps_cpp.hpp
[17.137s] -- Installing: /home/sunny/catkin_ws/install/turtlesim/include/turtlesim/turtlesim/srv/detail/spawn__rosidl_typesupport_fastrtps_cpp.hpp
[17.137s] -- Installing: /home/sunny/catkin_ws/install/turtlesim/include/turtlesim/turtlesim/srv/detail/kill__rosidl_typesupport_fastrtps_cpp.hpp
[17.137s] -- Installing: /home/sunny/catkin_ws/install/turtlesim/include/turtlesim/turtlesim/srv/detail/set_pen__rosidl_typesupport_fastrtps_cpp.hpp
[17.137s] -- Installing: /home/sunny/catkin_ws/install/turtlesim/include/turtlesim/turtlesim/srv/detail/dds_fastrtps
[17.137s] -- Installing: /home/sunny/catkin_ws/install/turtlesim/include/turtlesim/turtlesim/srv/detail/teleport_relative__rosidl_typesupport_fastrtps_cpp.hpp
[17.138s] -- Up-to-date: /home/sunny/catkin_ws/install/turtlesim/include/turtlesim/turtlesim/action
[17.138s] -- Up-to-date: /home/sunny/catkin_ws/install/turtlesim/include/turtlesim/turtlesim/action/detail
[17.138s] -- Installing: /home/sunny/catkin_ws/install/turtlesim/include/turtlesim/turtlesim/action/detail/rotate_absolute__rosidl_typesupport_fastrtps_cpp.hpp
[17.138s] -- Installing: /home/sunny/catkin_ws/install/turtlesim/include/turtlesim/turtlesim/action/detail/dds_fastrtps
[17.138s] -- Up-to-date: /home/sunny/catkin_ws/install/turtlesim/include/turtlesim/turtlesim/msg
[17.138s] -- Up-to-date: /home/sunny/catkin_ws/install/turtlesim/include/turtlesim/turtlesim/msg/detail
[17.138s] -- Installing: /home/sunny/catkin_ws/install/turtlesim/include/turtlesim/turtlesim/msg/detail/pose__rosidl_typesupport_fastrtps_cpp.hpp
[17.138s] -- Installing: /home/sunny/catkin_ws/install/turtlesim/include/turtlesim/turtlesim/msg/detail/color__rosidl_typesupport_fastrtps_cpp.hpp
[17.138s] -- Installing: /home/sunny/catkin_ws/install/turtlesim/include/turtlesim/turtlesim/msg/detail/dds_fastrtps
[17.138s] -- Installing: /home/sunny/catkin_ws/install/turtlesim/include/turtlesim/turtlesim/msg/rosidl_typesupport_fastrtps_cpp__visibility_control.h
[17.139s] -- Installing: /home/sunny/catkin_ws/install/turtlesim/lib/libturtlesim__rosidl_typesupport_fastrtps_cpp.so
[17.139s] -- Set runtime path of "/home/sunny/catkin_ws/install/turtlesim/lib/libturtlesim__rosidl_typesupport_fastrtps_cpp.so" to ""
[17.139s] -- Up-to-date: /home/sunny/catkin_ws/install/turtlesim/include/turtlesim/turtlesim
[17.139s] -- Up-to-date: /home/sunny/catkin_ws/install/turtlesim/include/turtlesim/turtlesim/srv
[17.139s] -- Up-to-date: /home/sunny/catkin_ws/install/turtlesim/include/turtlesim/turtlesim/srv/detail
[17.139s] -- Installing: /home/sunny/catkin_ws/install/turtlesim/include/turtlesim/turtlesim/srv/detail/teleport_relative__type_support.c
[17.139s] -- Installing: /home/sunny/catkin_ws/install/turtlesim/include/turtlesim/turtlesim/srv/detail/spawn__type_support.c
[17.139s] -- Installing: /home/sunny/catkin_ws/install/turtlesim/include/turtlesim/turtlesim/srv/detail/spawn__rosidl_typesupport_introspection_c.h
[17.140s] -- Installing: /home/sunny/catkin_ws/install/turtlesim/include/turtlesim/turtlesim/srv/detail/teleport_absolute__rosidl_typesupport_introspection_c.h
[17.140s] -- Installing: /home/sunny/catkin_ws/install/turtlesim/include/turtlesim/turtlesim/srv/detail/teleport_absolute__type_support.c
[17.140s] -- Installing: /home/sunny/catkin_ws/install/turtlesim/include/turtlesim/turtlesim/srv/detail/teleport_relative__rosidl_typesupport_introspection_c.h
[17.140s] -- Installing: /home/sunny/catkin_ws/install/turtlesim/include/turtlesim/turtlesim/srv/detail/set_pen__rosidl_typesupport_introspection_c.h
[17.140s] -- Installing: /home/sunny/catkin_ws/install/turtlesim/include/turtlesim/turtlesim/srv/detail/kill__type_support.c
[17.140s] -- Installing: /home/sunny/catkin_ws/install/turtlesim/include/turtlesim/turtlesim/srv/detail/set_pen__type_support.c
[17.140s] -- Installing: /home/sunny/catkin_ws/install/turtlesim/include/turtlesim/turtlesim/srv/detail/kill__rosidl_typesupport_introspection_c.h
[17.140s] -- Up-to-date: /home/sunny/catkin_ws/install/turtlesim/include/turtlesim/turtlesim/action
[17.141s] -- Up-to-date: /home/sunny/catkin_ws/install/turtlesim/include/turtlesim/turtlesim/action/detail
[17.141s] -- Installing: /home/sunny/catkin_ws/install/turtlesim/include/turtlesim/turtlesim/action/detail/rotate_absolute__rosidl_typesupport_introspection_c.h
[17.141s] -- Installing: /home/sunny/catkin_ws/install/turtlesim/include/turtlesim/turtlesim/action/detail/rotate_absolute__type_support.c
[17.141s] -- Up-to-date: /home/sunny/catkin_ws/install/turtlesim/include/turtlesim/turtlesim/msg
[17.141s] -- Installing: /home/sunny/catkin_ws/install/turtlesim/include/turtlesim/turtlesim/msg/rosidl_typesupport_introspection_c__visibility_control.h
[17.141s] -- Up-to-date: /home/sunny/catkin_ws/install/turtlesim/include/turtlesim/turtlesim/msg/detail
[17.141s] -- Installing: /home/sunny/catkin_ws/install/turtlesim/include/turtlesim/turtlesim/msg/detail/pose__type_support.c
[17.141s] -- Installing: /home/sunny/catkin_ws/install/turtlesim/include/turtlesim/turtlesim/msg/detail/color__rosidl_typesupport_introspection_c.h
[17.141s] -- Installing: /home/sunny/catkin_ws/install/turtlesim/include/turtlesim/turtlesim/msg/detail/color__type_support.c
[17.141s] -- Installing: /home/sunny/catkin_ws/install/turtlesim/include/turtlesim/turtlesim/msg/detail/pose__rosidl_typesupport_introspection_c.h
[17.142s] -- Installing: /home/sunny/catkin_ws/install/turtlesim/lib/libturtlesim__rosidl_typesupport_introspection_c.so
[17.142s] -- Set runtime path of "/home/sunny/catkin_ws/install/turtlesim/lib/libturtlesim__rosidl_typesupport_introspection_c.so" to ""
[17.142s] -- Installing: /home/sunny/catkin_ws/install/turtlesim/lib/libturtlesim__rosidl_typesupport_c.so
[17.142s] -- Set runtime path of "/home/sunny/catkin_ws/install/turtlesim/lib/libturtlesim__rosidl_typesupport_c.so" to ""
[17.143s] -- Up-to-date: /home/sunny/catkin_ws/install/turtlesim/include/turtlesim/turtlesim
[17.143s] -- Up-to-date: /home/sunny/catkin_ws/install/turtlesim/include/turtlesim/turtlesim/srv
[17.143s] -- Up-to-date: /home/sunny/catkin_ws/install/turtlesim/include/turtlesim/turtlesim/srv/detail
[17.143s] -- Installing: /home/sunny/catkin_ws/install/turtlesim/include/turtlesim/turtlesim/srv/detail/set_pen__rosidl_typesupport_introspection_cpp.hpp
[17.143s] -- Installing: /home/sunny/catkin_ws/install/turtlesim/include/turtlesim/turtlesim/srv/detail/spawn__type_support.cpp
[17.143s] -- Installing: /home/sunny/catkin_ws/install/turtlesim/include/turtlesim/turtlesim/srv/detail/teleport_relative__type_support.cpp
[17.143s] -- Installing: /home/sunny/catkin_ws/install/turtlesim/include/turtlesim/turtlesim/srv/detail/teleport_absolute__rosidl_typesupport_introspection_cpp.hpp
[17.143s] -- Installing: /home/sunny/catkin_ws/install/turtlesim/include/turtlesim/turtlesim/srv/detail/set_pen__type_support.cpp
[17.143s] -- Installing: /home/sunny/catkin_ws/install/turtlesim/include/turtlesim/turtlesim/srv/detail/spawn__rosidl_typesupport_introspection_cpp.hpp
[17.143s] -- Installing: /home/sunny/catkin_ws/install/turtlesim/include/turtlesim/turtlesim/srv/detail/teleport_absolute__type_support.cpp
[17.144s] -- Installing: /home/sunny/catkin_ws/install/turtlesim/include/turtlesim/turtlesim/srv/detail/kill__type_support.cpp
[17.144s] -- Installing: /home/sunny/catkin_ws/install/turtlesim/include/turtlesim/turtlesim/srv/detail/teleport_relative__rosidl_typesupport_introspection_cpp.hpp
[17.144s] -- Installing: /home/sunny/catkin_ws/install/turtlesim/include/turtlesim/turtlesim/srv/detail/kill__rosidl_typesupport_introspection_cpp.hpp
[17.144s] -- Up-to-date: /home/sunny/catkin_ws/install/turtlesim/include/turtlesim/turtlesim/action
[17.144s] -- Up-to-date: /home/sunny/catkin_ws/install/turtlesim/include/turtlesim/turtlesim/action/detail
[17.144s] -- Installing: /home/sunny/catkin_ws/install/turtlesim/include/turtlesim/turtlesim/action/detail/rotate_absolute__type_support.cpp
[17.144s] -- Installing: /home/sunny/catkin_ws/install/turtlesim/include/turtlesim/turtlesim/action/detail/rotate_absolute__rosidl_typesupport_introspection_cpp.hpp
[17.144s] -- Up-to-date: /home/sunny/catkin_ws/install/turtlesim/include/turtlesim/turtlesim/msg
[17.144s] -- Up-to-date: /home/sunny/catkin_ws/install/turtlesim/include/turtlesim/turtlesim/msg/detail
[17.145s] -- Installing: /home/sunny/catkin_ws/install/turtlesim/include/turtlesim/turtlesim/msg/detail/color__type_support.cpp
[17.145s] -- Installing: /home/sunny/catkin_ws/install/turtlesim/include/turtlesim/turtlesim/msg/detail/pose__rosidl_typesupport_introspection_cpp.hpp
[17.145s] -- Installing: /home/sunny/catkin_ws/install/turtlesim/include/turtlesim/turtlesim/msg/detail/color__rosidl_typesupport_introspection_cpp.hpp
[17.145s] -- Installing: /home/sunny/catkin_ws/install/turtlesim/include/turtlesim/turtlesim/msg/detail/pose__type_support.cpp
[17.145s] -- Installing: /home/sunny/catkin_ws/install/turtlesim/lib/libturtlesim__rosidl_typesupport_introspection_cpp.so
[17.145s] -- Set runtime path of "/home/sunny/catkin_ws/install/turtlesim/lib/libturtlesim__rosidl_typesupport_introspection_cpp.so" to ""
[17.146s] -- Installing: /home/sunny/catkin_ws/install/turtlesim/lib/libturtlesim__rosidl_typesupport_cpp.so
[17.146s] -- Set runtime path of "/home/sunny/catkin_ws/install/turtlesim/lib/libturtlesim__rosidl_typesupport_cpp.so" to ""
[17.146s] -- Installing: /home/sunny/catkin_ws/install/turtlesim/share/turtlesim/environment/pythonpath.sh
[17.146s] -- Installing: /home/sunny/catkin_ws/install/turtlesim/share/turtlesim/environment/pythonpath.dsv
[17.146s] -- Installing: /home/sunny/catkin_ws/install/turtlesim/local/lib/python3.10/dist-packages/turtlesim-1.4.2-py3.10.egg-info
[17.147s] -- Installing: /home/sunny/catkin_ws/install/turtlesim/local/lib/python3.10/dist-packages/turtlesim-1.4.2-py3.10.egg-info/PKG-INFO
[17.147s] -- Installing: /home/sunny/catkin_ws/install/turtlesim/local/lib/python3.10/dist-packages/turtlesim-1.4.2-py3.10.egg-info/SOURCES.txt
[17.147s] -- Installing: /home/sunny/catkin_ws/install/turtlesim/local/lib/python3.10/dist-packages/turtlesim-1.4.2-py3.10.egg-info/top_level.txt
[17.147s] -- Installing: /home/sunny/catkin_ws/install/turtlesim/local/lib/python3.10/dist-packages/turtlesim-1.4.2-py3.10.egg-info/dependency_links.txt
[17.147s] -- Installing: /home/sunny/catkin_ws/install/turtlesim/local/lib/python3.10/dist-packages/turtlesim
[17.147s] -- Installing: /home/sunny/catkin_ws/install/turtlesim/local/lib/python3.10/dist-packages/turtlesim/__init__.py
[17.147s] -- Installing: /home/sunny/catkin_ws/install/turtlesim/local/lib/python3.10/dist-packages/turtlesim/srv
[17.147s] -- Installing: /home/sunny/catkin_ws/install/turtlesim/local/lib/python3.10/dist-packages/turtlesim/srv/__init__.py
[17.147s] -- Installing: /home/sunny/catkin_ws/install/turtlesim/local/lib/python3.10/dist-packages/turtlesim/srv/_teleport_absolute.py
[17.148s] -- Installing: /home/sunny/catkin_ws/install/turtlesim/local/lib/python3.10/dist-packages/turtlesim/srv/_set_pen_s.c
[17.148s] -- Installing: /home/sunny/catkin_ws/install/turtlesim/local/lib/python3.10/dist-packages/turtlesim/srv/_kill_s.c
[17.148s] -- Installing: /home/sunny/catkin_ws/install/turtlesim/local/lib/python3.10/dist-packages/turtlesim/srv/_teleport_absolute_s.c
[17.148s] -- Installing: /home/sunny/catkin_ws/install/turtlesim/local/lib/python3.10/dist-packages/turtlesim/srv/_teleport_relative_s.c
[17.148s] -- Installing: /home/sunny/catkin_ws/install/turtlesim/local/lib/python3.10/dist-packages/turtlesim/srv/_spawn.py
[17.148s] -- Installing: /home/sunny/catkin_ws/install/turtlesim/local/lib/python3.10/dist-packages/turtlesim/srv/_set_pen.py
[17.148s] -- Installing: /home/sunny/catkin_ws/install/turtlesim/local/lib/python3.10/dist-packages/turtlesim/srv/_spawn_s.c
[17.148s] -- Installing: /home/sunny/catkin_ws/install/turtlesim/local/lib/python3.10/dist-packages/turtlesim/srv/_kill.py
[17.149s] -- Installing: /home/sunny/catkin_ws/install/turtlesim/local/lib/python3.10/dist-packages/turtlesim/srv/_teleport_relative.py
[17.149s] -- Installing: /home/sunny/catkin_ws/install/turtlesim/local/lib/python3.10/dist-packages/turtlesim/_turtlesim_s.ep.rosidl_typesupport_introspection_c.c
[17.149s] -- Installing: /home/sunny/catkin_ws/install/turtlesim/local/lib/python3.10/dist-packages/turtlesim/turtlesim_s__rosidl_typesupport_introspection_c.cpython-310-x86_64-linux-gnu.so
[17.149s] -- Installing: /home/sunny/catkin_ws/install/turtlesim/local/lib/python3.10/dist-packages/turtlesim/action
[17.149s] -- Installing: /home/sunny/catkin_ws/install/turtlesim/local/lib/python3.10/dist-packages/turtlesim/action/__init__.py
[17.149s] -- Installing: /home/sunny/catkin_ws/install/turtlesim/local/lib/python3.10/dist-packages/turtlesim/action/_rotate_absolute.py
[17.150s] -- Installing: /home/sunny/catkin_ws/install/turtlesim/local/lib/python3.10/dist-packages/turtlesim/action/_rotate_absolute_s.c
[17.150s] -- Installing: /home/sunny/catkin_ws/install/turtlesim/local/lib/python3.10/dist-packages/turtlesim/turtlesim_s__rosidl_typesupport_c.cpython-310-x86_64-linux-gnu.so
[17.150s] -- Installing: /home/sunny/catkin_ws/install/turtlesim/local/lib/python3.10/dist-packages/turtlesim/msg
[17.150s] -- Installing: /home/sunny/catkin_ws/install/turtlesim/local/lib/python3.10/dist-packages/turtlesim/msg/__init__.py
[17.150s] -- Installing: /home/sunny/catkin_ws/install/turtlesim/local/lib/python3.10/dist-packages/turtlesim/msg/_pose_s.c
[17.150s] -- Installing: /home/sunny/catkin_ws/install/turtlesim/local/lib/python3.10/dist-packages/turtlesim/msg/_color_s.c
[17.150s] -- Installing: /home/sunny/catkin_ws/install/turtlesim/local/lib/python3.10/dist-packages/turtlesim/msg/_pose.py
[17.150s] -- Installing: /home/sunny/catkin_ws/install/turtlesim/local/lib/python3.10/dist-packages/turtlesim/msg/_color.py
[17.151s] -- Installing: /home/sunny/catkin_ws/install/turtlesim/local/lib/python3.10/dist-packages/turtlesim/_turtlesim_s.ep.rosidl_typesupport_fastrtps_c.c
[17.151s] -- Installing: /home/sunny/catkin_ws/install/turtlesim/local/lib/python3.10/dist-packages/turtlesim/_turtlesim_s.ep.rosidl_typesupport_c.c
[17.151s] -- Installing: /home/sunny/catkin_ws/install/turtlesim/local/lib/python3.10/dist-packages/turtlesim/libturtlesim__rosidl_generator_py.so
[17.151s] -- Installing: /home/sunny/catkin_ws/install/turtlesim/local/lib/python3.10/dist-packages/turtlesim/turtlesim_s__rosidl_typesupport_fastrtps_c.cpython-310-x86_64-linux-gnu.so
[17.190s] Listing '/home/sunny/catkin_ws/install/turtlesim/local/lib/python3.10/dist-packages/turtlesim'...
[17.190s] Compiling '/home/sunny/catkin_ws/install/turtlesim/local/lib/python3.10/dist-packages/turtlesim/__init__.py'...
[17.190s] Listing '/home/sunny/catkin_ws/install/turtlesim/local/lib/python3.10/dist-packages/turtlesim/action'...
[17.190s] Compiling '/home/sunny/catkin_ws/install/turtlesim/local/lib/python3.10/dist-packages/turtlesim/action/__init__.py'...
[17.190s] Compiling '/home/sunny/catkin_ws/install/turtlesim/local/lib/python3.10/dist-packages/turtlesim/action/_rotate_absolute.py'...
[17.190s] Listing '/home/sunny/catkin_ws/install/turtlesim/local/lib/python3.10/dist-packages/turtlesim/msg'...
[17.190s] Compiling '/home/sunny/catkin_ws/install/turtlesim/local/lib/python3.10/dist-packages/turtlesim/msg/__init__.py'...
[17.190s] Compiling '/home/sunny/catkin_ws/install/turtlesim/local/lib/python3.10/dist-packages/turtlesim/msg/_color.py'...
[17.190s] Compiling '/home/sunny/catkin_ws/install/turtlesim/local/lib/python3.10/dist-packages/turtlesim/msg/_pose.py'...
[17.190s] Listing '/home/sunny/catkin_ws/install/turtlesim/local/lib/python3.10/dist-packages/turtlesim/srv'...
[17.190s] Compiling '/home/sunny/catkin_ws/install/turtlesim/local/lib/python3.10/dist-packages/turtlesim/srv/__init__.py'...
[17.190s] Compiling '/home/sunny/catkin_ws/install/turtlesim/local/lib/python3.10/dist-packages/turtlesim/srv/_kill.py'...
[17.190s] Compiling '/home/sunny/catkin_ws/install/turtlesim/local/lib/python3.10/dist-packages/turtlesim/srv/_set_pen.py'...
[17.191s] Compiling '/home/sunny/catkin_ws/install/turtlesim/local/lib/python3.10/dist-packages/turtlesim/srv/_spawn.py'...
[17.191s] Compiling '/home/sunny/catkin_ws/install/turtlesim/local/lib/python3.10/dist-packages/turtlesim/srv/_teleport_absolute.py'...
[17.191s] Compiling '/home/sunny/catkin_ws/install/turtlesim/local/lib/python3.10/dist-packages/turtlesim/srv/_teleport_relative.py'...
[17.194s] -- Installing: /home/sunny/catkin_ws/install/turtlesim/local/lib/python3.10/dist-packages/turtlesim/turtlesim_s__rosidl_typesupport_fastrtps_c.cpython-310-x86_64-linux-gnu.so
[17.195s] -- Set runtime path of "/home/sunny/catkin_ws/install/turtlesim/local/lib/python3.10/dist-packages/turtlesim/turtlesim_s__rosidl_typesupport_fastrtps_c.cpython-310-x86_64-linux-gnu.so" to ""
[17.195s] -- Installing: /home/sunny/catkin_ws/install/turtlesim/local/lib/python3.10/dist-packages/turtlesim/turtlesim_s__rosidl_typesupport_introspection_c.cpython-310-x86_64-linux-gnu.so
[17.195s] -- Set runtime path of "/home/sunny/catkin_ws/install/turtlesim/local/lib/python3.10/dist-packages/turtlesim/turtlesim_s__rosidl_typesupport_introspection_c.cpython-310-x86_64-linux-gnu.so" to ""
[17.195s] -- Installing: /home/sunny/catkin_ws/install/turtlesim/local/lib/python3.10/dist-packages/turtlesim/turtlesim_s__rosidl_typesupport_c.cpython-310-x86_64-linux-gnu.so
[17.196s] -- Set runtime path of "/home/sunny/catkin_ws/install/turtlesim/local/lib/python3.10/dist-packages/turtlesim/turtlesim_s__rosidl_typesupport_c.cpython-310-x86_64-linux-gnu.so" to ""
[17.196s] -- Installing: /home/sunny/catkin_ws/install/turtlesim/lib/libturtlesim__rosidl_generator_py.so
[17.196s] -- Set runtime path of "/home/sunny/catkin_ws/install/turtlesim/lib/libturtlesim__rosidl_generator_py.so" to ""
[17.196s] -- Installing: /home/sunny/catkin_ws/install/turtlesim/share/turtlesim/action/RotateAbsolute.idl
[17.197s] -- Installing: /home/sunny/catkin_ws/install/turtlesim/share/turtlesim/msg/Color.idl
[17.197s] -- Installing: /home/sunny/catkin_ws/install/turtlesim/share/turtlesim/msg/Pose.idl
[17.197s] -- Installing: /home/sunny/catkin_ws/install/turtlesim/share/turtlesim/srv/Kill.idl
[17.197s] -- Installing: /home/sunny/catkin_ws/install/turtlesim/share/turtlesim/srv/SetPen.idl
[17.197s] -- Installing: /home/sunny/catkin_ws/install/turtlesim/share/turtlesim/srv/Spawn.idl
[17.197s] -- Installing: /home/sunny/catkin_ws/install/turtlesim/share/turtlesim/srv/TeleportAbsolute.idl
[17.197s] -- Installing: /home/sunny/catkin_ws/install/turtlesim/share/turtlesim/srv/TeleportRelative.idl
[17.198s] -- Installing: /home/sunny/catkin_ws/install/turtlesim/share/turtlesim/action/RotateAbsolute.action
[17.198s] -- Installing: /home/sunny/catkin_ws/install/turtlesim/share/turtlesim/msg/Color.msg
[17.198s] -- Installing: /home/sunny/catkin_ws/install/turtlesim/share/turtlesim/msg/Pose.msg
[17.198s] -- Installing: /home/sunny/catkin_ws/install/turtlesim/share/turtlesim/srv/Kill.srv
[17.198s] -- Installing: /home/sunny/catkin_ws/install/turtlesim/share/turtlesim/srv/Kill_Request.msg
[17.198s] -- Installing: /home/sunny/catkin_ws/install/turtlesim/share/turtlesim/srv/Kill_Response.msg
[17.198s] -- Installing: /home/sunny/catkin_ws/install/turtlesim/share/turtlesim/srv/SetPen.srv
[17.199s] -- Installing: /home/sunny/catkin_ws/install/turtlesim/share/turtlesim/srv/SetPen_Request.msg
[17.199s] -- Installing: /home/sunny/catkin_ws/install/turtlesim/share/turtlesim/srv/SetPen_Response.msg
[17.199s] -- Installing: /home/sunny/catkin_ws/install/turtlesim/share/turtlesim/srv/Spawn.srv
[17.199s] -- Installing: /home/sunny/catkin_ws/install/turtlesim/share/turtlesim/srv/Spawn_Request.msg
[17.199s] -- Installing: /home/sunny/catkin_ws/install/turtlesim/share/turtlesim/srv/Spawn_Response.msg
[17.199s] -- Installing: /home/sunny/catkin_ws/install/turtlesim/share/turtlesim/srv/TeleportAbsolute.srv
[17.199s] -- Installing: /home/sunny/catkin_ws/install/turtlesim/share/turtlesim/srv/TeleportAbsolute_Request.msg
[17.199s] -- Installing: /home/sunny/catkin_ws/install/turtlesim/share/turtlesim/srv/TeleportAbsolute_Response.msg
[17.200s] -- Installing: /home/sunny/catkin_ws/install/turtlesim/share/turtlesim/srv/TeleportRelative.srv
[17.200s] -- Installing: /home/sunny/catkin_ws/install/turtlesim/share/turtlesim/srv/TeleportRelative_Request.msg
[17.200s] -- Installing: /home/sunny/catkin_ws/install/turtlesim/share/turtlesim/srv/TeleportRelative_Response.msg
[17.200s] -- Installing: /home/sunny/catkin_ws/install/turtlesim/lib/turtlesim/turtlesim_node
[17.214s] -- Set runtime path of "/home/sunny/catkin_ws/install/turtlesim/lib/turtlesim/turtlesim_node" to ""
[17.214s] -- Installing: /home/sunny/catkin_ws/install/turtlesim/lib/turtlesim/turtle_teleop_key
[17.217s] -- Set runtime path of "/home/sunny/catkin_ws/install/turtlesim/lib/turtlesim/turtle_teleop_key" to ""
[17.217s] -- Installing: /home/sunny/catkin_ws/install/turtlesim/lib/turtlesim/draw_square
[17.224s] -- Set runtime path of "/home/sunny/catkin_ws/install/turtlesim/lib/turtlesim/draw_square" to ""
[17.224s] -- Installing: /home/sunny/catkin_ws/install/turtlesim/lib/turtlesim/mimic
[17.230s] -- Set runtime path of "/home/sunny/catkin_ws/install/turtlesim/lib/turtlesim/mimic" to ""
[17.230s] -- Installing: /home/sunny/catkin_ws/install/turtlesim/share/turtlesim/images
[17.230s] -- Installing: /home/sunny/catkin_ws/install/turtlesim/share/turtlesim/images/humble.png
[17.230s] -- Installing: /home/sunny/catkin_ws/install/turtlesim/share/turtlesim/images/crystal.png
[17.230s] -- Installing: /home/sunny/catkin_ws/install/turtlesim/share/turtlesim/images/rolling.png
[17.230s] -- Installing: /home/sunny/catkin_ws/install/turtlesim/share/turtlesim/images/dashing.png
[17.230s] -- Installing: /home/sunny/catkin_ws/install/turtlesim/share/turtlesim/images/bouncy.png
[17.230s] -- Installing: /home/sunny/catkin_ws/install/turtlesim/share/turtlesim/images/galactic.png
[17.231s] -- Installing: /home/sunny/catkin_ws/install/turtlesim/share/turtlesim/images/eloquent.png
[17.231s] -- Installing: /home/sunny/catkin_ws/install/turtlesim/share/turtlesim/images/foxy.png
[17.231s] -- Installing: /home/sunny/catkin_ws/install/turtlesim/share/turtlesim/images/ardent.png
[17.231s] -- Installing: /home/sunny/catkin_ws/install/turtlesim/share/turtlesim/launch
[17.231s] -- Installing: /home/sunny/catkin_ws/install/turtlesim/share/turtlesim/launch/multisim.launch.py
[17.231s] -- Installing: /home/sunny/catkin_ws/install/turtlesim/share/ament_index/resource_index/package_run_dependencies/turtlesim
[17.231s] -- Installing: /home/sunny/catkin_ws/install/turtlesim/share/ament_index/resource_index/parent_prefix_path/turtlesim
[17.231s] -- Installing: /home/sunny/catkin_ws/install/turtlesim/share/turtlesim/environment/ament_prefix_path.sh
[17.231s] -- Installing: /home/sunny/catkin_ws/install/turtlesim/share/turtlesim/environment/ament_prefix_path.dsv
[17.232s] -- Installing: /home/sunny/catkin_ws/install/turtlesim/share/turtlesim/environment/path.sh
[17.232s] -- Installing: /home/sunny/catkin_ws/install/turtlesim/share/turtlesim/environment/path.dsv
[17.232s] -- Installing: /home/sunny/catkin_ws/install/turtlesim/share/turtlesim/local_setup.bash
[17.232s] -- Installing: /home/sunny/catkin_ws/install/turtlesim/share/turtlesim/local_setup.sh
[17.232s] -- Installing: /home/sunny/catkin_ws/install/turtlesim/share/turtlesim/local_setup.zsh
[17.232s] -- Installing: /home/sunny/catkin_ws/install/turtlesim/share/turtlesim/local_setup.dsv
[17.232s] -- Installing: /home/sunny/catkin_ws/install/turtlesim/share/turtlesim/package.dsv
[17.233s] -- Installing: /home/sunny/catkin_ws/install/turtlesim/share/ament_index/resource_index/packages/turtlesim
[17.233s] -- Installing: /home/sunny/catkin_ws/install/turtlesim/share/turtlesim/cmake/export_turtlesim__rosidl_generator_cExport.cmake
[17.233s] -- Installing: /home/sunny/catkin_ws/install/turtlesim/share/turtlesim/cmake/export_turtlesim__rosidl_generator_cExport-noconfig.cmake
[17.233s] -- Installing: /home/sunny/catkin_ws/install/turtlesim/share/turtlesim/cmake/export_turtlesim__rosidl_typesupport_fastrtps_cExport.cmake
[17.233s] -- Installing: /home/sunny/catkin_ws/install/turtlesim/share/turtlesim/cmake/export_turtlesim__rosidl_typesupport_fastrtps_cExport-noconfig.cmake
[17.233s] -- Installing: /home/sunny/catkin_ws/install/turtlesim/share/turtlesim/cmake/export_turtlesim__rosidl_generator_cppExport.cmake
[17.234s] -- Installing: /home/sunny/catkin_ws/install/turtlesim/share/turtlesim/cmake/export_turtlesim__rosidl_typesupport_fastrtps_cppExport.cmake
[17.234s] -- Installing: /home/sunny/catkin_ws/install/turtlesim/share/turtlesim/cmake/export_turtlesim__rosidl_typesupport_fastrtps_cppExport-noconfig.cmake
[17.234s] -- Installing: /home/sunny/catkin_ws/install/turtlesim/share/turtlesim/cmake/turtlesim__rosidl_typesupport_introspection_cExport.cmake
[17.234s] -- Installing: /home/sunny/catkin_ws/install/turtlesim/share/turtlesim/cmake/turtlesim__rosidl_typesupport_introspection_cExport-noconfig.cmake
[17.234s] -- Installing: /home/sunny/catkin_ws/install/turtlesim/share/turtlesim/cmake/turtlesim__rosidl_typesupport_cExport.cmake
[17.234s] -- Installing: /home/sunny/catkin_ws/install/turtlesim/share/turtlesim/cmake/turtlesim__rosidl_typesupport_cExport-noconfig.cmake
[17.234s] -- Installing: /home/sunny/catkin_ws/install/turtlesim/share/turtlesim/cmake/turtlesim__rosidl_typesupport_introspection_cppExport.cmake
[17.235s] -- Installing: /home/sunny/catkin_ws/install/turtlesim/share/turtlesim/cmake/turtlesim__rosidl_typesupport_introspection_cppExport-noconfig.cmake
[17.235s] -- Installing: /home/sunny/catkin_ws/install/turtlesim/share/turtlesim/cmake/turtlesim__rosidl_typesupport_cppExport.cmake
[17.235s] -- Installing: /home/sunny/catkin_ws/install/turtlesim/share/turtlesim/cmake/turtlesim__rosidl_typesupport_cppExport-noconfig.cmake
[17.235s] -- Installing: /home/sunny/catkin_ws/install/turtlesim/share/turtlesim/cmake/export_turtlesim__rosidl_generator_pyExport.cmake
[17.235s] -- Installing: /home/sunny/catkin_ws/install/turtlesim/share/turtlesim/cmake/export_turtlesim__rosidl_generator_pyExport-noconfig.cmake
[17.235s] -- Installing: /home/sunny/catkin_ws/install/turtlesim/share/turtlesim/cmake/rosidl_cmake-extras.cmake
[17.235s] -- Installing: /home/sunny/catkin_ws/install/turtlesim/share/turtlesim/cmake/ament_cmake_export_dependencies-extras.cmake
[17.236s] -- Installing: /home/sunny/catkin_ws/install/turtlesim/share/turtlesim/cmake/ament_cmake_export_include_directories-extras.cmake
[17.236s] -- Installing: /home/sunny/catkin_ws/install/turtlesim/share/turtlesim/cmake/ament_cmake_export_libraries-extras.cmake
[17.236s] -- Installing: /home/sunny/catkin_ws/install/turtlesim/share/turtlesim/cmake/ament_cmake_export_targets-extras.cmake
[17.236s] -- Installing: /home/sunny/catkin_ws/install/turtlesim/share/turtlesim/cmake/rosidl_cmake_export_typesupport_targets-extras.cmake
[17.236s] -- Installing: /home/sunny/catkin_ws/install/turtlesim/share/turtlesim/cmake/rosidl_cmake_export_typesupport_libraries-extras.cmake
[17.236s] -- Installing: /home/sunny/catkin_ws/install/turtlesim/share/turtlesim/cmake/turtlesimConfig.cmake
[17.236s] -- Installing: /home/sunny/catkin_ws/install/turtlesim/share/turtlesim/cmake/turtlesimConfig-version.cmake
[17.237s] -- Installing: /home/sunny/catkin_ws/install/turtlesim/share/turtlesim/package.xml
[17.239s] Invoked command in '/home/sunny/catkin_ws/build/turtlesim' returned '0': CMAKE_PREFIX_PATH=${CMAKE_PREFIX_PATH}:/opt/ros/humble /usr/bin/cmake --install /home/sunny/catkin_ws/build/turtlesim
