[0.797s] Invoking command in '/home/sunny/catkin_ws/build/uuv_world_ros_plugins': CMAKE_PREFIX_PATH=${CMAKE_PREFIX_PATH}:/home/sunny/catkin_ws/install/beluga_adapter:/opt/ros/humble LD_LIBRARY_PATH=/home/sunny/catkin_ws/install/uuv_world_ros_plugins_msgs/lib:/home/sunny/catkin_ws/install/uuv_world_plugins/lib:/home/sunny/catkin_ws/install/uuv_thruster_manager/lib:/home/sunny/catkin_ws/install/uuv_sensor_ros_plugins_msgs/lib:/home/sunny/catkin_ws/install/uuv_gazebo_ros_plugins_msgs/lib:/home/sunny/catkin_ws/install/uuv_gazebo_plugins/lib:/home/sunny/catkin_ws/install/uuv_control_msgs/lib:/home/sunny/catkin_ws/install/uuv_auv_control_allocator/lib:/home/sunny/catkin_ws/install/turtlesim/lib:/home/sunny/catkin_ws/install/common_msgs/lib:/opt/ros/humble/opt/rviz_ogre_vendor/lib:/opt/ros/humble/lib/x86_64-linux-gnu:/opt/ros/humble/lib:/usr/lib/x86_64-linux-gnu/gazebo-11/plugins /usr/bin/cmake --build /home/sunny/catkin_ws/build/uuv_world_ros_plugins -- -j16 -l16
[0.823s] -- Found uuv_world_plugins: 0.6.1 (/home/sunny/catkin_ws/install/uuv_world_plugins/share/uuv_world_plugins/cmake)
[1.212s] -- Found DART: /usr/include (Required is at least version "6.6") found components: dart 
[1.361s] -- Found Protobuf: /usr/lib/x86_64-linux-gnu/libprotobuf.so (found version "3.12.4") 
[1.365s] -- Looking for ignition-math6 -- found version 6.15.0
[1.380s] -- Searching for dependencies of ignition-math6
[1.381s] -- Looking for OGRE...
[1.409s] -- Found Ogre Ghadamon (1.9.0)
[1.410s] -- Found OGRE: optimized;/usr/lib/x86_64-linux-gnu/libOgreMain.so;debug;/usr/lib/x86_64-linux-gnu/libOgreMain.so
[1.422s] -- Looking for OGRE_Paging...
[1.423s] -- Found OGRE_Paging: optimized;/usr/lib/x86_64-linux-gnu/libOgrePaging.so;debug;/usr/lib/x86_64-linux-gnu/libOgrePaging.so
[1.423s] -- Looking for OGRE_Terrain...
[1.423s] -- Found OGRE_Terrain: optimized;/usr/lib/x86_64-linux-gnu/libOgreTerrain.so;debug;/usr/lib/x86_64-linux-gnu/libOgreTerrain.so
[1.427s] -- Looking for OGRE_Property...
[1.428s] -- Found OGRE_Property: optimized;/usr/lib/x86_64-linux-gnu/libOgreProperty.so;debug;/usr/lib/x86_64-linux-gnu/libOgreProperty.so
[1.428s] -- Looking for OGRE_RTShaderSystem...
[1.428s] -- Found OGRE_RTShaderSystem: optimized;/usr/lib/x86_64-linux-gnu/libOgreRTShaderSystem.so;debug;/usr/lib/x86_64-linux-gnu/libOgreRTShaderSystem.so
[1.428s] -- Looking for OGRE_Volume...
[1.428s] -- Found OGRE_Volume: optimized;/usr/lib/x86_64-linux-gnu/libOgreVolume.so;debug;/usr/lib/x86_64-linux-gnu/libOgreVolume.so
[1.428s] -- Looking for OGRE_Overlay...
[1.428s] -- Found OGRE_Overlay: optimized;/usr/lib/x86_64-linux-gnu/libOgreOverlay.so;debug;/usr/lib/x86_64-linux-gnu/libOgreOverlay.so
[2.347s] -- Looking for ignition-math6 -- found version 6.15.0
[2.347s] -- Looking for ignition-transport8 -- found version 8.2.1
[2.348s] -- Searching for dependencies of ignition-transport8
[2.430s] -- Found Protobuf: /usr/lib/x86_64-linux-gnu/libprotobuf.so (found suitable version "3.12.4", minimum required is "3") 
[2.473s] -- Config-file not installed for ZeroMQ -- checking for pkg-config
[2.495s] -- Checking for module 'libzmq >= 4'
[2.657s] --   Found libzmq , version 4.3.4
[3.097s] -- Checking for module 'uuid'
[3.158s] --   Found uuid, version 2.37.2
[3.369s] -- Looking for ignition-msgs5 -- found version 5.8.1
[3.371s] -- Searching for dependencies of ignition-msgs5
[3.444s] -- Looking for ignition-math6 -- found version 6.15.0
[3.460s] -- Checking for module 'tinyxml2'
[3.604s] --   Found tinyxml2, version 9.0.0
[3.859s] -- Looking for ignition-msgs5 -- found version 5.8.1
[3.859s] -- Looking for ignition-common3 -- found version 3.14.0
[3.861s] -- Searching for dependencies of ignition-common3
[3.861s] -- Looking for dlfcn.h - found
[3.861s] -- Looking for libdl - found
[3.920s] -- Searching for <ignition-common3> component [graphics]
[3.920s] -- Looking for ignition-common3-graphics -- found version 3.14.0
[3.921s] -- Searching for dependencies of ignition-common3-graphics
[3.921s] -- Looking for ignition-math6 -- found version 6.15.0
[3.921s] -- Looking for ignition-fuel_tools4 -- found version 4.4.0
[3.921s] -- Searching for dependencies of ignition-fuel_tools4
[4.030s] -- Checking for module 'jsoncpp'
[4.145s] --   Found jsoncpp, version 1.9.5
[4.446s] -- Checking for module 'libzip'
[4.597s] --   Found libzip, version 1.7.3
[4.936s] -- Looking for ignition-common3 -- found version 3.14.0
[4.937s] -- Looking for ignition-math6 -- found version 6.15.0
[4.937s] -- Looking for ignition-msgs5 -- found version 5.8.1
[4.939s] -- Gazebo version: 11.10
[5.022s] -- Found rosidl_generator_c: 3.1.5 (/opt/ros/humble/share/rosidl_generator_c/cmake)
[5.026s] -- Found rosidl_adapter: 3.1.5 (/opt/ros/humble/share/rosidl_adapter/cmake)
[5.037s] -- Found rosidl_generator_cpp: 3.1.5 (/opt/ros/humble/share/rosidl_generator_cpp/cmake)
[5.069s] -- Using all available rosidl_typesupport_c: rosidl_typesupport_fastrtps_c;rosidl_typesupport_introspection_c
[5.126s] -- Using all available rosidl_typesupport_cpp: rosidl_typesupport_fastrtps_cpp;rosidl_typesupport_introspection_cpp
[6.018s] -- Found uuv_world_ros_plugins_msgs: 0.6.1 (/home/sunny/catkin_ws/install/uuv_world_ros_plugins_msgs/share/uuv_world_ros_plugins_msgs/cmake)
[6.089s] -- Found gazebo_ros: 3.7.0 (/opt/ros/humble/share/gazebo_ros/cmake)
[6.162s] -- Found rmw_implementation_cmake: 6.1.1 (/opt/ros/humble/share/rmw_implementation_cmake/cmake)
[6.165s] -- Found rmw_fastrtps_cpp: 6.2.5 (/opt/ros/humble/share/rmw_fastrtps_cpp/cmake)
[6.491s] -- Using RMW implementation 'rmw_fastrtps_cpp' as default
[6.850s] [31mCMake Error at CMakeLists.txt:34 (target_include_directories):
[6.851s]   target_include_directories called with incorrect number of arguments
[6.852s] 
[6.852s] [0m
[7.153s] -- Configuring incomplete, errors occurred!
[7.153s] See also "/home/sunny/catkin_ws/build/uuv_world_ros_plugins/CMakeFiles/CMakeOutput.log".
[7.185s] gmake: *** [Makefile:308: cmake_check_build_system] Error 1
[7.294s] Invoked command in '/home/sunny/catkin_ws/build/uuv_world_ros_plugins' returned '2': CMAKE_PREFIX_PATH=${CMAKE_PREFIX_PATH}:/home/sunny/catkin_ws/install/beluga_adapter:/opt/ros/humble LD_LIBRARY_PATH=/home/sunny/catkin_ws/install/uuv_world_ros_plugins_msgs/lib:/home/sunny/catkin_ws/install/uuv_world_plugins/lib:/home/sunny/catkin_ws/install/uuv_thruster_manager/lib:/home/sunny/catkin_ws/install/uuv_sensor_ros_plugins_msgs/lib:/home/sunny/catkin_ws/install/uuv_gazebo_ros_plugins_msgs/lib:/home/sunny/catkin_ws/install/uuv_gazebo_plugins/lib:/home/sunny/catkin_ws/install/uuv_control_msgs/lib:/home/sunny/catkin_ws/install/uuv_auv_control_allocator/lib:/home/sunny/catkin_ws/install/turtlesim/lib:/home/sunny/catkin_ws/install/common_msgs/lib:/opt/ros/humble/opt/rviz_ogre_vendor/lib:/opt/ros/humble/lib/x86_64-linux-gnu:/opt/ros/humble/lib:/usr/lib/x86_64-linux-gnu/gazebo-11/plugins /usr/bin/cmake --build /home/sunny/catkin_ws/build/uuv_world_ros_plugins -- -j16 -l16
