[0.671s] Invoking command in '/home/sunny/catkin_ws/build/uuv_gazebo_ros_plugins_msgs': CMAKE_PREFIX_PATH=${CMAKE_PREFIX_PATH}:/home/sunny/catkin_ws/install/beluga_adapter:/opt/ros/humble /usr/bin/cmake --build /home/sunny/catkin_ws/build/uuv_gazebo_ros_plugins_msgs -- -j16 -l16
[0.772s] [  0%] Built target uuv_gazebo_ros_plugins_msgs__cpp
[0.772s] [ 12%] Built target uuv_gazebo_ros_plugins_msgs__rosidl_generator_c
[0.839s] [ 12%] Built target ament_cmake_python_copy_uuv_gazebo_ros_plugins_msgs
[0.874s] [ 25%] Built target uuv_gazebo_ros_plugins_msgs__rosidl_typesupport_introspection_c
[0.874s] [ 36%] Built target uuv_gazebo_ros_plugins_msgs__rosidl_typesupport_fastrtps_c
[0.916s] [ 48%] Built target uuv_gazebo_ros_plugins_msgs__rosidl_typesupport_c
[0.965s] [ 61%] Built target uuv_gazebo_ros_plugins_msgs__rosidl_typesupport_introspection_cpp
[0.965s] [ 72%] Built target uuv_gazebo_ros_plugins_msgs__rosidl_typesupport_fastrtps_cpp
[1.069s] [ 84%] Built target uuv_gazebo_ros_plugins_msgs__rosidl_typesupport_cpp
[1.070s] [ 84%] Built target uuv_gazebo_ros_plugins_msgs
[1.114s] [ 85%] Built target uuv_gazebo_ros_plugins_msgs__py
[1.167s] [ 96%] Built target uuv_gazebo_ros_plugins_msgs__rosidl_generator_py
[1.260s] running egg_info
[1.260s] writing uuv_gazebo_ros_plugins_msgs.egg-info/PKG-INFO
[1.262s] writing dependency_links to uuv_gazebo_ros_plugins_msgs.egg-info/dependency_links.txt
[1.262s] writing top-level names to uuv_gazebo_ros_plugins_msgs.egg-info/top_level.txt
[1.268s] reading manifest file 'uuv_gazebo_ros_plugins_msgs.egg-info/SOURCES.txt'
[1.269s] writing manifest file 'uuv_gazebo_ros_plugins_msgs.egg-info/SOURCES.txt'
[1.271s] [ 97%] Built target uuv_gazebo_ros_plugins_msgs__rosidl_typesupport_c__pyext
[1.283s] [ 99%] Built target uuv_gazebo_ros_plugins_msgs__rosidl_typesupport_introspection_c__pyext
[1.287s] [100%] Built target uuv_gazebo_ros_plugins_msgs__rosidl_typesupport_fastrtps_c__pyext
[1.325s] [100%] Built target ament_cmake_python_build_uuv_gazebo_ros_plugins_msgs_egg
[1.424s] Invoked command in '/home/sunny/catkin_ws/build/uuv_gazebo_ros_plugins_msgs' returned '0': CMAKE_PREFIX_PATH=${CMAKE_PREFIX_PATH}:/home/sunny/catkin_ws/install/beluga_adapter:/opt/ros/humble /usr/bin/cmake --build /home/sunny/catkin_ws/build/uuv_gazebo_ros_plugins_msgs -- -j16 -l16
[1.868s] Invoking command in '/home/sunny/catkin_ws/build/uuv_gazebo_ros_plugins_msgs': CMAKE_PREFIX_PATH=${CMAKE_PREFIX_PATH}:/home/sunny/catkin_ws/install/beluga_adapter:/opt/ros/humble /usr/bin/cmake --install /home/sunny/catkin_ws/build/uuv_gazebo_ros_plugins_msgs
[1.887s] -- Install configuration: ""
[1.887s] -- Up-to-date: /home/sunny/catkin_ws/install/uuv_gazebo_ros_plugins_msgs/share/ament_index/resource_index/rosidl_interfaces/uuv_gazebo_ros_plugins_msgs
[1.887s] -- Up-to-date: /home/sunny/catkin_ws/install/uuv_gazebo_ros_plugins_msgs/include/uuv_gazebo_ros_plugins_msgs/uuv_gazebo_ros_plugins_msgs
[1.888s] -- Up-to-date: /home/sunny/catkin_ws/install/uuv_gazebo_ros_plugins_msgs/include/uuv_gazebo_ros_plugins_msgs/uuv_gazebo_ros_plugins_msgs/srv
[1.888s] -- Up-to-date: /home/sunny/catkin_ws/install/uuv_gazebo_ros_plugins_msgs/include/uuv_gazebo_ros_plugins_msgs/uuv_gazebo_ros_plugins_msgs/srv/get_thruster_conversion_fcn.h
[1.888s] -- Up-to-date: /home/sunny/catkin_ws/install/uuv_gazebo_ros_plugins_msgs/include/uuv_gazebo_ros_plugins_msgs/uuv_gazebo_ros_plugins_msgs/srv/set_thruster_state.h
[1.888s] -- Up-to-date: /home/sunny/catkin_ws/install/uuv_gazebo_ros_plugins_msgs/include/uuv_gazebo_ros_plugins_msgs/uuv_gazebo_ros_plugins_msgs/srv/get_model_properties.h
[1.889s] -- Up-to-date: /home/sunny/catkin_ws/install/uuv_gazebo_ros_plugins_msgs/include/uuv_gazebo_ros_plugins_msgs/uuv_gazebo_ros_plugins_msgs/srv/get_float.h
[1.889s] -- Up-to-date: /home/sunny/catkin_ws/install/uuv_gazebo_ros_plugins_msgs/include/uuv_gazebo_ros_plugins_msgs/uuv_gazebo_ros_plugins_msgs/srv/set_thruster_efficiency.h
[1.889s] -- Up-to-date: /home/sunny/catkin_ws/install/uuv_gazebo_ros_plugins_msgs/include/uuv_gazebo_ros_plugins_msgs/uuv_gazebo_ros_plugins_msgs/srv/detail
[1.889s] -- Up-to-date: /home/sunny/catkin_ws/install/uuv_gazebo_ros_plugins_msgs/include/uuv_gazebo_ros_plugins_msgs/uuv_gazebo_ros_plugins_msgs/srv/detail/set_thruster_efficiency__type_support.h
[1.889s] -- Up-to-date: /home/sunny/catkin_ws/install/uuv_gazebo_ros_plugins_msgs/include/uuv_gazebo_ros_plugins_msgs/uuv_gazebo_ros_plugins_msgs/srv/detail/get_float__functions.h
[1.889s] -- Up-to-date: /home/sunny/catkin_ws/install/uuv_gazebo_ros_plugins_msgs/include/uuv_gazebo_ros_plugins_msgs/uuv_gazebo_ros_plugins_msgs/srv/detail/get_thruster_state__struct.h
[1.891s] -- Up-to-date: /home/sunny/catkin_ws/install/uuv_gazebo_ros_plugins_msgs/include/uuv_gazebo_ros_plugins_msgs/uuv_gazebo_ros_plugins_msgs/srv/detail/get_thruster_efficiency__functions.c
[1.900s] -- Up-to-date: /home/sunny/catkin_ws/install/uuv_gazebo_ros_plugins_msgs/include/uuv_gazebo_ros_plugins_msgs/uuv_gazebo_ros_plugins_msgs/srv/detail/set_thruster_efficiency__struct.h
[1.900s] -- Up-to-date: /home/sunny/catkin_ws/install/uuv_gazebo_ros_plugins_msgs/include/uuv_gazebo_ros_plugins_msgs/uuv_gazebo_ros_plugins_msgs/srv/detail/set_use_global_current_vel__functions.c
[1.901s] -- Up-to-date: /home/sunny/catkin_ws/install/uuv_gazebo_ros_plugins_msgs/include/uuv_gazebo_ros_plugins_msgs/uuv_gazebo_ros_plugins_msgs/srv/detail/set_thruster_state__functions.c
[1.901s] -- Up-to-date: /home/sunny/catkin_ws/install/uuv_gazebo_ros_plugins_msgs/include/uuv_gazebo_ros_plugins_msgs/uuv_gazebo_ros_plugins_msgs/srv/detail/set_float__struct.h
[1.901s] -- Up-to-date: /home/sunny/catkin_ws/install/uuv_gazebo_ros_plugins_msgs/include/uuv_gazebo_ros_plugins_msgs/uuv_gazebo_ros_plugins_msgs/srv/detail/set_thruster_efficiency__functions.c
[1.901s] -- Up-to-date: /home/sunny/catkin_ws/install/uuv_gazebo_ros_plugins_msgs/include/uuv_gazebo_ros_plugins_msgs/uuv_gazebo_ros_plugins_msgs/srv/detail/set_float__type_support.h
[1.901s] -- Up-to-date: /home/sunny/catkin_ws/install/uuv_gazebo_ros_plugins_msgs/include/uuv_gazebo_ros_plugins_msgs/uuv_gazebo_ros_plugins_msgs/srv/detail/set_float__functions.h
[1.901s] -- Up-to-date: /home/sunny/catkin_ws/install/uuv_gazebo_ros_plugins_msgs/include/uuv_gazebo_ros_plugins_msgs/uuv_gazebo_ros_plugins_msgs/srv/detail/set_thruster_state__functions.h
[1.901s] -- Up-to-date: /home/sunny/catkin_ws/install/uuv_gazebo_ros_plugins_msgs/include/uuv_gazebo_ros_plugins_msgs/uuv_gazebo_ros_plugins_msgs/srv/detail/get_list_param__struct.h
[1.902s] -- Up-to-date: /home/sunny/catkin_ws/install/uuv_gazebo_ros_plugins_msgs/include/uuv_gazebo_ros_plugins_msgs/uuv_gazebo_ros_plugins_msgs/srv/detail/get_thruster_efficiency__type_support.h
[1.902s] -- Up-to-date: /home/sunny/catkin_ws/install/uuv_gazebo_ros_plugins_msgs/include/uuv_gazebo_ros_plugins_msgs/uuv_gazebo_ros_plugins_msgs/srv/detail/set_thruster_state__struct.h
[1.902s] -- Up-to-date: /home/sunny/catkin_ws/install/uuv_gazebo_ros_plugins_msgs/include/uuv_gazebo_ros_plugins_msgs/uuv_gazebo_ros_plugins_msgs/srv/detail/set_thruster_efficiency__functions.h
[1.902s] -- Up-to-date: /home/sunny/catkin_ws/install/uuv_gazebo_ros_plugins_msgs/include/uuv_gazebo_ros_plugins_msgs/uuv_gazebo_ros_plugins_msgs/srv/detail/set_use_global_current_vel__type_support.h
[1.902s] -- Up-to-date: /home/sunny/catkin_ws/install/uuv_gazebo_ros_plugins_msgs/include/uuv_gazebo_ros_plugins_msgs/uuv_gazebo_ros_plugins_msgs/srv/detail/get_thruster_state__functions.h
[1.902s] -- Up-to-date: /home/sunny/catkin_ws/install/uuv_gazebo_ros_plugins_msgs/include/uuv_gazebo_ros_plugins_msgs/uuv_gazebo_ros_plugins_msgs/srv/detail/set_thruster_state__type_support.h
[1.903s] -- Up-to-date: /home/sunny/catkin_ws/install/uuv_gazebo_ros_plugins_msgs/include/uuv_gazebo_ros_plugins_msgs/uuv_gazebo_ros_plugins_msgs/srv/detail/set_use_global_current_vel__functions.h
[1.903s] -- Up-to-date: /home/sunny/catkin_ws/install/uuv_gazebo_ros_plugins_msgs/include/uuv_gazebo_ros_plugins_msgs/uuv_gazebo_ros_plugins_msgs/srv/detail/set_float__functions.c
[1.903s] -- Up-to-date: /home/sunny/catkin_ws/install/uuv_gazebo_ros_plugins_msgs/include/uuv_gazebo_ros_plugins_msgs/uuv_gazebo_ros_plugins_msgs/srv/detail/get_thruster_state__type_support.h
[1.904s] -- Up-to-date: /home/sunny/catkin_ws/install/uuv_gazebo_ros_plugins_msgs/include/uuv_gazebo_ros_plugins_msgs/uuv_gazebo_ros_plugins_msgs/srv/detail/get_list_param__functions.c
[1.904s] -- Up-to-date: /home/sunny/catkin_ws/install/uuv_gazebo_ros_plugins_msgs/include/uuv_gazebo_ros_plugins_msgs/uuv_gazebo_ros_plugins_msgs/srv/detail/set_use_global_current_vel__struct.h
[1.904s] -- Up-to-date: /home/sunny/catkin_ws/install/uuv_gazebo_ros_plugins_msgs/include/uuv_gazebo_ros_plugins_msgs/uuv_gazebo_ros_plugins_msgs/srv/detail/get_thruster_efficiency__functions.h
[1.904s] -- Up-to-date: /home/sunny/catkin_ws/install/uuv_gazebo_ros_plugins_msgs/include/uuv_gazebo_ros_plugins_msgs/uuv_gazebo_ros_plugins_msgs/srv/detail/get_thruster_conversion_fcn__functions.h
[1.918s] -- Up-to-date: /home/sunny/catkin_ws/install/uuv_gazebo_ros_plugins_msgs/include/uuv_gazebo_ros_plugins_msgs/uuv_gazebo_ros_plugins_msgs/srv/detail/get_model_properties__functions.h
[1.918s] -- Up-to-date: /home/sunny/catkin_ws/install/uuv_gazebo_ros_plugins_msgs/include/uuv_gazebo_ros_plugins_msgs/uuv_gazebo_ros_plugins_msgs/srv/detail/get_thruster_state__functions.c
[1.918s] -- Up-to-date: /home/sunny/catkin_ws/install/uuv_gazebo_ros_plugins_msgs/include/uuv_gazebo_ros_plugins_msgs/uuv_gazebo_ros_plugins_msgs/srv/detail/get_model_properties__type_support.h
[1.918s] -- Up-to-date: /home/sunny/catkin_ws/install/uuv_gazebo_ros_plugins_msgs/include/uuv_gazebo_ros_plugins_msgs/uuv_gazebo_ros_plugins_msgs/srv/detail/get_model_properties__functions.c
[1.918s] -- Up-to-date: /home/sunny/catkin_ws/install/uuv_gazebo_ros_plugins_msgs/include/uuv_gazebo_ros_plugins_msgs/uuv_gazebo_ros_plugins_msgs/srv/detail/get_thruster_conversion_fcn__functions.c
[1.918s] -- Up-to-date: /home/sunny/catkin_ws/install/uuv_gazebo_ros_plugins_msgs/include/uuv_gazebo_ros_plugins_msgs/uuv_gazebo_ros_plugins_msgs/srv/detail/get_thruster_conversion_fcn__type_support.h
[1.918s] -- Up-to-date: /home/sunny/catkin_ws/install/uuv_gazebo_ros_plugins_msgs/include/uuv_gazebo_ros_plugins_msgs/uuv_gazebo_ros_plugins_msgs/srv/detail/get_float__type_support.h
[1.918s] -- Up-to-date: /home/sunny/catkin_ws/install/uuv_gazebo_ros_plugins_msgs/include/uuv_gazebo_ros_plugins_msgs/uuv_gazebo_ros_plugins_msgs/srv/detail/get_float__functions.c
[1.918s] -- Up-to-date: /home/sunny/catkin_ws/install/uuv_gazebo_ros_plugins_msgs/include/uuv_gazebo_ros_plugins_msgs/uuv_gazebo_ros_plugins_msgs/srv/detail/get_thruster_efficiency__struct.h
[1.918s] -- Up-to-date: /home/sunny/catkin_ws/install/uuv_gazebo_ros_plugins_msgs/include/uuv_gazebo_ros_plugins_msgs/uuv_gazebo_ros_plugins_msgs/srv/detail/get_model_properties__struct.h
[1.918s] -- Up-to-date: /home/sunny/catkin_ws/install/uuv_gazebo_ros_plugins_msgs/include/uuv_gazebo_ros_plugins_msgs/uuv_gazebo_ros_plugins_msgs/srv/detail/get_thruster_conversion_fcn__struct.h
[1.918s] -- Up-to-date: /home/sunny/catkin_ws/install/uuv_gazebo_ros_plugins_msgs/include/uuv_gazebo_ros_plugins_msgs/uuv_gazebo_ros_plugins_msgs/srv/detail/get_list_param__functions.h
[1.919s] -- Up-to-date: /home/sunny/catkin_ws/install/uuv_gazebo_ros_plugins_msgs/include/uuv_gazebo_ros_plugins_msgs/uuv_gazebo_ros_plugins_msgs/srv/detail/get_float__struct.h
[1.919s] -- Up-to-date: /home/sunny/catkin_ws/install/uuv_gazebo_ros_plugins_msgs/include/uuv_gazebo_ros_plugins_msgs/uuv_gazebo_ros_plugins_msgs/srv/detail/get_list_param__type_support.h
[1.919s] -- Up-to-date: /home/sunny/catkin_ws/install/uuv_gazebo_ros_plugins_msgs/include/uuv_gazebo_ros_plugins_msgs/uuv_gazebo_ros_plugins_msgs/srv/get_list_param.h
[1.919s] -- Up-to-date: /home/sunny/catkin_ws/install/uuv_gazebo_ros_plugins_msgs/include/uuv_gazebo_ros_plugins_msgs/uuv_gazebo_ros_plugins_msgs/srv/get_thruster_efficiency.h
[1.919s] -- Up-to-date: /home/sunny/catkin_ws/install/uuv_gazebo_ros_plugins_msgs/include/uuv_gazebo_ros_plugins_msgs/uuv_gazebo_ros_plugins_msgs/srv/get_thruster_state.h
[1.919s] -- Up-to-date: /home/sunny/catkin_ws/install/uuv_gazebo_ros_plugins_msgs/include/uuv_gazebo_ros_plugins_msgs/uuv_gazebo_ros_plugins_msgs/srv/set_use_global_current_vel.h
[1.919s] -- Up-to-date: /home/sunny/catkin_ws/install/uuv_gazebo_ros_plugins_msgs/include/uuv_gazebo_ros_plugins_msgs/uuv_gazebo_ros_plugins_msgs/srv/set_float.h
[1.919s] -- Up-to-date: /home/sunny/catkin_ws/install/uuv_gazebo_ros_plugins_msgs/include/uuv_gazebo_ros_plugins_msgs/uuv_gazebo_ros_plugins_msgs/msg
[1.919s] -- Up-to-date: /home/sunny/catkin_ws/install/uuv_gazebo_ros_plugins_msgs/include/uuv_gazebo_ros_plugins_msgs/uuv_gazebo_ros_plugins_msgs/msg/thruster_conversion_fcn.h
[1.919s] -- Up-to-date: /home/sunny/catkin_ws/install/uuv_gazebo_ros_plugins_msgs/include/uuv_gazebo_ros_plugins_msgs/uuv_gazebo_ros_plugins_msgs/msg/detail
[1.919s] -- Up-to-date: /home/sunny/catkin_ws/install/uuv_gazebo_ros_plugins_msgs/include/uuv_gazebo_ros_plugins_msgs/uuv_gazebo_ros_plugins_msgs/msg/detail/thruster_conversion_fcn__functions.c
[1.919s] -- Up-to-date: /home/sunny/catkin_ws/install/uuv_gazebo_ros_plugins_msgs/include/uuv_gazebo_ros_plugins_msgs/uuv_gazebo_ros_plugins_msgs/msg/detail/thruster_conversion_fcn__type_support.h
[1.919s] -- Up-to-date: /home/sunny/catkin_ws/install/uuv_gazebo_ros_plugins_msgs/include/uuv_gazebo_ros_plugins_msgs/uuv_gazebo_ros_plugins_msgs/msg/detail/float_stamped__functions.h
[1.920s] -- Up-to-date: /home/sunny/catkin_ws/install/uuv_gazebo_ros_plugins_msgs/include/uuv_gazebo_ros_plugins_msgs/uuv_gazebo_ros_plugins_msgs/msg/detail/float_stamped__functions.c
[1.920s] -- Up-to-date: /home/sunny/catkin_ws/install/uuv_gazebo_ros_plugins_msgs/include/uuv_gazebo_ros_plugins_msgs/uuv_gazebo_ros_plugins_msgs/msg/detail/underwater_object_model__functions.h
[1.920s] -- Up-to-date: /home/sunny/catkin_ws/install/uuv_gazebo_ros_plugins_msgs/include/uuv_gazebo_ros_plugins_msgs/uuv_gazebo_ros_plugins_msgs/msg/detail/underwater_object_model__struct.h
[1.920s] -- Up-to-date: /home/sunny/catkin_ws/install/uuv_gazebo_ros_plugins_msgs/include/uuv_gazebo_ros_plugins_msgs/uuv_gazebo_ros_plugins_msgs/msg/detail/thruster_conversion_fcn__functions.h
[1.920s] -- Up-to-date: /home/sunny/catkin_ws/install/uuv_gazebo_ros_plugins_msgs/include/uuv_gazebo_ros_plugins_msgs/uuv_gazebo_ros_plugins_msgs/msg/detail/float_stamped__type_support.h
[1.920s] -- Up-to-date: /home/sunny/catkin_ws/install/uuv_gazebo_ros_plugins_msgs/include/uuv_gazebo_ros_plugins_msgs/uuv_gazebo_ros_plugins_msgs/msg/detail/float_stamped__struct.h
[1.920s] -- Up-to-date: /home/sunny/catkin_ws/install/uuv_gazebo_ros_plugins_msgs/include/uuv_gazebo_ros_plugins_msgs/uuv_gazebo_ros_plugins_msgs/msg/detail/thruster_conversion_fcn__struct.h
[1.920s] -- Up-to-date: /home/sunny/catkin_ws/install/uuv_gazebo_ros_plugins_msgs/include/uuv_gazebo_ros_plugins_msgs/uuv_gazebo_ros_plugins_msgs/msg/detail/underwater_object_model__type_support.h
[1.920s] -- Up-to-date: /home/sunny/catkin_ws/install/uuv_gazebo_ros_plugins_msgs/include/uuv_gazebo_ros_plugins_msgs/uuv_gazebo_ros_plugins_msgs/msg/detail/underwater_object_model__functions.c
[1.920s] -- Up-to-date: /home/sunny/catkin_ws/install/uuv_gazebo_ros_plugins_msgs/include/uuv_gazebo_ros_plugins_msgs/uuv_gazebo_ros_plugins_msgs/msg/float_stamped.h
[1.920s] -- Up-to-date: /home/sunny/catkin_ws/install/uuv_gazebo_ros_plugins_msgs/include/uuv_gazebo_ros_plugins_msgs/uuv_gazebo_ros_plugins_msgs/msg/underwater_object_model.h
[1.921s] -- Up-to-date: /home/sunny/catkin_ws/install/uuv_gazebo_ros_plugins_msgs/include/uuv_gazebo_ros_plugins_msgs/uuv_gazebo_ros_plugins_msgs/msg/rosidl_generator_c__visibility_control.h
[1.921s] -- Up-to-date: /home/sunny/catkin_ws/install/uuv_gazebo_ros_plugins_msgs/share/uuv_gazebo_ros_plugins_msgs/environment/library_path.sh
[1.921s] -- Up-to-date: /home/sunny/catkin_ws/install/uuv_gazebo_ros_plugins_msgs/share/uuv_gazebo_ros_plugins_msgs/environment/library_path.dsv
[1.921s] -- Up-to-date: /home/sunny/catkin_ws/install/uuv_gazebo_ros_plugins_msgs/lib/libuuv_gazebo_ros_plugins_msgs__rosidl_generator_c.so
[1.921s] -- Up-to-date: /home/sunny/catkin_ws/install/uuv_gazebo_ros_plugins_msgs/include/uuv_gazebo_ros_plugins_msgs/uuv_gazebo_ros_plugins_msgs
[1.921s] -- Up-to-date: /home/sunny/catkin_ws/install/uuv_gazebo_ros_plugins_msgs/include/uuv_gazebo_ros_plugins_msgs/uuv_gazebo_ros_plugins_msgs/srv
[1.921s] -- Up-to-date: /home/sunny/catkin_ws/install/uuv_gazebo_ros_plugins_msgs/include/uuv_gazebo_ros_plugins_msgs/uuv_gazebo_ros_plugins_msgs/srv/detail
[1.924s] -- Up-to-date: /home/sunny/catkin_ws/install/uuv_gazebo_ros_plugins_msgs/include/uuv_gazebo_ros_plugins_msgs/uuv_gazebo_ros_plugins_msgs/srv/detail/get_float__rosidl_typesupport_fastrtps_c.h
[1.924s] -- Up-to-date: /home/sunny/catkin_ws/install/uuv_gazebo_ros_plugins_msgs/include/uuv_gazebo_ros_plugins_msgs/uuv_gazebo_ros_plugins_msgs/srv/detail/set_thruster_efficiency__rosidl_typesupport_fastrtps_c.h
[1.924s] -- Up-to-date: /home/sunny/catkin_ws/install/uuv_gazebo_ros_plugins_msgs/include/uuv_gazebo_ros_plugins_msgs/uuv_gazebo_ros_plugins_msgs/srv/detail/set_use_global_current_vel__rosidl_typesupport_fastrtps_c.h
[1.924s] -- Up-to-date: /home/sunny/catkin_ws/install/uuv_gazebo_ros_plugins_msgs/include/uuv_gazebo_ros_plugins_msgs/uuv_gazebo_ros_plugins_msgs/srv/detail/set_thruster_state__rosidl_typesupport_fastrtps_c.h
[1.924s] -- Up-to-date: /home/sunny/catkin_ws/install/uuv_gazebo_ros_plugins_msgs/include/uuv_gazebo_ros_plugins_msgs/uuv_gazebo_ros_plugins_msgs/srv/detail/set_float__rosidl_typesupport_fastrtps_c.h
[1.924s] -- Up-to-date: /home/sunny/catkin_ws/install/uuv_gazebo_ros_plugins_msgs/include/uuv_gazebo_ros_plugins_msgs/uuv_gazebo_ros_plugins_msgs/srv/detail/get_thruster_efficiency__rosidl_typesupport_fastrtps_c.h
[1.924s] -- Up-to-date: /home/sunny/catkin_ws/install/uuv_gazebo_ros_plugins_msgs/include/uuv_gazebo_ros_plugins_msgs/uuv_gazebo_ros_plugins_msgs/srv/detail/get_thruster_conversion_fcn__rosidl_typesupport_fastrtps_c.h
[1.924s] -- Up-to-date: /home/sunny/catkin_ws/install/uuv_gazebo_ros_plugins_msgs/include/uuv_gazebo_ros_plugins_msgs/uuv_gazebo_ros_plugins_msgs/srv/detail/get_model_properties__rosidl_typesupport_fastrtps_c.h
[1.924s] -- Up-to-date: /home/sunny/catkin_ws/install/uuv_gazebo_ros_plugins_msgs/include/uuv_gazebo_ros_plugins_msgs/uuv_gazebo_ros_plugins_msgs/srv/detail/get_list_param__rosidl_typesupport_fastrtps_c.h
[1.924s] -- Up-to-date: /home/sunny/catkin_ws/install/uuv_gazebo_ros_plugins_msgs/include/uuv_gazebo_ros_plugins_msgs/uuv_gazebo_ros_plugins_msgs/srv/detail/get_thruster_state__rosidl_typesupport_fastrtps_c.h
[1.925s] -- Up-to-date: /home/sunny/catkin_ws/install/uuv_gazebo_ros_plugins_msgs/include/uuv_gazebo_ros_plugins_msgs/uuv_gazebo_ros_plugins_msgs/msg
[1.925s] -- Up-to-date: /home/sunny/catkin_ws/install/uuv_gazebo_ros_plugins_msgs/include/uuv_gazebo_ros_plugins_msgs/uuv_gazebo_ros_plugins_msgs/msg/detail
[1.925s] -- Up-to-date: /home/sunny/catkin_ws/install/uuv_gazebo_ros_plugins_msgs/include/uuv_gazebo_ros_plugins_msgs/uuv_gazebo_ros_plugins_msgs/msg/detail/thruster_conversion_fcn__rosidl_typesupport_fastrtps_c.h
[1.925s] -- Up-to-date: /home/sunny/catkin_ws/install/uuv_gazebo_ros_plugins_msgs/include/uuv_gazebo_ros_plugins_msgs/uuv_gazebo_ros_plugins_msgs/msg/detail/float_stamped__rosidl_typesupport_fastrtps_c.h
[1.925s] -- Up-to-date: /home/sunny/catkin_ws/install/uuv_gazebo_ros_plugins_msgs/include/uuv_gazebo_ros_plugins_msgs/uuv_gazebo_ros_plugins_msgs/msg/detail/underwater_object_model__rosidl_typesupport_fastrtps_c.h
[1.925s] -- Up-to-date: /home/sunny/catkin_ws/install/uuv_gazebo_ros_plugins_msgs/include/uuv_gazebo_ros_plugins_msgs/uuv_gazebo_ros_plugins_msgs/msg/rosidl_typesupport_fastrtps_c__visibility_control.h
[1.925s] -- Up-to-date: /home/sunny/catkin_ws/install/uuv_gazebo_ros_plugins_msgs/lib/libuuv_gazebo_ros_plugins_msgs__rosidl_typesupport_fastrtps_c.so
[1.925s] -- Up-to-date: /home/sunny/catkin_ws/install/uuv_gazebo_ros_plugins_msgs/include/uuv_gazebo_ros_plugins_msgs/uuv_gazebo_ros_plugins_msgs
[1.926s] -- Up-to-date: /home/sunny/catkin_ws/install/uuv_gazebo_ros_plugins_msgs/include/uuv_gazebo_ros_plugins_msgs/uuv_gazebo_ros_plugins_msgs/srv
[1.926s] -- Up-to-date: /home/sunny/catkin_ws/install/uuv_gazebo_ros_plugins_msgs/include/uuv_gazebo_ros_plugins_msgs/uuv_gazebo_ros_plugins_msgs/srv/detail
[1.927s] -- Up-to-date: /home/sunny/catkin_ws/install/uuv_gazebo_ros_plugins_msgs/include/uuv_gazebo_ros_plugins_msgs/uuv_gazebo_ros_plugins_msgs/srv/detail/set_float__rosidl_typesupport_introspection_c.h
[1.927s] -- Up-to-date: /home/sunny/catkin_ws/install/uuv_gazebo_ros_plugins_msgs/include/uuv_gazebo_ros_plugins_msgs/uuv_gazebo_ros_plugins_msgs/srv/detail/get_model_properties__rosidl_typesupport_introspection_c.h
[1.927s] -- Up-to-date: /home/sunny/catkin_ws/install/uuv_gazebo_ros_plugins_msgs/include/uuv_gazebo_ros_plugins_msgs/uuv_gazebo_ros_plugins_msgs/srv/detail/get_thruster_state__type_support.c
[1.927s] -- Up-to-date: /home/sunny/catkin_ws/install/uuv_gazebo_ros_plugins_msgs/include/uuv_gazebo_ros_plugins_msgs/uuv_gazebo_ros_plugins_msgs/srv/detail/set_thruster_efficiency__type_support.c
[1.927s] -- Up-to-date: /home/sunny/catkin_ws/install/uuv_gazebo_ros_plugins_msgs/include/uuv_gazebo_ros_plugins_msgs/uuv_gazebo_ros_plugins_msgs/srv/detail/get_model_properties__type_support.c
[1.928s] -- Up-to-date: /home/sunny/catkin_ws/install/uuv_gazebo_ros_plugins_msgs/include/uuv_gazebo_ros_plugins_msgs/uuv_gazebo_ros_plugins_msgs/srv/detail/get_thruster_conversion_fcn__type_support.c
[1.928s] -- Up-to-date: /home/sunny/catkin_ws/install/uuv_gazebo_ros_plugins_msgs/include/uuv_gazebo_ros_plugins_msgs/uuv_gazebo_ros_plugins_msgs/srv/detail/get_float__rosidl_typesupport_introspection_c.h
[1.928s] -- Up-to-date: /home/sunny/catkin_ws/install/uuv_gazebo_ros_plugins_msgs/include/uuv_gazebo_ros_plugins_msgs/uuv_gazebo_ros_plugins_msgs/srv/detail/set_thruster_efficiency__rosidl_typesupport_introspection_c.h
[1.928s] -- Up-to-date: /home/sunny/catkin_ws/install/uuv_gazebo_ros_plugins_msgs/include/uuv_gazebo_ros_plugins_msgs/uuv_gazebo_ros_plugins_msgs/srv/detail/set_thruster_state__rosidl_typesupport_introspection_c.h
[1.928s] -- Up-to-date: /home/sunny/catkin_ws/install/uuv_gazebo_ros_plugins_msgs/include/uuv_gazebo_ros_plugins_msgs/uuv_gazebo_ros_plugins_msgs/srv/detail/set_use_global_current_vel__rosidl_typesupport_introspection_c.h
[1.928s] -- Up-to-date: /home/sunny/catkin_ws/install/uuv_gazebo_ros_plugins_msgs/include/uuv_gazebo_ros_plugins_msgs/uuv_gazebo_ros_plugins_msgs/srv/detail/get_float__type_support.c
[1.928s] -- Up-to-date: /home/sunny/catkin_ws/install/uuv_gazebo_ros_plugins_msgs/include/uuv_gazebo_ros_plugins_msgs/uuv_gazebo_ros_plugins_msgs/srv/detail/get_thruster_efficiency__type_support.c
[1.928s] -- Up-to-date: /home/sunny/catkin_ws/install/uuv_gazebo_ros_plugins_msgs/include/uuv_gazebo_ros_plugins_msgs/uuv_gazebo_ros_plugins_msgs/srv/detail/get_list_param__type_support.c
[1.928s] -- Up-to-date: /home/sunny/catkin_ws/install/uuv_gazebo_ros_plugins_msgs/include/uuv_gazebo_ros_plugins_msgs/uuv_gazebo_ros_plugins_msgs/srv/detail/get_thruster_efficiency__rosidl_typesupport_introspection_c.h
[1.928s] -- Up-to-date: /home/sunny/catkin_ws/install/uuv_gazebo_ros_plugins_msgs/include/uuv_gazebo_ros_plugins_msgs/uuv_gazebo_ros_plugins_msgs/srv/detail/set_use_global_current_vel__type_support.c
[1.929s] -- Up-to-date: /home/sunny/catkin_ws/install/uuv_gazebo_ros_plugins_msgs/include/uuv_gazebo_ros_plugins_msgs/uuv_gazebo_ros_plugins_msgs/srv/detail/set_thruster_state__type_support.c
[1.929s] -- Up-to-date: /home/sunny/catkin_ws/install/uuv_gazebo_ros_plugins_msgs/include/uuv_gazebo_ros_plugins_msgs/uuv_gazebo_ros_plugins_msgs/srv/detail/get_thruster_conversion_fcn__rosidl_typesupport_introspection_c.h
[1.929s] -- Up-to-date: /home/sunny/catkin_ws/install/uuv_gazebo_ros_plugins_msgs/include/uuv_gazebo_ros_plugins_msgs/uuv_gazebo_ros_plugins_msgs/srv/detail/set_float__type_support.c
[1.929s] -- Up-to-date: /home/sunny/catkin_ws/install/uuv_gazebo_ros_plugins_msgs/include/uuv_gazebo_ros_plugins_msgs/uuv_gazebo_ros_plugins_msgs/srv/detail/get_list_param__rosidl_typesupport_introspection_c.h
[1.929s] -- Up-to-date: /home/sunny/catkin_ws/install/uuv_gazebo_ros_plugins_msgs/include/uuv_gazebo_ros_plugins_msgs/uuv_gazebo_ros_plugins_msgs/srv/detail/get_thruster_state__rosidl_typesupport_introspection_c.h
[1.929s] -- Up-to-date: /home/sunny/catkin_ws/install/uuv_gazebo_ros_plugins_msgs/include/uuv_gazebo_ros_plugins_msgs/uuv_gazebo_ros_plugins_msgs/msg
[1.930s] -- Up-to-date: /home/sunny/catkin_ws/install/uuv_gazebo_ros_plugins_msgs/include/uuv_gazebo_ros_plugins_msgs/uuv_gazebo_ros_plugins_msgs/msg/rosidl_typesupport_introspection_c__visibility_control.h
[1.930s] -- Up-to-date: /home/sunny/catkin_ws/install/uuv_gazebo_ros_plugins_msgs/include/uuv_gazebo_ros_plugins_msgs/uuv_gazebo_ros_plugins_msgs/msg/detail
[1.930s] -- Up-to-date: /home/sunny/catkin_ws/install/uuv_gazebo_ros_plugins_msgs/include/uuv_gazebo_ros_plugins_msgs/uuv_gazebo_ros_plugins_msgs/msg/detail/float_stamped__type_support.c
[1.930s] -- Up-to-date: /home/sunny/catkin_ws/install/uuv_gazebo_ros_plugins_msgs/include/uuv_gazebo_ros_plugins_msgs/uuv_gazebo_ros_plugins_msgs/msg/detail/float_stamped__rosidl_typesupport_introspection_c.h
[1.930s] -- Up-to-date: /home/sunny/catkin_ws/install/uuv_gazebo_ros_plugins_msgs/include/uuv_gazebo_ros_plugins_msgs/uuv_gazebo_ros_plugins_msgs/msg/detail/underwater_object_model__rosidl_typesupport_introspection_c.h
[1.930s] -- Up-to-date: /home/sunny/catkin_ws/install/uuv_gazebo_ros_plugins_msgs/include/uuv_gazebo_ros_plugins_msgs/uuv_gazebo_ros_plugins_msgs/msg/detail/thruster_conversion_fcn__rosidl_typesupport_introspection_c.h
[1.930s] -- Up-to-date: /home/sunny/catkin_ws/install/uuv_gazebo_ros_plugins_msgs/include/uuv_gazebo_ros_plugins_msgs/uuv_gazebo_ros_plugins_msgs/msg/detail/underwater_object_model__type_support.c
[1.930s] -- Up-to-date: /home/sunny/catkin_ws/install/uuv_gazebo_ros_plugins_msgs/include/uuv_gazebo_ros_plugins_msgs/uuv_gazebo_ros_plugins_msgs/msg/detail/thruster_conversion_fcn__type_support.c
[1.930s] -- Up-to-date: /home/sunny/catkin_ws/install/uuv_gazebo_ros_plugins_msgs/lib/libuuv_gazebo_ros_plugins_msgs__rosidl_typesupport_introspection_c.so
[1.930s] -- Up-to-date: /home/sunny/catkin_ws/install/uuv_gazebo_ros_plugins_msgs/lib/libuuv_gazebo_ros_plugins_msgs__rosidl_typesupport_c.so
[1.931s] -- Up-to-date: /home/sunny/catkin_ws/install/uuv_gazebo_ros_plugins_msgs/include/uuv_gazebo_ros_plugins_msgs/uuv_gazebo_ros_plugins_msgs
[1.932s] -- Up-to-date: /home/sunny/catkin_ws/install/uuv_gazebo_ros_plugins_msgs/include/uuv_gazebo_ros_plugins_msgs/uuv_gazebo_ros_plugins_msgs/srv
[1.932s] -- Up-to-date: /home/sunny/catkin_ws/install/uuv_gazebo_ros_plugins_msgs/include/uuv_gazebo_ros_plugins_msgs/uuv_gazebo_ros_plugins_msgs/srv/set_use_global_current_vel.hpp
[1.932s] -- Up-to-date: /home/sunny/catkin_ws/install/uuv_gazebo_ros_plugins_msgs/include/uuv_gazebo_ros_plugins_msgs/uuv_gazebo_ros_plugins_msgs/srv/get_thruster_conversion_fcn.hpp
[1.932s] -- Up-to-date: /home/sunny/catkin_ws/install/uuv_gazebo_ros_plugins_msgs/include/uuv_gazebo_ros_plugins_msgs/uuv_gazebo_ros_plugins_msgs/srv/detail
[1.932s] -- Up-to-date: /home/sunny/catkin_ws/install/uuv_gazebo_ros_plugins_msgs/include/uuv_gazebo_ros_plugins_msgs/uuv_gazebo_ros_plugins_msgs/srv/detail/get_thruster_state__struct.hpp
[1.932s] -- Up-to-date: /home/sunny/catkin_ws/install/uuv_gazebo_ros_plugins_msgs/include/uuv_gazebo_ros_plugins_msgs/uuv_gazebo_ros_plugins_msgs/srv/detail/get_thruster_efficiency__builder.hpp
[1.932s] -- Up-to-date: /home/sunny/catkin_ws/install/uuv_gazebo_ros_plugins_msgs/include/uuv_gazebo_ros_plugins_msgs/uuv_gazebo_ros_plugins_msgs/srv/detail/set_use_global_current_vel__builder.hpp
[1.939s] -- Up-to-date: /home/sunny/catkin_ws/install/uuv_gazebo_ros_plugins_msgs/include/uuv_gazebo_ros_plugins_msgs/uuv_gazebo_ros_plugins_msgs/srv/detail/get_list_param__traits.hpp
[1.939s] -- Up-to-date: /home/sunny/catkin_ws/install/uuv_gazebo_ros_plugins_msgs/include/uuv_gazebo_ros_plugins_msgs/uuv_gazebo_ros_plugins_msgs/srv/detail/get_float__traits.hpp
[1.940s] -- Up-to-date: /home/sunny/catkin_ws/install/uuv_gazebo_ros_plugins_msgs/include/uuv_gazebo_ros_plugins_msgs/uuv_gazebo_ros_plugins_msgs/srv/detail/get_thruster_conversion_fcn__struct.hpp
[1.940s] -- Up-to-date: /home/sunny/catkin_ws/install/uuv_gazebo_ros_plugins_msgs/include/uuv_gazebo_ros_plugins_msgs/uuv_gazebo_ros_plugins_msgs/srv/detail/get_model_properties__builder.hpp
[1.940s] -- Up-to-date: /home/sunny/catkin_ws/install/uuv_gazebo_ros_plugins_msgs/include/uuv_gazebo_ros_plugins_msgs/uuv_gazebo_ros_plugins_msgs/srv/detail/set_float__traits.hpp
[1.940s] -- Up-to-date: /home/sunny/catkin_ws/install/uuv_gazebo_ros_plugins_msgs/include/uuv_gazebo_ros_plugins_msgs/uuv_gazebo_ros_plugins_msgs/srv/detail/get_float__builder.hpp
[1.940s] -- Up-to-date: /home/sunny/catkin_ws/install/uuv_gazebo_ros_plugins_msgs/include/uuv_gazebo_ros_plugins_msgs/uuv_gazebo_ros_plugins_msgs/srv/detail/set_float__struct.hpp
[1.940s] -- Up-to-date: /home/sunny/catkin_ws/install/uuv_gazebo_ros_plugins_msgs/include/uuv_gazebo_ros_plugins_msgs/uuv_gazebo_ros_plugins_msgs/srv/detail/set_thruster_efficiency__builder.hpp
[1.940s] -- Up-to-date: /home/sunny/catkin_ws/install/uuv_gazebo_ros_plugins_msgs/include/uuv_gazebo_ros_plugins_msgs/uuv_gazebo_ros_plugins_msgs/srv/detail/get_list_param__struct.hpp
[1.940s] -- Up-to-date: /home/sunny/catkin_ws/install/uuv_gazebo_ros_plugins_msgs/include/uuv_gazebo_ros_plugins_msgs/uuv_gazebo_ros_plugins_msgs/srv/detail/get_thruster_state__builder.hpp
[1.943s] -- Up-to-date: /home/sunny/catkin_ws/install/uuv_gazebo_ros_plugins_msgs/include/uuv_gazebo_ros_plugins_msgs/uuv_gazebo_ros_plugins_msgs/srv/detail/set_float__builder.hpp
[1.947s] -- Up-to-date: /home/sunny/catkin_ws/install/uuv_gazebo_ros_plugins_msgs/include/uuv_gazebo_ros_plugins_msgs/uuv_gazebo_ros_plugins_msgs/srv/detail/get_thruster_conversion_fcn__traits.hpp
[1.947s] -- Up-to-date: /home/sunny/catkin_ws/install/uuv_gazebo_ros_plugins_msgs/include/uuv_gazebo_ros_plugins_msgs/uuv_gazebo_ros_plugins_msgs/srv/detail/get_thruster_conversion_fcn__builder.hpp
[1.947s] -- Up-to-date: /home/sunny/catkin_ws/install/uuv_gazebo_ros_plugins_msgs/include/uuv_gazebo_ros_plugins_msgs/uuv_gazebo_ros_plugins_msgs/srv/detail/get_thruster_efficiency__traits.hpp
[1.947s] -- Up-to-date: /home/sunny/catkin_ws/install/uuv_gazebo_ros_plugins_msgs/include/uuv_gazebo_ros_plugins_msgs/uuv_gazebo_ros_plugins_msgs/srv/detail/set_thruster_state__builder.hpp
[1.947s] -- Up-to-date: /home/sunny/catkin_ws/install/uuv_gazebo_ros_plugins_msgs/include/uuv_gazebo_ros_plugins_msgs/uuv_gazebo_ros_plugins_msgs/srv/detail/set_thruster_state__traits.hpp
[1.947s] -- Up-to-date: /home/sunny/catkin_ws/install/uuv_gazebo_ros_plugins_msgs/include/uuv_gazebo_ros_plugins_msgs/uuv_gazebo_ros_plugins_msgs/srv/detail/get_list_param__builder.hpp
[1.948s] -- Up-to-date: /home/sunny/catkin_ws/install/uuv_gazebo_ros_plugins_msgs/include/uuv_gazebo_ros_plugins_msgs/uuv_gazebo_ros_plugins_msgs/srv/detail/get_thruster_state__traits.hpp
[1.948s] -- Up-to-date: /home/sunny/catkin_ws/install/uuv_gazebo_ros_plugins_msgs/include/uuv_gazebo_ros_plugins_msgs/uuv_gazebo_ros_plugins_msgs/srv/detail/set_thruster_efficiency__traits.hpp
[1.948s] -- Up-to-date: /home/sunny/catkin_ws/install/uuv_gazebo_ros_plugins_msgs/include/uuv_gazebo_ros_plugins_msgs/uuv_gazebo_ros_plugins_msgs/srv/detail/get_model_properties__traits.hpp
[1.948s] -- Up-to-date: /home/sunny/catkin_ws/install/uuv_gazebo_ros_plugins_msgs/include/uuv_gazebo_ros_plugins_msgs/uuv_gazebo_ros_plugins_msgs/srv/detail/set_thruster_state__struct.hpp
[1.948s] -- Up-to-date: /home/sunny/catkin_ws/install/uuv_gazebo_ros_plugins_msgs/include/uuv_gazebo_ros_plugins_msgs/uuv_gazebo_ros_plugins_msgs/srv/detail/set_use_global_current_vel__traits.hpp
[1.948s] -- Up-to-date: /home/sunny/catkin_ws/install/uuv_gazebo_ros_plugins_msgs/include/uuv_gazebo_ros_plugins_msgs/uuv_gazebo_ros_plugins_msgs/srv/detail/set_thruster_efficiency__struct.hpp
[1.948s] -- Up-to-date: /home/sunny/catkin_ws/install/uuv_gazebo_ros_plugins_msgs/include/uuv_gazebo_ros_plugins_msgs/uuv_gazebo_ros_plugins_msgs/srv/detail/get_model_properties__struct.hpp
[1.948s] -- Up-to-date: /home/sunny/catkin_ws/install/uuv_gazebo_ros_plugins_msgs/include/uuv_gazebo_ros_plugins_msgs/uuv_gazebo_ros_plugins_msgs/srv/detail/get_float__struct.hpp
[1.948s] -- Up-to-date: /home/sunny/catkin_ws/install/uuv_gazebo_ros_plugins_msgs/include/uuv_gazebo_ros_plugins_msgs/uuv_gazebo_ros_plugins_msgs/srv/detail/get_thruster_efficiency__struct.hpp
[1.948s] -- Up-to-date: /home/sunny/catkin_ws/install/uuv_gazebo_ros_plugins_msgs/include/uuv_gazebo_ros_plugins_msgs/uuv_gazebo_ros_plugins_msgs/srv/detail/set_use_global_current_vel__struct.hpp
[1.949s] -- Up-to-date: /home/sunny/catkin_ws/install/uuv_gazebo_ros_plugins_msgs/include/uuv_gazebo_ros_plugins_msgs/uuv_gazebo_ros_plugins_msgs/srv/get_list_param.hpp
[1.949s] -- Up-to-date: /home/sunny/catkin_ws/install/uuv_gazebo_ros_plugins_msgs/include/uuv_gazebo_ros_plugins_msgs/uuv_gazebo_ros_plugins_msgs/srv/set_float.hpp
[1.949s] -- Up-to-date: /home/sunny/catkin_ws/install/uuv_gazebo_ros_plugins_msgs/include/uuv_gazebo_ros_plugins_msgs/uuv_gazebo_ros_plugins_msgs/srv/get_float.hpp
[1.949s] -- Up-to-date: /home/sunny/catkin_ws/install/uuv_gazebo_ros_plugins_msgs/include/uuv_gazebo_ros_plugins_msgs/uuv_gazebo_ros_plugins_msgs/srv/set_thruster_state.hpp
[1.949s] -- Up-to-date: /home/sunny/catkin_ws/install/uuv_gazebo_ros_plugins_msgs/include/uuv_gazebo_ros_plugins_msgs/uuv_gazebo_ros_plugins_msgs/srv/set_thruster_efficiency.hpp
[1.949s] -- Up-to-date: /home/sunny/catkin_ws/install/uuv_gazebo_ros_plugins_msgs/include/uuv_gazebo_ros_plugins_msgs/uuv_gazebo_ros_plugins_msgs/srv/get_thruster_state.hpp
[1.949s] -- Up-to-date: /home/sunny/catkin_ws/install/uuv_gazebo_ros_plugins_msgs/include/uuv_gazebo_ros_plugins_msgs/uuv_gazebo_ros_plugins_msgs/srv/get_model_properties.hpp
[1.949s] -- Up-to-date: /home/sunny/catkin_ws/install/uuv_gazebo_ros_plugins_msgs/include/uuv_gazebo_ros_plugins_msgs/uuv_gazebo_ros_plugins_msgs/srv/get_thruster_efficiency.hpp
[1.949s] -- Up-to-date: /home/sunny/catkin_ws/install/uuv_gazebo_ros_plugins_msgs/include/uuv_gazebo_ros_plugins_msgs/uuv_gazebo_ros_plugins_msgs/msg
[1.949s] -- Up-to-date: /home/sunny/catkin_ws/install/uuv_gazebo_ros_plugins_msgs/include/uuv_gazebo_ros_plugins_msgs/uuv_gazebo_ros_plugins_msgs/msg/thruster_conversion_fcn.hpp
[1.949s] -- Up-to-date: /home/sunny/catkin_ws/install/uuv_gazebo_ros_plugins_msgs/include/uuv_gazebo_ros_plugins_msgs/uuv_gazebo_ros_plugins_msgs/msg/float_stamped.hpp
[1.949s] -- Up-to-date: /home/sunny/catkin_ws/install/uuv_gazebo_ros_plugins_msgs/include/uuv_gazebo_ros_plugins_msgs/uuv_gazebo_ros_plugins_msgs/msg/detail
[1.949s] -- Up-to-date: /home/sunny/catkin_ws/install/uuv_gazebo_ros_plugins_msgs/include/uuv_gazebo_ros_plugins_msgs/uuv_gazebo_ros_plugins_msgs/msg/detail/float_stamped__struct.hpp
[1.949s] -- Up-to-date: /home/sunny/catkin_ws/install/uuv_gazebo_ros_plugins_msgs/include/uuv_gazebo_ros_plugins_msgs/uuv_gazebo_ros_plugins_msgs/msg/detail/thruster_conversion_fcn__struct.hpp
[1.950s] -- Up-to-date: /home/sunny/catkin_ws/install/uuv_gazebo_ros_plugins_msgs/include/uuv_gazebo_ros_plugins_msgs/uuv_gazebo_ros_plugins_msgs/msg/detail/underwater_object_model__builder.hpp
[1.950s] -- Up-to-date: /home/sunny/catkin_ws/install/uuv_gazebo_ros_plugins_msgs/include/uuv_gazebo_ros_plugins_msgs/uuv_gazebo_ros_plugins_msgs/msg/detail/underwater_object_model__struct.hpp
[1.950s] -- Up-to-date: /home/sunny/catkin_ws/install/uuv_gazebo_ros_plugins_msgs/include/uuv_gazebo_ros_plugins_msgs/uuv_gazebo_ros_plugins_msgs/msg/detail/float_stamped__builder.hpp
[1.950s] -- Up-to-date: /home/sunny/catkin_ws/install/uuv_gazebo_ros_plugins_msgs/include/uuv_gazebo_ros_plugins_msgs/uuv_gazebo_ros_plugins_msgs/msg/detail/thruster_conversion_fcn__builder.hpp
[1.950s] -- Up-to-date: /home/sunny/catkin_ws/install/uuv_gazebo_ros_plugins_msgs/include/uuv_gazebo_ros_plugins_msgs/uuv_gazebo_ros_plugins_msgs/msg/detail/underwater_object_model__traits.hpp
[1.950s] -- Up-to-date: /home/sunny/catkin_ws/install/uuv_gazebo_ros_plugins_msgs/include/uuv_gazebo_ros_plugins_msgs/uuv_gazebo_ros_plugins_msgs/msg/detail/float_stamped__traits.hpp
[1.950s] -- Up-to-date: /home/sunny/catkin_ws/install/uuv_gazebo_ros_plugins_msgs/include/uuv_gazebo_ros_plugins_msgs/uuv_gazebo_ros_plugins_msgs/msg/detail/thruster_conversion_fcn__traits.hpp
[1.950s] -- Up-to-date: /home/sunny/catkin_ws/install/uuv_gazebo_ros_plugins_msgs/include/uuv_gazebo_ros_plugins_msgs/uuv_gazebo_ros_plugins_msgs/msg/underwater_object_model.hpp
[1.952s] -- Up-to-date: /home/sunny/catkin_ws/install/uuv_gazebo_ros_plugins_msgs/include/uuv_gazebo_ros_plugins_msgs/uuv_gazebo_ros_plugins_msgs
[1.954s] -- Up-to-date: /home/sunny/catkin_ws/install/uuv_gazebo_ros_plugins_msgs/include/uuv_gazebo_ros_plugins_msgs/uuv_gazebo_ros_plugins_msgs/srv
[1.954s] -- Up-to-date: /home/sunny/catkin_ws/install/uuv_gazebo_ros_plugins_msgs/include/uuv_gazebo_ros_plugins_msgs/uuv_gazebo_ros_plugins_msgs/srv/detail
[1.954s] -- Up-to-date: /home/sunny/catkin_ws/install/uuv_gazebo_ros_plugins_msgs/include/uuv_gazebo_ros_plugins_msgs/uuv_gazebo_ros_plugins_msgs/srv/detail/get_thruster_efficiency__rosidl_typesupport_fastrtps_cpp.hpp
[1.954s] -- Up-to-date: /home/sunny/catkin_ws/install/uuv_gazebo_ros_plugins_msgs/include/uuv_gazebo_ros_plugins_msgs/uuv_gazebo_ros_plugins_msgs/srv/detail/set_thruster_efficiency__rosidl_typesupport_fastrtps_cpp.hpp
[1.954s] -- Up-to-date: /home/sunny/catkin_ws/install/uuv_gazebo_ros_plugins_msgs/include/uuv_gazebo_ros_plugins_msgs/uuv_gazebo_ros_plugins_msgs/srv/detail/get_float__rosidl_typesupport_fastrtps_cpp.hpp
[1.954s] -- Up-to-date: /home/sunny/catkin_ws/install/uuv_gazebo_ros_plugins_msgs/include/uuv_gazebo_ros_plugins_msgs/uuv_gazebo_ros_plugins_msgs/srv/detail/set_use_global_current_vel__rosidl_typesupport_fastrtps_cpp.hpp
[1.954s] -- Up-to-date: /home/sunny/catkin_ws/install/uuv_gazebo_ros_plugins_msgs/include/uuv_gazebo_ros_plugins_msgs/uuv_gazebo_ros_plugins_msgs/srv/detail/set_float__rosidl_typesupport_fastrtps_cpp.hpp
[1.955s] -- Up-to-date: /home/sunny/catkin_ws/install/uuv_gazebo_ros_plugins_msgs/include/uuv_gazebo_ros_plugins_msgs/uuv_gazebo_ros_plugins_msgs/srv/detail/get_model_properties__rosidl_typesupport_fastrtps_cpp.hpp
[1.955s] -- Up-to-date: /home/sunny/catkin_ws/install/uuv_gazebo_ros_plugins_msgs/include/uuv_gazebo_ros_plugins_msgs/uuv_gazebo_ros_plugins_msgs/srv/detail/get_thruster_state__rosidl_typesupport_fastrtps_cpp.hpp
[1.955s] -- Up-to-date: /home/sunny/catkin_ws/install/uuv_gazebo_ros_plugins_msgs/include/uuv_gazebo_ros_plugins_msgs/uuv_gazebo_ros_plugins_msgs/srv/detail/get_list_param__rosidl_typesupport_fastrtps_cpp.hpp
[1.955s] -- Up-to-date: /home/sunny/catkin_ws/install/uuv_gazebo_ros_plugins_msgs/include/uuv_gazebo_ros_plugins_msgs/uuv_gazebo_ros_plugins_msgs/srv/detail/set_thruster_state__rosidl_typesupport_fastrtps_cpp.hpp
[1.955s] -- Up-to-date: /home/sunny/catkin_ws/install/uuv_gazebo_ros_plugins_msgs/include/uuv_gazebo_ros_plugins_msgs/uuv_gazebo_ros_plugins_msgs/srv/detail/get_thruster_conversion_fcn__rosidl_typesupport_fastrtps_cpp.hpp
[1.955s] -- Up-to-date: /home/sunny/catkin_ws/install/uuv_gazebo_ros_plugins_msgs/include/uuv_gazebo_ros_plugins_msgs/uuv_gazebo_ros_plugins_msgs/srv/detail/dds_fastrtps
[1.956s] -- Up-to-date: /home/sunny/catkin_ws/install/uuv_gazebo_ros_plugins_msgs/include/uuv_gazebo_ros_plugins_msgs/uuv_gazebo_ros_plugins_msgs/msg
[1.956s] -- Up-to-date: /home/sunny/catkin_ws/install/uuv_gazebo_ros_plugins_msgs/include/uuv_gazebo_ros_plugins_msgs/uuv_gazebo_ros_plugins_msgs/msg/detail
[1.956s] -- Up-to-date: /home/sunny/catkin_ws/install/uuv_gazebo_ros_plugins_msgs/include/uuv_gazebo_ros_plugins_msgs/uuv_gazebo_ros_plugins_msgs/msg/detail/underwater_object_model__rosidl_typesupport_fastrtps_cpp.hpp
[1.956s] -- Up-to-date: /home/sunny/catkin_ws/install/uuv_gazebo_ros_plugins_msgs/include/uuv_gazebo_ros_plugins_msgs/uuv_gazebo_ros_plugins_msgs/msg/detail/thruster_conversion_fcn__rosidl_typesupport_fastrtps_cpp.hpp
[1.956s] -- Up-to-date: /home/sunny/catkin_ws/install/uuv_gazebo_ros_plugins_msgs/include/uuv_gazebo_ros_plugins_msgs/uuv_gazebo_ros_plugins_msgs/msg/detail/float_stamped__rosidl_typesupport_fastrtps_cpp.hpp
[1.956s] -- Up-to-date: /home/sunny/catkin_ws/install/uuv_gazebo_ros_plugins_msgs/include/uuv_gazebo_ros_plugins_msgs/uuv_gazebo_ros_plugins_msgs/msg/detail/dds_fastrtps
[1.956s] -- Up-to-date: /home/sunny/catkin_ws/install/uuv_gazebo_ros_plugins_msgs/include/uuv_gazebo_ros_plugins_msgs/uuv_gazebo_ros_plugins_msgs/msg/rosidl_typesupport_fastrtps_cpp__visibility_control.h
[1.956s] -- Up-to-date: /home/sunny/catkin_ws/install/uuv_gazebo_ros_plugins_msgs/lib/libuuv_gazebo_ros_plugins_msgs__rosidl_typesupport_fastrtps_cpp.so
[1.956s] -- Up-to-date: /home/sunny/catkin_ws/install/uuv_gazebo_ros_plugins_msgs/include/uuv_gazebo_ros_plugins_msgs/uuv_gazebo_ros_plugins_msgs
[1.956s] -- Up-to-date: /home/sunny/catkin_ws/install/uuv_gazebo_ros_plugins_msgs/include/uuv_gazebo_ros_plugins_msgs/uuv_gazebo_ros_plugins_msgs/srv
[1.957s] -- Up-to-date: /home/sunny/catkin_ws/install/uuv_gazebo_ros_plugins_msgs/include/uuv_gazebo_ros_plugins_msgs/uuv_gazebo_ros_plugins_msgs/srv/detail
[1.957s] -- Up-to-date: /home/sunny/catkin_ws/install/uuv_gazebo_ros_plugins_msgs/include/uuv_gazebo_ros_plugins_msgs/uuv_gazebo_ros_plugins_msgs/srv/detail/get_model_properties__rosidl_typesupport_introspection_cpp.hpp
[1.957s] -- Up-to-date: /home/sunny/catkin_ws/install/uuv_gazebo_ros_plugins_msgs/include/uuv_gazebo_ros_plugins_msgs/uuv_gazebo_ros_plugins_msgs/srv/detail/get_thruster_conversion_fcn__rosidl_typesupport_introspection_cpp.hpp
[1.957s] -- Up-to-date: /home/sunny/catkin_ws/install/uuv_gazebo_ros_plugins_msgs/include/uuv_gazebo_ros_plugins_msgs/uuv_gazebo_ros_plugins_msgs/srv/detail/set_thruster_efficiency__rosidl_typesupport_introspection_cpp.hpp
[1.957s] -- Up-to-date: /home/sunny/catkin_ws/install/uuv_gazebo_ros_plugins_msgs/include/uuv_gazebo_ros_plugins_msgs/uuv_gazebo_ros_plugins_msgs/srv/detail/get_list_param__type_support.cpp
[1.958s] -- Up-to-date: /home/sunny/catkin_ws/install/uuv_gazebo_ros_plugins_msgs/include/uuv_gazebo_ros_plugins_msgs/uuv_gazebo_ros_plugins_msgs/srv/detail/get_thruster_state__rosidl_typesupport_introspection_cpp.hpp
[1.958s] -- Up-to-date: /home/sunny/catkin_ws/install/uuv_gazebo_ros_plugins_msgs/include/uuv_gazebo_ros_plugins_msgs/uuv_gazebo_ros_plugins_msgs/srv/detail/get_float__type_support.cpp
[1.958s] -- Up-to-date: /home/sunny/catkin_ws/install/uuv_gazebo_ros_plugins_msgs/include/uuv_gazebo_ros_plugins_msgs/uuv_gazebo_ros_plugins_msgs/srv/detail/get_thruster_efficiency__type_support.cpp
[1.958s] -- Up-to-date: /home/sunny/catkin_ws/install/uuv_gazebo_ros_plugins_msgs/include/uuv_gazebo_ros_plugins_msgs/uuv_gazebo_ros_plugins_msgs/srv/detail/set_thruster_state__rosidl_typesupport_introspection_cpp.hpp
[1.958s] -- Up-to-date: /home/sunny/catkin_ws/install/uuv_gazebo_ros_plugins_msgs/include/uuv_gazebo_ros_plugins_msgs/uuv_gazebo_ros_plugins_msgs/srv/detail/get_list_param__rosidl_typesupport_introspection_cpp.hpp
[1.958s] -- Up-to-date: /home/sunny/catkin_ws/install/uuv_gazebo_ros_plugins_msgs/include/uuv_gazebo_ros_plugins_msgs/uuv_gazebo_ros_plugins_msgs/srv/detail/set_float__type_support.cpp
[1.958s] -- Up-to-date: /home/sunny/catkin_ws/install/uuv_gazebo_ros_plugins_msgs/include/uuv_gazebo_ros_plugins_msgs/uuv_gazebo_ros_plugins_msgs/srv/detail/set_use_global_current_vel__type_support.cpp
[1.958s] -- Up-to-date: /home/sunny/catkin_ws/install/uuv_gazebo_ros_plugins_msgs/include/uuv_gazebo_ros_plugins_msgs/uuv_gazebo_ros_plugins_msgs/srv/detail/set_use_global_current_vel__rosidl_typesupport_introspection_cpp.hpp
[1.959s] -- Up-to-date: /home/sunny/catkin_ws/install/uuv_gazebo_ros_plugins_msgs/include/uuv_gazebo_ros_plugins_msgs/uuv_gazebo_ros_plugins_msgs/srv/detail/set_float__rosidl_typesupport_introspection_cpp.hpp
[1.959s] -- Up-to-date: /home/sunny/catkin_ws/install/uuv_gazebo_ros_plugins_msgs/include/uuv_gazebo_ros_plugins_msgs/uuv_gazebo_ros_plugins_msgs/srv/detail/set_thruster_efficiency__type_support.cpp
[1.959s] -- Up-to-date: /home/sunny/catkin_ws/install/uuv_gazebo_ros_plugins_msgs/include/uuv_gazebo_ros_plugins_msgs/uuv_gazebo_ros_plugins_msgs/srv/detail/get_thruster_efficiency__rosidl_typesupport_introspection_cpp.hpp
[1.959s] -- Up-to-date: /home/sunny/catkin_ws/install/uuv_gazebo_ros_plugins_msgs/include/uuv_gazebo_ros_plugins_msgs/uuv_gazebo_ros_plugins_msgs/srv/detail/set_thruster_state__type_support.cpp
[1.959s] -- Up-to-date: /home/sunny/catkin_ws/install/uuv_gazebo_ros_plugins_msgs/include/uuv_gazebo_ros_plugins_msgs/uuv_gazebo_ros_plugins_msgs/srv/detail/get_thruster_state__type_support.cpp
[1.959s] -- Up-to-date: /home/sunny/catkin_ws/install/uuv_gazebo_ros_plugins_msgs/include/uuv_gazebo_ros_plugins_msgs/uuv_gazebo_ros_plugins_msgs/srv/detail/get_model_properties__type_support.cpp
[1.959s] -- Up-to-date: /home/sunny/catkin_ws/install/uuv_gazebo_ros_plugins_msgs/include/uuv_gazebo_ros_plugins_msgs/uuv_gazebo_ros_plugins_msgs/srv/detail/get_thruster_conversion_fcn__type_support.cpp
[1.959s] -- Up-to-date: /home/sunny/catkin_ws/install/uuv_gazebo_ros_plugins_msgs/include/uuv_gazebo_ros_plugins_msgs/uuv_gazebo_ros_plugins_msgs/srv/detail/get_float__rosidl_typesupport_introspection_cpp.hpp
[1.959s] -- Up-to-date: /home/sunny/catkin_ws/install/uuv_gazebo_ros_plugins_msgs/include/uuv_gazebo_ros_plugins_msgs/uuv_gazebo_ros_plugins_msgs/msg
[1.959s] -- Up-to-date: /home/sunny/catkin_ws/install/uuv_gazebo_ros_plugins_msgs/include/uuv_gazebo_ros_plugins_msgs/uuv_gazebo_ros_plugins_msgs/msg/detail
[1.959s] -- Up-to-date: /home/sunny/catkin_ws/install/uuv_gazebo_ros_plugins_msgs/include/uuv_gazebo_ros_plugins_msgs/uuv_gazebo_ros_plugins_msgs/msg/detail/float_stamped__type_support.cpp
[1.959s] -- Up-to-date: /home/sunny/catkin_ws/install/uuv_gazebo_ros_plugins_msgs/include/uuv_gazebo_ros_plugins_msgs/uuv_gazebo_ros_plugins_msgs/msg/detail/underwater_object_model__rosidl_typesupport_introspection_cpp.hpp
[1.960s] -- Up-to-date: /home/sunny/catkin_ws/install/uuv_gazebo_ros_plugins_msgs/include/uuv_gazebo_ros_plugins_msgs/uuv_gazebo_ros_plugins_msgs/msg/detail/thruster_conversion_fcn__rosidl_typesupport_introspection_cpp.hpp
[1.960s] -- Up-to-date: /home/sunny/catkin_ws/install/uuv_gazebo_ros_plugins_msgs/include/uuv_gazebo_ros_plugins_msgs/uuv_gazebo_ros_plugins_msgs/msg/detail/underwater_object_model__type_support.cpp
[1.960s] -- Up-to-date: /home/sunny/catkin_ws/install/uuv_gazebo_ros_plugins_msgs/include/uuv_gazebo_ros_plugins_msgs/uuv_gazebo_ros_plugins_msgs/msg/detail/float_stamped__rosidl_typesupport_introspection_cpp.hpp
[1.960s] -- Up-to-date: /home/sunny/catkin_ws/install/uuv_gazebo_ros_plugins_msgs/include/uuv_gazebo_ros_plugins_msgs/uuv_gazebo_ros_plugins_msgs/msg/detail/thruster_conversion_fcn__type_support.cpp
[1.960s] -- Up-to-date: /home/sunny/catkin_ws/install/uuv_gazebo_ros_plugins_msgs/lib/libuuv_gazebo_ros_plugins_msgs__rosidl_typesupport_introspection_cpp.so
[1.960s] -- Up-to-date: /home/sunny/catkin_ws/install/uuv_gazebo_ros_plugins_msgs/lib/libuuv_gazebo_ros_plugins_msgs__rosidl_typesupport_cpp.so
[1.960s] -- Up-to-date: /home/sunny/catkin_ws/install/uuv_gazebo_ros_plugins_msgs/share/uuv_gazebo_ros_plugins_msgs/environment/pythonpath.sh
[1.962s] -- Up-to-date: /home/sunny/catkin_ws/install/uuv_gazebo_ros_plugins_msgs/share/uuv_gazebo_ros_plugins_msgs/environment/pythonpath.dsv
[1.962s] -- Up-to-date: /home/sunny/catkin_ws/install/uuv_gazebo_ros_plugins_msgs/local/lib/python3.10/dist-packages/uuv_gazebo_ros_plugins_msgs-0.6.1-py3.10.egg-info
[1.963s] -- Installing: /home/sunny/catkin_ws/install/uuv_gazebo_ros_plugins_msgs/local/lib/python3.10/dist-packages/uuv_gazebo_ros_plugins_msgs-0.6.1-py3.10.egg-info/PKG-INFO
[1.963s] -- Installing: /home/sunny/catkin_ws/install/uuv_gazebo_ros_plugins_msgs/local/lib/python3.10/dist-packages/uuv_gazebo_ros_plugins_msgs-0.6.1-py3.10.egg-info/SOURCES.txt
[1.963s] -- Installing: /home/sunny/catkin_ws/install/uuv_gazebo_ros_plugins_msgs/local/lib/python3.10/dist-packages/uuv_gazebo_ros_plugins_msgs-0.6.1-py3.10.egg-info/top_level.txt
[1.963s] -- Installing: /home/sunny/catkin_ws/install/uuv_gazebo_ros_plugins_msgs/local/lib/python3.10/dist-packages/uuv_gazebo_ros_plugins_msgs-0.6.1-py3.10.egg-info/dependency_links.txt
[1.963s] -- Up-to-date: /home/sunny/catkin_ws/install/uuv_gazebo_ros_plugins_msgs/local/lib/python3.10/dist-packages/uuv_gazebo_ros_plugins_msgs
[1.963s] -- Up-to-date: /home/sunny/catkin_ws/install/uuv_gazebo_ros_plugins_msgs/local/lib/python3.10/dist-packages/uuv_gazebo_ros_plugins_msgs/__init__.py
[1.963s] -- Up-to-date: /home/sunny/catkin_ws/install/uuv_gazebo_ros_plugins_msgs/local/lib/python3.10/dist-packages/uuv_gazebo_ros_plugins_msgs/srv
[1.963s] -- Up-to-date: /home/sunny/catkin_ws/install/uuv_gazebo_ros_plugins_msgs/local/lib/python3.10/dist-packages/uuv_gazebo_ros_plugins_msgs/srv/__init__.py
[1.963s] -- Up-to-date: /home/sunny/catkin_ws/install/uuv_gazebo_ros_plugins_msgs/local/lib/python3.10/dist-packages/uuv_gazebo_ros_plugins_msgs/srv/_get_float.py
[1.963s] -- Up-to-date: /home/sunny/catkin_ws/install/uuv_gazebo_ros_plugins_msgs/local/lib/python3.10/dist-packages/uuv_gazebo_ros_plugins_msgs/srv/_set_thruster_state_s.c
[1.964s] -- Up-to-date: /home/sunny/catkin_ws/install/uuv_gazebo_ros_plugins_msgs/local/lib/python3.10/dist-packages/uuv_gazebo_ros_plugins_msgs/srv/_get_thruster_state_s.c
[1.964s] -- Up-to-date: /home/sunny/catkin_ws/install/uuv_gazebo_ros_plugins_msgs/local/lib/python3.10/dist-packages/uuv_gazebo_ros_plugins_msgs/srv/_set_thruster_efficiency.py
[1.964s] -- Up-to-date: /home/sunny/catkin_ws/install/uuv_gazebo_ros_plugins_msgs/local/lib/python3.10/dist-packages/uuv_gazebo_ros_plugins_msgs/srv/_get_thruster_efficiency_s.c
[1.964s] -- Up-to-date: /home/sunny/catkin_ws/install/uuv_gazebo_ros_plugins_msgs/local/lib/python3.10/dist-packages/uuv_gazebo_ros_plugins_msgs/srv/_set_thruster_state.py
[1.964s] -- Up-to-date: /home/sunny/catkin_ws/install/uuv_gazebo_ros_plugins_msgs/local/lib/python3.10/dist-packages/uuv_gazebo_ros_plugins_msgs/srv/_get_thruster_state.py
[1.964s] -- Up-to-date: /home/sunny/catkin_ws/install/uuv_gazebo_ros_plugins_msgs/local/lib/python3.10/dist-packages/uuv_gazebo_ros_plugins_msgs/srv/_set_thruster_efficiency_s.c
[1.964s] -- Up-to-date: /home/sunny/catkin_ws/install/uuv_gazebo_ros_plugins_msgs/local/lib/python3.10/dist-packages/uuv_gazebo_ros_plugins_msgs/srv/_get_thruster_conversion_fcn.py
[1.964s] -- Up-to-date: /home/sunny/catkin_ws/install/uuv_gazebo_ros_plugins_msgs/local/lib/python3.10/dist-packages/uuv_gazebo_ros_plugins_msgs/srv/_get_float_s.c
[1.964s] -- Up-to-date: /home/sunny/catkin_ws/install/uuv_gazebo_ros_plugins_msgs/local/lib/python3.10/dist-packages/uuv_gazebo_ros_plugins_msgs/srv/_get_list_param_s.c
[1.964s] -- Up-to-date: /home/sunny/catkin_ws/install/uuv_gazebo_ros_plugins_msgs/local/lib/python3.10/dist-packages/uuv_gazebo_ros_plugins_msgs/srv/_set_float.py
[1.964s] -- Up-to-date: /home/sunny/catkin_ws/install/uuv_gazebo_ros_plugins_msgs/local/lib/python3.10/dist-packages/uuv_gazebo_ros_plugins_msgs/srv/_get_model_properties_s.c
[1.964s] -- Up-to-date: /home/sunny/catkin_ws/install/uuv_gazebo_ros_plugins_msgs/local/lib/python3.10/dist-packages/uuv_gazebo_ros_plugins_msgs/srv/_set_float_s.c
[1.964s] -- Up-to-date: /home/sunny/catkin_ws/install/uuv_gazebo_ros_plugins_msgs/local/lib/python3.10/dist-packages/uuv_gazebo_ros_plugins_msgs/srv/_get_list_param.py
[1.965s] -- Up-to-date: /home/sunny/catkin_ws/install/uuv_gazebo_ros_plugins_msgs/local/lib/python3.10/dist-packages/uuv_gazebo_ros_plugins_msgs/srv/_get_thruster_efficiency.py
[1.965s] -- Up-to-date: /home/sunny/catkin_ws/install/uuv_gazebo_ros_plugins_msgs/local/lib/python3.10/dist-packages/uuv_gazebo_ros_plugins_msgs/srv/_set_use_global_current_vel_s.c
[1.965s] -- Up-to-date: /home/sunny/catkin_ws/install/uuv_gazebo_ros_plugins_msgs/local/lib/python3.10/dist-packages/uuv_gazebo_ros_plugins_msgs/srv/_get_thruster_conversion_fcn_s.c
[1.965s] -- Up-to-date: /home/sunny/catkin_ws/install/uuv_gazebo_ros_plugins_msgs/local/lib/python3.10/dist-packages/uuv_gazebo_ros_plugins_msgs/srv/_get_model_properties.py
[1.965s] -- Up-to-date: /home/sunny/catkin_ws/install/uuv_gazebo_ros_plugins_msgs/local/lib/python3.10/dist-packages/uuv_gazebo_ros_plugins_msgs/srv/_set_use_global_current_vel.py
[1.965s] -- Up-to-date: /home/sunny/catkin_ws/install/uuv_gazebo_ros_plugins_msgs/local/lib/python3.10/dist-packages/uuv_gazebo_ros_plugins_msgs/libuuv_gazebo_ros_plugins_msgs__rosidl_generator_py.so
[1.965s] -- Up-to-date: /home/sunny/catkin_ws/install/uuv_gazebo_ros_plugins_msgs/local/lib/python3.10/dist-packages/uuv_gazebo_ros_plugins_msgs/uuv_gazebo_ros_plugins_msgs_s__rosidl_typesupport_introspection_c.cpython-310-x86_64-linux-gnu.so
[1.965s] -- Up-to-date: /home/sunny/catkin_ws/install/uuv_gazebo_ros_plugins_msgs/local/lib/python3.10/dist-packages/uuv_gazebo_ros_plugins_msgs/uuv_gazebo_ros_plugins_msgs_s__rosidl_typesupport_c.cpython-310-x86_64-linux-gnu.so
[1.965s] -- Up-to-date: /home/sunny/catkin_ws/install/uuv_gazebo_ros_plugins_msgs/local/lib/python3.10/dist-packages/uuv_gazebo_ros_plugins_msgs/_uuv_gazebo_ros_plugins_msgs_s.ep.rosidl_typesupport_introspection_c.c
[1.965s] -- Up-to-date: /home/sunny/catkin_ws/install/uuv_gazebo_ros_plugins_msgs/local/lib/python3.10/dist-packages/uuv_gazebo_ros_plugins_msgs/_uuv_gazebo_ros_plugins_msgs_s.ep.rosidl_typesupport_fastrtps_c.c
[1.965s] -- Up-to-date: /home/sunny/catkin_ws/install/uuv_gazebo_ros_plugins_msgs/local/lib/python3.10/dist-packages/uuv_gazebo_ros_plugins_msgs/uuv_gazebo_ros_plugins_msgs_s__rosidl_typesupport_fastrtps_c.cpython-310-x86_64-linux-gnu.so
[1.966s] -- Up-to-date: /home/sunny/catkin_ws/install/uuv_gazebo_ros_plugins_msgs/local/lib/python3.10/dist-packages/uuv_gazebo_ros_plugins_msgs/_uuv_gazebo_ros_plugins_msgs_s.ep.rosidl_typesupport_c.c
[1.966s] -- Up-to-date: /home/sunny/catkin_ws/install/uuv_gazebo_ros_plugins_msgs/local/lib/python3.10/dist-packages/uuv_gazebo_ros_plugins_msgs/msg
[1.966s] -- Up-to-date: /home/sunny/catkin_ws/install/uuv_gazebo_ros_plugins_msgs/local/lib/python3.10/dist-packages/uuv_gazebo_ros_plugins_msgs/msg/__init__.py
[1.966s] -- Up-to-date: /home/sunny/catkin_ws/install/uuv_gazebo_ros_plugins_msgs/local/lib/python3.10/dist-packages/uuv_gazebo_ros_plugins_msgs/msg/_thruster_conversion_fcn.py
[1.966s] -- Up-to-date: /home/sunny/catkin_ws/install/uuv_gazebo_ros_plugins_msgs/local/lib/python3.10/dist-packages/uuv_gazebo_ros_plugins_msgs/msg/_underwater_object_model_s.c
[1.966s] -- Up-to-date: /home/sunny/catkin_ws/install/uuv_gazebo_ros_plugins_msgs/local/lib/python3.10/dist-packages/uuv_gazebo_ros_plugins_msgs/msg/_float_stamped.py
[1.966s] -- Up-to-date: /home/sunny/catkin_ws/install/uuv_gazebo_ros_plugins_msgs/local/lib/python3.10/dist-packages/uuv_gazebo_ros_plugins_msgs/msg/_underwater_object_model.py
[1.966s] -- Up-to-date: /home/sunny/catkin_ws/install/uuv_gazebo_ros_plugins_msgs/local/lib/python3.10/dist-packages/uuv_gazebo_ros_plugins_msgs/msg/_float_stamped_s.c
[1.966s] -- Up-to-date: /home/sunny/catkin_ws/install/uuv_gazebo_ros_plugins_msgs/local/lib/python3.10/dist-packages/uuv_gazebo_ros_plugins_msgs/msg/_thruster_conversion_fcn_s.c
[1.967s] Listing '/home/sunny/catkin_ws/install/uuv_gazebo_ros_plugins_msgs/local/lib/python3.10/dist-packages/uuv_gazebo_ros_plugins_msgs'...
[1.967s] Listing '/home/sunny/catkin_ws/install/uuv_gazebo_ros_plugins_msgs/local/lib/python3.10/dist-packages/uuv_gazebo_ros_plugins_msgs/msg'...
[1.967s] Listing '/home/sunny/catkin_ws/install/uuv_gazebo_ros_plugins_msgs/local/lib/python3.10/dist-packages/uuv_gazebo_ros_plugins_msgs/srv'...
[1.981s] -- Up-to-date: /home/sunny/catkin_ws/install/uuv_gazebo_ros_plugins_msgs/local/lib/python3.10/dist-packages/uuv_gazebo_ros_plugins_msgs/uuv_gazebo_ros_plugins_msgs_s__rosidl_typesupport_fastrtps_c.cpython-310-x86_64-linux-gnu.so
[1.982s] -- Up-to-date: /home/sunny/catkin_ws/install/uuv_gazebo_ros_plugins_msgs/local/lib/python3.10/dist-packages/uuv_gazebo_ros_plugins_msgs/uuv_gazebo_ros_plugins_msgs_s__rosidl_typesupport_introspection_c.cpython-310-x86_64-linux-gnu.so
[1.984s] -- Up-to-date: /home/sunny/catkin_ws/install/uuv_gazebo_ros_plugins_msgs/local/lib/python3.10/dist-packages/uuv_gazebo_ros_plugins_msgs/uuv_gazebo_ros_plugins_msgs_s__rosidl_typesupport_c.cpython-310-x86_64-linux-gnu.so
[1.984s] -- Up-to-date: /home/sunny/catkin_ws/install/uuv_gazebo_ros_plugins_msgs/lib/libuuv_gazebo_ros_plugins_msgs__rosidl_generator_py.so
[1.984s] -- Up-to-date: /home/sunny/catkin_ws/install/uuv_gazebo_ros_plugins_msgs/share/uuv_gazebo_ros_plugins_msgs/msg/FloatStamped.idl
[1.984s] -- Up-to-date: /home/sunny/catkin_ws/install/uuv_gazebo_ros_plugins_msgs/share/uuv_gazebo_ros_plugins_msgs/msg/UnderwaterObjectModel.idl
[1.984s] -- Up-to-date: /home/sunny/catkin_ws/install/uuv_gazebo_ros_plugins_msgs/share/uuv_gazebo_ros_plugins_msgs/msg/ThrusterConversionFcn.idl
[1.984s] -- Up-to-date: /home/sunny/catkin_ws/install/uuv_gazebo_ros_plugins_msgs/share/uuv_gazebo_ros_plugins_msgs/srv/SetThrusterEfficiency.idl
[1.985s] -- Up-to-date: /home/sunny/catkin_ws/install/uuv_gazebo_ros_plugins_msgs/share/uuv_gazebo_ros_plugins_msgs/srv/SetThrusterState.idl
[1.985s] -- Up-to-date: /home/sunny/catkin_ws/install/uuv_gazebo_ros_plugins_msgs/share/uuv_gazebo_ros_plugins_msgs/srv/GetThrusterEfficiency.idl
[1.985s] -- Up-to-date: /home/sunny/catkin_ws/install/uuv_gazebo_ros_plugins_msgs/share/uuv_gazebo_ros_plugins_msgs/srv/GetThrusterState.idl
[1.985s] -- Up-to-date: /home/sunny/catkin_ws/install/uuv_gazebo_ros_plugins_msgs/share/uuv_gazebo_ros_plugins_msgs/srv/SetUseGlobalCurrentVel.idl
[1.985s] -- Up-to-date: /home/sunny/catkin_ws/install/uuv_gazebo_ros_plugins_msgs/share/uuv_gazebo_ros_plugins_msgs/srv/GetModelProperties.idl
[1.985s] -- Up-to-date: /home/sunny/catkin_ws/install/uuv_gazebo_ros_plugins_msgs/share/uuv_gazebo_ros_plugins_msgs/srv/SetFloat.idl
[1.985s] -- Up-to-date: /home/sunny/catkin_ws/install/uuv_gazebo_ros_plugins_msgs/share/uuv_gazebo_ros_plugins_msgs/srv/GetFloat.idl
[1.986s] -- Up-to-date: /home/sunny/catkin_ws/install/uuv_gazebo_ros_plugins_msgs/share/uuv_gazebo_ros_plugins_msgs/srv/GetListParam.idl
[1.988s] -- Up-to-date: /home/sunny/catkin_ws/install/uuv_gazebo_ros_plugins_msgs/share/uuv_gazebo_ros_plugins_msgs/srv/GetThrusterConversionFcn.idl
[1.988s] -- Up-to-date: /home/sunny/catkin_ws/install/uuv_gazebo_ros_plugins_msgs/share/uuv_gazebo_ros_plugins_msgs/msg/FloatStamped.msg
[1.988s] -- Up-to-date: /home/sunny/catkin_ws/install/uuv_gazebo_ros_plugins_msgs/share/uuv_gazebo_ros_plugins_msgs/msg/UnderwaterObjectModel.msg
[1.988s] -- Up-to-date: /home/sunny/catkin_ws/install/uuv_gazebo_ros_plugins_msgs/share/uuv_gazebo_ros_plugins_msgs/msg/ThrusterConversionFcn.msg
[1.988s] -- Up-to-date: /home/sunny/catkin_ws/install/uuv_gazebo_ros_plugins_msgs/share/uuv_gazebo_ros_plugins_msgs/srv/SetThrusterEfficiency.srv
[1.988s] -- Up-to-date: /home/sunny/catkin_ws/install/uuv_gazebo_ros_plugins_msgs/share/uuv_gazebo_ros_plugins_msgs/srv/SetThrusterEfficiency_Request.msg
[1.988s] -- Up-to-date: /home/sunny/catkin_ws/install/uuv_gazebo_ros_plugins_msgs/share/uuv_gazebo_ros_plugins_msgs/srv/SetThrusterEfficiency_Response.msg
[1.988s] -- Up-to-date: /home/sunny/catkin_ws/install/uuv_gazebo_ros_plugins_msgs/share/uuv_gazebo_ros_plugins_msgs/srv/SetThrusterState.srv
[1.988s] -- Up-to-date: /home/sunny/catkin_ws/install/uuv_gazebo_ros_plugins_msgs/share/uuv_gazebo_ros_plugins_msgs/srv/SetThrusterState_Request.msg
[1.988s] -- Up-to-date: /home/sunny/catkin_ws/install/uuv_gazebo_ros_plugins_msgs/share/uuv_gazebo_ros_plugins_msgs/srv/SetThrusterState_Response.msg
[1.988s] -- Up-to-date: /home/sunny/catkin_ws/install/uuv_gazebo_ros_plugins_msgs/share/uuv_gazebo_ros_plugins_msgs/srv/GetThrusterEfficiency.srv
[1.988s] -- Up-to-date: /home/sunny/catkin_ws/install/uuv_gazebo_ros_plugins_msgs/share/uuv_gazebo_ros_plugins_msgs/srv/GetThrusterEfficiency_Request.msg
[1.989s] -- Up-to-date: /home/sunny/catkin_ws/install/uuv_gazebo_ros_plugins_msgs/share/uuv_gazebo_ros_plugins_msgs/srv/GetThrusterEfficiency_Response.msg
[1.989s] -- Up-to-date: /home/sunny/catkin_ws/install/uuv_gazebo_ros_plugins_msgs/share/uuv_gazebo_ros_plugins_msgs/srv/GetThrusterState.srv
[1.989s] -- Up-to-date: /home/sunny/catkin_ws/install/uuv_gazebo_ros_plugins_msgs/share/uuv_gazebo_ros_plugins_msgs/srv/GetThrusterState_Request.msg
[1.989s] -- Up-to-date: /home/sunny/catkin_ws/install/uuv_gazebo_ros_plugins_msgs/share/uuv_gazebo_ros_plugins_msgs/srv/GetThrusterState_Response.msg
[1.989s] -- Up-to-date: /home/sunny/catkin_ws/install/uuv_gazebo_ros_plugins_msgs/share/uuv_gazebo_ros_plugins_msgs/srv/SetUseGlobalCurrentVel.srv
[1.989s] -- Up-to-date: /home/sunny/catkin_ws/install/uuv_gazebo_ros_plugins_msgs/share/uuv_gazebo_ros_plugins_msgs/srv/SetUseGlobalCurrentVel_Request.msg
[1.989s] -- Up-to-date: /home/sunny/catkin_ws/install/uuv_gazebo_ros_plugins_msgs/share/uuv_gazebo_ros_plugins_msgs/srv/SetUseGlobalCurrentVel_Response.msg
[1.989s] -- Up-to-date: /home/sunny/catkin_ws/install/uuv_gazebo_ros_plugins_msgs/share/uuv_gazebo_ros_plugins_msgs/srv/GetModelProperties.srv
[1.989s] -- Up-to-date: /home/sunny/catkin_ws/install/uuv_gazebo_ros_plugins_msgs/share/uuv_gazebo_ros_plugins_msgs/srv/GetModelProperties_Request.msg
[1.990s] -- Up-to-date: /home/sunny/catkin_ws/install/uuv_gazebo_ros_plugins_msgs/share/uuv_gazebo_ros_plugins_msgs/srv/GetModelProperties_Response.msg
[1.990s] -- Up-to-date: /home/sunny/catkin_ws/install/uuv_gazebo_ros_plugins_msgs/share/uuv_gazebo_ros_plugins_msgs/srv/SetFloat.srv
[1.990s] -- Up-to-date: /home/sunny/catkin_ws/install/uuv_gazebo_ros_plugins_msgs/share/uuv_gazebo_ros_plugins_msgs/srv/SetFloat_Request.msg
[1.990s] -- Up-to-date: /home/sunny/catkin_ws/install/uuv_gazebo_ros_plugins_msgs/share/uuv_gazebo_ros_plugins_msgs/srv/SetFloat_Response.msg
[1.990s] -- Up-to-date: /home/sunny/catkin_ws/install/uuv_gazebo_ros_plugins_msgs/share/uuv_gazebo_ros_plugins_msgs/srv/GetFloat.srv
[1.990s] -- Up-to-date: /home/sunny/catkin_ws/install/uuv_gazebo_ros_plugins_msgs/share/uuv_gazebo_ros_plugins_msgs/srv/GetFloat_Request.msg
[1.991s] -- Up-to-date: /home/sunny/catkin_ws/install/uuv_gazebo_ros_plugins_msgs/share/uuv_gazebo_ros_plugins_msgs/srv/GetFloat_Response.msg
[1.991s] -- Up-to-date: /home/sunny/catkin_ws/install/uuv_gazebo_ros_plugins_msgs/share/uuv_gazebo_ros_plugins_msgs/srv/GetListParam.srv
[1.991s] -- Up-to-date: /home/sunny/catkin_ws/install/uuv_gazebo_ros_plugins_msgs/share/uuv_gazebo_ros_plugins_msgs/srv/GetListParam_Request.msg
[1.991s] -- Up-to-date: /home/sunny/catkin_ws/install/uuv_gazebo_ros_plugins_msgs/share/uuv_gazebo_ros_plugins_msgs/srv/GetListParam_Response.msg
[1.991s] -- Up-to-date: /home/sunny/catkin_ws/install/uuv_gazebo_ros_plugins_msgs/share/uuv_gazebo_ros_plugins_msgs/srv/GetThrusterConversionFcn.srv
[1.991s] -- Up-to-date: /home/sunny/catkin_ws/install/uuv_gazebo_ros_plugins_msgs/share/uuv_gazebo_ros_plugins_msgs/srv/GetThrusterConversionFcn_Request.msg
[1.991s] -- Up-to-date: /home/sunny/catkin_ws/install/uuv_gazebo_ros_plugins_msgs/share/uuv_gazebo_ros_plugins_msgs/srv/GetThrusterConversionFcn_Response.msg
[1.991s] -- Up-to-date: /home/sunny/catkin_ws/install/uuv_gazebo_ros_plugins_msgs/share/ament_index/resource_index/package_run_dependencies/uuv_gazebo_ros_plugins_msgs
[1.991s] -- Up-to-date: /home/sunny/catkin_ws/install/uuv_gazebo_ros_plugins_msgs/share/ament_index/resource_index/parent_prefix_path/uuv_gazebo_ros_plugins_msgs
[1.991s] -- Up-to-date: /home/sunny/catkin_ws/install/uuv_gazebo_ros_plugins_msgs/share/uuv_gazebo_ros_plugins_msgs/environment/ament_prefix_path.sh
[1.991s] -- Up-to-date: /home/sunny/catkin_ws/install/uuv_gazebo_ros_plugins_msgs/share/uuv_gazebo_ros_plugins_msgs/environment/ament_prefix_path.dsv
[1.991s] -- Up-to-date: /home/sunny/catkin_ws/install/uuv_gazebo_ros_plugins_msgs/share/uuv_gazebo_ros_plugins_msgs/environment/path.sh
[1.992s] -- Up-to-date: /home/sunny/catkin_ws/install/uuv_gazebo_ros_plugins_msgs/share/uuv_gazebo_ros_plugins_msgs/environment/path.dsv
[1.992s] -- Up-to-date: /home/sunny/catkin_ws/install/uuv_gazebo_ros_plugins_msgs/share/uuv_gazebo_ros_plugins_msgs/local_setup.bash
[1.992s] -- Up-to-date: /home/sunny/catkin_ws/install/uuv_gazebo_ros_plugins_msgs/share/uuv_gazebo_ros_plugins_msgs/local_setup.sh
[1.992s] -- Up-to-date: /home/sunny/catkin_ws/install/uuv_gazebo_ros_plugins_msgs/share/uuv_gazebo_ros_plugins_msgs/local_setup.zsh
[1.992s] -- Up-to-date: /home/sunny/catkin_ws/install/uuv_gazebo_ros_plugins_msgs/share/uuv_gazebo_ros_plugins_msgs/local_setup.dsv
[1.992s] -- Installing: /home/sunny/catkin_ws/install/uuv_gazebo_ros_plugins_msgs/share/uuv_gazebo_ros_plugins_msgs/package.dsv
[1.992s] -- Up-to-date: /home/sunny/catkin_ws/install/uuv_gazebo_ros_plugins_msgs/share/ament_index/resource_index/packages/uuv_gazebo_ros_plugins_msgs
[1.993s] -- Up-to-date: /home/sunny/catkin_ws/install/uuv_gazebo_ros_plugins_msgs/share/uuv_gazebo_ros_plugins_msgs/cmake/export_uuv_gazebo_ros_plugins_msgs__rosidl_generator_cExport.cmake
[1.993s] -- Up-to-date: /home/sunny/catkin_ws/install/uuv_gazebo_ros_plugins_msgs/share/uuv_gazebo_ros_plugins_msgs/cmake/export_uuv_gazebo_ros_plugins_msgs__rosidl_generator_cExport-noconfig.cmake
[1.993s] -- Up-to-date: /home/sunny/catkin_ws/install/uuv_gazebo_ros_plugins_msgs/share/uuv_gazebo_ros_plugins_msgs/cmake/export_uuv_gazebo_ros_plugins_msgs__rosidl_typesupport_fastrtps_cExport.cmake
[1.993s] -- Up-to-date: /home/sunny/catkin_ws/install/uuv_gazebo_ros_plugins_msgs/share/uuv_gazebo_ros_plugins_msgs/cmake/export_uuv_gazebo_ros_plugins_msgs__rosidl_typesupport_fastrtps_cExport-noconfig.cmake
[1.993s] -- Up-to-date: /home/sunny/catkin_ws/install/uuv_gazebo_ros_plugins_msgs/share/uuv_gazebo_ros_plugins_msgs/cmake/uuv_gazebo_ros_plugins_msgs__rosidl_typesupport_introspection_cExport.cmake
[1.993s] -- Up-to-date: /home/sunny/catkin_ws/install/uuv_gazebo_ros_plugins_msgs/share/uuv_gazebo_ros_plugins_msgs/cmake/uuv_gazebo_ros_plugins_msgs__rosidl_typesupport_introspection_cExport-noconfig.cmake
[1.993s] -- Up-to-date: /home/sunny/catkin_ws/install/uuv_gazebo_ros_plugins_msgs/share/uuv_gazebo_ros_plugins_msgs/cmake/uuv_gazebo_ros_plugins_msgs__rosidl_typesupport_cExport.cmake
[1.993s] -- Up-to-date: /home/sunny/catkin_ws/install/uuv_gazebo_ros_plugins_msgs/share/uuv_gazebo_ros_plugins_msgs/cmake/uuv_gazebo_ros_plugins_msgs__rosidl_typesupport_cExport-noconfig.cmake
[1.993s] -- Up-to-date: /home/sunny/catkin_ws/install/uuv_gazebo_ros_plugins_msgs/share/uuv_gazebo_ros_plugins_msgs/cmake/export_uuv_gazebo_ros_plugins_msgs__rosidl_generator_cppExport.cmake
[1.993s] -- Up-to-date: /home/sunny/catkin_ws/install/uuv_gazebo_ros_plugins_msgs/share/uuv_gazebo_ros_plugins_msgs/cmake/export_uuv_gazebo_ros_plugins_msgs__rosidl_typesupport_fastrtps_cppExport.cmake
[1.993s] -- Up-to-date: /home/sunny/catkin_ws/install/uuv_gazebo_ros_plugins_msgs/share/uuv_gazebo_ros_plugins_msgs/cmake/export_uuv_gazebo_ros_plugins_msgs__rosidl_typesupport_fastrtps_cppExport-noconfig.cmake
[1.994s] -- Up-to-date: /home/sunny/catkin_ws/install/uuv_gazebo_ros_plugins_msgs/share/uuv_gazebo_ros_plugins_msgs/cmake/uuv_gazebo_ros_plugins_msgs__rosidl_typesupport_introspection_cppExport.cmake
[1.994s] -- Up-to-date: /home/sunny/catkin_ws/install/uuv_gazebo_ros_plugins_msgs/share/uuv_gazebo_ros_plugins_msgs/cmake/uuv_gazebo_ros_plugins_msgs__rosidl_typesupport_introspection_cppExport-noconfig.cmake
[1.995s] -- Up-to-date: /home/sunny/catkin_ws/install/uuv_gazebo_ros_plugins_msgs/share/uuv_gazebo_ros_plugins_msgs/cmake/uuv_gazebo_ros_plugins_msgs__rosidl_typesupport_cppExport.cmake
[1.995s] -- Up-to-date: /home/sunny/catkin_ws/install/uuv_gazebo_ros_plugins_msgs/share/uuv_gazebo_ros_plugins_msgs/cmake/uuv_gazebo_ros_plugins_msgs__rosidl_typesupport_cppExport-noconfig.cmake
[1.995s] -- Up-to-date: /home/sunny/catkin_ws/install/uuv_gazebo_ros_plugins_msgs/share/uuv_gazebo_ros_plugins_msgs/cmake/export_uuv_gazebo_ros_plugins_msgs__rosidl_generator_pyExport.cmake
[1.995s] -- Up-to-date: /home/sunny/catkin_ws/install/uuv_gazebo_ros_plugins_msgs/share/uuv_gazebo_ros_plugins_msgs/cmake/export_uuv_gazebo_ros_plugins_msgs__rosidl_generator_pyExport-noconfig.cmake
[1.995s] -- Up-to-date: /home/sunny/catkin_ws/install/uuv_gazebo_ros_plugins_msgs/share/uuv_gazebo_ros_plugins_msgs/cmake/rosidl_cmake-extras.cmake
[1.995s] -- Up-to-date: /home/sunny/catkin_ws/install/uuv_gazebo_ros_plugins_msgs/share/uuv_gazebo_ros_plugins_msgs/cmake/ament_cmake_export_dependencies-extras.cmake
[1.995s] -- Up-to-date: /home/sunny/catkin_ws/install/uuv_gazebo_ros_plugins_msgs/share/uuv_gazebo_ros_plugins_msgs/cmake/ament_cmake_export_include_directories-extras.cmake
[1.995s] -- Up-to-date: /home/sunny/catkin_ws/install/uuv_gazebo_ros_plugins_msgs/share/uuv_gazebo_ros_plugins_msgs/cmake/ament_cmake_export_libraries-extras.cmake
[1.996s] -- Up-to-date: /home/sunny/catkin_ws/install/uuv_gazebo_ros_plugins_msgs/share/uuv_gazebo_ros_plugins_msgs/cmake/ament_cmake_export_targets-extras.cmake
[1.996s] -- Up-to-date: /home/sunny/catkin_ws/install/uuv_gazebo_ros_plugins_msgs/share/uuv_gazebo_ros_plugins_msgs/cmake/rosidl_cmake_export_typesupport_targets-extras.cmake
[1.996s] -- Up-to-date: /home/sunny/catkin_ws/install/uuv_gazebo_ros_plugins_msgs/share/uuv_gazebo_ros_plugins_msgs/cmake/rosidl_cmake_export_typesupport_libraries-extras.cmake
[1.996s] -- Up-to-date: /home/sunny/catkin_ws/install/uuv_gazebo_ros_plugins_msgs/share/uuv_gazebo_ros_plugins_msgs/cmake/uuv_gazebo_ros_plugins_msgsConfig.cmake
[1.996s] -- Up-to-date: /home/sunny/catkin_ws/install/uuv_gazebo_ros_plugins_msgs/share/uuv_gazebo_ros_plugins_msgs/cmake/uuv_gazebo_ros_plugins_msgsConfig-version.cmake
[1.996s] -- Up-to-date: /home/sunny/catkin_ws/install/uuv_gazebo_ros_plugins_msgs/share/uuv_gazebo_ros_plugins_msgs/package.xml
[2.266s] Invoked command in '/home/sunny/catkin_ws/build/uuv_gazebo_ros_plugins_msgs' returned '0': CMAKE_PREFIX_PATH=${CMAKE_PREFIX_PATH}:/home/sunny/catkin_ws/install/beluga_adapter:/opt/ros/humble /usr/bin/cmake --install /home/sunny/catkin_ws/build/uuv_gazebo_ros_plugins_msgs
