[0.629s] Invoking command in '/home/sunny/catkin_ws/build/uuv_thruster_manager': CMAKE_PREFIX_PATH=/home/sunny/catkin_ws/install/uuv_assistants:/home/sunny/catkin_ws/install/uuv_gazebo_ros_plugins_msgs:/home/sunny/catkin_ws/install/plankton_utils:/home/sunny/catkin_ws/install/uuv_control_utils:/home/sunny/catkin_ws/install/uuv_world_ros_plugins_msgs:/home/sunny/catkin_ws/install/uuv_world_plugins:/home/sunny/catkin_ws/install/uuv_tutorial_seabed_world:/home/sunny/catkin_ws/install/uuv_trajectory_control:/home/sunny/catkin_ws/install/uuv_thruster_manager:/home/sunny/catkin_ws/install/uuv_sensor_ros_plugins_msgs:/home/sunny/catkin_ws/install/uuv_gazebo_worlds:/home/sunny/catkin_ws/install/uuv_gazebo_plugins:/home/sunny/catkin_ws/install/uuv_gazebo:/home/sunny/catkin_ws/install/uuv_control_msgs:/home/sunny/catkin_ws/install/uuv_control_cascaded_pid:/home/sunny/catkin_ws/install/uuv_auv_control_allocator:/home/sunny/catkin_ws/install/turtlesim:/home/sunny/catkin_ws/install/common_msgs:/home/sunny/catkin_ws/install/beluga_simulator:/home/sunny/catkin_ws/install/beluga_adapter:/opt/ros/humble LD_LIBRARY_PATH=/home/sunny/catkin_ws/install/uuv_gazebo_ros_plugins_msgs/lib:/home/sunny/catkin_ws/install/uuv_world_ros_plugins_msgs/lib:/home/sunny/catkin_ws/install/uuv_world_plugins/lib:/home/sunny/catkin_ws/install/uuv_thruster_manager/lib:/home/sunny/catkin_ws/install/uuv_sensor_ros_plugins_msgs/lib:/home/sunny/catkin_ws/install/uuv_gazebo_plugins/lib:/home/sunny/catkin_ws/install/uuv_control_msgs/lib:/home/sunny/catkin_ws/install/uuv_auv_control_allocator/lib:/home/sunny/catkin_ws/install/turtlesim/lib:/home/sunny/catkin_ws/install/common_msgs/lib:/opt/ros/humble/opt/rviz_ogre_vendor/lib:/opt/ros/humble/lib/x86_64-linux-gnu:/opt/ros/humble/lib:/usr/lib/x86_64-linux-gnu/gazebo-11/plugins:/usr/lib/x86_64-linux-gnu/gazebo-11/plugins:/usr/lib/x86_64-linux-gnu/gazebo-11/plugins /usr/bin/cmake --build /home/sunny/catkin_ws/build/uuv_thruster_manager -- -j16 -l16
[0.981s] [  1%] Built target uuv_thruster_manager__cpp
[1.074s] [  3%] Built target ament_cmake_python_copy_uuv_thrusters
[1.078s] [ 12%] Built target uuv_thruster_manager__rosidl_generator_c
[1.129s] [ 12%] Built target ament_cmake_python_copy_uuv_thrusters.models
[1.134s] [ 12%] Built target ament_cmake_python_copy_uuv_thruster_manager
[1.220s] [ 23%] Built target uuv_thruster_manager__rosidl_typesupport_cpp
[1.236s] [ 34%] Built target uuv_thruster_manager__rosidl_typesupport_fastrtps_cpp
[1.270s] [ 45%] Built target uuv_thruster_manager__rosidl_typesupport_introspection_c
[1.338s] [ 56%] Built target uuv_thruster_manager__rosidl_typesupport_c
[1.418s] [ 67%] Built target uuv_thruster_manager__rosidl_typesupport_introspection_cpp
[1.538s] [ 78%] Built target uuv_thruster_manager__rosidl_typesupport_fastrtps_c
[1.715s] [ 78%] Built target uuv_thruster_manager
[1.929s] [ 80%] Built target uuv_thruster_manager__py
[1.963s] running egg_info
[1.963s] writing uuv_thrusters.models.egg-info/PKG-INFO
[1.963s] writing dependency_links to uuv_thrusters.models.egg-info/dependency_links.txt
[1.963s] writing top-level names to uuv_thrusters.models.egg-info/top_level.txt
[1.963s] reading manifest file 'uuv_thrusters.models.egg-info/SOURCES.txt'
[1.964s] writing manifest file 'uuv_thrusters.models.egg-info/SOURCES.txt'
[2.071s] running egg_info
[2.072s] writing uuv_thrusters.egg-info/PKG-INFO
[2.073s] writing dependency_links to uuv_thrusters.egg-info/dependency_links.txt
[2.074s] writing top-level names to uuv_thrusters.egg-info/top_level.txt
[2.078s] reading manifest file 'uuv_thrusters.egg-info/SOURCES.txt'
[2.079s] writing manifest file 'uuv_thrusters.egg-info/SOURCES.txt'
[2.088s] running egg_info
[2.094s] writing uuv_thruster_manager.egg-info/PKG-INFO
[2.094s] writing dependency_links to uuv_thruster_manager.egg-info/dependency_links.txt
[2.095s] writing top-level names to uuv_thruster_manager.egg-info/top_level.txt
[2.099s] reading manifest file 'uuv_thruster_manager.egg-info/SOURCES.txt'
[2.099s] writing manifest file 'uuv_thruster_manager.egg-info/SOURCES.txt'
[2.125s] [ 89%] Built target uuv_thruster_manager__rosidl_generator_py
[2.166s] [ 89%] Built target ament_cmake_python_build_uuv_thrusters.models_egg
[2.259s] [ 89%] Built target ament_cmake_python_build_uuv_thrusters_egg
[2.286s] [ 89%] Built target ament_cmake_python_build_uuv_thruster_manager_egg
[2.294s] [ 92%] Built target uuv_thruster_manager__rosidl_typesupport_fastrtps_c__pyext
[2.297s] [100%] Built target uuv_thruster_manager__rosidl_typesupport_c__pyext
[2.297s] [100%] Built target uuv_thruster_manager__rosidl_typesupport_introspection_c__pyext
[2.390s] Invoked command in '/home/sunny/catkin_ws/build/uuv_thruster_manager' returned '0': CMAKE_PREFIX_PATH=/home/sunny/catkin_ws/install/uuv_assistants:/home/sunny/catkin_ws/install/uuv_gazebo_ros_plugins_msgs:/home/sunny/catkin_ws/install/plankton_utils:/home/sunny/catkin_ws/install/uuv_control_utils:/home/sunny/catkin_ws/install/uuv_world_ros_plugins_msgs:/home/sunny/catkin_ws/install/uuv_world_plugins:/home/sunny/catkin_ws/install/uuv_tutorial_seabed_world:/home/sunny/catkin_ws/install/uuv_trajectory_control:/home/sunny/catkin_ws/install/uuv_thruster_manager:/home/sunny/catkin_ws/install/uuv_sensor_ros_plugins_msgs:/home/sunny/catkin_ws/install/uuv_gazebo_worlds:/home/sunny/catkin_ws/install/uuv_gazebo_plugins:/home/sunny/catkin_ws/install/uuv_gazebo:/home/sunny/catkin_ws/install/uuv_control_msgs:/home/sunny/catkin_ws/install/uuv_control_cascaded_pid:/home/sunny/catkin_ws/install/uuv_auv_control_allocator:/home/sunny/catkin_ws/install/turtlesim:/home/sunny/catkin_ws/install/common_msgs:/home/sunny/catkin_ws/install/beluga_simulator:/home/sunny/catkin_ws/install/beluga_adapter:/opt/ros/humble LD_LIBRARY_PATH=/home/sunny/catkin_ws/install/uuv_gazebo_ros_plugins_msgs/lib:/home/sunny/catkin_ws/install/uuv_world_ros_plugins_msgs/lib:/home/sunny/catkin_ws/install/uuv_world_plugins/lib:/home/sunny/catkin_ws/install/uuv_thruster_manager/lib:/home/sunny/catkin_ws/install/uuv_sensor_ros_plugins_msgs/lib:/home/sunny/catkin_ws/install/uuv_gazebo_plugins/lib:/home/sunny/catkin_ws/install/uuv_control_msgs/lib:/home/sunny/catkin_ws/install/uuv_auv_control_allocator/lib:/home/sunny/catkin_ws/install/turtlesim/lib:/home/sunny/catkin_ws/install/common_msgs/lib:/opt/ros/humble/opt/rviz_ogre_vendor/lib:/opt/ros/humble/lib/x86_64-linux-gnu:/opt/ros/humble/lib:/usr/lib/x86_64-linux-gnu/gazebo-11/plugins:/usr/lib/x86_64-linux-gnu/gazebo-11/plugins:/usr/lib/x86_64-linux-gnu/gazebo-11/plugins /usr/bin/cmake --build /home/sunny/catkin_ws/build/uuv_thruster_manager -- -j16 -l16
[4.736s] Invoking command in '/home/sunny/catkin_ws/build/uuv_thruster_manager': CMAKE_PREFIX_PATH=/home/sunny/catkin_ws/install/uuv_assistants:/home/sunny/catkin_ws/install/uuv_gazebo_ros_plugins_msgs:/home/sunny/catkin_ws/install/plankton_utils:/home/sunny/catkin_ws/install/uuv_control_utils:/home/sunny/catkin_ws/install/uuv_world_ros_plugins_msgs:/home/sunny/catkin_ws/install/uuv_world_plugins:/home/sunny/catkin_ws/install/uuv_tutorial_seabed_world:/home/sunny/catkin_ws/install/uuv_trajectory_control:/home/sunny/catkin_ws/install/uuv_thruster_manager:/home/sunny/catkin_ws/install/uuv_sensor_ros_plugins_msgs:/home/sunny/catkin_ws/install/uuv_gazebo_worlds:/home/sunny/catkin_ws/install/uuv_gazebo_plugins:/home/sunny/catkin_ws/install/uuv_gazebo:/home/sunny/catkin_ws/install/uuv_control_msgs:/home/sunny/catkin_ws/install/uuv_control_cascaded_pid:/home/sunny/catkin_ws/install/uuv_auv_control_allocator:/home/sunny/catkin_ws/install/turtlesim:/home/sunny/catkin_ws/install/common_msgs:/home/sunny/catkin_ws/install/beluga_simulator:/home/sunny/catkin_ws/install/beluga_adapter:/opt/ros/humble LD_LIBRARY_PATH=/home/sunny/catkin_ws/install/uuv_gazebo_ros_plugins_msgs/lib:/home/sunny/catkin_ws/install/uuv_world_ros_plugins_msgs/lib:/home/sunny/catkin_ws/install/uuv_world_plugins/lib:/home/sunny/catkin_ws/install/uuv_thruster_manager/lib:/home/sunny/catkin_ws/install/uuv_sensor_ros_plugins_msgs/lib:/home/sunny/catkin_ws/install/uuv_gazebo_plugins/lib:/home/sunny/catkin_ws/install/uuv_control_msgs/lib:/home/sunny/catkin_ws/install/uuv_auv_control_allocator/lib:/home/sunny/catkin_ws/install/turtlesim/lib:/home/sunny/catkin_ws/install/common_msgs/lib:/opt/ros/humble/opt/rviz_ogre_vendor/lib:/opt/ros/humble/lib/x86_64-linux-gnu:/opt/ros/humble/lib:/usr/lib/x86_64-linux-gnu/gazebo-11/plugins:/usr/lib/x86_64-linux-gnu/gazebo-11/plugins:/usr/lib/x86_64-linux-gnu/gazebo-11/plugins /usr/bin/cmake --install /home/sunny/catkin_ws/build/uuv_thruster_manager
[4.771s] -- Install configuration: ""
[4.772s] -- Up-to-date: /home/sunny/catkin_ws/install/uuv_thruster_manager/share/ament_index/resource_index/rosidl_interfaces/uuv_thruster_manager
[4.772s] -- Up-to-date: /home/sunny/catkin_ws/install/uuv_thruster_manager/include/uuv_thruster_manager/uuv_thruster_manager
[4.772s] -- Up-to-date: /home/sunny/catkin_ws/install/uuv_thruster_manager/include/uuv_thruster_manager/uuv_thruster_manager/srv
[4.772s] -- Up-to-date: /home/sunny/catkin_ws/install/uuv_thruster_manager/include/uuv_thruster_manager/uuv_thruster_manager/srv/get_thruster_manager_config.h
[4.772s] -- Up-to-date: /home/sunny/catkin_ws/install/uuv_thruster_manager/include/uuv_thruster_manager/uuv_thruster_manager/srv/set_thruster_manager_config.h
[4.772s] -- Up-to-date: /home/sunny/catkin_ws/install/uuv_thruster_manager/include/uuv_thruster_manager/uuv_thruster_manager/srv/detail
[4.772s] -- Up-to-date: /home/sunny/catkin_ws/install/uuv_thruster_manager/include/uuv_thruster_manager/uuv_thruster_manager/srv/detail/thruster_manager_info__functions.c
[4.773s] -- Up-to-date: /home/sunny/catkin_ws/install/uuv_thruster_manager/include/uuv_thruster_manager/uuv_thruster_manager/srv/detail/get_thruster_manager_config__struct.h
[4.773s] -- Up-to-date: /home/sunny/catkin_ws/install/uuv_thruster_manager/include/uuv_thruster_manager/uuv_thruster_manager/srv/detail/set_thruster_manager_config__struct.h
[4.773s] -- Up-to-date: /home/sunny/catkin_ws/install/uuv_thruster_manager/include/uuv_thruster_manager/uuv_thruster_manager/srv/detail/set_thruster_manager_config__type_support.h
[4.773s] -- Up-to-date: /home/sunny/catkin_ws/install/uuv_thruster_manager/include/uuv_thruster_manager/uuv_thruster_manager/srv/detail/set_thruster_manager_config__functions.h
[4.773s] -- Up-to-date: /home/sunny/catkin_ws/install/uuv_thruster_manager/include/uuv_thruster_manager/uuv_thruster_manager/srv/detail/get_thruster_curve__type_support.h
[4.773s] -- Up-to-date: /home/sunny/catkin_ws/install/uuv_thruster_manager/include/uuv_thruster_manager/uuv_thruster_manager/srv/detail/get_thruster_curve__functions.h
[4.773s] -- Up-to-date: /home/sunny/catkin_ws/install/uuv_thruster_manager/include/uuv_thruster_manager/uuv_thruster_manager/srv/detail/get_thruster_manager_config__functions.c
[4.773s] -- Up-to-date: /home/sunny/catkin_ws/install/uuv_thruster_manager/include/uuv_thruster_manager/uuv_thruster_manager/srv/detail/set_thruster_manager_config__functions.c
[4.774s] -- Up-to-date: /home/sunny/catkin_ws/install/uuv_thruster_manager/include/uuv_thruster_manager/uuv_thruster_manager/srv/detail/thruster_manager_info__type_support.h
[4.774s] -- Up-to-date: /home/sunny/catkin_ws/install/uuv_thruster_manager/include/uuv_thruster_manager/uuv_thruster_manager/srv/detail/get_thruster_curve__functions.c
[4.774s] -- Up-to-date: /home/sunny/catkin_ws/install/uuv_thruster_manager/include/uuv_thruster_manager/uuv_thruster_manager/srv/detail/get_thruster_curve__struct.h
[4.774s] -- Up-to-date: /home/sunny/catkin_ws/install/uuv_thruster_manager/include/uuv_thruster_manager/uuv_thruster_manager/srv/detail/thruster_manager_info__functions.h
[4.774s] -- Up-to-date: /home/sunny/catkin_ws/install/uuv_thruster_manager/include/uuv_thruster_manager/uuv_thruster_manager/srv/detail/get_thruster_manager_config__functions.h
[4.774s] -- Up-to-date: /home/sunny/catkin_ws/install/uuv_thruster_manager/include/uuv_thruster_manager/uuv_thruster_manager/srv/detail/thruster_manager_info__struct.h
[4.774s] -- Up-to-date: /home/sunny/catkin_ws/install/uuv_thruster_manager/include/uuv_thruster_manager/uuv_thruster_manager/srv/detail/get_thruster_manager_config__type_support.h
[4.774s] -- Up-to-date: /home/sunny/catkin_ws/install/uuv_thruster_manager/include/uuv_thruster_manager/uuv_thruster_manager/srv/get_thruster_curve.h
[4.774s] -- Up-to-date: /home/sunny/catkin_ws/install/uuv_thruster_manager/include/uuv_thruster_manager/uuv_thruster_manager/srv/thruster_manager_info.h
[4.774s] -- Up-to-date: /home/sunny/catkin_ws/install/uuv_thruster_manager/include/uuv_thruster_manager/uuv_thruster_manager/msg
[4.774s] -- Up-to-date: /home/sunny/catkin_ws/install/uuv_thruster_manager/include/uuv_thruster_manager/uuv_thruster_manager/msg/rosidl_generator_c__visibility_control.h
[4.775s] -- Up-to-date: /home/sunny/catkin_ws/install/uuv_thruster_manager/share/uuv_thruster_manager/environment/library_path.sh
[4.775s] -- Up-to-date: /home/sunny/catkin_ws/install/uuv_thruster_manager/share/uuv_thruster_manager/environment/library_path.dsv
[4.775s] -- Up-to-date: /home/sunny/catkin_ws/install/uuv_thruster_manager/lib/libuuv_thruster_manager__rosidl_generator_c.so
[4.775s] -- Up-to-date: /home/sunny/catkin_ws/install/uuv_thruster_manager/include/uuv_thruster_manager/uuv_thruster_manager
[4.775s] -- Up-to-date: /home/sunny/catkin_ws/install/uuv_thruster_manager/include/uuv_thruster_manager/uuv_thruster_manager/srv
[4.775s] -- Up-to-date: /home/sunny/catkin_ws/install/uuv_thruster_manager/include/uuv_thruster_manager/uuv_thruster_manager/srv/detail
[4.775s] -- Up-to-date: /home/sunny/catkin_ws/install/uuv_thruster_manager/include/uuv_thruster_manager/uuv_thruster_manager/srv/detail/set_thruster_manager_config__rosidl_typesupport_fastrtps_c.h
[4.775s] -- Up-to-date: /home/sunny/catkin_ws/install/uuv_thruster_manager/include/uuv_thruster_manager/uuv_thruster_manager/srv/detail/get_thruster_manager_config__rosidl_typesupport_fastrtps_c.h
[4.775s] -- Up-to-date: /home/sunny/catkin_ws/install/uuv_thruster_manager/include/uuv_thruster_manager/uuv_thruster_manager/srv/detail/thruster_manager_info__rosidl_typesupport_fastrtps_c.h
[4.775s] -- Up-to-date: /home/sunny/catkin_ws/install/uuv_thruster_manager/include/uuv_thruster_manager/uuv_thruster_manager/srv/detail/get_thruster_curve__rosidl_typesupport_fastrtps_c.h
[4.775s] -- Up-to-date: /home/sunny/catkin_ws/install/uuv_thruster_manager/include/uuv_thruster_manager/uuv_thruster_manager/msg
[4.776s] -- Up-to-date: /home/sunny/catkin_ws/install/uuv_thruster_manager/include/uuv_thruster_manager/uuv_thruster_manager/msg/rosidl_typesupport_fastrtps_c__visibility_control.h
[4.776s] -- Up-to-date: /home/sunny/catkin_ws/install/uuv_thruster_manager/lib/libuuv_thruster_manager__rosidl_typesupport_fastrtps_c.so
[4.776s] -- Up-to-date: /home/sunny/catkin_ws/install/uuv_thruster_manager/include/uuv_thruster_manager/uuv_thruster_manager
[4.776s] -- Up-to-date: /home/sunny/catkin_ws/install/uuv_thruster_manager/include/uuv_thruster_manager/uuv_thruster_manager/srv
[4.776s] -- Up-to-date: /home/sunny/catkin_ws/install/uuv_thruster_manager/include/uuv_thruster_manager/uuv_thruster_manager/srv/get_thruster_curve.hpp
[4.777s] -- Up-to-date: /home/sunny/catkin_ws/install/uuv_thruster_manager/include/uuv_thruster_manager/uuv_thruster_manager/srv/get_thruster_manager_config.hpp
[4.777s] -- Up-to-date: /home/sunny/catkin_ws/install/uuv_thruster_manager/include/uuv_thruster_manager/uuv_thruster_manager/srv/detail
[4.777s] -- Up-to-date: /home/sunny/catkin_ws/install/uuv_thruster_manager/include/uuv_thruster_manager/uuv_thruster_manager/srv/detail/thruster_manager_info__struct.hpp
[4.777s] -- Up-to-date: /home/sunny/catkin_ws/install/uuv_thruster_manager/include/uuv_thruster_manager/uuv_thruster_manager/srv/detail/get_thruster_curve__struct.hpp
[4.777s] -- Up-to-date: /home/sunny/catkin_ws/install/uuv_thruster_manager/include/uuv_thruster_manager/uuv_thruster_manager/srv/detail/get_thruster_manager_config__builder.hpp
[4.777s] -- Up-to-date: /home/sunny/catkin_ws/install/uuv_thruster_manager/include/uuv_thruster_manager/uuv_thruster_manager/srv/detail/get_thruster_curve__builder.hpp
[4.778s] -- Up-to-date: /home/sunny/catkin_ws/install/uuv_thruster_manager/include/uuv_thruster_manager/uuv_thruster_manager/srv/detail/get_thruster_manager_config__struct.hpp
[4.778s] -- Up-to-date: /home/sunny/catkin_ws/install/uuv_thruster_manager/include/uuv_thruster_manager/uuv_thruster_manager/srv/detail/thruster_manager_info__builder.hpp
[4.778s] -- Up-to-date: /home/sunny/catkin_ws/install/uuv_thruster_manager/include/uuv_thruster_manager/uuv_thruster_manager/srv/detail/set_thruster_manager_config__builder.hpp
[4.778s] -- Up-to-date: /home/sunny/catkin_ws/install/uuv_thruster_manager/include/uuv_thruster_manager/uuv_thruster_manager/srv/detail/thruster_manager_info__traits.hpp
[4.778s] -- Up-to-date: /home/sunny/catkin_ws/install/uuv_thruster_manager/include/uuv_thruster_manager/uuv_thruster_manager/srv/detail/get_thruster_curve__traits.hpp
[4.778s] -- Up-to-date: /home/sunny/catkin_ws/install/uuv_thruster_manager/include/uuv_thruster_manager/uuv_thruster_manager/srv/detail/get_thruster_manager_config__traits.hpp
[4.778s] -- Up-to-date: /home/sunny/catkin_ws/install/uuv_thruster_manager/include/uuv_thruster_manager/uuv_thruster_manager/srv/detail/set_thruster_manager_config__struct.hpp
[4.778s] -- Up-to-date: /home/sunny/catkin_ws/install/uuv_thruster_manager/include/uuv_thruster_manager/uuv_thruster_manager/srv/detail/set_thruster_manager_config__traits.hpp
[4.778s] -- Up-to-date: /home/sunny/catkin_ws/install/uuv_thruster_manager/include/uuv_thruster_manager/uuv_thruster_manager/srv/thruster_manager_info.hpp
[4.778s] -- Up-to-date: /home/sunny/catkin_ws/install/uuv_thruster_manager/include/uuv_thruster_manager/uuv_thruster_manager/srv/set_thruster_manager_config.hpp
[4.778s] -- Up-to-date: /home/sunny/catkin_ws/install/uuv_thruster_manager/include/uuv_thruster_manager/uuv_thruster_manager
[4.778s] -- Up-to-date: /home/sunny/catkin_ws/install/uuv_thruster_manager/include/uuv_thruster_manager/uuv_thruster_manager/srv
[4.779s] -- Up-to-date: /home/sunny/catkin_ws/install/uuv_thruster_manager/include/uuv_thruster_manager/uuv_thruster_manager/srv/detail
[4.779s] -- Up-to-date: /home/sunny/catkin_ws/install/uuv_thruster_manager/include/uuv_thruster_manager/uuv_thruster_manager/srv/detail/thruster_manager_info__rosidl_typesupport_fastrtps_cpp.hpp
[4.779s] -- Up-to-date: /home/sunny/catkin_ws/install/uuv_thruster_manager/include/uuv_thruster_manager/uuv_thruster_manager/srv/detail/get_thruster_curve__rosidl_typesupport_fastrtps_cpp.hpp
[4.779s] -- Up-to-date: /home/sunny/catkin_ws/install/uuv_thruster_manager/include/uuv_thruster_manager/uuv_thruster_manager/srv/detail/set_thruster_manager_config__rosidl_typesupport_fastrtps_cpp.hpp
[4.779s] -- Up-to-date: /home/sunny/catkin_ws/install/uuv_thruster_manager/include/uuv_thruster_manager/uuv_thruster_manager/srv/detail/get_thruster_manager_config__rosidl_typesupport_fastrtps_cpp.hpp
[4.779s] -- Up-to-date: /home/sunny/catkin_ws/install/uuv_thruster_manager/include/uuv_thruster_manager/uuv_thruster_manager/srv/detail/dds_fastrtps
[4.779s] -- Up-to-date: /home/sunny/catkin_ws/install/uuv_thruster_manager/include/uuv_thruster_manager/uuv_thruster_manager/msg
[4.779s] -- Up-to-date: /home/sunny/catkin_ws/install/uuv_thruster_manager/include/uuv_thruster_manager/uuv_thruster_manager/msg/rosidl_typesupport_fastrtps_cpp__visibility_control.h
[4.790s] -- Up-to-date: /home/sunny/catkin_ws/install/uuv_thruster_manager/lib/libuuv_thruster_manager__rosidl_typesupport_fastrtps_cpp.so
[4.792s] -- Up-to-date: /home/sunny/catkin_ws/install/uuv_thruster_manager/include/uuv_thruster_manager/uuv_thruster_manager
[4.792s] -- Up-to-date: /home/sunny/catkin_ws/install/uuv_thruster_manager/include/uuv_thruster_manager/uuv_thruster_manager/srv
[4.792s] -- Up-to-date: /home/sunny/catkin_ws/install/uuv_thruster_manager/include/uuv_thruster_manager/uuv_thruster_manager/srv/detail
[4.793s] -- Up-to-date: /home/sunny/catkin_ws/install/uuv_thruster_manager/include/uuv_thruster_manager/uuv_thruster_manager/srv/detail/set_thruster_manager_config__rosidl_typesupport_introspection_c.h
[4.793s] -- Up-to-date: /home/sunny/catkin_ws/install/uuv_thruster_manager/include/uuv_thruster_manager/uuv_thruster_manager/srv/detail/get_thruster_curve__type_support.c
[4.793s] -- Up-to-date: /home/sunny/catkin_ws/install/uuv_thruster_manager/include/uuv_thruster_manager/uuv_thruster_manager/srv/detail/get_thruster_manager_config__rosidl_typesupport_introspection_c.h
[4.793s] -- Up-to-date: /home/sunny/catkin_ws/install/uuv_thruster_manager/include/uuv_thruster_manager/uuv_thruster_manager/srv/detail/thruster_manager_info__rosidl_typesupport_introspection_c.h
[4.793s] -- Up-to-date: /home/sunny/catkin_ws/install/uuv_thruster_manager/include/uuv_thruster_manager/uuv_thruster_manager/srv/detail/thruster_manager_info__type_support.c
[4.793s] -- Up-to-date: /home/sunny/catkin_ws/install/uuv_thruster_manager/include/uuv_thruster_manager/uuv_thruster_manager/srv/detail/set_thruster_manager_config__type_support.c
[4.793s] -- Up-to-date: /home/sunny/catkin_ws/install/uuv_thruster_manager/include/uuv_thruster_manager/uuv_thruster_manager/srv/detail/get_thruster_curve__rosidl_typesupport_introspection_c.h
[4.793s] -- Up-to-date: /home/sunny/catkin_ws/install/uuv_thruster_manager/include/uuv_thruster_manager/uuv_thruster_manager/srv/detail/get_thruster_manager_config__type_support.c
[4.794s] -- Up-to-date: /home/sunny/catkin_ws/install/uuv_thruster_manager/include/uuv_thruster_manager/uuv_thruster_manager/msg
[4.794s] -- Up-to-date: /home/sunny/catkin_ws/install/uuv_thruster_manager/include/uuv_thruster_manager/uuv_thruster_manager/msg/rosidl_typesupport_introspection_c__visibility_control.h
[4.794s] -- Up-to-date: /home/sunny/catkin_ws/install/uuv_thruster_manager/lib/libuuv_thruster_manager__rosidl_typesupport_introspection_c.so
[4.794s] -- Up-to-date: /home/sunny/catkin_ws/install/uuv_thruster_manager/lib/libuuv_thruster_manager__rosidl_typesupport_c.so
[4.794s] -- Up-to-date: /home/sunny/catkin_ws/install/uuv_thruster_manager/include/uuv_thruster_manager/uuv_thruster_manager
[4.794s] -- Up-to-date: /home/sunny/catkin_ws/install/uuv_thruster_manager/include/uuv_thruster_manager/uuv_thruster_manager/srv
[4.794s] -- Up-to-date: /home/sunny/catkin_ws/install/uuv_thruster_manager/include/uuv_thruster_manager/uuv_thruster_manager/srv/detail
[4.794s] -- Up-to-date: /home/sunny/catkin_ws/install/uuv_thruster_manager/include/uuv_thruster_manager/uuv_thruster_manager/srv/detail/get_thruster_manager_config__type_support.cpp
[4.794s] -- Up-to-date: /home/sunny/catkin_ws/install/uuv_thruster_manager/include/uuv_thruster_manager/uuv_thruster_manager/srv/detail/get_thruster_curve__rosidl_typesupport_introspection_cpp.hpp
[4.794s] -- Up-to-date: /home/sunny/catkin_ws/install/uuv_thruster_manager/include/uuv_thruster_manager/uuv_thruster_manager/srv/detail/thruster_manager_info__rosidl_typesupport_introspection_cpp.hpp
[4.795s] -- Up-to-date: /home/sunny/catkin_ws/install/uuv_thruster_manager/include/uuv_thruster_manager/uuv_thruster_manager/srv/detail/set_thruster_manager_config__rosidl_typesupport_introspection_cpp.hpp
[4.795s] -- Up-to-date: /home/sunny/catkin_ws/install/uuv_thruster_manager/include/uuv_thruster_manager/uuv_thruster_manager/srv/detail/set_thruster_manager_config__type_support.cpp
[4.795s] -- Up-to-date: /home/sunny/catkin_ws/install/uuv_thruster_manager/include/uuv_thruster_manager/uuv_thruster_manager/srv/detail/get_thruster_manager_config__rosidl_typesupport_introspection_cpp.hpp
[4.795s] -- Up-to-date: /home/sunny/catkin_ws/install/uuv_thruster_manager/include/uuv_thruster_manager/uuv_thruster_manager/srv/detail/get_thruster_curve__type_support.cpp
[4.795s] -- Up-to-date: /home/sunny/catkin_ws/install/uuv_thruster_manager/include/uuv_thruster_manager/uuv_thruster_manager/srv/detail/thruster_manager_info__type_support.cpp
[4.795s] -- Up-to-date: /home/sunny/catkin_ws/install/uuv_thruster_manager/lib/libuuv_thruster_manager__rosidl_typesupport_introspection_cpp.so
[4.795s] -- Up-to-date: /home/sunny/catkin_ws/install/uuv_thruster_manager/lib/libuuv_thruster_manager__rosidl_typesupport_cpp.so
[4.795s] -- Up-to-date: /home/sunny/catkin_ws/install/uuv_thruster_manager/share/uuv_thruster_manager/environment/pythonpath.sh
[4.795s] -- Up-to-date: /home/sunny/catkin_ws/install/uuv_thruster_manager/share/uuv_thruster_manager/environment/pythonpath.dsv
[4.795s] -- Up-to-date: /home/sunny/catkin_ws/install/uuv_thruster_manager/local/lib/python3.10/dist-packages/uuv_thruster_manager-0.6.1-py3.10.egg-info
[4.796s] -- Installing: /home/sunny/catkin_ws/install/uuv_thruster_manager/local/lib/python3.10/dist-packages/uuv_thruster_manager-0.6.1-py3.10.egg-info/PKG-INFO
[4.796s] -- Installing: /home/sunny/catkin_ws/install/uuv_thruster_manager/local/lib/python3.10/dist-packages/uuv_thruster_manager-0.6.1-py3.10.egg-info/SOURCES.txt
[4.796s] -- Installing: /home/sunny/catkin_ws/install/uuv_thruster_manager/local/lib/python3.10/dist-packages/uuv_thruster_manager-0.6.1-py3.10.egg-info/top_level.txt
[4.796s] -- Installing: /home/sunny/catkin_ws/install/uuv_thruster_manager/local/lib/python3.10/dist-packages/uuv_thruster_manager-0.6.1-py3.10.egg-info/dependency_links.txt
[4.796s] -- Up-to-date: /home/sunny/catkin_ws/install/uuv_thruster_manager/local/lib/python3.10/dist-packages/uuv_thruster_manager
[4.796s] -- Up-to-date: /home/sunny/catkin_ws/install/uuv_thruster_manager/local/lib/python3.10/dist-packages/uuv_thruster_manager/__init__.py
[4.796s] -- Up-to-date: /home/sunny/catkin_ws/install/uuv_thruster_manager/local/lib/python3.10/dist-packages/uuv_thruster_manager/_uuv_thruster_manager_s.ep.rosidl_typesupport_introspection_c.c
[4.796s] -- Up-to-date: /home/sunny/catkin_ws/install/uuv_thruster_manager/local/lib/python3.10/dist-packages/uuv_thruster_manager/uuv_thruster_manager_s__rosidl_typesupport_introspection_c.cpython-310-x86_64-linux-gnu.so
[4.796s] -- Up-to-date: /home/sunny/catkin_ws/install/uuv_thruster_manager/local/lib/python3.10/dist-packages/uuv_thruster_manager/srv
[4.796s] -- Up-to-date: /home/sunny/catkin_ws/install/uuv_thruster_manager/local/lib/python3.10/dist-packages/uuv_thruster_manager/srv/__init__.py
[4.797s] -- Up-to-date: /home/sunny/catkin_ws/install/uuv_thruster_manager/local/lib/python3.10/dist-packages/uuv_thruster_manager/srv/_get_thruster_manager_config_s.c
[4.797s] -- Up-to-date: /home/sunny/catkin_ws/install/uuv_thruster_manager/local/lib/python3.10/dist-packages/uuv_thruster_manager/srv/_get_thruster_curve.py
[4.797s] -- Up-to-date: /home/sunny/catkin_ws/install/uuv_thruster_manager/local/lib/python3.10/dist-packages/uuv_thruster_manager/srv/_set_thruster_manager_config_s.c
[4.797s] -- Up-to-date: /home/sunny/catkin_ws/install/uuv_thruster_manager/local/lib/python3.10/dist-packages/uuv_thruster_manager/srv/_thruster_manager_info_s.c
[4.797s] -- Up-to-date: /home/sunny/catkin_ws/install/uuv_thruster_manager/local/lib/python3.10/dist-packages/uuv_thruster_manager/srv/_thruster_manager_info.py
[4.797s] -- Up-to-date: /home/sunny/catkin_ws/install/uuv_thruster_manager/local/lib/python3.10/dist-packages/uuv_thruster_manager/srv/_get_thruster_manager_config.py
[4.797s] -- Up-to-date: /home/sunny/catkin_ws/install/uuv_thruster_manager/local/lib/python3.10/dist-packages/uuv_thruster_manager/srv/_set_thruster_manager_config.py
[4.797s] -- Up-to-date: /home/sunny/catkin_ws/install/uuv_thruster_manager/local/lib/python3.10/dist-packages/uuv_thruster_manager/srv/_get_thruster_curve_s.c
[4.797s] -- Up-to-date: /home/sunny/catkin_ws/install/uuv_thruster_manager/local/lib/python3.10/dist-packages/uuv_thruster_manager/_uuv_thruster_manager_s.ep.rosidl_typesupport_fastrtps_c.c
[4.797s] -- Up-to-date: /home/sunny/catkin_ws/install/uuv_thruster_manager/local/lib/python3.10/dist-packages/uuv_thruster_manager/uuv_thruster_manager_s__rosidl_typesupport_fastrtps_c.cpython-310-x86_64-linux-gnu.so
[4.797s] -- Up-to-date: /home/sunny/catkin_ws/install/uuv_thruster_manager/local/lib/python3.10/dist-packages/uuv_thruster_manager/libuuv_thruster_manager__rosidl_generator_py.so
[4.798s] -- Up-to-date: /home/sunny/catkin_ws/install/uuv_thruster_manager/local/lib/python3.10/dist-packages/uuv_thruster_manager/uuv_thruster_manager_s__rosidl_typesupport_c.cpython-310-x86_64-linux-gnu.so
[4.798s] -- Up-to-date: /home/sunny/catkin_ws/install/uuv_thruster_manager/local/lib/python3.10/dist-packages/uuv_thruster_manager/_uuv_thruster_manager_s.ep.rosidl_typesupport_c.c
[4.941s] Listing '/home/sunny/catkin_ws/install/uuv_thruster_manager/local/lib/python3.10/dist-packages/uuv_thruster_manager'...
[4.941s] Listing '/home/sunny/catkin_ws/install/uuv_thruster_manager/local/lib/python3.10/dist-packages/uuv_thruster_manager/srv'...
[4.987s] -- Up-to-date: /home/sunny/catkin_ws/install/uuv_thruster_manager/local/lib/python3.10/dist-packages/uuv_thruster_manager/uuv_thruster_manager_s__rosidl_typesupport_fastrtps_c.cpython-310-x86_64-linux-gnu.so
[4.987s] -- Up-to-date: /home/sunny/catkin_ws/install/uuv_thruster_manager/local/lib/python3.10/dist-packages/uuv_thruster_manager/uuv_thruster_manager_s__rosidl_typesupport_introspection_c.cpython-310-x86_64-linux-gnu.so
[4.988s] -- Up-to-date: /home/sunny/catkin_ws/install/uuv_thruster_manager/local/lib/python3.10/dist-packages/uuv_thruster_manager/uuv_thruster_manager_s__rosidl_typesupport_c.cpython-310-x86_64-linux-gnu.so
[4.988s] -- Up-to-date: /home/sunny/catkin_ws/install/uuv_thruster_manager/lib/libuuv_thruster_manager__rosidl_generator_py.so
[4.990s] -- Up-to-date: /home/sunny/catkin_ws/install/uuv_thruster_manager/share/uuv_thruster_manager/srv/GetThrusterCurve.idl
[4.990s] -- Up-to-date: /home/sunny/catkin_ws/install/uuv_thruster_manager/share/uuv_thruster_manager/srv/ThrusterManagerInfo.idl
[4.990s] -- Up-to-date: /home/sunny/catkin_ws/install/uuv_thruster_manager/share/uuv_thruster_manager/srv/SetThrusterManagerConfig.idl
[4.991s] -- Up-to-date: /home/sunny/catkin_ws/install/uuv_thruster_manager/share/uuv_thruster_manager/srv/GetThrusterManagerConfig.idl
[4.991s] -- Up-to-date: /home/sunny/catkin_ws/install/uuv_thruster_manager/share/uuv_thruster_manager/srv/GetThrusterCurve.srv
[4.991s] -- Up-to-date: /home/sunny/catkin_ws/install/uuv_thruster_manager/share/uuv_thruster_manager/srv/GetThrusterCurve_Request.msg
[4.991s] -- Up-to-date: /home/sunny/catkin_ws/install/uuv_thruster_manager/share/uuv_thruster_manager/srv/GetThrusterCurve_Response.msg
[4.991s] -- Up-to-date: /home/sunny/catkin_ws/install/uuv_thruster_manager/share/uuv_thruster_manager/srv/ThrusterManagerInfo.srv
[4.991s] -- Up-to-date: /home/sunny/catkin_ws/install/uuv_thruster_manager/share/uuv_thruster_manager/srv/ThrusterManagerInfo_Request.msg
[4.995s] -- Up-to-date: /home/sunny/catkin_ws/install/uuv_thruster_manager/share/uuv_thruster_manager/srv/ThrusterManagerInfo_Response.msg
[4.995s] -- Up-to-date: /home/sunny/catkin_ws/install/uuv_thruster_manager/share/uuv_thruster_manager/srv/SetThrusterManagerConfig.srv
[4.995s] -- Up-to-date: /home/sunny/catkin_ws/install/uuv_thruster_manager/share/uuv_thruster_manager/srv/SetThrusterManagerConfig_Request.msg
[4.995s] -- Up-to-date: /home/sunny/catkin_ws/install/uuv_thruster_manager/share/uuv_thruster_manager/srv/SetThrusterManagerConfig_Response.msg
[4.996s] -- Up-to-date: /home/sunny/catkin_ws/install/uuv_thruster_manager/share/uuv_thruster_manager/srv/GetThrusterManagerConfig.srv
[4.996s] -- Up-to-date: /home/sunny/catkin_ws/install/uuv_thruster_manager/share/uuv_thruster_manager/srv/GetThrusterManagerConfig_Request.msg
[4.996s] -- Up-to-date: /home/sunny/catkin_ws/install/uuv_thruster_manager/share/uuv_thruster_manager/srv/GetThrusterManagerConfig_Response.msg
[4.996s] -- Up-to-date: /home/sunny/catkin_ws/install/uuv_thruster_manager/local/lib/python3.10/dist-packages/uuv_thrusters-0.6.1-py3.10.egg-info
[4.996s] -- Installing: /home/sunny/catkin_ws/install/uuv_thruster_manager/local/lib/python3.10/dist-packages/uuv_thrusters-0.6.1-py3.10.egg-info/PKG-INFO
[4.996s] -- Installing: /home/sunny/catkin_ws/install/uuv_thruster_manager/local/lib/python3.10/dist-packages/uuv_thrusters-0.6.1-py3.10.egg-info/SOURCES.txt
[4.996s] -- Installing: /home/sunny/catkin_ws/install/uuv_thruster_manager/local/lib/python3.10/dist-packages/uuv_thrusters-0.6.1-py3.10.egg-info/top_level.txt
[4.996s] -- Installing: /home/sunny/catkin_ws/install/uuv_thruster_manager/local/lib/python3.10/dist-packages/uuv_thrusters-0.6.1-py3.10.egg-info/dependency_links.txt
[4.997s] -- Up-to-date: /home/sunny/catkin_ws/install/uuv_thruster_manager/local/lib/python3.10/dist-packages/uuv_thrusters
[4.997s] -- Up-to-date: /home/sunny/catkin_ws/install/uuv_thruster_manager/local/lib/python3.10/dist-packages/uuv_thrusters/__init__.py
[4.997s] -- Up-to-date: /home/sunny/catkin_ws/install/uuv_thruster_manager/local/lib/python3.10/dist-packages/uuv_thrusters/models
[4.997s] -- Up-to-date: /home/sunny/catkin_ws/install/uuv_thruster_manager/local/lib/python3.10/dist-packages/uuv_thrusters/models/__init__.py
[4.997s] -- Up-to-date: /home/sunny/catkin_ws/install/uuv_thruster_manager/local/lib/python3.10/dist-packages/uuv_thrusters/models/thruster.py
[4.997s] -- Up-to-date: /home/sunny/catkin_ws/install/uuv_thruster_manager/local/lib/python3.10/dist-packages/uuv_thrusters/models/thruster_proportional.py
[4.997s] -- Up-to-date: /home/sunny/catkin_ws/install/uuv_thruster_manager/local/lib/python3.10/dist-packages/uuv_thrusters/models/thruster_custom.py
[4.997s] -- Up-to-date: /home/sunny/catkin_ws/install/uuv_thruster_manager/local/lib/python3.10/dist-packages/uuv_thrusters/thruster_manager.py
[5.080s] Listing '/home/sunny/catkin_ws/install/uuv_thruster_manager/local/lib/python3.10/dist-packages/uuv_thrusters'...
[5.081s] Listing '/home/sunny/catkin_ws/install/uuv_thruster_manager/local/lib/python3.10/dist-packages/uuv_thrusters/models'...
[5.102s] -- Up-to-date: /home/sunny/catkin_ws/install/uuv_thruster_manager/local/lib/python3.10/dist-packages/uuv_thrusters.models-0.6.1-py3.10.egg-info
[5.102s] -- Installing: /home/sunny/catkin_ws/install/uuv_thruster_manager/local/lib/python3.10/dist-packages/uuv_thrusters.models-0.6.1-py3.10.egg-info/PKG-INFO
[5.103s] -- Installing: /home/sunny/catkin_ws/install/uuv_thruster_manager/local/lib/python3.10/dist-packages/uuv_thrusters.models-0.6.1-py3.10.egg-info/SOURCES.txt
[5.103s] -- Installing: /home/sunny/catkin_ws/install/uuv_thruster_manager/local/lib/python3.10/dist-packages/uuv_thrusters.models-0.6.1-py3.10.egg-info/top_level.txt
[5.104s] -- Installing: /home/sunny/catkin_ws/install/uuv_thruster_manager/local/lib/python3.10/dist-packages/uuv_thrusters.models-0.6.1-py3.10.egg-info/dependency_links.txt
[5.104s] -- Up-to-date: /home/sunny/catkin_ws/install/uuv_thruster_manager/local/lib/python3.10/dist-packages/uuv_thrusters.models
[5.105s] -- Up-to-date: /home/sunny/catkin_ws/install/uuv_thruster_manager/local/lib/python3.10/dist-packages/uuv_thrusters.models/__init__.py
[5.105s] -- Up-to-date: /home/sunny/catkin_ws/install/uuv_thruster_manager/local/lib/python3.10/dist-packages/uuv_thrusters.models/thruster.py
[5.105s] -- Up-to-date: /home/sunny/catkin_ws/install/uuv_thruster_manager/local/lib/python3.10/dist-packages/uuv_thrusters.models/thruster_proportional.py
[5.107s] -- Up-to-date: /home/sunny/catkin_ws/install/uuv_thruster_manager/local/lib/python3.10/dist-packages/uuv_thrusters.models/thruster_custom.py
[5.180s] Listing '/home/sunny/catkin_ws/install/uuv_thruster_manager/local/lib/python3.10/dist-packages/uuv_thrusters.models'...
[5.199s] -- Up-to-date: /home/sunny/catkin_ws/install/uuv_thruster_manager/lib/uuv_thruster_manager/thruster_allocator.py
[5.200s] -- Up-to-date: /home/sunny/catkin_ws/install/uuv_thruster_manager/share/uuv_thruster_manager/launch
[5.201s] -- Up-to-date: /home/sunny/catkin_ws/install/uuv_thruster_manager/share/uuv_thruster_manager/launch/thruster_manager.launch
[5.201s] -- Up-to-date: /home/sunny/catkin_ws/install/uuv_thruster_manager/share/uuv_thruster_manager/config
[5.202s] -- Up-to-date: /home/sunny/catkin_ws/install/uuv_thruster_manager/share/uuv_thruster_manager/config/rexrov
[5.202s] -- Up-to-date: /home/sunny/catkin_ws/install/uuv_thruster_manager/share/uuv_thruster_manager/config/rexrov/TAM.yaml
[5.202s] -- Up-to-date: /home/sunny/catkin_ws/install/uuv_thruster_manager/share/uuv_thruster_manager/config/rexrov/thruster_manager.yaml
[5.202s] -- Up-to-date: /home/sunny/catkin_ws/install/uuv_thruster_manager/share/ament_index/resource_index/package_run_dependencies/uuv_thruster_manager
[5.202s] -- Up-to-date: /home/sunny/catkin_ws/install/uuv_thruster_manager/share/ament_index/resource_index/parent_prefix_path/uuv_thruster_manager
[5.202s] -- Up-to-date: /home/sunny/catkin_ws/install/uuv_thruster_manager/share/uuv_thruster_manager/environment/ament_prefix_path.sh
[5.202s] -- Up-to-date: /home/sunny/catkin_ws/install/uuv_thruster_manager/share/uuv_thruster_manager/environment/ament_prefix_path.dsv
[5.203s] -- Up-to-date: /home/sunny/catkin_ws/install/uuv_thruster_manager/share/uuv_thruster_manager/environment/path.sh
[5.206s] -- Up-to-date: /home/sunny/catkin_ws/install/uuv_thruster_manager/share/uuv_thruster_manager/environment/path.dsv
[5.206s] -- Up-to-date: /home/sunny/catkin_ws/install/uuv_thruster_manager/share/uuv_thruster_manager/local_setup.bash
[5.206s] -- Up-to-date: /home/sunny/catkin_ws/install/uuv_thruster_manager/share/uuv_thruster_manager/local_setup.sh
[5.207s] -- Up-to-date: /home/sunny/catkin_ws/install/uuv_thruster_manager/share/uuv_thruster_manager/local_setup.zsh
[5.207s] -- Up-to-date: /home/sunny/catkin_ws/install/uuv_thruster_manager/share/uuv_thruster_manager/local_setup.dsv
[5.207s] -- Installing: /home/sunny/catkin_ws/install/uuv_thruster_manager/share/uuv_thruster_manager/package.dsv
[5.207s] -- Up-to-date: /home/sunny/catkin_ws/install/uuv_thruster_manager/share/ament_index/resource_index/packages/uuv_thruster_manager
[5.207s] -- Up-to-date: /home/sunny/catkin_ws/install/uuv_thruster_manager/share/uuv_thruster_manager/cmake/export_uuv_thruster_manager__rosidl_generator_cExport.cmake
[5.207s] -- Up-to-date: /home/sunny/catkin_ws/install/uuv_thruster_manager/share/uuv_thruster_manager/cmake/export_uuv_thruster_manager__rosidl_generator_cExport-noconfig.cmake
[5.207s] -- Up-to-date: /home/sunny/catkin_ws/install/uuv_thruster_manager/share/uuv_thruster_manager/cmake/export_uuv_thruster_manager__rosidl_typesupport_fastrtps_cExport.cmake
[5.207s] -- Up-to-date: /home/sunny/catkin_ws/install/uuv_thruster_manager/share/uuv_thruster_manager/cmake/export_uuv_thruster_manager__rosidl_typesupport_fastrtps_cExport-noconfig.cmake
[5.207s] -- Up-to-date: /home/sunny/catkin_ws/install/uuv_thruster_manager/share/uuv_thruster_manager/cmake/export_uuv_thruster_manager__rosidl_generator_cppExport.cmake
[5.207s] -- Up-to-date: /home/sunny/catkin_ws/install/uuv_thruster_manager/share/uuv_thruster_manager/cmake/export_uuv_thruster_manager__rosidl_typesupport_fastrtps_cppExport.cmake
[5.207s] -- Up-to-date: /home/sunny/catkin_ws/install/uuv_thruster_manager/share/uuv_thruster_manager/cmake/export_uuv_thruster_manager__rosidl_typesupport_fastrtps_cppExport-noconfig.cmake
[5.208s] -- Up-to-date: /home/sunny/catkin_ws/install/uuv_thruster_manager/share/uuv_thruster_manager/cmake/uuv_thruster_manager__rosidl_typesupport_introspection_cExport.cmake
[5.208s] -- Up-to-date: /home/sunny/catkin_ws/install/uuv_thruster_manager/share/uuv_thruster_manager/cmake/uuv_thruster_manager__rosidl_typesupport_introspection_cExport-noconfig.cmake
[5.208s] -- Up-to-date: /home/sunny/catkin_ws/install/uuv_thruster_manager/share/uuv_thruster_manager/cmake/uuv_thruster_manager__rosidl_typesupport_cExport.cmake
[5.208s] -- Up-to-date: /home/sunny/catkin_ws/install/uuv_thruster_manager/share/uuv_thruster_manager/cmake/uuv_thruster_manager__rosidl_typesupport_cExport-noconfig.cmake
[5.208s] -- Up-to-date: /home/sunny/catkin_ws/install/uuv_thruster_manager/share/uuv_thruster_manager/cmake/uuv_thruster_manager__rosidl_typesupport_introspection_cppExport.cmake
[5.208s] -- Up-to-date: /home/sunny/catkin_ws/install/uuv_thruster_manager/share/uuv_thruster_manager/cmake/uuv_thruster_manager__rosidl_typesupport_introspection_cppExport-noconfig.cmake
[5.208s] -- Up-to-date: /home/sunny/catkin_ws/install/uuv_thruster_manager/share/uuv_thruster_manager/cmake/uuv_thruster_manager__rosidl_typesupport_cppExport.cmake
[5.208s] -- Up-to-date: /home/sunny/catkin_ws/install/uuv_thruster_manager/share/uuv_thruster_manager/cmake/uuv_thruster_manager__rosidl_typesupport_cppExport-noconfig.cmake
[5.208s] -- Up-to-date: /home/sunny/catkin_ws/install/uuv_thruster_manager/share/uuv_thruster_manager/cmake/export_uuv_thruster_manager__rosidl_generator_pyExport.cmake
[5.208s] -- Up-to-date: /home/sunny/catkin_ws/install/uuv_thruster_manager/share/uuv_thruster_manager/cmake/export_uuv_thruster_manager__rosidl_generator_pyExport-noconfig.cmake
[5.208s] -- Up-to-date: /home/sunny/catkin_ws/install/uuv_thruster_manager/share/uuv_thruster_manager/cmake/rosidl_cmake-extras.cmake
[5.209s] -- Up-to-date: /home/sunny/catkin_ws/install/uuv_thruster_manager/share/uuv_thruster_manager/cmake/ament_cmake_export_dependencies-extras.cmake
[5.209s] -- Up-to-date: /home/sunny/catkin_ws/install/uuv_thruster_manager/share/uuv_thruster_manager/cmake/ament_cmake_export_include_directories-extras.cmake
[5.209s] -- Up-to-date: /home/sunny/catkin_ws/install/uuv_thruster_manager/share/uuv_thruster_manager/cmake/ament_cmake_export_libraries-extras.cmake
[5.209s] -- Up-to-date: /home/sunny/catkin_ws/install/uuv_thruster_manager/share/uuv_thruster_manager/cmake/ament_cmake_export_targets-extras.cmake
[5.209s] -- Up-to-date: /home/sunny/catkin_ws/install/uuv_thruster_manager/share/uuv_thruster_manager/cmake/rosidl_cmake_export_typesupport_targets-extras.cmake
[5.209s] -- Up-to-date: /home/sunny/catkin_ws/install/uuv_thruster_manager/share/uuv_thruster_manager/cmake/rosidl_cmake_export_typesupport_libraries-extras.cmake
[5.209s] -- Up-to-date: /home/sunny/catkin_ws/install/uuv_thruster_manager/share/uuv_thruster_manager/cmake/uuv_thruster_managerConfig.cmake
[5.209s] -- Up-to-date: /home/sunny/catkin_ws/install/uuv_thruster_manager/share/uuv_thruster_manager/cmake/uuv_thruster_managerConfig-version.cmake
[5.209s] -- Up-to-date: /home/sunny/catkin_ws/install/uuv_thruster_manager/share/uuv_thruster_manager/package.xml
[5.211s] Invoked command in '/home/sunny/catkin_ws/build/uuv_thruster_manager' returned '0': CMAKE_PREFIX_PATH=/home/sunny/catkin_ws/install/uuv_assistants:/home/sunny/catkin_ws/install/uuv_gazebo_ros_plugins_msgs:/home/sunny/catkin_ws/install/plankton_utils:/home/sunny/catkin_ws/install/uuv_control_utils:/home/sunny/catkin_ws/install/uuv_world_ros_plugins_msgs:/home/sunny/catkin_ws/install/uuv_world_plugins:/home/sunny/catkin_ws/install/uuv_tutorial_seabed_world:/home/sunny/catkin_ws/install/uuv_trajectory_control:/home/sunny/catkin_ws/install/uuv_thruster_manager:/home/sunny/catkin_ws/install/uuv_sensor_ros_plugins_msgs:/home/sunny/catkin_ws/install/uuv_gazebo_worlds:/home/sunny/catkin_ws/install/uuv_gazebo_plugins:/home/sunny/catkin_ws/install/uuv_gazebo:/home/sunny/catkin_ws/install/uuv_control_msgs:/home/sunny/catkin_ws/install/uuv_control_cascaded_pid:/home/sunny/catkin_ws/install/uuv_auv_control_allocator:/home/sunny/catkin_ws/install/turtlesim:/home/sunny/catkin_ws/install/common_msgs:/home/sunny/catkin_ws/install/beluga_simulator:/home/sunny/catkin_ws/install/beluga_adapter:/opt/ros/humble LD_LIBRARY_PATH=/home/sunny/catkin_ws/install/uuv_gazebo_ros_plugins_msgs/lib:/home/sunny/catkin_ws/install/uuv_world_ros_plugins_msgs/lib:/home/sunny/catkin_ws/install/uuv_world_plugins/lib:/home/sunny/catkin_ws/install/uuv_thruster_manager/lib:/home/sunny/catkin_ws/install/uuv_sensor_ros_plugins_msgs/lib:/home/sunny/catkin_ws/install/uuv_gazebo_plugins/lib:/home/sunny/catkin_ws/install/uuv_control_msgs/lib:/home/sunny/catkin_ws/install/uuv_auv_control_allocator/lib:/home/sunny/catkin_ws/install/turtlesim/lib:/home/sunny/catkin_ws/install/common_msgs/lib:/opt/ros/humble/opt/rviz_ogre_vendor/lib:/opt/ros/humble/lib/x86_64-linux-gnu:/opt/ros/humble/lib:/usr/lib/x86_64-linux-gnu/gazebo-11/plugins:/usr/lib/x86_64-linux-gnu/gazebo-11/plugins:/usr/lib/x86_64-linux-gnu/gazebo-11/plugins /usr/bin/cmake --install /home/sunny/catkin_ws/build/uuv_thruster_manager
