[0.056s] Invoking command in '/home/sunny/catkin_ws/build/turtlesim': CMAKE_PREFIX_PATH=${CMAKE_PREFIX_PATH}:/opt/ros/humble /usr/bin/cmake /home/sunny/catkin_ws/src/ros_tutorials/turtlesim -DCMAKE_INSTALL_PREFIX=/home/sunny/catkin_ws/install/turtlesim
[0.105s] -- The C compiler identification is GNU 11.4.0
[0.153s] -- The CXX compiler identification is GNU 11.4.0
[0.160s] -- Detecting C compiler ABI info
[0.226s] -- Detecting C compiler ABI info - done
[0.232s] -- Check for working C compiler: /usr/bin/cc - skipped
[0.233s] -- Detecting C compile features
[0.233s] -- Detecting C compile features - done
[0.235s] -- Detecting CXX compiler ABI info
[0.312s] -- Detecting CXX compiler ABI info - done
[0.318s] -- Check for working CXX compiler: /usr/bin/c++ - skipped
[0.318s] -- Detecting CXX compile features
[0.319s] -- Detecting CXX compile features - done
[0.322s] -- Found ament_cmake: 1.3.6 (/opt/ros/humble/share/ament_cmake/cmake)
[0.467s] -- Found Python3: /usr/bin/python3.10 (found version "3.10.12") found components: Interpreter 
[0.546s] -- Found ament_index_cpp: 1.4.0 (/opt/ros/humble/share/ament_index_cpp/cmake)
[0.548s] -- Found geometry_msgs: 4.2.3 (/opt/ros/humble/share/geometry_msgs/cmake)
[0.582s] -- Found rosidl_generator_c: 3.1.5 (/opt/ros/humble/share/rosidl_generator_c/cmake)
[0.586s] -- Found rosidl_adapter: 3.1.5 (/opt/ros/humble/share/rosidl_adapter/cmake)
[0.594s] -- Found rosidl_generator_cpp: 3.1.5 (/opt/ros/humble/share/rosidl_generator_cpp/cmake)
[0.605s] -- Using all available rosidl_typesupport_c: rosidl_typesupport_fastrtps_c;rosidl_typesupport_introspection_c
[0.621s] -- Using all available rosidl_typesupport_cpp: rosidl_typesupport_fastrtps_cpp;rosidl_typesupport_introspection_cpp
[0.726s] -- Found rclcpp: 16.0.7 (/opt/ros/humble/share/rclcpp/cmake)
[0.775s] -- Found rmw_implementation_cmake: 6.1.1 (/opt/ros/humble/share/rmw_implementation_cmake/cmake)
[0.777s] -- Found rmw_fastrtps_cpp: 6.2.5 (/opt/ros/humble/share/rmw_fastrtps_cpp/cmake)
[0.875s] -- Found OpenSSL: /usr/lib/x86_64-linux-gnu/libcrypto.so (found version "3.0.2")  
[0.903s] -- Found FastRTPS: /opt/ros/humble/include  
[0.950s] -- Using RMW implementation 'rmw_fastrtps_cpp' as default
[0.958s] -- Looking for pthread.h
[1.029s] -- Looking for pthread.h - found
[1.029s] -- Performing Test CMAKE_HAVE_LIBC_PTHREAD
[1.098s] -- Performing Test CMAKE_HAVE_LIBC_PTHREAD - Success
[1.099s] -- Found Threads: TRUE  
[1.201s] -- Found rclcpp_action: 16.0.7 (/opt/ros/humble/share/rclcpp_action/cmake)
[1.282s] -- Found rosidl_default_generators: 1.2.0 (/opt/ros/humble/share/rosidl_default_generators/cmake)
[1.293s] -- Found std_srvs: 4.2.3 (/opt/ros/humble/share/std_srvs/cmake)
[1.564s] -- Found ament_cmake_ros: 0.10.0 (/opt/ros/humble/share/ament_cmake_ros/cmake)
[1.828s] -- Using all available rosidl_typesupport_c: rosidl_typesupport_fastrtps_c;rosidl_typesupport_introspection_c
[1.929s] -- Using all available rosidl_typesupport_cpp: rosidl_typesupport_fastrtps_cpp;rosidl_typesupport_introspection_cpp
[1.947s] -- Found PythonInterp: /usr/bin/python3 (found suitable version "3.10.12", minimum required is "3.6") 
[1.949s] -- Found python_cmake_module: 0.10.0 (/opt/ros/humble/share/python_cmake_module/cmake)
[1.973s] -- Found PythonLibs: /usr/lib/x86_64-linux-gnu/libpython3.10.so (found suitable version "3.10.12", minimum required is "3.5") 
[1.973s] -- Using PYTHON_EXECUTABLE: /usr/bin/python3
[1.973s] -- Using PYTHON_INCLUDE_DIRS: /usr/include/python3.10
[1.973s] -- Using PYTHON_LIBRARIES: /usr/lib/x86_64-linux-gnu/libpython3.10.so
[1.990s] -- Found PythonExtra: .so  
[2.038s] -- Configuring done
[2.100s] -- Generating done
[2.104s] -- Build files have been written to: /home/sunny/catkin_ws/build/turtlesim
[2.118s] Invoked command in '/home/sunny/catkin_ws/build/turtlesim' returned '0': CMAKE_PREFIX_PATH=${CMAKE_PREFIX_PATH}:/opt/ros/humble /usr/bin/cmake /home/sunny/catkin_ws/src/ros_tutorials/turtlesim -DCMAKE_INSTALL_PREFIX=/home/sunny/catkin_ws/install/turtlesim
[2.119s] Invoking command in '/home/sunny/catkin_ws/build/turtlesim': CMAKE_PREFIX_PATH=${CMAKE_PREFIX_PATH}:/opt/ros/humble /usr/bin/cmake --build /home/sunny/catkin_ws/build/turtlesim -- -j16 -l16
[2.161s] [  1%] [34m[1mGenerating C code for ROS interfaces[0m
[2.170s] [  2%] [34m[1mGenerating C++ code for ROS interfaces[0m
[2.179s] [  2%] Built target ament_cmake_python_copy_turtlesim
[2.380s] running egg_info
[2.380s] creating turtlesim.egg-info
[2.380s] writing turtlesim.egg-info/PKG-INFO
[2.381s] writing dependency_links to turtlesim.egg-info/dependency_links.txt
[2.381s] writing top-level names to turtlesim.egg-info/top_level.txt
[2.381s] writing manifest file 'turtlesim.egg-info/SOURCES.txt'
[2.382s] reading manifest file 'turtlesim.egg-info/SOURCES.txt'
[2.383s] writing manifest file 'turtlesim.egg-info/SOURCES.txt'
[2.407s] [  2%] Built target ament_cmake_python_build_turtlesim_egg
[2.889s] [  2%] Built target turtlesim__cpp
[2.899s] [  3%] [34m[1mGenerating C++ type support dispatch for ROS interfaces[0m
[2.899s] [  5%] [34m[1mGenerating C++ introspection for ROS interfaces[0m
[2.899s] [  5%] [34m[1mGenerating C++ type support for eProsima Fast-RTPS[0m
[2.910s] [  7%] [32mBuilding C object CMakeFiles/turtlesim__rosidl_generator_c.dir/rosidl_generator_c/turtlesim/action/detail/rotate_absolute__functions.c.o[0m
[2.911s] [  7%] [32mBuilding C object CMakeFiles/turtlesim__rosidl_generator_c.dir/rosidl_generator_c/turtlesim/msg/detail/pose__functions.c.o[0m
[2.911s] [  9%] [32mBuilding C object CMakeFiles/turtlesim__rosidl_generator_c.dir/rosidl_generator_c/turtlesim/srv/detail/set_pen__functions.c.o[0m
[2.912s] [  9%] [32mBuilding C object CMakeFiles/turtlesim__rosidl_generator_c.dir/rosidl_generator_c/turtlesim/srv/detail/teleport_absolute__functions.c.o[0m
[2.913s] [ 11%] [32mBuilding C object CMakeFiles/turtlesim__rosidl_generator_c.dir/rosidl_generator_c/turtlesim/srv/detail/kill__functions.c.o[0m
[2.913s] [ 12%] [32mBuilding C object CMakeFiles/turtlesim__rosidl_generator_c.dir/rosidl_generator_c/turtlesim/msg/detail/color__functions.c.o[0m
[2.913s] [ 12%] [32mBuilding C object CMakeFiles/turtlesim__rosidl_generator_c.dir/rosidl_generator_c/turtlesim/srv/detail/spawn__functions.c.o[0m
[2.913s] [ 13%] [32mBuilding C object CMakeFiles/turtlesim__rosidl_generator_c.dir/rosidl_generator_c/turtlesim/srv/detail/teleport_relative__functions.c.o[0m
[3.052s] [ 14%] [32m[1mLinking C shared library libturtlesim__rosidl_generator_c.so[0m
[3.092s] [ 14%] Built target turtlesim__rosidl_generator_c
[3.103s] [ 16%] [34m[1mGenerating C type support dispatch for ROS interfaces[0m
[3.103s] [ 16%] [34m[1mGenerating C type support for eProsima Fast-RTPS[0m
[3.103s] [ 17%] [34m[1mGenerating C introspection for ROS interfaces[0m
[3.342s] [ 18%] [32mBuilding CXX object CMakeFiles/turtlesim__rosidl_typesupport_cpp.dir/rosidl_typesupport_cpp/turtlesim/action/rotate_absolute__type_support.cpp.o[0m
[3.342s] [ 19%] [32mBuilding CXX object CMakeFiles/turtlesim__rosidl_typesupport_cpp.dir/rosidl_typesupport_cpp/turtlesim/srv/teleport_absolute__type_support.cpp.o[0m
[3.343s] [ 21%] [32mBuilding CXX object CMakeFiles/turtlesim__rosidl_typesupport_cpp.dir/rosidl_typesupport_cpp/turtlesim/msg/color__type_support.cpp.o[0m
[3.343s] [ 21%] [32mBuilding CXX object CMakeFiles/turtlesim__rosidl_typesupport_cpp.dir/rosidl_typesupport_cpp/turtlesim/msg/pose__type_support.cpp.o[0m
[3.344s] [ 22%] [32mBuilding CXX object CMakeFiles/turtlesim__rosidl_typesupport_cpp.dir/rosidl_typesupport_cpp/turtlesim/srv/teleport_relative__type_support.cpp.o[0m
[3.344s] [ 23%] [32mBuilding CXX object CMakeFiles/turtlesim__rosidl_typesupport_cpp.dir/rosidl_typesupport_cpp/turtlesim/srv/kill__type_support.cpp.o[0m
[3.344s] [ 24%] [32mBuilding CXX object CMakeFiles/turtlesim__rosidl_typesupport_cpp.dir/rosidl_typesupport_cpp/turtlesim/srv/spawn__type_support.cpp.o[0m
[3.344s] [ 25%] [32mBuilding CXX object CMakeFiles/turtlesim__rosidl_typesupport_cpp.dir/rosidl_typesupport_cpp/turtlesim/srv/set_pen__type_support.cpp.o[0m
[3.541s] [ 27%] [32mBuilding CXX object CMakeFiles/turtlesim__rosidl_typesupport_introspection_cpp.dir/rosidl_typesupport_introspection_cpp/turtlesim/srv/detail/kill__type_support.cpp.o[0m
[3.541s] [ 27%] [32mBuilding CXX object CMakeFiles/turtlesim__rosidl_typesupport_introspection_cpp.dir/rosidl_typesupport_introspection_cpp/turtlesim/action/detail/rotate_absolute__type_support.cpp.o[0m
[3.546s] [ 28%] [32mBuilding CXX object CMakeFiles/turtlesim__rosidl_typesupport_introspection_cpp.dir/rosidl_typesupport_introspection_cpp/turtlesim/msg/detail/pose__type_support.cpp.o[0m
[3.555s] [ 29%] [32mBuilding CXX object CMakeFiles/turtlesim__rosidl_typesupport_introspection_cpp.dir/rosidl_typesupport_introspection_cpp/turtlesim/msg/detail/color__type_support.cpp.o[0m
[3.741s] [ 30%] [32mBuilding CXX object CMakeFiles/turtlesim__rosidl_typesupport_introspection_cpp.dir/rosidl_typesupport_introspection_cpp/turtlesim/srv/detail/spawn__type_support.cpp.o[0m
[3.741s] [ 31%] [32mBuilding CXX object CMakeFiles/turtlesim__rosidl_typesupport_introspection_cpp.dir/rosidl_typesupport_introspection_cpp/turtlesim/srv/detail/set_pen__type_support.cpp.o[0m
[3.754s] [ 32%] [32mBuilding CXX object CMakeFiles/turtlesim__rosidl_typesupport_introspection_cpp.dir/rosidl_typesupport_introspection_cpp/turtlesim/srv/detail/teleport_absolute__type_support.cpp.o[0m
[3.756s] [ 33%] [32mBuilding CXX object CMakeFiles/turtlesim__rosidl_typesupport_introspection_cpp.dir/rosidl_typesupport_introspection_cpp/turtlesim/srv/detail/teleport_relative__type_support.cpp.o[0m
[3.809s] [ 34%] [32mBuilding CXX object CMakeFiles/turtlesim__rosidl_typesupport_c.dir/rosidl_typesupport_c/turtlesim/action/rotate_absolute__type_support.cpp.o[0m
[3.810s] [ 35%] [32mBuilding CXX object CMakeFiles/turtlesim__rosidl_typesupport_c.dir/rosidl_typesupport_c/turtlesim/msg/color__type_support.cpp.o[0m
[3.811s] [ 36%] [32mBuilding CXX object CMakeFiles/turtlesim__rosidl_typesupport_c.dir/rosidl_typesupport_c/turtlesim/msg/pose__type_support.cpp.o[0m
[3.815s] [ 37%] [32mBuilding CXX object CMakeFiles/turtlesim__rosidl_typesupport_fastrtps_cpp.dir/rosidl_typesupport_fastrtps_cpp/turtlesim/action/detail/dds_fastrtps/rotate_absolute__type_support.cpp.o[0m
[3.834s] [ 38%] [32mBuilding CXX object CMakeFiles/turtlesim__rosidl_typesupport_c.dir/rosidl_typesupport_c/turtlesim/srv/kill__type_support.cpp.o[0m
[3.889s] [ 39%] [32mBuilding CXX object CMakeFiles/turtlesim__rosidl_typesupport_c.dir/rosidl_typesupport_c/turtlesim/srv/set_pen__type_support.cpp.o[0m
[3.894s] [ 40%] [32mBuilding CXX object CMakeFiles/turtlesim__rosidl_typesupport_c.dir/rosidl_typesupport_c/turtlesim/srv/spawn__type_support.cpp.o[0m
[3.906s] [ 41%] [32mBuilding CXX object CMakeFiles/turtlesim__rosidl_typesupport_c.dir/rosidl_typesupport_c/turtlesim/srv/teleport_absolute__type_support.cpp.o[0m
[3.914s] [ 42%] [32mBuilding CXX object CMakeFiles/turtlesim__rosidl_typesupport_fastrtps_cpp.dir/rosidl_typesupport_fastrtps_cpp/turtlesim/msg/detail/dds_fastrtps/color__type_support.cpp.o[0m
[3.953s] [ 43%] [32mBuilding CXX object CMakeFiles/turtlesim__rosidl_typesupport_c.dir/rosidl_typesupport_c/turtlesim/srv/teleport_relative__type_support.cpp.o[0m
[3.959s] [ 44%] [32mBuilding CXX object CMakeFiles/turtlesim__rosidl_typesupport_fastrtps_cpp.dir/rosidl_typesupport_fastrtps_cpp/turtlesim/msg/detail/dds_fastrtps/pose__type_support.cpp.o[0m
[3.963s] [ 45%] [32mBuilding CXX object CMakeFiles/turtlesim__rosidl_typesupport_fastrtps_cpp.dir/rosidl_typesupport_fastrtps_cpp/turtlesim/srv/detail/dds_fastrtps/kill__type_support.cpp.o[0m
[4.019s] [ 46%] [32m[1mLinking CXX shared library libturtlesim__rosidl_typesupport_c.so[0m
[4.023s] [ 47%] [32m[1mLinking CXX shared library libturtlesim__rosidl_typesupport_cpp.so[0m
[4.104s] [ 47%] Built target turtlesim__rosidl_typesupport_c
[4.110s] [ 47%] Built target turtlesim__rosidl_typesupport_cpp
[4.126s] [ 48%] [34m[1mGenerating include/turtlesim/moc_turtle_frame.cpp[0m
[4.129s] [ 49%] [32mBuilding C object CMakeFiles/turtlesim__rosidl_typesupport_introspection_c.dir/rosidl_typesupport_introspection_c/turtlesim/action/detail/rotate_absolute__type_support.c.o[0m
[4.136s] [ 50%] [32mBuilding C object CMakeFiles/turtlesim__rosidl_typesupport_introspection_c.dir/rosidl_typesupport_introspection_c/turtlesim/msg/detail/color__type_support.c.o[0m
[4.158s] [ 51%] [32mBuilding CXX object CMakeFiles/mimic.dir/tutorials/mimic.cpp.o[0m
[4.162s] [ 52%] [32mBuilding CXX object CMakeFiles/draw_square.dir/tutorials/draw_square.cpp.o[0m
[4.170s] [ 53%] [32mBuilding CXX object CMakeFiles/turtle_teleop_key.dir/tutorials/teleop_turtle_key.cpp.o[0m
[4.182s] [ 54%] [32mBuilding CXX object CMakeFiles/turtlesim__rosidl_typesupport_fastrtps_c.dir/rosidl_typesupport_fastrtps_c/turtlesim/action/detail/rotate_absolute__type_support_c.cpp.o[0m
[4.196s] [ 55%] [32mBuilding CXX object CMakeFiles/turtlesim__rosidl_typesupport_fastrtps_c.dir/rosidl_typesupport_fastrtps_c/turtlesim/msg/detail/color__type_support_c.cpp.o[0m
[4.205s] [ 56%] [32mBuilding C object CMakeFiles/turtlesim__rosidl_typesupport_introspection_c.dir/rosidl_typesupport_introspection_c/turtlesim/msg/detail/pose__type_support.c.o[0m
[4.270s] [ 57%] [32mBuilding C object CMakeFiles/turtlesim__rosidl_typesupport_introspection_c.dir/rosidl_typesupport_introspection_c/turtlesim/srv/detail/kill__type_support.c.o[0m
[4.302s] [ 58%] [32mBuilding CXX object CMakeFiles/turtlesim__rosidl_typesupport_fastrtps_c.dir/rosidl_typesupport_fastrtps_c/turtlesim/msg/detail/pose__type_support_c.cpp.o[0m
[4.307s] [ 59%] [32mBuilding CXX object CMakeFiles/turtlesim_node.dir/src/turtlesim.cpp.o[0m
[4.318s] [ 60%] [32mBuilding CXX object CMakeFiles/turtlesim__rosidl_typesupport_fastrtps_c.dir/rosidl_typesupport_fastrtps_c/turtlesim/srv/detail/kill__type_support_c.cpp.o[0m
[4.329s] [ 61%] [32mBuilding C object CMakeFiles/turtlesim__rosidl_typesupport_introspection_c.dir/rosidl_typesupport_introspection_c/turtlesim/srv/detail/set_pen__type_support.c.o[0m
[4.332s] [ 62%] [32mBuilding C object CMakeFiles/turtlesim__rosidl_typesupport_introspection_c.dir/rosidl_typesupport_introspection_c/turtlesim/srv/detail/spawn__type_support.c.o[0m
[4.342s] [ 63%] [32mBuilding CXX object CMakeFiles/turtlesim__rosidl_typesupport_fastrtps_cpp.dir/rosidl_typesupport_fastrtps_cpp/turtlesim/srv/detail/dds_fastrtps/set_pen__type_support.cpp.o[0m
[4.398s] [ 64%] [32m[1mLinking CXX shared library libturtlesim__rosidl_typesupport_introspection_cpp.so[0m
[4.402s] [ 65%] [32mBuilding C object CMakeFiles/turtlesim__rosidl_typesupport_introspection_c.dir/rosidl_typesupport_introspection_c/turtlesim/srv/detail/teleport_absolute__type_support.c.o[0m
[4.404s] [ 66%] [32mBuilding C object CMakeFiles/turtlesim__rosidl_typesupport_introspection_c.dir/rosidl_typesupport_introspection_c/turtlesim/srv/detail/teleport_relative__type_support.c.o[0m
[4.460s] [ 68%] [32m[1mLinking C shared library libturtlesim__rosidl_typesupport_introspection_c.so[0m
[4.461s] [ 68%] [32mBuilding CXX object CMakeFiles/turtlesim__rosidl_typesupport_fastrtps_cpp.dir/rosidl_typesupport_fastrtps_cpp/turtlesim/srv/detail/dds_fastrtps/spawn__type_support.cpp.o[0m
[4.466s] [ 69%] [32mBuilding CXX object CMakeFiles/turtlesim__rosidl_typesupport_fastrtps_cpp.dir/rosidl_typesupport_fastrtps_cpp/turtlesim/srv/detail/dds_fastrtps/teleport_absolute__type_support.cpp.o[0m
[4.531s] [ 69%] Built target turtlesim__rosidl_typesupport_introspection_c
[4.548s] [ 71%] [32mBuilding CXX object CMakeFiles/turtlesim__rosidl_typesupport_fastrtps_c.dir/rosidl_typesupport_fastrtps_c/turtlesim/srv/detail/set_pen__type_support_c.cpp.o[0m
[4.548s] [ 71%] [32mBuilding CXX object CMakeFiles/turtlesim__rosidl_typesupport_fastrtps_c.dir/rosidl_typesupport_fastrtps_c/turtlesim/srv/detail/spawn__type_support_c.cpp.o[0m
[4.551s] [ 71%] Built target turtlesim__rosidl_typesupport_introspection_cpp
[4.565s] [ 72%] [32mBuilding CXX object CMakeFiles/turtlesim__rosidl_typesupport_fastrtps_c.dir/rosidl_typesupport_fastrtps_c/turtlesim/srv/detail/teleport_absolute__type_support_c.cpp.o[0m
[4.592s] [ 73%] [32mBuilding CXX object CMakeFiles/turtlesim__rosidl_typesupport_fastrtps_cpp.dir/rosidl_typesupport_fastrtps_cpp/turtlesim/srv/detail/dds_fastrtps/teleport_relative__type_support.cpp.o[0m
[4.669s] [ 74%] [32mBuilding CXX object CMakeFiles/turtlesim_node.dir/src/turtle.cpp.o[0m
[4.679s] [ 75%] [32mBuilding CXX object CMakeFiles/turtlesim__rosidl_typesupport_fastrtps_c.dir/rosidl_typesupport_fastrtps_c/turtlesim/srv/detail/teleport_relative__type_support_c.cpp.o[0m
[4.728s] [ 76%] [32mBuilding CXX object CMakeFiles/turtlesim_node.dir/src/turtle_frame.cpp.o[0m
[4.766s] [ 77%] [32mBuilding CXX object CMakeFiles/turtlesim_node.dir/include/turtlesim/moc_turtle_frame.cpp.o[0m
[5.134s] [ 78%] [32m[1mLinking CXX shared library libturtlesim__rosidl_typesupport_fastrtps_cpp.so[0m
[5.136s] [ 79%] [32m[1mLinking CXX shared library libturtlesim__rosidl_typesupport_fastrtps_c.so[0m
[5.239s] [ 79%] Built target turtlesim__rosidl_typesupport_fastrtps_cpp
[5.241s] [ 79%] Built target turtlesim__rosidl_typesupport_fastrtps_c
[5.265s] [ 79%] Built target turtlesim
[5.291s] [ 80%] [34m[1mGenerating Python code for ROS interfaces[0m
[6.785s] [ 80%] Built target turtlesim__py
[6.810s] [ 84%] [32mBuilding C object CMakeFiles/turtlesim__rosidl_generator_py.dir/rosidl_generator_py/turtlesim/msg/_pose_s.c.o[0m
[6.810s] [ 84%] [32mBuilding C object CMakeFiles/turtlesim__rosidl_generator_py.dir/rosidl_generator_py/turtlesim/msg/_color_s.c.o[0m
[6.810s] [ 84%] [32mBuilding C object CMakeFiles/turtlesim__rosidl_generator_py.dir/rosidl_generator_py/turtlesim/srv/_kill_s.c.o[0m
[6.810s] [ 85%] [32mBuilding C object CMakeFiles/turtlesim__rosidl_generator_py.dir/rosidl_generator_py/turtlesim/srv/_set_pen_s.c.o[0m
[6.810s] [ 84%] [32mBuilding C object CMakeFiles/turtlesim__rosidl_generator_py.dir/rosidl_generator_py/turtlesim/action/_rotate_absolute_s.c.o[0m
[6.811s] [ 86%] [32mBuilding C object CMakeFiles/turtlesim__rosidl_generator_py.dir/rosidl_generator_py/turtlesim/srv/_teleport_absolute_s.c.o[0m
[6.813s] [ 87%] [32mBuilding C object CMakeFiles/turtlesim__rosidl_generator_py.dir/rosidl_generator_py/turtlesim/srv/_teleport_relative_s.c.o[0m
[6.815s] [ 88%] [32mBuilding C object CMakeFiles/turtlesim__rosidl_generator_py.dir/rosidl_generator_py/turtlesim/srv/_spawn_s.c.o[0m
[7.013s] [ 89%] [32m[1mLinking C shared library rosidl_generator_py/turtlesim/libturtlesim__rosidl_generator_py.so[0m
[7.058s] [ 89%] Built target turtlesim__rosidl_generator_py
[7.080s] [ 91%] [32mBuilding C object CMakeFiles/turtlesim__rosidl_typesupport_introspection_c__pyext.dir/rosidl_generator_py/turtlesim/_turtlesim_s.ep.rosidl_typesupport_introspection_c.c.o[0m
[7.080s] [ 91%] [32mBuilding C object CMakeFiles/turtlesim__rosidl_typesupport_fastrtps_c__pyext.dir/rosidl_generator_py/turtlesim/_turtlesim_s.ep.rosidl_typesupport_fastrtps_c.c.o[0m
[7.088s] [ 92%] [32mBuilding C object CMakeFiles/turtlesim__rosidl_typesupport_c__pyext.dir/rosidl_generator_py/turtlesim/_turtlesim_s.ep.rosidl_typesupport_c.c.o[0m
[7.230s] [ 93%] [32m[1mLinking C shared library rosidl_generator_py/turtlesim/turtlesim_s__rosidl_typesupport_fastrtps_c.cpython-310-x86_64-linux-gnu.so[0m
[7.237s] [ 94%] [32m[1mLinking C shared library rosidl_generator_py/turtlesim/turtlesim_s__rosidl_typesupport_introspection_c.cpython-310-x86_64-linux-gnu.so[0m
[7.275s] [ 94%] Built target turtlesim__rosidl_typesupport_fastrtps_c__pyext
[7.284s] [ 94%] Built target turtlesim__rosidl_typesupport_introspection_c__pyext
[7.316s] [ 95%] [32m[1mLinking C shared library rosidl_generator_py/turtlesim/turtlesim_s__rosidl_typesupport_c.cpython-310-x86_64-linux-gnu.so[0m
[7.358s] [ 95%] Built target turtlesim__rosidl_typesupport_c__pyext
[10.100s] [ 96%] [32m[1mLinking CXX executable turtle_teleop_key[0m
[10.346s] [ 96%] Built target turtle_teleop_key
[12.214s] [ 97%] [32m[1mLinking CXX executable mimic[0m
[12.541s] [ 97%] Built target mimic
[12.853s] [ 98%] [32m[1mLinking CXX executable draw_square[0m
[13.259s] [ 98%] Built target draw_square
[15.781s] [100%] [32m[1mLinking CXX executable turtlesim_node[0m
[17.475s] [100%] Built target turtlesim_node
[17.489s] Invoked command in '/home/sunny/catkin_ws/build/turtlesim' returned '0': CMAKE_PREFIX_PATH=${CMAKE_PREFIX_PATH}:/opt/ros/humble /usr/bin/cmake --build /home/sunny/catkin_ws/build/turtlesim -- -j16 -l16
[17.696s] Invoking command in '/home/sunny/catkin_ws/build/turtlesim': CMAKE_PREFIX_PATH=${CMAKE_PREFIX_PATH}:/opt/ros/humble /usr/bin/cmake --install /home/sunny/catkin_ws/build/turtlesim
[17.704s] -- Install configuration: ""
[17.704s] -- Installing: /home/sunny/catkin_ws/install/turtlesim/share/ament_index/resource_index/rosidl_interfaces/turtlesim
[17.704s] -- Installing: /home/sunny/catkin_ws/install/turtlesim/include/turtlesim/turtlesim
[17.704s] -- Installing: /home/sunny/catkin_ws/install/turtlesim/include/turtlesim/turtlesim/srv
[17.704s] -- Installing: /home/sunny/catkin_ws/install/turtlesim/include/turtlesim/turtlesim/srv/set_pen.h
[17.704s] -- Installing: /home/sunny/catkin_ws/install/turtlesim/include/turtlesim/turtlesim/srv/teleport_relative.h
[17.705s] -- Installing: /home/sunny/catkin_ws/install/turtlesim/include/turtlesim/turtlesim/srv/detail
[17.705s] -- Installing: /home/sunny/catkin_ws/install/turtlesim/include/turtlesim/turtlesim/srv/detail/spawn__functions.h
[17.705s] -- Installing: /home/sunny/catkin_ws/install/turtlesim/include/turtlesim/turtlesim/srv/detail/kill__type_support.h
[17.705s] -- Installing: /home/sunny/catkin_ws/install/turtlesim/include/turtlesim/turtlesim/srv/detail/teleport_absolute__struct.h
[17.705s] -- Installing: /home/sunny/catkin_ws/install/turtlesim/include/turtlesim/turtlesim/srv/detail/set_pen__functions.h
[17.705s] -- Installing: /home/sunny/catkin_ws/install/turtlesim/include/turtlesim/turtlesim/srv/detail/kill__struct.h
[17.705s] -- Installing: /home/sunny/catkin_ws/install/turtlesim/include/turtlesim/turtlesim/srv/detail/spawn__functions.c
[17.705s] -- Installing: /home/sunny/catkin_ws/install/turtlesim/include/turtlesim/turtlesim/srv/detail/kill__functions.c
[17.705s] -- Installing: /home/sunny/catkin_ws/install/turtlesim/include/turtlesim/turtlesim/srv/detail/teleport_relative__struct.h
[17.706s] -- Installing: /home/sunny/catkin_ws/install/turtlesim/include/turtlesim/turtlesim/srv/detail/spawn__type_support.h
[17.706s] -- Installing: /home/sunny/catkin_ws/install/turtlesim/include/turtlesim/turtlesim/srv/detail/teleport_absolute__type_support.h
[17.706s] -- Installing: /home/sunny/catkin_ws/install/turtlesim/include/turtlesim/turtlesim/srv/detail/set_pen__functions.c
[17.706s] -- Installing: /home/sunny/catkin_ws/install/turtlesim/include/turtlesim/turtlesim/srv/detail/teleport_relative__type_support.h
[17.706s] -- Installing: /home/sunny/catkin_ws/install/turtlesim/include/turtlesim/turtlesim/srv/detail/teleport_relative__functions.h
[17.706s] -- Installing: /home/sunny/catkin_ws/install/turtlesim/include/turtlesim/turtlesim/srv/detail/spawn__struct.h
[17.706s] -- Installing: /home/sunny/catkin_ws/install/turtlesim/include/turtlesim/turtlesim/srv/detail/teleport_relative__functions.c
[17.706s] -- Installing: /home/sunny/catkin_ws/install/turtlesim/include/turtlesim/turtlesim/srv/detail/set_pen__type_support.h
[17.707s] -- Installing: /home/sunny/catkin_ws/install/turtlesim/include/turtlesim/turtlesim/srv/detail/kill__functions.h
[17.707s] -- Installing: /home/sunny/catkin_ws/install/turtlesim/include/turtlesim/turtlesim/srv/detail/teleport_absolute__functions.h
[17.707s] -- Installing: /home/sunny/catkin_ws/install/turtlesim/include/turtlesim/turtlesim/srv/detail/teleport_absolute__functions.c
[17.707s] -- Installing: /home/sunny/catkin_ws/install/turtlesim/include/turtlesim/turtlesim/srv/detail/set_pen__struct.h
[17.707s] -- Installing: /home/sunny/catkin_ws/install/turtlesim/include/turtlesim/turtlesim/srv/spawn.h
[17.707s] -- Installing: /home/sunny/catkin_ws/install/turtlesim/include/turtlesim/turtlesim/srv/teleport_absolute.h
[17.707s] -- Installing: /home/sunny/catkin_ws/install/turtlesim/include/turtlesim/turtlesim/srv/kill.h
[17.707s] -- Installing: /home/sunny/catkin_ws/install/turtlesim/include/turtlesim/turtlesim/action
[17.707s] -- Installing: /home/sunny/catkin_ws/install/turtlesim/include/turtlesim/turtlesim/action/rotate_absolute.h
[17.708s] -- Installing: /home/sunny/catkin_ws/install/turtlesim/include/turtlesim/turtlesim/action/detail
[17.708s] -- Installing: /home/sunny/catkin_ws/install/turtlesim/include/turtlesim/turtlesim/action/detail/rotate_absolute__struct.h
[17.708s] -- Installing: /home/sunny/catkin_ws/install/turtlesim/include/turtlesim/turtlesim/action/detail/rotate_absolute__type_support.h
[17.708s] -- Installing: /home/sunny/catkin_ws/install/turtlesim/include/turtlesim/turtlesim/action/detail/rotate_absolute__functions.c
[17.708s] -- Installing: /home/sunny/catkin_ws/install/turtlesim/include/turtlesim/turtlesim/action/detail/rotate_absolute__functions.h
[17.708s] -- Installing: /home/sunny/catkin_ws/install/turtlesim/include/turtlesim/turtlesim/msg
[17.708s] -- Installing: /home/sunny/catkin_ws/install/turtlesim/include/turtlesim/turtlesim/msg/detail
[17.708s] -- Installing: /home/sunny/catkin_ws/install/turtlesim/include/turtlesim/turtlesim/msg/detail/color__struct.h
[17.708s] -- Installing: /home/sunny/catkin_ws/install/turtlesim/include/turtlesim/turtlesim/msg/detail/pose__struct.h
[17.709s] -- Installing: /home/sunny/catkin_ws/install/turtlesim/include/turtlesim/turtlesim/msg/detail/color__type_support.h
[17.709s] -- Installing: /home/sunny/catkin_ws/install/turtlesim/include/turtlesim/turtlesim/msg/detail/color__functions.h
[17.709s] -- Installing: /home/sunny/catkin_ws/install/turtlesim/include/turtlesim/turtlesim/msg/detail/color__functions.c
[17.709s] -- Installing: /home/sunny/catkin_ws/install/turtlesim/include/turtlesim/turtlesim/msg/detail/pose__functions.h
[17.709s] -- Installing: /home/sunny/catkin_ws/install/turtlesim/include/turtlesim/turtlesim/msg/detail/pose__functions.c
[17.709s] -- Installing: /home/sunny/catkin_ws/install/turtlesim/include/turtlesim/turtlesim/msg/detail/pose__type_support.h
[17.709s] -- Installing: /home/sunny/catkin_ws/install/turtlesim/include/turtlesim/turtlesim/msg/rosidl_generator_c__visibility_control.h
[17.709s] -- Installing: /home/sunny/catkin_ws/install/turtlesim/include/turtlesim/turtlesim/msg/pose.h
[17.710s] -- Installing: /home/sunny/catkin_ws/install/turtlesim/include/turtlesim/turtlesim/msg/color.h
[17.710s] -- Installing: /home/sunny/catkin_ws/install/turtlesim/share/turtlesim/environment/library_path.sh
[17.710s] -- Installing: /home/sunny/catkin_ws/install/turtlesim/share/turtlesim/environment/library_path.dsv
[17.710s] -- Installing: /home/sunny/catkin_ws/install/turtlesim/lib/libturtlesim__rosidl_generator_c.so
[17.711s] -- Set runtime path of "/home/sunny/catkin_ws/install/turtlesim/lib/libturtlesim__rosidl_generator_c.so" to ""
[17.711s] -- Up-to-date: /home/sunny/catkin_ws/install/turtlesim/include/turtlesim/turtlesim
[17.711s] -- Up-to-date: /home/sunny/catkin_ws/install/turtlesim/include/turtlesim/turtlesim/srv
[17.711s] -- Up-to-date: /home/sunny/catkin_ws/install/turtlesim/include/turtlesim/turtlesim/srv/detail
[17.711s] -- Installing: /home/sunny/catkin_ws/install/turtlesim/include/turtlesim/turtlesim/srv/detail/spawn__rosidl_typesupport_fastrtps_c.h
[17.711s] -- Installing: /home/sunny/catkin_ws/install/turtlesim/include/turtlesim/turtlesim/srv/detail/teleport_absolute__rosidl_typesupport_fastrtps_c.h
[17.711s] -- Installing: /home/sunny/catkin_ws/install/turtlesim/include/turtlesim/turtlesim/srv/detail/set_pen__rosidl_typesupport_fastrtps_c.h
[17.711s] -- Installing: /home/sunny/catkin_ws/install/turtlesim/include/turtlesim/turtlesim/srv/detail/teleport_relative__rosidl_typesupport_fastrtps_c.h
[17.711s] -- Installing: /home/sunny/catkin_ws/install/turtlesim/include/turtlesim/turtlesim/srv/detail/kill__rosidl_typesupport_fastrtps_c.h
[17.711s] -- Up-to-date: /home/sunny/catkin_ws/install/turtlesim/include/turtlesim/turtlesim/action
[17.711s] -- Up-to-date: /home/sunny/catkin_ws/install/turtlesim/include/turtlesim/turtlesim/action/detail
[17.711s] -- Installing: /home/sunny/catkin_ws/install/turtlesim/include/turtlesim/turtlesim/action/detail/rotate_absolute__rosidl_typesupport_fastrtps_c.h
[17.711s] -- Up-to-date: /home/sunny/catkin_ws/install/turtlesim/include/turtlesim/turtlesim/msg
[17.712s] -- Up-to-date: /home/sunny/catkin_ws/install/turtlesim/include/turtlesim/turtlesim/msg/detail
[17.712s] -- Installing: /home/sunny/catkin_ws/install/turtlesim/include/turtlesim/turtlesim/msg/detail/pose__rosidl_typesupport_fastrtps_c.h
[17.712s] -- Installing: /home/sunny/catkin_ws/install/turtlesim/include/turtlesim/turtlesim/msg/detail/color__rosidl_typesupport_fastrtps_c.h
[17.712s] -- Installing: /home/sunny/catkin_ws/install/turtlesim/include/turtlesim/turtlesim/msg/rosidl_typesupport_fastrtps_c__visibility_control.h
[17.712s] -- Installing: /home/sunny/catkin_ws/install/turtlesim/lib/libturtlesim__rosidl_typesupport_fastrtps_c.so
[17.712s] -- Set runtime path of "/home/sunny/catkin_ws/install/turtlesim/lib/libturtlesim__rosidl_typesupport_fastrtps_c.so" to ""
[17.712s] -- Up-to-date: /home/sunny/catkin_ws/install/turtlesim/include/turtlesim/turtlesim
[17.713s] -- Up-to-date: /home/sunny/catkin_ws/install/turtlesim/include/turtlesim/turtlesim/srv
[17.713s] -- Installing: /home/sunny/catkin_ws/install/turtlesim/include/turtlesim/turtlesim/srv/teleport_absolute.hpp
[17.713s] -- Up-to-date: /home/sunny/catkin_ws/install/turtlesim/include/turtlesim/turtlesim/srv/detail
[17.713s] -- Installing: /home/sunny/catkin_ws/install/turtlesim/include/turtlesim/turtlesim/srv/detail/teleport_relative__traits.hpp
[17.713s] -- Installing: /home/sunny/catkin_ws/install/turtlesim/include/turtlesim/turtlesim/srv/detail/set_pen__builder.hpp
[17.713s] -- Installing: /home/sunny/catkin_ws/install/turtlesim/include/turtlesim/turtlesim/srv/detail/kill__traits.hpp
[17.713s] -- Installing: /home/sunny/catkin_ws/install/turtlesim/include/turtlesim/turtlesim/srv/detail/kill__builder.hpp
[17.713s] -- Installing: /home/sunny/catkin_ws/install/turtlesim/include/turtlesim/turtlesim/srv/detail/set_pen__struct.hpp
[17.713s] -- Installing: /home/sunny/catkin_ws/install/turtlesim/include/turtlesim/turtlesim/srv/detail/teleport_absolute__builder.hpp
[17.713s] -- Installing: /home/sunny/catkin_ws/install/turtlesim/include/turtlesim/turtlesim/srv/detail/spawn__struct.hpp
[17.713s] -- Installing: /home/sunny/catkin_ws/install/turtlesim/include/turtlesim/turtlesim/srv/detail/teleport_absolute__traits.hpp
[17.713s] -- Installing: /home/sunny/catkin_ws/install/turtlesim/include/turtlesim/turtlesim/srv/detail/spawn__builder.hpp
[17.714s] -- Installing: /home/sunny/catkin_ws/install/turtlesim/include/turtlesim/turtlesim/srv/detail/set_pen__traits.hpp
[17.714s] -- Installing: /home/sunny/catkin_ws/install/turtlesim/include/turtlesim/turtlesim/srv/detail/kill__struct.hpp
[17.714s] -- Installing: /home/sunny/catkin_ws/install/turtlesim/include/turtlesim/turtlesim/srv/detail/teleport_relative__struct.hpp
[17.714s] -- Installing: /home/sunny/catkin_ws/install/turtlesim/include/turtlesim/turtlesim/srv/detail/teleport_absolute__struct.hpp
[17.714s] -- Installing: /home/sunny/catkin_ws/install/turtlesim/include/turtlesim/turtlesim/srv/detail/teleport_relative__builder.hpp
[17.714s] -- Installing: /home/sunny/catkin_ws/install/turtlesim/include/turtlesim/turtlesim/srv/detail/spawn__traits.hpp
[17.714s] -- Installing: /home/sunny/catkin_ws/install/turtlesim/include/turtlesim/turtlesim/srv/spawn.hpp
[17.714s] -- Installing: /home/sunny/catkin_ws/install/turtlesim/include/turtlesim/turtlesim/srv/kill.hpp
[17.715s] -- Installing: /home/sunny/catkin_ws/install/turtlesim/include/turtlesim/turtlesim/srv/set_pen.hpp
[17.715s] -- Installing: /home/sunny/catkin_ws/install/turtlesim/include/turtlesim/turtlesim/srv/teleport_relative.hpp
[17.715s] -- Up-to-date: /home/sunny/catkin_ws/install/turtlesim/include/turtlesim/turtlesim/action
[17.715s] -- Up-to-date: /home/sunny/catkin_ws/install/turtlesim/include/turtlesim/turtlesim/action/detail
[17.715s] -- Installing: /home/sunny/catkin_ws/install/turtlesim/include/turtlesim/turtlesim/action/detail/rotate_absolute__struct.hpp
[17.715s] -- Installing: /home/sunny/catkin_ws/install/turtlesim/include/turtlesim/turtlesim/action/detail/rotate_absolute__traits.hpp
[17.715s] -- Installing: /home/sunny/catkin_ws/install/turtlesim/include/turtlesim/turtlesim/action/detail/rotate_absolute__builder.hpp
[17.715s] -- Installing: /home/sunny/catkin_ws/install/turtlesim/include/turtlesim/turtlesim/action/rotate_absolute.hpp
[17.715s] -- Up-to-date: /home/sunny/catkin_ws/install/turtlesim/include/turtlesim/turtlesim/msg
[17.715s] -- Installing: /home/sunny/catkin_ws/install/turtlesim/include/turtlesim/turtlesim/msg/color.hpp
[17.716s] -- Installing: /home/sunny/catkin_ws/install/turtlesim/include/turtlesim/turtlesim/msg/pose.hpp
[17.716s] -- Up-to-date: /home/sunny/catkin_ws/install/turtlesim/include/turtlesim/turtlesim/msg/detail
[17.716s] -- Installing: /home/sunny/catkin_ws/install/turtlesim/include/turtlesim/turtlesim/msg/detail/color__traits.hpp
[17.716s] -- Installing: /home/sunny/catkin_ws/install/turtlesim/include/turtlesim/turtlesim/msg/detail/pose__traits.hpp
[17.716s] -- Installing: /home/sunny/catkin_ws/install/turtlesim/include/turtlesim/turtlesim/msg/detail/pose__struct.hpp
[17.716s] -- Installing: /home/sunny/catkin_ws/install/turtlesim/include/turtlesim/turtlesim/msg/detail/color__struct.hpp
[17.716s] -- Installing: /home/sunny/catkin_ws/install/turtlesim/include/turtlesim/turtlesim/msg/detail/color__builder.hpp
[17.716s] -- Installing: /home/sunny/catkin_ws/install/turtlesim/include/turtlesim/turtlesim/msg/detail/pose__builder.hpp
[17.716s] -- Up-to-date: /home/sunny/catkin_ws/install/turtlesim/include/turtlesim/turtlesim
[17.716s] -- Up-to-date: /home/sunny/catkin_ws/install/turtlesim/include/turtlesim/turtlesim/srv
[17.717s] -- Up-to-date: /home/sunny/catkin_ws/install/turtlesim/include/turtlesim/turtlesim/srv/detail
[17.717s] -- Installing: /home/sunny/catkin_ws/install/turtlesim/include/turtlesim/turtlesim/srv/detail/teleport_absolute__rosidl_typesupport_fastrtps_cpp.hpp
[17.717s] -- Installing: /home/sunny/catkin_ws/install/turtlesim/include/turtlesim/turtlesim/srv/detail/spawn__rosidl_typesupport_fastrtps_cpp.hpp
[17.717s] -- Installing: /home/sunny/catkin_ws/install/turtlesim/include/turtlesim/turtlesim/srv/detail/kill__rosidl_typesupport_fastrtps_cpp.hpp
[17.717s] -- Installing: /home/sunny/catkin_ws/install/turtlesim/include/turtlesim/turtlesim/srv/detail/set_pen__rosidl_typesupport_fastrtps_cpp.hpp
[17.717s] -- Installing: /home/sunny/catkin_ws/install/turtlesim/include/turtlesim/turtlesim/srv/detail/dds_fastrtps
[17.717s] -- Installing: /home/sunny/catkin_ws/install/turtlesim/include/turtlesim/turtlesim/srv/detail/teleport_relative__rosidl_typesupport_fastrtps_cpp.hpp
[17.717s] -- Up-to-date: /home/sunny/catkin_ws/install/turtlesim/include/turtlesim/turtlesim/action
[17.717s] -- Up-to-date: /home/sunny/catkin_ws/install/turtlesim/include/turtlesim/turtlesim/action/detail
[17.717s] -- Installing: /home/sunny/catkin_ws/install/turtlesim/include/turtlesim/turtlesim/action/detail/rotate_absolute__rosidl_typesupport_fastrtps_cpp.hpp
[17.717s] -- Installing: /home/sunny/catkin_ws/install/turtlesim/include/turtlesim/turtlesim/action/detail/dds_fastrtps
[17.717s] -- Up-to-date: /home/sunny/catkin_ws/install/turtlesim/include/turtlesim/turtlesim/msg
[17.717s] -- Up-to-date: /home/sunny/catkin_ws/install/turtlesim/include/turtlesim/turtlesim/msg/detail
[17.718s] -- Installing: /home/sunny/catkin_ws/install/turtlesim/include/turtlesim/turtlesim/msg/detail/pose__rosidl_typesupport_fastrtps_cpp.hpp
[17.718s] -- Installing: /home/sunny/catkin_ws/install/turtlesim/include/turtlesim/turtlesim/msg/detail/color__rosidl_typesupport_fastrtps_cpp.hpp
[17.718s] -- Installing: /home/sunny/catkin_ws/install/turtlesim/include/turtlesim/turtlesim/msg/detail/dds_fastrtps
[17.718s] -- Installing: /home/sunny/catkin_ws/install/turtlesim/include/turtlesim/turtlesim/msg/rosidl_typesupport_fastrtps_cpp__visibility_control.h
[17.718s] -- Installing: /home/sunny/catkin_ws/install/turtlesim/lib/libturtlesim__rosidl_typesupport_fastrtps_cpp.so
[17.719s] -- Set runtime path of "/home/sunny/catkin_ws/install/turtlesim/lib/libturtlesim__rosidl_typesupport_fastrtps_cpp.so" to ""
[17.719s] -- Up-to-date: /home/sunny/catkin_ws/install/turtlesim/include/turtlesim/turtlesim
[17.719s] -- Up-to-date: /home/sunny/catkin_ws/install/turtlesim/include/turtlesim/turtlesim/srv
[17.719s] -- Up-to-date: /home/sunny/catkin_ws/install/turtlesim/include/turtlesim/turtlesim/srv/detail
[17.719s] -- Installing: /home/sunny/catkin_ws/install/turtlesim/include/turtlesim/turtlesim/srv/detail/teleport_relative__type_support.c
[17.719s] -- Installing: /home/sunny/catkin_ws/install/turtlesim/include/turtlesim/turtlesim/srv/detail/spawn__type_support.c
[17.719s] -- Installing: /home/sunny/catkin_ws/install/turtlesim/include/turtlesim/turtlesim/srv/detail/spawn__rosidl_typesupport_introspection_c.h
[17.719s] -- Installing: /home/sunny/catkin_ws/install/turtlesim/include/turtlesim/turtlesim/srv/detail/teleport_absolute__rosidl_typesupport_introspection_c.h
[17.719s] -- Installing: /home/sunny/catkin_ws/install/turtlesim/include/turtlesim/turtlesim/srv/detail/teleport_absolute__type_support.c
[17.719s] -- Installing: /home/sunny/catkin_ws/install/turtlesim/include/turtlesim/turtlesim/srv/detail/teleport_relative__rosidl_typesupport_introspection_c.h
[17.719s] -- Installing: /home/sunny/catkin_ws/install/turtlesim/include/turtlesim/turtlesim/srv/detail/set_pen__rosidl_typesupport_introspection_c.h
[17.720s] -- Installing: /home/sunny/catkin_ws/install/turtlesim/include/turtlesim/turtlesim/srv/detail/kill__type_support.c
[17.720s] -- Installing: /home/sunny/catkin_ws/install/turtlesim/include/turtlesim/turtlesim/srv/detail/set_pen__type_support.c
[17.720s] -- Installing: /home/sunny/catkin_ws/install/turtlesim/include/turtlesim/turtlesim/srv/detail/kill__rosidl_typesupport_introspection_c.h
[17.720s] -- Up-to-date: /home/sunny/catkin_ws/install/turtlesim/include/turtlesim/turtlesim/action
[17.720s] -- Up-to-date: /home/sunny/catkin_ws/install/turtlesim/include/turtlesim/turtlesim/action/detail
[17.720s] -- Installing: /home/sunny/catkin_ws/install/turtlesim/include/turtlesim/turtlesim/action/detail/rotate_absolute__rosidl_typesupport_introspection_c.h
[17.720s] -- Installing: /home/sunny/catkin_ws/install/turtlesim/include/turtlesim/turtlesim/action/detail/rotate_absolute__type_support.c
[17.720s] -- Up-to-date: /home/sunny/catkin_ws/install/turtlesim/include/turtlesim/turtlesim/msg
[17.720s] -- Installing: /home/sunny/catkin_ws/install/turtlesim/include/turtlesim/turtlesim/msg/rosidl_typesupport_introspection_c__visibility_control.h
[17.720s] -- Up-to-date: /home/sunny/catkin_ws/install/turtlesim/include/turtlesim/turtlesim/msg/detail
[17.720s] -- Installing: /home/sunny/catkin_ws/install/turtlesim/include/turtlesim/turtlesim/msg/detail/pose__type_support.c
[17.721s] -- Installing: /home/sunny/catkin_ws/install/turtlesim/include/turtlesim/turtlesim/msg/detail/color__rosidl_typesupport_introspection_c.h
[17.721s] -- Installing: /home/sunny/catkin_ws/install/turtlesim/include/turtlesim/turtlesim/msg/detail/color__type_support.c
[17.721s] -- Installing: /home/sunny/catkin_ws/install/turtlesim/include/turtlesim/turtlesim/msg/detail/pose__rosidl_typesupport_introspection_c.h
[17.721s] -- Installing: /home/sunny/catkin_ws/install/turtlesim/lib/libturtlesim__rosidl_typesupport_introspection_c.so
[17.721s] -- Set runtime path of "/home/sunny/catkin_ws/install/turtlesim/lib/libturtlesim__rosidl_typesupport_introspection_c.so" to ""
[17.721s] -- Installing: /home/sunny/catkin_ws/install/turtlesim/lib/libturtlesim__rosidl_typesupport_c.so
[17.722s] -- Set runtime path of "/home/sunny/catkin_ws/install/turtlesim/lib/libturtlesim__rosidl_typesupport_c.so" to ""
[17.722s] -- Up-to-date: /home/sunny/catkin_ws/install/turtlesim/include/turtlesim/turtlesim
[17.722s] -- Up-to-date: /home/sunny/catkin_ws/install/turtlesim/include/turtlesim/turtlesim/srv
[17.722s] -- Up-to-date: /home/sunny/catkin_ws/install/turtlesim/include/turtlesim/turtlesim/srv/detail
[17.722s] -- Installing: /home/sunny/catkin_ws/install/turtlesim/include/turtlesim/turtlesim/srv/detail/set_pen__rosidl_typesupport_introspection_cpp.hpp
[17.722s] -- Installing: /home/sunny/catkin_ws/install/turtlesim/include/turtlesim/turtlesim/srv/detail/spawn__type_support.cpp
[17.723s] -- Installing: /home/sunny/catkin_ws/install/turtlesim/include/turtlesim/turtlesim/srv/detail/teleport_relative__type_support.cpp
[17.723s] -- Installing: /home/sunny/catkin_ws/install/turtlesim/include/turtlesim/turtlesim/srv/detail/teleport_absolute__rosidl_typesupport_introspection_cpp.hpp
[17.723s] -- Installing: /home/sunny/catkin_ws/install/turtlesim/include/turtlesim/turtlesim/srv/detail/set_pen__type_support.cpp
[17.723s] -- Installing: /home/sunny/catkin_ws/install/turtlesim/include/turtlesim/turtlesim/srv/detail/spawn__rosidl_typesupport_introspection_cpp.hpp
[17.723s] -- Installing: /home/sunny/catkin_ws/install/turtlesim/include/turtlesim/turtlesim/srv/detail/teleport_absolute__type_support.cpp
[17.723s] -- Installing: /home/sunny/catkin_ws/install/turtlesim/include/turtlesim/turtlesim/srv/detail/kill__type_support.cpp
[17.723s] -- Installing: /home/sunny/catkin_ws/install/turtlesim/include/turtlesim/turtlesim/srv/detail/teleport_relative__rosidl_typesupport_introspection_cpp.hpp
[17.723s] -- Installing: /home/sunny/catkin_ws/install/turtlesim/include/turtlesim/turtlesim/srv/detail/kill__rosidl_typesupport_introspection_cpp.hpp
[17.723s] -- Up-to-date: /home/sunny/catkin_ws/install/turtlesim/include/turtlesim/turtlesim/action
[17.724s] -- Up-to-date: /home/sunny/catkin_ws/install/turtlesim/include/turtlesim/turtlesim/action/detail
[17.724s] -- Installing: /home/sunny/catkin_ws/install/turtlesim/include/turtlesim/turtlesim/action/detail/rotate_absolute__type_support.cpp
[17.724s] -- Installing: /home/sunny/catkin_ws/install/turtlesim/include/turtlesim/turtlesim/action/detail/rotate_absolute__rosidl_typesupport_introspection_cpp.hpp
[17.724s] -- Up-to-date: /home/sunny/catkin_ws/install/turtlesim/include/turtlesim/turtlesim/msg
[17.724s] -- Up-to-date: /home/sunny/catkin_ws/install/turtlesim/include/turtlesim/turtlesim/msg/detail
[17.724s] -- Installing: /home/sunny/catkin_ws/install/turtlesim/include/turtlesim/turtlesim/msg/detail/color__type_support.cpp
[17.724s] -- Installing: /home/sunny/catkin_ws/install/turtlesim/include/turtlesim/turtlesim/msg/detail/pose__rosidl_typesupport_introspection_cpp.hpp
[17.724s] -- Installing: /home/sunny/catkin_ws/install/turtlesim/include/turtlesim/turtlesim/msg/detail/color__rosidl_typesupport_introspection_cpp.hpp
[17.724s] -- Installing: /home/sunny/catkin_ws/install/turtlesim/include/turtlesim/turtlesim/msg/detail/pose__type_support.cpp
[17.724s] -- Installing: /home/sunny/catkin_ws/install/turtlesim/lib/libturtlesim__rosidl_typesupport_introspection_cpp.so
[17.725s] -- Set runtime path of "/home/sunny/catkin_ws/install/turtlesim/lib/libturtlesim__rosidl_typesupport_introspection_cpp.so" to ""
[17.725s] -- Installing: /home/sunny/catkin_ws/install/turtlesim/lib/libturtlesim__rosidl_typesupport_cpp.so
[17.725s] -- Set runtime path of "/home/sunny/catkin_ws/install/turtlesim/lib/libturtlesim__rosidl_typesupport_cpp.so" to ""
[17.726s] -- Installing: /home/sunny/catkin_ws/install/turtlesim/share/turtlesim/environment/pythonpath.sh
[17.726s] -- Installing: /home/sunny/catkin_ws/install/turtlesim/share/turtlesim/environment/pythonpath.dsv
[17.726s] -- Installing: /home/sunny/catkin_ws/install/turtlesim/local/lib/python3.10/dist-packages/turtlesim-1.4.2-py3.10.egg-info
[17.726s] -- Installing: /home/sunny/catkin_ws/install/turtlesim/local/lib/python3.10/dist-packages/turtlesim-1.4.2-py3.10.egg-info/PKG-INFO
[17.726s] -- Installing: /home/sunny/catkin_ws/install/turtlesim/local/lib/python3.10/dist-packages/turtlesim-1.4.2-py3.10.egg-info/SOURCES.txt
[17.726s] -- Installing: /home/sunny/catkin_ws/install/turtlesim/local/lib/python3.10/dist-packages/turtlesim-1.4.2-py3.10.egg-info/top_level.txt
[17.726s] -- Installing: /home/sunny/catkin_ws/install/turtlesim/local/lib/python3.10/dist-packages/turtlesim-1.4.2-py3.10.egg-info/dependency_links.txt
[17.726s] -- Installing: /home/sunny/catkin_ws/install/turtlesim/local/lib/python3.10/dist-packages/turtlesim
[17.727s] -- Installing: /home/sunny/catkin_ws/install/turtlesim/local/lib/python3.10/dist-packages/turtlesim/__init__.py
[17.727s] -- Installing: /home/sunny/catkin_ws/install/turtlesim/local/lib/python3.10/dist-packages/turtlesim/srv
[17.727s] -- Installing: /home/sunny/catkin_ws/install/turtlesim/local/lib/python3.10/dist-packages/turtlesim/srv/__init__.py
[17.727s] -- Installing: /home/sunny/catkin_ws/install/turtlesim/local/lib/python3.10/dist-packages/turtlesim/srv/_teleport_absolute.py
[17.727s] -- Installing: /home/sunny/catkin_ws/install/turtlesim/local/lib/python3.10/dist-packages/turtlesim/srv/_set_pen_s.c
[17.727s] -- Installing: /home/sunny/catkin_ws/install/turtlesim/local/lib/python3.10/dist-packages/turtlesim/srv/_kill_s.c
[17.727s] -- Installing: /home/sunny/catkin_ws/install/turtlesim/local/lib/python3.10/dist-packages/turtlesim/srv/_teleport_absolute_s.c
[17.727s] -- Installing: /home/sunny/catkin_ws/install/turtlesim/local/lib/python3.10/dist-packages/turtlesim/srv/_teleport_relative_s.c
[17.728s] -- Installing: /home/sunny/catkin_ws/install/turtlesim/local/lib/python3.10/dist-packages/turtlesim/srv/_spawn.py
[17.728s] -- Installing: /home/sunny/catkin_ws/install/turtlesim/local/lib/python3.10/dist-packages/turtlesim/srv/_set_pen.py
[17.728s] -- Installing: /home/sunny/catkin_ws/install/turtlesim/local/lib/python3.10/dist-packages/turtlesim/srv/_spawn_s.c
[17.728s] -- Installing: /home/sunny/catkin_ws/install/turtlesim/local/lib/python3.10/dist-packages/turtlesim/srv/_kill.py
[17.728s] -- Installing: /home/sunny/catkin_ws/install/turtlesim/local/lib/python3.10/dist-packages/turtlesim/srv/_teleport_relative.py
[17.728s] -- Installing: /home/sunny/catkin_ws/install/turtlesim/local/lib/python3.10/dist-packages/turtlesim/_turtlesim_s.ep.rosidl_typesupport_introspection_c.c
[17.728s] -- Installing: /home/sunny/catkin_ws/install/turtlesim/local/lib/python3.10/dist-packages/turtlesim/turtlesim_s__rosidl_typesupport_introspection_c.cpython-310-x86_64-linux-gnu.so
[17.729s] -- Installing: /home/sunny/catkin_ws/install/turtlesim/local/lib/python3.10/dist-packages/turtlesim/action
[17.729s] -- Installing: /home/sunny/catkin_ws/install/turtlesim/local/lib/python3.10/dist-packages/turtlesim/action/__init__.py
[17.729s] -- Installing: /home/sunny/catkin_ws/install/turtlesim/local/lib/python3.10/dist-packages/turtlesim/action/_rotate_absolute.py
[17.729s] -- Installing: /home/sunny/catkin_ws/install/turtlesim/local/lib/python3.10/dist-packages/turtlesim/action/_rotate_absolute_s.c
[17.729s] -- Installing: /home/sunny/catkin_ws/install/turtlesim/local/lib/python3.10/dist-packages/turtlesim/turtlesim_s__rosidl_typesupport_c.cpython-310-x86_64-linux-gnu.so
[17.729s] -- Installing: /home/sunny/catkin_ws/install/turtlesim/local/lib/python3.10/dist-packages/turtlesim/msg
[17.729s] -- Installing: /home/sunny/catkin_ws/install/turtlesim/local/lib/python3.10/dist-packages/turtlesim/msg/__init__.py
[17.729s] -- Installing: /home/sunny/catkin_ws/install/turtlesim/local/lib/python3.10/dist-packages/turtlesim/msg/_pose_s.c
[17.730s] -- Installing: /home/sunny/catkin_ws/install/turtlesim/local/lib/python3.10/dist-packages/turtlesim/msg/_color_s.c
[17.730s] -- Installing: /home/sunny/catkin_ws/install/turtlesim/local/lib/python3.10/dist-packages/turtlesim/msg/_pose.py
[17.730s] -- Installing: /home/sunny/catkin_ws/install/turtlesim/local/lib/python3.10/dist-packages/turtlesim/msg/_color.py
[17.730s] -- Installing: /home/sunny/catkin_ws/install/turtlesim/local/lib/python3.10/dist-packages/turtlesim/_turtlesim_s.ep.rosidl_typesupport_fastrtps_c.c
[17.730s] -- Installing: /home/sunny/catkin_ws/install/turtlesim/local/lib/python3.10/dist-packages/turtlesim/_turtlesim_s.ep.rosidl_typesupport_c.c
[17.731s] -- Installing: /home/sunny/catkin_ws/install/turtlesim/local/lib/python3.10/dist-packages/turtlesim/libturtlesim__rosidl_generator_py.so
[17.731s] -- Installing: /home/sunny/catkin_ws/install/turtlesim/local/lib/python3.10/dist-packages/turtlesim/turtlesim_s__rosidl_typesupport_fastrtps_c.cpython-310-x86_64-linux-gnu.so
[17.768s] Listing '/home/sunny/catkin_ws/install/turtlesim/local/lib/python3.10/dist-packages/turtlesim'...
[17.768s] Compiling '/home/sunny/catkin_ws/install/turtlesim/local/lib/python3.10/dist-packages/turtlesim/__init__.py'...
[17.768s] Listing '/home/sunny/catkin_ws/install/turtlesim/local/lib/python3.10/dist-packages/turtlesim/action'...
[17.768s] Compiling '/home/sunny/catkin_ws/install/turtlesim/local/lib/python3.10/dist-packages/turtlesim/action/__init__.py'...
[17.768s] Compiling '/home/sunny/catkin_ws/install/turtlesim/local/lib/python3.10/dist-packages/turtlesim/action/_rotate_absolute.py'...
[17.768s] Listing '/home/sunny/catkin_ws/install/turtlesim/local/lib/python3.10/dist-packages/turtlesim/msg'...
[17.768s] Compiling '/home/sunny/catkin_ws/install/turtlesim/local/lib/python3.10/dist-packages/turtlesim/msg/__init__.py'...
[17.768s] Compiling '/home/sunny/catkin_ws/install/turtlesim/local/lib/python3.10/dist-packages/turtlesim/msg/_color.py'...
[17.769s] Compiling '/home/sunny/catkin_ws/install/turtlesim/local/lib/python3.10/dist-packages/turtlesim/msg/_pose.py'...
[17.769s] Listing '/home/sunny/catkin_ws/install/turtlesim/local/lib/python3.10/dist-packages/turtlesim/srv'...
[17.769s] Compiling '/home/sunny/catkin_ws/install/turtlesim/local/lib/python3.10/dist-packages/turtlesim/srv/__init__.py'...
[17.769s] Compiling '/home/sunny/catkin_ws/install/turtlesim/local/lib/python3.10/dist-packages/turtlesim/srv/_kill.py'...
[17.769s] Compiling '/home/sunny/catkin_ws/install/turtlesim/local/lib/python3.10/dist-packages/turtlesim/srv/_set_pen.py'...
[17.769s] Compiling '/home/sunny/catkin_ws/install/turtlesim/local/lib/python3.10/dist-packages/turtlesim/srv/_spawn.py'...
[17.769s] Compiling '/home/sunny/catkin_ws/install/turtlesim/local/lib/python3.10/dist-packages/turtlesim/srv/_teleport_absolute.py'...
[17.769s] Compiling '/home/sunny/catkin_ws/install/turtlesim/local/lib/python3.10/dist-packages/turtlesim/srv/_teleport_relative.py'...
[17.772s] -- Installing: /home/sunny/catkin_ws/install/turtlesim/local/lib/python3.10/dist-packages/turtlesim/turtlesim_s__rosidl_typesupport_fastrtps_c.cpython-310-x86_64-linux-gnu.so
[17.773s] -- Set runtime path of "/home/sunny/catkin_ws/install/turtlesim/local/lib/python3.10/dist-packages/turtlesim/turtlesim_s__rosidl_typesupport_fastrtps_c.cpython-310-x86_64-linux-gnu.so" to ""
[17.773s] -- Installing: /home/sunny/catkin_ws/install/turtlesim/local/lib/python3.10/dist-packages/turtlesim/turtlesim_s__rosidl_typesupport_introspection_c.cpython-310-x86_64-linux-gnu.so
[17.773s] -- Set runtime path of "/home/sunny/catkin_ws/install/turtlesim/local/lib/python3.10/dist-packages/turtlesim/turtlesim_s__rosidl_typesupport_introspection_c.cpython-310-x86_64-linux-gnu.so" to ""
[17.773s] -- Installing: /home/sunny/catkin_ws/install/turtlesim/local/lib/python3.10/dist-packages/turtlesim/turtlesim_s__rosidl_typesupport_c.cpython-310-x86_64-linux-gnu.so
[17.774s] -- Set runtime path of "/home/sunny/catkin_ws/install/turtlesim/local/lib/python3.10/dist-packages/turtlesim/turtlesim_s__rosidl_typesupport_c.cpython-310-x86_64-linux-gnu.so" to ""
[17.774s] -- Installing: /home/sunny/catkin_ws/install/turtlesim/lib/libturtlesim__rosidl_generator_py.so
[17.774s] -- Set runtime path of "/home/sunny/catkin_ws/install/turtlesim/lib/libturtlesim__rosidl_generator_py.so" to ""
[17.774s] -- Installing: /home/sunny/catkin_ws/install/turtlesim/share/turtlesim/action/RotateAbsolute.idl
[17.775s] -- Installing: /home/sunny/catkin_ws/install/turtlesim/share/turtlesim/msg/Color.idl
[17.775s] -- Installing: /home/sunny/catkin_ws/install/turtlesim/share/turtlesim/msg/Pose.idl
[17.775s] -- Installing: /home/sunny/catkin_ws/install/turtlesim/share/turtlesim/srv/Kill.idl
[17.775s] -- Installing: /home/sunny/catkin_ws/install/turtlesim/share/turtlesim/srv/SetPen.idl
[17.775s] -- Installing: /home/sunny/catkin_ws/install/turtlesim/share/turtlesim/srv/Spawn.idl
[17.775s] -- Installing: /home/sunny/catkin_ws/install/turtlesim/share/turtlesim/srv/TeleportAbsolute.idl
[17.775s] -- Installing: /home/sunny/catkin_ws/install/turtlesim/share/turtlesim/srv/TeleportRelative.idl
[17.776s] -- Installing: /home/sunny/catkin_ws/install/turtlesim/share/turtlesim/action/RotateAbsolute.action
[17.776s] -- Installing: /home/sunny/catkin_ws/install/turtlesim/share/turtlesim/msg/Color.msg
[17.776s] -- Installing: /home/sunny/catkin_ws/install/turtlesim/share/turtlesim/msg/Pose.msg
[17.776s] -- Installing: /home/sunny/catkin_ws/install/turtlesim/share/turtlesim/srv/Kill.srv
[17.776s] -- Installing: /home/sunny/catkin_ws/install/turtlesim/share/turtlesim/srv/Kill_Request.msg
[17.776s] -- Installing: /home/sunny/catkin_ws/install/turtlesim/share/turtlesim/srv/Kill_Response.msg
[17.776s] -- Installing: /home/sunny/catkin_ws/install/turtlesim/share/turtlesim/srv/SetPen.srv
[17.776s] -- Installing: /home/sunny/catkin_ws/install/turtlesim/share/turtlesim/srv/SetPen_Request.msg
[17.777s] -- Installing: /home/sunny/catkin_ws/install/turtlesim/share/turtlesim/srv/SetPen_Response.msg
[17.777s] -- Installing: /home/sunny/catkin_ws/install/turtlesim/share/turtlesim/srv/Spawn.srv
[17.777s] -- Installing: /home/sunny/catkin_ws/install/turtlesim/share/turtlesim/srv/Spawn_Request.msg
[17.777s] -- Installing: /home/sunny/catkin_ws/install/turtlesim/share/turtlesim/srv/Spawn_Response.msg
[17.777s] -- Installing: /home/sunny/catkin_ws/install/turtlesim/share/turtlesim/srv/TeleportAbsolute.srv
[17.777s] -- Installing: /home/sunny/catkin_ws/install/turtlesim/share/turtlesim/srv/TeleportAbsolute_Request.msg
[17.777s] -- Installing: /home/sunny/catkin_ws/install/turtlesim/share/turtlesim/srv/TeleportAbsolute_Response.msg
[17.778s] -- Installing: /home/sunny/catkin_ws/install/turtlesim/share/turtlesim/srv/TeleportRelative.srv
[17.778s] -- Installing: /home/sunny/catkin_ws/install/turtlesim/share/turtlesim/srv/TeleportRelative_Request.msg
[17.778s] -- Installing: /home/sunny/catkin_ws/install/turtlesim/share/turtlesim/srv/TeleportRelative_Response.msg
[17.778s] -- Installing: /home/sunny/catkin_ws/install/turtlesim/lib/turtlesim/turtlesim_node
[17.792s] -- Set runtime path of "/home/sunny/catkin_ws/install/turtlesim/lib/turtlesim/turtlesim_node" to ""
[17.792s] -- Installing: /home/sunny/catkin_ws/install/turtlesim/lib/turtlesim/turtle_teleop_key
[17.795s] -- Set runtime path of "/home/sunny/catkin_ws/install/turtlesim/lib/turtlesim/turtle_teleop_key" to ""
[17.795s] -- Installing: /home/sunny/catkin_ws/install/turtlesim/lib/turtlesim/draw_square
[17.802s] -- Set runtime path of "/home/sunny/catkin_ws/install/turtlesim/lib/turtlesim/draw_square" to ""
[17.802s] -- Installing: /home/sunny/catkin_ws/install/turtlesim/lib/turtlesim/mimic
[17.808s] -- Set runtime path of "/home/sunny/catkin_ws/install/turtlesim/lib/turtlesim/mimic" to ""
[17.809s] -- Installing: /home/sunny/catkin_ws/install/turtlesim/share/turtlesim/images
[17.809s] -- Installing: /home/sunny/catkin_ws/install/turtlesim/share/turtlesim/images/humble.png
[17.809s] -- Installing: /home/sunny/catkin_ws/install/turtlesim/share/turtlesim/images/crystal.png
[17.809s] -- Installing: /home/sunny/catkin_ws/install/turtlesim/share/turtlesim/images/rolling.png
[17.809s] -- Installing: /home/sunny/catkin_ws/install/turtlesim/share/turtlesim/images/dashing.png
[17.809s] -- Installing: /home/sunny/catkin_ws/install/turtlesim/share/turtlesim/images/bouncy.png
[17.809s] -- Installing: /home/sunny/catkin_ws/install/turtlesim/share/turtlesim/images/galactic.png
[17.809s] -- Installing: /home/sunny/catkin_ws/install/turtlesim/share/turtlesim/images/eloquent.png
[17.809s] -- Installing: /home/sunny/catkin_ws/install/turtlesim/share/turtlesim/images/foxy.png
[17.810s] -- Installing: /home/sunny/catkin_ws/install/turtlesim/share/turtlesim/images/ardent.png
[17.810s] -- Installing: /home/sunny/catkin_ws/install/turtlesim/share/turtlesim/launch
[17.810s] -- Installing: /home/sunny/catkin_ws/install/turtlesim/share/turtlesim/launch/multisim.launch.py
[17.810s] -- Installing: /home/sunny/catkin_ws/install/turtlesim/share/ament_index/resource_index/package_run_dependencies/turtlesim
[17.810s] -- Installing: /home/sunny/catkin_ws/install/turtlesim/share/ament_index/resource_index/parent_prefix_path/turtlesim
[17.810s] -- Installing: /home/sunny/catkin_ws/install/turtlesim/share/turtlesim/environment/ament_prefix_path.sh
[17.810s] -- Installing: /home/sunny/catkin_ws/install/turtlesim/share/turtlesim/environment/ament_prefix_path.dsv
[17.810s] -- Installing: /home/sunny/catkin_ws/install/turtlesim/share/turtlesim/environment/path.sh
[17.810s] -- Installing: /home/sunny/catkin_ws/install/turtlesim/share/turtlesim/environment/path.dsv
[17.811s] -- Installing: /home/sunny/catkin_ws/install/turtlesim/share/turtlesim/local_setup.bash
[17.811s] -- Installing: /home/sunny/catkin_ws/install/turtlesim/share/turtlesim/local_setup.sh
[17.811s] -- Installing: /home/sunny/catkin_ws/install/turtlesim/share/turtlesim/local_setup.zsh
[17.811s] -- Installing: /home/sunny/catkin_ws/install/turtlesim/share/turtlesim/local_setup.dsv
[17.811s] -- Installing: /home/sunny/catkin_ws/install/turtlesim/share/turtlesim/package.dsv
[17.811s] -- Installing: /home/sunny/catkin_ws/install/turtlesim/share/ament_index/resource_index/packages/turtlesim
[17.812s] -- Installing: /home/sunny/catkin_ws/install/turtlesim/share/turtlesim/cmake/export_turtlesim__rosidl_generator_cExport.cmake
[17.812s] -- Installing: /home/sunny/catkin_ws/install/turtlesim/share/turtlesim/cmake/export_turtlesim__rosidl_generator_cExport-noconfig.cmake
[17.812s] -- Installing: /home/sunny/catkin_ws/install/turtlesim/share/turtlesim/cmake/export_turtlesim__rosidl_typesupport_fastrtps_cExport.cmake
[17.812s] -- Installing: /home/sunny/catkin_ws/install/turtlesim/share/turtlesim/cmake/export_turtlesim__rosidl_typesupport_fastrtps_cExport-noconfig.cmake
[17.812s] -- Installing: /home/sunny/catkin_ws/install/turtlesim/share/turtlesim/cmake/export_turtlesim__rosidl_generator_cppExport.cmake
[17.812s] -- Installing: /home/sunny/catkin_ws/install/turtlesim/share/turtlesim/cmake/export_turtlesim__rosidl_typesupport_fastrtps_cppExport.cmake
[17.812s] -- Installing: /home/sunny/catkin_ws/install/turtlesim/share/turtlesim/cmake/export_turtlesim__rosidl_typesupport_fastrtps_cppExport-noconfig.cmake
[17.813s] -- Installing: /home/sunny/catkin_ws/install/turtlesim/share/turtlesim/cmake/turtlesim__rosidl_typesupport_introspection_cExport.cmake
[17.813s] -- Installing: /home/sunny/catkin_ws/install/turtlesim/share/turtlesim/cmake/turtlesim__rosidl_typesupport_introspection_cExport-noconfig.cmake
[17.813s] -- Installing: /home/sunny/catkin_ws/install/turtlesim/share/turtlesim/cmake/turtlesim__rosidl_typesupport_cExport.cmake
[17.813s] -- Installing: /home/sunny/catkin_ws/install/turtlesim/share/turtlesim/cmake/turtlesim__rosidl_typesupport_cExport-noconfig.cmake
[17.813s] -- Installing: /home/sunny/catkin_ws/install/turtlesim/share/turtlesim/cmake/turtlesim__rosidl_typesupport_introspection_cppExport.cmake
[17.813s] -- Installing: /home/sunny/catkin_ws/install/turtlesim/share/turtlesim/cmake/turtlesim__rosidl_typesupport_introspection_cppExport-noconfig.cmake
[17.814s] -- Installing: /home/sunny/catkin_ws/install/turtlesim/share/turtlesim/cmake/turtlesim__rosidl_typesupport_cppExport.cmake
[17.814s] -- Installing: /home/sunny/catkin_ws/install/turtlesim/share/turtlesim/cmake/turtlesim__rosidl_typesupport_cppExport-noconfig.cmake
[17.814s] -- Installing: /home/sunny/catkin_ws/install/turtlesim/share/turtlesim/cmake/export_turtlesim__rosidl_generator_pyExport.cmake
[17.814s] -- Installing: /home/sunny/catkin_ws/install/turtlesim/share/turtlesim/cmake/export_turtlesim__rosidl_generator_pyExport-noconfig.cmake
[17.814s] -- Installing: /home/sunny/catkin_ws/install/turtlesim/share/turtlesim/cmake/rosidl_cmake-extras.cmake
[17.814s] -- Installing: /home/sunny/catkin_ws/install/turtlesim/share/turtlesim/cmake/ament_cmake_export_dependencies-extras.cmake
[17.814s] -- Installing: /home/sunny/catkin_ws/install/turtlesim/share/turtlesim/cmake/ament_cmake_export_include_directories-extras.cmake
[17.815s] -- Installing: /home/sunny/catkin_ws/install/turtlesim/share/turtlesim/cmake/ament_cmake_export_libraries-extras.cmake
[17.815s] -- Installing: /home/sunny/catkin_ws/install/turtlesim/share/turtlesim/cmake/ament_cmake_export_targets-extras.cmake
[17.815s] -- Installing: /home/sunny/catkin_ws/install/turtlesim/share/turtlesim/cmake/rosidl_cmake_export_typesupport_targets-extras.cmake
[17.815s] -- Installing: /home/sunny/catkin_ws/install/turtlesim/share/turtlesim/cmake/rosidl_cmake_export_typesupport_libraries-extras.cmake
[17.815s] -- Installing: /home/sunny/catkin_ws/install/turtlesim/share/turtlesim/cmake/turtlesimConfig.cmake
[17.815s] -- Installing: /home/sunny/catkin_ws/install/turtlesim/share/turtlesim/cmake/turtlesimConfig-version.cmake
[17.815s] -- Installing: /home/sunny/catkin_ws/install/turtlesim/share/turtlesim/package.xml
[17.818s] Invoked command in '/home/sunny/catkin_ws/build/turtlesim' returned '0': CMAKE_PREFIX_PATH=${CMAKE_PREFIX_PATH}:/opt/ros/humble /usr/bin/cmake --install /home/sunny/catkin_ws/build/turtlesim
