[0.375s] Invoking command in '/home/sunny/catkin_ws/build/uuv_gazebo': CMAKE_PREFIX_PATH=${CMAKE_PREFIX_PATH}:/home/sunny/catkin_ws/install/beluga_adapter:/opt/ros/humble /usr/bin/cmake /home/sunny/catkin_ws/src/Plankton/uuv_gazebo -DCMAKE_INSTALL_PREFIX=/home/sunny/catkin_ws/install/uuv_gazebo
[0.467s] -- The C compiler identification is GNU 11.4.0
[0.576s] -- The CXX compiler identification is GNU 11.4.0
[0.589s] -- Detecting C compiler ABI info
[0.691s] -- Detecting C compiler ABI info - done
[0.703s] -- Check for working C compiler: /usr/bin/cc - skipped
[0.705s] -- Detecting C compile features
[0.706s] -- Detecting C compile features - done
[0.718s] -- Detecting CXX compiler ABI info
[0.811s] -- Detecting CXX compiler ABI info - done
[0.821s] -- Check for working CXX compiler: /usr/bin/c++ - skipped
[0.822s] -- Detecting CXX compile features
[0.822s] -- Detecting CXX compile features - done
[0.831s] -- Found ament_cmake: 1.3.6 (/opt/ros/humble/share/ament_cmake/cmake)
[1.069s] -- Found Python3: /usr/bin/python3.10 (found version "3.10.12") found components: Interpreter 
[1.264s] -- Configuring done
[1.267s] -- Generating done
[1.277s] -- Build files have been written to: /home/sunny/catkin_ws/build/uuv_gazebo
[1.391s] Invoked command in '/home/sunny/catkin_ws/build/uuv_gazebo' returned '0': CMAKE_PREFIX_PATH=${CMAKE_PREFIX_PATH}:/home/sunny/catkin_ws/install/beluga_adapter:/opt/ros/humble /usr/bin/cmake /home/sunny/catkin_ws/src/Plankton/uuv_gazebo -DCMAKE_INSTALL_PREFIX=/home/sunny/catkin_ws/install/uuv_gazebo
[1.393s] Invoking command in '/home/sunny/catkin_ws/build/uuv_gazebo': CMAKE_PREFIX_PATH=${CMAKE_PREFIX_PATH}:/home/sunny/catkin_ws/install/beluga_adapter:/opt/ros/humble /usr/bin/cmake --build /home/sunny/catkin_ws/build/uuv_gazebo -- -j16 -l16
[1.506s] Invoked command in '/home/sunny/catkin_ws/build/uuv_gazebo' returned '0': CMAKE_PREFIX_PATH=${CMAKE_PREFIX_PATH}:/home/sunny/catkin_ws/install/beluga_adapter:/opt/ros/humble /usr/bin/cmake --build /home/sunny/catkin_ws/build/uuv_gazebo -- -j16 -l16
[1.873s] Invoking command in '/home/sunny/catkin_ws/build/uuv_gazebo': CMAKE_PREFIX_PATH=${CMAKE_PREFIX_PATH}:/home/sunny/catkin_ws/install/beluga_adapter:/opt/ros/humble /usr/bin/cmake --install /home/sunny/catkin_ws/build/uuv_gazebo
[1.898s] -- Install configuration: ""
[1.898s] -- Installing: /home/sunny/catkin_ws/install/uuv_gazebo/share/uuv_gazebo/rviz
[1.898s] -- Installing: /home/sunny/catkin_ws/install/uuv_gazebo/share/uuv_gazebo/rviz/rexrov_default.rviz
[1.898s] -- Installing: /home/sunny/catkin_ws/install/uuv_gazebo/share/uuv_gazebo/rviz/controller_demo.rviz
[1.898s] -- Installing: /home/sunny/catkin_ws/install/uuv_gazebo/share/uuv_gazebo/rviz/rexrov_sonar.rviz
[1.898s] -- Installing: /home/sunny/catkin_ws/install/uuv_gazebo/share/uuv_gazebo/rviz/bathymetry.rviz
[1.898s] -- Installing: /home/sunny/catkin_ws/install/uuv_gazebo/share/uuv_gazebo/rviz/rexrov.perspective
[1.899s] -- Installing: /home/sunny/catkin_ws/install/uuv_gazebo/share/uuv_gazebo/rviz/rexrov_oberon_jt_controller.rviz
[1.899s] -- Installing: /home/sunny/catkin_ws/install/uuv_gazebo/share/uuv_gazebo/launch
[1.899s] -- Installing: /home/sunny/catkin_ws/install/uuv_gazebo/share/uuv_gazebo/launch/rexrov_demos
[1.899s] -- Installing: /home/sunny/catkin_ws/install/uuv_gazebo/share/uuv_gazebo/launch/rexrov_demos/rexrov_sonar_logitech_joy.launch
[1.899s] -- Installing: /home/sunny/catkin_ws/install/uuv_gazebo/share/uuv_gazebo/launch/rexrov_demos/rexrov_default.launch
[1.899s] -- Installing: /home/sunny/catkin_ws/install/uuv_gazebo/share/uuv_gazebo/launch/rexrov_demos/rexrov_sonar.launch
[1.899s] -- Installing: /home/sunny/catkin_ws/install/uuv_gazebo/share/uuv_gazebo/launch/rexrov_demos/rexrov_oberon_demo.launch
[1.899s] -- Installing: /home/sunny/catkin_ws/install/uuv_gazebo/share/uuv_gazebo/launch/rexrov_demos/rexrov_bop_panel.launch
[1.899s] -- Installing: /home/sunny/catkin_ws/install/uuv_gazebo/share/uuv_gazebo/launch/rexrov_demos/rexrov_oberon_arms_demo.launch
[1.899s] -- Installing: /home/sunny/catkin_ws/install/uuv_gazebo/share/uuv_gazebo/launch/rexrov_demos/rexrov_oberon_demo_logitech_joy.launch
[1.899s] -- Installing: /home/sunny/catkin_ws/install/uuv_gazebo/share/uuv_gazebo/launch/rexrov_demos/rexrov_default_logitech_joy.launch
[1.899s] -- Installing: /home/sunny/catkin_ws/install/uuv_gazebo/share/uuv_gazebo/launch/rexrov_demos/rexrov_oberon4_demo_logitech_joy.launch
[1.899s] -- Installing: /home/sunny/catkin_ws/install/uuv_gazebo/share/uuv_gazebo/launch/rexrov_demos/rexrov_oberon_arms_demo_logitech_joy.launch
[1.900s] -- Installing: /home/sunny/catkin_ws/install/uuv_gazebo/share/uuv_gazebo/launch/rexrov_demos/rexrov_oberon4_demo.launch
[1.900s] -- Installing: /home/sunny/catkin_ws/install/uuv_gazebo/share/uuv_gazebo/launch/controller_demos
[1.900s] -- Installing: /home/sunny/catkin_ws/install/uuv_gazebo/share/uuv_gazebo/launch/controller_demos/start_nmb_smc_demo_with_teleop.launch
[1.900s] -- Installing: /home/sunny/catkin_ws/install/uuv_gazebo/share/uuv_gazebo/launch/controller_demos/start_pid_demo_with_teleop.launch
[1.900s] -- Installing: /home/sunny/catkin_ws/install/uuv_gazebo/share/uuv_gazebo/launch/controller_demos/start_nl_pid_demo.launch
[1.900s] -- Installing: /home/sunny/catkin_ws/install/uuv_gazebo/share/uuv_gazebo/launch/controller_demos/start_pid_demo.launch
[1.901s] -- Installing: /home/sunny/catkin_ws/install/uuv_gazebo/share/uuv_gazebo/launch/controller_demos/start_disturbance_demo.launch
[1.901s] -- Installing: /home/sunny/catkin_ws/install/uuv_gazebo/share/uuv_gazebo/launch/controller_demos/record_demo.launch
[1.901s] -- Installing: /home/sunny/catkin_ws/install/uuv_gazebo/share/uuv_gazebo/launch/controller_demos/start_nmb_smc_demo.launch
[1.901s] -- Installing: /home/sunny/catkin_ws/install/uuv_gazebo/share/uuv_gazebo/launch/controller_demos/start_mb_smc_demo.launch
[1.901s] -- Installing: /home/sunny/catkin_ws/install/uuv_gazebo/share/uuv_gazebo/config
[1.901s] -- Installing: /home/sunny/catkin_ws/install/uuv_gazebo/share/uuv_gazebo/config/disturbances
[1.901s] -- Installing: /home/sunny/catkin_ws/install/uuv_gazebo/share/uuv_gazebo/config/disturbances/test_disturbances.yaml
[1.901s] -- Installing: /home/sunny/catkin_ws/install/uuv_gazebo/share/ament_index/resource_index/package_run_dependencies/uuv_gazebo
[1.902s] -- Installing: /home/sunny/catkin_ws/install/uuv_gazebo/share/ament_index/resource_index/parent_prefix_path/uuv_gazebo
[1.902s] -- Installing: /home/sunny/catkin_ws/install/uuv_gazebo/share/uuv_gazebo/environment/ament_prefix_path.sh
[1.902s] -- Installing: /home/sunny/catkin_ws/install/uuv_gazebo/share/uuv_gazebo/environment/ament_prefix_path.dsv
[1.902s] -- Installing: /home/sunny/catkin_ws/install/uuv_gazebo/share/uuv_gazebo/environment/path.sh
[1.902s] -- Installing: /home/sunny/catkin_ws/install/uuv_gazebo/share/uuv_gazebo/environment/path.dsv
[1.902s] -- Installing: /home/sunny/catkin_ws/install/uuv_gazebo/share/uuv_gazebo/local_setup.bash
[1.902s] -- Installing: /home/sunny/catkin_ws/install/uuv_gazebo/share/uuv_gazebo/local_setup.sh
[1.902s] -- Installing: /home/sunny/catkin_ws/install/uuv_gazebo/share/uuv_gazebo/local_setup.zsh
[1.902s] -- Installing: /home/sunny/catkin_ws/install/uuv_gazebo/share/uuv_gazebo/local_setup.dsv
[1.902s] -- Installing: /home/sunny/catkin_ws/install/uuv_gazebo/share/uuv_gazebo/package.dsv
[1.902s] -- Installing: /home/sunny/catkin_ws/install/uuv_gazebo/share/ament_index/resource_index/packages/uuv_gazebo
[1.902s] -- Installing: /home/sunny/catkin_ws/install/uuv_gazebo/share/uuv_gazebo/cmake/uuv_gazeboConfig.cmake
[1.903s] -- Installing: /home/sunny/catkin_ws/install/uuv_gazebo/share/uuv_gazebo/cmake/uuv_gazeboConfig-version.cmake
[1.903s] -- Installing: /home/sunny/catkin_ws/install/uuv_gazebo/share/uuv_gazebo/package.xml
[2.500s] Invoked command in '/home/sunny/catkin_ws/build/uuv_gazebo' returned '0': CMAKE_PREFIX_PATH=${CMAKE_PREFIX_PATH}:/home/sunny/catkin_ws/install/beluga_adapter:/opt/ros/humble /usr/bin/cmake --install /home/sunny/catkin_ws/build/uuv_gazebo
