[0.060s] Invoking command in '/home/sunny/catkin_ws/build/turtlesim': CMAKE_PREFIX_PATH=${CMAKE_PREFIX_PATH}:/home/sunny/catkin_ws/install/beluga_adapter:/opt/ros/humble /usr/bin/cmake --build /home/sunny/catkin_ws/build/turtlesim -- -j16 -l16
[0.117s] [  1%] Built target turtlesim__cpp
[0.117s] [ 11%] Built target turtlesim__rosidl_generator_c
[0.134s] [ 11%] Built target ament_cmake_python_copy_turtlesim
[0.144s] [ 21%] Built target turtlesim__rosidl_typesupport_introspection_c
[0.149s] [ 34%] Built target turtlesim__rosidl_typesupport_cpp
[0.149s] [ 46%] Built target turtlesim__rosidl_typesupport_c
[0.151s] [ 51%] Built target turtlesim__rosidl_typesupport_fastrtps_cpp
[0.156s] [ 71%] Built target turtlesim__rosidl_typesupport_fastrtps_c
[0.156s] [ 71%] Built target turtlesim__rosidl_typesupport_introspection_cpp
[0.176s] [ 71%] Built target turtlesim
[0.182s] [ 73%] Built target mimic
[0.183s] [ 76%] Built target turtle_teleop_key
[0.183s] [ 77%] Built target draw_square
[0.187s] [ 83%] Built target turtlesim_node
[0.202s] [ 84%] Built target turtlesim__py
[0.232s] [ 93%] Built target turtlesim__rosidl_generator_py
[0.259s] [100%] Built target turtlesim__rosidl_typesupport_c__pyext
[0.259s] [100%] Built target turtlesim__rosidl_typesupport_fastrtps_c__pyext
[0.259s] [100%] Built target turtlesim__rosidl_typesupport_introspection_c__pyext
[0.378s] running egg_info
[0.378s] writing turtlesim.egg-info/PKG-INFO
[0.378s] writing dependency_links to turtlesim.egg-info/dependency_links.txt
[0.378s] writing top-level names to turtlesim.egg-info/top_level.txt
[0.380s] reading manifest file 'turtlesim.egg-info/SOURCES.txt'
[0.381s] writing manifest file 'turtlesim.egg-info/SOURCES.txt'
[0.409s] [100%] Built target ament_cmake_python_build_turtlesim_egg
[0.425s] Invoked command in '/home/sunny/catkin_ws/build/turtlesim' returned '0': CMAKE_PREFIX_PATH=${CMAKE_PREFIX_PATH}:/home/sunny/catkin_ws/install/beluga_adapter:/opt/ros/humble /usr/bin/cmake --build /home/sunny/catkin_ws/build/turtlesim -- -j16 -l16
