[0.274s] Invoking command in '/home/sunny/catkin_ws/build/common_msgs': CMAKE_PREFIX_PATH=${CMAKE_PREFIX_PATH}:/home/sunny/catkin_ws/install/beluga_adapter:/opt/ros/humble /usr/bin/cmake --build /home/sunny/catkin_ws/build/common_msgs -- -j16 -l16
[0.443s] [  9%] Built target common_msgs__rosidl_generator_c
[0.454s] [  9%] Built target ament_cmake_python_copy_common_msgs
[0.454s] [ 12%] Built target common_msgs__cpp
[0.554s] [ 22%] Built target common_msgs__rosidl_typesupport_introspection_c
[0.568s] [ 32%] Built target common_msgs__rosidl_typesupport_fastrtps_c
[0.599s] [ 41%] Built target common_msgs__rosidl_typesupport_c
[0.609s] [ 51%] Built target common_msgs__rosidl_typesupport_introspection_cpp
[0.612s] [ 61%] Built target common_msgs__rosidl_typesupport_fastrtps_cpp
[0.643s] [ 70%] Built target common_msgs__rosidl_typesupport_cpp
[0.771s] [ 70%] Built target common_msgs
[0.846s] [ 74%] Built target common_msgs__py
[0.962s] [ 80%] Built target common_msgs__rosidl_generator_py
[1.015s] running egg_info
[1.016s] writing common_msgs.egg-info/PKG-INFO
[1.017s] writing dependency_links to common_msgs.egg-info/dependency_links.txt
[1.017s] writing top-level names to common_msgs.egg-info/top_level.txt
[1.031s] reading manifest file 'common_msgs.egg-info/SOURCES.txt'
[1.031s] writing manifest file 'common_msgs.egg-info/SOURCES.txt'
[1.033s] [ 87%] Built target common_msgs__rosidl_typesupport_fastrtps_c__pyext
[1.052s] [ 93%] Built target common_msgs__rosidl_typesupport_introspection_c__pyext
[1.079s] [100%] Built target common_msgs__rosidl_typesupport_c__pyext
[1.097s] [100%] Built target ament_cmake_python_build_common_msgs_egg
[1.273s] Invoked command in '/home/sunny/catkin_ws/build/common_msgs' returned '0': CMAKE_PREFIX_PATH=${CMAKE_PREFIX_PATH}:/home/sunny/catkin_ws/install/beluga_adapter:/opt/ros/humble /usr/bin/cmake --build /home/sunny/catkin_ws/build/common_msgs -- -j16 -l16
