-- The C compiler identification is GNU 11.4.0
-- The CXX compiler identification is GNU 11.4.0
-- Detecting C compiler ABI info
-- Detecting C compiler ABI info - done
-- Check for working C compiler: /usr/bin/cc - skipped
-- Detecting C compile features
-- Detecting C compile features - done
-- Detecting CXX compiler ABI info
-- Detecting CXX compiler ABI info - done
-- Check for working CXX compiler: /usr/bin/c++ - skipped
-- Detecting CXX compile features
-- Detecting CXX compile features - done
-- Found std_msgs: 4.2.3 (/opt/ros/humble/share/std_msgs/cmake)
-- Found Python3: /usr/bin/python3.10 (found version "3.10.12") found components: Interpreter 
-- Found rosidl_generator_c: 3.1.5 (/opt/ros/humble/share/rosidl_generator_c/cmake)
-- Found rosidl_adapter: 3.1.5 (/opt/ros/humble/share/rosidl_adapter/cmake)
-- Found rosidl_generator_cpp: 3.1.5 (/opt/ros/humble/share/rosidl_generator_cpp/cmake)
-- Using all available rosidl_typesupport_c: rosidl_typesupport_fastrtps_c;rosidl_typesupport_introspection_c
-- Using all available rosidl_typesupport_cpp: rosidl_typesupport_fastrtps_cpp;rosidl_typesupport_introspection_cpp
-- Found rosidl_default_generators: 1.2.0 (/opt/ros/humble/share/rosidl_default_generators/cmake)
-- Found ament_cmake_ros: 0.10.0 (/opt/ros/humble/share/ament_cmake_ros/cmake)
-- Using all available rosidl_typesupport_c: rosidl_typesupport_fastrtps_c;rosidl_typesupport_introspection_c
-- Using all available rosidl_typesupport_cpp: rosidl_typesupport_fastrtps_cpp;rosidl_typesupport_introspection_cpp
-- Found PythonInterp: /usr/bin/python3 (found suitable version "3.10.12", minimum required is "3.6") 
-- Found python_cmake_module: 0.10.0 (/opt/ros/humble/share/python_cmake_module/cmake)
-- Found PythonLibs: /usr/lib/x86_64-linux-gnu/libpython3.10.so (found suitable version "3.10.12", minimum required is "3.5") 
-- Using PYTHON_EXECUTABLE: /usr/bin/python3
-- Using PYTHON_INCLUDE_DIRS: /usr/include/python3.10
-- Using PYTHON_LIBRARIES: /usr/lib/x86_64-linux-gnu/libpython3.10.so
-- Found PythonExtra: .so  
-- Found xacro: 2.0.8 (/opt/ros/humble/share/xacro/cmake)
-- Found launch_testing_ament_cmake: 1.0.4 (/opt/ros/humble/share/launch_testing_ament_cmake/cmake)
-- Using PYTHON_EXECUTABLE: /usr/bin/python3
-- Using PYTHON_INCLUDE_DIRS: /usr/include/python3.10
-- Using PYTHON_LIBRARIES: /usr/lib/x86_64-linux-gnu/libpython3.10.so
-- Configuring done
-- Generating done
-- Build files have been written to: /home/sunny/catkin_ws/build/uuv_thruster_manager
[  1%] [34m[1mGenerating C code for ROS interfaces[0m
[  3%] [34m[1mGenerating C++ code for ROS interfaces[0m
[  3%] Built target ament_cmake_python_copy_uuv_thruster_manager
[  3%] Built target ament_cmake_python_copy_uuv_thrusters
[  3%] Built target ament_cmake_python_copy_uuv_thrusters.models
running egg_info
creating uuv_thrusters.models.egg-info
writing uuv_thrusters.models.egg-info/PKG-INFO
writing dependency_links to uuv_thrusters.models.egg-info/dependency_links.txt
writing top-level names to uuv_thrusters.models.egg-info/top_level.txt
writing manifest file 'uuv_thrusters.models.egg-info/SOURCES.txt'
reading manifest file 'uuv_thrusters.models.egg-info/SOURCES.txt'
writing manifest file 'uuv_thrusters.models.egg-info/SOURCES.txt'
[  3%] Built target ament_cmake_python_build_uuv_thrusters.models_egg
running egg_info
creating uuv_thruster_manager.egg-info
writing uuv_thruster_manager.egg-info/PKG-INFO
writing dependency_links to uuv_thruster_manager.egg-info/dependency_links.txt
writing top-level names to uuv_thruster_manager.egg-info/top_level.txt
writing manifest file 'uuv_thruster_manager.egg-info/SOURCES.txt'
reading manifest file 'uuv_thruster_manager.egg-info/SOURCES.txt'
writing manifest file 'uuv_thruster_manager.egg-info/SOURCES.txt'
running egg_info
creating uuv_thrusters.egg-info
writing uuv_thrusters.egg-info/PKG-INFO
writing dependency_links to uuv_thrusters.egg-info/dependency_links.txt
writing top-level names to uuv_thrusters.egg-info/top_level.txt
writing manifest file 'uuv_thrusters.egg-info/SOURCES.txt'
reading manifest file 'uuv_thrusters.egg-info/SOURCES.txt'
[  3%] Built target ament_cmake_python_build_uuv_thruster_manager_egg
writing manifest file 'uuv_thrusters.egg-info/SOURCES.txt'
[  3%] Built target ament_cmake_python_build_uuv_thrusters_egg
[  5%] [32mBuilding C object CMakeFiles/uuv_thruster_manager__rosidl_generator_c.dir/rosidl_generator_c/uuv_thruster_manager/srv/detail/get_thruster_curve__functions.c.o[0m
[  7%] [32mBuilding C object CMakeFiles/uuv_thruster_manager__rosidl_generator_c.dir/rosidl_generator_c/uuv_thruster_manager/srv/detail/thruster_manager_info__functions.c.o[0m
[  9%] [32mBuilding C object CMakeFiles/uuv_thruster_manager__rosidl_generator_c.dir/rosidl_generator_c/uuv_thruster_manager/srv/detail/set_thruster_manager_config__functions.c.o[0m
[ 10%] [32mBuilding C object CMakeFiles/uuv_thruster_manager__rosidl_generator_c.dir/rosidl_generator_c/uuv_thruster_manager/srv/detail/get_thruster_manager_config__functions.c.o[0m
[ 12%] [32m[1mLinking C shared library libuuv_thruster_manager__rosidl_generator_c.so[0m
[ 12%] Built target uuv_thruster_manager__rosidl_generator_c
[ 14%] [34m[1mGenerating C type support for eProsima Fast-RTPS[0m
[ 16%] [34m[1mGenerating C introspection for ROS interfaces[0m
[ 18%] [34m[1mGenerating C type support dispatch for ROS interfaces[0m
[ 18%] Built target uuv_thruster_manager__cpp
[ 20%] [34m[1mGenerating C++ type support dispatch for ROS interfaces[0m
[ 21%] [34m[1mGenerating C++ type support for eProsima Fast-RTPS[0m
[ 23%] [34m[1mGenerating C++ introspection for ROS interfaces[0m
[ 25%] [32mBuilding CXX object CMakeFiles/uuv_thruster_manager__rosidl_typesupport_c.dir/rosidl_typesupport_c/uuv_thruster_manager/srv/get_thruster_curve__type_support.cpp.o[0m
[ 27%] [32mBuilding CXX object CMakeFiles/uuv_thruster_manager__rosidl_typesupport_c.dir/rosidl_typesupport_c/uuv_thruster_manager/srv/thruster_manager_info__type_support.cpp.o[0m
[ 29%] [32mBuilding CXX object CMakeFiles/uuv_thruster_manager__rosidl_typesupport_c.dir/rosidl_typesupport_c/uuv_thruster_manager/srv/set_thruster_manager_config__type_support.cpp.o[0m
[ 30%] [32mBuilding CXX object CMakeFiles/uuv_thruster_manager__rosidl_typesupport_c.dir/rosidl_typesupport_c/uuv_thruster_manager/srv/get_thruster_manager_config__type_support.cpp.o[0m
[ 32%] [32m[1mLinking CXX shared library libuuv_thruster_manager__rosidl_typesupport_c.so[0m
[ 34%] [32mBuilding CXX object CMakeFiles/uuv_thruster_manager__rosidl_typesupport_cpp.dir/rosidl_typesupport_cpp/uuv_thruster_manager/srv/get_thruster_curve__type_support.cpp.o[0m
[ 36%] [32mBuilding CXX object CMakeFiles/uuv_thruster_manager__rosidl_typesupport_cpp.dir/rosidl_typesupport_cpp/uuv_thruster_manager/srv/thruster_manager_info__type_support.cpp.o[0m
[ 38%] [32mBuilding CXX object CMakeFiles/uuv_thruster_manager__rosidl_typesupport_cpp.dir/rosidl_typesupport_cpp/uuv_thruster_manager/srv/set_thruster_manager_config__type_support.cpp.o[0m
[ 40%] [32mBuilding CXX object CMakeFiles/uuv_thruster_manager__rosidl_typesupport_cpp.dir/rosidl_typesupport_cpp/uuv_thruster_manager/srv/get_thruster_manager_config__type_support.cpp.o[0m
[ 40%] Built target uuv_thruster_manager__rosidl_typesupport_c
[ 41%] [32mBuilding CXX object CMakeFiles/uuv_thruster_manager__rosidl_typesupport_fastrtps_c.dir/rosidl_typesupport_fastrtps_c/uuv_thruster_manager/srv/detail/thruster_manager_info__type_support_c.cpp.o[0m
[ 43%] [32mBuilding CXX object CMakeFiles/uuv_thruster_manager__rosidl_typesupport_fastrtps_c.dir/rosidl_typesupport_fastrtps_c/uuv_thruster_manager/srv/detail/get_thruster_curve__type_support_c.cpp.o[0m
[ 45%] [32mBuilding CXX object CMakeFiles/uuv_thruster_manager__rosidl_typesupport_fastrtps_c.dir/rosidl_typesupport_fastrtps_c/uuv_thruster_manager/srv/detail/set_thruster_manager_config__type_support_c.cpp.o[0m
[ 47%] [32mBuilding CXX object CMakeFiles/uuv_thruster_manager__rosidl_typesupport_fastrtps_c.dir/rosidl_typesupport_fastrtps_c/uuv_thruster_manager/srv/detail/get_thruster_manager_config__type_support_c.cpp.o[0m
[ 49%] [32mBuilding CXX object CMakeFiles/uuv_thruster_manager__rosidl_typesupport_introspection_cpp.dir/rosidl_typesupport_introspection_cpp/uuv_thruster_manager/srv/detail/thruster_manager_info__type_support.cpp.o[0m
[ 50%] [32mBuilding CXX object CMakeFiles/uuv_thruster_manager__rosidl_typesupport_introspection_cpp.dir/rosidl_typesupport_introspection_cpp/uuv_thruster_manager/srv/detail/get_thruster_curve__type_support.cpp.o[0m
[ 54%] [32mBuilding CXX object CMakeFiles/uuv_thruster_manager__rosidl_typesupport_introspection_cpp.dir/rosidl_typesupport_introspection_cpp/uuv_thruster_manager/srv/detail/get_thruster_manager_config__type_support.cpp.o[0m
[ 52%] [32mBuilding CXX object CMakeFiles/uuv_thruster_manager__rosidl_typesupport_introspection_cpp.dir/rosidl_typesupport_introspection_cpp/uuv_thruster_manager/srv/detail/set_thruster_manager_config__type_support.cpp.o[0m
[ 56%] [32mBuilding CXX object CMakeFiles/uuv_thruster_manager__rosidl_typesupport_fastrtps_cpp.dir/rosidl_typesupport_fastrtps_cpp/uuv_thruster_manager/srv/detail/dds_fastrtps/get_thruster_curve__type_support.cpp.o[0m
[ 58%] [32mBuilding CXX object CMakeFiles/uuv_thruster_manager__rosidl_typesupport_fastrtps_cpp.dir/rosidl_typesupport_fastrtps_cpp/uuv_thruster_manager/srv/detail/dds_fastrtps/set_thruster_manager_config__type_support.cpp.o[0m
[ 60%] [32mBuilding CXX object CMakeFiles/uuv_thruster_manager__rosidl_typesupport_fastrtps_cpp.dir/rosidl_typesupport_fastrtps_cpp/uuv_thruster_manager/srv/detail/dds_fastrtps/thruster_manager_info__type_support.cpp.o[0m
[ 61%] [32mBuilding CXX object CMakeFiles/uuv_thruster_manager__rosidl_typesupport_fastrtps_cpp.dir/rosidl_typesupport_fastrtps_cpp/uuv_thruster_manager/srv/detail/dds_fastrtps/get_thruster_manager_config__type_support.cpp.o[0m
[ 63%] [32mBuilding C object CMakeFiles/uuv_thruster_manager__rosidl_typesupport_introspection_c.dir/rosidl_typesupport_introspection_c/uuv_thruster_manager/srv/detail/set_thruster_manager_config__type_support.c.o[0m
[ 65%] [32mBuilding C object CMakeFiles/uuv_thruster_manager__rosidl_typesupport_introspection_c.dir/rosidl_typesupport_introspection_c/uuv_thruster_manager/srv/detail/thruster_manager_info__type_support.c.o[0m
[ 67%] [32mBuilding C object CMakeFiles/uuv_thruster_manager__rosidl_typesupport_introspection_c.dir/rosidl_typesupport_introspection_c/uuv_thruster_manager/srv/detail/get_thruster_curve__type_support.c.o[0m
[ 69%] [32m[1mLinking CXX shared library libuuv_thruster_manager__rosidl_typesupport_cpp.so[0m
[ 70%] [32mBuilding C object CMakeFiles/uuv_thruster_manager__rosidl_typesupport_introspection_c.dir/rosidl_typesupport_introspection_c/uuv_thruster_manager/srv/detail/get_thruster_manager_config__type_support.c.o[0m
[ 70%] Built target uuv_thruster_manager__rosidl_typesupport_cpp
[ 72%] [32m[1mLinking C shared library libuuv_thruster_manager__rosidl_typesupport_introspection_c.so[0m
[ 72%] Built target uuv_thruster_manager__rosidl_typesupport_introspection_c
[ 74%] [32m[1mLinking CXX shared library libuuv_thruster_manager__rosidl_typesupport_fastrtps_c.so[0m
[ 76%] [32m[1mLinking CXX shared library libuuv_thruster_manager__rosidl_typesupport_introspection_cpp.so[0m
[ 78%] [32m[1mLinking CXX shared library libuuv_thruster_manager__rosidl_typesupport_fastrtps_cpp.so[0m
[ 78%] Built target uuv_thruster_manager__rosidl_typesupport_introspection_cpp
[ 78%] Built target uuv_thruster_manager__rosidl_typesupport_fastrtps_c
[ 78%] Built target uuv_thruster_manager__rosidl_typesupport_fastrtps_cpp
[ 78%] Built target uuv_thruster_manager
[ 80%] [34m[1mGenerating Python code for ROS interfaces[0m
[ 80%] Built target uuv_thruster_manager__py
[ 81%] [32mBuilding C object CMakeFiles/uuv_thruster_manager__rosidl_generator_py.dir/rosidl_generator_py/uuv_thruster_manager/srv/_get_thruster_manager_config_s.c.o[0m
[ 83%] [32mBuilding C object CMakeFiles/uuv_thruster_manager__rosidl_generator_py.dir/rosidl_generator_py/uuv_thruster_manager/srv/_thruster_manager_info_s.c.o[0m
[ 85%] [32mBuilding C object CMakeFiles/uuv_thruster_manager__rosidl_generator_py.dir/rosidl_generator_py/uuv_thruster_manager/srv/_get_thruster_curve_s.c.o[0m
[ 87%] [32mBuilding C object CMakeFiles/uuv_thruster_manager__rosidl_generator_py.dir/rosidl_generator_py/uuv_thruster_manager/srv/_set_thruster_manager_config_s.c.o[0m
[ 89%] [32m[1mLinking C shared library rosidl_generator_py/uuv_thruster_manager/libuuv_thruster_manager__rosidl_generator_py.so[0m
[ 89%] Built target uuv_thruster_manager__rosidl_generator_py
[ 90%] [32mBuilding C object CMakeFiles/uuv_thruster_manager__rosidl_typesupport_fastrtps_c__pyext.dir/rosidl_generator_py/uuv_thruster_manager/_uuv_thruster_manager_s.ep.rosidl_typesupport_fastrtps_c.c.o[0m
[ 92%] [32mBuilding C object CMakeFiles/uuv_thruster_manager__rosidl_typesupport_c__pyext.dir/rosidl_generator_py/uuv_thruster_manager/_uuv_thruster_manager_s.ep.rosidl_typesupport_c.c.o[0m
[ 94%] [32mBuilding C object CMakeFiles/uuv_thruster_manager__rosidl_typesupport_introspection_c__pyext.dir/rosidl_generator_py/uuv_thruster_manager/_uuv_thruster_manager_s.ep.rosidl_typesupport_introspection_c.c.o[0m
[ 96%] [32m[1mLinking C shared library rosidl_generator_py/uuv_thruster_manager/uuv_thruster_manager_s__rosidl_typesupport_fastrtps_c.cpython-310-x86_64-linux-gnu.so[0m
[ 98%] [32m[1mLinking C shared library rosidl_generator_py/uuv_thruster_manager/uuv_thruster_manager_s__rosidl_typesupport_introspection_c.cpython-310-x86_64-linux-gnu.so[0m
[100%] [32m[1mLinking C shared library rosidl_generator_py/uuv_thruster_manager/uuv_thruster_manager_s__rosidl_typesupport_c.cpython-310-x86_64-linux-gnu.so[0m
[100%] Built target uuv_thruster_manager__rosidl_typesupport_fastrtps_c__pyext
[100%] Built target uuv_thruster_manager__rosidl_typesupport_c__pyext
[100%] Built target uuv_thruster_manager__rosidl_typesupport_introspection_c__pyext
