[0.641s] Invoking command in '/home/sunny/catkin_ws/build/uuv_thruster_manager': AMENT_PREFIX_PATH=/home/sunny/catkin_ws/install/uuv_assistants:/home/sunny/catkin_ws/install/uuv_gazebo_ros_plugins_msgs:/home/sunny/catkin_ws/install/plankton_utils:${AMENT_PREFIX_PATH} CMAKE_PREFIX_PATH=/home/sunny/catkin_ws/install/uuv_assistants:/home/sunny/catkin_ws/install/uuv_gazebo_ros_plugins_msgs:/home/sunny/catkin_ws/install/plankton_utils:/home/sunny/catkin_ws/install/turtlesim:/home/sunny/catkin_ws/install/common_msgs:/home/sunny/catkin_ws/install/beluga_simulator:/home/sunny/catkin_ws/install/beluga_adapter:/opt/ros/humble LD_LIBRARY_PATH=/home/sunny/catkin_ws/install/uuv_gazebo_ros_plugins_msgs/lib:/home/sunny/catkin_ws/install/turtlesim/lib:/home/sunny/catkin_ws/install/common_msgs/lib:/opt/ros/humble/opt/rviz_ogre_vendor/lib:/opt/ros/humble/lib/x86_64-linux-gnu:/opt/ros/humble/lib:/usr/lib/x86_64-linux-gnu/gazebo-11/plugins PYTHONPATH=/home/sunny/catkin_ws/install/uuv_assistants/local/lib/python3.10/dist-packages:/home/sunny/catkin_ws/install/uuv_gazebo_ros_plugins_msgs/local/lib/python3.10/dist-packages:/home/sunny/catkin_ws/install/plankton_utils/local/lib/python3.10/dist-packages:${PYTHONPATH} /usr/bin/cmake /home/sunny/catkin_ws/src/Plankton/uuv_control/uuv_thruster_manager -DCMAKE_INSTALL_PREFIX=/home/sunny/catkin_ws/install/uuv_thruster_manager
[0.933s] -- The C compiler identification is GNU 11.4.0
[1.184s] -- The CXX compiler identification is GNU 11.4.0
[1.212s] -- Detecting C compiler ABI info
[1.672s] -- Detecting C compiler ABI info - done
[1.673s] -- Check for working C compiler: /usr/bin/cc - skipped
[1.674s] -- Detecting C compile features
[1.677s] -- Detecting C compile features - done
[1.688s] -- Detecting CXX compiler ABI info
[2.130s] -- Detecting CXX compiler ABI info - done
[2.140s] -- Check for working CXX compiler: /usr/bin/c++ - skipped
[2.141s] -- Detecting CXX compile features
[2.141s] -- Detecting CXX compile features - done
[2.149s] -- Found std_msgs: 4.2.3 (/opt/ros/humble/share/std_msgs/cmake)
[2.776s] -- Found Python3: /usr/bin/python3.10 (found version "3.10.12") found components: Interpreter 
[3.153s] -- Found rosidl_generator_c: 3.1.5 (/opt/ros/humble/share/rosidl_generator_c/cmake)
[3.187s] -- Found rosidl_adapter: 3.1.5 (/opt/ros/humble/share/rosidl_adapter/cmake)
[3.225s] -- Found rosidl_generator_cpp: 3.1.5 (/opt/ros/humble/share/rosidl_generator_cpp/cmake)
[3.306s] -- Using all available rosidl_typesupport_c: rosidl_typesupport_fastrtps_c;rosidl_typesupport_introspection_c
[3.403s] -- Using all available rosidl_typesupport_cpp: rosidl_typesupport_fastrtps_cpp;rosidl_typesupport_introspection_cpp
[3.618s] -- Found rosidl_default_generators: 1.2.0 (/opt/ros/humble/share/rosidl_default_generators/cmake)
[4.517s] -- Found ament_cmake_ros: 0.10.0 (/opt/ros/humble/share/ament_cmake_ros/cmake)
[5.213s] -- Using all available rosidl_typesupport_c: rosidl_typesupport_fastrtps_c;rosidl_typesupport_introspection_c
[5.461s] -- Using all available rosidl_typesupport_cpp: rosidl_typesupport_fastrtps_cpp;rosidl_typesupport_introspection_cpp
[5.507s] -- Found PythonInterp: /usr/bin/python3 (found suitable version "3.10.12", minimum required is "3.6") 
[5.511s] -- Found python_cmake_module: 0.10.0 (/opt/ros/humble/share/python_cmake_module/cmake)
[5.600s] -- Found PythonLibs: /usr/lib/x86_64-linux-gnu/libpython3.10.so (found suitable version "3.10.12", minimum required is "3.5") 
[5.602s] -- Using PYTHON_EXECUTABLE: /usr/bin/python3
[5.602s] -- Using PYTHON_INCLUDE_DIRS: /usr/include/python3.10
[5.603s] -- Using PYTHON_LIBRARIES: /usr/lib/x86_64-linux-gnu/libpython3.10.so
[5.703s] -- Found PythonExtra: .so  
[5.868s] -- Found xacro: 2.0.8 (/opt/ros/humble/share/xacro/cmake)
[5.887s] -- Found launch_testing_ament_cmake: 1.0.4 (/opt/ros/humble/share/launch_testing_ament_cmake/cmake)
[5.968s] -- Using PYTHON_EXECUTABLE: /usr/bin/python3
[5.969s] -- Using PYTHON_INCLUDE_DIRS: /usr/include/python3.10
[5.970s] -- Using PYTHON_LIBRARIES: /usr/lib/x86_64-linux-gnu/libpython3.10.so
[6.784s] -- Configuring done
[6.857s] -- Generating done
[6.863s] -- Build files have been written to: /home/sunny/catkin_ws/build/uuv_thruster_manager
[6.885s] Invoked command in '/home/sunny/catkin_ws/build/uuv_thruster_manager' returned '0': AMENT_PREFIX_PATH=/home/sunny/catkin_ws/install/uuv_assistants:/home/sunny/catkin_ws/install/uuv_gazebo_ros_plugins_msgs:/home/sunny/catkin_ws/install/plankton_utils:${AMENT_PREFIX_PATH} CMAKE_PREFIX_PATH=/home/sunny/catkin_ws/install/uuv_assistants:/home/sunny/catkin_ws/install/uuv_gazebo_ros_plugins_msgs:/home/sunny/catkin_ws/install/plankton_utils:/home/sunny/catkin_ws/install/turtlesim:/home/sunny/catkin_ws/install/common_msgs:/home/sunny/catkin_ws/install/beluga_simulator:/home/sunny/catkin_ws/install/beluga_adapter:/opt/ros/humble LD_LIBRARY_PATH=/home/sunny/catkin_ws/install/uuv_gazebo_ros_plugins_msgs/lib:/home/sunny/catkin_ws/install/turtlesim/lib:/home/sunny/catkin_ws/install/common_msgs/lib:/opt/ros/humble/opt/rviz_ogre_vendor/lib:/opt/ros/humble/lib/x86_64-linux-gnu:/opt/ros/humble/lib:/usr/lib/x86_64-linux-gnu/gazebo-11/plugins PYTHONPATH=/home/sunny/catkin_ws/install/uuv_assistants/local/lib/python3.10/dist-packages:/home/sunny/catkin_ws/install/uuv_gazebo_ros_plugins_msgs/local/lib/python3.10/dist-packages:/home/sunny/catkin_ws/install/plankton_utils/local/lib/python3.10/dist-packages:${PYTHONPATH} /usr/bin/cmake /home/sunny/catkin_ws/src/Plankton/uuv_control/uuv_thruster_manager -DCMAKE_INSTALL_PREFIX=/home/sunny/catkin_ws/install/uuv_thruster_manager
[6.886s] Invoking command in '/home/sunny/catkin_ws/build/uuv_thruster_manager': AMENT_PREFIX_PATH=/home/sunny/catkin_ws/install/uuv_assistants:/home/sunny/catkin_ws/install/uuv_gazebo_ros_plugins_msgs:/home/sunny/catkin_ws/install/plankton_utils:${AMENT_PREFIX_PATH} CMAKE_PREFIX_PATH=/home/sunny/catkin_ws/install/uuv_assistants:/home/sunny/catkin_ws/install/uuv_gazebo_ros_plugins_msgs:/home/sunny/catkin_ws/install/plankton_utils:/home/sunny/catkin_ws/install/turtlesim:/home/sunny/catkin_ws/install/common_msgs:/home/sunny/catkin_ws/install/beluga_simulator:/home/sunny/catkin_ws/install/beluga_adapter:/opt/ros/humble LD_LIBRARY_PATH=/home/sunny/catkin_ws/install/uuv_gazebo_ros_plugins_msgs/lib:/home/sunny/catkin_ws/install/turtlesim/lib:/home/sunny/catkin_ws/install/common_msgs/lib:/opt/ros/humble/opt/rviz_ogre_vendor/lib:/opt/ros/humble/lib/x86_64-linux-gnu:/opt/ros/humble/lib:/usr/lib/x86_64-linux-gnu/gazebo-11/plugins PYTHONPATH=/home/sunny/catkin_ws/install/uuv_assistants/local/lib/python3.10/dist-packages:/home/sunny/catkin_ws/install/uuv_gazebo_ros_plugins_msgs/local/lib/python3.10/dist-packages:/home/sunny/catkin_ws/install/plankton_utils/local/lib/python3.10/dist-packages:${PYTHONPATH} /usr/bin/cmake --build /home/sunny/catkin_ws/build/uuv_thruster_manager -- -j16 -l16
[7.093s] [  1%] [34m[1mGenerating C code for ROS interfaces[0m
[7.210s] [  3%] [34m[1mGenerating C++ code for ROS interfaces[0m
[7.225s] [  3%] Built target ament_cmake_python_copy_uuv_thruster_manager
[7.307s] [  3%] Built target ament_cmake_python_copy_uuv_thrusters
[7.346s] [  3%] Built target ament_cmake_python_copy_uuv_thrusters.models
[7.894s] running egg_info
[7.895s] creating uuv_thrusters.models.egg-info
[7.896s] writing uuv_thrusters.models.egg-info/PKG-INFO
[7.896s] writing dependency_links to uuv_thrusters.models.egg-info/dependency_links.txt
[7.897s] writing top-level names to uuv_thrusters.models.egg-info/top_level.txt
[7.897s] writing manifest file 'uuv_thrusters.models.egg-info/SOURCES.txt'
[7.899s] reading manifest file 'uuv_thrusters.models.egg-info/SOURCES.txt'
[7.900s] writing manifest file 'uuv_thrusters.models.egg-info/SOURCES.txt'
[8.001s] [  3%] Built target ament_cmake_python_build_uuv_thrusters.models_egg
[8.047s] running egg_info
[8.048s] creating uuv_thruster_manager.egg-info
[8.049s] writing uuv_thruster_manager.egg-info/PKG-INFO
[8.049s] writing dependency_links to uuv_thruster_manager.egg-info/dependency_links.txt
[8.049s] writing top-level names to uuv_thruster_manager.egg-info/top_level.txt
[8.050s] writing manifest file 'uuv_thruster_manager.egg-info/SOURCES.txt'
[8.055s] reading manifest file 'uuv_thruster_manager.egg-info/SOURCES.txt'
[8.055s] writing manifest file 'uuv_thruster_manager.egg-info/SOURCES.txt'
[8.115s] running egg_info
[8.119s] creating uuv_thrusters.egg-info
[8.119s] writing uuv_thrusters.egg-info/PKG-INFO
[8.120s] writing dependency_links to uuv_thrusters.egg-info/dependency_links.txt
[8.121s] writing top-level names to uuv_thrusters.egg-info/top_level.txt
[8.121s] writing manifest file 'uuv_thrusters.egg-info/SOURCES.txt'
[8.124s] reading manifest file 'uuv_thrusters.egg-info/SOURCES.txt'
[8.124s] [  3%] Built target ament_cmake_python_build_uuv_thruster_manager_egg
[8.127s] writing manifest file 'uuv_thrusters.egg-info/SOURCES.txt'
[8.239s] [  3%] Built target ament_cmake_python_build_uuv_thrusters_egg
[8.849s] [  5%] [32mBuilding C object CMakeFiles/uuv_thruster_manager__rosidl_generator_c.dir/rosidl_generator_c/uuv_thruster_manager/srv/detail/get_thruster_curve__functions.c.o[0m
[8.855s] [  7%] [32mBuilding C object CMakeFiles/uuv_thruster_manager__rosidl_generator_c.dir/rosidl_generator_c/uuv_thruster_manager/srv/detail/thruster_manager_info__functions.c.o[0m
[8.873s] [  9%] [32mBuilding C object CMakeFiles/uuv_thruster_manager__rosidl_generator_c.dir/rosidl_generator_c/uuv_thruster_manager/srv/detail/set_thruster_manager_config__functions.c.o[0m
[8.882s] [ 10%] [32mBuilding C object CMakeFiles/uuv_thruster_manager__rosidl_generator_c.dir/rosidl_generator_c/uuv_thruster_manager/srv/detail/get_thruster_manager_config__functions.c.o[0m
[9.109s] [ 12%] [32m[1mLinking C shared library libuuv_thruster_manager__rosidl_generator_c.so[0m
[9.237s] [ 12%] Built target uuv_thruster_manager__rosidl_generator_c
[9.261s] [ 14%] [34m[1mGenerating C type support for eProsima Fast-RTPS[0m
[9.301s] [ 16%] [34m[1mGenerating C introspection for ROS interfaces[0m
[9.307s] [ 18%] [34m[1mGenerating C type support dispatch for ROS interfaces[0m
[9.463s] [ 18%] Built target uuv_thruster_manager__cpp
[9.543s] [ 20%] [34m[1mGenerating C++ type support dispatch for ROS interfaces[0m
[9.558s] [ 21%] [34m[1mGenerating C++ type support for eProsima Fast-RTPS[0m
[9.561s] [ 23%] [34m[1mGenerating C++ introspection for ROS interfaces[0m
[10.524s] [ 25%] [32mBuilding CXX object CMakeFiles/uuv_thruster_manager__rosidl_typesupport_c.dir/rosidl_typesupport_c/uuv_thruster_manager/srv/get_thruster_curve__type_support.cpp.o[0m
[10.532s] [ 27%] [32mBuilding CXX object CMakeFiles/uuv_thruster_manager__rosidl_typesupport_c.dir/rosidl_typesupport_c/uuv_thruster_manager/srv/thruster_manager_info__type_support.cpp.o[0m
[10.565s] [ 29%] [32mBuilding CXX object CMakeFiles/uuv_thruster_manager__rosidl_typesupport_c.dir/rosidl_typesupport_c/uuv_thruster_manager/srv/set_thruster_manager_config__type_support.cpp.o[0m
[10.590s] [ 30%] [32mBuilding CXX object CMakeFiles/uuv_thruster_manager__rosidl_typesupport_c.dir/rosidl_typesupport_c/uuv_thruster_manager/srv/get_thruster_manager_config__type_support.cpp.o[0m
[10.752s] [ 32%] [32m[1mLinking CXX shared library libuuv_thruster_manager__rosidl_typesupport_c.so[0m
[10.787s] [ 34%] [32mBuilding CXX object CMakeFiles/uuv_thruster_manager__rosidl_typesupport_cpp.dir/rosidl_typesupport_cpp/uuv_thruster_manager/srv/get_thruster_curve__type_support.cpp.o[0m
[10.802s] [ 36%] [32mBuilding CXX object CMakeFiles/uuv_thruster_manager__rosidl_typesupport_cpp.dir/rosidl_typesupport_cpp/uuv_thruster_manager/srv/thruster_manager_info__type_support.cpp.o[0m
[10.820s] [ 38%] [32mBuilding CXX object CMakeFiles/uuv_thruster_manager__rosidl_typesupport_cpp.dir/rosidl_typesupport_cpp/uuv_thruster_manager/srv/set_thruster_manager_config__type_support.cpp.o[0m
[10.839s] [ 40%] [32mBuilding CXX object CMakeFiles/uuv_thruster_manager__rosidl_typesupport_cpp.dir/rosidl_typesupport_cpp/uuv_thruster_manager/srv/get_thruster_manager_config__type_support.cpp.o[0m
[10.962s] [ 40%] Built target uuv_thruster_manager__rosidl_typesupport_c
[10.985s] [ 41%] [32mBuilding CXX object CMakeFiles/uuv_thruster_manager__rosidl_typesupport_fastrtps_c.dir/rosidl_typesupport_fastrtps_c/uuv_thruster_manager/srv/detail/thruster_manager_info__type_support_c.cpp.o[0m
[10.997s] [ 43%] [32mBuilding CXX object CMakeFiles/uuv_thruster_manager__rosidl_typesupport_fastrtps_c.dir/rosidl_typesupport_fastrtps_c/uuv_thruster_manager/srv/detail/get_thruster_curve__type_support_c.cpp.o[0m
[11.022s] [ 45%] [32mBuilding CXX object CMakeFiles/uuv_thruster_manager__rosidl_typesupport_fastrtps_c.dir/rosidl_typesupport_fastrtps_c/uuv_thruster_manager/srv/detail/set_thruster_manager_config__type_support_c.cpp.o[0m
[11.047s] [ 47%] [32mBuilding CXX object CMakeFiles/uuv_thruster_manager__rosidl_typesupport_fastrtps_c.dir/rosidl_typesupport_fastrtps_c/uuv_thruster_manager/srv/detail/get_thruster_manager_config__type_support_c.cpp.o[0m
[11.082s] [ 49%] [32mBuilding CXX object CMakeFiles/uuv_thruster_manager__rosidl_typesupport_introspection_cpp.dir/rosidl_typesupport_introspection_cpp/uuv_thruster_manager/srv/detail/thruster_manager_info__type_support.cpp.o[0m
[11.083s] [ 50%] [32mBuilding CXX object CMakeFiles/uuv_thruster_manager__rosidl_typesupport_introspection_cpp.dir/rosidl_typesupport_introspection_cpp/uuv_thruster_manager/srv/detail/get_thruster_curve__type_support.cpp.o[0m
[11.109s] [ 54%] [32mBuilding CXX object CMakeFiles/uuv_thruster_manager__rosidl_typesupport_introspection_cpp.dir/rosidl_typesupport_introspection_cpp/uuv_thruster_manager/srv/detail/get_thruster_manager_config__type_support.cpp.o[0m
[11.109s] [ 52%] [32mBuilding CXX object CMakeFiles/uuv_thruster_manager__rosidl_typesupport_introspection_cpp.dir/rosidl_typesupport_introspection_cpp/uuv_thruster_manager/srv/detail/set_thruster_manager_config__type_support.cpp.o[0m
[11.399s] [ 56%] [32mBuilding CXX object CMakeFiles/uuv_thruster_manager__rosidl_typesupport_fastrtps_cpp.dir/rosidl_typesupport_fastrtps_cpp/uuv_thruster_manager/srv/detail/dds_fastrtps/get_thruster_curve__type_support.cpp.o[0m
[11.421s] [ 58%] [32mBuilding CXX object CMakeFiles/uuv_thruster_manager__rosidl_typesupport_fastrtps_cpp.dir/rosidl_typesupport_fastrtps_cpp/uuv_thruster_manager/srv/detail/dds_fastrtps/set_thruster_manager_config__type_support.cpp.o[0m
[11.452s] [ 60%] [32mBuilding CXX object CMakeFiles/uuv_thruster_manager__rosidl_typesupport_fastrtps_cpp.dir/rosidl_typesupport_fastrtps_cpp/uuv_thruster_manager/srv/detail/dds_fastrtps/thruster_manager_info__type_support.cpp.o[0m
[11.458s] [ 61%] [32mBuilding CXX object CMakeFiles/uuv_thruster_manager__rosidl_typesupport_fastrtps_cpp.dir/rosidl_typesupport_fastrtps_cpp/uuv_thruster_manager/srv/detail/dds_fastrtps/get_thruster_manager_config__type_support.cpp.o[0m
[11.576s] [ 63%] [32mBuilding C object CMakeFiles/uuv_thruster_manager__rosidl_typesupport_introspection_c.dir/rosidl_typesupport_introspection_c/uuv_thruster_manager/srv/detail/set_thruster_manager_config__type_support.c.o[0m
[11.577s] [ 65%] [32mBuilding C object CMakeFiles/uuv_thruster_manager__rosidl_typesupport_introspection_c.dir/rosidl_typesupport_introspection_c/uuv_thruster_manager/srv/detail/thruster_manager_info__type_support.c.o[0m
[11.581s] [ 67%] [32mBuilding C object CMakeFiles/uuv_thruster_manager__rosidl_typesupport_introspection_c.dir/rosidl_typesupport_introspection_c/uuv_thruster_manager/srv/detail/get_thruster_curve__type_support.c.o[0m
[11.651s] [ 69%] [32m[1mLinking CXX shared library libuuv_thruster_manager__rosidl_typesupport_cpp.so[0m
[11.827s] [ 70%] [32mBuilding C object CMakeFiles/uuv_thruster_manager__rosidl_typesupport_introspection_c.dir/rosidl_typesupport_introspection_c/uuv_thruster_manager/srv/detail/get_thruster_manager_config__type_support.c.o[0m
[11.861s] [ 70%] Built target uuv_thruster_manager__rosidl_typesupport_cpp
[11.954s] [ 72%] [32m[1mLinking C shared library libuuv_thruster_manager__rosidl_typesupport_introspection_c.so[0m
[12.162s] [ 72%] Built target uuv_thruster_manager__rosidl_typesupport_introspection_c
[12.514s] [ 74%] [32m[1mLinking CXX shared library libuuv_thruster_manager__rosidl_typesupport_fastrtps_c.so[0m
[12.518s] [ 76%] [32m[1mLinking CXX shared library libuuv_thruster_manager__rosidl_typesupport_introspection_cpp.so[0m
[12.598s] [ 78%] [32m[1mLinking CXX shared library libuuv_thruster_manager__rosidl_typesupport_fastrtps_cpp.so[0m
[12.799s] [ 78%] Built target uuv_thruster_manager__rosidl_typesupport_introspection_cpp
[12.860s] [ 78%] Built target uuv_thruster_manager__rosidl_typesupport_fastrtps_c
[12.962s] [ 78%] Built target uuv_thruster_manager__rosidl_typesupport_fastrtps_cpp
[13.098s] [ 78%] Built target uuv_thruster_manager
[13.242s] [ 80%] [34m[1mGenerating Python code for ROS interfaces[0m
[15.428s] [ 80%] Built target uuv_thruster_manager__py
[15.547s] [ 81%] [32mBuilding C object CMakeFiles/uuv_thruster_manager__rosidl_generator_py.dir/rosidl_generator_py/uuv_thruster_manager/srv/_get_thruster_manager_config_s.c.o[0m
[15.567s] [ 83%] [32mBuilding C object CMakeFiles/uuv_thruster_manager__rosidl_generator_py.dir/rosidl_generator_py/uuv_thruster_manager/srv/_thruster_manager_info_s.c.o[0m
[15.571s] [ 85%] [32mBuilding C object CMakeFiles/uuv_thruster_manager__rosidl_generator_py.dir/rosidl_generator_py/uuv_thruster_manager/srv/_get_thruster_curve_s.c.o[0m
[15.577s] [ 87%] [32mBuilding C object CMakeFiles/uuv_thruster_manager__rosidl_generator_py.dir/rosidl_generator_py/uuv_thruster_manager/srv/_set_thruster_manager_config_s.c.o[0m
[16.047s] [ 89%] [32m[1mLinking C shared library rosidl_generator_py/uuv_thruster_manager/libuuv_thruster_manager__rosidl_generator_py.so[0m
[16.250s] [ 89%] Built target uuv_thruster_manager__rosidl_generator_py
[16.402s] [ 90%] [32mBuilding C object CMakeFiles/uuv_thruster_manager__rosidl_typesupport_fastrtps_c__pyext.dir/rosidl_generator_py/uuv_thruster_manager/_uuv_thruster_manager_s.ep.rosidl_typesupport_fastrtps_c.c.o[0m
[16.430s] [ 92%] [32mBuilding C object CMakeFiles/uuv_thruster_manager__rosidl_typesupport_c__pyext.dir/rosidl_generator_py/uuv_thruster_manager/_uuv_thruster_manager_s.ep.rosidl_typesupport_c.c.o[0m
[16.439s] [ 94%] [32mBuilding C object CMakeFiles/uuv_thruster_manager__rosidl_typesupport_introspection_c__pyext.dir/rosidl_generator_py/uuv_thruster_manager/_uuv_thruster_manager_s.ep.rosidl_typesupport_introspection_c.c.o[0m
[16.733s] [ 96%] [32m[1mLinking C shared library rosidl_generator_py/uuv_thruster_manager/uuv_thruster_manager_s__rosidl_typesupport_fastrtps_c.cpython-310-x86_64-linux-gnu.so[0m
[16.813s] [ 98%] [32m[1mLinking C shared library rosidl_generator_py/uuv_thruster_manager/uuv_thruster_manager_s__rosidl_typesupport_introspection_c.cpython-310-x86_64-linux-gnu.so[0m
[16.827s] [100%] [32m[1mLinking C shared library rosidl_generator_py/uuv_thruster_manager/uuv_thruster_manager_s__rosidl_typesupport_c.cpython-310-x86_64-linux-gnu.so[0m
[16.878s] [100%] Built target uuv_thruster_manager__rosidl_typesupport_fastrtps_c__pyext
[16.957s] [100%] Built target uuv_thruster_manager__rosidl_typesupport_c__pyext
[17.038s] [100%] Built target uuv_thruster_manager__rosidl_typesupport_introspection_c__pyext
