[0.040s] Invoking command in '/home/sunny/catkin_ws/build/turtlesim': CMAKE_PREFIX_PATH=/opt/ros/humble /usr/bin/cmake /home/sunny/catkin_ws/src/ros_tutorials/turtlesim -DCMAKE_INSTALL_PREFIX=/home/sunny/catkin_ws/install/turtlesim
[0.149s] -- The C compiler identification is GNU 11.4.0
[0.214s] -- The CXX compiler identification is GNU 11.4.0
[0.222s] -- Detecting C compiler ABI info
[0.283s] -- Detecting C compiler ABI info - done
[0.288s] -- Check for working C compiler: /usr/bin/cc - skipped
[0.289s] -- Detecting C compile features
[0.289s] -- Detecting C compile features - done
[0.292s] -- Detecting CXX compiler ABI info
[0.361s] -- Detecting CXX compiler ABI info - done
[0.366s] -- Check for working CXX compiler: /usr/bin/c++ - skipped
[0.366s] -- Detecting CXX compile features
[0.366s] -- Detecting CXX compile features - done
[0.371s] -- Found ament_cmake: 1.3.5 (/opt/ros/humble/share/ament_cmake/cmake)
[0.502s] -- Found Python3: /usr/bin/python3.10 (found version "3.10.12") found components: Interpreter 
[0.582s] -- Found ament_index_cpp: 1.4.0 (/opt/ros/humble/share/ament_index_cpp/cmake)
[0.583s] -- Found geometry_msgs: 4.2.3 (/opt/ros/humble/share/geometry_msgs/cmake)
[0.620s] -- Found rosidl_generator_c: 3.1.5 (/opt/ros/humble/share/rosidl_generator_c/cmake)
[0.625s] -- Found rosidl_adapter: 3.1.5 (/opt/ros/humble/share/rosidl_adapter/cmake)
[0.633s] -- Found rosidl_generator_cpp: 3.1.5 (/opt/ros/humble/share/rosidl_generator_cpp/cmake)
[0.646s] -- Using all available rosidl_typesupport_c: rosidl_typesupport_fastrtps_c;rosidl_typesupport_introspection_c
[0.663s] -- Using all available rosidl_typesupport_cpp: rosidl_typesupport_fastrtps_cpp;rosidl_typesupport_introspection_cpp
[0.774s] -- Found rclcpp: 16.0.6 (/opt/ros/humble/share/rclcpp/cmake)
[0.825s] -- Found rmw_implementation_cmake: 6.1.1 (/opt/ros/humble/share/rmw_implementation_cmake/cmake)
[0.828s] -- Found rmw_fastrtps_cpp: 6.2.4 (/opt/ros/humble/share/rmw_fastrtps_cpp/cmake)
[0.925s] -- Found OpenSSL: /usr/lib/x86_64-linux-gnu/libcrypto.so (found version "3.0.2")  
[0.951s] -- Found FastRTPS: /opt/ros/humble/include  
[0.995s] -- Using RMW implementation 'rmw_fastrtps_cpp' as default
[1.004s] -- Looking for pthread.h
[1.075s] -- Looking for pthread.h - found
[1.076s] -- Performing Test CMAKE_HAVE_LIBC_PTHREAD
[1.138s] -- Performing Test CMAKE_HAVE_LIBC_PTHREAD - Success
[1.139s] -- Found Threads: TRUE  
[1.244s] -- Found rclcpp_action: 16.0.6 (/opt/ros/humble/share/rclcpp_action/cmake)
[1.318s] -- Found rosidl_default_generators: 1.2.0 (/opt/ros/humble/share/rosidl_default_generators/cmake)
[1.326s] -- Found std_srvs: 4.2.3 (/opt/ros/humble/share/std_srvs/cmake)
[1.576s] -- Found ament_cmake_ros: 0.10.0 (/opt/ros/humble/share/ament_cmake_ros/cmake)
[1.820s] -- Using all available rosidl_typesupport_c: rosidl_typesupport_fastrtps_c;rosidl_typesupport_introspection_c
[1.914s] -- Using all available rosidl_typesupport_cpp: rosidl_typesupport_fastrtps_cpp;rosidl_typesupport_introspection_cpp
[1.932s] -- Found PythonInterp: /usr/bin/python3 (found suitable version "3.10.12", minimum required is "3.6") 
[1.933s] -- Found python_cmake_module: 0.10.0 (/opt/ros/humble/share/python_cmake_module/cmake)
[1.957s] -- Found PythonLibs: /usr/lib/x86_64-linux-gnu/libpython3.10.so (found suitable version "3.10.12", minimum required is "3.5") 
[1.957s] -- Using PYTHON_EXECUTABLE: /usr/bin/python3
[1.957s] -- Using PYTHON_INCLUDE_DIRS: /usr/include/python3.10
[1.957s] -- Using PYTHON_LIBRARIES: /usr/lib/x86_64-linux-gnu/libpython3.10.so
[1.974s] -- Found PythonExtra: .so  
[2.017s] -- Configuring done
[2.072s] -- Generating done
[2.075s] -- Build files have been written to: /home/sunny/catkin_ws/build/turtlesim
[2.087s] Invoked command in '/home/sunny/catkin_ws/build/turtlesim' returned '0': CMAKE_PREFIX_PATH=/opt/ros/humble /usr/bin/cmake /home/sunny/catkin_ws/src/ros_tutorials/turtlesim -DCMAKE_INSTALL_PREFIX=/home/sunny/catkin_ws/install/turtlesim
[2.089s] Invoking command in '/home/sunny/catkin_ws/build/turtlesim': CMAKE_PREFIX_PATH=/opt/ros/humble /usr/bin/cmake --build /home/sunny/catkin_ws/build/turtlesim -- -j16 -l16
[2.130s] [  1%] [34m[1mGenerating C code for ROS interfaces[0m
[2.140s] [  2%] [34m[1mGenerating C++ code for ROS interfaces[0m
[2.148s] [  2%] Built target ament_cmake_python_copy_turtlesim
[2.334s] running egg_info
[2.335s] creating turtlesim.egg-info
[2.335s] writing turtlesim.egg-info/PKG-INFO
[2.335s] writing dependency_links to turtlesim.egg-info/dependency_links.txt
[2.335s] writing top-level names to turtlesim.egg-info/top_level.txt
[2.335s] writing manifest file 'turtlesim.egg-info/SOURCES.txt'
[2.337s] reading manifest file 'turtlesim.egg-info/SOURCES.txt'
[2.337s] writing manifest file 'turtlesim.egg-info/SOURCES.txt'
[2.363s] [  2%] Built target ament_cmake_python_build_turtlesim_egg
[2.783s] [  2%] Built target turtlesim__cpp
[2.792s] [  3%] [34m[1mGenerating C++ type support dispatch for ROS interfaces[0m
[2.792s] [  4%] [34m[1mGenerating C++ type support for eProsima Fast-RTPS[0m
[2.794s] [  5%] [34m[1mGenerating C++ introspection for ROS interfaces[0m
[2.810s] [  6%] [32mBuilding C object CMakeFiles/turtlesim__rosidl_generator_c.dir/rosidl_generator_c/turtlesim/msg/detail/color__functions.c.o[0m
[2.810s] [  7%] [32mBuilding C object CMakeFiles/turtlesim__rosidl_generator_c.dir/rosidl_generator_c/turtlesim/srv/detail/kill__functions.c.o[0m
[2.811s] [  8%] [32mBuilding C object CMakeFiles/turtlesim__rosidl_generator_c.dir/rosidl_generator_c/turtlesim/action/detail/rotate_absolute__functions.c.o[0m
[2.811s] [  9%] [32mBuilding C object CMakeFiles/turtlesim__rosidl_generator_c.dir/rosidl_generator_c/turtlesim/srv/detail/teleport_relative__functions.c.o[0m
[2.811s] [ 10%] [32mBuilding C object CMakeFiles/turtlesim__rosidl_generator_c.dir/rosidl_generator_c/turtlesim/msg/detail/pose__functions.c.o[0m
[2.812s] [ 12%] [32mBuilding C object CMakeFiles/turtlesim__rosidl_generator_c.dir/rosidl_generator_c/turtlesim/srv/detail/teleport_absolute__functions.c.o[0m
[2.812s] [ 12%] [32mBuilding C object CMakeFiles/turtlesim__rosidl_generator_c.dir/rosidl_generator_c/turtlesim/srv/detail/spawn__functions.c.o[0m
[2.812s] [ 13%] [32mBuilding C object CMakeFiles/turtlesim__rosidl_generator_c.dir/rosidl_generator_c/turtlesim/srv/detail/set_pen__functions.c.o[0m
[2.925s] [ 14%] [32m[1mLinking C shared library libturtlesim__rosidl_generator_c.so[0m
[2.965s] [ 14%] Built target turtlesim__rosidl_generator_c
[2.975s] [ 17%] [34m[1mGenerating C type support dispatch for ROS interfaces[0m
[2.975s] [ 17%] [34m[1mGenerating C type support for eProsima Fast-RTPS[0m
[2.975s] [ 17%] [34m[1mGenerating C introspection for ROS interfaces[0m
[3.205s] [ 21%] [32mBuilding CXX object CMakeFiles/turtlesim__rosidl_typesupport_cpp.dir/rosidl_typesupport_cpp/turtlesim/action/rotate_absolute__type_support.cpp.o[0m
[3.205s] [ 21%] [32mBuilding CXX object CMakeFiles/turtlesim__rosidl_typesupport_cpp.dir/rosidl_typesupport_cpp/turtlesim/msg/pose__type_support.cpp.o[0m
[3.205s] [ 21%] [32mBuilding CXX object CMakeFiles/turtlesim__rosidl_typesupport_cpp.dir/rosidl_typesupport_cpp/turtlesim/msg/color__type_support.cpp.o[0m
[3.205s] [ 21%] [32mBuilding CXX object CMakeFiles/turtlesim__rosidl_typesupport_cpp.dir/rosidl_typesupport_cpp/turtlesim/srv/set_pen__type_support.cpp.o[0m
[3.205s] [ 22%] [32mBuilding CXX object CMakeFiles/turtlesim__rosidl_typesupport_cpp.dir/rosidl_typesupport_cpp/turtlesim/srv/spawn__type_support.cpp.o[0m
[3.206s] [ 23%] [32mBuilding CXX object CMakeFiles/turtlesim__rosidl_typesupport_cpp.dir/rosidl_typesupport_cpp/turtlesim/srv/kill__type_support.cpp.o[0m
[3.206s] [ 24%] [32mBuilding CXX object CMakeFiles/turtlesim__rosidl_typesupport_cpp.dir/rosidl_typesupport_cpp/turtlesim/srv/teleport_relative__type_support.cpp.o[0m
[3.206s] [ 25%] [32mBuilding CXX object CMakeFiles/turtlesim__rosidl_typesupport_cpp.dir/rosidl_typesupport_cpp/turtlesim/srv/teleport_absolute__type_support.cpp.o[0m
[3.360s] [ 27%] [32mBuilding CXX object CMakeFiles/turtlesim__rosidl_typesupport_introspection_cpp.dir/rosidl_typesupport_introspection_cpp/turtlesim/srv/detail/kill__type_support.cpp.o[0m
[3.360s] [ 27%] [32mBuilding CXX object CMakeFiles/turtlesim__rosidl_typesupport_introspection_cpp.dir/rosidl_typesupport_introspection_cpp/turtlesim/msg/detail/color__type_support.cpp.o[0m
[3.360s] [ 28%] [32mBuilding CXX object CMakeFiles/turtlesim__rosidl_typesupport_introspection_cpp.dir/rosidl_typesupport_introspection_cpp/turtlesim/action/detail/rotate_absolute__type_support.cpp.o[0m
[3.365s] [ 29%] [32mBuilding CXX object CMakeFiles/turtlesim__rosidl_typesupport_introspection_cpp.dir/rosidl_typesupport_introspection_cpp/turtlesim/msg/detail/pose__type_support.cpp.o[0m
[3.551s] [ 30%] [32mBuilding CXX object CMakeFiles/turtlesim__rosidl_typesupport_c.dir/rosidl_typesupport_c/turtlesim/action/rotate_absolute__type_support.cpp.o[0m
[3.552s] [ 31%] [32mBuilding CXX object CMakeFiles/turtlesim__rosidl_typesupport_c.dir/rosidl_typesupport_c/turtlesim/msg/color__type_support.cpp.o[0m
[3.555s] [ 32%] [32mBuilding CXX object CMakeFiles/turtlesim__rosidl_typesupport_c.dir/rosidl_typesupport_c/turtlesim/msg/pose__type_support.cpp.o[0m
[3.559s] [ 34%] [32mBuilding CXX object CMakeFiles/turtlesim__rosidl_typesupport_c.dir/rosidl_typesupport_c/turtlesim/srv/set_pen__type_support.cpp.o[0m
[3.559s] [ 34%] [32mBuilding CXX object CMakeFiles/turtlesim__rosidl_typesupport_c.dir/rosidl_typesupport_c/turtlesim/srv/kill__type_support.cpp.o[0m
[3.567s] [ 35%] [32mBuilding CXX object CMakeFiles/turtlesim__rosidl_typesupport_introspection_cpp.dir/rosidl_typesupport_introspection_cpp/turtlesim/srv/detail/set_pen__type_support.cpp.o[0m
[3.576s] [ 36%] [32mBuilding CXX object CMakeFiles/turtlesim__rosidl_typesupport_introspection_cpp.dir/rosidl_typesupport_introspection_cpp/turtlesim/srv/detail/spawn__type_support.cpp.o[0m
[3.577s] [ 37%] [32mBuilding CXX object CMakeFiles/turtlesim__rosidl_typesupport_introspection_cpp.dir/rosidl_typesupport_introspection_cpp/turtlesim/srv/detail/teleport_absolute__type_support.cpp.o[0m
[3.602s] [ 40%] [32mBuilding CXX object CMakeFiles/turtlesim__rosidl_typesupport_c.dir/rosidl_typesupport_c/turtlesim/srv/teleport_absolute__type_support.cpp.o[0m
[3.602s] [ 40%] [32mBuilding CXX object CMakeFiles/turtlesim__rosidl_typesupport_introspection_cpp.dir/rosidl_typesupport_introspection_cpp/turtlesim/srv/detail/teleport_relative__type_support.cpp.o[0m
[3.602s] [ 40%] [32mBuilding CXX object CMakeFiles/turtlesim__rosidl_typesupport_c.dir/rosidl_typesupport_c/turtlesim/srv/spawn__type_support.cpp.o[0m
[3.603s] [ 41%] [32mBuilding CXX object CMakeFiles/turtlesim__rosidl_typesupport_c.dir/rosidl_typesupport_c/turtlesim/srv/teleport_relative__type_support.cpp.o[0m
[3.648s] [ 44%] [32mBuilding CXX object CMakeFiles/turtlesim__rosidl_typesupport_fastrtps_cpp.dir/rosidl_typesupport_fastrtps_cpp/turtlesim/action/detail/dds_fastrtps/rotate_absolute__type_support.cpp.o[0m
[3.648s] [ 44%] [32mBuilding CXX object CMakeFiles/turtlesim__rosidl_typesupport_fastrtps_cpp.dir/rosidl_typesupport_fastrtps_cpp/turtlesim/msg/detail/dds_fastrtps/color__type_support.cpp.o[0m
[3.648s] [ 44%] [32mBuilding CXX object CMakeFiles/turtlesim__rosidl_typesupport_fastrtps_cpp.dir/rosidl_typesupport_fastrtps_cpp/turtlesim/srv/detail/dds_fastrtps/kill__type_support.cpp.o[0m
[3.648s] [ 45%] [32mBuilding CXX object CMakeFiles/turtlesim__rosidl_typesupport_fastrtps_cpp.dir/rosidl_typesupport_fastrtps_cpp/turtlesim/msg/detail/dds_fastrtps/pose__type_support.cpp.o[0m
[3.659s] [ 46%] [32m[1mLinking CXX shared library libturtlesim__rosidl_typesupport_c.so[0m
[3.731s] [ 46%] Built target turtlesim__rosidl_typesupport_c
[3.810s] [ 47%] [32mBuilding CXX object CMakeFiles/turtlesim__rosidl_typesupport_fastrtps_cpp.dir/rosidl_typesupport_fastrtps_cpp/turtlesim/srv/detail/dds_fastrtps/set_pen__type_support.cpp.o[0m
[3.834s] [ 48%] [32mBuilding C object CMakeFiles/turtlesim__rosidl_typesupport_introspection_c.dir/rosidl_typesupport_introspection_c/turtlesim/action/detail/rotate_absolute__type_support.c.o[0m
[3.846s] [ 49%] [32m[1mLinking CXX shared library libturtlesim__rosidl_typesupport_cpp.so[0m
[3.863s] [ 50%] [32mBuilding C object CMakeFiles/turtlesim__rosidl_typesupport_introspection_c.dir/rosidl_typesupport_introspection_c/turtlesim/msg/detail/color__type_support.c.o[0m
[3.871s] [ 51%] [32mBuilding C object CMakeFiles/turtlesim__rosidl_typesupport_introspection_c.dir/rosidl_typesupport_introspection_c/turtlesim/msg/detail/pose__type_support.c.o[0m
[3.881s] [ 52%] [32mBuilding CXX object CMakeFiles/turtlesim__rosidl_typesupport_fastrtps_cpp.dir/rosidl_typesupport_fastrtps_cpp/turtlesim/srv/detail/dds_fastrtps/spawn__type_support.cpp.o[0m
[3.902s] [ 53%] [32mBuilding C object CMakeFiles/turtlesim__rosidl_typesupport_introspection_c.dir/rosidl_typesupport_introspection_c/turtlesim/srv/detail/kill__type_support.c.o[0m
[3.914s] [ 55%] [32mBuilding CXX object CMakeFiles/turtlesim__rosidl_typesupport_fastrtps_cpp.dir/rosidl_typesupport_fastrtps_cpp/turtlesim/srv/detail/dds_fastrtps/teleport_absolute__type_support.cpp.o[0m
[3.914s] [ 55%] [32mBuilding C object CMakeFiles/turtlesim__rosidl_typesupport_introspection_c.dir/rosidl_typesupport_introspection_c/turtlesim/srv/detail/set_pen__type_support.c.o[0m
[3.914s] [ 55%] Built target turtlesim__rosidl_typesupport_cpp
[3.938s] [ 56%] [32mBuilding CXX object CMakeFiles/turtlesim__rosidl_typesupport_fastrtps_c.dir/rosidl_typesupport_fastrtps_c/turtlesim/action/detail/rotate_absolute__type_support_c.cpp.o[0m
[3.944s] [ 57%] [34m[1mGenerating include/turtlesim/moc_turtle_frame.cpp[0m
[3.964s] [ 58%] [32mBuilding C object CMakeFiles/turtlesim__rosidl_typesupport_introspection_c.dir/rosidl_typesupport_introspection_c/turtlesim/srv/detail/spawn__type_support.c.o[0m
[3.968s] [ 59%] [32mBuilding C object CMakeFiles/turtlesim__rosidl_typesupport_introspection_c.dir/rosidl_typesupport_introspection_c/turtlesim/srv/detail/teleport_absolute__type_support.c.o[0m
[4.018s] [ 60%] [32mBuilding C object CMakeFiles/turtlesim__rosidl_typesupport_introspection_c.dir/rosidl_typesupport_introspection_c/turtlesim/srv/detail/teleport_relative__type_support.c.o[0m
[4.020s] [ 61%] [32mBuilding CXX object CMakeFiles/turtlesim__rosidl_typesupport_fastrtps_c.dir/rosidl_typesupport_fastrtps_c/turtlesim/msg/detail/color__type_support_c.cpp.o[0m
[4.068s] [ 62%] [32mBuilding CXX object CMakeFiles/turtlesim__rosidl_typesupport_fastrtps_c.dir/rosidl_typesupport_fastrtps_c/turtlesim/msg/detail/pose__type_support_c.cpp.o[0m
[4.072s] [ 64%] [32m[1mLinking C shared library libturtlesim__rosidl_typesupport_introspection_c.so[0m
[4.072s] [ 64%] [32mBuilding CXX object CMakeFiles/turtlesim__rosidl_typesupport_fastrtps_c.dir/rosidl_typesupport_fastrtps_c/turtlesim/srv/detail/kill__type_support_c.cpp.o[0m
[4.076s] [ 65%] [32mBuilding CXX object CMakeFiles/turtlesim_node.dir/src/turtlesim.cpp.o[0m
[4.101s] [ 66%] [32mBuilding CXX object CMakeFiles/turtle_teleop_key.dir/tutorials/teleop_turtle_key.cpp.o[0m
[4.123s] [ 67%] [32mBuilding CXX object CMakeFiles/turtlesim__rosidl_typesupport_fastrtps_c.dir/rosidl_typesupport_fastrtps_c/turtlesim/srv/detail/set_pen__type_support_c.cpp.o[0m
[4.124s] [ 67%] Built target turtlesim__rosidl_typesupport_introspection_c
[4.127s] [ 68%] [32m[1mLinking CXX shared library libturtlesim__rosidl_typesupport_introspection_cpp.so[0m
[4.164s] [ 69%] [32mBuilding CXX object CMakeFiles/draw_square.dir/tutorials/draw_square.cpp.o[0m
[4.183s] [ 70%] [32mBuilding CXX object CMakeFiles/turtlesim__rosidl_typesupport_fastrtps_cpp.dir/rosidl_typesupport_fastrtps_cpp/turtlesim/srv/detail/dds_fastrtps/teleport_relative__type_support.cpp.o[0m
[4.188s] [ 71%] [32mBuilding CXX object CMakeFiles/turtlesim_node.dir/src/turtle.cpp.o[0m
[4.217s] [ 72%] [32mBuilding CXX object CMakeFiles/mimic.dir/tutorials/mimic.cpp.o[0m
[4.279s] [ 72%] Built target turtlesim__rosidl_typesupport_introspection_cpp
[4.292s] [ 73%] [32mBuilding CXX object CMakeFiles/turtlesim__rosidl_typesupport_fastrtps_c.dir/rosidl_typesupport_fastrtps_c/turtlesim/srv/detail/spawn__type_support_c.cpp.o[0m
[4.344s] [ 74%] [32mBuilding CXX object CMakeFiles/turtlesim__rosidl_typesupport_fastrtps_c.dir/rosidl_typesupport_fastrtps_c/turtlesim/srv/detail/teleport_absolute__type_support_c.cpp.o[0m
[4.409s] [ 75%] [32mBuilding CXX object CMakeFiles/turtlesim__rosidl_typesupport_fastrtps_c.dir/rosidl_typesupport_fastrtps_c/turtlesim/srv/detail/teleport_relative__type_support_c.cpp.o[0m
[4.429s] [ 76%] [32mBuilding CXX object CMakeFiles/turtlesim_node.dir/src/turtle_frame.cpp.o[0m
[4.441s] [ 77%] [32mBuilding CXX object CMakeFiles/turtlesim_node.dir/include/turtlesim/moc_turtle_frame.cpp.o[0m
[4.676s] [ 78%] [32m[1mLinking CXX shared library libturtlesim__rosidl_typesupport_fastrtps_cpp.so[0m
[4.789s] [ 78%] Built target turtlesim__rosidl_typesupport_fastrtps_cpp
[4.831s] [ 79%] [32m[1mLinking CXX shared library libturtlesim__rosidl_typesupport_fastrtps_c.so[0m
[4.908s] [ 79%] Built target turtlesim__rosidl_typesupport_fastrtps_c
[4.928s] [ 79%] Built target turtlesim
[4.950s] [ 80%] [34m[1mGenerating Python code for ROS interfaces[0m
[6.226s] [ 80%] Built target turtlesim__py
[6.248s] [ 83%] [32mBuilding C object CMakeFiles/turtlesim__rosidl_generator_py.dir/rosidl_generator_py/turtlesim/srv/_spawn_s.c.o[0m
[6.249s] [ 83%] [32mBuilding C object CMakeFiles/turtlesim__rosidl_generator_py.dir/rosidl_generator_py/turtlesim/srv/_kill_s.c.o[0m
[6.249s] [ 84%] [32mBuilding C object CMakeFiles/turtlesim__rosidl_generator_py.dir/rosidl_generator_py/turtlesim/srv/_set_pen_s.c.o[0m
[6.249s] [ 84%] [32mBuilding C object CMakeFiles/turtlesim__rosidl_generator_py.dir/rosidl_generator_py/turtlesim/srv/_teleport_absolute_s.c.o[0m
[6.249s] [ 86%] [32mBuilding C object CMakeFiles/turtlesim__rosidl_generator_py.dir/rosidl_generator_py/turtlesim/msg/_pose_s.c.o[0m
[6.249s] [ 86%] [32mBuilding C object CMakeFiles/turtlesim__rosidl_generator_py.dir/rosidl_generator_py/turtlesim/action/_rotate_absolute_s.c.o[0m
[6.250s] [ 87%] [32mBuilding C object CMakeFiles/turtlesim__rosidl_generator_py.dir/rosidl_generator_py/turtlesim/srv/_teleport_relative_s.c.o[0m
[6.250s] [ 88%] [32mBuilding C object CMakeFiles/turtlesim__rosidl_generator_py.dir/rosidl_generator_py/turtlesim/msg/_color_s.c.o[0m
[6.440s] [ 89%] [32m[1mLinking C shared library rosidl_generator_py/turtlesim/libturtlesim__rosidl_generator_py.so[0m
[6.484s] [ 89%] Built target turtlesim__rosidl_generator_py
[6.505s] [ 90%] [32mBuilding C object CMakeFiles/turtlesim__rosidl_typesupport_fastrtps_c__pyext.dir/rosidl_generator_py/turtlesim/_turtlesim_s.ep.rosidl_typesupport_fastrtps_c.c.o[0m
[6.512s] [ 91%] [32mBuilding C object CMakeFiles/turtlesim__rosidl_typesupport_c__pyext.dir/rosidl_generator_py/turtlesim/_turtlesim_s.ep.rosidl_typesupport_c.c.o[0m
[6.512s] [ 92%] [32mBuilding C object CMakeFiles/turtlesim__rosidl_typesupport_introspection_c__pyext.dir/rosidl_generator_py/turtlesim/_turtlesim_s.ep.rosidl_typesupport_introspection_c.c.o[0m
[6.649s] [ 93%] [32m[1mLinking C shared library rosidl_generator_py/turtlesim/turtlesim_s__rosidl_typesupport_fastrtps_c.cpython-310-x86_64-linux-gnu.so[0m
[6.689s] [ 93%] Built target turtlesim__rosidl_typesupport_fastrtps_c__pyext
[6.727s] [ 94%] [32m[1mLinking C shared library rosidl_generator_py/turtlesim/turtlesim_s__rosidl_typesupport_c.cpython-310-x86_64-linux-gnu.so[0m
[6.728s] [ 95%] [32m[1mLinking C shared library rosidl_generator_py/turtlesim/turtlesim_s__rosidl_typesupport_introspection_c.cpython-310-x86_64-linux-gnu.so[0m
[6.768s] [ 95%] Built target turtlesim__rosidl_typesupport_introspection_c__pyext
[6.771s] [ 95%] Built target turtlesim__rosidl_typesupport_c__pyext
[9.379s] [ 96%] [32m[1mLinking CXX executable turtle_teleop_key[0m
[9.619s] [ 96%] Built target turtle_teleop_key
[11.628s] [ 97%] [32m[1mLinking CXX executable mimic[0m
[11.944s] [ 97%] Built target mimic
[12.127s] [ 98%] [32m[1mLinking CXX executable draw_square[0m
[12.475s] [ 98%] Built target draw_square
[14.362s] [100%] [32m[1mLinking CXX executable turtlesim_node[0m
[15.959s] [100%] Built target turtlesim_node
[15.973s] Invoked command in '/home/sunny/catkin_ws/build/turtlesim' returned '0': CMAKE_PREFIX_PATH=/opt/ros/humble /usr/bin/cmake --build /home/sunny/catkin_ws/build/turtlesim -- -j16 -l16
[16.185s] Invoking command in '/home/sunny/catkin_ws/build/turtlesim': CMAKE_PREFIX_PATH=/opt/ros/humble /usr/bin/cmake --install /home/sunny/catkin_ws/build/turtlesim
[16.192s] -- Install configuration: ""
[16.192s] -- Installing: /home/sunny/catkin_ws/install/turtlesim/share/ament_index/resource_index/rosidl_interfaces/turtlesim
[16.193s] -- Installing: /home/sunny/catkin_ws/install/turtlesim/include/turtlesim/turtlesim
[16.193s] -- Installing: /home/sunny/catkin_ws/install/turtlesim/include/turtlesim/turtlesim/srv
[16.193s] -- Installing: /home/sunny/catkin_ws/install/turtlesim/include/turtlesim/turtlesim/srv/set_pen.h
[16.193s] -- Installing: /home/sunny/catkin_ws/install/turtlesim/include/turtlesim/turtlesim/srv/teleport_relative.h
[16.193s] -- Installing: /home/sunny/catkin_ws/install/turtlesim/include/turtlesim/turtlesim/srv/detail
[16.193s] -- Installing: /home/sunny/catkin_ws/install/turtlesim/include/turtlesim/turtlesim/srv/detail/spawn__functions.h
[16.193s] -- Installing: /home/sunny/catkin_ws/install/turtlesim/include/turtlesim/turtlesim/srv/detail/kill__type_support.h
[16.193s] -- Installing: /home/sunny/catkin_ws/install/turtlesim/include/turtlesim/turtlesim/srv/detail/teleport_absolute__struct.h
[16.193s] -- Installing: /home/sunny/catkin_ws/install/turtlesim/include/turtlesim/turtlesim/srv/detail/set_pen__functions.h
[16.193s] -- Installing: /home/sunny/catkin_ws/install/turtlesim/include/turtlesim/turtlesim/srv/detail/kill__struct.h
[16.193s] -- Installing: /home/sunny/catkin_ws/install/turtlesim/include/turtlesim/turtlesim/srv/detail/spawn__functions.c
[16.194s] -- Installing: /home/sunny/catkin_ws/install/turtlesim/include/turtlesim/turtlesim/srv/detail/kill__functions.c
[16.194s] -- Installing: /home/sunny/catkin_ws/install/turtlesim/include/turtlesim/turtlesim/srv/detail/teleport_relative__struct.h
[16.194s] -- Installing: /home/sunny/catkin_ws/install/turtlesim/include/turtlesim/turtlesim/srv/detail/spawn__type_support.h
[16.194s] -- Installing: /home/sunny/catkin_ws/install/turtlesim/include/turtlesim/turtlesim/srv/detail/teleport_absolute__type_support.h
[16.194s] -- Installing: /home/sunny/catkin_ws/install/turtlesim/include/turtlesim/turtlesim/srv/detail/set_pen__functions.c
[16.194s] -- Installing: /home/sunny/catkin_ws/install/turtlesim/include/turtlesim/turtlesim/srv/detail/teleport_relative__type_support.h
[16.194s] -- Installing: /home/sunny/catkin_ws/install/turtlesim/include/turtlesim/turtlesim/srv/detail/teleport_relative__functions.h
[16.194s] -- Installing: /home/sunny/catkin_ws/install/turtlesim/include/turtlesim/turtlesim/srv/detail/spawn__struct.h
[16.195s] -- Installing: /home/sunny/catkin_ws/install/turtlesim/include/turtlesim/turtlesim/srv/detail/teleport_relative__functions.c
[16.195s] -- Installing: /home/sunny/catkin_ws/install/turtlesim/include/turtlesim/turtlesim/srv/detail/set_pen__type_support.h
[16.195s] -- Installing: /home/sunny/catkin_ws/install/turtlesim/include/turtlesim/turtlesim/srv/detail/kill__functions.h
[16.195s] -- Installing: /home/sunny/catkin_ws/install/turtlesim/include/turtlesim/turtlesim/srv/detail/teleport_absolute__functions.h
[16.195s] -- Installing: /home/sunny/catkin_ws/install/turtlesim/include/turtlesim/turtlesim/srv/detail/teleport_absolute__functions.c
[16.195s] -- Installing: /home/sunny/catkin_ws/install/turtlesim/include/turtlesim/turtlesim/srv/detail/set_pen__struct.h
[16.195s] -- Installing: /home/sunny/catkin_ws/install/turtlesim/include/turtlesim/turtlesim/srv/spawn.h
[16.195s] -- Installing: /home/sunny/catkin_ws/install/turtlesim/include/turtlesim/turtlesim/srv/teleport_absolute.h
[16.196s] -- Installing: /home/sunny/catkin_ws/install/turtlesim/include/turtlesim/turtlesim/srv/kill.h
[16.196s] -- Installing: /home/sunny/catkin_ws/install/turtlesim/include/turtlesim/turtlesim/action
[16.196s] -- Installing: /home/sunny/catkin_ws/install/turtlesim/include/turtlesim/turtlesim/action/rotate_absolute.h
[16.196s] -- Installing: /home/sunny/catkin_ws/install/turtlesim/include/turtlesim/turtlesim/action/detail
[16.196s] -- Installing: /home/sunny/catkin_ws/install/turtlesim/include/turtlesim/turtlesim/action/detail/rotate_absolute__struct.h
[16.196s] -- Installing: /home/sunny/catkin_ws/install/turtlesim/include/turtlesim/turtlesim/action/detail/rotate_absolute__type_support.h
[16.196s] -- Installing: /home/sunny/catkin_ws/install/turtlesim/include/turtlesim/turtlesim/action/detail/rotate_absolute__functions.c
[16.196s] -- Installing: /home/sunny/catkin_ws/install/turtlesim/include/turtlesim/turtlesim/action/detail/rotate_absolute__functions.h
[16.196s] -- Installing: /home/sunny/catkin_ws/install/turtlesim/include/turtlesim/turtlesim/msg
[16.197s] -- Installing: /home/sunny/catkin_ws/install/turtlesim/include/turtlesim/turtlesim/msg/detail
[16.197s] -- Installing: /home/sunny/catkin_ws/install/turtlesim/include/turtlesim/turtlesim/msg/detail/color__struct.h
[16.197s] -- Installing: /home/sunny/catkin_ws/install/turtlesim/include/turtlesim/turtlesim/msg/detail/pose__struct.h
[16.197s] -- Installing: /home/sunny/catkin_ws/install/turtlesim/include/turtlesim/turtlesim/msg/detail/color__type_support.h
[16.197s] -- Installing: /home/sunny/catkin_ws/install/turtlesim/include/turtlesim/turtlesim/msg/detail/color__functions.h
[16.197s] -- Installing: /home/sunny/catkin_ws/install/turtlesim/include/turtlesim/turtlesim/msg/detail/color__functions.c
[16.197s] -- Installing: /home/sunny/catkin_ws/install/turtlesim/include/turtlesim/turtlesim/msg/detail/pose__functions.h
[16.197s] -- Installing: /home/sunny/catkin_ws/install/turtlesim/include/turtlesim/turtlesim/msg/detail/pose__functions.c
[16.197s] -- Installing: /home/sunny/catkin_ws/install/turtlesim/include/turtlesim/turtlesim/msg/detail/pose__type_support.h
[16.198s] -- Installing: /home/sunny/catkin_ws/install/turtlesim/include/turtlesim/turtlesim/msg/rosidl_generator_c__visibility_control.h
[16.198s] -- Installing: /home/sunny/catkin_ws/install/turtlesim/include/turtlesim/turtlesim/msg/pose.h
[16.198s] -- Installing: /home/sunny/catkin_ws/install/turtlesim/include/turtlesim/turtlesim/msg/color.h
[16.198s] -- Installing: /home/sunny/catkin_ws/install/turtlesim/share/turtlesim/environment/library_path.sh
[16.198s] -- Installing: /home/sunny/catkin_ws/install/turtlesim/share/turtlesim/environment/library_path.dsv
[16.198s] -- Installing: /home/sunny/catkin_ws/install/turtlesim/lib/libturtlesim__rosidl_generator_c.so
[16.199s] -- Set runtime path of "/home/sunny/catkin_ws/install/turtlesim/lib/libturtlesim__rosidl_generator_c.so" to ""
[16.199s] -- Up-to-date: /home/sunny/catkin_ws/install/turtlesim/include/turtlesim/turtlesim
[16.199s] -- Up-to-date: /home/sunny/catkin_ws/install/turtlesim/include/turtlesim/turtlesim/srv
[16.199s] -- Up-to-date: /home/sunny/catkin_ws/install/turtlesim/include/turtlesim/turtlesim/srv/detail
[16.199s] -- Installing: /home/sunny/catkin_ws/install/turtlesim/include/turtlesim/turtlesim/srv/detail/spawn__rosidl_typesupport_fastrtps_c.h
[16.199s] -- Installing: /home/sunny/catkin_ws/install/turtlesim/include/turtlesim/turtlesim/srv/detail/teleport_absolute__rosidl_typesupport_fastrtps_c.h
[16.199s] -- Installing: /home/sunny/catkin_ws/install/turtlesim/include/turtlesim/turtlesim/srv/detail/set_pen__rosidl_typesupport_fastrtps_c.h
[16.199s] -- Installing: /home/sunny/catkin_ws/install/turtlesim/include/turtlesim/turtlesim/srv/detail/teleport_relative__rosidl_typesupport_fastrtps_c.h
[16.199s] -- Installing: /home/sunny/catkin_ws/install/turtlesim/include/turtlesim/turtlesim/srv/detail/kill__rosidl_typesupport_fastrtps_c.h
[16.199s] -- Up-to-date: /home/sunny/catkin_ws/install/turtlesim/include/turtlesim/turtlesim/action
[16.199s] -- Up-to-date: /home/sunny/catkin_ws/install/turtlesim/include/turtlesim/turtlesim/action/detail
[16.200s] -- Installing: /home/sunny/catkin_ws/install/turtlesim/include/turtlesim/turtlesim/action/detail/rotate_absolute__rosidl_typesupport_fastrtps_c.h
[16.200s] -- Up-to-date: /home/sunny/catkin_ws/install/turtlesim/include/turtlesim/turtlesim/msg
[16.200s] -- Up-to-date: /home/sunny/catkin_ws/install/turtlesim/include/turtlesim/turtlesim/msg/detail
[16.200s] -- Installing: /home/sunny/catkin_ws/install/turtlesim/include/turtlesim/turtlesim/msg/detail/pose__rosidl_typesupport_fastrtps_c.h
[16.200s] -- Installing: /home/sunny/catkin_ws/install/turtlesim/include/turtlesim/turtlesim/msg/detail/color__rosidl_typesupport_fastrtps_c.h
[16.200s] -- Installing: /home/sunny/catkin_ws/install/turtlesim/include/turtlesim/turtlesim/msg/rosidl_typesupport_fastrtps_c__visibility_control.h
[16.200s] -- Installing: /home/sunny/catkin_ws/install/turtlesim/lib/libturtlesim__rosidl_typesupport_fastrtps_c.so
[16.200s] -- Set runtime path of "/home/sunny/catkin_ws/install/turtlesim/lib/libturtlesim__rosidl_typesupport_fastrtps_c.so" to ""
[16.200s] -- Up-to-date: /home/sunny/catkin_ws/install/turtlesim/include/turtlesim/turtlesim
[16.200s] -- Up-to-date: /home/sunny/catkin_ws/install/turtlesim/include/turtlesim/turtlesim/srv
[16.201s] -- Installing: /home/sunny/catkin_ws/install/turtlesim/include/turtlesim/turtlesim/srv/teleport_absolute.hpp
[16.201s] -- Up-to-date: /home/sunny/catkin_ws/install/turtlesim/include/turtlesim/turtlesim/srv/detail
[16.201s] -- Installing: /home/sunny/catkin_ws/install/turtlesim/include/turtlesim/turtlesim/srv/detail/teleport_relative__traits.hpp
[16.201s] -- Installing: /home/sunny/catkin_ws/install/turtlesim/include/turtlesim/turtlesim/srv/detail/set_pen__builder.hpp
[16.201s] -- Installing: /home/sunny/catkin_ws/install/turtlesim/include/turtlesim/turtlesim/srv/detail/kill__traits.hpp
[16.201s] -- Installing: /home/sunny/catkin_ws/install/turtlesim/include/turtlesim/turtlesim/srv/detail/kill__builder.hpp
[16.201s] -- Installing: /home/sunny/catkin_ws/install/turtlesim/include/turtlesim/turtlesim/srv/detail/set_pen__struct.hpp
[16.201s] -- Installing: /home/sunny/catkin_ws/install/turtlesim/include/turtlesim/turtlesim/srv/detail/teleport_absolute__builder.hpp
[16.201s] -- Installing: /home/sunny/catkin_ws/install/turtlesim/include/turtlesim/turtlesim/srv/detail/spawn__struct.hpp
[16.201s] -- Installing: /home/sunny/catkin_ws/install/turtlesim/include/turtlesim/turtlesim/srv/detail/teleport_absolute__traits.hpp
[16.202s] -- Installing: /home/sunny/catkin_ws/install/turtlesim/include/turtlesim/turtlesim/srv/detail/spawn__builder.hpp
[16.202s] -- Installing: /home/sunny/catkin_ws/install/turtlesim/include/turtlesim/turtlesim/srv/detail/set_pen__traits.hpp
[16.202s] -- Installing: /home/sunny/catkin_ws/install/turtlesim/include/turtlesim/turtlesim/srv/detail/kill__struct.hpp
[16.202s] -- Installing: /home/sunny/catkin_ws/install/turtlesim/include/turtlesim/turtlesim/srv/detail/teleport_relative__struct.hpp
[16.202s] -- Installing: /home/sunny/catkin_ws/install/turtlesim/include/turtlesim/turtlesim/srv/detail/teleport_absolute__struct.hpp
[16.202s] -- Installing: /home/sunny/catkin_ws/install/turtlesim/include/turtlesim/turtlesim/srv/detail/teleport_relative__builder.hpp
[16.202s] -- Installing: /home/sunny/catkin_ws/install/turtlesim/include/turtlesim/turtlesim/srv/detail/spawn__traits.hpp
[16.202s] -- Installing: /home/sunny/catkin_ws/install/turtlesim/include/turtlesim/turtlesim/srv/spawn.hpp
[16.202s] -- Installing: /home/sunny/catkin_ws/install/turtlesim/include/turtlesim/turtlesim/srv/kill.hpp
[16.203s] -- Installing: /home/sunny/catkin_ws/install/turtlesim/include/turtlesim/turtlesim/srv/set_pen.hpp
[16.203s] -- Installing: /home/sunny/catkin_ws/install/turtlesim/include/turtlesim/turtlesim/srv/teleport_relative.hpp
[16.203s] -- Up-to-date: /home/sunny/catkin_ws/install/turtlesim/include/turtlesim/turtlesim/action
[16.203s] -- Up-to-date: /home/sunny/catkin_ws/install/turtlesim/include/turtlesim/turtlesim/action/detail
[16.203s] -- Installing: /home/sunny/catkin_ws/install/turtlesim/include/turtlesim/turtlesim/action/detail/rotate_absolute__struct.hpp
[16.203s] -- Installing: /home/sunny/catkin_ws/install/turtlesim/include/turtlesim/turtlesim/action/detail/rotate_absolute__traits.hpp
[16.203s] -- Installing: /home/sunny/catkin_ws/install/turtlesim/include/turtlesim/turtlesim/action/detail/rotate_absolute__builder.hpp
[16.203s] -- Installing: /home/sunny/catkin_ws/install/turtlesim/include/turtlesim/turtlesim/action/rotate_absolute.hpp
[16.203s] -- Up-to-date: /home/sunny/catkin_ws/install/turtlesim/include/turtlesim/turtlesim/msg
[16.203s] -- Installing: /home/sunny/catkin_ws/install/turtlesim/include/turtlesim/turtlesim/msg/color.hpp
[16.204s] -- Installing: /home/sunny/catkin_ws/install/turtlesim/include/turtlesim/turtlesim/msg/pose.hpp
[16.204s] -- Up-to-date: /home/sunny/catkin_ws/install/turtlesim/include/turtlesim/turtlesim/msg/detail
[16.204s] -- Installing: /home/sunny/catkin_ws/install/turtlesim/include/turtlesim/turtlesim/msg/detail/color__traits.hpp
[16.204s] -- Installing: /home/sunny/catkin_ws/install/turtlesim/include/turtlesim/turtlesim/msg/detail/pose__traits.hpp
[16.204s] -- Installing: /home/sunny/catkin_ws/install/turtlesim/include/turtlesim/turtlesim/msg/detail/pose__struct.hpp
[16.204s] -- Installing: /home/sunny/catkin_ws/install/turtlesim/include/turtlesim/turtlesim/msg/detail/color__struct.hpp
[16.204s] -- Installing: /home/sunny/catkin_ws/install/turtlesim/include/turtlesim/turtlesim/msg/detail/color__builder.hpp
[16.204s] -- Installing: /home/sunny/catkin_ws/install/turtlesim/include/turtlesim/turtlesim/msg/detail/pose__builder.hpp
[16.204s] -- Up-to-date: /home/sunny/catkin_ws/install/turtlesim/include/turtlesim/turtlesim
[16.204s] -- Up-to-date: /home/sunny/catkin_ws/install/turtlesim/include/turtlesim/turtlesim/srv
[16.204s] -- Up-to-date: /home/sunny/catkin_ws/install/turtlesim/include/turtlesim/turtlesim/srv/detail
[16.204s] -- Installing: /home/sunny/catkin_ws/install/turtlesim/include/turtlesim/turtlesim/srv/detail/teleport_absolute__rosidl_typesupport_fastrtps_cpp.hpp
[16.205s] -- Installing: /home/sunny/catkin_ws/install/turtlesim/include/turtlesim/turtlesim/srv/detail/spawn__rosidl_typesupport_fastrtps_cpp.hpp
[16.205s] -- Installing: /home/sunny/catkin_ws/install/turtlesim/include/turtlesim/turtlesim/srv/detail/kill__rosidl_typesupport_fastrtps_cpp.hpp
[16.205s] -- Installing: /home/sunny/catkin_ws/install/turtlesim/include/turtlesim/turtlesim/srv/detail/set_pen__rosidl_typesupport_fastrtps_cpp.hpp
[16.205s] -- Installing: /home/sunny/catkin_ws/install/turtlesim/include/turtlesim/turtlesim/srv/detail/dds_fastrtps
[16.205s] -- Installing: /home/sunny/catkin_ws/install/turtlesim/include/turtlesim/turtlesim/srv/detail/teleport_relative__rosidl_typesupport_fastrtps_cpp.hpp
[16.205s] -- Up-to-date: /home/sunny/catkin_ws/install/turtlesim/include/turtlesim/turtlesim/action
[16.205s] -- Up-to-date: /home/sunny/catkin_ws/install/turtlesim/include/turtlesim/turtlesim/action/detail
[16.205s] -- Installing: /home/sunny/catkin_ws/install/turtlesim/include/turtlesim/turtlesim/action/detail/rotate_absolute__rosidl_typesupport_fastrtps_cpp.hpp
[16.205s] -- Installing: /home/sunny/catkin_ws/install/turtlesim/include/turtlesim/turtlesim/action/detail/dds_fastrtps
[16.205s] -- Up-to-date: /home/sunny/catkin_ws/install/turtlesim/include/turtlesim/turtlesim/msg
[16.205s] -- Up-to-date: /home/sunny/catkin_ws/install/turtlesim/include/turtlesim/turtlesim/msg/detail
[16.205s] -- Installing: /home/sunny/catkin_ws/install/turtlesim/include/turtlesim/turtlesim/msg/detail/pose__rosidl_typesupport_fastrtps_cpp.hpp
[16.206s] -- Installing: /home/sunny/catkin_ws/install/turtlesim/include/turtlesim/turtlesim/msg/detail/color__rosidl_typesupport_fastrtps_cpp.hpp
[16.206s] -- Installing: /home/sunny/catkin_ws/install/turtlesim/include/turtlesim/turtlesim/msg/detail/dds_fastrtps
[16.206s] -- Installing: /home/sunny/catkin_ws/install/turtlesim/include/turtlesim/turtlesim/msg/rosidl_typesupport_fastrtps_cpp__visibility_control.h
[16.206s] -- Installing: /home/sunny/catkin_ws/install/turtlesim/lib/libturtlesim__rosidl_typesupport_fastrtps_cpp.so
[16.206s] -- Set runtime path of "/home/sunny/catkin_ws/install/turtlesim/lib/libturtlesim__rosidl_typesupport_fastrtps_cpp.so" to ""
[16.206s] -- Up-to-date: /home/sunny/catkin_ws/install/turtlesim/include/turtlesim/turtlesim
[16.206s] -- Up-to-date: /home/sunny/catkin_ws/install/turtlesim/include/turtlesim/turtlesim/srv
[16.206s] -- Up-to-date: /home/sunny/catkin_ws/install/turtlesim/include/turtlesim/turtlesim/srv/detail
[16.207s] -- Installing: /home/sunny/catkin_ws/install/turtlesim/include/turtlesim/turtlesim/srv/detail/teleport_relative__type_support.c
[16.207s] -- Installing: /home/sunny/catkin_ws/install/turtlesim/include/turtlesim/turtlesim/srv/detail/spawn__type_support.c
[16.207s] -- Installing: /home/sunny/catkin_ws/install/turtlesim/include/turtlesim/turtlesim/srv/detail/spawn__rosidl_typesupport_introspection_c.h
[16.207s] -- Installing: /home/sunny/catkin_ws/install/turtlesim/include/turtlesim/turtlesim/srv/detail/teleport_absolute__rosidl_typesupport_introspection_c.h
[16.207s] -- Installing: /home/sunny/catkin_ws/install/turtlesim/include/turtlesim/turtlesim/srv/detail/teleport_absolute__type_support.c
[16.207s] -- Installing: /home/sunny/catkin_ws/install/turtlesim/include/turtlesim/turtlesim/srv/detail/teleport_relative__rosidl_typesupport_introspection_c.h
[16.207s] -- Installing: /home/sunny/catkin_ws/install/turtlesim/include/turtlesim/turtlesim/srv/detail/set_pen__rosidl_typesupport_introspection_c.h
[16.207s] -- Installing: /home/sunny/catkin_ws/install/turtlesim/include/turtlesim/turtlesim/srv/detail/kill__type_support.c
[16.207s] -- Installing: /home/sunny/catkin_ws/install/turtlesim/include/turtlesim/turtlesim/srv/detail/set_pen__type_support.c
[16.207s] -- Installing: /home/sunny/catkin_ws/install/turtlesim/include/turtlesim/turtlesim/srv/detail/kill__rosidl_typesupport_introspection_c.h
[16.208s] -- Up-to-date: /home/sunny/catkin_ws/install/turtlesim/include/turtlesim/turtlesim/action
[16.208s] -- Up-to-date: /home/sunny/catkin_ws/install/turtlesim/include/turtlesim/turtlesim/action/detail
[16.208s] -- Installing: /home/sunny/catkin_ws/install/turtlesim/include/turtlesim/turtlesim/action/detail/rotate_absolute__rosidl_typesupport_introspection_c.h
[16.208s] -- Installing: /home/sunny/catkin_ws/install/turtlesim/include/turtlesim/turtlesim/action/detail/rotate_absolute__type_support.c
[16.208s] -- Up-to-date: /home/sunny/catkin_ws/install/turtlesim/include/turtlesim/turtlesim/msg
[16.208s] -- Installing: /home/sunny/catkin_ws/install/turtlesim/include/turtlesim/turtlesim/msg/rosidl_typesupport_introspection_c__visibility_control.h
[16.208s] -- Up-to-date: /home/sunny/catkin_ws/install/turtlesim/include/turtlesim/turtlesim/msg/detail
[16.208s] -- Installing: /home/sunny/catkin_ws/install/turtlesim/include/turtlesim/turtlesim/msg/detail/pose__type_support.c
[16.208s] -- Installing: /home/sunny/catkin_ws/install/turtlesim/include/turtlesim/turtlesim/msg/detail/color__rosidl_typesupport_introspection_c.h
[16.208s] -- Installing: /home/sunny/catkin_ws/install/turtlesim/include/turtlesim/turtlesim/msg/detail/color__type_support.c
[16.208s] -- Installing: /home/sunny/catkin_ws/install/turtlesim/include/turtlesim/turtlesim/msg/detail/pose__rosidl_typesupport_introspection_c.h
[16.209s] -- Installing: /home/sunny/catkin_ws/install/turtlesim/lib/libturtlesim__rosidl_typesupport_introspection_c.so
[16.209s] -- Set runtime path of "/home/sunny/catkin_ws/install/turtlesim/lib/libturtlesim__rosidl_typesupport_introspection_c.so" to ""
[16.209s] -- Installing: /home/sunny/catkin_ws/install/turtlesim/lib/libturtlesim__rosidl_typesupport_c.so
[16.209s] -- Set runtime path of "/home/sunny/catkin_ws/install/turtlesim/lib/libturtlesim__rosidl_typesupport_c.so" to ""
[16.210s] -- Up-to-date: /home/sunny/catkin_ws/install/turtlesim/include/turtlesim/turtlesim
[16.210s] -- Up-to-date: /home/sunny/catkin_ws/install/turtlesim/include/turtlesim/turtlesim/srv
[16.210s] -- Up-to-date: /home/sunny/catkin_ws/install/turtlesim/include/turtlesim/turtlesim/srv/detail
[16.210s] -- Installing: /home/sunny/catkin_ws/install/turtlesim/include/turtlesim/turtlesim/srv/detail/set_pen__rosidl_typesupport_introspection_cpp.hpp
[16.210s] -- Installing: /home/sunny/catkin_ws/install/turtlesim/include/turtlesim/turtlesim/srv/detail/spawn__type_support.cpp
[16.210s] -- Installing: /home/sunny/catkin_ws/install/turtlesim/include/turtlesim/turtlesim/srv/detail/teleport_relative__type_support.cpp
[16.210s] -- Installing: /home/sunny/catkin_ws/install/turtlesim/include/turtlesim/turtlesim/srv/detail/teleport_absolute__rosidl_typesupport_introspection_cpp.hpp
[16.210s] -- Installing: /home/sunny/catkin_ws/install/turtlesim/include/turtlesim/turtlesim/srv/detail/set_pen__type_support.cpp
[16.210s] -- Installing: /home/sunny/catkin_ws/install/turtlesim/include/turtlesim/turtlesim/srv/detail/spawn__rosidl_typesupport_introspection_cpp.hpp
[16.210s] -- Installing: /home/sunny/catkin_ws/install/turtlesim/include/turtlesim/turtlesim/srv/detail/teleport_absolute__type_support.cpp
[16.210s] -- Installing: /home/sunny/catkin_ws/install/turtlesim/include/turtlesim/turtlesim/srv/detail/kill__type_support.cpp
[16.211s] -- Installing: /home/sunny/catkin_ws/install/turtlesim/include/turtlesim/turtlesim/srv/detail/teleport_relative__rosidl_typesupport_introspection_cpp.hpp
[16.211s] -- Installing: /home/sunny/catkin_ws/install/turtlesim/include/turtlesim/turtlesim/srv/detail/kill__rosidl_typesupport_introspection_cpp.hpp
[16.211s] -- Up-to-date: /home/sunny/catkin_ws/install/turtlesim/include/turtlesim/turtlesim/action
[16.211s] -- Up-to-date: /home/sunny/catkin_ws/install/turtlesim/include/turtlesim/turtlesim/action/detail
[16.211s] -- Installing: /home/sunny/catkin_ws/install/turtlesim/include/turtlesim/turtlesim/action/detail/rotate_absolute__type_support.cpp
[16.211s] -- Installing: /home/sunny/catkin_ws/install/turtlesim/include/turtlesim/turtlesim/action/detail/rotate_absolute__rosidl_typesupport_introspection_cpp.hpp
[16.211s] -- Up-to-date: /home/sunny/catkin_ws/install/turtlesim/include/turtlesim/turtlesim/msg
[16.211s] -- Up-to-date: /home/sunny/catkin_ws/install/turtlesim/include/turtlesim/turtlesim/msg/detail
[16.211s] -- Installing: /home/sunny/catkin_ws/install/turtlesim/include/turtlesim/turtlesim/msg/detail/color__type_support.cpp
[16.211s] -- Installing: /home/sunny/catkin_ws/install/turtlesim/include/turtlesim/turtlesim/msg/detail/pose__rosidl_typesupport_introspection_cpp.hpp
[16.211s] -- Installing: /home/sunny/catkin_ws/install/turtlesim/include/turtlesim/turtlesim/msg/detail/color__rosidl_typesupport_introspection_cpp.hpp
[16.212s] -- Installing: /home/sunny/catkin_ws/install/turtlesim/include/turtlesim/turtlesim/msg/detail/pose__type_support.cpp
[16.212s] -- Installing: /home/sunny/catkin_ws/install/turtlesim/lib/libturtlesim__rosidl_typesupport_introspection_cpp.so
[16.212s] -- Set runtime path of "/home/sunny/catkin_ws/install/turtlesim/lib/libturtlesim__rosidl_typesupport_introspection_cpp.so" to ""
[16.212s] -- Installing: /home/sunny/catkin_ws/install/turtlesim/lib/libturtlesim__rosidl_typesupport_cpp.so
[16.213s] -- Set runtime path of "/home/sunny/catkin_ws/install/turtlesim/lib/libturtlesim__rosidl_typesupport_cpp.so" to ""
[16.213s] -- Installing: /home/sunny/catkin_ws/install/turtlesim/share/turtlesim/environment/pythonpath.sh
[16.213s] -- Installing: /home/sunny/catkin_ws/install/turtlesim/share/turtlesim/environment/pythonpath.dsv
[16.213s] -- Installing: /home/sunny/catkin_ws/install/turtlesim/local/lib/python3.10/dist-packages/turtlesim-1.4.2-py3.10.egg-info
[16.213s] -- Installing: /home/sunny/catkin_ws/install/turtlesim/local/lib/python3.10/dist-packages/turtlesim-1.4.2-py3.10.egg-info/PKG-INFO
[16.213s] -- Installing: /home/sunny/catkin_ws/install/turtlesim/local/lib/python3.10/dist-packages/turtlesim-1.4.2-py3.10.egg-info/SOURCES.txt
[16.213s] -- Installing: /home/sunny/catkin_ws/install/turtlesim/local/lib/python3.10/dist-packages/turtlesim-1.4.2-py3.10.egg-info/top_level.txt
[16.213s] -- Installing: /home/sunny/catkin_ws/install/turtlesim/local/lib/python3.10/dist-packages/turtlesim-1.4.2-py3.10.egg-info/dependency_links.txt
[16.214s] -- Installing: /home/sunny/catkin_ws/install/turtlesim/local/lib/python3.10/dist-packages/turtlesim
[16.214s] -- Installing: /home/sunny/catkin_ws/install/turtlesim/local/lib/python3.10/dist-packages/turtlesim/__init__.py
[16.214s] -- Installing: /home/sunny/catkin_ws/install/turtlesim/local/lib/python3.10/dist-packages/turtlesim/srv
[16.214s] -- Installing: /home/sunny/catkin_ws/install/turtlesim/local/lib/python3.10/dist-packages/turtlesim/srv/__init__.py
[16.214s] -- Installing: /home/sunny/catkin_ws/install/turtlesim/local/lib/python3.10/dist-packages/turtlesim/srv/_teleport_absolute.py
[16.214s] -- Installing: /home/sunny/catkin_ws/install/turtlesim/local/lib/python3.10/dist-packages/turtlesim/srv/_set_pen_s.c
[16.214s] -- Installing: /home/sunny/catkin_ws/install/turtlesim/local/lib/python3.10/dist-packages/turtlesim/srv/_kill_s.c
[16.214s] -- Installing: /home/sunny/catkin_ws/install/turtlesim/local/lib/python3.10/dist-packages/turtlesim/srv/_teleport_absolute_s.c
[16.214s] -- Installing: /home/sunny/catkin_ws/install/turtlesim/local/lib/python3.10/dist-packages/turtlesim/srv/_teleport_relative_s.c
[16.215s] -- Installing: /home/sunny/catkin_ws/install/turtlesim/local/lib/python3.10/dist-packages/turtlesim/srv/_spawn.py
[16.215s] -- Installing: /home/sunny/catkin_ws/install/turtlesim/local/lib/python3.10/dist-packages/turtlesim/srv/_set_pen.py
[16.215s] -- Installing: /home/sunny/catkin_ws/install/turtlesim/local/lib/python3.10/dist-packages/turtlesim/srv/_spawn_s.c
[16.215s] -- Installing: /home/sunny/catkin_ws/install/turtlesim/local/lib/python3.10/dist-packages/turtlesim/srv/_kill.py
[16.215s] -- Installing: /home/sunny/catkin_ws/install/turtlesim/local/lib/python3.10/dist-packages/turtlesim/srv/_teleport_relative.py
[16.215s] -- Installing: /home/sunny/catkin_ws/install/turtlesim/local/lib/python3.10/dist-packages/turtlesim/_turtlesim_s.ep.rosidl_typesupport_introspection_c.c
[16.215s] -- Installing: /home/sunny/catkin_ws/install/turtlesim/local/lib/python3.10/dist-packages/turtlesim/turtlesim_s__rosidl_typesupport_introspection_c.cpython-310-x86_64-linux-gnu.so
[16.216s] -- Installing: /home/sunny/catkin_ws/install/turtlesim/local/lib/python3.10/dist-packages/turtlesim/action
[16.216s] -- Installing: /home/sunny/catkin_ws/install/turtlesim/local/lib/python3.10/dist-packages/turtlesim/action/__init__.py
[16.216s] -- Installing: /home/sunny/catkin_ws/install/turtlesim/local/lib/python3.10/dist-packages/turtlesim/action/_rotate_absolute.py
[16.216s] -- Installing: /home/sunny/catkin_ws/install/turtlesim/local/lib/python3.10/dist-packages/turtlesim/action/_rotate_absolute_s.c
[16.216s] -- Installing: /home/sunny/catkin_ws/install/turtlesim/local/lib/python3.10/dist-packages/turtlesim/turtlesim_s__rosidl_typesupport_c.cpython-310-x86_64-linux-gnu.so
[16.216s] -- Installing: /home/sunny/catkin_ws/install/turtlesim/local/lib/python3.10/dist-packages/turtlesim/msg
[16.216s] -- Installing: /home/sunny/catkin_ws/install/turtlesim/local/lib/python3.10/dist-packages/turtlesim/msg/__init__.py
[16.216s] -- Installing: /home/sunny/catkin_ws/install/turtlesim/local/lib/python3.10/dist-packages/turtlesim/msg/_pose_s.c
[16.216s] -- Installing: /home/sunny/catkin_ws/install/turtlesim/local/lib/python3.10/dist-packages/turtlesim/msg/_color_s.c
[16.217s] -- Installing: /home/sunny/catkin_ws/install/turtlesim/local/lib/python3.10/dist-packages/turtlesim/msg/_pose.py
[16.217s] -- Installing: /home/sunny/catkin_ws/install/turtlesim/local/lib/python3.10/dist-packages/turtlesim/msg/_color.py
[16.217s] -- Installing: /home/sunny/catkin_ws/install/turtlesim/local/lib/python3.10/dist-packages/turtlesim/_turtlesim_s.ep.rosidl_typesupport_fastrtps_c.c
[16.217s] -- Installing: /home/sunny/catkin_ws/install/turtlesim/local/lib/python3.10/dist-packages/turtlesim/_turtlesim_s.ep.rosidl_typesupport_c.c
[16.217s] -- Installing: /home/sunny/catkin_ws/install/turtlesim/local/lib/python3.10/dist-packages/turtlesim/libturtlesim__rosidl_generator_py.so
[16.218s] -- Installing: /home/sunny/catkin_ws/install/turtlesim/local/lib/python3.10/dist-packages/turtlesim/turtlesim_s__rosidl_typesupport_fastrtps_c.cpython-310-x86_64-linux-gnu.so
[16.253s] Listing '/home/sunny/catkin_ws/install/turtlesim/local/lib/python3.10/dist-packages/turtlesim'...
[16.253s] Compiling '/home/sunny/catkin_ws/install/turtlesim/local/lib/python3.10/dist-packages/turtlesim/__init__.py'...
[16.253s] Listing '/home/sunny/catkin_ws/install/turtlesim/local/lib/python3.10/dist-packages/turtlesim/action'...
[16.253s] Compiling '/home/sunny/catkin_ws/install/turtlesim/local/lib/python3.10/dist-packages/turtlesim/action/__init__.py'...
[16.253s] Compiling '/home/sunny/catkin_ws/install/turtlesim/local/lib/python3.10/dist-packages/turtlesim/action/_rotate_absolute.py'...
[16.253s] Listing '/home/sunny/catkin_ws/install/turtlesim/local/lib/python3.10/dist-packages/turtlesim/msg'...
[16.253s] Compiling '/home/sunny/catkin_ws/install/turtlesim/local/lib/python3.10/dist-packages/turtlesim/msg/__init__.py'...
[16.253s] Compiling '/home/sunny/catkin_ws/install/turtlesim/local/lib/python3.10/dist-packages/turtlesim/msg/_color.py'...
[16.253s] Compiling '/home/sunny/catkin_ws/install/turtlesim/local/lib/python3.10/dist-packages/turtlesim/msg/_pose.py'...
[16.253s] Listing '/home/sunny/catkin_ws/install/turtlesim/local/lib/python3.10/dist-packages/turtlesim/srv'...
[16.254s] Compiling '/home/sunny/catkin_ws/install/turtlesim/local/lib/python3.10/dist-packages/turtlesim/srv/__init__.py'...
[16.254s] Compiling '/home/sunny/catkin_ws/install/turtlesim/local/lib/python3.10/dist-packages/turtlesim/srv/_kill.py'...
[16.254s] Compiling '/home/sunny/catkin_ws/install/turtlesim/local/lib/python3.10/dist-packages/turtlesim/srv/_set_pen.py'...
[16.254s] Compiling '/home/sunny/catkin_ws/install/turtlesim/local/lib/python3.10/dist-packages/turtlesim/srv/_spawn.py'...
[16.254s] Compiling '/home/sunny/catkin_ws/install/turtlesim/local/lib/python3.10/dist-packages/turtlesim/srv/_teleport_absolute.py'...
[16.254s] Compiling '/home/sunny/catkin_ws/install/turtlesim/local/lib/python3.10/dist-packages/turtlesim/srv/_teleport_relative.py'...
[16.257s] -- Installing: /home/sunny/catkin_ws/install/turtlesim/local/lib/python3.10/dist-packages/turtlesim/turtlesim_s__rosidl_typesupport_fastrtps_c.cpython-310-x86_64-linux-gnu.so
[16.258s] -- Set runtime path of "/home/sunny/catkin_ws/install/turtlesim/local/lib/python3.10/dist-packages/turtlesim/turtlesim_s__rosidl_typesupport_fastrtps_c.cpython-310-x86_64-linux-gnu.so" to ""
[16.258s] -- Installing: /home/sunny/catkin_ws/install/turtlesim/local/lib/python3.10/dist-packages/turtlesim/turtlesim_s__rosidl_typesupport_introspection_c.cpython-310-x86_64-linux-gnu.so
[16.258s] -- Set runtime path of "/home/sunny/catkin_ws/install/turtlesim/local/lib/python3.10/dist-packages/turtlesim/turtlesim_s__rosidl_typesupport_introspection_c.cpython-310-x86_64-linux-gnu.so" to ""
[16.259s] -- Installing: /home/sunny/catkin_ws/install/turtlesim/local/lib/python3.10/dist-packages/turtlesim/turtlesim_s__rosidl_typesupport_c.cpython-310-x86_64-linux-gnu.so
[16.259s] -- Set runtime path of "/home/sunny/catkin_ws/install/turtlesim/local/lib/python3.10/dist-packages/turtlesim/turtlesim_s__rosidl_typesupport_c.cpython-310-x86_64-linux-gnu.so" to ""
[16.259s] -- Installing: /home/sunny/catkin_ws/install/turtlesim/lib/libturtlesim__rosidl_generator_py.so
[16.259s] -- Set runtime path of "/home/sunny/catkin_ws/install/turtlesim/lib/libturtlesim__rosidl_generator_py.so" to ""
[16.259s] -- Installing: /home/sunny/catkin_ws/install/turtlesim/share/turtlesim/action/RotateAbsolute.idl
[16.260s] -- Installing: /home/sunny/catkin_ws/install/turtlesim/share/turtlesim/msg/Color.idl
[16.260s] -- Installing: /home/sunny/catkin_ws/install/turtlesim/share/turtlesim/msg/Pose.idl
[16.260s] -- Installing: /home/sunny/catkin_ws/install/turtlesim/share/turtlesim/srv/Kill.idl
[16.260s] -- Installing: /home/sunny/catkin_ws/install/turtlesim/share/turtlesim/srv/SetPen.idl
[16.260s] -- Installing: /home/sunny/catkin_ws/install/turtlesim/share/turtlesim/srv/Spawn.idl
[16.260s] -- Installing: /home/sunny/catkin_ws/install/turtlesim/share/turtlesim/srv/TeleportAbsolute.idl
[16.260s] -- Installing: /home/sunny/catkin_ws/install/turtlesim/share/turtlesim/srv/TeleportRelative.idl
[16.260s] -- Installing: /home/sunny/catkin_ws/install/turtlesim/share/turtlesim/action/RotateAbsolute.action
[16.261s] -- Installing: /home/sunny/catkin_ws/install/turtlesim/share/turtlesim/msg/Color.msg
[16.261s] -- Installing: /home/sunny/catkin_ws/install/turtlesim/share/turtlesim/msg/Pose.msg
[16.261s] -- Installing: /home/sunny/catkin_ws/install/turtlesim/share/turtlesim/srv/Kill.srv
[16.261s] -- Installing: /home/sunny/catkin_ws/install/turtlesim/share/turtlesim/srv/Kill_Request.msg
[16.261s] -- Installing: /home/sunny/catkin_ws/install/turtlesim/share/turtlesim/srv/Kill_Response.msg
[16.261s] -- Installing: /home/sunny/catkin_ws/install/turtlesim/share/turtlesim/srv/SetPen.srv
[16.261s] -- Installing: /home/sunny/catkin_ws/install/turtlesim/share/turtlesim/srv/SetPen_Request.msg
[16.262s] -- Installing: /home/sunny/catkin_ws/install/turtlesim/share/turtlesim/srv/SetPen_Response.msg
[16.262s] -- Installing: /home/sunny/catkin_ws/install/turtlesim/share/turtlesim/srv/Spawn.srv
[16.262s] -- Installing: /home/sunny/catkin_ws/install/turtlesim/share/turtlesim/srv/Spawn_Request.msg
[16.262s] -- Installing: /home/sunny/catkin_ws/install/turtlesim/share/turtlesim/srv/Spawn_Response.msg
[16.262s] -- Installing: /home/sunny/catkin_ws/install/turtlesim/share/turtlesim/srv/TeleportAbsolute.srv
[16.262s] -- Installing: /home/sunny/catkin_ws/install/turtlesim/share/turtlesim/srv/TeleportAbsolute_Request.msg
[16.262s] -- Installing: /home/sunny/catkin_ws/install/turtlesim/share/turtlesim/srv/TeleportAbsolute_Response.msg
[16.262s] -- Installing: /home/sunny/catkin_ws/install/turtlesim/share/turtlesim/srv/TeleportRelative.srv
[16.263s] -- Installing: /home/sunny/catkin_ws/install/turtlesim/share/turtlesim/srv/TeleportRelative_Request.msg
[16.263s] -- Installing: /home/sunny/catkin_ws/install/turtlesim/share/turtlesim/srv/TeleportRelative_Response.msg
[16.263s] -- Installing: /home/sunny/catkin_ws/install/turtlesim/lib/turtlesim/turtlesim_node
[16.273s] -- Set runtime path of "/home/sunny/catkin_ws/install/turtlesim/lib/turtlesim/turtlesim_node" to ""
[16.273s] -- Installing: /home/sunny/catkin_ws/install/turtlesim/lib/turtlesim/turtle_teleop_key
[16.275s] -- Set runtime path of "/home/sunny/catkin_ws/install/turtlesim/lib/turtlesim/turtle_teleop_key" to ""
[16.275s] -- Installing: /home/sunny/catkin_ws/install/turtlesim/lib/turtlesim/draw_square
[16.280s] -- Set runtime path of "/home/sunny/catkin_ws/install/turtlesim/lib/turtlesim/draw_square" to ""
[16.280s] -- Installing: /home/sunny/catkin_ws/install/turtlesim/lib/turtlesim/mimic
[16.284s] -- Set runtime path of "/home/sunny/catkin_ws/install/turtlesim/lib/turtlesim/mimic" to ""
[16.284s] -- Installing: /home/sunny/catkin_ws/install/turtlesim/share/turtlesim/images
[16.284s] -- Installing: /home/sunny/catkin_ws/install/turtlesim/share/turtlesim/images/humble.png
[16.294s] -- Installing: /home/sunny/catkin_ws/install/turtlesim/share/turtlesim/images/crystal.png
[16.295s] -- Installing: /home/sunny/catkin_ws/install/turtlesim/share/turtlesim/images/rolling.png
[16.295s] -- Installing: /home/sunny/catkin_ws/install/turtlesim/share/turtlesim/images/dashing.png
[16.295s] -- Installing: /home/sunny/catkin_ws/install/turtlesim/share/turtlesim/images/bouncy.png
[16.296s] -- Installing: /home/sunny/catkin_ws/install/turtlesim/share/turtlesim/images/galactic.png
[16.296s] -- Installing: /home/sunny/catkin_ws/install/turtlesim/share/turtlesim/images/eloquent.png
[16.296s] -- Installing: /home/sunny/catkin_ws/install/turtlesim/share/turtlesim/images/foxy.png
[16.296s] -- Installing: /home/sunny/catkin_ws/install/turtlesim/share/turtlesim/images/ardent.png
[16.297s] -- Installing: /home/sunny/catkin_ws/install/turtlesim/share/turtlesim/launch
[16.297s] -- Installing: /home/sunny/catkin_ws/install/turtlesim/share/turtlesim/launch/multisim.launch.py
[16.297s] -- Installing: /home/sunny/catkin_ws/install/turtlesim/share/ament_index/resource_index/package_run_dependencies/turtlesim
[16.297s] -- Installing: /home/sunny/catkin_ws/install/turtlesim/share/ament_index/resource_index/parent_prefix_path/turtlesim
[16.297s] -- Installing: /home/sunny/catkin_ws/install/turtlesim/share/turtlesim/environment/ament_prefix_path.sh
[16.297s] -- Installing: /home/sunny/catkin_ws/install/turtlesim/share/turtlesim/environment/ament_prefix_path.dsv
[16.297s] -- Installing: /home/sunny/catkin_ws/install/turtlesim/share/turtlesim/environment/path.sh
[16.298s] -- Installing: /home/sunny/catkin_ws/install/turtlesim/share/turtlesim/environment/path.dsv
[16.298s] -- Installing: /home/sunny/catkin_ws/install/turtlesim/share/turtlesim/local_setup.bash
[16.298s] -- Installing: /home/sunny/catkin_ws/install/turtlesim/share/turtlesim/local_setup.sh
[16.298s] -- Installing: /home/sunny/catkin_ws/install/turtlesim/share/turtlesim/local_setup.zsh
[16.298s] -- Installing: /home/sunny/catkin_ws/install/turtlesim/share/turtlesim/local_setup.dsv
[16.298s] -- Installing: /home/sunny/catkin_ws/install/turtlesim/share/turtlesim/package.dsv
[16.298s] -- Installing: /home/sunny/catkin_ws/install/turtlesim/share/ament_index/resource_index/packages/turtlesim
[16.299s] -- Installing: /home/sunny/catkin_ws/install/turtlesim/share/turtlesim/cmake/export_turtlesim__rosidl_generator_cExport.cmake
[16.299s] -- Installing: /home/sunny/catkin_ws/install/turtlesim/share/turtlesim/cmake/export_turtlesim__rosidl_generator_cExport-noconfig.cmake
[16.299s] -- Installing: /home/sunny/catkin_ws/install/turtlesim/share/turtlesim/cmake/export_turtlesim__rosidl_typesupport_fastrtps_cExport.cmake
[16.299s] -- Installing: /home/sunny/catkin_ws/install/turtlesim/share/turtlesim/cmake/export_turtlesim__rosidl_typesupport_fastrtps_cExport-noconfig.cmake
[16.299s] -- Installing: /home/sunny/catkin_ws/install/turtlesim/share/turtlesim/cmake/export_turtlesim__rosidl_generator_cppExport.cmake
[16.299s] -- Installing: /home/sunny/catkin_ws/install/turtlesim/share/turtlesim/cmake/export_turtlesim__rosidl_typesupport_fastrtps_cppExport.cmake
[16.299s] -- Installing: /home/sunny/catkin_ws/install/turtlesim/share/turtlesim/cmake/export_turtlesim__rosidl_typesupport_fastrtps_cppExport-noconfig.cmake
[16.300s] -- Installing: /home/sunny/catkin_ws/install/turtlesim/share/turtlesim/cmake/turtlesim__rosidl_typesupport_introspection_cExport.cmake
[16.300s] -- Installing: /home/sunny/catkin_ws/install/turtlesim/share/turtlesim/cmake/turtlesim__rosidl_typesupport_introspection_cExport-noconfig.cmake
[16.300s] -- Installing: /home/sunny/catkin_ws/install/turtlesim/share/turtlesim/cmake/turtlesim__rosidl_typesupport_cExport.cmake
[16.300s] -- Installing: /home/sunny/catkin_ws/install/turtlesim/share/turtlesim/cmake/turtlesim__rosidl_typesupport_cExport-noconfig.cmake
[16.300s] -- Installing: /home/sunny/catkin_ws/install/turtlesim/share/turtlesim/cmake/turtlesim__rosidl_typesupport_introspection_cppExport.cmake
[16.300s] -- Installing: /home/sunny/catkin_ws/install/turtlesim/share/turtlesim/cmake/turtlesim__rosidl_typesupport_introspection_cppExport-noconfig.cmake
[16.300s] -- Installing: /home/sunny/catkin_ws/install/turtlesim/share/turtlesim/cmake/turtlesim__rosidl_typesupport_cppExport.cmake
[16.301s] -- Installing: /home/sunny/catkin_ws/install/turtlesim/share/turtlesim/cmake/turtlesim__rosidl_typesupport_cppExport-noconfig.cmake
[16.301s] -- Installing: /home/sunny/catkin_ws/install/turtlesim/share/turtlesim/cmake/export_turtlesim__rosidl_generator_pyExport.cmake
[16.301s] -- Installing: /home/sunny/catkin_ws/install/turtlesim/share/turtlesim/cmake/export_turtlesim__rosidl_generator_pyExport-noconfig.cmake
[16.301s] -- Installing: /home/sunny/catkin_ws/install/turtlesim/share/turtlesim/cmake/rosidl_cmake-extras.cmake
[16.301s] -- Installing: /home/sunny/catkin_ws/install/turtlesim/share/turtlesim/cmake/ament_cmake_export_dependencies-extras.cmake
[16.301s] -- Installing: /home/sunny/catkin_ws/install/turtlesim/share/turtlesim/cmake/ament_cmake_export_include_directories-extras.cmake
[16.301s] -- Installing: /home/sunny/catkin_ws/install/turtlesim/share/turtlesim/cmake/ament_cmake_export_libraries-extras.cmake
[16.301s] -- Installing: /home/sunny/catkin_ws/install/turtlesim/share/turtlesim/cmake/ament_cmake_export_targets-extras.cmake
[16.302s] -- Installing: /home/sunny/catkin_ws/install/turtlesim/share/turtlesim/cmake/rosidl_cmake_export_typesupport_targets-extras.cmake
[16.302s] -- Installing: /home/sunny/catkin_ws/install/turtlesim/share/turtlesim/cmake/rosidl_cmake_export_typesupport_libraries-extras.cmake
[16.302s] -- Installing: /home/sunny/catkin_ws/install/turtlesim/share/turtlesim/cmake/turtlesimConfig.cmake
[16.302s] -- Installing: /home/sunny/catkin_ws/install/turtlesim/share/turtlesim/cmake/turtlesimConfig-version.cmake
[16.302s] -- Installing: /home/sunny/catkin_ws/install/turtlesim/share/turtlesim/package.xml
[16.304s] Invoked command in '/home/sunny/catkin_ws/build/turtlesim' returned '0': CMAKE_PREFIX_PATH=/opt/ros/humble /usr/bin/cmake --install /home/sunny/catkin_ws/build/turtlesim
