[0.112s] Invoking command in '/home/sunny/catkin_ws/build/turtlesim': CMAKE_PREFIX_PATH=${CMAKE_PREFIX_PATH}:/home/sunny/catkin_ws/install/beluga_adapter:/opt/ros/humble /usr/bin/cmake --build /home/sunny/catkin_ws/build/turtlesim -- -j16 -l16
[0.196s] [  1%] Built target turtlesim__cpp
[0.198s] [ 11%] Built target turtlesim__rosidl_generator_c
[0.217s] [ 11%] Built target ament_cmake_python_copy_turtlesim
[0.236s] [ 21%] Built target turtlesim__rosidl_typesupport_cpp
[0.239s] [ 31%] Built target turtlesim__rosidl_typesupport_introspection_cpp
[0.241s] [ 41%] Built target turtlesim__rosidl_typesupport_fastrtps_cpp
[0.256s] [ 52%] Built target turtlesim__rosidl_typesupport_introspection_c
[0.256s] [ 61%] Built target turtlesim__rosidl_typesupport_c
[0.265s] [ 71%] Built target turtlesim__rosidl_typesupport_fastrtps_c
[0.277s] [ 73%] Built target turtle_teleop_key
[0.279s] [ 75%] Built target draw_square
[0.281s] [ 77%] Built target mimic
[0.285s] [ 83%] Built target turtlesim_node
[0.294s] [ 83%] Built target turtlesim
[0.322s] [ 84%] Built target turtlesim__py
[0.355s] [ 93%] Built target turtlesim__rosidl_generator_py
[0.385s] [ 96%] Built target turtlesim__rosidl_typesupport_introspection_c__pyext
[0.385s] [ 97%] Built target turtlesim__rosidl_typesupport_c__pyext
[0.385s] [100%] Built target turtlesim__rosidl_typesupport_fastrtps_c__pyext
[0.480s] running egg_info
[0.480s] writing turtlesim.egg-info/PKG-INFO
[0.480s] writing dependency_links to turtlesim.egg-info/dependency_links.txt
[0.481s] writing top-level names to turtlesim.egg-info/top_level.txt
[0.483s] reading manifest file 'turtlesim.egg-info/SOURCES.txt'
[0.483s] writing manifest file 'turtlesim.egg-info/SOURCES.txt'
[0.514s] [100%] Built target ament_cmake_python_build_turtlesim_egg
