[0.330s] Invoking command in '/home/sunny/catkin_ws/build/uuv_control_utils': CMAKE_PREFIX_PATH=/home/sunny/catkin_ws/install/uuv_trajectory_control:/home/sunny/catkin_ws/install/uuv_assistants:/home/sunny/catkin_ws/install/uuv_world_ros_plugins_msgs:/home/sunny/catkin_ws/install/uuv_gazebo_ros_plugins_msgs:/home/sunny/catkin_ws/install/uuv_control_msgs:/home/sunny/catkin_ws/install/plankton_utils:/home/sunny/catkin_ws/install/uuv_world_plugins:/home/sunny/catkin_ws/install/uuv_tutorial_seabed_world:/home/sunny/catkin_ws/install/uuv_thruster_manager:/home/sunny/catkin_ws/install/uuv_sensor_ros_plugins_msgs:/home/sunny/catkin_ws/install/uuv_gazebo_worlds:/home/sunny/catkin_ws/install/uuv_gazebo_plugins:/home/sunny/catkin_ws/install/uuv_gazebo:/home/sunny/catkin_ws/install/uuv_control_cascaded_pid:/home/sunny/catkin_ws/install/uuv_auv_control_allocator:/home/sunny/catkin_ws/install/turtlesim:/home/sunny/catkin_ws/install/common_msgs:/home/sunny/catkin_ws/install/beluga_simulator:/home/sunny/catkin_ws/install/beluga_adapter:/opt/ros/humble LD_LIBRARY_PATH=/home/sunny/catkin_ws/install/uuv_world_ros_plugins_msgs/lib:/home/sunny/catkin_ws/install/uuv_gazebo_ros_plugins_msgs/lib:/home/sunny/catkin_ws/install/uuv_control_msgs/lib:/home/sunny/catkin_ws/install/uuv_world_plugins/lib:/home/sunny/catkin_ws/install/uuv_thruster_manager/lib:/home/sunny/catkin_ws/install/uuv_sensor_ros_plugins_msgs/lib:/home/sunny/catkin_ws/install/uuv_gazebo_plugins/lib:/home/sunny/catkin_ws/install/uuv_auv_control_allocator/lib:/home/sunny/catkin_ws/install/turtlesim/lib:/home/sunny/catkin_ws/install/common_msgs/lib:/opt/ros/humble/opt/rviz_ogre_vendor/lib:/opt/ros/humble/lib/x86_64-linux-gnu:/opt/ros/humble/lib:/usr/lib/x86_64-linux-gnu/gazebo-11/plugins /usr/bin/cmake --build /home/sunny/catkin_ws/build/uuv_control_utils -- -j16 -l16
[0.524s] Invoked command in '/home/sunny/catkin_ws/build/uuv_control_utils' returned '0': CMAKE_PREFIX_PATH=/home/sunny/catkin_ws/install/uuv_trajectory_control:/home/sunny/catkin_ws/install/uuv_assistants:/home/sunny/catkin_ws/install/uuv_world_ros_plugins_msgs:/home/sunny/catkin_ws/install/uuv_gazebo_ros_plugins_msgs:/home/sunny/catkin_ws/install/uuv_control_msgs:/home/sunny/catkin_ws/install/plankton_utils:/home/sunny/catkin_ws/install/uuv_world_plugins:/home/sunny/catkin_ws/install/uuv_tutorial_seabed_world:/home/sunny/catkin_ws/install/uuv_thruster_manager:/home/sunny/catkin_ws/install/uuv_sensor_ros_plugins_msgs:/home/sunny/catkin_ws/install/uuv_gazebo_worlds:/home/sunny/catkin_ws/install/uuv_gazebo_plugins:/home/sunny/catkin_ws/install/uuv_gazebo:/home/sunny/catkin_ws/install/uuv_control_cascaded_pid:/home/sunny/catkin_ws/install/uuv_auv_control_allocator:/home/sunny/catkin_ws/install/turtlesim:/home/sunny/catkin_ws/install/common_msgs:/home/sunny/catkin_ws/install/beluga_simulator:/home/sunny/catkin_ws/install/beluga_adapter:/opt/ros/humble LD_LIBRARY_PATH=/home/sunny/catkin_ws/install/uuv_world_ros_plugins_msgs/lib:/home/sunny/catkin_ws/install/uuv_gazebo_ros_plugins_msgs/lib:/home/sunny/catkin_ws/install/uuv_control_msgs/lib:/home/sunny/catkin_ws/install/uuv_world_plugins/lib:/home/sunny/catkin_ws/install/uuv_thruster_manager/lib:/home/sunny/catkin_ws/install/uuv_sensor_ros_plugins_msgs/lib:/home/sunny/catkin_ws/install/uuv_gazebo_plugins/lib:/home/sunny/catkin_ws/install/uuv_auv_control_allocator/lib:/home/sunny/catkin_ws/install/turtlesim/lib:/home/sunny/catkin_ws/install/common_msgs/lib:/opt/ros/humble/opt/rviz_ogre_vendor/lib:/opt/ros/humble/lib/x86_64-linux-gnu:/opt/ros/humble/lib:/usr/lib/x86_64-linux-gnu/gazebo-11/plugins /usr/bin/cmake --build /home/sunny/catkin_ws/build/uuv_control_utils -- -j16 -l16
[0.733s] Invoking command in '/home/sunny/catkin_ws/build/uuv_control_utils': CMAKE_PREFIX_PATH=/home/sunny/catkin_ws/install/uuv_trajectory_control:/home/sunny/catkin_ws/install/uuv_assistants:/home/sunny/catkin_ws/install/uuv_world_ros_plugins_msgs:/home/sunny/catkin_ws/install/uuv_gazebo_ros_plugins_msgs:/home/sunny/catkin_ws/install/uuv_control_msgs:/home/sunny/catkin_ws/install/plankton_utils:/home/sunny/catkin_ws/install/uuv_world_plugins:/home/sunny/catkin_ws/install/uuv_tutorial_seabed_world:/home/sunny/catkin_ws/install/uuv_thruster_manager:/home/sunny/catkin_ws/install/uuv_sensor_ros_plugins_msgs:/home/sunny/catkin_ws/install/uuv_gazebo_worlds:/home/sunny/catkin_ws/install/uuv_gazebo_plugins:/home/sunny/catkin_ws/install/uuv_gazebo:/home/sunny/catkin_ws/install/uuv_control_cascaded_pid:/home/sunny/catkin_ws/install/uuv_auv_control_allocator:/home/sunny/catkin_ws/install/turtlesim:/home/sunny/catkin_ws/install/common_msgs:/home/sunny/catkin_ws/install/beluga_simulator:/home/sunny/catkin_ws/install/beluga_adapter:/opt/ros/humble LD_LIBRARY_PATH=/home/sunny/catkin_ws/install/uuv_world_ros_plugins_msgs/lib:/home/sunny/catkin_ws/install/uuv_gazebo_ros_plugins_msgs/lib:/home/sunny/catkin_ws/install/uuv_control_msgs/lib:/home/sunny/catkin_ws/install/uuv_world_plugins/lib:/home/sunny/catkin_ws/install/uuv_thruster_manager/lib:/home/sunny/catkin_ws/install/uuv_sensor_ros_plugins_msgs/lib:/home/sunny/catkin_ws/install/uuv_gazebo_plugins/lib:/home/sunny/catkin_ws/install/uuv_auv_control_allocator/lib:/home/sunny/catkin_ws/install/turtlesim/lib:/home/sunny/catkin_ws/install/common_msgs/lib:/opt/ros/humble/opt/rviz_ogre_vendor/lib:/opt/ros/humble/lib/x86_64-linux-gnu:/opt/ros/humble/lib:/usr/lib/x86_64-linux-gnu/gazebo-11/plugins /usr/bin/cmake --install /home/sunny/catkin_ws/build/uuv_control_utils
[0.760s] -- Install configuration: ""
[0.761s] -- Up-to-date: /home/sunny/catkin_ws/install/uuv_control_utils/lib/uuv_control_utils/set_timed_current_perturbation.py
[0.762s] -- Up-to-date: /home/sunny/catkin_ws/install/uuv_control_utils/lib/uuv_control_utils/apply_link_wrench.py
[0.763s] -- Up-to-date: /home/sunny/catkin_ws/install/uuv_control_utils/lib/uuv_control_utils/disturbance_manager.py
[0.763s] -- Up-to-date: /home/sunny/catkin_ws/install/uuv_control_utils/lib/uuv_control_utils/start_helical_trajectory.py
[0.764s] -- Up-to-date: /home/sunny/catkin_ws/install/uuv_control_utils/lib/uuv_control_utils/start_circular_trajectory.py
[0.765s] -- Up-to-date: /home/sunny/catkin_ws/install/uuv_control_utils/lib/uuv_control_utils/set_thruster_state.py
[0.766s] -- Up-to-date: /home/sunny/catkin_ws/install/uuv_control_utils/lib/uuv_control_utils/trajectory_marker_publisher.py
[0.767s] -- Up-to-date: /home/sunny/catkin_ws/install/uuv_control_utils/lib/uuv_control_utils/set_thruster_output_efficiency.py
[0.768s] -- Up-to-date: /home/sunny/catkin_ws/install/uuv_control_utils/lib/uuv_control_utils/send_waypoint_file.py
[0.769s] -- Up-to-date: /home/sunny/catkin_ws/install/uuv_control_utils/lib/uuv_control_utils/set_gm_current_perturbation.py
[0.769s] -- Up-to-date: /home/sunny/catkin_ws/install/uuv_control_utils/lib/uuv_control_utils/set_scalar_parameter.py
[0.770s] -- Up-to-date: /home/sunny/catkin_ws/install/uuv_control_utils/share/uuv_control_utils/launch
[0.771s] -- Up-to-date: /home/sunny/catkin_ws/install/uuv_control_utils/share/uuv_control_utils/launch/set_timed_current_perturbation.launch
[0.772s] -- Up-to-date: /home/sunny/catkin_ws/install/uuv_control_utils/share/uuv_control_utils/launch/set_thruster_state.launch
[0.773s] -- Up-to-date: /home/sunny/catkin_ws/install/uuv_control_utils/share/uuv_control_utils/launch/start_circular_trajectory.launch
[0.774s] -- Up-to-date: /home/sunny/catkin_ws/install/uuv_control_utils/share/uuv_control_utils/launch/start_helical_trajectory.launch
[0.775s] -- Up-to-date: /home/sunny/catkin_ws/install/uuv_control_utils/share/uuv_control_utils/launch/set_scalar_parameter.launch
[0.776s] -- Up-to-date: /home/sunny/catkin_ws/install/uuv_control_utils/share/uuv_control_utils/launch/set_gm_current_perturbation.launch
[0.776s] -- Up-to-date: /home/sunny/catkin_ws/install/uuv_control_utils/share/uuv_control_utils/launch/send_waypoints_file.launch
[0.777s] -- Up-to-date: /home/sunny/catkin_ws/install/uuv_control_utils/share/uuv_control_utils/launch/start_disturbance_manager.launch
[0.778s] -- Up-to-date: /home/sunny/catkin_ws/install/uuv_control_utils/share/uuv_control_utils/launch/set_thruster_output_efficiency.launch
[0.779s] -- Up-to-date: /home/sunny/catkin_ws/install/uuv_control_utils/share/uuv_control_utils/launch/apply_link_wrench.launch
[0.780s] -- Up-to-date: /home/sunny/catkin_ws/install/uuv_control_utils/share/uuv_control_utils/config
[0.781s] -- Up-to-date: /home/sunny/catkin_ws/install/uuv_control_utils/share/uuv_control_utils/config/example_disturbances.yaml
[0.782s] -- Up-to-date: /home/sunny/catkin_ws/install/uuv_control_utils/share/uuv_control_utils/config/example_waypoints.yaml
[0.783s] -- Up-to-date: /home/sunny/catkin_ws/install/uuv_control_utils/share/ament_index/resource_index/package_run_dependencies/uuv_control_utils
[0.784s] -- Up-to-date: /home/sunny/catkin_ws/install/uuv_control_utils/share/ament_index/resource_index/parent_prefix_path/uuv_control_utils
[0.784s] -- Up-to-date: /home/sunny/catkin_ws/install/uuv_control_utils/share/uuv_control_utils/environment/ament_prefix_path.sh
[0.785s] -- Up-to-date: /home/sunny/catkin_ws/install/uuv_control_utils/share/uuv_control_utils/environment/ament_prefix_path.dsv
[0.786s] -- Up-to-date: /home/sunny/catkin_ws/install/uuv_control_utils/share/uuv_control_utils/environment/path.sh
[0.786s] -- Up-to-date: /home/sunny/catkin_ws/install/uuv_control_utils/share/uuv_control_utils/environment/path.dsv
[0.787s] -- Up-to-date: /home/sunny/catkin_ws/install/uuv_control_utils/share/uuv_control_utils/local_setup.bash
[0.788s] -- Up-to-date: /home/sunny/catkin_ws/install/uuv_control_utils/share/uuv_control_utils/local_setup.sh
[0.788s] -- Up-to-date: /home/sunny/catkin_ws/install/uuv_control_utils/share/uuv_control_utils/local_setup.zsh
[0.789s] -- Up-to-date: /home/sunny/catkin_ws/install/uuv_control_utils/share/uuv_control_utils/local_setup.dsv
[0.789s] -- Installing: /home/sunny/catkin_ws/install/uuv_control_utils/share/uuv_control_utils/package.dsv
[0.791s] -- Up-to-date: /home/sunny/catkin_ws/install/uuv_control_utils/share/ament_index/resource_index/packages/uuv_control_utils
[0.792s] -- Up-to-date: /home/sunny/catkin_ws/install/uuv_control_utils/share/uuv_control_utils/cmake/uuv_control_utilsConfig.cmake
[0.792s] -- Up-to-date: /home/sunny/catkin_ws/install/uuv_control_utils/share/uuv_control_utils/cmake/uuv_control_utilsConfig-version.cmake
[0.793s] -- Up-to-date: /home/sunny/catkin_ws/install/uuv_control_utils/share/uuv_control_utils/package.xml
[0.799s] Invoked command in '/home/sunny/catkin_ws/build/uuv_control_utils' returned '0': CMAKE_PREFIX_PATH=/home/sunny/catkin_ws/install/uuv_trajectory_control:/home/sunny/catkin_ws/install/uuv_assistants:/home/sunny/catkin_ws/install/uuv_world_ros_plugins_msgs:/home/sunny/catkin_ws/install/uuv_gazebo_ros_plugins_msgs:/home/sunny/catkin_ws/install/uuv_control_msgs:/home/sunny/catkin_ws/install/plankton_utils:/home/sunny/catkin_ws/install/uuv_world_plugins:/home/sunny/catkin_ws/install/uuv_tutorial_seabed_world:/home/sunny/catkin_ws/install/uuv_thruster_manager:/home/sunny/catkin_ws/install/uuv_sensor_ros_plugins_msgs:/home/sunny/catkin_ws/install/uuv_gazebo_worlds:/home/sunny/catkin_ws/install/uuv_gazebo_plugins:/home/sunny/catkin_ws/install/uuv_gazebo:/home/sunny/catkin_ws/install/uuv_control_cascaded_pid:/home/sunny/catkin_ws/install/uuv_auv_control_allocator:/home/sunny/catkin_ws/install/turtlesim:/home/sunny/catkin_ws/install/common_msgs:/home/sunny/catkin_ws/install/beluga_simulator:/home/sunny/catkin_ws/install/beluga_adapter:/opt/ros/humble LD_LIBRARY_PATH=/home/sunny/catkin_ws/install/uuv_world_ros_plugins_msgs/lib:/home/sunny/catkin_ws/install/uuv_gazebo_ros_plugins_msgs/lib:/home/sunny/catkin_ws/install/uuv_control_msgs/lib:/home/sunny/catkin_ws/install/uuv_world_plugins/lib:/home/sunny/catkin_ws/install/uuv_thruster_manager/lib:/home/sunny/catkin_ws/install/uuv_sensor_ros_plugins_msgs/lib:/home/sunny/catkin_ws/install/uuv_gazebo_plugins/lib:/home/sunny/catkin_ws/install/uuv_auv_control_allocator/lib:/home/sunny/catkin_ws/install/turtlesim/lib:/home/sunny/catkin_ws/install/common_msgs/lib:/opt/ros/humble/opt/rviz_ogre_vendor/lib:/opt/ros/humble/lib/x86_64-linux-gnu:/opt/ros/humble/lib:/usr/lib/x86_64-linux-gnu/gazebo-11/plugins /usr/bin/cmake --install /home/sunny/catkin_ws/build/uuv_control_utils
