[0.667s] Invoking command in '/home/sunny/catkin_ws/build/plankton_utils': CMAKE_PREFIX_PATH=${CMAKE_PREFIX_PATH}:/home/sunny/catkin_ws/install/beluga_adapter:/opt/ros/humble /usr/bin/cmake /home/sunny/catkin_ws/src/Plankton/plankton_utils -DCMAKE_INSTALL_PREFIX=/home/sunny/catkin_ws/install/plankton_utils
[0.773s] -- The C compiler identification is GNU 11.4.0
[0.887s] -- The CXX compiler identification is GNU 11.4.0
[0.897s] -- Detecting C compiler ABI info
[1.008s] -- Detecting C compiler ABI info - done
[1.024s] -- Check for working C compiler: /usr/bin/cc - skipped
[1.024s] -- Detecting C compile features
[1.025s] -- Detecting C compile features - done
[1.025s] -- Detecting CXX compiler ABI info
[1.135s] -- Detecting CXX compiler ABI info - done
[1.144s] -- Check for working CXX compiler: /usr/bin/c++ - skipped
[1.144s] -- Detecting CXX compile features
[1.145s] -- Detecting CXX compile features - done
[1.150s] -- Found ament_cmake: 1.3.6 (/opt/ros/humble/share/ament_cmake/cmake)
[1.387s] -- Found Python3: /usr/bin/python3.10 (found version "3.10.12") found components: Interpreter 
[1.514s] -- Found ament_cmake_pytest: 1.3.6 (/opt/ros/humble/share/ament_cmake_pytest/cmake)
[1.518s] -- Found rclcpp: 16.0.7 (/opt/ros/humble/share/rclcpp/cmake)
[1.602s] -- Found rosidl_generator_c: 3.1.5 (/opt/ros/humble/share/rosidl_generator_c/cmake)
[1.604s] -- Found rosidl_adapter: 3.1.5 (/opt/ros/humble/share/rosidl_adapter/cmake)
[1.610s] -- Found rosidl_generator_cpp: 3.1.5 (/opt/ros/humble/share/rosidl_generator_cpp/cmake)
[1.631s] -- Using all available rosidl_typesupport_c: rosidl_typesupport_fastrtps_c;rosidl_typesupport_introspection_c
[1.662s] -- Using all available rosidl_typesupport_cpp: rosidl_typesupport_fastrtps_cpp;rosidl_typesupport_introspection_cpp
[1.771s] -- Found rmw_implementation_cmake: 6.1.1 (/opt/ros/humble/share/rmw_implementation_cmake/cmake)
[1.775s] -- Found rmw_fastrtps_cpp: 6.2.5 (/opt/ros/humble/share/rmw_fastrtps_cpp/cmake)
[1.934s] -- Found OpenSSL: /usr/lib/x86_64-linux-gnu/libcrypto.so (found version "3.0.2")  
[1.971s] -- Found FastRTPS: /opt/ros/humble/include  
[2.052s] -- Using RMW implementation 'rmw_fastrtps_cpp' as default
[2.068s] -- Looking for pthread.h
[2.158s] -- Looking for pthread.h - found
[2.158s] -- Performing Test CMAKE_HAVE_LIBC_PTHREAD
[2.272s] -- Performing Test CMAKE_HAVE_LIBC_PTHREAD - Success
[2.273s] -- Found Threads: TRUE  
[2.565s] -- Found ament_lint_auto: 0.12.9 (/opt/ros/humble/share/ament_lint_auto/cmake)
[3.454s] -- Configuring done
[3.489s] -- Generating done
[3.496s] -- Build files have been written to: /home/sunny/catkin_ws/build/plankton_utils
[3.508s] Invoked command in '/home/sunny/catkin_ws/build/plankton_utils' returned '0': CMAKE_PREFIX_PATH=${CMAKE_PREFIX_PATH}:/home/sunny/catkin_ws/install/beluga_adapter:/opt/ros/humble /usr/bin/cmake /home/sunny/catkin_ws/src/Plankton/plankton_utils -DCMAKE_INSTALL_PREFIX=/home/sunny/catkin_ws/install/plankton_utils
[3.508s] Invoking command in '/home/sunny/catkin_ws/build/plankton_utils': CMAKE_PREFIX_PATH=${CMAKE_PREFIX_PATH}:/home/sunny/catkin_ws/install/beluga_adapter:/opt/ros/humble /usr/bin/cmake --build /home/sunny/catkin_ws/build/plankton_utils -- -j16 -l16
[3.639s] [ 50%] [32mBuilding CXX object CMakeFiles/plankton_global_sim_time.dir/src/globalSimTime.cpp.o[0m
[3.663s] [ 50%] Built target ament_cmake_python_copy_plankton_utils
[4.305s] running egg_info
[4.306s] creating plankton_utils.egg-info
[4.307s] writing plankton_utils.egg-info/PKG-INFO
[4.307s] writing dependency_links to plankton_utils.egg-info/dependency_links.txt
[4.307s] writing top-level names to plankton_utils.egg-info/top_level.txt
[4.307s] writing manifest file 'plankton_utils.egg-info/SOURCES.txt'
[4.334s] reading manifest file 'plankton_utils.egg-info/SOURCES.txt'
[4.335s] writing manifest file 'plankton_utils.egg-info/SOURCES.txt'
[4.455s] [ 50%] Built target ament_cmake_python_build_plankton_utils_egg
[14.600s] [100%] [32m[1mLinking CXX executable plankton_global_sim_time[0m
[15.232s] [100%] Built target plankton_global_sim_time
[15.290s] Invoked command in '/home/sunny/catkin_ws/build/plankton_utils' returned '0': CMAKE_PREFIX_PATH=${CMAKE_PREFIX_PATH}:/home/sunny/catkin_ws/install/beluga_adapter:/opt/ros/humble /usr/bin/cmake --build /home/sunny/catkin_ws/build/plankton_utils -- -j16 -l16
[15.657s] Invoking command in '/home/sunny/catkin_ws/build/plankton_utils': CMAKE_PREFIX_PATH=${CMAKE_PREFIX_PATH}:/home/sunny/catkin_ws/install/beluga_adapter:/opt/ros/humble /usr/bin/cmake --install /home/sunny/catkin_ws/build/plankton_utils
[15.687s] -- Install configuration: ""
[15.687s] -- Installing: /home/sunny/catkin_ws/install/plankton_utils/lib/plankton_utils/plankton_global_sim_time
[15.688s] -- Set runtime path of "/home/sunny/catkin_ws/install/plankton_utils/lib/plankton_utils/plankton_global_sim_time" to ""
[15.689s] -- Installing: /home/sunny/catkin_ws/install/plankton_utils/share/plankton_utils/environment/pythonpath.sh
[15.689s] -- Installing: /home/sunny/catkin_ws/install/plankton_utils/share/plankton_utils/environment/pythonpath.dsv
[15.690s] -- Installing: /home/sunny/catkin_ws/install/plankton_utils/local/lib/python3.10/dist-packages/plankton_utils-0.6.1-py3.10.egg-info
[15.691s] -- Installing: /home/sunny/catkin_ws/install/plankton_utils/local/lib/python3.10/dist-packages/plankton_utils-0.6.1-py3.10.egg-info/PKG-INFO
[15.692s] -- Installing: /home/sunny/catkin_ws/install/plankton_utils/local/lib/python3.10/dist-packages/plankton_utils-0.6.1-py3.10.egg-info/SOURCES.txt
[15.696s] -- Installing: /home/sunny/catkin_ws/install/plankton_utils/local/lib/python3.10/dist-packages/plankton_utils-0.6.1-py3.10.egg-info/top_level.txt
[15.697s] -- Installing: /home/sunny/catkin_ws/install/plankton_utils/local/lib/python3.10/dist-packages/plankton_utils-0.6.1-py3.10.egg-info/dependency_links.txt
[15.698s] -- Installing: /home/sunny/catkin_ws/install/plankton_utils/local/lib/python3.10/dist-packages/plankton_utils
[15.698s] -- Installing: /home/sunny/catkin_ws/install/plankton_utils/local/lib/python3.10/dist-packages/plankton_utils/__init__.py
[15.699s] -- Installing: /home/sunny/catkin_ws/install/plankton_utils/local/lib/python3.10/dist-packages/plankton_utils/time.py
[15.700s] -- Installing: /home/sunny/catkin_ws/install/plankton_utils/local/lib/python3.10/dist-packages/plankton_utils/param_helper.py
[15.840s] Listing '/home/sunny/catkin_ws/install/plankton_utils/local/lib/python3.10/dist-packages/plankton_utils'...
[15.841s] Compiling '/home/sunny/catkin_ws/install/plankton_utils/local/lib/python3.10/dist-packages/plankton_utils/__init__.py'...
[15.842s] Compiling '/home/sunny/catkin_ws/install/plankton_utils/local/lib/python3.10/dist-packages/plankton_utils/param_helper.py'...
[15.843s] Compiling '/home/sunny/catkin_ws/install/plankton_utils/local/lib/python3.10/dist-packages/plankton_utils/time.py'...
[15.876s] -- Installing: /home/sunny/catkin_ws/install/plankton_utils/share/ament_index/resource_index/package_run_dependencies/plankton_utils
[15.877s] -- Installing: /home/sunny/catkin_ws/install/plankton_utils/share/ament_index/resource_index/parent_prefix_path/plankton_utils
[15.878s] -- Installing: /home/sunny/catkin_ws/install/plankton_utils/share/plankton_utils/environment/ament_prefix_path.sh
[15.879s] -- Installing: /home/sunny/catkin_ws/install/plankton_utils/share/plankton_utils/environment/ament_prefix_path.dsv
[15.879s] -- Installing: /home/sunny/catkin_ws/install/plankton_utils/share/plankton_utils/environment/path.sh
[15.880s] -- Installing: /home/sunny/catkin_ws/install/plankton_utils/share/plankton_utils/environment/path.dsv
[15.881s] -- Installing: /home/sunny/catkin_ws/install/plankton_utils/share/plankton_utils/local_setup.bash
[15.882s] -- Installing: /home/sunny/catkin_ws/install/plankton_utils/share/plankton_utils/local_setup.sh
[15.883s] -- Installing: /home/sunny/catkin_ws/install/plankton_utils/share/plankton_utils/local_setup.zsh
[15.888s] -- Installing: /home/sunny/catkin_ws/install/plankton_utils/share/plankton_utils/local_setup.dsv
[15.889s] -- Installing: /home/sunny/catkin_ws/install/plankton_utils/share/plankton_utils/package.dsv
[15.890s] -- Installing: /home/sunny/catkin_ws/install/plankton_utils/share/ament_index/resource_index/packages/plankton_utils
[15.891s] -- Installing: /home/sunny/catkin_ws/install/plankton_utils/share/plankton_utils/cmake/plankton_utilsConfig.cmake
[15.891s] -- Installing: /home/sunny/catkin_ws/install/plankton_utils/share/plankton_utils/cmake/plankton_utilsConfig-version.cmake
[15.892s] -- Installing: /home/sunny/catkin_ws/install/plankton_utils/share/plankton_utils/package.xml
[15.892s] Invoked command in '/home/sunny/catkin_ws/build/plankton_utils' returned '0': CMAKE_PREFIX_PATH=${CMAKE_PREFIX_PATH}:/home/sunny/catkin_ws/install/beluga_adapter:/opt/ros/humble /usr/bin/cmake --install /home/sunny/catkin_ws/build/plankton_utils
