[0.303s] Invoking command in '/home/sunny/catkin_ws/build/uuv_sensor_ros_plugins': CMAKE_PREFIX_PATH=/home/sunny/catkin_ws/install/uuv_sensor_ros_plugins_msgs:/home/sunny/catkin_ws/install/uuv_gazebo_plugins:/home/sunny/catkin_ws/install/uuv_control_utils:/home/sunny/catkin_ws/install/uuv_world_ros_plugins_msgs:/home/sunny/catkin_ws/install/uuv_world_plugins:/home/sunny/catkin_ws/install/uuv_tutorial_seabed_world:/home/sunny/catkin_ws/install/uuv_trajectory_control:/home/sunny/catkin_ws/install/uuv_thruster_manager:/home/sunny/catkin_ws/install/uuv_gazebo_worlds:/home/sunny/catkin_ws/install/uuv_gazebo_ros_plugins_msgs:/home/sunny/catkin_ws/install/uuv_gazebo:/home/sunny/catkin_ws/install/uuv_control_msgs:/home/sunny/catkin_ws/install/uuv_control_cascaded_pid:/home/sunny/catkin_ws/install/uuv_auv_control_allocator:/home/sunny/catkin_ws/install/uuv_assistants:/home/sunny/catkin_ws/install/plankton_utils:/home/sunny/catkin_ws/install/turtlesim:/home/sunny/catkin_ws/install/common_msgs:/home/sunny/catkin_ws/install/beluga_simulator:/home/sunny/catkin_ws/install/beluga_adapter:/opt/ros/humble LD_LIBRARY_PATH=/home/sunny/catkin_ws/install/uuv_sensor_ros_plugins_msgs/lib:/home/sunny/catkin_ws/install/uuv_gazebo_plugins/lib:/home/sunny/catkin_ws/install/uuv_world_ros_plugins_msgs/lib:/home/sunny/catkin_ws/install/uuv_world_plugins/lib:/home/sunny/catkin_ws/install/uuv_thruster_manager/lib:/home/sunny/catkin_ws/install/uuv_gazebo_ros_plugins_msgs/lib:/home/sunny/catkin_ws/install/uuv_control_msgs/lib:/home/sunny/catkin_ws/install/uuv_auv_control_allocator/lib:/home/sunny/catkin_ws/install/turtlesim/lib:/home/sunny/catkin_ws/install/common_msgs/lib:/opt/ros/humble/opt/rviz_ogre_vendor/lib:/opt/ros/humble/lib/x86_64-linux-gnu:/opt/ros/humble/lib:/usr/lib/x86_64-linux-gnu/gazebo-11/plugins:/usr/lib/x86_64-linux-gnu/gazebo-11/plugins:/usr/lib/x86_64-linux-gnu/gazebo-11/plugins /usr/bin/cmake --build /home/sunny/catkin_ws/build/uuv_sensor_ros_plugins -- -j16 -l16
[0.366s] [35m[1mConsolidate compiler generated dependencies of target uuv_sensor_gazebo_msgs[0m
[0.390s] [ 26%] Built target uuv_sensor_gazebo_msgs
[0.403s] [35m[1mConsolidate compiler generated dependencies of target image_sonar_ros_plugin[0m
[0.415s] [ 29%] Built target image_sonar_ros_plugin
[0.441s] [35m[1mConsolidate compiler generated dependencies of target uuv_gazebo_ros_rpt_plugin[0m
[0.521s] [ 31%] [32mBuilding CXX object CMakeFiles/uuv_gazebo_ros_rpt_plugin.dir/src/ROSBasePlugin.cpp.o[0m
[17.188s] [ 33%] [32mBuilding CXX object CMakeFiles/uuv_gazebo_ros_rpt_plugin.dir/src/ROSBaseModelPlugin.cpp.o[0m
[30.454s] [ 35%] [32m[1mLinking CXX shared library libuuv_gazebo_ros_rpt_plugin.so[0m
[31.645s] [ 36%] Built target uuv_gazebo_ros_rpt_plugin
[31.661s] [35m[1mConsolidate compiler generated dependencies of target uuv_gazebo_ros_camera_plugin[0m
[31.671s] [35m[1mConsolidate compiler generated dependencies of target uuv_gazebo_ros_imu_plugin[0m
[31.675s] [ 40%] Built target uuv_gazebo_ros_camera_plugin
[31.679s] [35m[1mConsolidate compiler generated dependencies of target uuv_gazebo_ros_base_model_plugin[0m
[31.679s] [35m[1mConsolidate compiler generated dependencies of target uuv_gazebo_ros_magnetometer_plugin[0m
[31.682s] [35m[1mConsolidate compiler generated dependencies of target uuv_gazebo_ros_gps_plugin[0m
[31.684s] [35m[1mConsolidate compiler generated dependencies of target uuv_gazebo_ros_base_sensor_plugin[0m
[31.685s] [35m[1mConsolidate compiler generated dependencies of target uuv_gazebo_ros_pose_gt_plugin[0m
[31.686s] [35m[1mConsolidate compiler generated dependencies of target uuv_gazebo_ros_cpc_plugin[0m
[31.686s] [35m[1mConsolidate compiler generated dependencies of target uuv_gazebo_ros_dvl_plugin[0m
[31.689s] [35m[1mConsolidate compiler generated dependencies of target uuv_gazebo_ros_subsea_pressure_plugin[0m
[31.755s] [ 42%] [32mBuilding CXX object CMakeFiles/uuv_gazebo_ros_imu_plugin.dir/src/IMUROSPlugin.cpp.o[0m
[31.756s] [ 45%] [32mBuilding CXX object CMakeFiles/uuv_gazebo_ros_imu_plugin.dir/src/ROSBaseModelPlugin.cpp.o[0m
[31.756s] [ 45%] [32mBuilding CXX object CMakeFiles/uuv_gazebo_ros_imu_plugin.dir/src/ROSBasePlugin.cpp.o[0m
[31.758s] [ 52%] Built target uuv_gazebo_ros_cpc_plugin
[31.759s] [ 59%] Built target uuv_gazebo_ros_magnetometer_plugin
[31.759s] [ 64%] Built target uuv_gazebo_ros_base_model_plugin
[31.760s] [ 71%] Built target uuv_gazebo_ros_pose_gt_plugin
[31.762s] [ 78%] Built target uuv_gazebo_ros_base_sensor_plugin
[31.762s] [ 84%] Built target uuv_gazebo_ros_dvl_plugin
[31.772s] [ 91%] Built target uuv_gazebo_ros_gps_plugin
[31.780s] [ 98%] Built target uuv_gazebo_ros_subsea_pressure_plugin
[48.586s] [100%] [32m[1mLinking CXX shared library libuuv_gazebo_ros_imu_plugin.so[0m
[49.585s] [100%] Built target uuv_gazebo_ros_imu_plugin
[49.599s] Invoked command in '/home/sunny/catkin_ws/build/uuv_sensor_ros_plugins' returned '0': CMAKE_PREFIX_PATH=/home/sunny/catkin_ws/install/uuv_sensor_ros_plugins_msgs:/home/sunny/catkin_ws/install/uuv_gazebo_plugins:/home/sunny/catkin_ws/install/uuv_control_utils:/home/sunny/catkin_ws/install/uuv_world_ros_plugins_msgs:/home/sunny/catkin_ws/install/uuv_world_plugins:/home/sunny/catkin_ws/install/uuv_tutorial_seabed_world:/home/sunny/catkin_ws/install/uuv_trajectory_control:/home/sunny/catkin_ws/install/uuv_thruster_manager:/home/sunny/catkin_ws/install/uuv_gazebo_worlds:/home/sunny/catkin_ws/install/uuv_gazebo_ros_plugins_msgs:/home/sunny/catkin_ws/install/uuv_gazebo:/home/sunny/catkin_ws/install/uuv_control_msgs:/home/sunny/catkin_ws/install/uuv_control_cascaded_pid:/home/sunny/catkin_ws/install/uuv_auv_control_allocator:/home/sunny/catkin_ws/install/uuv_assistants:/home/sunny/catkin_ws/install/plankton_utils:/home/sunny/catkin_ws/install/turtlesim:/home/sunny/catkin_ws/install/common_msgs:/home/sunny/catkin_ws/install/beluga_simulator:/home/sunny/catkin_ws/install/beluga_adapter:/opt/ros/humble LD_LIBRARY_PATH=/home/sunny/catkin_ws/install/uuv_sensor_ros_plugins_msgs/lib:/home/sunny/catkin_ws/install/uuv_gazebo_plugins/lib:/home/sunny/catkin_ws/install/uuv_world_ros_plugins_msgs/lib:/home/sunny/catkin_ws/install/uuv_world_plugins/lib:/home/sunny/catkin_ws/install/uuv_thruster_manager/lib:/home/sunny/catkin_ws/install/uuv_gazebo_ros_plugins_msgs/lib:/home/sunny/catkin_ws/install/uuv_control_msgs/lib:/home/sunny/catkin_ws/install/uuv_auv_control_allocator/lib:/home/sunny/catkin_ws/install/turtlesim/lib:/home/sunny/catkin_ws/install/common_msgs/lib:/opt/ros/humble/opt/rviz_ogre_vendor/lib:/opt/ros/humble/lib/x86_64-linux-gnu:/opt/ros/humble/lib:/usr/lib/x86_64-linux-gnu/gazebo-11/plugins:/usr/lib/x86_64-linux-gnu/gazebo-11/plugins:/usr/lib/x86_64-linux-gnu/gazebo-11/plugins /usr/bin/cmake --build /home/sunny/catkin_ws/build/uuv_sensor_ros_plugins -- -j16 -l16
[49.713s] Invoking command in '/home/sunny/catkin_ws/build/uuv_sensor_ros_plugins': CMAKE_PREFIX_PATH=/home/sunny/catkin_ws/install/uuv_sensor_ros_plugins_msgs:/home/sunny/catkin_ws/install/uuv_gazebo_plugins:/home/sunny/catkin_ws/install/uuv_control_utils:/home/sunny/catkin_ws/install/uuv_world_ros_plugins_msgs:/home/sunny/catkin_ws/install/uuv_world_plugins:/home/sunny/catkin_ws/install/uuv_tutorial_seabed_world:/home/sunny/catkin_ws/install/uuv_trajectory_control:/home/sunny/catkin_ws/install/uuv_thruster_manager:/home/sunny/catkin_ws/install/uuv_gazebo_worlds:/home/sunny/catkin_ws/install/uuv_gazebo_ros_plugins_msgs:/home/sunny/catkin_ws/install/uuv_gazebo:/home/sunny/catkin_ws/install/uuv_control_msgs:/home/sunny/catkin_ws/install/uuv_control_cascaded_pid:/home/sunny/catkin_ws/install/uuv_auv_control_allocator:/home/sunny/catkin_ws/install/uuv_assistants:/home/sunny/catkin_ws/install/plankton_utils:/home/sunny/catkin_ws/install/turtlesim:/home/sunny/catkin_ws/install/common_msgs:/home/sunny/catkin_ws/install/beluga_simulator:/home/sunny/catkin_ws/install/beluga_adapter:/opt/ros/humble LD_LIBRARY_PATH=/home/sunny/catkin_ws/install/uuv_sensor_ros_plugins_msgs/lib:/home/sunny/catkin_ws/install/uuv_gazebo_plugins/lib:/home/sunny/catkin_ws/install/uuv_world_ros_plugins_msgs/lib:/home/sunny/catkin_ws/install/uuv_world_plugins/lib:/home/sunny/catkin_ws/install/uuv_thruster_manager/lib:/home/sunny/catkin_ws/install/uuv_gazebo_ros_plugins_msgs/lib:/home/sunny/catkin_ws/install/uuv_control_msgs/lib:/home/sunny/catkin_ws/install/uuv_auv_control_allocator/lib:/home/sunny/catkin_ws/install/turtlesim/lib:/home/sunny/catkin_ws/install/common_msgs/lib:/opt/ros/humble/opt/rviz_ogre_vendor/lib:/opt/ros/humble/lib/x86_64-linux-gnu:/opt/ros/humble/lib:/usr/lib/x86_64-linux-gnu/gazebo-11/plugins:/usr/lib/x86_64-linux-gnu/gazebo-11/plugins:/usr/lib/x86_64-linux-gnu/gazebo-11/plugins /usr/bin/cmake --install /home/sunny/catkin_ws/build/uuv_sensor_ros_plugins
[49.732s] -- Install configuration: ""
[49.732s] -- Installing: /home/sunny/catkin_ws/install/uuv_sensor_ros_plugins/include/uuv_sensor_ros_plugins
[49.732s] -- Installing: /home/sunny/catkin_ws/install/uuv_sensor_ros_plugins/include/uuv_sensor_ros_plugins/vector3d.pb.cc
[49.733s] -- Installing: /home/sunny/catkin_ws/install/uuv_sensor_ros_plugins/include/uuv_sensor_ros_plugins/ament_cmake_environment_hooks
[49.733s] -- Installing: /home/sunny/catkin_ws/install/uuv_sensor_ros_plugins/include/uuv_sensor_ros_plugins/ament_cmake_uninstall_target
[49.733s] -- Installing: /home/sunny/catkin_ws/install/uuv_sensor_ros_plugins/include/uuv_sensor_ros_plugins/SensorImu.pb.h
[49.733s] -- Installing: /home/sunny/catkin_ws/install/uuv_sensor_ros_plugins/include/uuv_sensor_ros_plugins/SensorMagnetic.pb.h
[49.734s] -- Installing: /home/sunny/catkin_ws/install/uuv_sensor_ros_plugins/include/uuv_sensor_ros_plugins/quaternion.pb.cc
[49.734s] -- Installing: /home/sunny/catkin_ws/install/uuv_sensor_ros_plugins/include/uuv_sensor_ros_plugins/SensorMagnetic.pb.cc
[49.735s] -- Installing: /home/sunny/catkin_ws/install/uuv_sensor_ros_plugins/include/uuv_sensor_ros_plugins/SensorDvl.pb.h
[49.735s] -- Installing: /home/sunny/catkin_ws/install/uuv_sensor_ros_plugins/include/uuv_sensor_ros_plugins/CMakeFiles
[49.735s] -- Installing: /home/sunny/catkin_ws/install/uuv_sensor_ros_plugins/include/uuv_sensor_ros_plugins/CMakeFiles/uuv_gazebo_ros_subsea_pressure_plugin.dir
[49.735s] -- Installing: /home/sunny/catkin_ws/install/uuv_sensor_ros_plugins/include/uuv_sensor_ros_plugins/CMakeFiles/uuv_gazebo_ros_subsea_pressure_plugin.dir/src
[49.735s] -- Installing: /home/sunny/catkin_ws/install/uuv_sensor_ros_plugins/include/uuv_sensor_ros_plugins/CMakeFiles/uuv_gazebo_ros_rpt_plugin.dir
[49.735s] -- Installing: /home/sunny/catkin_ws/install/uuv_sensor_ros_plugins/include/uuv_sensor_ros_plugins/CMakeFiles/uuv_gazebo_ros_rpt_plugin.dir/src
[49.735s] -- Installing: /home/sunny/catkin_ws/install/uuv_sensor_ros_plugins/include/uuv_sensor_ros_plugins/CMakeFiles/uuv_gazebo_ros_base_model_plugin.dir
[49.735s] -- Installing: /home/sunny/catkin_ws/install/uuv_sensor_ros_plugins/include/uuv_sensor_ros_plugins/CMakeFiles/uuv_gazebo_ros_base_model_plugin.dir/src
[49.735s] -- Installing: /home/sunny/catkin_ws/install/uuv_sensor_ros_plugins/include/uuv_sensor_ros_plugins/CMakeFiles/uuv_gazebo_ros_pose_gt_plugin.dir
[49.735s] -- Installing: /home/sunny/catkin_ws/install/uuv_sensor_ros_plugins/include/uuv_sensor_ros_plugins/CMakeFiles/uuv_gazebo_ros_pose_gt_plugin.dir/src
[49.736s] -- Installing: /home/sunny/catkin_ws/install/uuv_sensor_ros_plugins/include/uuv_sensor_ros_plugins/CMakeFiles/uuv_sensor_gazebo_msgs.dir
[49.736s] -- Installing: /home/sunny/catkin_ws/install/uuv_sensor_ros_plugins/include/uuv_sensor_ros_plugins/CMakeFiles/uuv_sensor_gazebo_msgs.dir/SensorPressure.pb.cc.o
[49.736s] -- Installing: /home/sunny/catkin_ws/install/uuv_sensor_ros_plugins/include/uuv_sensor_ros_plugins/CMakeFiles/uuv_sensor_gazebo_msgs.dir/quaternion.pb.cc.o
[49.737s] -- Installing: /home/sunny/catkin_ws/install/uuv_sensor_ros_plugins/include/uuv_sensor_ros_plugins/CMakeFiles/uuv_sensor_gazebo_msgs.dir/SensorRpt.pb.cc.o.d
[49.737s] -- Installing: /home/sunny/catkin_ws/install/uuv_sensor_ros_plugins/include/uuv_sensor_ros_plugins/CMakeFiles/uuv_sensor_gazebo_msgs.dir/SensorPressure.pb.cc.o.d
[49.737s] -- Installing: /home/sunny/catkin_ws/install/uuv_sensor_ros_plugins/include/uuv_sensor_ros_plugins/CMakeFiles/uuv_sensor_gazebo_msgs.dir/vector3d.pb.cc.o
[49.738s] -- Installing: /home/sunny/catkin_ws/install/uuv_sensor_ros_plugins/include/uuv_sensor_ros_plugins/CMakeFiles/uuv_sensor_gazebo_msgs.dir/SensorMagnetic.pb.cc.o
[49.738s] -- Installing: /home/sunny/catkin_ws/install/uuv_sensor_ros_plugins/include/uuv_sensor_ros_plugins/CMakeFiles/uuv_sensor_gazebo_msgs.dir/SensorImu.pb.cc.o.d
[49.738s] -- Installing: /home/sunny/catkin_ws/install/uuv_sensor_ros_plugins/include/uuv_sensor_ros_plugins/CMakeFiles/uuv_sensor_gazebo_msgs.dir/SensorMagnetic.pb.cc.o.d
[49.738s] -- Installing: /home/sunny/catkin_ws/install/uuv_sensor_ros_plugins/include/uuv_sensor_ros_plugins/CMakeFiles/uuv_sensor_gazebo_msgs.dir/SensorImu.pb.cc.o
[49.739s] -- Installing: /home/sunny/catkin_ws/install/uuv_sensor_ros_plugins/include/uuv_sensor_ros_plugins/CMakeFiles/uuv_sensor_gazebo_msgs.dir/SensorDvl.pb.cc.o
[49.740s] -- Installing: /home/sunny/catkin_ws/install/uuv_sensor_ros_plugins/include/uuv_sensor_ros_plugins/CMakeFiles/uuv_sensor_gazebo_msgs.dir/SensorRpt.pb.cc.o
[49.740s] -- Installing: /home/sunny/catkin_ws/install/uuv_sensor_ros_plugins/include/uuv_sensor_ros_plugins/CMakeFiles/uuv_sensor_gazebo_msgs.dir/quaternion.pb.cc.o.d
[49.740s] -- Installing: /home/sunny/catkin_ws/install/uuv_sensor_ros_plugins/include/uuv_sensor_ros_plugins/CMakeFiles/uuv_sensor_gazebo_msgs.dir/vector3d.pb.cc.o.d
[49.740s] -- Installing: /home/sunny/catkin_ws/install/uuv_sensor_ros_plugins/include/uuv_sensor_ros_plugins/CMakeFiles/uuv_sensor_gazebo_msgs.dir/SensorDvl.pb.cc.o.d
[49.741s] -- Installing: /home/sunny/catkin_ws/install/uuv_sensor_ros_plugins/include/uuv_sensor_ros_plugins/CMakeFiles/uninstall.dir
[49.741s] -- Installing: /home/sunny/catkin_ws/install/uuv_sensor_ros_plugins/include/uuv_sensor_ros_plugins/CMakeFiles/uuv_gazebo_ros_cpc_plugin.dir
[49.741s] -- Installing: /home/sunny/catkin_ws/install/uuv_sensor_ros_plugins/include/uuv_sensor_ros_plugins/CMakeFiles/uuv_gazebo_ros_cpc_plugin.dir/src
[49.741s] -- Installing: /home/sunny/catkin_ws/install/uuv_sensor_ros_plugins/include/uuv_sensor_ros_plugins/CMakeFiles/uuv_sensor_ros_plugins_uninstall.dir
[49.741s] -- Installing: /home/sunny/catkin_ws/install/uuv_sensor_ros_plugins/include/uuv_sensor_ros_plugins/CMakeFiles/uuv_gazebo_ros_base_sensor_plugin.dir
[49.741s] -- Installing: /home/sunny/catkin_ws/install/uuv_sensor_ros_plugins/include/uuv_sensor_ros_plugins/CMakeFiles/uuv_gazebo_ros_base_sensor_plugin.dir/src
[49.741s] -- Installing: /home/sunny/catkin_ws/install/uuv_sensor_ros_plugins/include/uuv_sensor_ros_plugins/CMakeFiles/image_sonar_ros_plugin.dir
[49.741s] -- Installing: /home/sunny/catkin_ws/install/uuv_sensor_ros_plugins/include/uuv_sensor_ros_plugins/CMakeFiles/image_sonar_ros_plugin.dir/src
[49.741s] -- Installing: /home/sunny/catkin_ws/install/uuv_sensor_ros_plugins/include/uuv_sensor_ros_plugins/CMakeFiles/uuv_gazebo_ros_gps_plugin.dir
[49.742s] -- Installing: /home/sunny/catkin_ws/install/uuv_sensor_ros_plugins/include/uuv_sensor_ros_plugins/CMakeFiles/uuv_gazebo_ros_gps_plugin.dir/src
[49.742s] -- Installing: /home/sunny/catkin_ws/install/uuv_sensor_ros_plugins/include/uuv_sensor_ros_plugins/CMakeFiles/CMakeTmp
[49.742s] -- Installing: /home/sunny/catkin_ws/install/uuv_sensor_ros_plugins/include/uuv_sensor_ros_plugins/CMakeFiles/uuv_gazebo_ros_imu_plugin.dir
[49.742s] -- Installing: /home/sunny/catkin_ws/install/uuv_sensor_ros_plugins/include/uuv_sensor_ros_plugins/CMakeFiles/uuv_gazebo_ros_imu_plugin.dir/src
[49.742s] -- Installing: /home/sunny/catkin_ws/install/uuv_sensor_ros_plugins/include/uuv_sensor_ros_plugins/CMakeFiles/uuv_gazebo_ros_magnetometer_plugin.dir
[49.742s] -- Installing: /home/sunny/catkin_ws/install/uuv_sensor_ros_plugins/include/uuv_sensor_ros_plugins/CMakeFiles/uuv_gazebo_ros_magnetometer_plugin.dir/src
[49.742s] -- Installing: /home/sunny/catkin_ws/install/uuv_sensor_ros_plugins/include/uuv_sensor_ros_plugins/CMakeFiles/uuv_gazebo_ros_camera_plugin.dir
[49.742s] -- Installing: /home/sunny/catkin_ws/install/uuv_sensor_ros_plugins/include/uuv_sensor_ros_plugins/CMakeFiles/uuv_gazebo_ros_camera_plugin.dir/src
[49.742s] -- Installing: /home/sunny/catkin_ws/install/uuv_sensor_ros_plugins/include/uuv_sensor_ros_plugins/CMakeFiles/uuv_gazebo_ros_dvl_plugin.dir
[49.742s] -- Installing: /home/sunny/catkin_ws/install/uuv_sensor_ros_plugins/include/uuv_sensor_ros_plugins/CMakeFiles/uuv_gazebo_ros_dvl_plugin.dir/src
[49.743s] -- Installing: /home/sunny/catkin_ws/install/uuv_sensor_ros_plugins/include/uuv_sensor_ros_plugins/CMakeFiles/3.22.1
[49.743s] -- Installing: /home/sunny/catkin_ws/install/uuv_sensor_ros_plugins/include/uuv_sensor_ros_plugins/CMakeFiles/3.22.1/CompilerIdC
[49.743s] -- Installing: /home/sunny/catkin_ws/install/uuv_sensor_ros_plugins/include/uuv_sensor_ros_plugins/CMakeFiles/3.22.1/CompilerIdC/tmp
[49.743s] -- Installing: /home/sunny/catkin_ws/install/uuv_sensor_ros_plugins/include/uuv_sensor_ros_plugins/CMakeFiles/3.22.1/CompilerIdCXX
[49.743s] -- Installing: /home/sunny/catkin_ws/install/uuv_sensor_ros_plugins/include/uuv_sensor_ros_plugins/CMakeFiles/3.22.1/CompilerIdCXX/tmp
[49.743s] -- Installing: /home/sunny/catkin_ws/install/uuv_sensor_ros_plugins/include/uuv_sensor_ros_plugins/ament_cmake_export_dependencies
[49.743s] -- Installing: /home/sunny/catkin_ws/install/uuv_sensor_ros_plugins/include/uuv_sensor_ros_plugins/SensorRpt.pb.cc
[49.744s] -- Installing: /home/sunny/catkin_ws/install/uuv_sensor_ros_plugins/include/uuv_sensor_ros_plugins/SensorPressure.pb.cc
[49.744s] -- Installing: /home/sunny/catkin_ws/install/uuv_sensor_ros_plugins/include/uuv_sensor_ros_plugins/msgs
[49.744s] -- Installing: /home/sunny/catkin_ws/install/uuv_sensor_ros_plugins/include/uuv_sensor_ros_plugins/vector3d.pb.h
[49.744s] -- Installing: /home/sunny/catkin_ws/install/uuv_sensor_ros_plugins/include/uuv_sensor_ros_plugins/SensorRpt.pb.h
[49.744s] -- Installing: /home/sunny/catkin_ws/install/uuv_sensor_ros_plugins/include/uuv_sensor_ros_plugins/SensorImu.pb.cc
[49.745s] -- Installing: /home/sunny/catkin_ws/install/uuv_sensor_ros_plugins/include/uuv_sensor_ros_plugins/ament_cmake_core
[49.745s] -- Installing: /home/sunny/catkin_ws/install/uuv_sensor_ros_plugins/include/uuv_sensor_ros_plugins/ament_cmake_core/stamps
[49.745s] -- Installing: /home/sunny/catkin_ws/install/uuv_sensor_ros_plugins/include/uuv_sensor_ros_plugins/ament_cmake_package_templates
[49.745s] -- Installing: /home/sunny/catkin_ws/install/uuv_sensor_ros_plugins/include/uuv_sensor_ros_plugins/ament_cmake_export_libraries
[49.745s] -- Installing: /home/sunny/catkin_ws/install/uuv_sensor_ros_plugins/include/uuv_sensor_ros_plugins/ament_cmake_index
[49.745s] -- Installing: /home/sunny/catkin_ws/install/uuv_sensor_ros_plugins/include/uuv_sensor_ros_plugins/ament_cmake_index/share
[49.745s] -- Installing: /home/sunny/catkin_ws/install/uuv_sensor_ros_plugins/include/uuv_sensor_ros_plugins/ament_cmake_index/share/ament_index
[49.745s] -- Installing: /home/sunny/catkin_ws/install/uuv_sensor_ros_plugins/include/uuv_sensor_ros_plugins/ament_cmake_index/share/ament_index/resource_index
[49.746s] -- Installing: /home/sunny/catkin_ws/install/uuv_sensor_ros_plugins/include/uuv_sensor_ros_plugins/ament_cmake_index/share/ament_index/resource_index/package_run_dependencies
[49.746s] -- Installing: /home/sunny/catkin_ws/install/uuv_sensor_ros_plugins/include/uuv_sensor_ros_plugins/ament_cmake_index/share/ament_index/resource_index/packages
[49.746s] -- Installing: /home/sunny/catkin_ws/install/uuv_sensor_ros_plugins/include/uuv_sensor_ros_plugins/ament_cmake_index/share/ament_index/resource_index/parent_prefix_path
[49.746s] -- Installing: /home/sunny/catkin_ws/install/uuv_sensor_ros_plugins/include/uuv_sensor_ros_plugins/quaternion.pb.h
[49.746s] -- Installing: /home/sunny/catkin_ws/install/uuv_sensor_ros_plugins/include/uuv_sensor_ros_plugins/SensorDvl.pb.cc
[49.746s] -- Installing: /home/sunny/catkin_ws/install/uuv_sensor_ros_plugins/include/uuv_sensor_ros_plugins/SensorPressure.pb.h
[49.747s] -- Installing: /home/sunny/catkin_ws/install/uuv_sensor_ros_plugins/include/uuv_sensor_ros_plugins/ament_cmake_export_include_directories
[49.747s] -- Installing: /home/sunny/catkin_ws/install/uuv_sensor_ros_plugins/lib/libuuv_sensor_gazebo_msgs.so
[49.748s] -- Installing: /home/sunny/catkin_ws/install/uuv_sensor_ros_plugins/lib/libuuv_gazebo_ros_base_model_plugin.so
[49.759s] -- Set runtime path of "/home/sunny/catkin_ws/install/uuv_sensor_ros_plugins/lib/libuuv_gazebo_ros_base_model_plugin.so" to ""
[49.760s] -- Installing: /home/sunny/catkin_ws/install/uuv_sensor_ros_plugins/lib/libuuv_gazebo_ros_base_sensor_plugin.so
[49.771s] -- Set runtime path of "/home/sunny/catkin_ws/install/uuv_sensor_ros_plugins/lib/libuuv_gazebo_ros_base_sensor_plugin.so" to ""
[49.771s] -- Installing: /home/sunny/catkin_ws/install/uuv_sensor_ros_plugins/lib/libuuv_gazebo_ros_gps_plugin.so
[49.782s] -- Set runtime path of "/home/sunny/catkin_ws/install/uuv_sensor_ros_plugins/lib/libuuv_gazebo_ros_gps_plugin.so" to ""
[49.782s] -- Installing: /home/sunny/catkin_ws/install/uuv_sensor_ros_plugins/lib/libuuv_gazebo_ros_pose_gt_plugin.so
[49.795s] -- Set runtime path of "/home/sunny/catkin_ws/install/uuv_sensor_ros_plugins/lib/libuuv_gazebo_ros_pose_gt_plugin.so" to ""
[49.795s] -- Installing: /home/sunny/catkin_ws/install/uuv_sensor_ros_plugins/lib/libuuv_gazebo_ros_subsea_pressure_plugin.so
[49.807s] -- Set runtime path of "/home/sunny/catkin_ws/install/uuv_sensor_ros_plugins/lib/libuuv_gazebo_ros_subsea_pressure_plugin.so" to ""
[49.807s] -- Installing: /home/sunny/catkin_ws/install/uuv_sensor_ros_plugins/lib/libuuv_gazebo_ros_dvl_plugin.so
[49.825s] -- Set runtime path of "/home/sunny/catkin_ws/install/uuv_sensor_ros_plugins/lib/libuuv_gazebo_ros_dvl_plugin.so" to ""
[49.825s] -- Installing: /home/sunny/catkin_ws/install/uuv_sensor_ros_plugins/lib/libuuv_gazebo_ros_magnetometer_plugin.so
[49.837s] -- Set runtime path of "/home/sunny/catkin_ws/install/uuv_sensor_ros_plugins/lib/libuuv_gazebo_ros_magnetometer_plugin.so" to ""
[49.837s] -- Installing: /home/sunny/catkin_ws/install/uuv_sensor_ros_plugins/lib/libuuv_gazebo_ros_cpc_plugin.so
[49.854s] -- Set runtime path of "/home/sunny/catkin_ws/install/uuv_sensor_ros_plugins/lib/libuuv_gazebo_ros_cpc_plugin.so" to ""
[49.854s] -- Installing: /home/sunny/catkin_ws/install/uuv_sensor_ros_plugins/lib/libuuv_gazebo_ros_imu_plugin.so
[49.865s] -- Set runtime path of "/home/sunny/catkin_ws/install/uuv_sensor_ros_plugins/lib/libuuv_gazebo_ros_imu_plugin.so" to ""
[49.865s] -- Installing: /home/sunny/catkin_ws/install/uuv_sensor_ros_plugins/lib/libuuv_gazebo_ros_rpt_plugin.so
[49.877s] -- Set runtime path of "/home/sunny/catkin_ws/install/uuv_sensor_ros_plugins/lib/libuuv_gazebo_ros_rpt_plugin.so" to ""
[49.877s] -- Installing: /home/sunny/catkin_ws/install/uuv_sensor_ros_plugins/lib/libuuv_gazebo_ros_camera_plugin.so
[49.887s] -- Set runtime path of "/home/sunny/catkin_ws/install/uuv_sensor_ros_plugins/lib/libuuv_gazebo_ros_camera_plugin.so" to ""
[49.887s] -- Installing: /home/sunny/catkin_ws/install/uuv_sensor_ros_plugins/lib/libimage_sonar_ros_plugin.so
[49.887s] -- Set runtime path of "/home/sunny/catkin_ws/install/uuv_sensor_ros_plugins/lib/libimage_sonar_ros_plugin.so" to ""
[49.887s] -- Up-to-date: /home/sunny/catkin_ws/install/uuv_sensor_ros_plugins/include/uuv_sensor_ros_plugins
[49.887s] -- Installing: /home/sunny/catkin_ws/install/uuv_sensor_ros_plugins/include/uuv_sensor_ros_plugins/IMUROSPlugin.h
[49.887s] -- Installing: /home/sunny/catkin_ws/install/uuv_sensor_ros_plugins/include/uuv_sensor_ros_plugins/ROSBaseSensorPlugin.h
[49.888s] -- Installing: /home/sunny/catkin_ws/install/uuv_sensor_ros_plugins/include/uuv_sensor_ros_plugins/RPTROSPlugin.h
[49.888s] -- Installing: /home/sunny/catkin_ws/install/uuv_sensor_ros_plugins/include/uuv_sensor_ros_plugins/ROSBaseModelPlugin.h
[49.888s] -- Installing: /home/sunny/catkin_ws/install/uuv_sensor_ros_plugins/include/uuv_sensor_ros_plugins/gazebo_ros_image_sonar.h
[49.889s] -- Installing: /home/sunny/catkin_ws/install/uuv_sensor_ros_plugins/include/uuv_sensor_ros_plugins/SubseaPressureROSPlugin.h
[49.889s] -- Installing: /home/sunny/catkin_ws/install/uuv_sensor_ros_plugins/include/uuv_sensor_ros_plugins/DVLROSPlugin.h
[49.889s] -- Installing: /home/sunny/catkin_ws/install/uuv_sensor_ros_plugins/include/uuv_sensor_ros_plugins/CPCROSPlugin.h
[49.889s] -- Installing: /home/sunny/catkin_ws/install/uuv_sensor_ros_plugins/include/uuv_sensor_ros_plugins/Common.h
[49.890s] -- Installing: /home/sunny/catkin_ws/install/uuv_sensor_ros_plugins/include/uuv_sensor_ros_plugins/PoseGTROSPlugin.h
[49.890s] -- Installing: /home/sunny/catkin_ws/install/uuv_sensor_ros_plugins/include/uuv_sensor_ros_plugins/GPSROSPlugin.h
[49.890s] -- Installing: /home/sunny/catkin_ws/install/uuv_sensor_ros_plugins/include/uuv_sensor_ros_plugins/UnderwaterCameraROSPlugin.h
[49.890s] -- Installing: /home/sunny/catkin_ws/install/uuv_sensor_ros_plugins/include/uuv_sensor_ros_plugins/MagnetometerROSPlugin.h
[49.890s] -- Installing: /home/sunny/catkin_ws/install/uuv_sensor_ros_plugins/include/uuv_sensor_ros_plugins/ROSBasePlugin.h
[49.891s] -- Installing: /home/sunny/catkin_ws/install/uuv_sensor_ros_plugins/share/uuv_sensor_ros_plugins/meshes
[49.891s] -- Installing: /home/sunny/catkin_ws/install/uuv_sensor_ros_plugins/share/uuv_sensor_ros_plugins/meshes/m450-130.blend
[49.895s] -- Installing: /home/sunny/catkin_ws/install/uuv_sensor_ros_plugins/share/uuv_sensor_ros_plugins/meshes/p900.dae
[49.896s] -- Installing: /home/sunny/catkin_ws/install/uuv_sensor_ros_plugins/share/uuv_sensor_ros_plugins/meshes/pressure.dae
[49.896s] -- Installing: /home/sunny/catkin_ws/install/uuv_sensor_ros_plugins/share/uuv_sensor_ros_plugins/meshes/dvl.dae
[49.897s] -- Installing: /home/sunny/catkin_ws/install/uuv_sensor_ros_plugins/share/uuv_sensor_ros_plugins/meshes/rpt.dae
[49.897s] -- Installing: /home/sunny/catkin_ws/install/uuv_sensor_ros_plugins/share/uuv_sensor_ros_plugins/meshes/oe14-372.dae
[49.898s] -- Installing: /home/sunny/catkin_ws/install/uuv_sensor_ros_plugins/share/uuv_sensor_ros_plugins/meshes/rpt.blend
[49.899s] -- Installing: /home/sunny/catkin_ws/install/uuv_sensor_ros_plugins/share/uuv_sensor_ros_plugins/meshes/p900.blend
[49.902s] -- Installing: /home/sunny/catkin_ws/install/uuv_sensor_ros_plugins/share/uuv_sensor_ros_plugins/meshes/oe14-372.blend
[49.903s] -- Installing: /home/sunny/catkin_ws/install/uuv_sensor_ros_plugins/share/uuv_sensor_ros_plugins/meshes/m450-130.dae
[49.906s] -- Installing: /home/sunny/catkin_ws/install/uuv_sensor_ros_plugins/share/uuv_sensor_ros_plugins/meshes/duo3d.dae
[49.906s] -- Installing: /home/sunny/catkin_ws/install/uuv_sensor_ros_plugins/share/uuv_sensor_ros_plugins/meshes/pressure.blend
[49.908s] -- Installing: /home/sunny/catkin_ws/install/uuv_sensor_ros_plugins/share/uuv_sensor_ros_plugins/meshes/p900.stl
[49.911s] -- Installing: /home/sunny/catkin_ws/install/uuv_sensor_ros_plugins/share/uuv_sensor_ros_plugins/meshes/dvl.blend
[49.912s] -- Installing: /home/sunny/catkin_ws/install/uuv_sensor_ros_plugins/share/uuv_sensor_ros_plugins/urdf
[49.912s] -- Installing: /home/sunny/catkin_ws/install/uuv_sensor_ros_plugins/share/uuv_sensor_ros_plugins/urdf/chemical_concentration_snippets.xacro
[49.913s] -- Installing: /home/sunny/catkin_ws/install/uuv_sensor_ros_plugins/share/uuv_sensor_ros_plugins/urdf/camera_snippets.xacro
[49.913s] -- Installing: /home/sunny/catkin_ws/install/uuv_sensor_ros_plugins/share/uuv_sensor_ros_plugins/urdf/imu_snippets.xacro
[49.913s] -- Installing: /home/sunny/catkin_ws/install/uuv_sensor_ros_plugins/share/uuv_sensor_ros_plugins/urdf/sonar_snippets.xacro
[49.913s] -- Installing: /home/sunny/catkin_ws/install/uuv_sensor_ros_plugins/share/uuv_sensor_ros_plugins/urdf/rpt_snippets.xacro
[49.914s] -- Installing: /home/sunny/catkin_ws/install/uuv_sensor_ros_plugins/share/uuv_sensor_ros_plugins/urdf/magnetometer_snippets.xacro
[49.914s] -- Installing: /home/sunny/catkin_ws/install/uuv_sensor_ros_plugins/share/uuv_sensor_ros_plugins/urdf/gps_sensor_snippets.xacro
[49.914s] -- Installing: /home/sunny/catkin_ws/install/uuv_sensor_ros_plugins/share/uuv_sensor_ros_plugins/urdf/pose_3d_snippets.xacro
[49.914s] -- Installing: /home/sunny/catkin_ws/install/uuv_sensor_ros_plugins/share/uuv_sensor_ros_plugins/urdf/stereo_snippets.xacro
[49.915s] -- Installing: /home/sunny/catkin_ws/install/uuv_sensor_ros_plugins/share/uuv_sensor_ros_plugins/urdf/pressure_snippets.xacro
[49.915s] -- Installing: /home/sunny/catkin_ws/install/uuv_sensor_ros_plugins/share/uuv_sensor_ros_plugins/urdf/sensor_snippets.xacro
[49.915s] -- Installing: /home/sunny/catkin_ws/install/uuv_sensor_ros_plugins/share/uuv_sensor_ros_plugins/urdf/dvl_snippets.xacro
[49.915s] -- Installing: /home/sunny/catkin_ws/install/uuv_sensor_ros_plugins/share/uuv_sensor_ros_plugins/environment/library_path.sh
[49.915s] -- Installing: /home/sunny/catkin_ws/install/uuv_sensor_ros_plugins/share/uuv_sensor_ros_plugins/environment/library_path.dsv
[49.916s] -- Installing: /home/sunny/catkin_ws/install/uuv_sensor_ros_plugins/share/ament_index/resource_index/package_run_dependencies/uuv_sensor_ros_plugins
[49.916s] -- Installing: /home/sunny/catkin_ws/install/uuv_sensor_ros_plugins/share/ament_index/resource_index/parent_prefix_path/uuv_sensor_ros_plugins
[49.917s] -- Installing: /home/sunny/catkin_ws/install/uuv_sensor_ros_plugins/share/uuv_sensor_ros_plugins/environment/ament_prefix_path.sh
[49.917s] -- Installing: /home/sunny/catkin_ws/install/uuv_sensor_ros_plugins/share/uuv_sensor_ros_plugins/environment/ament_prefix_path.dsv
[49.917s] -- Installing: /home/sunny/catkin_ws/install/uuv_sensor_ros_plugins/share/uuv_sensor_ros_plugins/environment/path.sh
[49.917s] -- Installing: /home/sunny/catkin_ws/install/uuv_sensor_ros_plugins/share/uuv_sensor_ros_plugins/environment/path.dsv
[49.917s] -- Installing: /home/sunny/catkin_ws/install/uuv_sensor_ros_plugins/share/uuv_sensor_ros_plugins/local_setup.bash
[49.918s] -- Installing: /home/sunny/catkin_ws/install/uuv_sensor_ros_plugins/share/uuv_sensor_ros_plugins/local_setup.sh
[49.918s] -- Installing: /home/sunny/catkin_ws/install/uuv_sensor_ros_plugins/share/uuv_sensor_ros_plugins/local_setup.zsh
[49.918s] -- Installing: /home/sunny/catkin_ws/install/uuv_sensor_ros_plugins/share/uuv_sensor_ros_plugins/local_setup.dsv
[49.918s] -- Installing: /home/sunny/catkin_ws/install/uuv_sensor_ros_plugins/share/uuv_sensor_ros_plugins/package.dsv
[49.919s] -- Installing: /home/sunny/catkin_ws/install/uuv_sensor_ros_plugins/share/ament_index/resource_index/packages/uuv_sensor_ros_plugins
[49.919s] -- Installing: /home/sunny/catkin_ws/install/uuv_sensor_ros_plugins/share/uuv_sensor_ros_plugins/cmake/ament_cmake_export_dependencies-extras.cmake
[49.919s] -- Installing: /home/sunny/catkin_ws/install/uuv_sensor_ros_plugins/share/uuv_sensor_ros_plugins/cmake/ament_cmake_export_libraries-extras.cmake
[49.919s] -- Installing: /home/sunny/catkin_ws/install/uuv_sensor_ros_plugins/share/uuv_sensor_ros_plugins/cmake/uuv_sensor_ros_pluginsConfig.cmake
[49.919s] -- Installing: /home/sunny/catkin_ws/install/uuv_sensor_ros_plugins/share/uuv_sensor_ros_plugins/cmake/uuv_sensor_ros_pluginsConfig-version.cmake
[49.920s] -- Installing: /home/sunny/catkin_ws/install/uuv_sensor_ros_plugins/share/uuv_sensor_ros_plugins/package.xml
[49.922s] Invoked command in '/home/sunny/catkin_ws/build/uuv_sensor_ros_plugins' returned '0': CMAKE_PREFIX_PATH=/home/sunny/catkin_ws/install/uuv_sensor_ros_plugins_msgs:/home/sunny/catkin_ws/install/uuv_gazebo_plugins:/home/sunny/catkin_ws/install/uuv_control_utils:/home/sunny/catkin_ws/install/uuv_world_ros_plugins_msgs:/home/sunny/catkin_ws/install/uuv_world_plugins:/home/sunny/catkin_ws/install/uuv_tutorial_seabed_world:/home/sunny/catkin_ws/install/uuv_trajectory_control:/home/sunny/catkin_ws/install/uuv_thruster_manager:/home/sunny/catkin_ws/install/uuv_gazebo_worlds:/home/sunny/catkin_ws/install/uuv_gazebo_ros_plugins_msgs:/home/sunny/catkin_ws/install/uuv_gazebo:/home/sunny/catkin_ws/install/uuv_control_msgs:/home/sunny/catkin_ws/install/uuv_control_cascaded_pid:/home/sunny/catkin_ws/install/uuv_auv_control_allocator:/home/sunny/catkin_ws/install/uuv_assistants:/home/sunny/catkin_ws/install/plankton_utils:/home/sunny/catkin_ws/install/turtlesim:/home/sunny/catkin_ws/install/common_msgs:/home/sunny/catkin_ws/install/beluga_simulator:/home/sunny/catkin_ws/install/beluga_adapter:/opt/ros/humble LD_LIBRARY_PATH=/home/sunny/catkin_ws/install/uuv_sensor_ros_plugins_msgs/lib:/home/sunny/catkin_ws/install/uuv_gazebo_plugins/lib:/home/sunny/catkin_ws/install/uuv_world_ros_plugins_msgs/lib:/home/sunny/catkin_ws/install/uuv_world_plugins/lib:/home/sunny/catkin_ws/install/uuv_thruster_manager/lib:/home/sunny/catkin_ws/install/uuv_gazebo_ros_plugins_msgs/lib:/home/sunny/catkin_ws/install/uuv_control_msgs/lib:/home/sunny/catkin_ws/install/uuv_auv_control_allocator/lib:/home/sunny/catkin_ws/install/turtlesim/lib:/home/sunny/catkin_ws/install/common_msgs/lib:/opt/ros/humble/opt/rviz_ogre_vendor/lib:/opt/ros/humble/lib/x86_64-linux-gnu:/opt/ros/humble/lib:/usr/lib/x86_64-linux-gnu/gazebo-11/plugins:/usr/lib/x86_64-linux-gnu/gazebo-11/plugins:/usr/lib/x86_64-linux-gnu/gazebo-11/plugins /usr/bin/cmake --install /home/sunny/catkin_ws/build/uuv_sensor_ros_plugins
