[0.580s] Invoking command in '/home/sunny/catkin_ws/build/uuv_gazebo_plugins': CMAKE_PREFIX_PATH=${CMAKE_PREFIX_PATH}:/home/sunny/catkin_ws/install/beluga_adapter:/opt/ros/humble /usr/bin/cmake --build /home/sunny/catkin_ws/build/uuv_gazebo_plugins -- -j16 -l16
[0.633s] [35m[1mConsolidate compiler generated dependencies of target uuv_gazebo_plugins_msgs[0m
[0.634s] [35m[1mConsolidate compiler generated dependencies of target uuv_dynamics[0m
[0.635s] [35m[1mConsolidate compiler generated dependencies of target gtest_main[0m
[0.636s] [35m[1mConsolidate compiler generated dependencies of target gtest[0m
[0.639s] [35m[1mConsolidate compiler generated dependencies of target umbilical_plugin[0m
[0.649s] [35m[1mConsolidate compiler generated dependencies of target uuv_underwater_object_plugin[0m
[0.683s] [  7%] Built target gtest_main
[0.692s] [ 14%] Built target gtest
[0.694s] [ 32%] Built target uuv_gazebo_plugins_msgs
[0.715s] [ 39%] Built target uuv_dynamics
[0.749s] [35m[1mConsolidate compiler generated dependencies of target uuv_fin_plugin[0m
[0.799s] [35m[1mConsolidate compiler generated dependencies of target UNIT_ThrusterDynamics_TEST[0m
[0.799s] [ 50%] Built target umbilical_plugin
[0.799s] [35m[1mConsolidate compiler generated dependencies of target uuv_thruster_plugin[0m
[0.862s] [ 64%] Built target uuv_underwater_object_plugin
[0.892s] [ 75%] Built target uuv_fin_plugin
[0.893s] [ 82%] Built target UNIT_ThrusterDynamics_TEST
[0.948s] [ 92%] Built target uuv_thruster_plugin
[1.025s] [35m[1mConsolidate compiler generated dependencies of target UNIT_ThrusterConversionFcn_TEST[0m
[1.027s] [100%] Built target UNIT_ThrusterConversionFcn_TEST
[1.280s] Invoked command in '/home/sunny/catkin_ws/build/uuv_gazebo_plugins' returned '0': CMAKE_PREFIX_PATH=${CMAKE_PREFIX_PATH}:/home/sunny/catkin_ws/install/beluga_adapter:/opt/ros/humble /usr/bin/cmake --build /home/sunny/catkin_ws/build/uuv_gazebo_plugins -- -j16 -l16
[1.556s] Invoking command in '/home/sunny/catkin_ws/build/uuv_gazebo_plugins': CMAKE_PREFIX_PATH=${CMAKE_PREFIX_PATH}:/home/sunny/catkin_ws/install/beluga_adapter:/opt/ros/humble /usr/bin/cmake --install /home/sunny/catkin_ws/build/uuv_gazebo_plugins
[1.621s] -- Install configuration: ""
[1.622s] -- Installing: /home/sunny/catkin_ws/install/uuv_gazebo_plugins/lib/libuuv_gazebo_plugins_msgs.so
[1.622s] -- Set runtime path of "/home/sunny/catkin_ws/install/uuv_gazebo_plugins/lib/libuuv_gazebo_plugins_msgs.so" to ""
[1.623s] -- Installing: /home/sunny/catkin_ws/install/uuv_gazebo_plugins/lib/libuuv_dynamics.so
[1.623s] -- Installing: /home/sunny/catkin_ws/install/uuv_gazebo_plugins/lib/libuuv_fin_plugin.so
[1.623s] -- Set runtime path of "/home/sunny/catkin_ws/install/uuv_gazebo_plugins/lib/libuuv_fin_plugin.so" to ""
[1.623s] -- Installing: /home/sunny/catkin_ws/install/uuv_gazebo_plugins/lib/libuuv_underwater_object_plugin.so
[1.623s] -- Set runtime path of "/home/sunny/catkin_ws/install/uuv_gazebo_plugins/lib/libuuv_underwater_object_plugin.so" to ""
[1.623s] -- Installing: /home/sunny/catkin_ws/install/uuv_gazebo_plugins/lib/libuuv_thruster_plugin.so
[1.623s] -- Set runtime path of "/home/sunny/catkin_ws/install/uuv_gazebo_plugins/lib/libuuv_thruster_plugin.so" to ""
[1.623s] -- Installing: /home/sunny/catkin_ws/install/uuv_gazebo_plugins/lib/libumbilical_plugin.so
[1.623s] -- Set runtime path of "/home/sunny/catkin_ws/install/uuv_gazebo_plugins/lib/libumbilical_plugin.so" to ""
[1.623s] -- Installing: /home/sunny/catkin_ws/install/uuv_gazebo_plugins/include/uuv_gazebo_plugins
[1.623s] -- Installing: /home/sunny/catkin_ws/install/uuv_gazebo_plugins/include/uuv_gazebo_plugins/FinPlugin.h
[1.623s] -- Installing: /home/sunny/catkin_ws/install/uuv_gazebo_plugins/include/uuv_gazebo_plugins/BuoyantObject.h
[1.624s] -- Installing: /home/sunny/catkin_ws/install/uuv_gazebo_plugins/include/uuv_gazebo_plugins/Def.h
[1.624s] -- Installing: /home/sunny/catkin_ws/install/uuv_gazebo_plugins/include/uuv_gazebo_plugins/UnderwaterObjectPlugin.h
[1.624s] -- Installing: /home/sunny/catkin_ws/install/uuv_gazebo_plugins/include/uuv_gazebo_plugins/UmbilicalPlugin.h
[1.625s] -- Installing: /home/sunny/catkin_ws/install/uuv_gazebo_plugins/include/uuv_gazebo_plugins/UmbilicalModel.h
[1.625s] -- Installing: /home/sunny/catkin_ws/install/uuv_gazebo_plugins/include/uuv_gazebo_plugins/LiftDragModel.h
[1.625s] -- Installing: /home/sunny/catkin_ws/install/uuv_gazebo_plugins/include/uuv_gazebo_plugins/ThrusterConversionFcn.h
[1.625s] -- Installing: /home/sunny/catkin_ws/install/uuv_gazebo_plugins/include/uuv_gazebo_plugins/ThrusterPlugin.h
[1.625s] -- Installing: /home/sunny/catkin_ws/install/uuv_gazebo_plugins/include/uuv_gazebo_plugins/HydrodynamicModel.h
[1.625s] -- Installing: /home/sunny/catkin_ws/install/uuv_gazebo_plugins/include/uuv_gazebo_plugins/Dynamics.h
[1.625s] -- Up-to-date: /home/sunny/catkin_ws/install/uuv_gazebo_plugins/include
[1.626s] -- Up-to-date: /home/sunny/catkin_ws/install/uuv_gazebo_plugins/include/uuv_gazebo_plugins
[1.626s] -- Up-to-date: /home/sunny/catkin_ws/install/uuv_gazebo_plugins/include/uuv_gazebo_plugins
[1.626s] -- Installing: /home/sunny/catkin_ws/install/uuv_gazebo_plugins/include/uuv_gazebo_plugins/Accel.pb.cc
[1.626s] -- Installing: /home/sunny/catkin_ws/install/uuv_gazebo_plugins/include/uuv_gazebo_plugins/ament_cmake_environment_hooks
[1.627s] -- Installing: /home/sunny/catkin_ws/install/uuv_gazebo_plugins/include/uuv_gazebo_plugins/ament_cmake_uninstall_target
[1.627s] -- Installing: /home/sunny/catkin_ws/install/uuv_gazebo_plugins/include/uuv_gazebo_plugins/CMakeFiles
[1.627s] -- Installing: /home/sunny/catkin_ws/install/uuv_gazebo_plugins/include/uuv_gazebo_plugins/CMakeFiles/uuv_dynamics.dir
[1.627s] -- Installing: /home/sunny/catkin_ws/install/uuv_gazebo_plugins/include/uuv_gazebo_plugins/CMakeFiles/uuv_dynamics.dir/src
[1.627s] -- Installing: /home/sunny/catkin_ws/install/uuv_gazebo_plugins/include/uuv_gazebo_plugins/CMakeFiles/uuv_fin_plugin.dir
[1.627s] -- Installing: /home/sunny/catkin_ws/install/uuv_gazebo_plugins/include/uuv_gazebo_plugins/CMakeFiles/uuv_fin_plugin.dir/src
[1.627s] -- Installing: /home/sunny/catkin_ws/install/uuv_gazebo_plugins/include/uuv_gazebo_plugins/CMakeFiles/uninstall.dir
[1.627s] -- Installing: /home/sunny/catkin_ws/install/uuv_gazebo_plugins/include/uuv_gazebo_plugins/CMakeFiles/umbilical_plugin.dir
[1.627s] -- Installing: /home/sunny/catkin_ws/install/uuv_gazebo_plugins/include/uuv_gazebo_plugins/CMakeFiles/umbilical_plugin.dir/src
[1.632s] -- Installing: /home/sunny/catkin_ws/install/uuv_gazebo_plugins/include/uuv_gazebo_plugins/CMakeFiles/uuv_thruster_plugin.dir
[1.633s] -- Installing: /home/sunny/catkin_ws/install/uuv_gazebo_plugins/include/uuv_gazebo_plugins/CMakeFiles/uuv_thruster_plugin.dir/src
[1.633s] -- Installing: /home/sunny/catkin_ws/install/uuv_gazebo_plugins/include/uuv_gazebo_plugins/CMakeFiles/uuv_underwater_object_plugin.dir
[1.633s] -- Installing: /home/sunny/catkin_ws/install/uuv_gazebo_plugins/include/uuv_gazebo_plugins/CMakeFiles/uuv_underwater_object_plugin.dir/src
[1.633s] -- Installing: /home/sunny/catkin_ws/install/uuv_gazebo_plugins/include/uuv_gazebo_plugins/CMakeFiles/CMakeTmp
[1.633s] -- Installing: /home/sunny/catkin_ws/install/uuv_gazebo_plugins/include/uuv_gazebo_plugins/CMakeFiles/uuv_gazebo_plugins_msgs.dir
[1.633s] -- Installing: /home/sunny/catkin_ws/install/uuv_gazebo_plugins/include/uuv_gazebo_plugins/CMakeFiles/uuv_gazebo_plugins_msgs.dir/Accel.pb.cc.o
[1.633s] -- Installing: /home/sunny/catkin_ws/install/uuv_gazebo_plugins/include/uuv_gazebo_plugins/CMakeFiles/uuv_gazebo_plugins_msgs.dir/Double.pb.cc.o.d
[1.633s] -- Installing: /home/sunny/catkin_ws/install/uuv_gazebo_plugins/include/uuv_gazebo_plugins/CMakeFiles/uuv_gazebo_plugins_msgs.dir/Accel.pb.cc.o.d
[1.633s] -- Installing: /home/sunny/catkin_ws/install/uuv_gazebo_plugins/include/uuv_gazebo_plugins/CMakeFiles/uuv_gazebo_plugins_msgs.dir/Double.pb.cc.o
[1.634s] -- Installing: /home/sunny/catkin_ws/install/uuv_gazebo_plugins/include/uuv_gazebo_plugins/CMakeFiles/uuv_gazebo_plugins_uninstall.dir
[1.634s] -- Installing: /home/sunny/catkin_ws/install/uuv_gazebo_plugins/include/uuv_gazebo_plugins/CMakeFiles/UNIT_ThrusterDynamics_TEST.dir
[1.634s] -- Installing: /home/sunny/catkin_ws/install/uuv_gazebo_plugins/include/uuv_gazebo_plugins/CMakeFiles/UNIT_ThrusterDynamics_TEST.dir/src
[1.634s] -- Installing: /home/sunny/catkin_ws/install/uuv_gazebo_plugins/include/uuv_gazebo_plugins/CMakeFiles/3.22.1
[1.634s] -- Installing: /home/sunny/catkin_ws/install/uuv_gazebo_plugins/include/uuv_gazebo_plugins/CMakeFiles/3.22.1/CompilerIdC
[1.635s] -- Installing: /home/sunny/catkin_ws/install/uuv_gazebo_plugins/include/uuv_gazebo_plugins/CMakeFiles/3.22.1/CompilerIdC/tmp
[1.635s] -- Installing: /home/sunny/catkin_ws/install/uuv_gazebo_plugins/include/uuv_gazebo_plugins/CMakeFiles/3.22.1/CompilerIdCXX
[1.635s] -- Installing: /home/sunny/catkin_ws/install/uuv_gazebo_plugins/include/uuv_gazebo_plugins/CMakeFiles/3.22.1/CompilerIdCXX/tmp
[1.635s] -- Installing: /home/sunny/catkin_ws/install/uuv_gazebo_plugins/include/uuv_gazebo_plugins/CMakeFiles/UNIT_ThrusterConversionFcn_TEST.dir
[1.636s] -- Installing: /home/sunny/catkin_ws/install/uuv_gazebo_plugins/include/uuv_gazebo_plugins/CMakeFiles/UNIT_ThrusterConversionFcn_TEST.dir/src
[1.636s] -- Installing: /home/sunny/catkin_ws/install/uuv_gazebo_plugins/include/uuv_gazebo_plugins/ament_cmake_export_dependencies
[1.636s] -- Installing: /home/sunny/catkin_ws/install/uuv_gazebo_plugins/include/uuv_gazebo_plugins/Double.pb.h
[1.637s] -- Installing: /home/sunny/catkin_ws/install/uuv_gazebo_plugins/include/uuv_gazebo_plugins/gtest
[1.637s] -- Installing: /home/sunny/catkin_ws/install/uuv_gazebo_plugins/include/uuv_gazebo_plugins/gtest/CMakeFiles
[1.637s] -- Installing: /home/sunny/catkin_ws/install/uuv_gazebo_plugins/include/uuv_gazebo_plugins/gtest/CMakeFiles/gtest_main.dir
[1.637s] -- Installing: /home/sunny/catkin_ws/install/uuv_gazebo_plugins/include/uuv_gazebo_plugins/gtest/CMakeFiles/gtest_main.dir/src
[1.638s] -- Installing: /home/sunny/catkin_ws/install/uuv_gazebo_plugins/include/uuv_gazebo_plugins/gtest/CMakeFiles/gtest.dir
[1.639s] -- Installing: /home/sunny/catkin_ws/install/uuv_gazebo_plugins/include/uuv_gazebo_plugins/gtest/CMakeFiles/gtest.dir/src
[1.639s] -- Installing: /home/sunny/catkin_ws/install/uuv_gazebo_plugins/include/uuv_gazebo_plugins/msgs
[1.639s] -- Installing: /home/sunny/catkin_ws/install/uuv_gazebo_plugins/include/uuv_gazebo_plugins/Double.pb.cc
[1.639s] -- Installing: /home/sunny/catkin_ws/install/uuv_gazebo_plugins/include/uuv_gazebo_plugins/Accel.pb.h
[1.639s] -- Installing: /home/sunny/catkin_ws/install/uuv_gazebo_plugins/include/uuv_gazebo_plugins/ament_cmake_core
[1.639s] -- Installing: /home/sunny/catkin_ws/install/uuv_gazebo_plugins/include/uuv_gazebo_plugins/ament_cmake_core/stamps
[1.639s] -- Installing: /home/sunny/catkin_ws/install/uuv_gazebo_plugins/include/uuv_gazebo_plugins/ament_cmake_package_templates
[1.640s] -- Installing: /home/sunny/catkin_ws/install/uuv_gazebo_plugins/include/uuv_gazebo_plugins/ament_cmake_export_libraries
[1.640s] -- Installing: /home/sunny/catkin_ws/install/uuv_gazebo_plugins/include/uuv_gazebo_plugins/ament_cmake_index
[1.640s] -- Installing: /home/sunny/catkin_ws/install/uuv_gazebo_plugins/include/uuv_gazebo_plugins/ament_cmake_index/share
[1.640s] -- Installing: /home/sunny/catkin_ws/install/uuv_gazebo_plugins/include/uuv_gazebo_plugins/ament_cmake_index/share/ament_index
[1.640s] -- Installing: /home/sunny/catkin_ws/install/uuv_gazebo_plugins/include/uuv_gazebo_plugins/ament_cmake_index/share/ament_index/resource_index
[1.640s] -- Installing: /home/sunny/catkin_ws/install/uuv_gazebo_plugins/include/uuv_gazebo_plugins/ament_cmake_index/share/ament_index/resource_index/package_run_dependencies
[1.640s] -- Installing: /home/sunny/catkin_ws/install/uuv_gazebo_plugins/include/uuv_gazebo_plugins/ament_cmake_index/share/ament_index/resource_index/packages
[1.640s] -- Installing: /home/sunny/catkin_ws/install/uuv_gazebo_plugins/include/uuv_gazebo_plugins/ament_cmake_index/share/ament_index/resource_index/parent_prefix_path
[1.640s] -- Installing: /home/sunny/catkin_ws/install/uuv_gazebo_plugins/include/uuv_gazebo_plugins/ament_cmake_export_include_directories
[1.640s] -- Installing: /home/sunny/catkin_ws/install/uuv_gazebo_plugins/share/uuv_gazebo_plugins/environment/library_path.sh
[1.640s] -- Installing: /home/sunny/catkin_ws/install/uuv_gazebo_plugins/share/uuv_gazebo_plugins/environment/library_path.dsv
[1.641s] -- Installing: /home/sunny/catkin_ws/install/uuv_gazebo_plugins/share/ament_index/resource_index/package_run_dependencies/uuv_gazebo_plugins
[1.641s] -- Installing: /home/sunny/catkin_ws/install/uuv_gazebo_plugins/share/ament_index/resource_index/parent_prefix_path/uuv_gazebo_plugins
[1.641s] -- Installing: /home/sunny/catkin_ws/install/uuv_gazebo_plugins/share/uuv_gazebo_plugins/environment/ament_prefix_path.sh
[1.642s] -- Installing: /home/sunny/catkin_ws/install/uuv_gazebo_plugins/share/uuv_gazebo_plugins/environment/ament_prefix_path.dsv
[1.642s] -- Installing: /home/sunny/catkin_ws/install/uuv_gazebo_plugins/share/uuv_gazebo_plugins/environment/path.sh
[1.642s] -- Installing: /home/sunny/catkin_ws/install/uuv_gazebo_plugins/share/uuv_gazebo_plugins/environment/path.dsv
[1.642s] -- Installing: /home/sunny/catkin_ws/install/uuv_gazebo_plugins/share/uuv_gazebo_plugins/local_setup.bash
[1.642s] -- Installing: /home/sunny/catkin_ws/install/uuv_gazebo_plugins/share/uuv_gazebo_plugins/local_setup.sh
[1.642s] -- Installing: /home/sunny/catkin_ws/install/uuv_gazebo_plugins/share/uuv_gazebo_plugins/local_setup.zsh
[1.642s] -- Installing: /home/sunny/catkin_ws/install/uuv_gazebo_plugins/share/uuv_gazebo_plugins/local_setup.dsv
[1.642s] -- Installing: /home/sunny/catkin_ws/install/uuv_gazebo_plugins/share/uuv_gazebo_plugins/package.dsv
[1.642s] -- Installing: /home/sunny/catkin_ws/install/uuv_gazebo_plugins/share/ament_index/resource_index/packages/uuv_gazebo_plugins
[1.643s] -- Installing: /home/sunny/catkin_ws/install/uuv_gazebo_plugins/share/uuv_gazebo_plugins/cmake/ament_cmake_export_dependencies-extras.cmake
[1.643s] -- Installing: /home/sunny/catkin_ws/install/uuv_gazebo_plugins/share/uuv_gazebo_plugins/cmake/ament_cmake_export_include_directories-extras.cmake
[1.643s] -- Installing: /home/sunny/catkin_ws/install/uuv_gazebo_plugins/share/uuv_gazebo_plugins/cmake/ament_cmake_export_libraries-extras.cmake
[1.643s] -- Installing: /home/sunny/catkin_ws/install/uuv_gazebo_plugins/share/uuv_gazebo_plugins/cmake/uuv_gazebo_pluginsConfig.cmake
[1.643s] -- Installing: /home/sunny/catkin_ws/install/uuv_gazebo_plugins/share/uuv_gazebo_plugins/cmake/uuv_gazebo_pluginsConfig-version.cmake
[1.644s] -- Installing: /home/sunny/catkin_ws/install/uuv_gazebo_plugins/share/uuv_gazebo_plugins/package.xml
[1.646s] Invoked command in '/home/sunny/catkin_ws/build/uuv_gazebo_plugins' returned '0': CMAKE_PREFIX_PATH=${CMAKE_PREFIX_PATH}:/home/sunny/catkin_ws/install/beluga_adapter:/opt/ros/humble /usr/bin/cmake --install /home/sunny/catkin_ws/build/uuv_gazebo_plugins
