[0.737s] Invoking command in '/home/sunny/catkin_ws/build/uuv_gazebo_ros_plugins_msgs': CMAKE_PREFIX_PATH=${CMAKE_PREFIX_PATH}:/home/sunny/catkin_ws/install/beluga_adapter:/opt/ros/humble /usr/bin/cmake --build /home/sunny/catkin_ws/build/uuv_gazebo_ros_plugins_msgs -- -j16 -l16
[0.861s] [ 12%] Built target uuv_gazebo_ros_plugins_msgs__rosidl_generator_c
[0.861s] [ 12%] Built target uuv_gazebo_ros_plugins_msgs__cpp
[0.913s] [ 12%] Built target ament_cmake_python_copy_uuv_gazebo_ros_plugins_msgs
[0.967s] [ 24%] Built target uuv_gazebo_ros_plugins_msgs__rosidl_typesupport_fastrtps_cpp
[0.978s] [ 36%] Built target uuv_gazebo_ros_plugins_msgs__rosidl_typesupport_cpp
[1.039s] [ 48%] Built target uuv_gazebo_ros_plugins_msgs__rosidl_typesupport_introspection_cpp
[1.075s] [ 60%] Built target uuv_gazebo_ros_plugins_msgs__rosidl_typesupport_fastrtps_c
[1.075s] [ 79%] Built target uuv_gazebo_ros_plugins_msgs__rosidl_typesupport_c
[1.075s] [ 84%] Built target uuv_gazebo_ros_plugins_msgs__rosidl_typesupport_introspection_c
[1.165s] [ 84%] Built target uuv_gazebo_ros_plugins_msgs
[1.243s] [ 85%] Built target uuv_gazebo_ros_plugins_msgs__py
[1.345s] [ 96%] Built target uuv_gazebo_ros_plugins_msgs__rosidl_generator_py
[1.418s] [ 98%] Built target uuv_gazebo_ros_plugins_msgs__rosidl_typesupport_introspection_c__pyext
[1.437s] [ 99%] Built target uuv_gazebo_ros_plugins_msgs__rosidl_typesupport_fastrtps_c__pyext
[1.457s] [100%] Built target uuv_gazebo_ros_plugins_msgs__rosidl_typesupport_c__pyext
[1.534s] running egg_info
[1.536s] writing uuv_gazebo_ros_plugins_msgs.egg-info/PKG-INFO
[1.537s] writing dependency_links to uuv_gazebo_ros_plugins_msgs.egg-info/dependency_links.txt
[1.537s] writing top-level names to uuv_gazebo_ros_plugins_msgs.egg-info/top_level.txt
[1.541s] reading manifest file 'uuv_gazebo_ros_plugins_msgs.egg-info/SOURCES.txt'
[1.541s] writing manifest file 'uuv_gazebo_ros_plugins_msgs.egg-info/SOURCES.txt'
[1.591s] [100%] Built target ament_cmake_python_build_uuv_gazebo_ros_plugins_msgs_egg
[1.877s] Invoked command in '/home/sunny/catkin_ws/build/uuv_gazebo_ros_plugins_msgs' returned '0': CMAKE_PREFIX_PATH=${CMAKE_PREFIX_PATH}:/home/sunny/catkin_ws/install/beluga_adapter:/opt/ros/humble /usr/bin/cmake --build /home/sunny/catkin_ws/build/uuv_gazebo_ros_plugins_msgs -- -j16 -l16
[2.603s] Invoking command in '/home/sunny/catkin_ws/build/uuv_gazebo_ros_plugins_msgs': CMAKE_PREFIX_PATH=${CMAKE_PREFIX_PATH}:/home/sunny/catkin_ws/install/beluga_adapter:/opt/ros/humble /usr/bin/cmake --install /home/sunny/catkin_ws/build/uuv_gazebo_ros_plugins_msgs
[3.028s] -- Install configuration: ""
[3.028s] -- Up-to-date: /home/sunny/catkin_ws/install/uuv_gazebo_ros_plugins_msgs/share/ament_index/resource_index/rosidl_interfaces/uuv_gazebo_ros_plugins_msgs
[3.029s] -- Up-to-date: /home/sunny/catkin_ws/install/uuv_gazebo_ros_plugins_msgs/include/uuv_gazebo_ros_plugins_msgs/uuv_gazebo_ros_plugins_msgs
[3.029s] -- Up-to-date: /home/sunny/catkin_ws/install/uuv_gazebo_ros_plugins_msgs/include/uuv_gazebo_ros_plugins_msgs/uuv_gazebo_ros_plugins_msgs/srv
[3.029s] -- Up-to-date: /home/sunny/catkin_ws/install/uuv_gazebo_ros_plugins_msgs/include/uuv_gazebo_ros_plugins_msgs/uuv_gazebo_ros_plugins_msgs/srv/get_thruster_conversion_fcn.h
[3.030s] -- Up-to-date: /home/sunny/catkin_ws/install/uuv_gazebo_ros_plugins_msgs/include/uuv_gazebo_ros_plugins_msgs/uuv_gazebo_ros_plugins_msgs/srv/set_thruster_state.h
[3.030s] -- Up-to-date: /home/sunny/catkin_ws/install/uuv_gazebo_ros_plugins_msgs/include/uuv_gazebo_ros_plugins_msgs/uuv_gazebo_ros_plugins_msgs/srv/get_model_properties.h
[3.030s] -- Up-to-date: /home/sunny/catkin_ws/install/uuv_gazebo_ros_plugins_msgs/include/uuv_gazebo_ros_plugins_msgs/uuv_gazebo_ros_plugins_msgs/srv/get_float.h
[3.030s] -- Up-to-date: /home/sunny/catkin_ws/install/uuv_gazebo_ros_plugins_msgs/include/uuv_gazebo_ros_plugins_msgs/uuv_gazebo_ros_plugins_msgs/srv/set_thruster_efficiency.h
[3.030s] -- Up-to-date: /home/sunny/catkin_ws/install/uuv_gazebo_ros_plugins_msgs/include/uuv_gazebo_ros_plugins_msgs/uuv_gazebo_ros_plugins_msgs/srv/detail
[3.031s] -- Up-to-date: /home/sunny/catkin_ws/install/uuv_gazebo_ros_plugins_msgs/include/uuv_gazebo_ros_plugins_msgs/uuv_gazebo_ros_plugins_msgs/srv/detail/set_thruster_efficiency__type_support.h
[3.031s] -- Up-to-date: /home/sunny/catkin_ws/install/uuv_gazebo_ros_plugins_msgs/include/uuv_gazebo_ros_plugins_msgs/uuv_gazebo_ros_plugins_msgs/srv/detail/get_float__functions.h
[3.031s] -- Up-to-date: /home/sunny/catkin_ws/install/uuv_gazebo_ros_plugins_msgs/include/uuv_gazebo_ros_plugins_msgs/uuv_gazebo_ros_plugins_msgs/srv/detail/get_thruster_state__struct.h
[3.031s] -- Up-to-date: /home/sunny/catkin_ws/install/uuv_gazebo_ros_plugins_msgs/include/uuv_gazebo_ros_plugins_msgs/uuv_gazebo_ros_plugins_msgs/srv/detail/get_thruster_efficiency__functions.c
[3.031s] -- Up-to-date: /home/sunny/catkin_ws/install/uuv_gazebo_ros_plugins_msgs/include/uuv_gazebo_ros_plugins_msgs/uuv_gazebo_ros_plugins_msgs/srv/detail/set_thruster_efficiency__struct.h
[3.031s] -- Up-to-date: /home/sunny/catkin_ws/install/uuv_gazebo_ros_plugins_msgs/include/uuv_gazebo_ros_plugins_msgs/uuv_gazebo_ros_plugins_msgs/srv/detail/set_use_global_current_vel__functions.c
[3.031s] -- Up-to-date: /home/sunny/catkin_ws/install/uuv_gazebo_ros_plugins_msgs/include/uuv_gazebo_ros_plugins_msgs/uuv_gazebo_ros_plugins_msgs/srv/detail/set_thruster_state__functions.c
[3.031s] -- Up-to-date: /home/sunny/catkin_ws/install/uuv_gazebo_ros_plugins_msgs/include/uuv_gazebo_ros_plugins_msgs/uuv_gazebo_ros_plugins_msgs/srv/detail/set_float__struct.h
[3.032s] -- Up-to-date: /home/sunny/catkin_ws/install/uuv_gazebo_ros_plugins_msgs/include/uuv_gazebo_ros_plugins_msgs/uuv_gazebo_ros_plugins_msgs/srv/detail/set_thruster_efficiency__functions.c
[3.032s] -- Up-to-date: /home/sunny/catkin_ws/install/uuv_gazebo_ros_plugins_msgs/include/uuv_gazebo_ros_plugins_msgs/uuv_gazebo_ros_plugins_msgs/srv/detail/set_float__type_support.h
[3.032s] -- Up-to-date: /home/sunny/catkin_ws/install/uuv_gazebo_ros_plugins_msgs/include/uuv_gazebo_ros_plugins_msgs/uuv_gazebo_ros_plugins_msgs/srv/detail/set_float__functions.h
[3.032s] -- Up-to-date: /home/sunny/catkin_ws/install/uuv_gazebo_ros_plugins_msgs/include/uuv_gazebo_ros_plugins_msgs/uuv_gazebo_ros_plugins_msgs/srv/detail/set_thruster_state__functions.h
[3.032s] -- Up-to-date: /home/sunny/catkin_ws/install/uuv_gazebo_ros_plugins_msgs/include/uuv_gazebo_ros_plugins_msgs/uuv_gazebo_ros_plugins_msgs/srv/detail/get_list_param__struct.h
[3.032s] -- Up-to-date: /home/sunny/catkin_ws/install/uuv_gazebo_ros_plugins_msgs/include/uuv_gazebo_ros_plugins_msgs/uuv_gazebo_ros_plugins_msgs/srv/detail/get_thruster_efficiency__type_support.h
[3.032s] -- Up-to-date: /home/sunny/catkin_ws/install/uuv_gazebo_ros_plugins_msgs/include/uuv_gazebo_ros_plugins_msgs/uuv_gazebo_ros_plugins_msgs/srv/detail/set_thruster_state__struct.h
[3.032s] -- Up-to-date: /home/sunny/catkin_ws/install/uuv_gazebo_ros_plugins_msgs/include/uuv_gazebo_ros_plugins_msgs/uuv_gazebo_ros_plugins_msgs/srv/detail/set_thruster_efficiency__functions.h
[3.032s] -- Up-to-date: /home/sunny/catkin_ws/install/uuv_gazebo_ros_plugins_msgs/include/uuv_gazebo_ros_plugins_msgs/uuv_gazebo_ros_plugins_msgs/srv/detail/set_use_global_current_vel__type_support.h
[3.032s] -- Up-to-date: /home/sunny/catkin_ws/install/uuv_gazebo_ros_plugins_msgs/include/uuv_gazebo_ros_plugins_msgs/uuv_gazebo_ros_plugins_msgs/srv/detail/get_thruster_state__functions.h
[3.032s] -- Up-to-date: /home/sunny/catkin_ws/install/uuv_gazebo_ros_plugins_msgs/include/uuv_gazebo_ros_plugins_msgs/uuv_gazebo_ros_plugins_msgs/srv/detail/set_thruster_state__type_support.h
[3.033s] -- Up-to-date: /home/sunny/catkin_ws/install/uuv_gazebo_ros_plugins_msgs/include/uuv_gazebo_ros_plugins_msgs/uuv_gazebo_ros_plugins_msgs/srv/detail/set_use_global_current_vel__functions.h
[3.033s] -- Up-to-date: /home/sunny/catkin_ws/install/uuv_gazebo_ros_plugins_msgs/include/uuv_gazebo_ros_plugins_msgs/uuv_gazebo_ros_plugins_msgs/srv/detail/set_float__functions.c
[3.033s] -- Up-to-date: /home/sunny/catkin_ws/install/uuv_gazebo_ros_plugins_msgs/include/uuv_gazebo_ros_plugins_msgs/uuv_gazebo_ros_plugins_msgs/srv/detail/get_thruster_state__type_support.h
[3.033s] -- Up-to-date: /home/sunny/catkin_ws/install/uuv_gazebo_ros_plugins_msgs/include/uuv_gazebo_ros_plugins_msgs/uuv_gazebo_ros_plugins_msgs/srv/detail/get_list_param__functions.c
[3.033s] -- Up-to-date: /home/sunny/catkin_ws/install/uuv_gazebo_ros_plugins_msgs/include/uuv_gazebo_ros_plugins_msgs/uuv_gazebo_ros_plugins_msgs/srv/detail/set_use_global_current_vel__struct.h
[3.033s] -- Up-to-date: /home/sunny/catkin_ws/install/uuv_gazebo_ros_plugins_msgs/include/uuv_gazebo_ros_plugins_msgs/uuv_gazebo_ros_plugins_msgs/srv/detail/get_thruster_efficiency__functions.h
[3.033s] -- Up-to-date: /home/sunny/catkin_ws/install/uuv_gazebo_ros_plugins_msgs/include/uuv_gazebo_ros_plugins_msgs/uuv_gazebo_ros_plugins_msgs/srv/detail/get_thruster_conversion_fcn__functions.h
[3.033s] -- Up-to-date: /home/sunny/catkin_ws/install/uuv_gazebo_ros_plugins_msgs/include/uuv_gazebo_ros_plugins_msgs/uuv_gazebo_ros_plugins_msgs/srv/detail/get_model_properties__functions.h
[3.034s] -- Up-to-date: /home/sunny/catkin_ws/install/uuv_gazebo_ros_plugins_msgs/include/uuv_gazebo_ros_plugins_msgs/uuv_gazebo_ros_plugins_msgs/srv/detail/get_thruster_state__functions.c
[3.034s] -- Up-to-date: /home/sunny/catkin_ws/install/uuv_gazebo_ros_plugins_msgs/include/uuv_gazebo_ros_plugins_msgs/uuv_gazebo_ros_plugins_msgs/srv/detail/get_model_properties__type_support.h
[3.034s] -- Up-to-date: /home/sunny/catkin_ws/install/uuv_gazebo_ros_plugins_msgs/include/uuv_gazebo_ros_plugins_msgs/uuv_gazebo_ros_plugins_msgs/srv/detail/get_model_properties__functions.c
[3.035s] -- Up-to-date: /home/sunny/catkin_ws/install/uuv_gazebo_ros_plugins_msgs/include/uuv_gazebo_ros_plugins_msgs/uuv_gazebo_ros_plugins_msgs/srv/detail/get_thruster_conversion_fcn__functions.c
[3.035s] -- Up-to-date: /home/sunny/catkin_ws/install/uuv_gazebo_ros_plugins_msgs/include/uuv_gazebo_ros_plugins_msgs/uuv_gazebo_ros_plugins_msgs/srv/detail/get_thruster_conversion_fcn__type_support.h
[3.035s] -- Up-to-date: /home/sunny/catkin_ws/install/uuv_gazebo_ros_plugins_msgs/include/uuv_gazebo_ros_plugins_msgs/uuv_gazebo_ros_plugins_msgs/srv/detail/get_float__type_support.h
[3.035s] -- Up-to-date: /home/sunny/catkin_ws/install/uuv_gazebo_ros_plugins_msgs/include/uuv_gazebo_ros_plugins_msgs/uuv_gazebo_ros_plugins_msgs/srv/detail/get_float__functions.c
[3.035s] -- Up-to-date: /home/sunny/catkin_ws/install/uuv_gazebo_ros_plugins_msgs/include/uuv_gazebo_ros_plugins_msgs/uuv_gazebo_ros_plugins_msgs/srv/detail/get_thruster_efficiency__struct.h
[3.035s] -- Up-to-date: /home/sunny/catkin_ws/install/uuv_gazebo_ros_plugins_msgs/include/uuv_gazebo_ros_plugins_msgs/uuv_gazebo_ros_plugins_msgs/srv/detail/get_model_properties__struct.h
[3.035s] -- Up-to-date: /home/sunny/catkin_ws/install/uuv_gazebo_ros_plugins_msgs/include/uuv_gazebo_ros_plugins_msgs/uuv_gazebo_ros_plugins_msgs/srv/detail/get_thruster_conversion_fcn__struct.h
[3.035s] -- Up-to-date: /home/sunny/catkin_ws/install/uuv_gazebo_ros_plugins_msgs/include/uuv_gazebo_ros_plugins_msgs/uuv_gazebo_ros_plugins_msgs/srv/detail/get_list_param__functions.h
[3.035s] -- Up-to-date: /home/sunny/catkin_ws/install/uuv_gazebo_ros_plugins_msgs/include/uuv_gazebo_ros_plugins_msgs/uuv_gazebo_ros_plugins_msgs/srv/detail/get_float__struct.h
[3.036s] -- Up-to-date: /home/sunny/catkin_ws/install/uuv_gazebo_ros_plugins_msgs/include/uuv_gazebo_ros_plugins_msgs/uuv_gazebo_ros_plugins_msgs/srv/detail/get_list_param__type_support.h
[3.036s] -- Up-to-date: /home/sunny/catkin_ws/install/uuv_gazebo_ros_plugins_msgs/include/uuv_gazebo_ros_plugins_msgs/uuv_gazebo_ros_plugins_msgs/srv/get_list_param.h
[3.036s] -- Up-to-date: /home/sunny/catkin_ws/install/uuv_gazebo_ros_plugins_msgs/include/uuv_gazebo_ros_plugins_msgs/uuv_gazebo_ros_plugins_msgs/srv/get_thruster_efficiency.h
[3.036s] -- Up-to-date: /home/sunny/catkin_ws/install/uuv_gazebo_ros_plugins_msgs/include/uuv_gazebo_ros_plugins_msgs/uuv_gazebo_ros_plugins_msgs/srv/get_thruster_state.h
[3.036s] -- Up-to-date: /home/sunny/catkin_ws/install/uuv_gazebo_ros_plugins_msgs/include/uuv_gazebo_ros_plugins_msgs/uuv_gazebo_ros_plugins_msgs/srv/set_use_global_current_vel.h
[3.036s] -- Up-to-date: /home/sunny/catkin_ws/install/uuv_gazebo_ros_plugins_msgs/include/uuv_gazebo_ros_plugins_msgs/uuv_gazebo_ros_plugins_msgs/srv/set_float.h
[3.036s] -- Up-to-date: /home/sunny/catkin_ws/install/uuv_gazebo_ros_plugins_msgs/include/uuv_gazebo_ros_plugins_msgs/uuv_gazebo_ros_plugins_msgs/msg
[3.036s] -- Up-to-date: /home/sunny/catkin_ws/install/uuv_gazebo_ros_plugins_msgs/include/uuv_gazebo_ros_plugins_msgs/uuv_gazebo_ros_plugins_msgs/msg/thruster_conversion_fcn.h
[3.036s] -- Up-to-date: /home/sunny/catkin_ws/install/uuv_gazebo_ros_plugins_msgs/include/uuv_gazebo_ros_plugins_msgs/uuv_gazebo_ros_plugins_msgs/msg/detail
[3.037s] -- Up-to-date: /home/sunny/catkin_ws/install/uuv_gazebo_ros_plugins_msgs/include/uuv_gazebo_ros_plugins_msgs/uuv_gazebo_ros_plugins_msgs/msg/detail/thruster_conversion_fcn__functions.c
[3.037s] -- Up-to-date: /home/sunny/catkin_ws/install/uuv_gazebo_ros_plugins_msgs/include/uuv_gazebo_ros_plugins_msgs/uuv_gazebo_ros_plugins_msgs/msg/detail/thruster_conversion_fcn__type_support.h
[3.037s] -- Up-to-date: /home/sunny/catkin_ws/install/uuv_gazebo_ros_plugins_msgs/include/uuv_gazebo_ros_plugins_msgs/uuv_gazebo_ros_plugins_msgs/msg/detail/float_stamped__functions.h
[3.037s] -- Up-to-date: /home/sunny/catkin_ws/install/uuv_gazebo_ros_plugins_msgs/include/uuv_gazebo_ros_plugins_msgs/uuv_gazebo_ros_plugins_msgs/msg/detail/float_stamped__functions.c
[3.037s] -- Up-to-date: /home/sunny/catkin_ws/install/uuv_gazebo_ros_plugins_msgs/include/uuv_gazebo_ros_plugins_msgs/uuv_gazebo_ros_plugins_msgs/msg/detail/underwater_object_model__functions.h
[3.037s] -- Up-to-date: /home/sunny/catkin_ws/install/uuv_gazebo_ros_plugins_msgs/include/uuv_gazebo_ros_plugins_msgs/uuv_gazebo_ros_plugins_msgs/msg/detail/underwater_object_model__struct.h
[3.037s] -- Up-to-date: /home/sunny/catkin_ws/install/uuv_gazebo_ros_plugins_msgs/include/uuv_gazebo_ros_plugins_msgs/uuv_gazebo_ros_plugins_msgs/msg/detail/thruster_conversion_fcn__functions.h
[3.037s] -- Up-to-date: /home/sunny/catkin_ws/install/uuv_gazebo_ros_plugins_msgs/include/uuv_gazebo_ros_plugins_msgs/uuv_gazebo_ros_plugins_msgs/msg/detail/float_stamped__type_support.h
[3.037s] -- Up-to-date: /home/sunny/catkin_ws/install/uuv_gazebo_ros_plugins_msgs/include/uuv_gazebo_ros_plugins_msgs/uuv_gazebo_ros_plugins_msgs/msg/detail/float_stamped__struct.h
[3.037s] -- Up-to-date: /home/sunny/catkin_ws/install/uuv_gazebo_ros_plugins_msgs/include/uuv_gazebo_ros_plugins_msgs/uuv_gazebo_ros_plugins_msgs/msg/detail/thruster_conversion_fcn__struct.h
[3.038s] -- Up-to-date: /home/sunny/catkin_ws/install/uuv_gazebo_ros_plugins_msgs/include/uuv_gazebo_ros_plugins_msgs/uuv_gazebo_ros_plugins_msgs/msg/detail/underwater_object_model__type_support.h
[3.038s] -- Up-to-date: /home/sunny/catkin_ws/install/uuv_gazebo_ros_plugins_msgs/include/uuv_gazebo_ros_plugins_msgs/uuv_gazebo_ros_plugins_msgs/msg/detail/underwater_object_model__functions.c
[3.038s] -- Up-to-date: /home/sunny/catkin_ws/install/uuv_gazebo_ros_plugins_msgs/include/uuv_gazebo_ros_plugins_msgs/uuv_gazebo_ros_plugins_msgs/msg/float_stamped.h
[3.038s] -- Up-to-date: /home/sunny/catkin_ws/install/uuv_gazebo_ros_plugins_msgs/include/uuv_gazebo_ros_plugins_msgs/uuv_gazebo_ros_plugins_msgs/msg/underwater_object_model.h
[3.038s] -- Up-to-date: /home/sunny/catkin_ws/install/uuv_gazebo_ros_plugins_msgs/include/uuv_gazebo_ros_plugins_msgs/uuv_gazebo_ros_plugins_msgs/msg/rosidl_generator_c__visibility_control.h
[3.038s] -- Up-to-date: /home/sunny/catkin_ws/install/uuv_gazebo_ros_plugins_msgs/share/uuv_gazebo_ros_plugins_msgs/environment/library_path.sh
[3.038s] -- Up-to-date: /home/sunny/catkin_ws/install/uuv_gazebo_ros_plugins_msgs/share/uuv_gazebo_ros_plugins_msgs/environment/library_path.dsv
[3.038s] -- Up-to-date: /home/sunny/catkin_ws/install/uuv_gazebo_ros_plugins_msgs/lib/libuuv_gazebo_ros_plugins_msgs__rosidl_generator_c.so
[3.038s] -- Up-to-date: /home/sunny/catkin_ws/install/uuv_gazebo_ros_plugins_msgs/include/uuv_gazebo_ros_plugins_msgs/uuv_gazebo_ros_plugins_msgs
[3.038s] -- Up-to-date: /home/sunny/catkin_ws/install/uuv_gazebo_ros_plugins_msgs/include/uuv_gazebo_ros_plugins_msgs/uuv_gazebo_ros_plugins_msgs/srv
[3.038s] -- Up-to-date: /home/sunny/catkin_ws/install/uuv_gazebo_ros_plugins_msgs/include/uuv_gazebo_ros_plugins_msgs/uuv_gazebo_ros_plugins_msgs/srv/detail
[3.038s] -- Up-to-date: /home/sunny/catkin_ws/install/uuv_gazebo_ros_plugins_msgs/include/uuv_gazebo_ros_plugins_msgs/uuv_gazebo_ros_plugins_msgs/srv/detail/get_float__rosidl_typesupport_fastrtps_c.h
[3.039s] -- Up-to-date: /home/sunny/catkin_ws/install/uuv_gazebo_ros_plugins_msgs/include/uuv_gazebo_ros_plugins_msgs/uuv_gazebo_ros_plugins_msgs/srv/detail/set_thruster_efficiency__rosidl_typesupport_fastrtps_c.h
[3.039s] -- Up-to-date: /home/sunny/catkin_ws/install/uuv_gazebo_ros_plugins_msgs/include/uuv_gazebo_ros_plugins_msgs/uuv_gazebo_ros_plugins_msgs/srv/detail/set_use_global_current_vel__rosidl_typesupport_fastrtps_c.h
[3.039s] -- Up-to-date: /home/sunny/catkin_ws/install/uuv_gazebo_ros_plugins_msgs/include/uuv_gazebo_ros_plugins_msgs/uuv_gazebo_ros_plugins_msgs/srv/detail/set_thruster_state__rosidl_typesupport_fastrtps_c.h
[3.039s] -- Up-to-date: /home/sunny/catkin_ws/install/uuv_gazebo_ros_plugins_msgs/include/uuv_gazebo_ros_plugins_msgs/uuv_gazebo_ros_plugins_msgs/srv/detail/set_float__rosidl_typesupport_fastrtps_c.h
[3.039s] -- Up-to-date: /home/sunny/catkin_ws/install/uuv_gazebo_ros_plugins_msgs/include/uuv_gazebo_ros_plugins_msgs/uuv_gazebo_ros_plugins_msgs/srv/detail/get_thruster_efficiency__rosidl_typesupport_fastrtps_c.h
[3.039s] -- Up-to-date: /home/sunny/catkin_ws/install/uuv_gazebo_ros_plugins_msgs/include/uuv_gazebo_ros_plugins_msgs/uuv_gazebo_ros_plugins_msgs/srv/detail/get_thruster_conversion_fcn__rosidl_typesupport_fastrtps_c.h
[3.039s] -- Up-to-date: /home/sunny/catkin_ws/install/uuv_gazebo_ros_plugins_msgs/include/uuv_gazebo_ros_plugins_msgs/uuv_gazebo_ros_plugins_msgs/srv/detail/get_model_properties__rosidl_typesupport_fastrtps_c.h
[3.039s] -- Up-to-date: /home/sunny/catkin_ws/install/uuv_gazebo_ros_plugins_msgs/include/uuv_gazebo_ros_plugins_msgs/uuv_gazebo_ros_plugins_msgs/srv/detail/get_list_param__rosidl_typesupport_fastrtps_c.h
[3.039s] -- Up-to-date: /home/sunny/catkin_ws/install/uuv_gazebo_ros_plugins_msgs/include/uuv_gazebo_ros_plugins_msgs/uuv_gazebo_ros_plugins_msgs/srv/detail/get_thruster_state__rosidl_typesupport_fastrtps_c.h
[3.040s] -- Up-to-date: /home/sunny/catkin_ws/install/uuv_gazebo_ros_plugins_msgs/include/uuv_gazebo_ros_plugins_msgs/uuv_gazebo_ros_plugins_msgs/msg
[3.040s] -- Up-to-date: /home/sunny/catkin_ws/install/uuv_gazebo_ros_plugins_msgs/include/uuv_gazebo_ros_plugins_msgs/uuv_gazebo_ros_plugins_msgs/msg/detail
[3.040s] -- Up-to-date: /home/sunny/catkin_ws/install/uuv_gazebo_ros_plugins_msgs/include/uuv_gazebo_ros_plugins_msgs/uuv_gazebo_ros_plugins_msgs/msg/detail/thruster_conversion_fcn__rosidl_typesupport_fastrtps_c.h
[3.040s] -- Up-to-date: /home/sunny/catkin_ws/install/uuv_gazebo_ros_plugins_msgs/include/uuv_gazebo_ros_plugins_msgs/uuv_gazebo_ros_plugins_msgs/msg/detail/float_stamped__rosidl_typesupport_fastrtps_c.h
[3.040s] -- Up-to-date: /home/sunny/catkin_ws/install/uuv_gazebo_ros_plugins_msgs/include/uuv_gazebo_ros_plugins_msgs/uuv_gazebo_ros_plugins_msgs/msg/detail/underwater_object_model__rosidl_typesupport_fastrtps_c.h
[3.040s] -- Up-to-date: /home/sunny/catkin_ws/install/uuv_gazebo_ros_plugins_msgs/include/uuv_gazebo_ros_plugins_msgs/uuv_gazebo_ros_plugins_msgs/msg/rosidl_typesupport_fastrtps_c__visibility_control.h
[3.040s] -- Up-to-date: /home/sunny/catkin_ws/install/uuv_gazebo_ros_plugins_msgs/lib/libuuv_gazebo_ros_plugins_msgs__rosidl_typesupport_fastrtps_c.so
[3.040s] -- Up-to-date: /home/sunny/catkin_ws/install/uuv_gazebo_ros_plugins_msgs/include/uuv_gazebo_ros_plugins_msgs/uuv_gazebo_ros_plugins_msgs
[3.040s] -- Up-to-date: /home/sunny/catkin_ws/install/uuv_gazebo_ros_plugins_msgs/include/uuv_gazebo_ros_plugins_msgs/uuv_gazebo_ros_plugins_msgs/srv
[3.041s] -- Up-to-date: /home/sunny/catkin_ws/install/uuv_gazebo_ros_plugins_msgs/include/uuv_gazebo_ros_plugins_msgs/uuv_gazebo_ros_plugins_msgs/srv/detail
[3.041s] -- Up-to-date: /home/sunny/catkin_ws/install/uuv_gazebo_ros_plugins_msgs/include/uuv_gazebo_ros_plugins_msgs/uuv_gazebo_ros_plugins_msgs/srv/detail/set_float__rosidl_typesupport_introspection_c.h
[3.041s] -- Up-to-date: /home/sunny/catkin_ws/install/uuv_gazebo_ros_plugins_msgs/include/uuv_gazebo_ros_plugins_msgs/uuv_gazebo_ros_plugins_msgs/srv/detail/get_model_properties__rosidl_typesupport_introspection_c.h
[3.041s] -- Up-to-date: /home/sunny/catkin_ws/install/uuv_gazebo_ros_plugins_msgs/include/uuv_gazebo_ros_plugins_msgs/uuv_gazebo_ros_plugins_msgs/srv/detail/get_thruster_state__type_support.c
[3.041s] -- Up-to-date: /home/sunny/catkin_ws/install/uuv_gazebo_ros_plugins_msgs/include/uuv_gazebo_ros_plugins_msgs/uuv_gazebo_ros_plugins_msgs/srv/detail/set_thruster_efficiency__type_support.c
[3.041s] -- Up-to-date: /home/sunny/catkin_ws/install/uuv_gazebo_ros_plugins_msgs/include/uuv_gazebo_ros_plugins_msgs/uuv_gazebo_ros_plugins_msgs/srv/detail/get_model_properties__type_support.c
[3.041s] -- Up-to-date: /home/sunny/catkin_ws/install/uuv_gazebo_ros_plugins_msgs/include/uuv_gazebo_ros_plugins_msgs/uuv_gazebo_ros_plugins_msgs/srv/detail/get_thruster_conversion_fcn__type_support.c
[3.041s] -- Up-to-date: /home/sunny/catkin_ws/install/uuv_gazebo_ros_plugins_msgs/include/uuv_gazebo_ros_plugins_msgs/uuv_gazebo_ros_plugins_msgs/srv/detail/get_float__rosidl_typesupport_introspection_c.h
[3.041s] -- Up-to-date: /home/sunny/catkin_ws/install/uuv_gazebo_ros_plugins_msgs/include/uuv_gazebo_ros_plugins_msgs/uuv_gazebo_ros_plugins_msgs/srv/detail/set_thruster_efficiency__rosidl_typesupport_introspection_c.h
[3.041s] -- Up-to-date: /home/sunny/catkin_ws/install/uuv_gazebo_ros_plugins_msgs/include/uuv_gazebo_ros_plugins_msgs/uuv_gazebo_ros_plugins_msgs/srv/detail/set_thruster_state__rosidl_typesupport_introspection_c.h
[3.042s] -- Up-to-date: /home/sunny/catkin_ws/install/uuv_gazebo_ros_plugins_msgs/include/uuv_gazebo_ros_plugins_msgs/uuv_gazebo_ros_plugins_msgs/srv/detail/set_use_global_current_vel__rosidl_typesupport_introspection_c.h
[3.042s] -- Up-to-date: /home/sunny/catkin_ws/install/uuv_gazebo_ros_plugins_msgs/include/uuv_gazebo_ros_plugins_msgs/uuv_gazebo_ros_plugins_msgs/srv/detail/get_float__type_support.c
[3.042s] -- Up-to-date: /home/sunny/catkin_ws/install/uuv_gazebo_ros_plugins_msgs/include/uuv_gazebo_ros_plugins_msgs/uuv_gazebo_ros_plugins_msgs/srv/detail/get_thruster_efficiency__type_support.c
[3.042s] -- Up-to-date: /home/sunny/catkin_ws/install/uuv_gazebo_ros_plugins_msgs/include/uuv_gazebo_ros_plugins_msgs/uuv_gazebo_ros_plugins_msgs/srv/detail/get_list_param__type_support.c
[3.042s] -- Up-to-date: /home/sunny/catkin_ws/install/uuv_gazebo_ros_plugins_msgs/include/uuv_gazebo_ros_plugins_msgs/uuv_gazebo_ros_plugins_msgs/srv/detail/get_thruster_efficiency__rosidl_typesupport_introspection_c.h
[3.042s] -- Up-to-date: /home/sunny/catkin_ws/install/uuv_gazebo_ros_plugins_msgs/include/uuv_gazebo_ros_plugins_msgs/uuv_gazebo_ros_plugins_msgs/srv/detail/set_use_global_current_vel__type_support.c
[3.042s] -- Up-to-date: /home/sunny/catkin_ws/install/uuv_gazebo_ros_plugins_msgs/include/uuv_gazebo_ros_plugins_msgs/uuv_gazebo_ros_plugins_msgs/srv/detail/set_thruster_state__type_support.c
[3.043s] -- Up-to-date: /home/sunny/catkin_ws/install/uuv_gazebo_ros_plugins_msgs/include/uuv_gazebo_ros_plugins_msgs/uuv_gazebo_ros_plugins_msgs/srv/detail/get_thruster_conversion_fcn__rosidl_typesupport_introspection_c.h
[3.043s] -- Up-to-date: /home/sunny/catkin_ws/install/uuv_gazebo_ros_plugins_msgs/include/uuv_gazebo_ros_plugins_msgs/uuv_gazebo_ros_plugins_msgs/srv/detail/set_float__type_support.c
[3.043s] -- Up-to-date: /home/sunny/catkin_ws/install/uuv_gazebo_ros_plugins_msgs/include/uuv_gazebo_ros_plugins_msgs/uuv_gazebo_ros_plugins_msgs/srv/detail/get_list_param__rosidl_typesupport_introspection_c.h
[3.043s] -- Up-to-date: /home/sunny/catkin_ws/install/uuv_gazebo_ros_plugins_msgs/include/uuv_gazebo_ros_plugins_msgs/uuv_gazebo_ros_plugins_msgs/srv/detail/get_thruster_state__rosidl_typesupport_introspection_c.h
[3.043s] -- Up-to-date: /home/sunny/catkin_ws/install/uuv_gazebo_ros_plugins_msgs/include/uuv_gazebo_ros_plugins_msgs/uuv_gazebo_ros_plugins_msgs/msg
[3.043s] -- Up-to-date: /home/sunny/catkin_ws/install/uuv_gazebo_ros_plugins_msgs/include/uuv_gazebo_ros_plugins_msgs/uuv_gazebo_ros_plugins_msgs/msg/rosidl_typesupport_introspection_c__visibility_control.h
[3.043s] -- Up-to-date: /home/sunny/catkin_ws/install/uuv_gazebo_ros_plugins_msgs/include/uuv_gazebo_ros_plugins_msgs/uuv_gazebo_ros_plugins_msgs/msg/detail
[3.043s] -- Up-to-date: /home/sunny/catkin_ws/install/uuv_gazebo_ros_plugins_msgs/include/uuv_gazebo_ros_plugins_msgs/uuv_gazebo_ros_plugins_msgs/msg/detail/float_stamped__type_support.c
[3.044s] -- Up-to-date: /home/sunny/catkin_ws/install/uuv_gazebo_ros_plugins_msgs/include/uuv_gazebo_ros_plugins_msgs/uuv_gazebo_ros_plugins_msgs/msg/detail/float_stamped__rosidl_typesupport_introspection_c.h
[3.044s] -- Up-to-date: /home/sunny/catkin_ws/install/uuv_gazebo_ros_plugins_msgs/include/uuv_gazebo_ros_plugins_msgs/uuv_gazebo_ros_plugins_msgs/msg/detail/underwater_object_model__rosidl_typesupport_introspection_c.h
[3.044s] -- Up-to-date: /home/sunny/catkin_ws/install/uuv_gazebo_ros_plugins_msgs/include/uuv_gazebo_ros_plugins_msgs/uuv_gazebo_ros_plugins_msgs/msg/detail/thruster_conversion_fcn__rosidl_typesupport_introspection_c.h
[3.044s] -- Up-to-date: /home/sunny/catkin_ws/install/uuv_gazebo_ros_plugins_msgs/include/uuv_gazebo_ros_plugins_msgs/uuv_gazebo_ros_plugins_msgs/msg/detail/underwater_object_model__type_support.c
[3.044s] -- Up-to-date: /home/sunny/catkin_ws/install/uuv_gazebo_ros_plugins_msgs/include/uuv_gazebo_ros_plugins_msgs/uuv_gazebo_ros_plugins_msgs/msg/detail/thruster_conversion_fcn__type_support.c
[3.044s] -- Up-to-date: /home/sunny/catkin_ws/install/uuv_gazebo_ros_plugins_msgs/lib/libuuv_gazebo_ros_plugins_msgs__rosidl_typesupport_introspection_c.so
[3.044s] -- Up-to-date: /home/sunny/catkin_ws/install/uuv_gazebo_ros_plugins_msgs/lib/libuuv_gazebo_ros_plugins_msgs__rosidl_typesupport_c.so
[3.044s] -- Up-to-date: /home/sunny/catkin_ws/install/uuv_gazebo_ros_plugins_msgs/include/uuv_gazebo_ros_plugins_msgs/uuv_gazebo_ros_plugins_msgs
[3.044s] -- Up-to-date: /home/sunny/catkin_ws/install/uuv_gazebo_ros_plugins_msgs/include/uuv_gazebo_ros_plugins_msgs/uuv_gazebo_ros_plugins_msgs/srv
[3.045s] -- Up-to-date: /home/sunny/catkin_ws/install/uuv_gazebo_ros_plugins_msgs/include/uuv_gazebo_ros_plugins_msgs/uuv_gazebo_ros_plugins_msgs/srv/set_use_global_current_vel.hpp
[3.045s] -- Up-to-date: /home/sunny/catkin_ws/install/uuv_gazebo_ros_plugins_msgs/include/uuv_gazebo_ros_plugins_msgs/uuv_gazebo_ros_plugins_msgs/srv/get_thruster_conversion_fcn.hpp
[3.045s] -- Up-to-date: /home/sunny/catkin_ws/install/uuv_gazebo_ros_plugins_msgs/include/uuv_gazebo_ros_plugins_msgs/uuv_gazebo_ros_plugins_msgs/srv/detail
[3.045s] -- Up-to-date: /home/sunny/catkin_ws/install/uuv_gazebo_ros_plugins_msgs/include/uuv_gazebo_ros_plugins_msgs/uuv_gazebo_ros_plugins_msgs/srv/detail/get_thruster_state__struct.hpp
[3.045s] -- Up-to-date: /home/sunny/catkin_ws/install/uuv_gazebo_ros_plugins_msgs/include/uuv_gazebo_ros_plugins_msgs/uuv_gazebo_ros_plugins_msgs/srv/detail/get_thruster_efficiency__builder.hpp
[3.045s] -- Up-to-date: /home/sunny/catkin_ws/install/uuv_gazebo_ros_plugins_msgs/include/uuv_gazebo_ros_plugins_msgs/uuv_gazebo_ros_plugins_msgs/srv/detail/set_use_global_current_vel__builder.hpp
[3.045s] -- Up-to-date: /home/sunny/catkin_ws/install/uuv_gazebo_ros_plugins_msgs/include/uuv_gazebo_ros_plugins_msgs/uuv_gazebo_ros_plugins_msgs/srv/detail/get_list_param__traits.hpp
[3.045s] -- Up-to-date: /home/sunny/catkin_ws/install/uuv_gazebo_ros_plugins_msgs/include/uuv_gazebo_ros_plugins_msgs/uuv_gazebo_ros_plugins_msgs/srv/detail/get_float__traits.hpp
[3.045s] -- Up-to-date: /home/sunny/catkin_ws/install/uuv_gazebo_ros_plugins_msgs/include/uuv_gazebo_ros_plugins_msgs/uuv_gazebo_ros_plugins_msgs/srv/detail/get_thruster_conversion_fcn__struct.hpp
[3.046s] -- Up-to-date: /home/sunny/catkin_ws/install/uuv_gazebo_ros_plugins_msgs/include/uuv_gazebo_ros_plugins_msgs/uuv_gazebo_ros_plugins_msgs/srv/detail/get_model_properties__builder.hpp
[3.046s] -- Up-to-date: /home/sunny/catkin_ws/install/uuv_gazebo_ros_plugins_msgs/include/uuv_gazebo_ros_plugins_msgs/uuv_gazebo_ros_plugins_msgs/srv/detail/set_float__traits.hpp
[3.046s] -- Up-to-date: /home/sunny/catkin_ws/install/uuv_gazebo_ros_plugins_msgs/include/uuv_gazebo_ros_plugins_msgs/uuv_gazebo_ros_plugins_msgs/srv/detail/get_float__builder.hpp
[3.046s] -- Up-to-date: /home/sunny/catkin_ws/install/uuv_gazebo_ros_plugins_msgs/include/uuv_gazebo_ros_plugins_msgs/uuv_gazebo_ros_plugins_msgs/srv/detail/set_float__struct.hpp
[3.046s] -- Up-to-date: /home/sunny/catkin_ws/install/uuv_gazebo_ros_plugins_msgs/include/uuv_gazebo_ros_plugins_msgs/uuv_gazebo_ros_plugins_msgs/srv/detail/set_thruster_efficiency__builder.hpp
[3.046s] -- Up-to-date: /home/sunny/catkin_ws/install/uuv_gazebo_ros_plugins_msgs/include/uuv_gazebo_ros_plugins_msgs/uuv_gazebo_ros_plugins_msgs/srv/detail/get_list_param__struct.hpp
[3.046s] -- Up-to-date: /home/sunny/catkin_ws/install/uuv_gazebo_ros_plugins_msgs/include/uuv_gazebo_ros_plugins_msgs/uuv_gazebo_ros_plugins_msgs/srv/detail/get_thruster_state__builder.hpp
[3.047s] -- Up-to-date: /home/sunny/catkin_ws/install/uuv_gazebo_ros_plugins_msgs/include/uuv_gazebo_ros_plugins_msgs/uuv_gazebo_ros_plugins_msgs/srv/detail/set_float__builder.hpp
[3.047s] -- Up-to-date: /home/sunny/catkin_ws/install/uuv_gazebo_ros_plugins_msgs/include/uuv_gazebo_ros_plugins_msgs/uuv_gazebo_ros_plugins_msgs/srv/detail/get_thruster_conversion_fcn__traits.hpp
[3.047s] -- Up-to-date: /home/sunny/catkin_ws/install/uuv_gazebo_ros_plugins_msgs/include/uuv_gazebo_ros_plugins_msgs/uuv_gazebo_ros_plugins_msgs/srv/detail/get_thruster_conversion_fcn__builder.hpp
[3.047s] -- Up-to-date: /home/sunny/catkin_ws/install/uuv_gazebo_ros_plugins_msgs/include/uuv_gazebo_ros_plugins_msgs/uuv_gazebo_ros_plugins_msgs/srv/detail/get_thruster_efficiency__traits.hpp
[3.047s] -- Up-to-date: /home/sunny/catkin_ws/install/uuv_gazebo_ros_plugins_msgs/include/uuv_gazebo_ros_plugins_msgs/uuv_gazebo_ros_plugins_msgs/srv/detail/set_thruster_state__builder.hpp
[3.047s] -- Up-to-date: /home/sunny/catkin_ws/install/uuv_gazebo_ros_plugins_msgs/include/uuv_gazebo_ros_plugins_msgs/uuv_gazebo_ros_plugins_msgs/srv/detail/set_thruster_state__traits.hpp
[3.048s] -- Up-to-date: /home/sunny/catkin_ws/install/uuv_gazebo_ros_plugins_msgs/include/uuv_gazebo_ros_plugins_msgs/uuv_gazebo_ros_plugins_msgs/srv/detail/get_list_param__builder.hpp
[3.048s] -- Up-to-date: /home/sunny/catkin_ws/install/uuv_gazebo_ros_plugins_msgs/include/uuv_gazebo_ros_plugins_msgs/uuv_gazebo_ros_plugins_msgs/srv/detail/get_thruster_state__traits.hpp
[3.048s] -- Up-to-date: /home/sunny/catkin_ws/install/uuv_gazebo_ros_plugins_msgs/include/uuv_gazebo_ros_plugins_msgs/uuv_gazebo_ros_plugins_msgs/srv/detail/set_thruster_efficiency__traits.hpp
[3.048s] -- Up-to-date: /home/sunny/catkin_ws/install/uuv_gazebo_ros_plugins_msgs/include/uuv_gazebo_ros_plugins_msgs/uuv_gazebo_ros_plugins_msgs/srv/detail/get_model_properties__traits.hpp
[3.048s] -- Up-to-date: /home/sunny/catkin_ws/install/uuv_gazebo_ros_plugins_msgs/include/uuv_gazebo_ros_plugins_msgs/uuv_gazebo_ros_plugins_msgs/srv/detail/set_thruster_state__struct.hpp
[3.048s] -- Up-to-date: /home/sunny/catkin_ws/install/uuv_gazebo_ros_plugins_msgs/include/uuv_gazebo_ros_plugins_msgs/uuv_gazebo_ros_plugins_msgs/srv/detail/set_use_global_current_vel__traits.hpp
[3.048s] -- Up-to-date: /home/sunny/catkin_ws/install/uuv_gazebo_ros_plugins_msgs/include/uuv_gazebo_ros_plugins_msgs/uuv_gazebo_ros_plugins_msgs/srv/detail/set_thruster_efficiency__struct.hpp
[3.048s] -- Up-to-date: /home/sunny/catkin_ws/install/uuv_gazebo_ros_plugins_msgs/include/uuv_gazebo_ros_plugins_msgs/uuv_gazebo_ros_plugins_msgs/srv/detail/get_model_properties__struct.hpp
[3.048s] -- Up-to-date: /home/sunny/catkin_ws/install/uuv_gazebo_ros_plugins_msgs/include/uuv_gazebo_ros_plugins_msgs/uuv_gazebo_ros_plugins_msgs/srv/detail/get_float__struct.hpp
[3.049s] -- Up-to-date: /home/sunny/catkin_ws/install/uuv_gazebo_ros_plugins_msgs/include/uuv_gazebo_ros_plugins_msgs/uuv_gazebo_ros_plugins_msgs/srv/detail/get_thruster_efficiency__struct.hpp
[3.049s] -- Up-to-date: /home/sunny/catkin_ws/install/uuv_gazebo_ros_plugins_msgs/include/uuv_gazebo_ros_plugins_msgs/uuv_gazebo_ros_plugins_msgs/srv/detail/set_use_global_current_vel__struct.hpp
[3.049s] -- Up-to-date: /home/sunny/catkin_ws/install/uuv_gazebo_ros_plugins_msgs/include/uuv_gazebo_ros_plugins_msgs/uuv_gazebo_ros_plugins_msgs/srv/get_list_param.hpp
[3.049s] -- Up-to-date: /home/sunny/catkin_ws/install/uuv_gazebo_ros_plugins_msgs/include/uuv_gazebo_ros_plugins_msgs/uuv_gazebo_ros_plugins_msgs/srv/set_float.hpp
[3.049s] -- Up-to-date: /home/sunny/catkin_ws/install/uuv_gazebo_ros_plugins_msgs/include/uuv_gazebo_ros_plugins_msgs/uuv_gazebo_ros_plugins_msgs/srv/get_float.hpp
[3.049s] -- Up-to-date: /home/sunny/catkin_ws/install/uuv_gazebo_ros_plugins_msgs/include/uuv_gazebo_ros_plugins_msgs/uuv_gazebo_ros_plugins_msgs/srv/set_thruster_state.hpp
[3.049s] -- Up-to-date: /home/sunny/catkin_ws/install/uuv_gazebo_ros_plugins_msgs/include/uuv_gazebo_ros_plugins_msgs/uuv_gazebo_ros_plugins_msgs/srv/set_thruster_efficiency.hpp
[3.049s] -- Up-to-date: /home/sunny/catkin_ws/install/uuv_gazebo_ros_plugins_msgs/include/uuv_gazebo_ros_plugins_msgs/uuv_gazebo_ros_plugins_msgs/srv/get_thruster_state.hpp
[3.049s] -- Up-to-date: /home/sunny/catkin_ws/install/uuv_gazebo_ros_plugins_msgs/include/uuv_gazebo_ros_plugins_msgs/uuv_gazebo_ros_plugins_msgs/srv/get_model_properties.hpp
[3.049s] -- Up-to-date: /home/sunny/catkin_ws/install/uuv_gazebo_ros_plugins_msgs/include/uuv_gazebo_ros_plugins_msgs/uuv_gazebo_ros_plugins_msgs/srv/get_thruster_efficiency.hpp
[3.049s] -- Up-to-date: /home/sunny/catkin_ws/install/uuv_gazebo_ros_plugins_msgs/include/uuv_gazebo_ros_plugins_msgs/uuv_gazebo_ros_plugins_msgs/msg
[3.049s] -- Up-to-date: /home/sunny/catkin_ws/install/uuv_gazebo_ros_plugins_msgs/include/uuv_gazebo_ros_plugins_msgs/uuv_gazebo_ros_plugins_msgs/msg/thruster_conversion_fcn.hpp
[3.049s] -- Up-to-date: /home/sunny/catkin_ws/install/uuv_gazebo_ros_plugins_msgs/include/uuv_gazebo_ros_plugins_msgs/uuv_gazebo_ros_plugins_msgs/msg/float_stamped.hpp
[3.049s] -- Up-to-date: /home/sunny/catkin_ws/install/uuv_gazebo_ros_plugins_msgs/include/uuv_gazebo_ros_plugins_msgs/uuv_gazebo_ros_plugins_msgs/msg/detail
[3.049s] -- Up-to-date: /home/sunny/catkin_ws/install/uuv_gazebo_ros_plugins_msgs/include/uuv_gazebo_ros_plugins_msgs/uuv_gazebo_ros_plugins_msgs/msg/detail/float_stamped__struct.hpp
[3.050s] -- Up-to-date: /home/sunny/catkin_ws/install/uuv_gazebo_ros_plugins_msgs/include/uuv_gazebo_ros_plugins_msgs/uuv_gazebo_ros_plugins_msgs/msg/detail/thruster_conversion_fcn__struct.hpp
[3.050s] -- Up-to-date: /home/sunny/catkin_ws/install/uuv_gazebo_ros_plugins_msgs/include/uuv_gazebo_ros_plugins_msgs/uuv_gazebo_ros_plugins_msgs/msg/detail/underwater_object_model__builder.hpp
[3.050s] -- Up-to-date: /home/sunny/catkin_ws/install/uuv_gazebo_ros_plugins_msgs/include/uuv_gazebo_ros_plugins_msgs/uuv_gazebo_ros_plugins_msgs/msg/detail/underwater_object_model__struct.hpp
[3.050s] -- Up-to-date: /home/sunny/catkin_ws/install/uuv_gazebo_ros_plugins_msgs/include/uuv_gazebo_ros_plugins_msgs/uuv_gazebo_ros_plugins_msgs/msg/detail/float_stamped__builder.hpp
[3.050s] -- Up-to-date: /home/sunny/catkin_ws/install/uuv_gazebo_ros_plugins_msgs/include/uuv_gazebo_ros_plugins_msgs/uuv_gazebo_ros_plugins_msgs/msg/detail/thruster_conversion_fcn__builder.hpp
[3.050s] -- Up-to-date: /home/sunny/catkin_ws/install/uuv_gazebo_ros_plugins_msgs/include/uuv_gazebo_ros_plugins_msgs/uuv_gazebo_ros_plugins_msgs/msg/detail/underwater_object_model__traits.hpp
[3.050s] -- Up-to-date: /home/sunny/catkin_ws/install/uuv_gazebo_ros_plugins_msgs/include/uuv_gazebo_ros_plugins_msgs/uuv_gazebo_ros_plugins_msgs/msg/detail/float_stamped__traits.hpp
[3.050s] -- Up-to-date: /home/sunny/catkin_ws/install/uuv_gazebo_ros_plugins_msgs/include/uuv_gazebo_ros_plugins_msgs/uuv_gazebo_ros_plugins_msgs/msg/detail/thruster_conversion_fcn__traits.hpp
[3.050s] -- Up-to-date: /home/sunny/catkin_ws/install/uuv_gazebo_ros_plugins_msgs/include/uuv_gazebo_ros_plugins_msgs/uuv_gazebo_ros_plugins_msgs/msg/underwater_object_model.hpp
[3.051s] -- Up-to-date: /home/sunny/catkin_ws/install/uuv_gazebo_ros_plugins_msgs/include/uuv_gazebo_ros_plugins_msgs/uuv_gazebo_ros_plugins_msgs
[3.051s] -- Up-to-date: /home/sunny/catkin_ws/install/uuv_gazebo_ros_plugins_msgs/include/uuv_gazebo_ros_plugins_msgs/uuv_gazebo_ros_plugins_msgs/srv
[3.051s] -- Up-to-date: /home/sunny/catkin_ws/install/uuv_gazebo_ros_plugins_msgs/include/uuv_gazebo_ros_plugins_msgs/uuv_gazebo_ros_plugins_msgs/srv/detail
[3.051s] -- Up-to-date: /home/sunny/catkin_ws/install/uuv_gazebo_ros_plugins_msgs/include/uuv_gazebo_ros_plugins_msgs/uuv_gazebo_ros_plugins_msgs/srv/detail/get_thruster_efficiency__rosidl_typesupport_fastrtps_cpp.hpp
[3.051s] -- Up-to-date: /home/sunny/catkin_ws/install/uuv_gazebo_ros_plugins_msgs/include/uuv_gazebo_ros_plugins_msgs/uuv_gazebo_ros_plugins_msgs/srv/detail/set_thruster_efficiency__rosidl_typesupport_fastrtps_cpp.hpp
[3.051s] -- Up-to-date: /home/sunny/catkin_ws/install/uuv_gazebo_ros_plugins_msgs/include/uuv_gazebo_ros_plugins_msgs/uuv_gazebo_ros_plugins_msgs/srv/detail/get_float__rosidl_typesupport_fastrtps_cpp.hpp
[3.051s] -- Up-to-date: /home/sunny/catkin_ws/install/uuv_gazebo_ros_plugins_msgs/include/uuv_gazebo_ros_plugins_msgs/uuv_gazebo_ros_plugins_msgs/srv/detail/set_use_global_current_vel__rosidl_typesupport_fastrtps_cpp.hpp
[3.051s] -- Up-to-date: /home/sunny/catkin_ws/install/uuv_gazebo_ros_plugins_msgs/include/uuv_gazebo_ros_plugins_msgs/uuv_gazebo_ros_plugins_msgs/srv/detail/set_float__rosidl_typesupport_fastrtps_cpp.hpp
[3.051s] -- Up-to-date: /home/sunny/catkin_ws/install/uuv_gazebo_ros_plugins_msgs/include/uuv_gazebo_ros_plugins_msgs/uuv_gazebo_ros_plugins_msgs/srv/detail/get_model_properties__rosidl_typesupport_fastrtps_cpp.hpp
[3.051s] -- Up-to-date: /home/sunny/catkin_ws/install/uuv_gazebo_ros_plugins_msgs/include/uuv_gazebo_ros_plugins_msgs/uuv_gazebo_ros_plugins_msgs/srv/detail/get_thruster_state__rosidl_typesupport_fastrtps_cpp.hpp
[3.051s] -- Up-to-date: /home/sunny/catkin_ws/install/uuv_gazebo_ros_plugins_msgs/include/uuv_gazebo_ros_plugins_msgs/uuv_gazebo_ros_plugins_msgs/srv/detail/get_list_param__rosidl_typesupport_fastrtps_cpp.hpp
[3.051s] -- Up-to-date: /home/sunny/catkin_ws/install/uuv_gazebo_ros_plugins_msgs/include/uuv_gazebo_ros_plugins_msgs/uuv_gazebo_ros_plugins_msgs/srv/detail/set_thruster_state__rosidl_typesupport_fastrtps_cpp.hpp
[3.051s] -- Up-to-date: /home/sunny/catkin_ws/install/uuv_gazebo_ros_plugins_msgs/include/uuv_gazebo_ros_plugins_msgs/uuv_gazebo_ros_plugins_msgs/srv/detail/get_thruster_conversion_fcn__rosidl_typesupport_fastrtps_cpp.hpp
[3.052s] -- Up-to-date: /home/sunny/catkin_ws/install/uuv_gazebo_ros_plugins_msgs/include/uuv_gazebo_ros_plugins_msgs/uuv_gazebo_ros_plugins_msgs/srv/detail/dds_fastrtps
[3.052s] -- Up-to-date: /home/sunny/catkin_ws/install/uuv_gazebo_ros_plugins_msgs/include/uuv_gazebo_ros_plugins_msgs/uuv_gazebo_ros_plugins_msgs/msg
[3.052s] -- Up-to-date: /home/sunny/catkin_ws/install/uuv_gazebo_ros_plugins_msgs/include/uuv_gazebo_ros_plugins_msgs/uuv_gazebo_ros_plugins_msgs/msg/detail
[3.052s] -- Up-to-date: /home/sunny/catkin_ws/install/uuv_gazebo_ros_plugins_msgs/include/uuv_gazebo_ros_plugins_msgs/uuv_gazebo_ros_plugins_msgs/msg/detail/underwater_object_model__rosidl_typesupport_fastrtps_cpp.hpp
[3.052s] -- Up-to-date: /home/sunny/catkin_ws/install/uuv_gazebo_ros_plugins_msgs/include/uuv_gazebo_ros_plugins_msgs/uuv_gazebo_ros_plugins_msgs/msg/detail/thruster_conversion_fcn__rosidl_typesupport_fastrtps_cpp.hpp
[3.052s] -- Up-to-date: /home/sunny/catkin_ws/install/uuv_gazebo_ros_plugins_msgs/include/uuv_gazebo_ros_plugins_msgs/uuv_gazebo_ros_plugins_msgs/msg/detail/float_stamped__rosidl_typesupport_fastrtps_cpp.hpp
[3.052s] -- Up-to-date: /home/sunny/catkin_ws/install/uuv_gazebo_ros_plugins_msgs/include/uuv_gazebo_ros_plugins_msgs/uuv_gazebo_ros_plugins_msgs/msg/detail/dds_fastrtps
[3.052s] -- Up-to-date: /home/sunny/catkin_ws/install/uuv_gazebo_ros_plugins_msgs/include/uuv_gazebo_ros_plugins_msgs/uuv_gazebo_ros_plugins_msgs/msg/rosidl_typesupport_fastrtps_cpp__visibility_control.h
[3.052s] -- Up-to-date: /home/sunny/catkin_ws/install/uuv_gazebo_ros_plugins_msgs/lib/libuuv_gazebo_ros_plugins_msgs__rosidl_typesupport_fastrtps_cpp.so
[3.052s] -- Up-to-date: /home/sunny/catkin_ws/install/uuv_gazebo_ros_plugins_msgs/include/uuv_gazebo_ros_plugins_msgs/uuv_gazebo_ros_plugins_msgs
[3.052s] -- Up-to-date: /home/sunny/catkin_ws/install/uuv_gazebo_ros_plugins_msgs/include/uuv_gazebo_ros_plugins_msgs/uuv_gazebo_ros_plugins_msgs/srv
[3.052s] -- Up-to-date: /home/sunny/catkin_ws/install/uuv_gazebo_ros_plugins_msgs/include/uuv_gazebo_ros_plugins_msgs/uuv_gazebo_ros_plugins_msgs/srv/detail
[3.053s] -- Up-to-date: /home/sunny/catkin_ws/install/uuv_gazebo_ros_plugins_msgs/include/uuv_gazebo_ros_plugins_msgs/uuv_gazebo_ros_plugins_msgs/srv/detail/get_model_properties__rosidl_typesupport_introspection_cpp.hpp
[3.053s] -- Up-to-date: /home/sunny/catkin_ws/install/uuv_gazebo_ros_plugins_msgs/include/uuv_gazebo_ros_plugins_msgs/uuv_gazebo_ros_plugins_msgs/srv/detail/get_thruster_conversion_fcn__rosidl_typesupport_introspection_cpp.hpp
[3.053s] -- Up-to-date: /home/sunny/catkin_ws/install/uuv_gazebo_ros_plugins_msgs/include/uuv_gazebo_ros_plugins_msgs/uuv_gazebo_ros_plugins_msgs/srv/detail/set_thruster_efficiency__rosidl_typesupport_introspection_cpp.hpp
[3.053s] -- Up-to-date: /home/sunny/catkin_ws/install/uuv_gazebo_ros_plugins_msgs/include/uuv_gazebo_ros_plugins_msgs/uuv_gazebo_ros_plugins_msgs/srv/detail/get_list_param__type_support.cpp
[3.053s] -- Up-to-date: /home/sunny/catkin_ws/install/uuv_gazebo_ros_plugins_msgs/include/uuv_gazebo_ros_plugins_msgs/uuv_gazebo_ros_plugins_msgs/srv/detail/get_thruster_state__rosidl_typesupport_introspection_cpp.hpp
[3.053s] -- Up-to-date: /home/sunny/catkin_ws/install/uuv_gazebo_ros_plugins_msgs/include/uuv_gazebo_ros_plugins_msgs/uuv_gazebo_ros_plugins_msgs/srv/detail/get_float__type_support.cpp
[3.053s] -- Up-to-date: /home/sunny/catkin_ws/install/uuv_gazebo_ros_plugins_msgs/include/uuv_gazebo_ros_plugins_msgs/uuv_gazebo_ros_plugins_msgs/srv/detail/get_thruster_efficiency__type_support.cpp
[3.053s] -- Up-to-date: /home/sunny/catkin_ws/install/uuv_gazebo_ros_plugins_msgs/include/uuv_gazebo_ros_plugins_msgs/uuv_gazebo_ros_plugins_msgs/srv/detail/set_thruster_state__rosidl_typesupport_introspection_cpp.hpp
[3.053s] -- Up-to-date: /home/sunny/catkin_ws/install/uuv_gazebo_ros_plugins_msgs/include/uuv_gazebo_ros_plugins_msgs/uuv_gazebo_ros_plugins_msgs/srv/detail/get_list_param__rosidl_typesupport_introspection_cpp.hpp
[3.053s] -- Up-to-date: /home/sunny/catkin_ws/install/uuv_gazebo_ros_plugins_msgs/include/uuv_gazebo_ros_plugins_msgs/uuv_gazebo_ros_plugins_msgs/srv/detail/set_float__type_support.cpp
[3.054s] -- Up-to-date: /home/sunny/catkin_ws/install/uuv_gazebo_ros_plugins_msgs/include/uuv_gazebo_ros_plugins_msgs/uuv_gazebo_ros_plugins_msgs/srv/detail/set_use_global_current_vel__type_support.cpp
[3.054s] -- Up-to-date: /home/sunny/catkin_ws/install/uuv_gazebo_ros_plugins_msgs/include/uuv_gazebo_ros_plugins_msgs/uuv_gazebo_ros_plugins_msgs/srv/detail/set_use_global_current_vel__rosidl_typesupport_introspection_cpp.hpp
[3.054s] -- Up-to-date: /home/sunny/catkin_ws/install/uuv_gazebo_ros_plugins_msgs/include/uuv_gazebo_ros_plugins_msgs/uuv_gazebo_ros_plugins_msgs/srv/detail/set_float__rosidl_typesupport_introspection_cpp.hpp
[3.054s] -- Up-to-date: /home/sunny/catkin_ws/install/uuv_gazebo_ros_plugins_msgs/include/uuv_gazebo_ros_plugins_msgs/uuv_gazebo_ros_plugins_msgs/srv/detail/set_thruster_efficiency__type_support.cpp
[3.054s] -- Up-to-date: /home/sunny/catkin_ws/install/uuv_gazebo_ros_plugins_msgs/include/uuv_gazebo_ros_plugins_msgs/uuv_gazebo_ros_plugins_msgs/srv/detail/get_thruster_efficiency__rosidl_typesupport_introspection_cpp.hpp
[3.054s] -- Up-to-date: /home/sunny/catkin_ws/install/uuv_gazebo_ros_plugins_msgs/include/uuv_gazebo_ros_plugins_msgs/uuv_gazebo_ros_plugins_msgs/srv/detail/set_thruster_state__type_support.cpp
[3.055s] -- Up-to-date: /home/sunny/catkin_ws/install/uuv_gazebo_ros_plugins_msgs/include/uuv_gazebo_ros_plugins_msgs/uuv_gazebo_ros_plugins_msgs/srv/detail/get_thruster_state__type_support.cpp
[3.055s] -- Up-to-date: /home/sunny/catkin_ws/install/uuv_gazebo_ros_plugins_msgs/include/uuv_gazebo_ros_plugins_msgs/uuv_gazebo_ros_plugins_msgs/srv/detail/get_model_properties__type_support.cpp
[3.055s] -- Up-to-date: /home/sunny/catkin_ws/install/uuv_gazebo_ros_plugins_msgs/include/uuv_gazebo_ros_plugins_msgs/uuv_gazebo_ros_plugins_msgs/srv/detail/get_thruster_conversion_fcn__type_support.cpp
[3.055s] -- Up-to-date: /home/sunny/catkin_ws/install/uuv_gazebo_ros_plugins_msgs/include/uuv_gazebo_ros_plugins_msgs/uuv_gazebo_ros_plugins_msgs/srv/detail/get_float__rosidl_typesupport_introspection_cpp.hpp
[3.055s] -- Up-to-date: /home/sunny/catkin_ws/install/uuv_gazebo_ros_plugins_msgs/include/uuv_gazebo_ros_plugins_msgs/uuv_gazebo_ros_plugins_msgs/msg
[3.055s] -- Up-to-date: /home/sunny/catkin_ws/install/uuv_gazebo_ros_plugins_msgs/include/uuv_gazebo_ros_plugins_msgs/uuv_gazebo_ros_plugins_msgs/msg/detail
[3.055s] -- Up-to-date: /home/sunny/catkin_ws/install/uuv_gazebo_ros_plugins_msgs/include/uuv_gazebo_ros_plugins_msgs/uuv_gazebo_ros_plugins_msgs/msg/detail/float_stamped__type_support.cpp
[3.055s] -- Up-to-date: /home/sunny/catkin_ws/install/uuv_gazebo_ros_plugins_msgs/include/uuv_gazebo_ros_plugins_msgs/uuv_gazebo_ros_plugins_msgs/msg/detail/underwater_object_model__rosidl_typesupport_introspection_cpp.hpp
[3.056s] -- Up-to-date: /home/sunny/catkin_ws/install/uuv_gazebo_ros_plugins_msgs/include/uuv_gazebo_ros_plugins_msgs/uuv_gazebo_ros_plugins_msgs/msg/detail/thruster_conversion_fcn__rosidl_typesupport_introspection_cpp.hpp
[3.056s] -- Up-to-date: /home/sunny/catkin_ws/install/uuv_gazebo_ros_plugins_msgs/include/uuv_gazebo_ros_plugins_msgs/uuv_gazebo_ros_plugins_msgs/msg/detail/underwater_object_model__type_support.cpp
[3.056s] -- Up-to-date: /home/sunny/catkin_ws/install/uuv_gazebo_ros_plugins_msgs/include/uuv_gazebo_ros_plugins_msgs/uuv_gazebo_ros_plugins_msgs/msg/detail/float_stamped__rosidl_typesupport_introspection_cpp.hpp
[3.056s] -- Up-to-date: /home/sunny/catkin_ws/install/uuv_gazebo_ros_plugins_msgs/include/uuv_gazebo_ros_plugins_msgs/uuv_gazebo_ros_plugins_msgs/msg/detail/thruster_conversion_fcn__type_support.cpp
[3.056s] -- Up-to-date: /home/sunny/catkin_ws/install/uuv_gazebo_ros_plugins_msgs/lib/libuuv_gazebo_ros_plugins_msgs__rosidl_typesupport_introspection_cpp.so
[3.056s] -- Up-to-date: /home/sunny/catkin_ws/install/uuv_gazebo_ros_plugins_msgs/lib/libuuv_gazebo_ros_plugins_msgs__rosidl_typesupport_cpp.so
[3.056s] -- Up-to-date: /home/sunny/catkin_ws/install/uuv_gazebo_ros_plugins_msgs/share/uuv_gazebo_ros_plugins_msgs/environment/pythonpath.sh
[3.056s] -- Up-to-date: /home/sunny/catkin_ws/install/uuv_gazebo_ros_plugins_msgs/share/uuv_gazebo_ros_plugins_msgs/environment/pythonpath.dsv
[3.056s] -- Up-to-date: /home/sunny/catkin_ws/install/uuv_gazebo_ros_plugins_msgs/local/lib/python3.10/dist-packages/uuv_gazebo_ros_plugins_msgs-0.6.1-py3.10.egg-info
[3.057s] -- Installing: /home/sunny/catkin_ws/install/uuv_gazebo_ros_plugins_msgs/local/lib/python3.10/dist-packages/uuv_gazebo_ros_plugins_msgs-0.6.1-py3.10.egg-info/PKG-INFO
[3.057s] -- Installing: /home/sunny/catkin_ws/install/uuv_gazebo_ros_plugins_msgs/local/lib/python3.10/dist-packages/uuv_gazebo_ros_plugins_msgs-0.6.1-py3.10.egg-info/SOURCES.txt
[3.057s] -- Installing: /home/sunny/catkin_ws/install/uuv_gazebo_ros_plugins_msgs/local/lib/python3.10/dist-packages/uuv_gazebo_ros_plugins_msgs-0.6.1-py3.10.egg-info/top_level.txt
[3.057s] -- Installing: /home/sunny/catkin_ws/install/uuv_gazebo_ros_plugins_msgs/local/lib/python3.10/dist-packages/uuv_gazebo_ros_plugins_msgs-0.6.1-py3.10.egg-info/dependency_links.txt
[3.057s] -- Up-to-date: /home/sunny/catkin_ws/install/uuv_gazebo_ros_plugins_msgs/local/lib/python3.10/dist-packages/uuv_gazebo_ros_plugins_msgs
[3.057s] -- Up-to-date: /home/sunny/catkin_ws/install/uuv_gazebo_ros_plugins_msgs/local/lib/python3.10/dist-packages/uuv_gazebo_ros_plugins_msgs/__init__.py
[3.057s] -- Up-to-date: /home/sunny/catkin_ws/install/uuv_gazebo_ros_plugins_msgs/local/lib/python3.10/dist-packages/uuv_gazebo_ros_plugins_msgs/srv
[3.058s] -- Up-to-date: /home/sunny/catkin_ws/install/uuv_gazebo_ros_plugins_msgs/local/lib/python3.10/dist-packages/uuv_gazebo_ros_plugins_msgs/srv/__init__.py
[3.058s] -- Up-to-date: /home/sunny/catkin_ws/install/uuv_gazebo_ros_plugins_msgs/local/lib/python3.10/dist-packages/uuv_gazebo_ros_plugins_msgs/srv/_get_float.py
[3.058s] -- Up-to-date: /home/sunny/catkin_ws/install/uuv_gazebo_ros_plugins_msgs/local/lib/python3.10/dist-packages/uuv_gazebo_ros_plugins_msgs/srv/_set_thruster_state_s.c
[3.058s] -- Up-to-date: /home/sunny/catkin_ws/install/uuv_gazebo_ros_plugins_msgs/local/lib/python3.10/dist-packages/uuv_gazebo_ros_plugins_msgs/srv/_get_thruster_state_s.c
[3.058s] -- Up-to-date: /home/sunny/catkin_ws/install/uuv_gazebo_ros_plugins_msgs/local/lib/python3.10/dist-packages/uuv_gazebo_ros_plugins_msgs/srv/_set_thruster_efficiency.py
[3.058s] -- Up-to-date: /home/sunny/catkin_ws/install/uuv_gazebo_ros_plugins_msgs/local/lib/python3.10/dist-packages/uuv_gazebo_ros_plugins_msgs/srv/_get_thruster_efficiency_s.c
[3.058s] -- Up-to-date: /home/sunny/catkin_ws/install/uuv_gazebo_ros_plugins_msgs/local/lib/python3.10/dist-packages/uuv_gazebo_ros_plugins_msgs/srv/_set_thruster_state.py
[3.058s] -- Up-to-date: /home/sunny/catkin_ws/install/uuv_gazebo_ros_plugins_msgs/local/lib/python3.10/dist-packages/uuv_gazebo_ros_plugins_msgs/srv/_get_thruster_state.py
[3.058s] -- Up-to-date: /home/sunny/catkin_ws/install/uuv_gazebo_ros_plugins_msgs/local/lib/python3.10/dist-packages/uuv_gazebo_ros_plugins_msgs/srv/_set_thruster_efficiency_s.c
[3.058s] -- Up-to-date: /home/sunny/catkin_ws/install/uuv_gazebo_ros_plugins_msgs/local/lib/python3.10/dist-packages/uuv_gazebo_ros_plugins_msgs/srv/_get_thruster_conversion_fcn.py
[3.059s] -- Up-to-date: /home/sunny/catkin_ws/install/uuv_gazebo_ros_plugins_msgs/local/lib/python3.10/dist-packages/uuv_gazebo_ros_plugins_msgs/srv/_get_float_s.c
[3.059s] -- Up-to-date: /home/sunny/catkin_ws/install/uuv_gazebo_ros_plugins_msgs/local/lib/python3.10/dist-packages/uuv_gazebo_ros_plugins_msgs/srv/_get_list_param_s.c
[3.059s] -- Up-to-date: /home/sunny/catkin_ws/install/uuv_gazebo_ros_plugins_msgs/local/lib/python3.10/dist-packages/uuv_gazebo_ros_plugins_msgs/srv/_set_float.py
[3.059s] -- Up-to-date: /home/sunny/catkin_ws/install/uuv_gazebo_ros_plugins_msgs/local/lib/python3.10/dist-packages/uuv_gazebo_ros_plugins_msgs/srv/_get_model_properties_s.c
[3.059s] -- Up-to-date: /home/sunny/catkin_ws/install/uuv_gazebo_ros_plugins_msgs/local/lib/python3.10/dist-packages/uuv_gazebo_ros_plugins_msgs/srv/_set_float_s.c
[3.059s] -- Up-to-date: /home/sunny/catkin_ws/install/uuv_gazebo_ros_plugins_msgs/local/lib/python3.10/dist-packages/uuv_gazebo_ros_plugins_msgs/srv/_get_list_param.py
[3.059s] -- Up-to-date: /home/sunny/catkin_ws/install/uuv_gazebo_ros_plugins_msgs/local/lib/python3.10/dist-packages/uuv_gazebo_ros_plugins_msgs/srv/_get_thruster_efficiency.py
[3.060s] -- Up-to-date: /home/sunny/catkin_ws/install/uuv_gazebo_ros_plugins_msgs/local/lib/python3.10/dist-packages/uuv_gazebo_ros_plugins_msgs/srv/_set_use_global_current_vel_s.c
[3.060s] -- Up-to-date: /home/sunny/catkin_ws/install/uuv_gazebo_ros_plugins_msgs/local/lib/python3.10/dist-packages/uuv_gazebo_ros_plugins_msgs/srv/_get_thruster_conversion_fcn_s.c
[3.060s] -- Up-to-date: /home/sunny/catkin_ws/install/uuv_gazebo_ros_plugins_msgs/local/lib/python3.10/dist-packages/uuv_gazebo_ros_plugins_msgs/srv/_get_model_properties.py
[3.060s] -- Up-to-date: /home/sunny/catkin_ws/install/uuv_gazebo_ros_plugins_msgs/local/lib/python3.10/dist-packages/uuv_gazebo_ros_plugins_msgs/srv/_set_use_global_current_vel.py
[3.060s] -- Up-to-date: /home/sunny/catkin_ws/install/uuv_gazebo_ros_plugins_msgs/local/lib/python3.10/dist-packages/uuv_gazebo_ros_plugins_msgs/libuuv_gazebo_ros_plugins_msgs__rosidl_generator_py.so
[3.060s] -- Up-to-date: /home/sunny/catkin_ws/install/uuv_gazebo_ros_plugins_msgs/local/lib/python3.10/dist-packages/uuv_gazebo_ros_plugins_msgs/uuv_gazebo_ros_plugins_msgs_s__rosidl_typesupport_introspection_c.cpython-310-x86_64-linux-gnu.so
[3.061s] -- Up-to-date: /home/sunny/catkin_ws/install/uuv_gazebo_ros_plugins_msgs/local/lib/python3.10/dist-packages/uuv_gazebo_ros_plugins_msgs/uuv_gazebo_ros_plugins_msgs_s__rosidl_typesupport_c.cpython-310-x86_64-linux-gnu.so
[3.061s] -- Up-to-date: /home/sunny/catkin_ws/install/uuv_gazebo_ros_plugins_msgs/local/lib/python3.10/dist-packages/uuv_gazebo_ros_plugins_msgs/_uuv_gazebo_ros_plugins_msgs_s.ep.rosidl_typesupport_introspection_c.c
[3.062s] -- Up-to-date: /home/sunny/catkin_ws/install/uuv_gazebo_ros_plugins_msgs/local/lib/python3.10/dist-packages/uuv_gazebo_ros_plugins_msgs/_uuv_gazebo_ros_plugins_msgs_s.ep.rosidl_typesupport_fastrtps_c.c
[3.062s] -- Up-to-date: /home/sunny/catkin_ws/install/uuv_gazebo_ros_plugins_msgs/local/lib/python3.10/dist-packages/uuv_gazebo_ros_plugins_msgs/uuv_gazebo_ros_plugins_msgs_s__rosidl_typesupport_fastrtps_c.cpython-310-x86_64-linux-gnu.so
[3.062s] -- Up-to-date: /home/sunny/catkin_ws/install/uuv_gazebo_ros_plugins_msgs/local/lib/python3.10/dist-packages/uuv_gazebo_ros_plugins_msgs/_uuv_gazebo_ros_plugins_msgs_s.ep.rosidl_typesupport_c.c
[3.062s] -- Up-to-date: /home/sunny/catkin_ws/install/uuv_gazebo_ros_plugins_msgs/local/lib/python3.10/dist-packages/uuv_gazebo_ros_plugins_msgs/msg
[3.062s] -- Up-to-date: /home/sunny/catkin_ws/install/uuv_gazebo_ros_plugins_msgs/local/lib/python3.10/dist-packages/uuv_gazebo_ros_plugins_msgs/msg/__init__.py
[3.062s] -- Up-to-date: /home/sunny/catkin_ws/install/uuv_gazebo_ros_plugins_msgs/local/lib/python3.10/dist-packages/uuv_gazebo_ros_plugins_msgs/msg/_thruster_conversion_fcn.py
[3.062s] -- Up-to-date: /home/sunny/catkin_ws/install/uuv_gazebo_ros_plugins_msgs/local/lib/python3.10/dist-packages/uuv_gazebo_ros_plugins_msgs/msg/_underwater_object_model_s.c
[3.062s] -- Up-to-date: /home/sunny/catkin_ws/install/uuv_gazebo_ros_plugins_msgs/local/lib/python3.10/dist-packages/uuv_gazebo_ros_plugins_msgs/msg/_float_stamped.py
[3.063s] -- Up-to-date: /home/sunny/catkin_ws/install/uuv_gazebo_ros_plugins_msgs/local/lib/python3.10/dist-packages/uuv_gazebo_ros_plugins_msgs/msg/_underwater_object_model.py
[3.063s] -- Up-to-date: /home/sunny/catkin_ws/install/uuv_gazebo_ros_plugins_msgs/local/lib/python3.10/dist-packages/uuv_gazebo_ros_plugins_msgs/msg/_float_stamped_s.c
[3.063s] -- Up-to-date: /home/sunny/catkin_ws/install/uuv_gazebo_ros_plugins_msgs/local/lib/python3.10/dist-packages/uuv_gazebo_ros_plugins_msgs/msg/_thruster_conversion_fcn_s.c
[3.071s] Listing '/home/sunny/catkin_ws/install/uuv_gazebo_ros_plugins_msgs/local/lib/python3.10/dist-packages/uuv_gazebo_ros_plugins_msgs'...
[3.072s] Listing '/home/sunny/catkin_ws/install/uuv_gazebo_ros_plugins_msgs/local/lib/python3.10/dist-packages/uuv_gazebo_ros_plugins_msgs/msg'...
[3.072s] Listing '/home/sunny/catkin_ws/install/uuv_gazebo_ros_plugins_msgs/local/lib/python3.10/dist-packages/uuv_gazebo_ros_plugins_msgs/srv'...
[3.077s] -- Up-to-date: /home/sunny/catkin_ws/install/uuv_gazebo_ros_plugins_msgs/local/lib/python3.10/dist-packages/uuv_gazebo_ros_plugins_msgs/uuv_gazebo_ros_plugins_msgs_s__rosidl_typesupport_fastrtps_c.cpython-310-x86_64-linux-gnu.so
[3.077s] -- Up-to-date: /home/sunny/catkin_ws/install/uuv_gazebo_ros_plugins_msgs/local/lib/python3.10/dist-packages/uuv_gazebo_ros_plugins_msgs/uuv_gazebo_ros_plugins_msgs_s__rosidl_typesupport_introspection_c.cpython-310-x86_64-linux-gnu.so
[3.078s] -- Up-to-date: /home/sunny/catkin_ws/install/uuv_gazebo_ros_plugins_msgs/local/lib/python3.10/dist-packages/uuv_gazebo_ros_plugins_msgs/uuv_gazebo_ros_plugins_msgs_s__rosidl_typesupport_c.cpython-310-x86_64-linux-gnu.so
[3.080s] -- Up-to-date: /home/sunny/catkin_ws/install/uuv_gazebo_ros_plugins_msgs/lib/libuuv_gazebo_ros_plugins_msgs__rosidl_generator_py.so
[3.080s] -- Up-to-date: /home/sunny/catkin_ws/install/uuv_gazebo_ros_plugins_msgs/share/uuv_gazebo_ros_plugins_msgs/msg/FloatStamped.idl
[3.080s] -- Up-to-date: /home/sunny/catkin_ws/install/uuv_gazebo_ros_plugins_msgs/share/uuv_gazebo_ros_plugins_msgs/msg/UnderwaterObjectModel.idl
[3.081s] -- Up-to-date: /home/sunny/catkin_ws/install/uuv_gazebo_ros_plugins_msgs/share/uuv_gazebo_ros_plugins_msgs/msg/ThrusterConversionFcn.idl
[3.081s] -- Up-to-date: /home/sunny/catkin_ws/install/uuv_gazebo_ros_plugins_msgs/share/uuv_gazebo_ros_plugins_msgs/srv/SetThrusterEfficiency.idl
[3.082s] -- Up-to-date: /home/sunny/catkin_ws/install/uuv_gazebo_ros_plugins_msgs/share/uuv_gazebo_ros_plugins_msgs/srv/SetThrusterState.idl
[3.082s] -- Up-to-date: /home/sunny/catkin_ws/install/uuv_gazebo_ros_plugins_msgs/share/uuv_gazebo_ros_plugins_msgs/srv/GetThrusterEfficiency.idl
[3.082s] -- Up-to-date: /home/sunny/catkin_ws/install/uuv_gazebo_ros_plugins_msgs/share/uuv_gazebo_ros_plugins_msgs/srv/GetThrusterState.idl
[3.082s] -- Up-to-date: /home/sunny/catkin_ws/install/uuv_gazebo_ros_plugins_msgs/share/uuv_gazebo_ros_plugins_msgs/srv/SetUseGlobalCurrentVel.idl
[3.082s] -- Up-to-date: /home/sunny/catkin_ws/install/uuv_gazebo_ros_plugins_msgs/share/uuv_gazebo_ros_plugins_msgs/srv/GetModelProperties.idl
[3.082s] -- Up-to-date: /home/sunny/catkin_ws/install/uuv_gazebo_ros_plugins_msgs/share/uuv_gazebo_ros_plugins_msgs/srv/SetFloat.idl
[3.082s] -- Up-to-date: /home/sunny/catkin_ws/install/uuv_gazebo_ros_plugins_msgs/share/uuv_gazebo_ros_plugins_msgs/srv/GetFloat.idl
[3.082s] -- Up-to-date: /home/sunny/catkin_ws/install/uuv_gazebo_ros_plugins_msgs/share/uuv_gazebo_ros_plugins_msgs/srv/GetListParam.idl
[3.082s] -- Up-to-date: /home/sunny/catkin_ws/install/uuv_gazebo_ros_plugins_msgs/share/uuv_gazebo_ros_plugins_msgs/srv/GetThrusterConversionFcn.idl
[3.083s] -- Up-to-date: /home/sunny/catkin_ws/install/uuv_gazebo_ros_plugins_msgs/share/uuv_gazebo_ros_plugins_msgs/msg/FloatStamped.msg
[3.083s] -- Up-to-date: /home/sunny/catkin_ws/install/uuv_gazebo_ros_plugins_msgs/share/uuv_gazebo_ros_plugins_msgs/msg/UnderwaterObjectModel.msg
[3.083s] -- Up-to-date: /home/sunny/catkin_ws/install/uuv_gazebo_ros_plugins_msgs/share/uuv_gazebo_ros_plugins_msgs/msg/ThrusterConversionFcn.msg
[3.083s] -- Up-to-date: /home/sunny/catkin_ws/install/uuv_gazebo_ros_plugins_msgs/share/uuv_gazebo_ros_plugins_msgs/srv/SetThrusterEfficiency.srv
[3.083s] -- Up-to-date: /home/sunny/catkin_ws/install/uuv_gazebo_ros_plugins_msgs/share/uuv_gazebo_ros_plugins_msgs/srv/SetThrusterEfficiency_Request.msg
[3.083s] -- Up-to-date: /home/sunny/catkin_ws/install/uuv_gazebo_ros_plugins_msgs/share/uuv_gazebo_ros_plugins_msgs/srv/SetThrusterEfficiency_Response.msg
[3.083s] -- Up-to-date: /home/sunny/catkin_ws/install/uuv_gazebo_ros_plugins_msgs/share/uuv_gazebo_ros_plugins_msgs/srv/SetThrusterState.srv
[3.083s] -- Up-to-date: /home/sunny/catkin_ws/install/uuv_gazebo_ros_plugins_msgs/share/uuv_gazebo_ros_plugins_msgs/srv/SetThrusterState_Request.msg
[3.083s] -- Up-to-date: /home/sunny/catkin_ws/install/uuv_gazebo_ros_plugins_msgs/share/uuv_gazebo_ros_plugins_msgs/srv/SetThrusterState_Response.msg
[3.083s] -- Up-to-date: /home/sunny/catkin_ws/install/uuv_gazebo_ros_plugins_msgs/share/uuv_gazebo_ros_plugins_msgs/srv/GetThrusterEfficiency.srv
[3.084s] -- Up-to-date: /home/sunny/catkin_ws/install/uuv_gazebo_ros_plugins_msgs/share/uuv_gazebo_ros_plugins_msgs/srv/GetThrusterEfficiency_Request.msg
[3.084s] -- Up-to-date: /home/sunny/catkin_ws/install/uuv_gazebo_ros_plugins_msgs/share/uuv_gazebo_ros_plugins_msgs/srv/GetThrusterEfficiency_Response.msg
[3.084s] -- Up-to-date: /home/sunny/catkin_ws/install/uuv_gazebo_ros_plugins_msgs/share/uuv_gazebo_ros_plugins_msgs/srv/GetThrusterState.srv
[3.084s] -- Up-to-date: /home/sunny/catkin_ws/install/uuv_gazebo_ros_plugins_msgs/share/uuv_gazebo_ros_plugins_msgs/srv/GetThrusterState_Request.msg
[3.084s] -- Up-to-date: /home/sunny/catkin_ws/install/uuv_gazebo_ros_plugins_msgs/share/uuv_gazebo_ros_plugins_msgs/srv/GetThrusterState_Response.msg
[3.084s] -- Up-to-date: /home/sunny/catkin_ws/install/uuv_gazebo_ros_plugins_msgs/share/uuv_gazebo_ros_plugins_msgs/srv/SetUseGlobalCurrentVel.srv
[3.084s] -- Up-to-date: /home/sunny/catkin_ws/install/uuv_gazebo_ros_plugins_msgs/share/uuv_gazebo_ros_plugins_msgs/srv/SetUseGlobalCurrentVel_Request.msg
[3.084s] -- Up-to-date: /home/sunny/catkin_ws/install/uuv_gazebo_ros_plugins_msgs/share/uuv_gazebo_ros_plugins_msgs/srv/SetUseGlobalCurrentVel_Response.msg
[3.084s] -- Up-to-date: /home/sunny/catkin_ws/install/uuv_gazebo_ros_plugins_msgs/share/uuv_gazebo_ros_plugins_msgs/srv/GetModelProperties.srv
[3.084s] -- Up-to-date: /home/sunny/catkin_ws/install/uuv_gazebo_ros_plugins_msgs/share/uuv_gazebo_ros_plugins_msgs/srv/GetModelProperties_Request.msg
[3.084s] -- Up-to-date: /home/sunny/catkin_ws/install/uuv_gazebo_ros_plugins_msgs/share/uuv_gazebo_ros_plugins_msgs/srv/GetModelProperties_Response.msg
[3.084s] -- Up-to-date: /home/sunny/catkin_ws/install/uuv_gazebo_ros_plugins_msgs/share/uuv_gazebo_ros_plugins_msgs/srv/SetFloat.srv
[3.085s] -- Up-to-date: /home/sunny/catkin_ws/install/uuv_gazebo_ros_plugins_msgs/share/uuv_gazebo_ros_plugins_msgs/srv/SetFloat_Request.msg
[3.085s] -- Up-to-date: /home/sunny/catkin_ws/install/uuv_gazebo_ros_plugins_msgs/share/uuv_gazebo_ros_plugins_msgs/srv/SetFloat_Response.msg
[3.085s] -- Up-to-date: /home/sunny/catkin_ws/install/uuv_gazebo_ros_plugins_msgs/share/uuv_gazebo_ros_plugins_msgs/srv/GetFloat.srv
[3.085s] -- Up-to-date: /home/sunny/catkin_ws/install/uuv_gazebo_ros_plugins_msgs/share/uuv_gazebo_ros_plugins_msgs/srv/GetFloat_Request.msg
[3.085s] -- Up-to-date: /home/sunny/catkin_ws/install/uuv_gazebo_ros_plugins_msgs/share/uuv_gazebo_ros_plugins_msgs/srv/GetFloat_Response.msg
[3.085s] -- Up-to-date: /home/sunny/catkin_ws/install/uuv_gazebo_ros_plugins_msgs/share/uuv_gazebo_ros_plugins_msgs/srv/GetListParam.srv
[3.085s] -- Up-to-date: /home/sunny/catkin_ws/install/uuv_gazebo_ros_plugins_msgs/share/uuv_gazebo_ros_plugins_msgs/srv/GetListParam_Request.msg
[3.085s] -- Up-to-date: /home/sunny/catkin_ws/install/uuv_gazebo_ros_plugins_msgs/share/uuv_gazebo_ros_plugins_msgs/srv/GetListParam_Response.msg
[3.086s] -- Up-to-date: /home/sunny/catkin_ws/install/uuv_gazebo_ros_plugins_msgs/share/uuv_gazebo_ros_plugins_msgs/srv/GetThrusterConversionFcn.srv
[3.086s] -- Up-to-date: /home/sunny/catkin_ws/install/uuv_gazebo_ros_plugins_msgs/share/uuv_gazebo_ros_plugins_msgs/srv/GetThrusterConversionFcn_Request.msg
[3.086s] -- Up-to-date: /home/sunny/catkin_ws/install/uuv_gazebo_ros_plugins_msgs/share/uuv_gazebo_ros_plugins_msgs/srv/GetThrusterConversionFcn_Response.msg
[3.086s] -- Up-to-date: /home/sunny/catkin_ws/install/uuv_gazebo_ros_plugins_msgs/share/ament_index/resource_index/package_run_dependencies/uuv_gazebo_ros_plugins_msgs
[3.086s] -- Up-to-date: /home/sunny/catkin_ws/install/uuv_gazebo_ros_plugins_msgs/share/ament_index/resource_index/parent_prefix_path/uuv_gazebo_ros_plugins_msgs
[3.086s] -- Up-to-date: /home/sunny/catkin_ws/install/uuv_gazebo_ros_plugins_msgs/share/uuv_gazebo_ros_plugins_msgs/environment/ament_prefix_path.sh
[3.086s] -- Up-to-date: /home/sunny/catkin_ws/install/uuv_gazebo_ros_plugins_msgs/share/uuv_gazebo_ros_plugins_msgs/environment/ament_prefix_path.dsv
[3.086s] -- Up-to-date: /home/sunny/catkin_ws/install/uuv_gazebo_ros_plugins_msgs/share/uuv_gazebo_ros_plugins_msgs/environment/path.sh
[3.086s] -- Up-to-date: /home/sunny/catkin_ws/install/uuv_gazebo_ros_plugins_msgs/share/uuv_gazebo_ros_plugins_msgs/environment/path.dsv
[3.086s] -- Up-to-date: /home/sunny/catkin_ws/install/uuv_gazebo_ros_plugins_msgs/share/uuv_gazebo_ros_plugins_msgs/local_setup.bash
[3.087s] -- Up-to-date: /home/sunny/catkin_ws/install/uuv_gazebo_ros_plugins_msgs/share/uuv_gazebo_ros_plugins_msgs/local_setup.sh
[3.087s] -- Up-to-date: /home/sunny/catkin_ws/install/uuv_gazebo_ros_plugins_msgs/share/uuv_gazebo_ros_plugins_msgs/local_setup.zsh
[3.087s] -- Up-to-date: /home/sunny/catkin_ws/install/uuv_gazebo_ros_plugins_msgs/share/uuv_gazebo_ros_plugins_msgs/local_setup.dsv
[3.087s] -- Installing: /home/sunny/catkin_ws/install/uuv_gazebo_ros_plugins_msgs/share/uuv_gazebo_ros_plugins_msgs/package.dsv
[3.087s] -- Up-to-date: /home/sunny/catkin_ws/install/uuv_gazebo_ros_plugins_msgs/share/ament_index/resource_index/packages/uuv_gazebo_ros_plugins_msgs
[3.087s] -- Up-to-date: /home/sunny/catkin_ws/install/uuv_gazebo_ros_plugins_msgs/share/uuv_gazebo_ros_plugins_msgs/cmake/export_uuv_gazebo_ros_plugins_msgs__rosidl_generator_cExport.cmake
[3.087s] -- Up-to-date: /home/sunny/catkin_ws/install/uuv_gazebo_ros_plugins_msgs/share/uuv_gazebo_ros_plugins_msgs/cmake/export_uuv_gazebo_ros_plugins_msgs__rosidl_generator_cExport-noconfig.cmake
[3.087s] -- Up-to-date: /home/sunny/catkin_ws/install/uuv_gazebo_ros_plugins_msgs/share/uuv_gazebo_ros_plugins_msgs/cmake/export_uuv_gazebo_ros_plugins_msgs__rosidl_typesupport_fastrtps_cExport.cmake
[3.087s] -- Up-to-date: /home/sunny/catkin_ws/install/uuv_gazebo_ros_plugins_msgs/share/uuv_gazebo_ros_plugins_msgs/cmake/export_uuv_gazebo_ros_plugins_msgs__rosidl_typesupport_fastrtps_cExport-noconfig.cmake
[3.087s] -- Up-to-date: /home/sunny/catkin_ws/install/uuv_gazebo_ros_plugins_msgs/share/uuv_gazebo_ros_plugins_msgs/cmake/uuv_gazebo_ros_plugins_msgs__rosidl_typesupport_introspection_cExport.cmake
[3.087s] -- Up-to-date: /home/sunny/catkin_ws/install/uuv_gazebo_ros_plugins_msgs/share/uuv_gazebo_ros_plugins_msgs/cmake/uuv_gazebo_ros_plugins_msgs__rosidl_typesupport_introspection_cExport-noconfig.cmake
[3.087s] -- Up-to-date: /home/sunny/catkin_ws/install/uuv_gazebo_ros_plugins_msgs/share/uuv_gazebo_ros_plugins_msgs/cmake/uuv_gazebo_ros_plugins_msgs__rosidl_typesupport_cExport.cmake
[3.088s] -- Up-to-date: /home/sunny/catkin_ws/install/uuv_gazebo_ros_plugins_msgs/share/uuv_gazebo_ros_plugins_msgs/cmake/uuv_gazebo_ros_plugins_msgs__rosidl_typesupport_cExport-noconfig.cmake
[3.088s] -- Up-to-date: /home/sunny/catkin_ws/install/uuv_gazebo_ros_plugins_msgs/share/uuv_gazebo_ros_plugins_msgs/cmake/export_uuv_gazebo_ros_plugins_msgs__rosidl_generator_cppExport.cmake
[3.088s] -- Up-to-date: /home/sunny/catkin_ws/install/uuv_gazebo_ros_plugins_msgs/share/uuv_gazebo_ros_plugins_msgs/cmake/export_uuv_gazebo_ros_plugins_msgs__rosidl_typesupport_fastrtps_cppExport.cmake
[3.088s] -- Up-to-date: /home/sunny/catkin_ws/install/uuv_gazebo_ros_plugins_msgs/share/uuv_gazebo_ros_plugins_msgs/cmake/export_uuv_gazebo_ros_plugins_msgs__rosidl_typesupport_fastrtps_cppExport-noconfig.cmake
[3.088s] -- Up-to-date: /home/sunny/catkin_ws/install/uuv_gazebo_ros_plugins_msgs/share/uuv_gazebo_ros_plugins_msgs/cmake/uuv_gazebo_ros_plugins_msgs__rosidl_typesupport_introspection_cppExport.cmake
[3.088s] -- Up-to-date: /home/sunny/catkin_ws/install/uuv_gazebo_ros_plugins_msgs/share/uuv_gazebo_ros_plugins_msgs/cmake/uuv_gazebo_ros_plugins_msgs__rosidl_typesupport_introspection_cppExport-noconfig.cmake
[3.088s] -- Up-to-date: /home/sunny/catkin_ws/install/uuv_gazebo_ros_plugins_msgs/share/uuv_gazebo_ros_plugins_msgs/cmake/uuv_gazebo_ros_plugins_msgs__rosidl_typesupport_cppExport.cmake
[3.088s] -- Up-to-date: /home/sunny/catkin_ws/install/uuv_gazebo_ros_plugins_msgs/share/uuv_gazebo_ros_plugins_msgs/cmake/uuv_gazebo_ros_plugins_msgs__rosidl_typesupport_cppExport-noconfig.cmake
[3.088s] -- Up-to-date: /home/sunny/catkin_ws/install/uuv_gazebo_ros_plugins_msgs/share/uuv_gazebo_ros_plugins_msgs/cmake/export_uuv_gazebo_ros_plugins_msgs__rosidl_generator_pyExport.cmake
[3.088s] -- Up-to-date: /home/sunny/catkin_ws/install/uuv_gazebo_ros_plugins_msgs/share/uuv_gazebo_ros_plugins_msgs/cmake/export_uuv_gazebo_ros_plugins_msgs__rosidl_generator_pyExport-noconfig.cmake
[3.089s] -- Up-to-date: /home/sunny/catkin_ws/install/uuv_gazebo_ros_plugins_msgs/share/uuv_gazebo_ros_plugins_msgs/cmake/rosidl_cmake-extras.cmake
[3.089s] -- Up-to-date: /home/sunny/catkin_ws/install/uuv_gazebo_ros_plugins_msgs/share/uuv_gazebo_ros_plugins_msgs/cmake/ament_cmake_export_dependencies-extras.cmake
[3.089s] -- Up-to-date: /home/sunny/catkin_ws/install/uuv_gazebo_ros_plugins_msgs/share/uuv_gazebo_ros_plugins_msgs/cmake/ament_cmake_export_include_directories-extras.cmake
[3.089s] -- Up-to-date: /home/sunny/catkin_ws/install/uuv_gazebo_ros_plugins_msgs/share/uuv_gazebo_ros_plugins_msgs/cmake/ament_cmake_export_libraries-extras.cmake
[3.089s] -- Up-to-date: /home/sunny/catkin_ws/install/uuv_gazebo_ros_plugins_msgs/share/uuv_gazebo_ros_plugins_msgs/cmake/ament_cmake_export_targets-extras.cmake
[3.089s] -- Up-to-date: /home/sunny/catkin_ws/install/uuv_gazebo_ros_plugins_msgs/share/uuv_gazebo_ros_plugins_msgs/cmake/rosidl_cmake_export_typesupport_targets-extras.cmake
[3.089s] -- Up-to-date: /home/sunny/catkin_ws/install/uuv_gazebo_ros_plugins_msgs/share/uuv_gazebo_ros_plugins_msgs/cmake/rosidl_cmake_export_typesupport_libraries-extras.cmake
[3.090s] -- Up-to-date: /home/sunny/catkin_ws/install/uuv_gazebo_ros_plugins_msgs/share/uuv_gazebo_ros_plugins_msgs/cmake/uuv_gazebo_ros_plugins_msgsConfig.cmake
[3.090s] -- Up-to-date: /home/sunny/catkin_ws/install/uuv_gazebo_ros_plugins_msgs/share/uuv_gazebo_ros_plugins_msgs/cmake/uuv_gazebo_ros_plugins_msgsConfig-version.cmake
[3.090s] -- Up-to-date: /home/sunny/catkin_ws/install/uuv_gazebo_ros_plugins_msgs/share/uuv_gazebo_ros_plugins_msgs/package.xml
[3.343s] Invoked command in '/home/sunny/catkin_ws/build/uuv_gazebo_ros_plugins_msgs' returned '0': CMAKE_PREFIX_PATH=${CMAKE_PREFIX_PATH}:/home/sunny/catkin_ws/install/beluga_adapter:/opt/ros/humble /usr/bin/cmake --install /home/sunny/catkin_ws/build/uuv_gazebo_ros_plugins_msgs
