[0.773s] Invoking command in '/home/sunny/catkin_ws/build/uuv_gazebo_ros_plugins_msgs': CMAKE_PREFIX_PATH=${CMAKE_PREFIX_PATH}:/home/sunny/catkin_ws/install/beluga_adapter:/opt/ros/humble /usr/bin/cmake --build /home/sunny/catkin_ws/build/uuv_gazebo_ros_plugins_msgs -- -j16 -l16
[0.877s] [  0%] Built target uuv_gazebo_ros_plugins_msgs__cpp
[0.899s] [ 12%] Built target uuv_gazebo_ros_plugins_msgs__rosidl_generator_c
[0.951s] [ 12%] Built target ament_cmake_python_copy_uuv_gazebo_ros_plugins_msgs
[1.000s] [ 24%] Built target uuv_gazebo_ros_plugins_msgs__rosidl_typesupport_cpp
[1.016s] [ 36%] Built target uuv_gazebo_ros_plugins_msgs__rosidl_typesupport_fastrtps_cpp
[1.042s] [ 48%] Built target uuv_gazebo_ros_plugins_msgs__rosidl_typesupport_introspection_cpp
[1.095s] [ 60%] Built target uuv_gazebo_ros_plugins_msgs__rosidl_typesupport_fastrtps_c
[1.099s] [ 72%] Built target uuv_gazebo_ros_plugins_msgs__rosidl_typesupport_introspection_c
[1.114s] [ 84%] Built target uuv_gazebo_ros_plugins_msgs__rosidl_typesupport_c
[1.191s] [ 84%] Built target uuv_gazebo_ros_plugins_msgs
[1.300s] [ 85%] Built target uuv_gazebo_ros_plugins_msgs__py
[1.444s] [ 96%] Built target uuv_gazebo_ros_plugins_msgs__rosidl_generator_py
[1.531s] [ 98%] Built target uuv_gazebo_ros_plugins_msgs__rosidl_typesupport_introspection_c__pyext
[1.550s] [ 99%] Built target uuv_gazebo_ros_plugins_msgs__rosidl_typesupport_fastrtps_c__pyext
[1.558s] [100%] Built target uuv_gazebo_ros_plugins_msgs__rosidl_typesupport_c__pyext
[1.558s] running egg_info
[1.558s] writing uuv_gazebo_ros_plugins_msgs.egg-info/PKG-INFO
[1.558s] writing dependency_links to uuv_gazebo_ros_plugins_msgs.egg-info/dependency_links.txt
[1.558s] writing top-level names to uuv_gazebo_ros_plugins_msgs.egg-info/top_level.txt
[1.564s] reading manifest file 'uuv_gazebo_ros_plugins_msgs.egg-info/SOURCES.txt'
[1.564s] writing manifest file 'uuv_gazebo_ros_plugins_msgs.egg-info/SOURCES.txt'
[1.626s] [100%] Built target ament_cmake_python_build_uuv_gazebo_ros_plugins_msgs_egg
[1.782s] Invoked command in '/home/sunny/catkin_ws/build/uuv_gazebo_ros_plugins_msgs' returned '0': CMAKE_PREFIX_PATH=${CMAKE_PREFIX_PATH}:/home/sunny/catkin_ws/install/beluga_adapter:/opt/ros/humble /usr/bin/cmake --build /home/sunny/catkin_ws/build/uuv_gazebo_ros_plugins_msgs -- -j16 -l16
[2.602s] Invoking command in '/home/sunny/catkin_ws/build/uuv_gazebo_ros_plugins_msgs': CMAKE_PREFIX_PATH=${CMAKE_PREFIX_PATH}:/home/sunny/catkin_ws/install/beluga_adapter:/opt/ros/humble /usr/bin/cmake --install /home/sunny/catkin_ws/build/uuv_gazebo_ros_plugins_msgs
[2.638s] -- Install configuration: ""
[2.638s] -- Up-to-date: /home/sunny/catkin_ws/install/uuv_gazebo_ros_plugins_msgs/share/ament_index/resource_index/rosidl_interfaces/uuv_gazebo_ros_plugins_msgs
[2.638s] -- Up-to-date: /home/sunny/catkin_ws/install/uuv_gazebo_ros_plugins_msgs/include/uuv_gazebo_ros_plugins_msgs/uuv_gazebo_ros_plugins_msgs
[2.639s] -- Up-to-date: /home/sunny/catkin_ws/install/uuv_gazebo_ros_plugins_msgs/include/uuv_gazebo_ros_plugins_msgs/uuv_gazebo_ros_plugins_msgs/srv
[2.639s] -- Up-to-date: /home/sunny/catkin_ws/install/uuv_gazebo_ros_plugins_msgs/include/uuv_gazebo_ros_plugins_msgs/uuv_gazebo_ros_plugins_msgs/srv/get_thruster_conversion_fcn.h
[2.639s] -- Up-to-date: /home/sunny/catkin_ws/install/uuv_gazebo_ros_plugins_msgs/include/uuv_gazebo_ros_plugins_msgs/uuv_gazebo_ros_plugins_msgs/srv/set_thruster_state.h
[2.639s] -- Up-to-date: /home/sunny/catkin_ws/install/uuv_gazebo_ros_plugins_msgs/include/uuv_gazebo_ros_plugins_msgs/uuv_gazebo_ros_plugins_msgs/srv/get_model_properties.h
[2.639s] -- Up-to-date: /home/sunny/catkin_ws/install/uuv_gazebo_ros_plugins_msgs/include/uuv_gazebo_ros_plugins_msgs/uuv_gazebo_ros_plugins_msgs/srv/get_float.h
[2.639s] -- Up-to-date: /home/sunny/catkin_ws/install/uuv_gazebo_ros_plugins_msgs/include/uuv_gazebo_ros_plugins_msgs/uuv_gazebo_ros_plugins_msgs/srv/set_thruster_efficiency.h
[2.639s] -- Up-to-date: /home/sunny/catkin_ws/install/uuv_gazebo_ros_plugins_msgs/include/uuv_gazebo_ros_plugins_msgs/uuv_gazebo_ros_plugins_msgs/srv/detail
[2.639s] -- Up-to-date: /home/sunny/catkin_ws/install/uuv_gazebo_ros_plugins_msgs/include/uuv_gazebo_ros_plugins_msgs/uuv_gazebo_ros_plugins_msgs/srv/detail/set_thruster_efficiency__type_support.h
[2.639s] -- Up-to-date: /home/sunny/catkin_ws/install/uuv_gazebo_ros_plugins_msgs/include/uuv_gazebo_ros_plugins_msgs/uuv_gazebo_ros_plugins_msgs/srv/detail/get_float__functions.h
[2.640s] -- Up-to-date: /home/sunny/catkin_ws/install/uuv_gazebo_ros_plugins_msgs/include/uuv_gazebo_ros_plugins_msgs/uuv_gazebo_ros_plugins_msgs/srv/detail/get_thruster_state__struct.h
[2.640s] -- Up-to-date: /home/sunny/catkin_ws/install/uuv_gazebo_ros_plugins_msgs/include/uuv_gazebo_ros_plugins_msgs/uuv_gazebo_ros_plugins_msgs/srv/detail/get_thruster_efficiency__functions.c
[2.640s] -- Up-to-date: /home/sunny/catkin_ws/install/uuv_gazebo_ros_plugins_msgs/include/uuv_gazebo_ros_plugins_msgs/uuv_gazebo_ros_plugins_msgs/srv/detail/set_thruster_efficiency__struct.h
[2.640s] -- Up-to-date: /home/sunny/catkin_ws/install/uuv_gazebo_ros_plugins_msgs/include/uuv_gazebo_ros_plugins_msgs/uuv_gazebo_ros_plugins_msgs/srv/detail/set_use_global_current_vel__functions.c
[2.640s] -- Up-to-date: /home/sunny/catkin_ws/install/uuv_gazebo_ros_plugins_msgs/include/uuv_gazebo_ros_plugins_msgs/uuv_gazebo_ros_plugins_msgs/srv/detail/set_thruster_state__functions.c
[2.640s] -- Up-to-date: /home/sunny/catkin_ws/install/uuv_gazebo_ros_plugins_msgs/include/uuv_gazebo_ros_plugins_msgs/uuv_gazebo_ros_plugins_msgs/srv/detail/set_float__struct.h
[2.641s] -- Up-to-date: /home/sunny/catkin_ws/install/uuv_gazebo_ros_plugins_msgs/include/uuv_gazebo_ros_plugins_msgs/uuv_gazebo_ros_plugins_msgs/srv/detail/set_thruster_efficiency__functions.c
[2.641s] -- Up-to-date: /home/sunny/catkin_ws/install/uuv_gazebo_ros_plugins_msgs/include/uuv_gazebo_ros_plugins_msgs/uuv_gazebo_ros_plugins_msgs/srv/detail/set_float__type_support.h
[2.641s] -- Up-to-date: /home/sunny/catkin_ws/install/uuv_gazebo_ros_plugins_msgs/include/uuv_gazebo_ros_plugins_msgs/uuv_gazebo_ros_plugins_msgs/srv/detail/set_float__functions.h
[2.641s] -- Up-to-date: /home/sunny/catkin_ws/install/uuv_gazebo_ros_plugins_msgs/include/uuv_gazebo_ros_plugins_msgs/uuv_gazebo_ros_plugins_msgs/srv/detail/set_thruster_state__functions.h
[2.641s] -- Up-to-date: /home/sunny/catkin_ws/install/uuv_gazebo_ros_plugins_msgs/include/uuv_gazebo_ros_plugins_msgs/uuv_gazebo_ros_plugins_msgs/srv/detail/get_list_param__struct.h
[2.641s] -- Up-to-date: /home/sunny/catkin_ws/install/uuv_gazebo_ros_plugins_msgs/include/uuv_gazebo_ros_plugins_msgs/uuv_gazebo_ros_plugins_msgs/srv/detail/get_thruster_efficiency__type_support.h
[2.641s] -- Up-to-date: /home/sunny/catkin_ws/install/uuv_gazebo_ros_plugins_msgs/include/uuv_gazebo_ros_plugins_msgs/uuv_gazebo_ros_plugins_msgs/srv/detail/set_thruster_state__struct.h
[2.641s] -- Up-to-date: /home/sunny/catkin_ws/install/uuv_gazebo_ros_plugins_msgs/include/uuv_gazebo_ros_plugins_msgs/uuv_gazebo_ros_plugins_msgs/srv/detail/set_thruster_efficiency__functions.h
[2.641s] -- Up-to-date: /home/sunny/catkin_ws/install/uuv_gazebo_ros_plugins_msgs/include/uuv_gazebo_ros_plugins_msgs/uuv_gazebo_ros_plugins_msgs/srv/detail/set_use_global_current_vel__type_support.h
[2.641s] -- Up-to-date: /home/sunny/catkin_ws/install/uuv_gazebo_ros_plugins_msgs/include/uuv_gazebo_ros_plugins_msgs/uuv_gazebo_ros_plugins_msgs/srv/detail/get_thruster_state__functions.h
[2.642s] -- Up-to-date: /home/sunny/catkin_ws/install/uuv_gazebo_ros_plugins_msgs/include/uuv_gazebo_ros_plugins_msgs/uuv_gazebo_ros_plugins_msgs/srv/detail/set_thruster_state__type_support.h
[2.642s] -- Up-to-date: /home/sunny/catkin_ws/install/uuv_gazebo_ros_plugins_msgs/include/uuv_gazebo_ros_plugins_msgs/uuv_gazebo_ros_plugins_msgs/srv/detail/set_use_global_current_vel__functions.h
[2.642s] -- Up-to-date: /home/sunny/catkin_ws/install/uuv_gazebo_ros_plugins_msgs/include/uuv_gazebo_ros_plugins_msgs/uuv_gazebo_ros_plugins_msgs/srv/detail/set_float__functions.c
[2.642s] -- Up-to-date: /home/sunny/catkin_ws/install/uuv_gazebo_ros_plugins_msgs/include/uuv_gazebo_ros_plugins_msgs/uuv_gazebo_ros_plugins_msgs/srv/detail/get_thruster_state__type_support.h
[2.642s] -- Up-to-date: /home/sunny/catkin_ws/install/uuv_gazebo_ros_plugins_msgs/include/uuv_gazebo_ros_plugins_msgs/uuv_gazebo_ros_plugins_msgs/srv/detail/get_list_param__functions.c
[2.642s] -- Up-to-date: /home/sunny/catkin_ws/install/uuv_gazebo_ros_plugins_msgs/include/uuv_gazebo_ros_plugins_msgs/uuv_gazebo_ros_plugins_msgs/srv/detail/set_use_global_current_vel__struct.h
[2.642s] -- Up-to-date: /home/sunny/catkin_ws/install/uuv_gazebo_ros_plugins_msgs/include/uuv_gazebo_ros_plugins_msgs/uuv_gazebo_ros_plugins_msgs/srv/detail/get_thruster_efficiency__functions.h
[2.642s] -- Up-to-date: /home/sunny/catkin_ws/install/uuv_gazebo_ros_plugins_msgs/include/uuv_gazebo_ros_plugins_msgs/uuv_gazebo_ros_plugins_msgs/srv/detail/get_thruster_conversion_fcn__functions.h
[2.642s] -- Up-to-date: /home/sunny/catkin_ws/install/uuv_gazebo_ros_plugins_msgs/include/uuv_gazebo_ros_plugins_msgs/uuv_gazebo_ros_plugins_msgs/srv/detail/get_model_properties__functions.h
[2.642s] -- Up-to-date: /home/sunny/catkin_ws/install/uuv_gazebo_ros_plugins_msgs/include/uuv_gazebo_ros_plugins_msgs/uuv_gazebo_ros_plugins_msgs/srv/detail/get_thruster_state__functions.c
[2.642s] -- Up-to-date: /home/sunny/catkin_ws/install/uuv_gazebo_ros_plugins_msgs/include/uuv_gazebo_ros_plugins_msgs/uuv_gazebo_ros_plugins_msgs/srv/detail/get_model_properties__type_support.h
[2.643s] -- Up-to-date: /home/sunny/catkin_ws/install/uuv_gazebo_ros_plugins_msgs/include/uuv_gazebo_ros_plugins_msgs/uuv_gazebo_ros_plugins_msgs/srv/detail/get_model_properties__functions.c
[2.643s] -- Up-to-date: /home/sunny/catkin_ws/install/uuv_gazebo_ros_plugins_msgs/include/uuv_gazebo_ros_plugins_msgs/uuv_gazebo_ros_plugins_msgs/srv/detail/get_thruster_conversion_fcn__functions.c
[2.643s] -- Up-to-date: /home/sunny/catkin_ws/install/uuv_gazebo_ros_plugins_msgs/include/uuv_gazebo_ros_plugins_msgs/uuv_gazebo_ros_plugins_msgs/srv/detail/get_thruster_conversion_fcn__type_support.h
[2.643s] -- Up-to-date: /home/sunny/catkin_ws/install/uuv_gazebo_ros_plugins_msgs/include/uuv_gazebo_ros_plugins_msgs/uuv_gazebo_ros_plugins_msgs/srv/detail/get_float__type_support.h
[2.643s] -- Up-to-date: /home/sunny/catkin_ws/install/uuv_gazebo_ros_plugins_msgs/include/uuv_gazebo_ros_plugins_msgs/uuv_gazebo_ros_plugins_msgs/srv/detail/get_float__functions.c
[2.643s] -- Up-to-date: /home/sunny/catkin_ws/install/uuv_gazebo_ros_plugins_msgs/include/uuv_gazebo_ros_plugins_msgs/uuv_gazebo_ros_plugins_msgs/srv/detail/get_thruster_efficiency__struct.h
[2.643s] -- Up-to-date: /home/sunny/catkin_ws/install/uuv_gazebo_ros_plugins_msgs/include/uuv_gazebo_ros_plugins_msgs/uuv_gazebo_ros_plugins_msgs/srv/detail/get_model_properties__struct.h
[2.643s] -- Up-to-date: /home/sunny/catkin_ws/install/uuv_gazebo_ros_plugins_msgs/include/uuv_gazebo_ros_plugins_msgs/uuv_gazebo_ros_plugins_msgs/srv/detail/get_thruster_conversion_fcn__struct.h
[2.643s] -- Up-to-date: /home/sunny/catkin_ws/install/uuv_gazebo_ros_plugins_msgs/include/uuv_gazebo_ros_plugins_msgs/uuv_gazebo_ros_plugins_msgs/srv/detail/get_list_param__functions.h
[2.643s] -- Up-to-date: /home/sunny/catkin_ws/install/uuv_gazebo_ros_plugins_msgs/include/uuv_gazebo_ros_plugins_msgs/uuv_gazebo_ros_plugins_msgs/srv/detail/get_float__struct.h
[2.644s] -- Up-to-date: /home/sunny/catkin_ws/install/uuv_gazebo_ros_plugins_msgs/include/uuv_gazebo_ros_plugins_msgs/uuv_gazebo_ros_plugins_msgs/srv/detail/get_list_param__type_support.h
[2.644s] -- Up-to-date: /home/sunny/catkin_ws/install/uuv_gazebo_ros_plugins_msgs/include/uuv_gazebo_ros_plugins_msgs/uuv_gazebo_ros_plugins_msgs/srv/get_list_param.h
[2.644s] -- Up-to-date: /home/sunny/catkin_ws/install/uuv_gazebo_ros_plugins_msgs/include/uuv_gazebo_ros_plugins_msgs/uuv_gazebo_ros_plugins_msgs/srv/get_thruster_efficiency.h
[2.644s] -- Up-to-date: /home/sunny/catkin_ws/install/uuv_gazebo_ros_plugins_msgs/include/uuv_gazebo_ros_plugins_msgs/uuv_gazebo_ros_plugins_msgs/srv/get_thruster_state.h
[2.644s] -- Up-to-date: /home/sunny/catkin_ws/install/uuv_gazebo_ros_plugins_msgs/include/uuv_gazebo_ros_plugins_msgs/uuv_gazebo_ros_plugins_msgs/srv/set_use_global_current_vel.h
[2.644s] -- Up-to-date: /home/sunny/catkin_ws/install/uuv_gazebo_ros_plugins_msgs/include/uuv_gazebo_ros_plugins_msgs/uuv_gazebo_ros_plugins_msgs/srv/set_float.h
[2.644s] -- Up-to-date: /home/sunny/catkin_ws/install/uuv_gazebo_ros_plugins_msgs/include/uuv_gazebo_ros_plugins_msgs/uuv_gazebo_ros_plugins_msgs/msg
[2.644s] -- Up-to-date: /home/sunny/catkin_ws/install/uuv_gazebo_ros_plugins_msgs/include/uuv_gazebo_ros_plugins_msgs/uuv_gazebo_ros_plugins_msgs/msg/thruster_conversion_fcn.h
[2.644s] -- Up-to-date: /home/sunny/catkin_ws/install/uuv_gazebo_ros_plugins_msgs/include/uuv_gazebo_ros_plugins_msgs/uuv_gazebo_ros_plugins_msgs/msg/detail
[2.644s] -- Up-to-date: /home/sunny/catkin_ws/install/uuv_gazebo_ros_plugins_msgs/include/uuv_gazebo_ros_plugins_msgs/uuv_gazebo_ros_plugins_msgs/msg/detail/thruster_conversion_fcn__functions.c
[2.644s] -- Up-to-date: /home/sunny/catkin_ws/install/uuv_gazebo_ros_plugins_msgs/include/uuv_gazebo_ros_plugins_msgs/uuv_gazebo_ros_plugins_msgs/msg/detail/thruster_conversion_fcn__type_support.h
[2.644s] -- Up-to-date: /home/sunny/catkin_ws/install/uuv_gazebo_ros_plugins_msgs/include/uuv_gazebo_ros_plugins_msgs/uuv_gazebo_ros_plugins_msgs/msg/detail/float_stamped__functions.h
[2.645s] -- Up-to-date: /home/sunny/catkin_ws/install/uuv_gazebo_ros_plugins_msgs/include/uuv_gazebo_ros_plugins_msgs/uuv_gazebo_ros_plugins_msgs/msg/detail/float_stamped__functions.c
[2.645s] -- Up-to-date: /home/sunny/catkin_ws/install/uuv_gazebo_ros_plugins_msgs/include/uuv_gazebo_ros_plugins_msgs/uuv_gazebo_ros_plugins_msgs/msg/detail/underwater_object_model__functions.h
[2.645s] -- Up-to-date: /home/sunny/catkin_ws/install/uuv_gazebo_ros_plugins_msgs/include/uuv_gazebo_ros_plugins_msgs/uuv_gazebo_ros_plugins_msgs/msg/detail/underwater_object_model__struct.h
[2.645s] -- Up-to-date: /home/sunny/catkin_ws/install/uuv_gazebo_ros_plugins_msgs/include/uuv_gazebo_ros_plugins_msgs/uuv_gazebo_ros_plugins_msgs/msg/detail/thruster_conversion_fcn__functions.h
[2.645s] -- Up-to-date: /home/sunny/catkin_ws/install/uuv_gazebo_ros_plugins_msgs/include/uuv_gazebo_ros_plugins_msgs/uuv_gazebo_ros_plugins_msgs/msg/detail/float_stamped__type_support.h
[2.645s] -- Up-to-date: /home/sunny/catkin_ws/install/uuv_gazebo_ros_plugins_msgs/include/uuv_gazebo_ros_plugins_msgs/uuv_gazebo_ros_plugins_msgs/msg/detail/float_stamped__struct.h
[2.645s] -- Up-to-date: /home/sunny/catkin_ws/install/uuv_gazebo_ros_plugins_msgs/include/uuv_gazebo_ros_plugins_msgs/uuv_gazebo_ros_plugins_msgs/msg/detail/thruster_conversion_fcn__struct.h
[2.645s] -- Up-to-date: /home/sunny/catkin_ws/install/uuv_gazebo_ros_plugins_msgs/include/uuv_gazebo_ros_plugins_msgs/uuv_gazebo_ros_plugins_msgs/msg/detail/underwater_object_model__type_support.h
[2.645s] -- Up-to-date: /home/sunny/catkin_ws/install/uuv_gazebo_ros_plugins_msgs/include/uuv_gazebo_ros_plugins_msgs/uuv_gazebo_ros_plugins_msgs/msg/detail/underwater_object_model__functions.c
[2.646s] -- Up-to-date: /home/sunny/catkin_ws/install/uuv_gazebo_ros_plugins_msgs/include/uuv_gazebo_ros_plugins_msgs/uuv_gazebo_ros_plugins_msgs/msg/float_stamped.h
[2.646s] -- Up-to-date: /home/sunny/catkin_ws/install/uuv_gazebo_ros_plugins_msgs/include/uuv_gazebo_ros_plugins_msgs/uuv_gazebo_ros_plugins_msgs/msg/underwater_object_model.h
[2.646s] -- Up-to-date: /home/sunny/catkin_ws/install/uuv_gazebo_ros_plugins_msgs/include/uuv_gazebo_ros_plugins_msgs/uuv_gazebo_ros_plugins_msgs/msg/rosidl_generator_c__visibility_control.h
[2.646s] -- Up-to-date: /home/sunny/catkin_ws/install/uuv_gazebo_ros_plugins_msgs/share/uuv_gazebo_ros_plugins_msgs/environment/library_path.sh
[2.646s] -- Up-to-date: /home/sunny/catkin_ws/install/uuv_gazebo_ros_plugins_msgs/share/uuv_gazebo_ros_plugins_msgs/environment/library_path.dsv
[2.646s] -- Up-to-date: /home/sunny/catkin_ws/install/uuv_gazebo_ros_plugins_msgs/lib/libuuv_gazebo_ros_plugins_msgs__rosidl_generator_c.so
[2.646s] -- Up-to-date: /home/sunny/catkin_ws/install/uuv_gazebo_ros_plugins_msgs/include/uuv_gazebo_ros_plugins_msgs/uuv_gazebo_ros_plugins_msgs
[2.646s] -- Up-to-date: /home/sunny/catkin_ws/install/uuv_gazebo_ros_plugins_msgs/include/uuv_gazebo_ros_plugins_msgs/uuv_gazebo_ros_plugins_msgs/srv
[2.646s] -- Up-to-date: /home/sunny/catkin_ws/install/uuv_gazebo_ros_plugins_msgs/include/uuv_gazebo_ros_plugins_msgs/uuv_gazebo_ros_plugins_msgs/srv/detail
[2.646s] -- Up-to-date: /home/sunny/catkin_ws/install/uuv_gazebo_ros_plugins_msgs/include/uuv_gazebo_ros_plugins_msgs/uuv_gazebo_ros_plugins_msgs/srv/detail/get_float__rosidl_typesupport_fastrtps_c.h
[2.646s] -- Up-to-date: /home/sunny/catkin_ws/install/uuv_gazebo_ros_plugins_msgs/include/uuv_gazebo_ros_plugins_msgs/uuv_gazebo_ros_plugins_msgs/srv/detail/set_thruster_efficiency__rosidl_typesupport_fastrtps_c.h
[2.647s] -- Up-to-date: /home/sunny/catkin_ws/install/uuv_gazebo_ros_plugins_msgs/include/uuv_gazebo_ros_plugins_msgs/uuv_gazebo_ros_plugins_msgs/srv/detail/set_use_global_current_vel__rosidl_typesupport_fastrtps_c.h
[2.647s] -- Up-to-date: /home/sunny/catkin_ws/install/uuv_gazebo_ros_plugins_msgs/include/uuv_gazebo_ros_plugins_msgs/uuv_gazebo_ros_plugins_msgs/srv/detail/set_thruster_state__rosidl_typesupport_fastrtps_c.h
[2.647s] -- Up-to-date: /home/sunny/catkin_ws/install/uuv_gazebo_ros_plugins_msgs/include/uuv_gazebo_ros_plugins_msgs/uuv_gazebo_ros_plugins_msgs/srv/detail/set_float__rosidl_typesupport_fastrtps_c.h
[2.647s] -- Up-to-date: /home/sunny/catkin_ws/install/uuv_gazebo_ros_plugins_msgs/include/uuv_gazebo_ros_plugins_msgs/uuv_gazebo_ros_plugins_msgs/srv/detail/get_thruster_efficiency__rosidl_typesupport_fastrtps_c.h
[2.647s] -- Up-to-date: /home/sunny/catkin_ws/install/uuv_gazebo_ros_plugins_msgs/include/uuv_gazebo_ros_plugins_msgs/uuv_gazebo_ros_plugins_msgs/srv/detail/get_thruster_conversion_fcn__rosidl_typesupport_fastrtps_c.h
[2.647s] -- Up-to-date: /home/sunny/catkin_ws/install/uuv_gazebo_ros_plugins_msgs/include/uuv_gazebo_ros_plugins_msgs/uuv_gazebo_ros_plugins_msgs/srv/detail/get_model_properties__rosidl_typesupport_fastrtps_c.h
[2.647s] -- Up-to-date: /home/sunny/catkin_ws/install/uuv_gazebo_ros_plugins_msgs/include/uuv_gazebo_ros_plugins_msgs/uuv_gazebo_ros_plugins_msgs/srv/detail/get_list_param__rosidl_typesupport_fastrtps_c.h
[2.647s] -- Up-to-date: /home/sunny/catkin_ws/install/uuv_gazebo_ros_plugins_msgs/include/uuv_gazebo_ros_plugins_msgs/uuv_gazebo_ros_plugins_msgs/srv/detail/get_thruster_state__rosidl_typesupport_fastrtps_c.h
[2.647s] -- Up-to-date: /home/sunny/catkin_ws/install/uuv_gazebo_ros_plugins_msgs/include/uuv_gazebo_ros_plugins_msgs/uuv_gazebo_ros_plugins_msgs/msg
[2.648s] -- Up-to-date: /home/sunny/catkin_ws/install/uuv_gazebo_ros_plugins_msgs/include/uuv_gazebo_ros_plugins_msgs/uuv_gazebo_ros_plugins_msgs/msg/detail
[2.648s] -- Up-to-date: /home/sunny/catkin_ws/install/uuv_gazebo_ros_plugins_msgs/include/uuv_gazebo_ros_plugins_msgs/uuv_gazebo_ros_plugins_msgs/msg/detail/thruster_conversion_fcn__rosidl_typesupport_fastrtps_c.h
[2.648s] -- Up-to-date: /home/sunny/catkin_ws/install/uuv_gazebo_ros_plugins_msgs/include/uuv_gazebo_ros_plugins_msgs/uuv_gazebo_ros_plugins_msgs/msg/detail/float_stamped__rosidl_typesupport_fastrtps_c.h
[2.648s] -- Up-to-date: /home/sunny/catkin_ws/install/uuv_gazebo_ros_plugins_msgs/include/uuv_gazebo_ros_plugins_msgs/uuv_gazebo_ros_plugins_msgs/msg/detail/underwater_object_model__rosidl_typesupport_fastrtps_c.h
[2.648s] -- Up-to-date: /home/sunny/catkin_ws/install/uuv_gazebo_ros_plugins_msgs/include/uuv_gazebo_ros_plugins_msgs/uuv_gazebo_ros_plugins_msgs/msg/rosidl_typesupport_fastrtps_c__visibility_control.h
[2.648s] -- Up-to-date: /home/sunny/catkin_ws/install/uuv_gazebo_ros_plugins_msgs/lib/libuuv_gazebo_ros_plugins_msgs__rosidl_typesupport_fastrtps_c.so
[2.648s] -- Up-to-date: /home/sunny/catkin_ws/install/uuv_gazebo_ros_plugins_msgs/include/uuv_gazebo_ros_plugins_msgs/uuv_gazebo_ros_plugins_msgs
[2.648s] -- Up-to-date: /home/sunny/catkin_ws/install/uuv_gazebo_ros_plugins_msgs/include/uuv_gazebo_ros_plugins_msgs/uuv_gazebo_ros_plugins_msgs/srv
[2.648s] -- Up-to-date: /home/sunny/catkin_ws/install/uuv_gazebo_ros_plugins_msgs/include/uuv_gazebo_ros_plugins_msgs/uuv_gazebo_ros_plugins_msgs/srv/detail
[2.648s] -- Up-to-date: /home/sunny/catkin_ws/install/uuv_gazebo_ros_plugins_msgs/include/uuv_gazebo_ros_plugins_msgs/uuv_gazebo_ros_plugins_msgs/srv/detail/set_float__rosidl_typesupport_introspection_c.h
[2.648s] -- Up-to-date: /home/sunny/catkin_ws/install/uuv_gazebo_ros_plugins_msgs/include/uuv_gazebo_ros_plugins_msgs/uuv_gazebo_ros_plugins_msgs/srv/detail/get_model_properties__rosidl_typesupport_introspection_c.h
[2.649s] -- Up-to-date: /home/sunny/catkin_ws/install/uuv_gazebo_ros_plugins_msgs/include/uuv_gazebo_ros_plugins_msgs/uuv_gazebo_ros_plugins_msgs/srv/detail/get_thruster_state__type_support.c
[2.659s] -- Up-to-date: /home/sunny/catkin_ws/install/uuv_gazebo_ros_plugins_msgs/include/uuv_gazebo_ros_plugins_msgs/uuv_gazebo_ros_plugins_msgs/srv/detail/set_thruster_efficiency__type_support.c
[2.659s] -- Up-to-date: /home/sunny/catkin_ws/install/uuv_gazebo_ros_plugins_msgs/include/uuv_gazebo_ros_plugins_msgs/uuv_gazebo_ros_plugins_msgs/srv/detail/get_model_properties__type_support.c
[2.660s] -- Up-to-date: /home/sunny/catkin_ws/install/uuv_gazebo_ros_plugins_msgs/include/uuv_gazebo_ros_plugins_msgs/uuv_gazebo_ros_plugins_msgs/srv/detail/get_thruster_conversion_fcn__type_support.c
[2.660s] -- Up-to-date: /home/sunny/catkin_ws/install/uuv_gazebo_ros_plugins_msgs/include/uuv_gazebo_ros_plugins_msgs/uuv_gazebo_ros_plugins_msgs/srv/detail/get_float__rosidl_typesupport_introspection_c.h
[2.660s] -- Up-to-date: /home/sunny/catkin_ws/install/uuv_gazebo_ros_plugins_msgs/include/uuv_gazebo_ros_plugins_msgs/uuv_gazebo_ros_plugins_msgs/srv/detail/set_thruster_efficiency__rosidl_typesupport_introspection_c.h
[2.660s] -- Up-to-date: /home/sunny/catkin_ws/install/uuv_gazebo_ros_plugins_msgs/include/uuv_gazebo_ros_plugins_msgs/uuv_gazebo_ros_plugins_msgs/srv/detail/set_thruster_state__rosidl_typesupport_introspection_c.h
[2.660s] -- Up-to-date: /home/sunny/catkin_ws/install/uuv_gazebo_ros_plugins_msgs/include/uuv_gazebo_ros_plugins_msgs/uuv_gazebo_ros_plugins_msgs/srv/detail/set_use_global_current_vel__rosidl_typesupport_introspection_c.h
[2.660s] -- Up-to-date: /home/sunny/catkin_ws/install/uuv_gazebo_ros_plugins_msgs/include/uuv_gazebo_ros_plugins_msgs/uuv_gazebo_ros_plugins_msgs/srv/detail/get_float__type_support.c
[2.660s] -- Up-to-date: /home/sunny/catkin_ws/install/uuv_gazebo_ros_plugins_msgs/include/uuv_gazebo_ros_plugins_msgs/uuv_gazebo_ros_plugins_msgs/srv/detail/get_thruster_efficiency__type_support.c
[2.660s] -- Up-to-date: /home/sunny/catkin_ws/install/uuv_gazebo_ros_plugins_msgs/include/uuv_gazebo_ros_plugins_msgs/uuv_gazebo_ros_plugins_msgs/srv/detail/get_list_param__type_support.c
[2.660s] -- Up-to-date: /home/sunny/catkin_ws/install/uuv_gazebo_ros_plugins_msgs/include/uuv_gazebo_ros_plugins_msgs/uuv_gazebo_ros_plugins_msgs/srv/detail/get_thruster_efficiency__rosidl_typesupport_introspection_c.h
[2.661s] -- Up-to-date: /home/sunny/catkin_ws/install/uuv_gazebo_ros_plugins_msgs/include/uuv_gazebo_ros_plugins_msgs/uuv_gazebo_ros_plugins_msgs/srv/detail/set_use_global_current_vel__type_support.c
[2.661s] -- Up-to-date: /home/sunny/catkin_ws/install/uuv_gazebo_ros_plugins_msgs/include/uuv_gazebo_ros_plugins_msgs/uuv_gazebo_ros_plugins_msgs/srv/detail/set_thruster_state__type_support.c
[2.663s] -- Up-to-date: /home/sunny/catkin_ws/install/uuv_gazebo_ros_plugins_msgs/include/uuv_gazebo_ros_plugins_msgs/uuv_gazebo_ros_plugins_msgs/srv/detail/get_thruster_conversion_fcn__rosidl_typesupport_introspection_c.h
[2.664s] -- Up-to-date: /home/sunny/catkin_ws/install/uuv_gazebo_ros_plugins_msgs/include/uuv_gazebo_ros_plugins_msgs/uuv_gazebo_ros_plugins_msgs/srv/detail/set_float__type_support.c
[2.664s] -- Up-to-date: /home/sunny/catkin_ws/install/uuv_gazebo_ros_plugins_msgs/include/uuv_gazebo_ros_plugins_msgs/uuv_gazebo_ros_plugins_msgs/srv/detail/get_list_param__rosidl_typesupport_introspection_c.h
[2.664s] -- Up-to-date: /home/sunny/catkin_ws/install/uuv_gazebo_ros_plugins_msgs/include/uuv_gazebo_ros_plugins_msgs/uuv_gazebo_ros_plugins_msgs/srv/detail/get_thruster_state__rosidl_typesupport_introspection_c.h
[2.666s] -- Up-to-date: /home/sunny/catkin_ws/install/uuv_gazebo_ros_plugins_msgs/include/uuv_gazebo_ros_plugins_msgs/uuv_gazebo_ros_plugins_msgs/msg
[2.667s] -- Up-to-date: /home/sunny/catkin_ws/install/uuv_gazebo_ros_plugins_msgs/include/uuv_gazebo_ros_plugins_msgs/uuv_gazebo_ros_plugins_msgs/msg/rosidl_typesupport_introspection_c__visibility_control.h
[2.668s] -- Up-to-date: /home/sunny/catkin_ws/install/uuv_gazebo_ros_plugins_msgs/include/uuv_gazebo_ros_plugins_msgs/uuv_gazebo_ros_plugins_msgs/msg/detail
[2.668s] -- Up-to-date: /home/sunny/catkin_ws/install/uuv_gazebo_ros_plugins_msgs/include/uuv_gazebo_ros_plugins_msgs/uuv_gazebo_ros_plugins_msgs/msg/detail/float_stamped__type_support.c
[2.668s] -- Up-to-date: /home/sunny/catkin_ws/install/uuv_gazebo_ros_plugins_msgs/include/uuv_gazebo_ros_plugins_msgs/uuv_gazebo_ros_plugins_msgs/msg/detail/float_stamped__rosidl_typesupport_introspection_c.h
[2.669s] -- Up-to-date: /home/sunny/catkin_ws/install/uuv_gazebo_ros_plugins_msgs/include/uuv_gazebo_ros_plugins_msgs/uuv_gazebo_ros_plugins_msgs/msg/detail/underwater_object_model__rosidl_typesupport_introspection_c.h
[2.669s] -- Up-to-date: /home/sunny/catkin_ws/install/uuv_gazebo_ros_plugins_msgs/include/uuv_gazebo_ros_plugins_msgs/uuv_gazebo_ros_plugins_msgs/msg/detail/thruster_conversion_fcn__rosidl_typesupport_introspection_c.h
[2.669s] -- Up-to-date: /home/sunny/catkin_ws/install/uuv_gazebo_ros_plugins_msgs/include/uuv_gazebo_ros_plugins_msgs/uuv_gazebo_ros_plugins_msgs/msg/detail/underwater_object_model__type_support.c
[2.669s] -- Up-to-date: /home/sunny/catkin_ws/install/uuv_gazebo_ros_plugins_msgs/include/uuv_gazebo_ros_plugins_msgs/uuv_gazebo_ros_plugins_msgs/msg/detail/thruster_conversion_fcn__type_support.c
[2.669s] -- Up-to-date: /home/sunny/catkin_ws/install/uuv_gazebo_ros_plugins_msgs/lib/libuuv_gazebo_ros_plugins_msgs__rosidl_typesupport_introspection_c.so
[2.669s] -- Up-to-date: /home/sunny/catkin_ws/install/uuv_gazebo_ros_plugins_msgs/lib/libuuv_gazebo_ros_plugins_msgs__rosidl_typesupport_c.so
[2.670s] -- Up-to-date: /home/sunny/catkin_ws/install/uuv_gazebo_ros_plugins_msgs/include/uuv_gazebo_ros_plugins_msgs/uuv_gazebo_ros_plugins_msgs
[2.670s] -- Up-to-date: /home/sunny/catkin_ws/install/uuv_gazebo_ros_plugins_msgs/include/uuv_gazebo_ros_plugins_msgs/uuv_gazebo_ros_plugins_msgs/srv
[2.670s] -- Up-to-date: /home/sunny/catkin_ws/install/uuv_gazebo_ros_plugins_msgs/include/uuv_gazebo_ros_plugins_msgs/uuv_gazebo_ros_plugins_msgs/srv/set_use_global_current_vel.hpp
[2.670s] -- Up-to-date: /home/sunny/catkin_ws/install/uuv_gazebo_ros_plugins_msgs/include/uuv_gazebo_ros_plugins_msgs/uuv_gazebo_ros_plugins_msgs/srv/get_thruster_conversion_fcn.hpp
[2.670s] -- Up-to-date: /home/sunny/catkin_ws/install/uuv_gazebo_ros_plugins_msgs/include/uuv_gazebo_ros_plugins_msgs/uuv_gazebo_ros_plugins_msgs/srv/detail
[2.670s] -- Up-to-date: /home/sunny/catkin_ws/install/uuv_gazebo_ros_plugins_msgs/include/uuv_gazebo_ros_plugins_msgs/uuv_gazebo_ros_plugins_msgs/srv/detail/get_thruster_state__struct.hpp
[2.671s] -- Up-to-date: /home/sunny/catkin_ws/install/uuv_gazebo_ros_plugins_msgs/include/uuv_gazebo_ros_plugins_msgs/uuv_gazebo_ros_plugins_msgs/srv/detail/get_thruster_efficiency__builder.hpp
[2.671s] -- Up-to-date: /home/sunny/catkin_ws/install/uuv_gazebo_ros_plugins_msgs/include/uuv_gazebo_ros_plugins_msgs/uuv_gazebo_ros_plugins_msgs/srv/detail/set_use_global_current_vel__builder.hpp
[2.671s] -- Up-to-date: /home/sunny/catkin_ws/install/uuv_gazebo_ros_plugins_msgs/include/uuv_gazebo_ros_plugins_msgs/uuv_gazebo_ros_plugins_msgs/srv/detail/get_list_param__traits.hpp
[2.672s] -- Up-to-date: /home/sunny/catkin_ws/install/uuv_gazebo_ros_plugins_msgs/include/uuv_gazebo_ros_plugins_msgs/uuv_gazebo_ros_plugins_msgs/srv/detail/get_float__traits.hpp
[2.672s] -- Up-to-date: /home/sunny/catkin_ws/install/uuv_gazebo_ros_plugins_msgs/include/uuv_gazebo_ros_plugins_msgs/uuv_gazebo_ros_plugins_msgs/srv/detail/get_thruster_conversion_fcn__struct.hpp
[2.672s] -- Up-to-date: /home/sunny/catkin_ws/install/uuv_gazebo_ros_plugins_msgs/include/uuv_gazebo_ros_plugins_msgs/uuv_gazebo_ros_plugins_msgs/srv/detail/get_model_properties__builder.hpp
[2.672s] -- Up-to-date: /home/sunny/catkin_ws/install/uuv_gazebo_ros_plugins_msgs/include/uuv_gazebo_ros_plugins_msgs/uuv_gazebo_ros_plugins_msgs/srv/detail/set_float__traits.hpp
[2.672s] -- Up-to-date: /home/sunny/catkin_ws/install/uuv_gazebo_ros_plugins_msgs/include/uuv_gazebo_ros_plugins_msgs/uuv_gazebo_ros_plugins_msgs/srv/detail/get_float__builder.hpp
[2.672s] -- Up-to-date: /home/sunny/catkin_ws/install/uuv_gazebo_ros_plugins_msgs/include/uuv_gazebo_ros_plugins_msgs/uuv_gazebo_ros_plugins_msgs/srv/detail/set_float__struct.hpp
[2.673s] -- Up-to-date: /home/sunny/catkin_ws/install/uuv_gazebo_ros_plugins_msgs/include/uuv_gazebo_ros_plugins_msgs/uuv_gazebo_ros_plugins_msgs/srv/detail/set_thruster_efficiency__builder.hpp
[2.674s] -- Up-to-date: /home/sunny/catkin_ws/install/uuv_gazebo_ros_plugins_msgs/include/uuv_gazebo_ros_plugins_msgs/uuv_gazebo_ros_plugins_msgs/srv/detail/get_list_param__struct.hpp
[2.674s] -- Up-to-date: /home/sunny/catkin_ws/install/uuv_gazebo_ros_plugins_msgs/include/uuv_gazebo_ros_plugins_msgs/uuv_gazebo_ros_plugins_msgs/srv/detail/get_thruster_state__builder.hpp
[2.674s] -- Up-to-date: /home/sunny/catkin_ws/install/uuv_gazebo_ros_plugins_msgs/include/uuv_gazebo_ros_plugins_msgs/uuv_gazebo_ros_plugins_msgs/srv/detail/set_float__builder.hpp
[2.674s] -- Up-to-date: /home/sunny/catkin_ws/install/uuv_gazebo_ros_plugins_msgs/include/uuv_gazebo_ros_plugins_msgs/uuv_gazebo_ros_plugins_msgs/srv/detail/get_thruster_conversion_fcn__traits.hpp
[2.674s] -- Up-to-date: /home/sunny/catkin_ws/install/uuv_gazebo_ros_plugins_msgs/include/uuv_gazebo_ros_plugins_msgs/uuv_gazebo_ros_plugins_msgs/srv/detail/get_thruster_conversion_fcn__builder.hpp
[2.674s] -- Up-to-date: /home/sunny/catkin_ws/install/uuv_gazebo_ros_plugins_msgs/include/uuv_gazebo_ros_plugins_msgs/uuv_gazebo_ros_plugins_msgs/srv/detail/get_thruster_efficiency__traits.hpp
[2.674s] -- Up-to-date: /home/sunny/catkin_ws/install/uuv_gazebo_ros_plugins_msgs/include/uuv_gazebo_ros_plugins_msgs/uuv_gazebo_ros_plugins_msgs/srv/detail/set_thruster_state__builder.hpp
[2.674s] -- Up-to-date: /home/sunny/catkin_ws/install/uuv_gazebo_ros_plugins_msgs/include/uuv_gazebo_ros_plugins_msgs/uuv_gazebo_ros_plugins_msgs/srv/detail/set_thruster_state__traits.hpp
[2.675s] -- Up-to-date: /home/sunny/catkin_ws/install/uuv_gazebo_ros_plugins_msgs/include/uuv_gazebo_ros_plugins_msgs/uuv_gazebo_ros_plugins_msgs/srv/detail/get_list_param__builder.hpp
[2.675s] -- Up-to-date: /home/sunny/catkin_ws/install/uuv_gazebo_ros_plugins_msgs/include/uuv_gazebo_ros_plugins_msgs/uuv_gazebo_ros_plugins_msgs/srv/detail/get_thruster_state__traits.hpp
[2.675s] -- Up-to-date: /home/sunny/catkin_ws/install/uuv_gazebo_ros_plugins_msgs/include/uuv_gazebo_ros_plugins_msgs/uuv_gazebo_ros_plugins_msgs/srv/detail/set_thruster_efficiency__traits.hpp
[2.675s] -- Up-to-date: /home/sunny/catkin_ws/install/uuv_gazebo_ros_plugins_msgs/include/uuv_gazebo_ros_plugins_msgs/uuv_gazebo_ros_plugins_msgs/srv/detail/get_model_properties__traits.hpp
[2.675s] -- Up-to-date: /home/sunny/catkin_ws/install/uuv_gazebo_ros_plugins_msgs/include/uuv_gazebo_ros_plugins_msgs/uuv_gazebo_ros_plugins_msgs/srv/detail/set_thruster_state__struct.hpp
[2.675s] -- Up-to-date: /home/sunny/catkin_ws/install/uuv_gazebo_ros_plugins_msgs/include/uuv_gazebo_ros_plugins_msgs/uuv_gazebo_ros_plugins_msgs/srv/detail/set_use_global_current_vel__traits.hpp
[2.676s] -- Up-to-date: /home/sunny/catkin_ws/install/uuv_gazebo_ros_plugins_msgs/include/uuv_gazebo_ros_plugins_msgs/uuv_gazebo_ros_plugins_msgs/srv/detail/set_thruster_efficiency__struct.hpp
[2.676s] -- Up-to-date: /home/sunny/catkin_ws/install/uuv_gazebo_ros_plugins_msgs/include/uuv_gazebo_ros_plugins_msgs/uuv_gazebo_ros_plugins_msgs/srv/detail/get_model_properties__struct.hpp
[2.676s] -- Up-to-date: /home/sunny/catkin_ws/install/uuv_gazebo_ros_plugins_msgs/include/uuv_gazebo_ros_plugins_msgs/uuv_gazebo_ros_plugins_msgs/srv/detail/get_float__struct.hpp
[2.676s] -- Up-to-date: /home/sunny/catkin_ws/install/uuv_gazebo_ros_plugins_msgs/include/uuv_gazebo_ros_plugins_msgs/uuv_gazebo_ros_plugins_msgs/srv/detail/get_thruster_efficiency__struct.hpp
[2.676s] -- Up-to-date: /home/sunny/catkin_ws/install/uuv_gazebo_ros_plugins_msgs/include/uuv_gazebo_ros_plugins_msgs/uuv_gazebo_ros_plugins_msgs/srv/detail/set_use_global_current_vel__struct.hpp
[2.676s] -- Up-to-date: /home/sunny/catkin_ws/install/uuv_gazebo_ros_plugins_msgs/include/uuv_gazebo_ros_plugins_msgs/uuv_gazebo_ros_plugins_msgs/srv/get_list_param.hpp
[2.676s] -- Up-to-date: /home/sunny/catkin_ws/install/uuv_gazebo_ros_plugins_msgs/include/uuv_gazebo_ros_plugins_msgs/uuv_gazebo_ros_plugins_msgs/srv/set_float.hpp
[2.676s] -- Up-to-date: /home/sunny/catkin_ws/install/uuv_gazebo_ros_plugins_msgs/include/uuv_gazebo_ros_plugins_msgs/uuv_gazebo_ros_plugins_msgs/srv/get_float.hpp
[2.676s] -- Up-to-date: /home/sunny/catkin_ws/install/uuv_gazebo_ros_plugins_msgs/include/uuv_gazebo_ros_plugins_msgs/uuv_gazebo_ros_plugins_msgs/srv/set_thruster_state.hpp
[2.677s] -- Up-to-date: /home/sunny/catkin_ws/install/uuv_gazebo_ros_plugins_msgs/include/uuv_gazebo_ros_plugins_msgs/uuv_gazebo_ros_plugins_msgs/srv/set_thruster_efficiency.hpp
[2.677s] -- Up-to-date: /home/sunny/catkin_ws/install/uuv_gazebo_ros_plugins_msgs/include/uuv_gazebo_ros_plugins_msgs/uuv_gazebo_ros_plugins_msgs/srv/get_thruster_state.hpp
[2.677s] -- Up-to-date: /home/sunny/catkin_ws/install/uuv_gazebo_ros_plugins_msgs/include/uuv_gazebo_ros_plugins_msgs/uuv_gazebo_ros_plugins_msgs/srv/get_model_properties.hpp
[2.677s] -- Up-to-date: /home/sunny/catkin_ws/install/uuv_gazebo_ros_plugins_msgs/include/uuv_gazebo_ros_plugins_msgs/uuv_gazebo_ros_plugins_msgs/srv/get_thruster_efficiency.hpp
[2.677s] -- Up-to-date: /home/sunny/catkin_ws/install/uuv_gazebo_ros_plugins_msgs/include/uuv_gazebo_ros_plugins_msgs/uuv_gazebo_ros_plugins_msgs/msg
[2.677s] -- Up-to-date: /home/sunny/catkin_ws/install/uuv_gazebo_ros_plugins_msgs/include/uuv_gazebo_ros_plugins_msgs/uuv_gazebo_ros_plugins_msgs/msg/thruster_conversion_fcn.hpp
[2.677s] -- Up-to-date: /home/sunny/catkin_ws/install/uuv_gazebo_ros_plugins_msgs/include/uuv_gazebo_ros_plugins_msgs/uuv_gazebo_ros_plugins_msgs/msg/float_stamped.hpp
[2.677s] -- Up-to-date: /home/sunny/catkin_ws/install/uuv_gazebo_ros_plugins_msgs/include/uuv_gazebo_ros_plugins_msgs/uuv_gazebo_ros_plugins_msgs/msg/detail
[2.678s] -- Up-to-date: /home/sunny/catkin_ws/install/uuv_gazebo_ros_plugins_msgs/include/uuv_gazebo_ros_plugins_msgs/uuv_gazebo_ros_plugins_msgs/msg/detail/float_stamped__struct.hpp
[2.678s] -- Up-to-date: /home/sunny/catkin_ws/install/uuv_gazebo_ros_plugins_msgs/include/uuv_gazebo_ros_plugins_msgs/uuv_gazebo_ros_plugins_msgs/msg/detail/thruster_conversion_fcn__struct.hpp
[2.678s] -- Up-to-date: /home/sunny/catkin_ws/install/uuv_gazebo_ros_plugins_msgs/include/uuv_gazebo_ros_plugins_msgs/uuv_gazebo_ros_plugins_msgs/msg/detail/underwater_object_model__builder.hpp
[2.678s] -- Up-to-date: /home/sunny/catkin_ws/install/uuv_gazebo_ros_plugins_msgs/include/uuv_gazebo_ros_plugins_msgs/uuv_gazebo_ros_plugins_msgs/msg/detail/underwater_object_model__struct.hpp
[2.678s] -- Up-to-date: /home/sunny/catkin_ws/install/uuv_gazebo_ros_plugins_msgs/include/uuv_gazebo_ros_plugins_msgs/uuv_gazebo_ros_plugins_msgs/msg/detail/float_stamped__builder.hpp
[2.678s] -- Up-to-date: /home/sunny/catkin_ws/install/uuv_gazebo_ros_plugins_msgs/include/uuv_gazebo_ros_plugins_msgs/uuv_gazebo_ros_plugins_msgs/msg/detail/thruster_conversion_fcn__builder.hpp
[2.679s] -- Up-to-date: /home/sunny/catkin_ws/install/uuv_gazebo_ros_plugins_msgs/include/uuv_gazebo_ros_plugins_msgs/uuv_gazebo_ros_plugins_msgs/msg/detail/underwater_object_model__traits.hpp
[2.679s] -- Up-to-date: /home/sunny/catkin_ws/install/uuv_gazebo_ros_plugins_msgs/include/uuv_gazebo_ros_plugins_msgs/uuv_gazebo_ros_plugins_msgs/msg/detail/float_stamped__traits.hpp
[2.679s] -- Up-to-date: /home/sunny/catkin_ws/install/uuv_gazebo_ros_plugins_msgs/include/uuv_gazebo_ros_plugins_msgs/uuv_gazebo_ros_plugins_msgs/msg/detail/thruster_conversion_fcn__traits.hpp
[2.680s] -- Up-to-date: /home/sunny/catkin_ws/install/uuv_gazebo_ros_plugins_msgs/include/uuv_gazebo_ros_plugins_msgs/uuv_gazebo_ros_plugins_msgs/msg/underwater_object_model.hpp
[2.680s] -- Up-to-date: /home/sunny/catkin_ws/install/uuv_gazebo_ros_plugins_msgs/include/uuv_gazebo_ros_plugins_msgs/uuv_gazebo_ros_plugins_msgs
[2.680s] -- Up-to-date: /home/sunny/catkin_ws/install/uuv_gazebo_ros_plugins_msgs/include/uuv_gazebo_ros_plugins_msgs/uuv_gazebo_ros_plugins_msgs/srv
[2.681s] -- Up-to-date: /home/sunny/catkin_ws/install/uuv_gazebo_ros_plugins_msgs/include/uuv_gazebo_ros_plugins_msgs/uuv_gazebo_ros_plugins_msgs/srv/detail
[2.681s] -- Up-to-date: /home/sunny/catkin_ws/install/uuv_gazebo_ros_plugins_msgs/include/uuv_gazebo_ros_plugins_msgs/uuv_gazebo_ros_plugins_msgs/srv/detail/get_thruster_efficiency__rosidl_typesupport_fastrtps_cpp.hpp
[2.681s] -- Up-to-date: /home/sunny/catkin_ws/install/uuv_gazebo_ros_plugins_msgs/include/uuv_gazebo_ros_plugins_msgs/uuv_gazebo_ros_plugins_msgs/srv/detail/set_thruster_efficiency__rosidl_typesupport_fastrtps_cpp.hpp
[2.681s] -- Up-to-date: /home/sunny/catkin_ws/install/uuv_gazebo_ros_plugins_msgs/include/uuv_gazebo_ros_plugins_msgs/uuv_gazebo_ros_plugins_msgs/srv/detail/get_float__rosidl_typesupport_fastrtps_cpp.hpp
[2.681s] -- Up-to-date: /home/sunny/catkin_ws/install/uuv_gazebo_ros_plugins_msgs/include/uuv_gazebo_ros_plugins_msgs/uuv_gazebo_ros_plugins_msgs/srv/detail/set_use_global_current_vel__rosidl_typesupport_fastrtps_cpp.hpp
[2.681s] -- Up-to-date: /home/sunny/catkin_ws/install/uuv_gazebo_ros_plugins_msgs/include/uuv_gazebo_ros_plugins_msgs/uuv_gazebo_ros_plugins_msgs/srv/detail/set_float__rosidl_typesupport_fastrtps_cpp.hpp
[2.681s] -- Up-to-date: /home/sunny/catkin_ws/install/uuv_gazebo_ros_plugins_msgs/include/uuv_gazebo_ros_plugins_msgs/uuv_gazebo_ros_plugins_msgs/srv/detail/get_model_properties__rosidl_typesupport_fastrtps_cpp.hpp
[2.681s] -- Up-to-date: /home/sunny/catkin_ws/install/uuv_gazebo_ros_plugins_msgs/include/uuv_gazebo_ros_plugins_msgs/uuv_gazebo_ros_plugins_msgs/srv/detail/get_thruster_state__rosidl_typesupport_fastrtps_cpp.hpp
[2.681s] -- Up-to-date: /home/sunny/catkin_ws/install/uuv_gazebo_ros_plugins_msgs/include/uuv_gazebo_ros_plugins_msgs/uuv_gazebo_ros_plugins_msgs/srv/detail/get_list_param__rosidl_typesupport_fastrtps_cpp.hpp
[2.681s] -- Up-to-date: /home/sunny/catkin_ws/install/uuv_gazebo_ros_plugins_msgs/include/uuv_gazebo_ros_plugins_msgs/uuv_gazebo_ros_plugins_msgs/srv/detail/set_thruster_state__rosidl_typesupport_fastrtps_cpp.hpp
[2.682s] -- Up-to-date: /home/sunny/catkin_ws/install/uuv_gazebo_ros_plugins_msgs/include/uuv_gazebo_ros_plugins_msgs/uuv_gazebo_ros_plugins_msgs/srv/detail/get_thruster_conversion_fcn__rosidl_typesupport_fastrtps_cpp.hpp
[2.682s] -- Up-to-date: /home/sunny/catkin_ws/install/uuv_gazebo_ros_plugins_msgs/include/uuv_gazebo_ros_plugins_msgs/uuv_gazebo_ros_plugins_msgs/srv/detail/dds_fastrtps
[2.682s] -- Up-to-date: /home/sunny/catkin_ws/install/uuv_gazebo_ros_plugins_msgs/include/uuv_gazebo_ros_plugins_msgs/uuv_gazebo_ros_plugins_msgs/msg
[2.683s] -- Up-to-date: /home/sunny/catkin_ws/install/uuv_gazebo_ros_plugins_msgs/include/uuv_gazebo_ros_plugins_msgs/uuv_gazebo_ros_plugins_msgs/msg/detail
[2.683s] -- Up-to-date: /home/sunny/catkin_ws/install/uuv_gazebo_ros_plugins_msgs/include/uuv_gazebo_ros_plugins_msgs/uuv_gazebo_ros_plugins_msgs/msg/detail/underwater_object_model__rosidl_typesupport_fastrtps_cpp.hpp
[2.683s] -- Up-to-date: /home/sunny/catkin_ws/install/uuv_gazebo_ros_plugins_msgs/include/uuv_gazebo_ros_plugins_msgs/uuv_gazebo_ros_plugins_msgs/msg/detail/thruster_conversion_fcn__rosidl_typesupport_fastrtps_cpp.hpp
[2.683s] -- Up-to-date: /home/sunny/catkin_ws/install/uuv_gazebo_ros_plugins_msgs/include/uuv_gazebo_ros_plugins_msgs/uuv_gazebo_ros_plugins_msgs/msg/detail/float_stamped__rosidl_typesupport_fastrtps_cpp.hpp
[2.683s] -- Up-to-date: /home/sunny/catkin_ws/install/uuv_gazebo_ros_plugins_msgs/include/uuv_gazebo_ros_plugins_msgs/uuv_gazebo_ros_plugins_msgs/msg/detail/dds_fastrtps
[2.683s] -- Up-to-date: /home/sunny/catkin_ws/install/uuv_gazebo_ros_plugins_msgs/include/uuv_gazebo_ros_plugins_msgs/uuv_gazebo_ros_plugins_msgs/msg/rosidl_typesupport_fastrtps_cpp__visibility_control.h
[2.683s] -- Up-to-date: /home/sunny/catkin_ws/install/uuv_gazebo_ros_plugins_msgs/lib/libuuv_gazebo_ros_plugins_msgs__rosidl_typesupport_fastrtps_cpp.so
[2.683s] -- Up-to-date: /home/sunny/catkin_ws/install/uuv_gazebo_ros_plugins_msgs/include/uuv_gazebo_ros_plugins_msgs/uuv_gazebo_ros_plugins_msgs
[2.684s] -- Up-to-date: /home/sunny/catkin_ws/install/uuv_gazebo_ros_plugins_msgs/include/uuv_gazebo_ros_plugins_msgs/uuv_gazebo_ros_plugins_msgs/srv
[2.684s] -- Up-to-date: /home/sunny/catkin_ws/install/uuv_gazebo_ros_plugins_msgs/include/uuv_gazebo_ros_plugins_msgs/uuv_gazebo_ros_plugins_msgs/srv/detail
[2.684s] -- Up-to-date: /home/sunny/catkin_ws/install/uuv_gazebo_ros_plugins_msgs/include/uuv_gazebo_ros_plugins_msgs/uuv_gazebo_ros_plugins_msgs/srv/detail/get_model_properties__rosidl_typesupport_introspection_cpp.hpp
[2.684s] -- Up-to-date: /home/sunny/catkin_ws/install/uuv_gazebo_ros_plugins_msgs/include/uuv_gazebo_ros_plugins_msgs/uuv_gazebo_ros_plugins_msgs/srv/detail/get_thruster_conversion_fcn__rosidl_typesupport_introspection_cpp.hpp
[2.684s] -- Up-to-date: /home/sunny/catkin_ws/install/uuv_gazebo_ros_plugins_msgs/include/uuv_gazebo_ros_plugins_msgs/uuv_gazebo_ros_plugins_msgs/srv/detail/set_thruster_efficiency__rosidl_typesupport_introspection_cpp.hpp
[2.684s] -- Up-to-date: /home/sunny/catkin_ws/install/uuv_gazebo_ros_plugins_msgs/include/uuv_gazebo_ros_plugins_msgs/uuv_gazebo_ros_plugins_msgs/srv/detail/get_list_param__type_support.cpp
[2.684s] -- Up-to-date: /home/sunny/catkin_ws/install/uuv_gazebo_ros_plugins_msgs/include/uuv_gazebo_ros_plugins_msgs/uuv_gazebo_ros_plugins_msgs/srv/detail/get_thruster_state__rosidl_typesupport_introspection_cpp.hpp
[2.684s] -- Up-to-date: /home/sunny/catkin_ws/install/uuv_gazebo_ros_plugins_msgs/include/uuv_gazebo_ros_plugins_msgs/uuv_gazebo_ros_plugins_msgs/srv/detail/get_float__type_support.cpp
[2.684s] -- Up-to-date: /home/sunny/catkin_ws/install/uuv_gazebo_ros_plugins_msgs/include/uuv_gazebo_ros_plugins_msgs/uuv_gazebo_ros_plugins_msgs/srv/detail/get_thruster_efficiency__type_support.cpp
[2.684s] -- Up-to-date: /home/sunny/catkin_ws/install/uuv_gazebo_ros_plugins_msgs/include/uuv_gazebo_ros_plugins_msgs/uuv_gazebo_ros_plugins_msgs/srv/detail/set_thruster_state__rosidl_typesupport_introspection_cpp.hpp
[2.685s] -- Up-to-date: /home/sunny/catkin_ws/install/uuv_gazebo_ros_plugins_msgs/include/uuv_gazebo_ros_plugins_msgs/uuv_gazebo_ros_plugins_msgs/srv/detail/get_list_param__rosidl_typesupport_introspection_cpp.hpp
[2.685s] -- Up-to-date: /home/sunny/catkin_ws/install/uuv_gazebo_ros_plugins_msgs/include/uuv_gazebo_ros_plugins_msgs/uuv_gazebo_ros_plugins_msgs/srv/detail/set_float__type_support.cpp
[2.685s] -- Up-to-date: /home/sunny/catkin_ws/install/uuv_gazebo_ros_plugins_msgs/include/uuv_gazebo_ros_plugins_msgs/uuv_gazebo_ros_plugins_msgs/srv/detail/set_use_global_current_vel__type_support.cpp
[2.685s] -- Up-to-date: /home/sunny/catkin_ws/install/uuv_gazebo_ros_plugins_msgs/include/uuv_gazebo_ros_plugins_msgs/uuv_gazebo_ros_plugins_msgs/srv/detail/set_use_global_current_vel__rosidl_typesupport_introspection_cpp.hpp
[2.685s] -- Up-to-date: /home/sunny/catkin_ws/install/uuv_gazebo_ros_plugins_msgs/include/uuv_gazebo_ros_plugins_msgs/uuv_gazebo_ros_plugins_msgs/srv/detail/set_float__rosidl_typesupport_introspection_cpp.hpp
[2.685s] -- Up-to-date: /home/sunny/catkin_ws/install/uuv_gazebo_ros_plugins_msgs/include/uuv_gazebo_ros_plugins_msgs/uuv_gazebo_ros_plugins_msgs/srv/detail/set_thruster_efficiency__type_support.cpp
[2.685s] -- Up-to-date: /home/sunny/catkin_ws/install/uuv_gazebo_ros_plugins_msgs/include/uuv_gazebo_ros_plugins_msgs/uuv_gazebo_ros_plugins_msgs/srv/detail/get_thruster_efficiency__rosidl_typesupport_introspection_cpp.hpp
[2.685s] -- Up-to-date: /home/sunny/catkin_ws/install/uuv_gazebo_ros_plugins_msgs/include/uuv_gazebo_ros_plugins_msgs/uuv_gazebo_ros_plugins_msgs/srv/detail/set_thruster_state__type_support.cpp
[2.686s] -- Up-to-date: /home/sunny/catkin_ws/install/uuv_gazebo_ros_plugins_msgs/include/uuv_gazebo_ros_plugins_msgs/uuv_gazebo_ros_plugins_msgs/srv/detail/get_thruster_state__type_support.cpp
[2.686s] -- Up-to-date: /home/sunny/catkin_ws/install/uuv_gazebo_ros_plugins_msgs/include/uuv_gazebo_ros_plugins_msgs/uuv_gazebo_ros_plugins_msgs/srv/detail/get_model_properties__type_support.cpp
[2.686s] -- Up-to-date: /home/sunny/catkin_ws/install/uuv_gazebo_ros_plugins_msgs/include/uuv_gazebo_ros_plugins_msgs/uuv_gazebo_ros_plugins_msgs/srv/detail/get_thruster_conversion_fcn__type_support.cpp
[2.686s] -- Up-to-date: /home/sunny/catkin_ws/install/uuv_gazebo_ros_plugins_msgs/include/uuv_gazebo_ros_plugins_msgs/uuv_gazebo_ros_plugins_msgs/srv/detail/get_float__rosidl_typesupport_introspection_cpp.hpp
[2.687s] -- Up-to-date: /home/sunny/catkin_ws/install/uuv_gazebo_ros_plugins_msgs/include/uuv_gazebo_ros_plugins_msgs/uuv_gazebo_ros_plugins_msgs/msg
[2.687s] -- Up-to-date: /home/sunny/catkin_ws/install/uuv_gazebo_ros_plugins_msgs/include/uuv_gazebo_ros_plugins_msgs/uuv_gazebo_ros_plugins_msgs/msg/detail
[2.687s] -- Up-to-date: /home/sunny/catkin_ws/install/uuv_gazebo_ros_plugins_msgs/include/uuv_gazebo_ros_plugins_msgs/uuv_gazebo_ros_plugins_msgs/msg/detail/float_stamped__type_support.cpp
[2.687s] -- Up-to-date: /home/sunny/catkin_ws/install/uuv_gazebo_ros_plugins_msgs/include/uuv_gazebo_ros_plugins_msgs/uuv_gazebo_ros_plugins_msgs/msg/detail/underwater_object_model__rosidl_typesupport_introspection_cpp.hpp
[2.687s] -- Up-to-date: /home/sunny/catkin_ws/install/uuv_gazebo_ros_plugins_msgs/include/uuv_gazebo_ros_plugins_msgs/uuv_gazebo_ros_plugins_msgs/msg/detail/thruster_conversion_fcn__rosidl_typesupport_introspection_cpp.hpp
[2.687s] -- Up-to-date: /home/sunny/catkin_ws/install/uuv_gazebo_ros_plugins_msgs/include/uuv_gazebo_ros_plugins_msgs/uuv_gazebo_ros_plugins_msgs/msg/detail/underwater_object_model__type_support.cpp
[2.687s] -- Up-to-date: /home/sunny/catkin_ws/install/uuv_gazebo_ros_plugins_msgs/include/uuv_gazebo_ros_plugins_msgs/uuv_gazebo_ros_plugins_msgs/msg/detail/float_stamped__rosidl_typesupport_introspection_cpp.hpp
[2.687s] -- Up-to-date: /home/sunny/catkin_ws/install/uuv_gazebo_ros_plugins_msgs/include/uuv_gazebo_ros_plugins_msgs/uuv_gazebo_ros_plugins_msgs/msg/detail/thruster_conversion_fcn__type_support.cpp
[2.687s] -- Up-to-date: /home/sunny/catkin_ws/install/uuv_gazebo_ros_plugins_msgs/lib/libuuv_gazebo_ros_plugins_msgs__rosidl_typesupport_introspection_cpp.so
[2.687s] -- Up-to-date: /home/sunny/catkin_ws/install/uuv_gazebo_ros_plugins_msgs/lib/libuuv_gazebo_ros_plugins_msgs__rosidl_typesupport_cpp.so
[2.687s] -- Up-to-date: /home/sunny/catkin_ws/install/uuv_gazebo_ros_plugins_msgs/share/uuv_gazebo_ros_plugins_msgs/environment/pythonpath.sh
[2.687s] -- Up-to-date: /home/sunny/catkin_ws/install/uuv_gazebo_ros_plugins_msgs/share/uuv_gazebo_ros_plugins_msgs/environment/pythonpath.dsv
[2.688s] -- Up-to-date: /home/sunny/catkin_ws/install/uuv_gazebo_ros_plugins_msgs/local/lib/python3.10/dist-packages/uuv_gazebo_ros_plugins_msgs-0.6.1-py3.10.egg-info
[2.688s] -- Installing: /home/sunny/catkin_ws/install/uuv_gazebo_ros_plugins_msgs/local/lib/python3.10/dist-packages/uuv_gazebo_ros_plugins_msgs-0.6.1-py3.10.egg-info/PKG-INFO
[2.689s] -- Installing: /home/sunny/catkin_ws/install/uuv_gazebo_ros_plugins_msgs/local/lib/python3.10/dist-packages/uuv_gazebo_ros_plugins_msgs-0.6.1-py3.10.egg-info/SOURCES.txt
[2.689s] -- Installing: /home/sunny/catkin_ws/install/uuv_gazebo_ros_plugins_msgs/local/lib/python3.10/dist-packages/uuv_gazebo_ros_plugins_msgs-0.6.1-py3.10.egg-info/top_level.txt
[2.689s] -- Installing: /home/sunny/catkin_ws/install/uuv_gazebo_ros_plugins_msgs/local/lib/python3.10/dist-packages/uuv_gazebo_ros_plugins_msgs-0.6.1-py3.10.egg-info/dependency_links.txt
[2.689s] -- Up-to-date: /home/sunny/catkin_ws/install/uuv_gazebo_ros_plugins_msgs/local/lib/python3.10/dist-packages/uuv_gazebo_ros_plugins_msgs
[2.689s] -- Up-to-date: /home/sunny/catkin_ws/install/uuv_gazebo_ros_plugins_msgs/local/lib/python3.10/dist-packages/uuv_gazebo_ros_plugins_msgs/__init__.py
[2.689s] -- Up-to-date: /home/sunny/catkin_ws/install/uuv_gazebo_ros_plugins_msgs/local/lib/python3.10/dist-packages/uuv_gazebo_ros_plugins_msgs/srv
[2.689s] -- Up-to-date: /home/sunny/catkin_ws/install/uuv_gazebo_ros_plugins_msgs/local/lib/python3.10/dist-packages/uuv_gazebo_ros_plugins_msgs/srv/__init__.py
[2.689s] -- Up-to-date: /home/sunny/catkin_ws/install/uuv_gazebo_ros_plugins_msgs/local/lib/python3.10/dist-packages/uuv_gazebo_ros_plugins_msgs/srv/_get_float.py
[2.690s] -- Up-to-date: /home/sunny/catkin_ws/install/uuv_gazebo_ros_plugins_msgs/local/lib/python3.10/dist-packages/uuv_gazebo_ros_plugins_msgs/srv/_set_thruster_state_s.c
[2.690s] -- Up-to-date: /home/sunny/catkin_ws/install/uuv_gazebo_ros_plugins_msgs/local/lib/python3.10/dist-packages/uuv_gazebo_ros_plugins_msgs/srv/_get_thruster_state_s.c
[2.690s] -- Up-to-date: /home/sunny/catkin_ws/install/uuv_gazebo_ros_plugins_msgs/local/lib/python3.10/dist-packages/uuv_gazebo_ros_plugins_msgs/srv/_set_thruster_efficiency.py
[2.690s] -- Up-to-date: /home/sunny/catkin_ws/install/uuv_gazebo_ros_plugins_msgs/local/lib/python3.10/dist-packages/uuv_gazebo_ros_plugins_msgs/srv/_get_thruster_efficiency_s.c
[2.690s] -- Up-to-date: /home/sunny/catkin_ws/install/uuv_gazebo_ros_plugins_msgs/local/lib/python3.10/dist-packages/uuv_gazebo_ros_plugins_msgs/srv/_set_thruster_state.py
[2.691s] -- Up-to-date: /home/sunny/catkin_ws/install/uuv_gazebo_ros_plugins_msgs/local/lib/python3.10/dist-packages/uuv_gazebo_ros_plugins_msgs/srv/_get_thruster_state.py
[2.691s] -- Up-to-date: /home/sunny/catkin_ws/install/uuv_gazebo_ros_plugins_msgs/local/lib/python3.10/dist-packages/uuv_gazebo_ros_plugins_msgs/srv/_set_thruster_efficiency_s.c
[2.691s] -- Up-to-date: /home/sunny/catkin_ws/install/uuv_gazebo_ros_plugins_msgs/local/lib/python3.10/dist-packages/uuv_gazebo_ros_plugins_msgs/srv/_get_thruster_conversion_fcn.py
[2.691s] -- Up-to-date: /home/sunny/catkin_ws/install/uuv_gazebo_ros_plugins_msgs/local/lib/python3.10/dist-packages/uuv_gazebo_ros_plugins_msgs/srv/_get_float_s.c
[2.691s] -- Up-to-date: /home/sunny/catkin_ws/install/uuv_gazebo_ros_plugins_msgs/local/lib/python3.10/dist-packages/uuv_gazebo_ros_plugins_msgs/srv/_get_list_param_s.c
[2.691s] -- Up-to-date: /home/sunny/catkin_ws/install/uuv_gazebo_ros_plugins_msgs/local/lib/python3.10/dist-packages/uuv_gazebo_ros_plugins_msgs/srv/_set_float.py
[2.691s] -- Up-to-date: /home/sunny/catkin_ws/install/uuv_gazebo_ros_plugins_msgs/local/lib/python3.10/dist-packages/uuv_gazebo_ros_plugins_msgs/srv/_get_model_properties_s.c
[2.691s] -- Up-to-date: /home/sunny/catkin_ws/install/uuv_gazebo_ros_plugins_msgs/local/lib/python3.10/dist-packages/uuv_gazebo_ros_plugins_msgs/srv/_set_float_s.c
[2.691s] -- Up-to-date: /home/sunny/catkin_ws/install/uuv_gazebo_ros_plugins_msgs/local/lib/python3.10/dist-packages/uuv_gazebo_ros_plugins_msgs/srv/_get_list_param.py
[2.691s] -- Up-to-date: /home/sunny/catkin_ws/install/uuv_gazebo_ros_plugins_msgs/local/lib/python3.10/dist-packages/uuv_gazebo_ros_plugins_msgs/srv/_get_thruster_efficiency.py
[2.692s] -- Up-to-date: /home/sunny/catkin_ws/install/uuv_gazebo_ros_plugins_msgs/local/lib/python3.10/dist-packages/uuv_gazebo_ros_plugins_msgs/srv/_set_use_global_current_vel_s.c
[2.692s] -- Up-to-date: /home/sunny/catkin_ws/install/uuv_gazebo_ros_plugins_msgs/local/lib/python3.10/dist-packages/uuv_gazebo_ros_plugins_msgs/srv/_get_thruster_conversion_fcn_s.c
[2.692s] -- Up-to-date: /home/sunny/catkin_ws/install/uuv_gazebo_ros_plugins_msgs/local/lib/python3.10/dist-packages/uuv_gazebo_ros_plugins_msgs/srv/_get_model_properties.py
[2.694s] -- Up-to-date: /home/sunny/catkin_ws/install/uuv_gazebo_ros_plugins_msgs/local/lib/python3.10/dist-packages/uuv_gazebo_ros_plugins_msgs/srv/_set_use_global_current_vel.py
[2.695s] -- Up-to-date: /home/sunny/catkin_ws/install/uuv_gazebo_ros_plugins_msgs/local/lib/python3.10/dist-packages/uuv_gazebo_ros_plugins_msgs/libuuv_gazebo_ros_plugins_msgs__rosidl_generator_py.so
[2.696s] -- Up-to-date: /home/sunny/catkin_ws/install/uuv_gazebo_ros_plugins_msgs/local/lib/python3.10/dist-packages/uuv_gazebo_ros_plugins_msgs/uuv_gazebo_ros_plugins_msgs_s__rosidl_typesupport_introspection_c.cpython-310-x86_64-linux-gnu.so
[2.696s] -- Up-to-date: /home/sunny/catkin_ws/install/uuv_gazebo_ros_plugins_msgs/local/lib/python3.10/dist-packages/uuv_gazebo_ros_plugins_msgs/uuv_gazebo_ros_plugins_msgs_s__rosidl_typesupport_c.cpython-310-x86_64-linux-gnu.so
[2.696s] -- Up-to-date: /home/sunny/catkin_ws/install/uuv_gazebo_ros_plugins_msgs/local/lib/python3.10/dist-packages/uuv_gazebo_ros_plugins_msgs/_uuv_gazebo_ros_plugins_msgs_s.ep.rosidl_typesupport_introspection_c.c
[2.696s] -- Up-to-date: /home/sunny/catkin_ws/install/uuv_gazebo_ros_plugins_msgs/local/lib/python3.10/dist-packages/uuv_gazebo_ros_plugins_msgs/_uuv_gazebo_ros_plugins_msgs_s.ep.rosidl_typesupport_fastrtps_c.c
[2.696s] -- Up-to-date: /home/sunny/catkin_ws/install/uuv_gazebo_ros_plugins_msgs/local/lib/python3.10/dist-packages/uuv_gazebo_ros_plugins_msgs/uuv_gazebo_ros_plugins_msgs_s__rosidl_typesupport_fastrtps_c.cpython-310-x86_64-linux-gnu.so
[2.697s] -- Up-to-date: /home/sunny/catkin_ws/install/uuv_gazebo_ros_plugins_msgs/local/lib/python3.10/dist-packages/uuv_gazebo_ros_plugins_msgs/_uuv_gazebo_ros_plugins_msgs_s.ep.rosidl_typesupport_c.c
[2.697s] -- Up-to-date: /home/sunny/catkin_ws/install/uuv_gazebo_ros_plugins_msgs/local/lib/python3.10/dist-packages/uuv_gazebo_ros_plugins_msgs/msg
[2.697s] -- Up-to-date: /home/sunny/catkin_ws/install/uuv_gazebo_ros_plugins_msgs/local/lib/python3.10/dist-packages/uuv_gazebo_ros_plugins_msgs/msg/__init__.py
[2.697s] -- Up-to-date: /home/sunny/catkin_ws/install/uuv_gazebo_ros_plugins_msgs/local/lib/python3.10/dist-packages/uuv_gazebo_ros_plugins_msgs/msg/_thruster_conversion_fcn.py
[2.697s] -- Up-to-date: /home/sunny/catkin_ws/install/uuv_gazebo_ros_plugins_msgs/local/lib/python3.10/dist-packages/uuv_gazebo_ros_plugins_msgs/msg/_underwater_object_model_s.c
[2.697s] -- Up-to-date: /home/sunny/catkin_ws/install/uuv_gazebo_ros_plugins_msgs/local/lib/python3.10/dist-packages/uuv_gazebo_ros_plugins_msgs/msg/_float_stamped.py
[2.697s] -- Up-to-date: /home/sunny/catkin_ws/install/uuv_gazebo_ros_plugins_msgs/local/lib/python3.10/dist-packages/uuv_gazebo_ros_plugins_msgs/msg/_underwater_object_model.py
[2.697s] -- Up-to-date: /home/sunny/catkin_ws/install/uuv_gazebo_ros_plugins_msgs/local/lib/python3.10/dist-packages/uuv_gazebo_ros_plugins_msgs/msg/_float_stamped_s.c
[2.697s] -- Up-to-date: /home/sunny/catkin_ws/install/uuv_gazebo_ros_plugins_msgs/local/lib/python3.10/dist-packages/uuv_gazebo_ros_plugins_msgs/msg/_thruster_conversion_fcn_s.c
[2.706s] Listing '/home/sunny/catkin_ws/install/uuv_gazebo_ros_plugins_msgs/local/lib/python3.10/dist-packages/uuv_gazebo_ros_plugins_msgs'...
[2.707s] Listing '/home/sunny/catkin_ws/install/uuv_gazebo_ros_plugins_msgs/local/lib/python3.10/dist-packages/uuv_gazebo_ros_plugins_msgs/msg'...
[2.707s] Listing '/home/sunny/catkin_ws/install/uuv_gazebo_ros_plugins_msgs/local/lib/python3.10/dist-packages/uuv_gazebo_ros_plugins_msgs/srv'...
[2.707s] -- Up-to-date: /home/sunny/catkin_ws/install/uuv_gazebo_ros_plugins_msgs/local/lib/python3.10/dist-packages/uuv_gazebo_ros_plugins_msgs/uuv_gazebo_ros_plugins_msgs_s__rosidl_typesupport_fastrtps_c.cpython-310-x86_64-linux-gnu.so
[2.707s] -- Up-to-date: /home/sunny/catkin_ws/install/uuv_gazebo_ros_plugins_msgs/local/lib/python3.10/dist-packages/uuv_gazebo_ros_plugins_msgs/uuv_gazebo_ros_plugins_msgs_s__rosidl_typesupport_introspection_c.cpython-310-x86_64-linux-gnu.so
[2.707s] -- Up-to-date: /home/sunny/catkin_ws/install/uuv_gazebo_ros_plugins_msgs/local/lib/python3.10/dist-packages/uuv_gazebo_ros_plugins_msgs/uuv_gazebo_ros_plugins_msgs_s__rosidl_typesupport_c.cpython-310-x86_64-linux-gnu.so
[2.707s] -- Up-to-date: /home/sunny/catkin_ws/install/uuv_gazebo_ros_plugins_msgs/lib/libuuv_gazebo_ros_plugins_msgs__rosidl_generator_py.so
[2.707s] -- Up-to-date: /home/sunny/catkin_ws/install/uuv_gazebo_ros_plugins_msgs/share/uuv_gazebo_ros_plugins_msgs/msg/FloatStamped.idl
[2.707s] -- Up-to-date: /home/sunny/catkin_ws/install/uuv_gazebo_ros_plugins_msgs/share/uuv_gazebo_ros_plugins_msgs/msg/UnderwaterObjectModel.idl
[2.708s] -- Up-to-date: /home/sunny/catkin_ws/install/uuv_gazebo_ros_plugins_msgs/share/uuv_gazebo_ros_plugins_msgs/msg/ThrusterConversionFcn.idl
[2.708s] -- Up-to-date: /home/sunny/catkin_ws/install/uuv_gazebo_ros_plugins_msgs/share/uuv_gazebo_ros_plugins_msgs/srv/SetThrusterEfficiency.idl
[2.708s] -- Up-to-date: /home/sunny/catkin_ws/install/uuv_gazebo_ros_plugins_msgs/share/uuv_gazebo_ros_plugins_msgs/srv/SetThrusterState.idl
[2.708s] -- Up-to-date: /home/sunny/catkin_ws/install/uuv_gazebo_ros_plugins_msgs/share/uuv_gazebo_ros_plugins_msgs/srv/GetThrusterEfficiency.idl
[2.708s] -- Up-to-date: /home/sunny/catkin_ws/install/uuv_gazebo_ros_plugins_msgs/share/uuv_gazebo_ros_plugins_msgs/srv/GetThrusterState.idl
[2.708s] -- Up-to-date: /home/sunny/catkin_ws/install/uuv_gazebo_ros_plugins_msgs/share/uuv_gazebo_ros_plugins_msgs/srv/SetUseGlobalCurrentVel.idl
[2.708s] -- Up-to-date: /home/sunny/catkin_ws/install/uuv_gazebo_ros_plugins_msgs/share/uuv_gazebo_ros_plugins_msgs/srv/GetModelProperties.idl
[2.708s] -- Up-to-date: /home/sunny/catkin_ws/install/uuv_gazebo_ros_plugins_msgs/share/uuv_gazebo_ros_plugins_msgs/srv/SetFloat.idl
[2.708s] -- Up-to-date: /home/sunny/catkin_ws/install/uuv_gazebo_ros_plugins_msgs/share/uuv_gazebo_ros_plugins_msgs/srv/GetFloat.idl
[2.708s] -- Up-to-date: /home/sunny/catkin_ws/install/uuv_gazebo_ros_plugins_msgs/share/uuv_gazebo_ros_plugins_msgs/srv/GetListParam.idl
[2.708s] -- Up-to-date: /home/sunny/catkin_ws/install/uuv_gazebo_ros_plugins_msgs/share/uuv_gazebo_ros_plugins_msgs/srv/GetThrusterConversionFcn.idl
[2.709s] -- Up-to-date: /home/sunny/catkin_ws/install/uuv_gazebo_ros_plugins_msgs/share/uuv_gazebo_ros_plugins_msgs/msg/FloatStamped.msg
[2.709s] -- Up-to-date: /home/sunny/catkin_ws/install/uuv_gazebo_ros_plugins_msgs/share/uuv_gazebo_ros_plugins_msgs/msg/UnderwaterObjectModel.msg
[2.709s] -- Up-to-date: /home/sunny/catkin_ws/install/uuv_gazebo_ros_plugins_msgs/share/uuv_gazebo_ros_plugins_msgs/msg/ThrusterConversionFcn.msg
[2.709s] -- Up-to-date: /home/sunny/catkin_ws/install/uuv_gazebo_ros_plugins_msgs/share/uuv_gazebo_ros_plugins_msgs/srv/SetThrusterEfficiency.srv
[2.709s] -- Up-to-date: /home/sunny/catkin_ws/install/uuv_gazebo_ros_plugins_msgs/share/uuv_gazebo_ros_plugins_msgs/srv/SetThrusterEfficiency_Request.msg
[2.709s] -- Up-to-date: /home/sunny/catkin_ws/install/uuv_gazebo_ros_plugins_msgs/share/uuv_gazebo_ros_plugins_msgs/srv/SetThrusterEfficiency_Response.msg
[2.709s] -- Up-to-date: /home/sunny/catkin_ws/install/uuv_gazebo_ros_plugins_msgs/share/uuv_gazebo_ros_plugins_msgs/srv/SetThrusterState.srv
[2.709s] -- Up-to-date: /home/sunny/catkin_ws/install/uuv_gazebo_ros_plugins_msgs/share/uuv_gazebo_ros_plugins_msgs/srv/SetThrusterState_Request.msg
[2.709s] -- Up-to-date: /home/sunny/catkin_ws/install/uuv_gazebo_ros_plugins_msgs/share/uuv_gazebo_ros_plugins_msgs/srv/SetThrusterState_Response.msg
[2.709s] -- Up-to-date: /home/sunny/catkin_ws/install/uuv_gazebo_ros_plugins_msgs/share/uuv_gazebo_ros_plugins_msgs/srv/GetThrusterEfficiency.srv
[2.710s] -- Up-to-date: /home/sunny/catkin_ws/install/uuv_gazebo_ros_plugins_msgs/share/uuv_gazebo_ros_plugins_msgs/srv/GetThrusterEfficiency_Request.msg
[2.710s] -- Up-to-date: /home/sunny/catkin_ws/install/uuv_gazebo_ros_plugins_msgs/share/uuv_gazebo_ros_plugins_msgs/srv/GetThrusterEfficiency_Response.msg
[2.710s] -- Up-to-date: /home/sunny/catkin_ws/install/uuv_gazebo_ros_plugins_msgs/share/uuv_gazebo_ros_plugins_msgs/srv/GetThrusterState.srv
[2.710s] -- Up-to-date: /home/sunny/catkin_ws/install/uuv_gazebo_ros_plugins_msgs/share/uuv_gazebo_ros_plugins_msgs/srv/GetThrusterState_Request.msg
[2.710s] -- Up-to-date: /home/sunny/catkin_ws/install/uuv_gazebo_ros_plugins_msgs/share/uuv_gazebo_ros_plugins_msgs/srv/GetThrusterState_Response.msg
[2.710s] -- Up-to-date: /home/sunny/catkin_ws/install/uuv_gazebo_ros_plugins_msgs/share/uuv_gazebo_ros_plugins_msgs/srv/SetUseGlobalCurrentVel.srv
[2.710s] -- Up-to-date: /home/sunny/catkin_ws/install/uuv_gazebo_ros_plugins_msgs/share/uuv_gazebo_ros_plugins_msgs/srv/SetUseGlobalCurrentVel_Request.msg
[2.710s] -- Up-to-date: /home/sunny/catkin_ws/install/uuv_gazebo_ros_plugins_msgs/share/uuv_gazebo_ros_plugins_msgs/srv/SetUseGlobalCurrentVel_Response.msg
[2.710s] -- Up-to-date: /home/sunny/catkin_ws/install/uuv_gazebo_ros_plugins_msgs/share/uuv_gazebo_ros_plugins_msgs/srv/GetModelProperties.srv
[2.711s] -- Up-to-date: /home/sunny/catkin_ws/install/uuv_gazebo_ros_plugins_msgs/share/uuv_gazebo_ros_plugins_msgs/srv/GetModelProperties_Request.msg
[2.711s] -- Up-to-date: /home/sunny/catkin_ws/install/uuv_gazebo_ros_plugins_msgs/share/uuv_gazebo_ros_plugins_msgs/srv/GetModelProperties_Response.msg
[2.711s] -- Up-to-date: /home/sunny/catkin_ws/install/uuv_gazebo_ros_plugins_msgs/share/uuv_gazebo_ros_plugins_msgs/srv/SetFloat.srv
[2.711s] -- Up-to-date: /home/sunny/catkin_ws/install/uuv_gazebo_ros_plugins_msgs/share/uuv_gazebo_ros_plugins_msgs/srv/SetFloat_Request.msg
[2.711s] -- Up-to-date: /home/sunny/catkin_ws/install/uuv_gazebo_ros_plugins_msgs/share/uuv_gazebo_ros_plugins_msgs/srv/SetFloat_Response.msg
[2.711s] -- Up-to-date: /home/sunny/catkin_ws/install/uuv_gazebo_ros_plugins_msgs/share/uuv_gazebo_ros_plugins_msgs/srv/GetFloat.srv
[2.711s] -- Up-to-date: /home/sunny/catkin_ws/install/uuv_gazebo_ros_plugins_msgs/share/uuv_gazebo_ros_plugins_msgs/srv/GetFloat_Request.msg
[2.711s] -- Up-to-date: /home/sunny/catkin_ws/install/uuv_gazebo_ros_plugins_msgs/share/uuv_gazebo_ros_plugins_msgs/srv/GetFloat_Response.msg
[2.711s] -- Up-to-date: /home/sunny/catkin_ws/install/uuv_gazebo_ros_plugins_msgs/share/uuv_gazebo_ros_plugins_msgs/srv/GetListParam.srv
[2.711s] -- Up-to-date: /home/sunny/catkin_ws/install/uuv_gazebo_ros_plugins_msgs/share/uuv_gazebo_ros_plugins_msgs/srv/GetListParam_Request.msg
[2.711s] -- Up-to-date: /home/sunny/catkin_ws/install/uuv_gazebo_ros_plugins_msgs/share/uuv_gazebo_ros_plugins_msgs/srv/GetListParam_Response.msg
[2.712s] -- Up-to-date: /home/sunny/catkin_ws/install/uuv_gazebo_ros_plugins_msgs/share/uuv_gazebo_ros_plugins_msgs/srv/GetThrusterConversionFcn.srv
[2.712s] -- Up-to-date: /home/sunny/catkin_ws/install/uuv_gazebo_ros_plugins_msgs/share/uuv_gazebo_ros_plugins_msgs/srv/GetThrusterConversionFcn_Request.msg
[2.712s] -- Up-to-date: /home/sunny/catkin_ws/install/uuv_gazebo_ros_plugins_msgs/share/uuv_gazebo_ros_plugins_msgs/srv/GetThrusterConversionFcn_Response.msg
[2.712s] -- Up-to-date: /home/sunny/catkin_ws/install/uuv_gazebo_ros_plugins_msgs/share/ament_index/resource_index/package_run_dependencies/uuv_gazebo_ros_plugins_msgs
[2.712s] -- Up-to-date: /home/sunny/catkin_ws/install/uuv_gazebo_ros_plugins_msgs/share/ament_index/resource_index/parent_prefix_path/uuv_gazebo_ros_plugins_msgs
[2.712s] -- Up-to-date: /home/sunny/catkin_ws/install/uuv_gazebo_ros_plugins_msgs/share/uuv_gazebo_ros_plugins_msgs/environment/ament_prefix_path.sh
[2.712s] -- Up-to-date: /home/sunny/catkin_ws/install/uuv_gazebo_ros_plugins_msgs/share/uuv_gazebo_ros_plugins_msgs/environment/ament_prefix_path.dsv
[2.712s] -- Up-to-date: /home/sunny/catkin_ws/install/uuv_gazebo_ros_plugins_msgs/share/uuv_gazebo_ros_plugins_msgs/environment/path.sh
[2.712s] -- Up-to-date: /home/sunny/catkin_ws/install/uuv_gazebo_ros_plugins_msgs/share/uuv_gazebo_ros_plugins_msgs/environment/path.dsv
[2.712s] -- Up-to-date: /home/sunny/catkin_ws/install/uuv_gazebo_ros_plugins_msgs/share/uuv_gazebo_ros_plugins_msgs/local_setup.bash
[2.712s] -- Up-to-date: /home/sunny/catkin_ws/install/uuv_gazebo_ros_plugins_msgs/share/uuv_gazebo_ros_plugins_msgs/local_setup.sh
[2.713s] -- Up-to-date: /home/sunny/catkin_ws/install/uuv_gazebo_ros_plugins_msgs/share/uuv_gazebo_ros_plugins_msgs/local_setup.zsh
[2.713s] -- Up-to-date: /home/sunny/catkin_ws/install/uuv_gazebo_ros_plugins_msgs/share/uuv_gazebo_ros_plugins_msgs/local_setup.dsv
[2.713s] -- Installing: /home/sunny/catkin_ws/install/uuv_gazebo_ros_plugins_msgs/share/uuv_gazebo_ros_plugins_msgs/package.dsv
[2.713s] -- Up-to-date: /home/sunny/catkin_ws/install/uuv_gazebo_ros_plugins_msgs/share/ament_index/resource_index/packages/uuv_gazebo_ros_plugins_msgs
[2.713s] -- Up-to-date: /home/sunny/catkin_ws/install/uuv_gazebo_ros_plugins_msgs/share/uuv_gazebo_ros_plugins_msgs/cmake/export_uuv_gazebo_ros_plugins_msgs__rosidl_generator_cExport.cmake
[2.713s] -- Up-to-date: /home/sunny/catkin_ws/install/uuv_gazebo_ros_plugins_msgs/share/uuv_gazebo_ros_plugins_msgs/cmake/export_uuv_gazebo_ros_plugins_msgs__rosidl_generator_cExport-noconfig.cmake
[2.713s] -- Up-to-date: /home/sunny/catkin_ws/install/uuv_gazebo_ros_plugins_msgs/share/uuv_gazebo_ros_plugins_msgs/cmake/export_uuv_gazebo_ros_plugins_msgs__rosidl_typesupport_fastrtps_cExport.cmake
[2.713s] -- Up-to-date: /home/sunny/catkin_ws/install/uuv_gazebo_ros_plugins_msgs/share/uuv_gazebo_ros_plugins_msgs/cmake/export_uuv_gazebo_ros_plugins_msgs__rosidl_typesupport_fastrtps_cExport-noconfig.cmake
[2.714s] -- Up-to-date: /home/sunny/catkin_ws/install/uuv_gazebo_ros_plugins_msgs/share/uuv_gazebo_ros_plugins_msgs/cmake/uuv_gazebo_ros_plugins_msgs__rosidl_typesupport_introspection_cExport.cmake
[2.714s] -- Up-to-date: /home/sunny/catkin_ws/install/uuv_gazebo_ros_plugins_msgs/share/uuv_gazebo_ros_plugins_msgs/cmake/uuv_gazebo_ros_plugins_msgs__rosidl_typesupport_introspection_cExport-noconfig.cmake
[2.714s] -- Up-to-date: /home/sunny/catkin_ws/install/uuv_gazebo_ros_plugins_msgs/share/uuv_gazebo_ros_plugins_msgs/cmake/uuv_gazebo_ros_plugins_msgs__rosidl_typesupport_cExport.cmake
[2.714s] -- Up-to-date: /home/sunny/catkin_ws/install/uuv_gazebo_ros_plugins_msgs/share/uuv_gazebo_ros_plugins_msgs/cmake/uuv_gazebo_ros_plugins_msgs__rosidl_typesupport_cExport-noconfig.cmake
[2.714s] -- Up-to-date: /home/sunny/catkin_ws/install/uuv_gazebo_ros_plugins_msgs/share/uuv_gazebo_ros_plugins_msgs/cmake/export_uuv_gazebo_ros_plugins_msgs__rosidl_generator_cppExport.cmake
[2.714s] -- Up-to-date: /home/sunny/catkin_ws/install/uuv_gazebo_ros_plugins_msgs/share/uuv_gazebo_ros_plugins_msgs/cmake/export_uuv_gazebo_ros_plugins_msgs__rosidl_typesupport_fastrtps_cppExport.cmake
[2.714s] -- Up-to-date: /home/sunny/catkin_ws/install/uuv_gazebo_ros_plugins_msgs/share/uuv_gazebo_ros_plugins_msgs/cmake/export_uuv_gazebo_ros_plugins_msgs__rosidl_typesupport_fastrtps_cppExport-noconfig.cmake
[2.714s] -- Up-to-date: /home/sunny/catkin_ws/install/uuv_gazebo_ros_plugins_msgs/share/uuv_gazebo_ros_plugins_msgs/cmake/uuv_gazebo_ros_plugins_msgs__rosidl_typesupport_introspection_cppExport.cmake
[2.714s] -- Up-to-date: /home/sunny/catkin_ws/install/uuv_gazebo_ros_plugins_msgs/share/uuv_gazebo_ros_plugins_msgs/cmake/uuv_gazebo_ros_plugins_msgs__rosidl_typesupport_introspection_cppExport-noconfig.cmake
[2.714s] -- Up-to-date: /home/sunny/catkin_ws/install/uuv_gazebo_ros_plugins_msgs/share/uuv_gazebo_ros_plugins_msgs/cmake/uuv_gazebo_ros_plugins_msgs__rosidl_typesupport_cppExport.cmake
[2.715s] -- Up-to-date: /home/sunny/catkin_ws/install/uuv_gazebo_ros_plugins_msgs/share/uuv_gazebo_ros_plugins_msgs/cmake/uuv_gazebo_ros_plugins_msgs__rosidl_typesupport_cppExport-noconfig.cmake
[2.715s] -- Up-to-date: /home/sunny/catkin_ws/install/uuv_gazebo_ros_plugins_msgs/share/uuv_gazebo_ros_plugins_msgs/cmake/export_uuv_gazebo_ros_plugins_msgs__rosidl_generator_pyExport.cmake
[2.715s] -- Up-to-date: /home/sunny/catkin_ws/install/uuv_gazebo_ros_plugins_msgs/share/uuv_gazebo_ros_plugins_msgs/cmake/export_uuv_gazebo_ros_plugins_msgs__rosidl_generator_pyExport-noconfig.cmake
[2.715s] -- Up-to-date: /home/sunny/catkin_ws/install/uuv_gazebo_ros_plugins_msgs/share/uuv_gazebo_ros_plugins_msgs/cmake/rosidl_cmake-extras.cmake
[2.715s] -- Up-to-date: /home/sunny/catkin_ws/install/uuv_gazebo_ros_plugins_msgs/share/uuv_gazebo_ros_plugins_msgs/cmake/ament_cmake_export_dependencies-extras.cmake
[2.715s] -- Up-to-date: /home/sunny/catkin_ws/install/uuv_gazebo_ros_plugins_msgs/share/uuv_gazebo_ros_plugins_msgs/cmake/ament_cmake_export_include_directories-extras.cmake
[2.715s] -- Up-to-date: /home/sunny/catkin_ws/install/uuv_gazebo_ros_plugins_msgs/share/uuv_gazebo_ros_plugins_msgs/cmake/ament_cmake_export_libraries-extras.cmake
[2.715s] -- Up-to-date: /home/sunny/catkin_ws/install/uuv_gazebo_ros_plugins_msgs/share/uuv_gazebo_ros_plugins_msgs/cmake/ament_cmake_export_targets-extras.cmake
[2.716s] -- Up-to-date: /home/sunny/catkin_ws/install/uuv_gazebo_ros_plugins_msgs/share/uuv_gazebo_ros_plugins_msgs/cmake/rosidl_cmake_export_typesupport_targets-extras.cmake
[2.716s] -- Up-to-date: /home/sunny/catkin_ws/install/uuv_gazebo_ros_plugins_msgs/share/uuv_gazebo_ros_plugins_msgs/cmake/rosidl_cmake_export_typesupport_libraries-extras.cmake
[2.716s] -- Up-to-date: /home/sunny/catkin_ws/install/uuv_gazebo_ros_plugins_msgs/share/uuv_gazebo_ros_plugins_msgs/cmake/uuv_gazebo_ros_plugins_msgsConfig.cmake
[2.716s] -- Up-to-date: /home/sunny/catkin_ws/install/uuv_gazebo_ros_plugins_msgs/share/uuv_gazebo_ros_plugins_msgs/cmake/uuv_gazebo_ros_plugins_msgsConfig-version.cmake
[2.716s] -- Up-to-date: /home/sunny/catkin_ws/install/uuv_gazebo_ros_plugins_msgs/share/uuv_gazebo_ros_plugins_msgs/package.xml
[3.294s] Invoked command in '/home/sunny/catkin_ws/build/uuv_gazebo_ros_plugins_msgs' returned '0': CMAKE_PREFIX_PATH=${CMAKE_PREFIX_PATH}:/home/sunny/catkin_ws/install/beluga_adapter:/opt/ros/humble /usr/bin/cmake --install /home/sunny/catkin_ws/build/uuv_gazebo_ros_plugins_msgs
