[0.674s] Invoking command in '/home/sunny/catkin_ws/src/beluga_adapter': LD_LIBRARY_PATH=/home/sunny/catkin_ws/install/common_msgs/lib:/home/sunny/catkin_ws/install/turtlesim/lib:/opt/ros/humble/opt/rviz_ogre_vendor/lib:/opt/ros/humble/lib/x86_64-linux-gnu:/opt/ros/humble/lib:/usr/lib/x86_64-linux-gnu/gazebo-11/plugins PYTHONPATH=/home/sunny/catkin_ws/build/beluga_adapter/prefix_override:/home/sunny/catkin_ws/install/beluga_adapter/lib/python3.10/site-packages:${PYTHONPATH} /usr/bin/python3 setup.py egg_info --egg-base ../../build/beluga_adapter build --build-base /home/sunny/catkin_ws/build/beluga_adapter/build install --record /home/sunny/catkin_ws/build/beluga_adapter/install.log --single-version-externally-managed
[0.866s] running egg_info
[0.866s] writing ../../build/beluga_adapter/beluga_adapter.egg-info/PKG-INFO
[0.867s] writing dependency_links to ../../build/beluga_adapter/beluga_adapter.egg-info/dependency_links.txt
[0.867s] writing entry points to ../../build/beluga_adapter/beluga_adapter.egg-info/entry_points.txt
[0.867s] writing requirements to ../../build/beluga_adapter/beluga_adapter.egg-info/requires.txt
[0.867s] writing top-level names to ../../build/beluga_adapter/beluga_adapter.egg-info/top_level.txt
[0.869s] reading manifest file '../../build/beluga_adapter/beluga_adapter.egg-info/SOURCES.txt'
[0.870s] writing manifest file '../../build/beluga_adapter/beluga_adapter.egg-info/SOURCES.txt'
[0.870s] running build
[0.870s] running build_py
[0.870s] running install
[0.870s] /usr/lib/python3/dist-packages/setuptools/command/install.py:34: SetuptoolsDeprecationWarning: setup.py install is deprecated. Use build and pip and other standards-based tools.
[0.870s]   warnings.warn(
[0.871s] running install_lib
[0.872s] running install_data
[0.872s] copying package.xml -> /home/sunny/catkin_ws/install/beluga_adapter/share/beluga_adapter
[0.873s] running install_egg_info
[0.874s] removing '/home/sunny/catkin_ws/install/beluga_adapter/lib/python3.10/site-packages/beluga_adapter-0.0.0-py3.10.egg-info' (and everything under it)
[0.874s] Copying ../../build/beluga_adapter/beluga_adapter.egg-info to /home/sunny/catkin_ws/install/beluga_adapter/lib/python3.10/site-packages/beluga_adapter-0.0.0-py3.10.egg-info
[0.875s] running install_scripts
[0.894s] writing list of installed files to '/home/sunny/catkin_ws/build/beluga_adapter/install.log'
[0.920s] Invoked command in '/home/sunny/catkin_ws/src/beluga_adapter' returned '0': LD_LIBRARY_PATH=/home/sunny/catkin_ws/install/common_msgs/lib:/home/sunny/catkin_ws/install/turtlesim/lib:/opt/ros/humble/opt/rviz_ogre_vendor/lib:/opt/ros/humble/lib/x86_64-linux-gnu:/opt/ros/humble/lib:/usr/lib/x86_64-linux-gnu/gazebo-11/plugins PYTHONPATH=/home/sunny/catkin_ws/build/beluga_adapter/prefix_override:/home/sunny/catkin_ws/install/beluga_adapter/lib/python3.10/site-packages:${PYTHONPATH} /usr/bin/python3 setup.py egg_info --egg-base ../../build/beluga_adapter build --build-base /home/sunny/catkin_ws/build/beluga_adapter/build install --record /home/sunny/catkin_ws/build/beluga_adapter/install.log --single-version-externally-managed
