-- Found ament_cmake: 1.3.6 (/opt/ros/humble/share/ament_cmake/cmake)
-- Found ament_cmake_pytest: 1.3.6 (/opt/ros/humble/share/ament_cmake_pytest/cmake)
-- Found rclcpp: 16.0.7 (/opt/ros/humble/share/rclcpp/cmake)
-- Found rosidl_generator_c: 3.1.5 (/opt/ros/humble/share/rosidl_generator_c/cmake)
-- Found rosidl_adapter: 3.1.5 (/opt/ros/humble/share/rosidl_adapter/cmake)
-- Found rosidl_generator_cpp: 3.1.5 (/opt/ros/humble/share/rosidl_generator_cpp/cmake)
-- Using all available rosidl_typesupport_c: rosidl_typesupport_fastrtps_c;rosidl_typesupport_introspection_c
-- Using all available rosidl_typesupport_cpp: rosidl_typesupport_fastrtps_cpp;rosidl_typesupport_introspection_cpp
-- Found rmw_implementation_cmake: 6.1.1 (/opt/ros/humble/share/rmw_implementation_cmake/cmake)
-- Found rmw_fastrtps_cpp: 6.2.5 (/opt/ros/humble/share/rmw_fastrtps_cpp/cmake)
-- Using RMW implementation 'rmw_fastrtps_cpp' as default
-- Found ament_lint_auto: 0.12.9 (/opt/ros/humble/share/ament_lint_auto/cmake)
-- Configuring done
-- Generating done
-- Build files have been written to: /home/sunny/catkin_ws/build/plankton_utils
[35m[1mConsolidate compiler generated dependencies of target plankton_global_sim_time[0m
[ 50%] [32mBuilding CXX object CMakeFiles/plankton_global_sim_time.dir/src/globalSimTime.cpp.o[0m
[ 50%] Built target ament_cmake_python_copy_plankton_utils
running egg_info
writing plankton_utils.egg-info/PKG-INFO
writing dependency_links to plankton_utils.egg-info/dependency_links.txt
writing top-level names to plankton_utils.egg-info/top_level.txt
reading manifest file 'plankton_utils.egg-info/SOURCES.txt'
writing manifest file 'plankton_utils.egg-info/SOURCES.txt'
[ 50%] Built target ament_cmake_python_build_plankton_utils_egg
[100%] [32m[1mLinking CXX executable plankton_global_sim_time[0m
[100%] Built target plankton_global_sim_time
-- Install configuration: ""
-- Installing: /home/sunny/catkin_ws/install/plankton_utils/lib/plankton_utils/plankton_global_sim_time
-- Set runtime path of "/home/sunny/catkin_ws/install/plankton_utils/lib/plankton_utils/plankton_global_sim_time" to ""
-- Up-to-date: /home/sunny/catkin_ws/install/plankton_utils/share/plankton_utils/environment/pythonpath.sh
-- Installing: /home/sunny/catkin_ws/install/plankton_utils/share/plankton_utils/environment/pythonpath.dsv
-- Up-to-date: /home/sunny/catkin_ws/install/plankton_utils/local/lib/python3.10/dist-packages/plankton_utils-0.6.1-py3.10.egg-info
-- Installing: /home/sunny/catkin_ws/install/plankton_utils/local/lib/python3.10/dist-packages/plankton_utils-0.6.1-py3.10.egg-info/PKG-INFO
-- Installing: /home/sunny/catkin_ws/install/plankton_utils/local/lib/python3.10/dist-packages/plankton_utils-0.6.1-py3.10.egg-info/SOURCES.txt
-- Installing: /home/sunny/catkin_ws/install/plankton_utils/local/lib/python3.10/dist-packages/plankton_utils-0.6.1-py3.10.egg-info/top_level.txt
-- Installing: /home/sunny/catkin_ws/install/plankton_utils/local/lib/python3.10/dist-packages/plankton_utils-0.6.1-py3.10.egg-info/dependency_links.txt
-- Up-to-date: /home/sunny/catkin_ws/install/plankton_utils/local/lib/python3.10/dist-packages/plankton_utils
-- Installing: /home/sunny/catkin_ws/install/plankton_utils/local/lib/python3.10/dist-packages/plankton_utils/__init__.py
-- Installing: /home/sunny/catkin_ws/install/plankton_utils/local/lib/python3.10/dist-packages/plankton_utils/time.py
-- Installing: /home/sunny/catkin_ws/install/plankton_utils/local/lib/python3.10/dist-packages/plankton_utils/param_helper.py
Listing '/home/sunny/catkin_ws/install/plankton_utils/local/lib/python3.10/dist-packages/plankton_utils'...
Compiling '/home/sunny/catkin_ws/install/plankton_utils/local/lib/python3.10/dist-packages/plankton_utils/__init__.py'...
Compiling '/home/sunny/catkin_ws/install/plankton_utils/local/lib/python3.10/dist-packages/plankton_utils/param_helper.py'...
Compiling '/home/sunny/catkin_ws/install/plankton_utils/local/lib/python3.10/dist-packages/plankton_utils/time.py'...
-- Up-to-date: /home/sunny/catkin_ws/install/plankton_utils/share/ament_index/resource_index/package_run_dependencies/plankton_utils
-- Installing: /home/sunny/catkin_ws/install/plankton_utils/share/ament_index/resource_index/parent_prefix_path/plankton_utils
-- Up-to-date: /home/sunny/catkin_ws/install/plankton_utils/share/plankton_utils/environment/ament_prefix_path.sh
-- Installing: /home/sunny/catkin_ws/install/plankton_utils/share/plankton_utils/environment/ament_prefix_path.dsv
-- Up-to-date: /home/sunny/catkin_ws/install/plankton_utils/share/plankton_utils/environment/path.sh
-- Installing: /home/sunny/catkin_ws/install/plankton_utils/share/plankton_utils/environment/path.dsv
-- Up-to-date: /home/sunny/catkin_ws/install/plankton_utils/share/plankton_utils/local_setup.bash
-- Up-to-date: /home/sunny/catkin_ws/install/plankton_utils/share/plankton_utils/local_setup.sh
-- Up-to-date: /home/sunny/catkin_ws/install/plankton_utils/share/plankton_utils/local_setup.zsh
-- Installing: /home/sunny/catkin_ws/install/plankton_utils/share/plankton_utils/local_setup.dsv
-- Installing: /home/sunny/catkin_ws/install/plankton_utils/share/plankton_utils/package.dsv
-- Up-to-date: /home/sunny/catkin_ws/install/plankton_utils/share/ament_index/resource_index/packages/plankton_utils
-- Up-to-date: /home/sunny/catkin_ws/install/plankton_utils/share/plankton_utils/cmake/plankton_utilsConfig.cmake
-- Up-to-date: /home/sunny/catkin_ws/install/plankton_utils/share/plankton_utils/cmake/plankton_utilsConfig-version.cmake
-- Installing: /home/sunny/catkin_ws/install/plankton_utils/share/plankton_utils/package.xml
