[0.704s] Invoking command in '/home/sunny/catkin_ws/build/uuv_assistants': CMAKE_PREFIX_PATH=/home/sunny/catkin_ws/install/plankton_utils:/home/sunny/catkin_ws/install/uuv_control_utils:/home/sunny/catkin_ws/install/uuv_world_ros_plugins_msgs:/home/sunny/catkin_ws/install/uuv_world_plugins:/home/sunny/catkin_ws/install/uuv_tutorial_seabed_world:/home/sunny/catkin_ws/install/uuv_trajectory_control:/home/sunny/catkin_ws/install/uuv_thruster_manager:/home/sunny/catkin_ws/install/uuv_sensor_ros_plugins_msgs:/home/sunny/catkin_ws/install/uuv_gazebo_worlds:/home/sunny/catkin_ws/install/uuv_gazebo_ros_plugins_msgs:/home/sunny/catkin_ws/install/uuv_gazebo_plugins:/home/sunny/catkin_ws/install/uuv_gazebo:/home/sunny/catkin_ws/install/uuv_control_msgs:/home/sunny/catkin_ws/install/uuv_control_cascaded_pid:/home/sunny/catkin_ws/install/uuv_auv_control_allocator:/home/sunny/catkin_ws/install/uuv_assistants:/home/sunny/catkin_ws/install/turtlesim:/home/sunny/catkin_ws/install/common_msgs:/home/sunny/catkin_ws/install/beluga_simulator:/home/sunny/catkin_ws/install/beluga_adapter:/opt/ros/humble /usr/bin/cmake --build /home/sunny/catkin_ws/build/uuv_assistants -- -j16 -l16
[1.139s] [100%] Built target uuv_message_to_tf
[1.140s] [100%] Built target ament_cmake_python_copy_tf_quaternion
[1.140s] running egg_info
[1.140s] writing tf_quaternion.egg-info/PKG-INFO
[1.140s] writing dependency_links to tf_quaternion.egg-info/dependency_links.txt
[1.140s] writing top-level names to tf_quaternion.egg-info/top_level.txt
[1.140s] reading manifest file 'tf_quaternion.egg-info/SOURCES.txt'
[1.140s] writing manifest file 'tf_quaternion.egg-info/SOURCES.txt'
[1.140s] [100%] Built target ament_cmake_python_build_tf_quaternion_egg
[1.205s] Invoked command in '/home/sunny/catkin_ws/build/uuv_assistants' returned '0': CMAKE_PREFIX_PATH=/home/sunny/catkin_ws/install/plankton_utils:/home/sunny/catkin_ws/install/uuv_control_utils:/home/sunny/catkin_ws/install/uuv_world_ros_plugins_msgs:/home/sunny/catkin_ws/install/uuv_world_plugins:/home/sunny/catkin_ws/install/uuv_tutorial_seabed_world:/home/sunny/catkin_ws/install/uuv_trajectory_control:/home/sunny/catkin_ws/install/uuv_thruster_manager:/home/sunny/catkin_ws/install/uuv_sensor_ros_plugins_msgs:/home/sunny/catkin_ws/install/uuv_gazebo_worlds:/home/sunny/catkin_ws/install/uuv_gazebo_ros_plugins_msgs:/home/sunny/catkin_ws/install/uuv_gazebo_plugins:/home/sunny/catkin_ws/install/uuv_gazebo:/home/sunny/catkin_ws/install/uuv_control_msgs:/home/sunny/catkin_ws/install/uuv_control_cascaded_pid:/home/sunny/catkin_ws/install/uuv_auv_control_allocator:/home/sunny/catkin_ws/install/uuv_assistants:/home/sunny/catkin_ws/install/turtlesim:/home/sunny/catkin_ws/install/common_msgs:/home/sunny/catkin_ws/install/beluga_simulator:/home/sunny/catkin_ws/install/beluga_adapter:/opt/ros/humble /usr/bin/cmake --build /home/sunny/catkin_ws/build/uuv_assistants -- -j16 -l16
[1.523s] Invoking command in '/home/sunny/catkin_ws/build/uuv_assistants': CMAKE_PREFIX_PATH=/home/sunny/catkin_ws/install/plankton_utils:/home/sunny/catkin_ws/install/uuv_control_utils:/home/sunny/catkin_ws/install/uuv_world_ros_plugins_msgs:/home/sunny/catkin_ws/install/uuv_world_plugins:/home/sunny/catkin_ws/install/uuv_tutorial_seabed_world:/home/sunny/catkin_ws/install/uuv_trajectory_control:/home/sunny/catkin_ws/install/uuv_thruster_manager:/home/sunny/catkin_ws/install/uuv_sensor_ros_plugins_msgs:/home/sunny/catkin_ws/install/uuv_gazebo_worlds:/home/sunny/catkin_ws/install/uuv_gazebo_ros_plugins_msgs:/home/sunny/catkin_ws/install/uuv_gazebo_plugins:/home/sunny/catkin_ws/install/uuv_gazebo:/home/sunny/catkin_ws/install/uuv_control_msgs:/home/sunny/catkin_ws/install/uuv_control_cascaded_pid:/home/sunny/catkin_ws/install/uuv_auv_control_allocator:/home/sunny/catkin_ws/install/uuv_assistants:/home/sunny/catkin_ws/install/turtlesim:/home/sunny/catkin_ws/install/common_msgs:/home/sunny/catkin_ws/install/beluga_simulator:/home/sunny/catkin_ws/install/beluga_adapter:/opt/ros/humble /usr/bin/cmake --install /home/sunny/catkin_ws/build/uuv_assistants
[1.535s] -- Install configuration: ""
[1.535s] -- Up-to-date: /home/sunny/catkin_ws/install/uuv_assistants/share/uuv_assistants/environment/pythonpath.sh
[1.535s] -- Up-to-date: /home/sunny/catkin_ws/install/uuv_assistants/share/uuv_assistants/environment/pythonpath.dsv
[1.535s] -- Up-to-date: /home/sunny/catkin_ws/install/uuv_assistants/local/lib/python3.10/dist-packages/tf_quaternion-0.6.1-py3.10.egg-info
[1.536s] -- Installing: /home/sunny/catkin_ws/install/uuv_assistants/local/lib/python3.10/dist-packages/tf_quaternion-0.6.1-py3.10.egg-info/PKG-INFO
[1.536s] -- Installing: /home/sunny/catkin_ws/install/uuv_assistants/local/lib/python3.10/dist-packages/tf_quaternion-0.6.1-py3.10.egg-info/SOURCES.txt
[1.536s] -- Installing: /home/sunny/catkin_ws/install/uuv_assistants/local/lib/python3.10/dist-packages/tf_quaternion-0.6.1-py3.10.egg-info/top_level.txt
[1.536s] -- Installing: /home/sunny/catkin_ws/install/uuv_assistants/local/lib/python3.10/dist-packages/tf_quaternion-0.6.1-py3.10.egg-info/dependency_links.txt
[1.536s] -- Up-to-date: /home/sunny/catkin_ws/install/uuv_assistants/local/lib/python3.10/dist-packages/tf_quaternion
[1.536s] -- Up-to-date: /home/sunny/catkin_ws/install/uuv_assistants/local/lib/python3.10/dist-packages/tf_quaternion/__init__.py
[1.536s] -- Up-to-date: /home/sunny/catkin_ws/install/uuv_assistants/local/lib/python3.10/dist-packages/tf_quaternion/transformations.py
[1.576s] Listing '/home/sunny/catkin_ws/install/uuv_assistants/local/lib/python3.10/dist-packages/tf_quaternion'...
[1.582s] -- Up-to-date: /home/sunny/catkin_ws/install/uuv_assistants/share/uuv_assistants/launch
[1.582s] -- Up-to-date: /home/sunny/catkin_ws/install/uuv_assistants/share/uuv_assistants/launch/publish_body_sname.launch
[1.583s] -- Up-to-date: /home/sunny/catkin_ws/install/uuv_assistants/share/uuv_assistants/launch/unpause_simulation.launch
[1.583s] -- Up-to-date: /home/sunny/catkin_ws/install/uuv_assistants/share/uuv_assistants/launch/publish_world_ned_frame.launch
[1.583s] -- Up-to-date: /home/sunny/catkin_ws/install/uuv_assistants/share/uuv_assistants/launch/set_simulation_timer.launch
[1.583s] -- Up-to-date: /home/sunny/catkin_ws/install/uuv_assistants/share/uuv_assistants/launch/message_to_tf.launch
[1.583s] -- Up-to-date: /home/sunny/catkin_ws/install/uuv_assistants/share/uuv_assistants/launch/publish_footprints.launch
[1.583s] -- Up-to-date: /home/sunny/catkin_ws/install/uuv_assistants/share/uuv_assistants/launch/publish_vehicle_footprint.launch
[1.583s] -- Up-to-date: /home/sunny/catkin_ws/install/uuv_assistants/share/uuv_assistants/templates
[1.584s] -- Up-to-date: /home/sunny/catkin_ws/install/uuv_assistants/share/uuv_assistants/templates/robot_model
[1.584s] -- Up-to-date: /home/sunny/catkin_ws/install/uuv_assistants/share/uuv_assistants/templates/robot_model/launch
[1.584s] -- Up-to-date: /home/sunny/catkin_ws/install/uuv_assistants/share/uuv_assistants/templates/robot_model/launch/upload.launch.template
[1.584s] -- Up-to-date: /home/sunny/catkin_ws/install/uuv_assistants/share/uuv_assistants/templates/robot_model/robots
[1.584s] -- Up-to-date: /home/sunny/catkin_ws/install/uuv_assistants/share/uuv_assistants/templates/robot_model/robots/default.xacro.template
[1.584s] -- Up-to-date: /home/sunny/catkin_ws/install/uuv_assistants/share/uuv_assistants/templates/robot_model/meshes
[1.585s] -- Up-to-date: /home/sunny/catkin_ws/install/uuv_assistants/share/uuv_assistants/templates/robot_model/meshes/README.md
[1.585s] -- Up-to-date: /home/sunny/catkin_ws/install/uuv_assistants/share/uuv_assistants/templates/robot_model/urdf
[1.585s] -- Up-to-date: /home/sunny/catkin_ws/install/uuv_assistants/share/uuv_assistants/templates/robot_model/urdf/snippets.xacro.template
[1.585s] -- Up-to-date: /home/sunny/catkin_ws/install/uuv_assistants/share/uuv_assistants/templates/robot_model/urdf/base.xacro.template
[1.586s] -- Up-to-date: /home/sunny/catkin_ws/install/uuv_assistants/share/uuv_assistants/templates/robot_model/urdf/gazebo.xacro.template
[1.586s] -- Up-to-date: /home/sunny/catkin_ws/install/uuv_assistants/share/uuv_assistants/templates/robot_model/urdf/sensors.xacro.template
[1.586s] -- Up-to-date: /home/sunny/catkin_ws/install/uuv_assistants/share/uuv_assistants/templates/robot_model/urdf/actuators.xacro.template
[1.586s] -- Up-to-date: /home/sunny/catkin_ws/install/uuv_assistants/share/uuv_assistants/templates/control
[1.586s] -- Up-to-date: /home/sunny/catkin_ws/install/uuv_assistants/share/uuv_assistants/templates/control/position_hold_launch.xml
[1.589s] -- Up-to-date: /home/sunny/catkin_ws/install/uuv_assistants/share/uuv_assistants/templates/control/thruster_manager_launch.xml
[1.590s] -- Up-to-date: /home/sunny/catkin_ws/install/uuv_assistants/share/uuv_assistants/templates/control/inertial.yaml
[1.590s] -- Up-to-date: /home/sunny/catkin_ws/install/uuv_assistants/share/uuv_assistants/templates/control/TAM.yaml
[1.590s] -- Up-to-date: /home/sunny/catkin_ws/install/uuv_assistants/share/uuv_assistants/templates/control/pos_pid_control.yaml
[1.590s] -- Up-to-date: /home/sunny/catkin_ws/install/uuv_assistants/share/uuv_assistants/templates/control/thruster_manager.yaml
[1.590s] -- Up-to-date: /home/sunny/catkin_ws/install/uuv_assistants/share/uuv_assistants/templates/control/vel_pid_control.yaml
[1.590s] -- Up-to-date: /home/sunny/catkin_ws/install/uuv_assistants/share/uuv_assistants/templates/thruster_manager_config
[1.598s] -- Up-to-date: /home/sunny/catkin_ws/install/uuv_assistants/share/uuv_assistants/templates/thruster_manager_config/launch
[1.599s] -- Up-to-date: /home/sunny/catkin_ws/install/uuv_assistants/share/uuv_assistants/templates/thruster_manager_config/launch/start_thruster_manager.launch.template
[1.599s] -- Up-to-date: /home/sunny/catkin_ws/install/uuv_assistants/share/uuv_assistants/templates/thruster_manager_config/config
[1.599s] -- Up-to-date: /home/sunny/catkin_ws/install/uuv_assistants/share/uuv_assistants/templates/thruster_manager_config/config/thruster_manager.yaml.template
[1.599s] -- Up-to-date: /home/sunny/catkin_ws/install/uuv_assistants/lib/uuv_assistants/uuv_message_to_tf
[1.599s] -- Up-to-date: /home/sunny/catkin_ws/install/uuv_assistants/lib/uuv_assistants/publish_footprints.py
[1.599s] -- Up-to-date: /home/sunny/catkin_ws/install/uuv_assistants/lib/uuv_assistants/set_simulation_timer.py
[1.599s] -- Up-to-date: /home/sunny/catkin_ws/install/uuv_assistants/lib/uuv_assistants/publish_world_models.py
[1.599s] -- Up-to-date: /home/sunny/catkin_ws/install/uuv_assistants/lib/uuv_assistants/publish_vehicle_footprint.py
[1.600s] -- Up-to-date: /home/sunny/catkin_ws/install/uuv_assistants/lib/uuv_assistants/unpause_simulation.py
[1.600s] -- Up-to-date: /home/sunny/catkin_ws/install/uuv_assistants/lib/uuv_assistants/create_new_robot_model
[1.600s] -- Up-to-date: /home/sunny/catkin_ws/install/uuv_assistants/lib/uuv_assistants/create_thruster_manager_configuration
[1.603s] -- Up-to-date: /home/sunny/catkin_ws/install/uuv_assistants/lib/uuv_assistants/create_control_package
[1.603s] -- Up-to-date: /home/sunny/catkin_ws/install/uuv_assistants/share/ament_index/resource_index/package_run_dependencies/uuv_assistants
[1.603s] -- Up-to-date: /home/sunny/catkin_ws/install/uuv_assistants/share/ament_index/resource_index/parent_prefix_path/uuv_assistants
[1.603s] -- Up-to-date: /home/sunny/catkin_ws/install/uuv_assistants/share/uuv_assistants/environment/ament_prefix_path.sh
[1.603s] -- Up-to-date: /home/sunny/catkin_ws/install/uuv_assistants/share/uuv_assistants/environment/ament_prefix_path.dsv
[1.603s] -- Up-to-date: /home/sunny/catkin_ws/install/uuv_assistants/share/uuv_assistants/environment/path.sh
[1.603s] -- Up-to-date: /home/sunny/catkin_ws/install/uuv_assistants/share/uuv_assistants/environment/path.dsv
[1.603s] -- Up-to-date: /home/sunny/catkin_ws/install/uuv_assistants/share/uuv_assistants/local_setup.bash
[1.603s] -- Up-to-date: /home/sunny/catkin_ws/install/uuv_assistants/share/uuv_assistants/local_setup.sh
[1.603s] -- Up-to-date: /home/sunny/catkin_ws/install/uuv_assistants/share/uuv_assistants/local_setup.zsh
[1.603s] -- Up-to-date: /home/sunny/catkin_ws/install/uuv_assistants/share/uuv_assistants/local_setup.dsv
[1.604s] -- Installing: /home/sunny/catkin_ws/install/uuv_assistants/share/uuv_assistants/package.dsv
[1.604s] -- Up-to-date: /home/sunny/catkin_ws/install/uuv_assistants/share/ament_index/resource_index/packages/uuv_assistants
[1.604s] -- Up-to-date: /home/sunny/catkin_ws/install/uuv_assistants/share/uuv_assistants/cmake/uuv_assistantsConfig.cmake
[1.604s] -- Up-to-date: /home/sunny/catkin_ws/install/uuv_assistants/share/uuv_assistants/cmake/uuv_assistantsConfig-version.cmake
[1.604s] -- Up-to-date: /home/sunny/catkin_ws/install/uuv_assistants/share/uuv_assistants/package.xml
[1.606s] Invoked command in '/home/sunny/catkin_ws/build/uuv_assistants' returned '0': CMAKE_PREFIX_PATH=/home/sunny/catkin_ws/install/plankton_utils:/home/sunny/catkin_ws/install/uuv_control_utils:/home/sunny/catkin_ws/install/uuv_world_ros_plugins_msgs:/home/sunny/catkin_ws/install/uuv_world_plugins:/home/sunny/catkin_ws/install/uuv_tutorial_seabed_world:/home/sunny/catkin_ws/install/uuv_trajectory_control:/home/sunny/catkin_ws/install/uuv_thruster_manager:/home/sunny/catkin_ws/install/uuv_sensor_ros_plugins_msgs:/home/sunny/catkin_ws/install/uuv_gazebo_worlds:/home/sunny/catkin_ws/install/uuv_gazebo_ros_plugins_msgs:/home/sunny/catkin_ws/install/uuv_gazebo_plugins:/home/sunny/catkin_ws/install/uuv_gazebo:/home/sunny/catkin_ws/install/uuv_control_msgs:/home/sunny/catkin_ws/install/uuv_control_cascaded_pid:/home/sunny/catkin_ws/install/uuv_auv_control_allocator:/home/sunny/catkin_ws/install/uuv_assistants:/home/sunny/catkin_ws/install/turtlesim:/home/sunny/catkin_ws/install/common_msgs:/home/sunny/catkin_ws/install/beluga_simulator:/home/sunny/catkin_ws/install/beluga_adapter:/opt/ros/humble /usr/bin/cmake --install /home/sunny/catkin_ws/build/uuv_assistants
