[1.333s] Invoking command in '/home/sunny/catkin_ws/src/beluga_adapter': CMAKE_PREFIX_PATH=/home/sunny/catkin_ws/install/common_msgs:/home/sunny/catkin_ws/install/turtlesim:/home/sunny/catkin_ws/install/beluga_simulator LD_LIBRARY_PATH=/home/sunny/catkin_ws/install/common_msgs/lib:/home/sunny/catkin_ws/install/turtlesim/lib:/opt/ros/humble/opt/rviz_ogre_vendor/lib:/opt/ros/humble/lib/x86_64-linux-gnu:/opt/ros/humble/lib:/usr/lib/x86_64-linux-gnu/gazebo-11/plugins PYTHONPATH=/home/sunny/catkin_ws/build/beluga_adapter/prefix_override:/home/sunny/catkin_ws/install/beluga_adapter/lib/python3.10/site-packages:${PYTHONPATH} /usr/bin/python3 setup.py egg_info --egg-base ../../build/beluga_adapter build --build-base /home/sunny/catkin_ws/build/beluga_adapter/build install --record /home/sunny/catkin_ws/build/beluga_adapter/install.log --single-version-externally-managed
[1.643s] running egg_info
[1.644s] writing ../../build/beluga_adapter/beluga_adapter.egg-info/PKG-INFO
[1.644s] writing dependency_links to ../../build/beluga_adapter/beluga_adapter.egg-info/dependency_links.txt
[1.644s] writing entry points to ../../build/beluga_adapter/beluga_adapter.egg-info/entry_points.txt
[1.644s] writing requirements to ../../build/beluga_adapter/beluga_adapter.egg-info/requires.txt
[1.644s] writing top-level names to ../../build/beluga_adapter/beluga_adapter.egg-info/top_level.txt
[1.647s] reading manifest file '../../build/beluga_adapter/beluga_adapter.egg-info/SOURCES.txt'
[1.648s] writing manifest file '../../build/beluga_adapter/beluga_adapter.egg-info/SOURCES.txt'
[1.648s] running build
[1.648s] running build_py
[1.648s] running install
[1.649s] /usr/lib/python3/dist-packages/setuptools/command/install.py:34: SetuptoolsDeprecationWarning: setup.py install is deprecated. Use build and pip and other standards-based tools.
[1.649s]   warnings.warn(
[1.650s] running install_lib
[1.651s] running install_data
[1.651s] running install_egg_info
[1.654s] removing '/home/sunny/catkin_ws/install/beluga_adapter/lib/python3.10/site-packages/beluga_adapter-0.0.0-py3.10.egg-info' (and everything under it)
[1.658s] Copying ../../build/beluga_adapter/beluga_adapter.egg-info to /home/sunny/catkin_ws/install/beluga_adapter/lib/python3.10/site-packages/beluga_adapter-0.0.0-py3.10.egg-info
[1.683s] running install_scripts
[1.745s] writing list of installed files to '/home/sunny/catkin_ws/build/beluga_adapter/install.log'
[1.792s] Invoked command in '/home/sunny/catkin_ws/src/beluga_adapter' returned '0': CMAKE_PREFIX_PATH=/home/sunny/catkin_ws/install/common_msgs:/home/sunny/catkin_ws/install/turtlesim:/home/sunny/catkin_ws/install/beluga_simulator LD_LIBRARY_PATH=/home/sunny/catkin_ws/install/common_msgs/lib:/home/sunny/catkin_ws/install/turtlesim/lib:/opt/ros/humble/opt/rviz_ogre_vendor/lib:/opt/ros/humble/lib/x86_64-linux-gnu:/opt/ros/humble/lib:/usr/lib/x86_64-linux-gnu/gazebo-11/plugins PYTHONPATH=/home/sunny/catkin_ws/build/beluga_adapter/prefix_override:/home/sunny/catkin_ws/install/beluga_adapter/lib/python3.10/site-packages:${PYTHONPATH} /usr/bin/python3 setup.py egg_info --egg-base ../../build/beluga_adapter build --build-base /home/sunny/catkin_ws/build/beluga_adapter/build install --record /home/sunny/catkin_ws/build/beluga_adapter/install.log --single-version-externally-managed
