[0.794s] DEBUG:colcon:Command line arguments: ['/usr/bin/colcon', 'build', '--packages-select', 'beluga_adapter']
[0.794s] DEBUG:colcon:Parsed command line arguments: Namespace(log_base=None, log_level=None, verb_name='build', build_base='build', install_base='install', merge_install=False, symlink_install=False, test_result_base=None, continue_on_error=False, executor='parallel', parallel_workers=16, event_handlers=None, ignore_user_meta=False, metas=['./colcon.meta'], base_paths=['.'], packages_ignore=None, packages_ignore_regex=None, paths=None, packages_up_to=None, packages_up_to_regex=None, packages_above=None, packages_above_and_dependencies=None, packages_above_depth=None, packages_select_by_dep=None, packages_skip_by_dep=None, packages_skip_up_to=None, packages_select_build_failed=False, packages_skip_build_finished=False, packages_select_test_failures=False, packages_skip_test_passed=False, packages_select=['beluga_adapter'], packages_skip=None, packages_select_regex=None, packages_skip_regex=None, packages_start=None, packages_end=None, allow_overriding=[], cmake_args=None, cmake_target=None, cmake_target_skip_unavailable=False, cmake_clean_cache=False, cmake_clean_first=False, cmake_force_configure=False, ament_cmake_args=None, catkin_cmake_args=None, catkin_skip_building_tests=False, verb_parser=<colcon_defaults.argument_parser.defaults.DefaultArgumentsDecorator object at 0x7f0870ca17e0>, verb_extension=<colcon_core.verb.build.BuildVerb object at 0x7f0870ca7d90>, main=<bound method BuildVerb.main of <colcon_core.verb.build.BuildVerb object at 0x7f0870ca7d90>>)
[0.831s] Level 1:colcon.colcon_core.package_discovery:discover_packages(colcon_meta) check parameters
[0.832s] Level 1:colcon.colcon_core.package_discovery:discover_packages(recursive) check parameters
[0.832s] Level 1:colcon.colcon_core.package_discovery:discover_packages(ignore) check parameters
[0.832s] Level 1:colcon.colcon_core.package_discovery:discover_packages(path) check parameters
[0.832s] Level 1:colcon.colcon_core.package_discovery:discover_packages(colcon_meta) discover
[0.832s] Level 1:colcon.colcon_core.package_discovery:discover_packages(recursive) discover
[0.832s] INFO:colcon.colcon_core.package_discovery:Crawling recursively for packages in '/home/sunny/catkin_ws'
[0.832s] Level 1:colcon.colcon_core.package_identification:_identify(.) by extensions ['ignore', 'ignore_ament_install']
[0.832s] Level 1:colcon.colcon_core.package_identification:_identify(.) by extension 'ignore'
[0.832s] Level 1:colcon.colcon_core.package_identification:_identify(.) by extension 'ignore_ament_install'
[0.832s] Level 1:colcon.colcon_core.package_identification:_identify(.) by extensions ['colcon_pkg']
[0.832s] Level 1:colcon.colcon_core.package_identification:_identify(.) by extension 'colcon_pkg'
[0.832s] Level 1:colcon.colcon_core.package_identification:_identify(.) by extensions ['colcon_meta']
[0.832s] Level 1:colcon.colcon_core.package_identification:_identify(.) by extension 'colcon_meta'
[0.832s] Level 1:colcon.colcon_core.package_identification:_identify(.) by extensions ['ros']
[0.832s] Level 1:colcon.colcon_core.package_identification:_identify(.) by extension 'ros'
[0.840s] Level 1:colcon.colcon_core.package_identification:_identify(.) by extensions ['cmake', 'python']
[0.840s] Level 1:colcon.colcon_core.package_identification:_identify(.) by extension 'cmake'
[0.841s] Level 1:colcon.colcon_core.package_identification:_identify(.) by extension 'python'
[0.841s] Level 1:colcon.colcon_core.package_identification:_identify(.) by extensions ['python_setup_py']
[0.841s] Level 1:colcon.colcon_core.package_identification:_identify(.) by extension 'python_setup_py'
[0.841s] Level 1:colcon.colcon_core.package_identification:_identify(build) by extensions ['ignore', 'ignore_ament_install']
[0.841s] Level 1:colcon.colcon_core.package_identification:_identify(build) by extension 'ignore'
[0.841s] Level 1:colcon.colcon_core.package_identification:_identify(build) ignored
[0.841s] Level 1:colcon.colcon_core.package_identification:_identify(install) by extensions ['ignore', 'ignore_ament_install']
[0.841s] Level 1:colcon.colcon_core.package_identification:_identify(install) by extension 'ignore'
[0.841s] Level 1:colcon.colcon_core.package_identification:_identify(install) ignored
[0.841s] Level 1:colcon.colcon_core.package_identification:_identify(log) by extensions ['ignore', 'ignore_ament_install']
[0.841s] Level 1:colcon.colcon_core.package_identification:_identify(log) by extension 'ignore'
[0.842s] Level 1:colcon.colcon_core.package_identification:_identify(log) ignored
[0.842s] Level 1:colcon.colcon_core.package_identification:_identify(src) by extensions ['ignore', 'ignore_ament_install']
[0.842s] Level 1:colcon.colcon_core.package_identification:_identify(src) by extension 'ignore'
[0.842s] Level 1:colcon.colcon_core.package_identification:_identify(src) by extension 'ignore_ament_install'
[0.842s] Level 1:colcon.colcon_core.package_identification:_identify(src) by extensions ['colcon_pkg']
[0.842s] Level 1:colcon.colcon_core.package_identification:_identify(src) by extension 'colcon_pkg'
[0.842s] Level 1:colcon.colcon_core.package_identification:_identify(src) by extensions ['colcon_meta']
[0.842s] Level 1:colcon.colcon_core.package_identification:_identify(src) by extension 'colcon_meta'
[0.842s] Level 1:colcon.colcon_core.package_identification:_identify(src) by extensions ['ros']
[0.842s] Level 1:colcon.colcon_core.package_identification:_identify(src) by extension 'ros'
[0.842s] Level 1:colcon.colcon_core.package_identification:_identify(src) by extensions ['cmake', 'python']
[0.842s] Level 1:colcon.colcon_core.package_identification:_identify(src) by extension 'cmake'
[0.842s] Level 1:colcon.colcon_core.package_identification:_identify(src) by extension 'python'
[0.842s] Level 1:colcon.colcon_core.package_identification:_identify(src) by extensions ['python_setup_py']
[0.842s] Level 1:colcon.colcon_core.package_identification:_identify(src) by extension 'python_setup_py'
[0.842s] Level 1:colcon.colcon_core.package_identification:_identify(src/beluga_adapter) by extensions ['ignore', 'ignore_ament_install']
[0.842s] Level 1:colcon.colcon_core.package_identification:_identify(src/beluga_adapter) by extension 'ignore'
[0.842s] Level 1:colcon.colcon_core.package_identification:_identify(src/beluga_adapter) by extension 'ignore_ament_install'
[0.842s] Level 1:colcon.colcon_core.package_identification:_identify(src/beluga_adapter) by extensions ['colcon_pkg']
[0.842s] Level 1:colcon.colcon_core.package_identification:_identify(src/beluga_adapter) by extension 'colcon_pkg'
[0.842s] Level 1:colcon.colcon_core.package_identification:_identify(src/beluga_adapter) by extensions ['colcon_meta']
[0.843s] Level 1:colcon.colcon_core.package_identification:_identify(src/beluga_adapter) by extension 'colcon_meta'
[0.843s] Level 1:colcon.colcon_core.package_identification:_identify(src/beluga_adapter) by extensions ['ros']
[0.843s] Level 1:colcon.colcon_core.package_identification:_identify(src/beluga_adapter) by extension 'ros'
[0.844s] DEBUG:colcon.colcon_core.package_identification:Package 'src/beluga_adapter' with type 'ros.ament_python' and name 'beluga_adapter'
[0.844s] Level 1:colcon.colcon_core.package_identification:_identify(src/beluga_simulator) by extensions ['ignore', 'ignore_ament_install']
[0.844s] Level 1:colcon.colcon_core.package_identification:_identify(src/beluga_simulator) by extension 'ignore'
[0.844s] Level 1:colcon.colcon_core.package_identification:_identify(src/beluga_simulator) by extension 'ignore_ament_install'
[0.845s] Level 1:colcon.colcon_core.package_identification:_identify(src/beluga_simulator) by extensions ['colcon_pkg']
[0.845s] Level 1:colcon.colcon_core.package_identification:_identify(src/beluga_simulator) by extension 'colcon_pkg'
[0.845s] Level 1:colcon.colcon_core.package_identification:_identify(src/beluga_simulator) by extensions ['colcon_meta']
[0.845s] Level 1:colcon.colcon_core.package_identification:_identify(src/beluga_simulator) by extension 'colcon_meta'
[0.845s] Level 1:colcon.colcon_core.package_identification:_identify(src/beluga_simulator) by extensions ['ros']
[0.845s] Level 1:colcon.colcon_core.package_identification:_identify(src/beluga_simulator) by extension 'ros'
[0.845s] DEBUG:colcon.colcon_core.package_identification:Package 'src/beluga_simulator' with type 'ros.ament_cmake' and name 'beluga_simulator'
[0.845s] Level 1:colcon.colcon_core.package_identification:_identify(src/ros_tutorials) by extensions ['ignore', 'ignore_ament_install']
[0.845s] Level 1:colcon.colcon_core.package_identification:_identify(src/ros_tutorials) by extension 'ignore'
[0.845s] Level 1:colcon.colcon_core.package_identification:_identify(src/ros_tutorials) by extension 'ignore_ament_install'
[0.845s] Level 1:colcon.colcon_core.package_identification:_identify(src/ros_tutorials) by extensions ['colcon_pkg']
[0.845s] Level 1:colcon.colcon_core.package_identification:_identify(src/ros_tutorials) by extension 'colcon_pkg'
[0.845s] Level 1:colcon.colcon_core.package_identification:_identify(src/ros_tutorials) by extensions ['colcon_meta']
[0.845s] Level 1:colcon.colcon_core.package_identification:_identify(src/ros_tutorials) by extension 'colcon_meta'
[0.845s] Level 1:colcon.colcon_core.package_identification:_identify(src/ros_tutorials) by extensions ['ros']
[0.845s] Level 1:colcon.colcon_core.package_identification:_identify(src/ros_tutorials) by extension 'ros'
[0.846s] Level 1:colcon.colcon_core.package_identification:_identify(src/ros_tutorials) by extensions ['cmake', 'python']
[0.846s] Level 1:colcon.colcon_core.package_identification:_identify(src/ros_tutorials) by extension 'cmake'
[0.846s] Level 1:colcon.colcon_core.package_identification:_identify(src/ros_tutorials) by extension 'python'
[0.846s] Level 1:colcon.colcon_core.package_identification:_identify(src/ros_tutorials) by extensions ['python_setup_py']
[0.846s] Level 1:colcon.colcon_core.package_identification:_identify(src/ros_tutorials) by extension 'python_setup_py'
[0.846s] Level 1:colcon.colcon_core.package_identification:_identify(src/ros_tutorials/ros_tutorials) by extensions ['ignore', 'ignore_ament_install']
[0.846s] Level 1:colcon.colcon_core.package_identification:_identify(src/ros_tutorials/ros_tutorials) by extension 'ignore'
[0.846s] Level 1:colcon.colcon_core.package_identification:_identify(src/ros_tutorials/ros_tutorials) ignored
[0.846s] Level 1:colcon.colcon_core.package_identification:_identify(src/ros_tutorials/roscpp_tutorials) by extensions ['ignore', 'ignore_ament_install']
[0.846s] Level 1:colcon.colcon_core.package_identification:_identify(src/ros_tutorials/roscpp_tutorials) by extension 'ignore'
[0.846s] Level 1:colcon.colcon_core.package_identification:_identify(src/ros_tutorials/roscpp_tutorials) ignored
[0.846s] Level 1:colcon.colcon_core.package_identification:_identify(src/ros_tutorials/rospy_tutorials) by extensions ['ignore', 'ignore_ament_install']
[0.846s] Level 1:colcon.colcon_core.package_identification:_identify(src/ros_tutorials/rospy_tutorials) by extension 'ignore'
[0.846s] Level 1:colcon.colcon_core.package_identification:_identify(src/ros_tutorials/rospy_tutorials) ignored
[0.846s] Level 1:colcon.colcon_core.package_identification:_identify(src/ros_tutorials/turtlesim) by extensions ['ignore', 'ignore_ament_install']
[0.846s] Level 1:colcon.colcon_core.package_identification:_identify(src/ros_tutorials/turtlesim) by extension 'ignore'
[0.846s] Level 1:colcon.colcon_core.package_identification:_identify(src/ros_tutorials/turtlesim) by extension 'ignore_ament_install'
[0.846s] Level 1:colcon.colcon_core.package_identification:_identify(src/ros_tutorials/turtlesim) by extensions ['colcon_pkg']
[0.846s] Level 1:colcon.colcon_core.package_identification:_identify(src/ros_tutorials/turtlesim) by extension 'colcon_pkg'
[0.846s] Level 1:colcon.colcon_core.package_identification:_identify(src/ros_tutorials/turtlesim) by extensions ['colcon_meta']
[0.847s] Level 1:colcon.colcon_core.package_identification:_identify(src/ros_tutorials/turtlesim) by extension 'colcon_meta'
[0.847s] Level 1:colcon.colcon_core.package_identification:_identify(src/ros_tutorials/turtlesim) by extensions ['ros']
[0.847s] Level 1:colcon.colcon_core.package_identification:_identify(src/ros_tutorials/turtlesim) by extension 'ros'
[0.847s] DEBUG:colcon.colcon_core.package_identification:Package 'src/ros_tutorials/turtlesim' with type 'ros.ament_cmake' and name 'turtlesim'
[0.847s] Level 1:colcon.colcon_core.package_discovery:discover_packages(recursive) using defaults
[0.847s] Level 1:colcon.colcon_core.package_discovery:discover_packages(ignore) discover
[0.847s] Level 1:colcon.colcon_core.package_discovery:discover_packages(ignore) using defaults
[0.847s] Level 1:colcon.colcon_core.package_discovery:discover_packages(path) discover
[0.847s] Level 1:colcon.colcon_core.package_discovery:discover_packages(path) using defaults
[0.897s] INFO:colcon.colcon_core.package_selection:Skipping not selected package 'beluga_simulator' in 'src/beluga_simulator'
[0.897s] INFO:colcon.colcon_core.package_selection:Skipping not selected package 'turtlesim' in 'src/ros_tutorials/turtlesim'
[0.921s] Level 1:colcon.colcon_core.package_discovery:discover_packages(prefix_path) check parameters
[0.921s] Level 1:colcon.colcon_core.package_discovery:discover_packages(prefix_path) discover
[0.946s] DEBUG:colcon.colcon_installed_package_information.package_discovery:Found 3 installed packages in /home/sunny/catkin_ws/install
[0.959s] DEBUG:colcon.colcon_installed_package_information.package_discovery:Found 370 installed packages in /opt/ros/humble
[0.960s] Level 1:colcon.colcon_core.package_discovery:discover_packages(prefix_path) using defaults
[1.039s] Level 5:colcon.colcon_core.verb:set package 'beluga_adapter' build argument 'cmake_args' from command line to 'None'
[1.039s] Level 5:colcon.colcon_core.verb:set package 'beluga_adapter' build argument 'cmake_target' from command line to 'None'
[1.039s] Level 5:colcon.colcon_core.verb:set package 'beluga_adapter' build argument 'cmake_target_skip_unavailable' from command line to 'False'
[1.039s] Level 5:colcon.colcon_core.verb:set package 'beluga_adapter' build argument 'cmake_clean_cache' from command line to 'False'
[1.039s] Level 5:colcon.colcon_core.verb:set package 'beluga_adapter' build argument 'cmake_clean_first' from command line to 'False'
[1.039s] Level 5:colcon.colcon_core.verb:set package 'beluga_adapter' build argument 'cmake_force_configure' from command line to 'False'
[1.039s] Level 5:colcon.colcon_core.verb:set package 'beluga_adapter' build argument 'ament_cmake_args' from command line to 'None'
[1.040s] Level 5:colcon.colcon_core.verb:set package 'beluga_adapter' build argument 'catkin_cmake_args' from command line to 'None'
[1.040s] Level 5:colcon.colcon_core.verb:set package 'beluga_adapter' build argument 'catkin_skip_building_tests' from command line to 'False'
[1.040s] DEBUG:colcon.colcon_core.verb:Building package 'beluga_adapter' with the following arguments: {'ament_cmake_args': None, 'build_base': '/home/sunny/catkin_ws/build/beluga_adapter', 'catkin_cmake_args': None, 'catkin_skip_building_tests': False, 'cmake_args': None, 'cmake_clean_cache': False, 'cmake_clean_first': False, 'cmake_force_configure': False, 'cmake_target': None, 'cmake_target_skip_unavailable': False, 'install_base': '/home/sunny/catkin_ws/install/beluga_adapter', 'merge_install': False, 'path': '/home/sunny/catkin_ws/src/beluga_adapter', 'symlink_install': False, 'test_result_base': None}
[1.051s] INFO:colcon.colcon_core.executor:Executing jobs using 'parallel' executor
[1.063s] DEBUG:colcon.colcon_parallel_executor.executor.parallel:run_until_complete
[1.063s] INFO:colcon.colcon_ros.task.ament_python.build:Building ROS package in '/home/sunny/catkin_ws/src/beluga_adapter' with build type 'ament_python'
[1.063s] Level 1:colcon.colcon_core.shell:create_environment_hook('beluga_adapter', 'ament_prefix_path')
[1.075s] INFO:colcon.colcon_core.plugin_system:Skipping extension 'colcon_core.shell.bat': Not used on non-Windows systems
[1.076s] INFO:colcon.colcon_core.shell:Creating environment hook '/home/sunny/catkin_ws/install/beluga_adapter/share/beluga_adapter/hook/ament_prefix_path.ps1'
[1.076s] INFO:colcon.colcon_core.shell:Creating environment descriptor '/home/sunny/catkin_ws/install/beluga_adapter/share/beluga_adapter/hook/ament_prefix_path.dsv'
[1.076s] INFO:colcon.colcon_core.shell:Creating environment hook '/home/sunny/catkin_ws/install/beluga_adapter/share/beluga_adapter/hook/ament_prefix_path.sh'
[1.088s] INFO:colcon.colcon_core.shell:Skip shell extension 'powershell' for command environment: Not usable outside of PowerShell
[1.088s] DEBUG:colcon.colcon_core.shell:Skip shell extension 'dsv' for command environment
[1.321s] INFO:colcon.colcon_core.task.python.build:Building Python package in '/home/sunny/catkin_ws/src/beluga_adapter'
[1.332s] INFO:colcon.colcon_core.shell:Skip shell extension 'powershell' for command environment: Not usable outside of PowerShell
[1.332s] DEBUG:colcon.colcon_core.shell:Skip shell extension 'dsv' for command environment
[1.620s] DEBUG:colcon.colcon_core.event_handler.log_command:Invoking command in '/home/sunny/catkin_ws/src/beluga_adapter': PYTHONPATH=/home/sunny/catkin_ws/build/beluga_adapter/prefix_override:/home/sunny/catkin_ws/install/beluga_adapter/lib/python3.10/site-packages:${PYTHONPATH} /usr/bin/python3 setup.py egg_info --egg-base ../../build/beluga_adapter build --build-base /home/sunny/catkin_ws/build/beluga_adapter/build install --record /home/sunny/catkin_ws/build/beluga_adapter/install.log --single-version-externally-managed
[1.849s] DEBUG:colcon.colcon_core.event_handler.log_command:Invoked command in '/home/sunny/catkin_ws/src/beluga_adapter' returned '0': PYTHONPATH=/home/sunny/catkin_ws/build/beluga_adapter/prefix_override:/home/sunny/catkin_ws/install/beluga_adapter/lib/python3.10/site-packages:${PYTHONPATH} /usr/bin/python3 setup.py egg_info --egg-base ../../build/beluga_adapter build --build-base /home/sunny/catkin_ws/build/beluga_adapter/build install --record /home/sunny/catkin_ws/build/beluga_adapter/install.log --single-version-externally-managed
[1.870s] Level 1:colcon.colcon_core.environment:checking '/home/sunny/catkin_ws/install/beluga_adapter' for CMake module files
[1.870s] Level 1:colcon.colcon_core.environment:checking '/home/sunny/catkin_ws/install/beluga_adapter' for CMake config files
[1.871s] Level 1:colcon.colcon_core.environment:checking '/home/sunny/catkin_ws/install/beluga_adapter/lib'
[1.871s] Level 1:colcon.colcon_core.environment:checking '/home/sunny/catkin_ws/install/beluga_adapter/bin'
[1.871s] Level 1:colcon.colcon_core.environment:checking '/home/sunny/catkin_ws/install/beluga_adapter/lib/pkgconfig/beluga_adapter.pc'
[1.871s] Level 1:colcon.colcon_core.environment:checking '/home/sunny/catkin_ws/install/beluga_adapter/lib/python3.10/site-packages'
[1.871s] Level 1:colcon.colcon_core.shell:create_environment_hook('beluga_adapter', 'pythonpath')
[1.882s] INFO:colcon.colcon_core.shell:Creating environment hook '/home/sunny/catkin_ws/install/beluga_adapter/share/beluga_adapter/hook/pythonpath.ps1'
[1.882s] INFO:colcon.colcon_core.shell:Creating environment descriptor '/home/sunny/catkin_ws/install/beluga_adapter/share/beluga_adapter/hook/pythonpath.dsv'
[1.883s] INFO:colcon.colcon_core.shell:Creating environment hook '/home/sunny/catkin_ws/install/beluga_adapter/share/beluga_adapter/hook/pythonpath.sh'
[1.883s] Level 1:colcon.colcon_core.environment:checking '/home/sunny/catkin_ws/install/beluga_adapter/bin'
[1.883s] Level 1:colcon.colcon_core.environment:create_environment_scripts_only(beluga_adapter)
[1.894s] INFO:colcon.colcon_core.shell:Creating package script '/home/sunny/catkin_ws/install/beluga_adapter/share/beluga_adapter/package.ps1'
[1.894s] INFO:colcon.colcon_core.shell:Creating package descriptor '/home/sunny/catkin_ws/install/beluga_adapter/share/beluga_adapter/package.dsv'
[1.895s] INFO:colcon.colcon_core.shell:Creating package script '/home/sunny/catkin_ws/install/beluga_adapter/share/beluga_adapter/package.sh'
[1.895s] INFO:colcon.colcon_core.shell:Creating package script '/home/sunny/catkin_ws/install/beluga_adapter/share/beluga_adapter/package.bash'
[1.896s] INFO:colcon.colcon_core.shell:Creating package script '/home/sunny/catkin_ws/install/beluga_adapter/share/beluga_adapter/package.zsh'
[1.897s] Level 1:colcon.colcon_core.environment:create_file_with_runtime_dependencies(/home/sunny/catkin_ws/install/beluga_adapter/share/colcon-core/packages/beluga_adapter)
[1.897s] DEBUG:colcon.colcon_parallel_executor.executor.parallel:closing loop
[1.897s] DEBUG:colcon.colcon_parallel_executor.executor.parallel:loop closed
[1.897s] DEBUG:colcon.colcon_parallel_executor.executor.parallel:run_until_complete finished with '0'
[1.898s] DEBUG:colcon.colcon_core.event_reactor:joining thread
[1.924s] INFO:colcon.colcon_core.plugin_system:Skipping extension 'colcon_notification.desktop_notification.terminal_notifier': Not used on non-Darwin systems
[1.924s] INFO:colcon.colcon_core.plugin_system:Skipping extension 'colcon_notification.desktop_notification.win32': Not used on non-Windows systems
[1.924s] INFO:colcon.colcon_notification.desktop_notification:Sending desktop notification using 'notify2'
[1.937s] DEBUG:colcon.colcon_core.event_reactor:joined thread
[1.950s] INFO:colcon.colcon_core.shell:Creating prefix script '/home/sunny/catkin_ws/install/local_setup.ps1'
[1.950s] INFO:colcon.colcon_core.shell:Creating prefix util module '/home/sunny/catkin_ws/install/_local_setup_util_ps1.py'
[1.951s] INFO:colcon.colcon_core.shell:Creating prefix chain script '/home/sunny/catkin_ws/install/setup.ps1'
[1.963s] INFO:colcon.colcon_core.shell:Creating prefix script '/home/sunny/catkin_ws/install/local_setup.sh'
[1.964s] INFO:colcon.colcon_core.shell:Creating prefix util module '/home/sunny/catkin_ws/install/_local_setup_util_sh.py'
[1.964s] INFO:colcon.colcon_core.shell:Creating prefix chain script '/home/sunny/catkin_ws/install/setup.sh'
[1.976s] INFO:colcon.colcon_core.shell:Creating prefix script '/home/sunny/catkin_ws/install/local_setup.bash'
[1.976s] INFO:colcon.colcon_core.shell:Creating prefix chain script '/home/sunny/catkin_ws/install/setup.bash'
[1.988s] INFO:colcon.colcon_core.shell:Creating prefix script '/home/sunny/catkin_ws/install/local_setup.zsh'
[1.988s] INFO:colcon.colcon_core.shell:Creating prefix chain script '/home/sunny/catkin_ws/install/setup.zsh'
