[0.289s] Invoking command in '/home/sunny/catkin_ws/build/uuv_thruster_manager': CMAKE_PREFIX_PATH=/home/sunny/catkin_ws/install/uuv_assistants:/home/sunny/catkin_ws/install/uuv_gazebo_ros_plugins_msgs:/home/sunny/catkin_ws/install/plankton_utils:/home/sunny/catkin_ws/install/plankton:/home/sunny/catkin_ws/install/uuv_simulator:/home/sunny/catkin_ws/install/uuv_world_ros_plugins:/home/sunny/catkin_ws/install/uuv_tutorials:/home/sunny/catkin_ws/install/uuv_tutorial_dp_controller:/home/sunny/catkin_ws/install/uuv_tutorial_disturbances:/home/sunny/catkin_ws/install/uuv_control_utils:/home/sunny/catkin_ws/install/uuv_world_ros_plugins_msgs:/home/sunny/catkin_ws/install/uuv_world_plugins:/home/sunny/catkin_ws/install/uuv_tutorial_seabed_world:/home/sunny/catkin_ws/install/uuv_trajectory_control:/home/sunny/catkin_ws/install/uuv_teleop:/home/sunny/catkin_ws/install/uuv_thruster_manager:/home/sunny/catkin_ws/install/uuv_descriptions:/home/sunny/catkin_ws/install/uuv_sensor_ros_plugins:/home/sunny/catkin_ws/install/uuv_sensor_ros_plugins_msgs:/home/sunny/catkin_ws/install/uuv_gazebo_worlds:/home/sunny/catkin_ws/install/uuv_gazebo_ros_plugins:/home/sunny/catkin_ws/install/uuv_gazebo_plugins:/home/sunny/catkin_ws/install/uuv_gazebo:/home/sunny/catkin_ws/install/uuv_control_msgs:/home/sunny/catkin_ws/install/uuv_control_cascaded_pid:/home/sunny/catkin_ws/install/uuv_auv_control_allocator:/home/sunny/catkin_ws/install/turtlesim:/home/sunny/catkin_ws/install/common_msgs:/home/sunny/catkin_ws/install/beluga_simulator:/home/sunny/catkin_ws/install/beluga_adapter:/opt/ros/humble LD_LIBRARY_PATH=/home/sunny/catkin_ws/install/uuv_gazebo_ros_plugins_msgs/lib:/home/sunny/catkin_ws/install/uuv_world_ros_plugins/lib:/home/sunny/catkin_ws/install/uuv_world_ros_plugins_msgs/lib:/home/sunny/catkin_ws/install/uuv_world_plugins/lib:/home/sunny/catkin_ws/install/uuv_thruster_manager/lib:/home/sunny/catkin_ws/install/uuv_sensor_ros_plugins/lib:/home/sunny/catkin_ws/install/uuv_sensor_ros_plugins_msgs/lib:/home/sunny/catkin_ws/install/uuv_gazebo_ros_plugins/lib:/home/sunny/catkin_ws/install/uuv_gazebo_plugins/lib:/home/sunny/catkin_ws/install/uuv_control_msgs/lib:/home/sunny/catkin_ws/install/uuv_auv_control_allocator/lib:/home/sunny/catkin_ws/install/turtlesim/lib:/home/sunny/catkin_ws/install/common_msgs/lib:/usr/lib/x86_64-linux-gnu/gazebo-11/plugins:/opt/ros/humble/opt/rviz_ogre_vendor/lib:/opt/ros/humble/lib/x86_64-linux-gnu:/opt/ros/humble/lib:/usr/lib/x86_64-linux-gnu/gazebo-11/plugins /usr/bin/cmake --build /home/sunny/catkin_ws/build/uuv_thruster_manager -- -j16 -l16
[0.356s] [  1%] Built target uuv_thruster_manager__cpp
[0.356s] [ 12%] Built target uuv_thruster_manager__rosidl_generator_c
[0.369s] [ 12%] Built target ament_cmake_python_copy_uuv_thrusters
[0.369s] [ 12%] Built target ament_cmake_python_copy_uuv_thrusters.models
[0.371s] [ 12%] Built target ament_cmake_python_copy_uuv_thruster_manager
[0.393s] [ 32%] Built target uuv_thruster_manager__rosidl_typesupport_introspection_cpp
[0.393s] [ 41%] Built target uuv_thruster_manager__rosidl_typesupport_cpp
[0.393s] [ 45%] Built target uuv_thruster_manager__rosidl_typesupport_fastrtps_cpp
[0.405s] [ 56%] Built target uuv_thruster_manager__rosidl_typesupport_introspection_c
[0.407s] [ 67%] Built target uuv_thruster_manager__rosidl_typesupport_c
[0.408s] [ 78%] Built target uuv_thruster_manager__rosidl_typesupport_fastrtps_c
[0.441s] [ 78%] Built target uuv_thruster_manager
[0.471s] [ 80%] Built target uuv_thruster_manager__py
[0.504s] [ 89%] Built target uuv_thruster_manager__rosidl_generator_py
[0.539s] [ 92%] Built target uuv_thruster_manager__rosidl_typesupport_c__pyext
[0.539s] [ 96%] Built target uuv_thruster_manager__rosidl_typesupport_fastrtps_c__pyext
[0.541s] [100%] Built target uuv_thruster_manager__rosidl_typesupport_introspection_c__pyext
[0.632s] running egg_info
[0.634s] writing uuv_thrusters.egg-info/PKG-INFO
[0.634s] writing dependency_links to uuv_thrusters.egg-info/dependency_links.txt
[0.635s] writing top-level names to uuv_thrusters.egg-info/top_level.txt
[0.636s] reading manifest file 'uuv_thrusters.egg-info/SOURCES.txt'
[0.636s] writing manifest file 'uuv_thrusters.egg-info/SOURCES.txt'
[0.636s] running egg_info
[0.637s] writing uuv_thrusters.models.egg-info/PKG-INFO
[0.637s] writing dependency_links to uuv_thrusters.models.egg-info/dependency_links.txt
[0.637s] writing top-level names to uuv_thrusters.models.egg-info/top_level.txt
[0.638s] reading manifest file 'uuv_thrusters.models.egg-info/SOURCES.txt'
[0.639s] writing manifest file 'uuv_thrusters.models.egg-info/SOURCES.txt'
[0.647s] running egg_info
[0.648s] writing uuv_thruster_manager.egg-info/PKG-INFO
[0.648s] writing dependency_links to uuv_thruster_manager.egg-info/dependency_links.txt
[0.648s] writing top-level names to uuv_thruster_manager.egg-info/top_level.txt
[0.650s] reading manifest file 'uuv_thruster_manager.egg-info/SOURCES.txt'
[0.651s] writing manifest file 'uuv_thruster_manager.egg-info/SOURCES.txt'
[0.670s] [100%] Built target ament_cmake_python_build_uuv_thrusters_egg
[0.671s] [100%] Built target ament_cmake_python_build_uuv_thrusters.models_egg
[0.685s] [100%] Built target ament_cmake_python_build_uuv_thruster_manager_egg
[0.964s] Invoked command in '/home/sunny/catkin_ws/build/uuv_thruster_manager' returned '0': CMAKE_PREFIX_PATH=/home/sunny/catkin_ws/install/uuv_assistants:/home/sunny/catkin_ws/install/uuv_gazebo_ros_plugins_msgs:/home/sunny/catkin_ws/install/plankton_utils:/home/sunny/catkin_ws/install/plankton:/home/sunny/catkin_ws/install/uuv_simulator:/home/sunny/catkin_ws/install/uuv_world_ros_plugins:/home/sunny/catkin_ws/install/uuv_tutorials:/home/sunny/catkin_ws/install/uuv_tutorial_dp_controller:/home/sunny/catkin_ws/install/uuv_tutorial_disturbances:/home/sunny/catkin_ws/install/uuv_control_utils:/home/sunny/catkin_ws/install/uuv_world_ros_plugins_msgs:/home/sunny/catkin_ws/install/uuv_world_plugins:/home/sunny/catkin_ws/install/uuv_tutorial_seabed_world:/home/sunny/catkin_ws/install/uuv_trajectory_control:/home/sunny/catkin_ws/install/uuv_teleop:/home/sunny/catkin_ws/install/uuv_thruster_manager:/home/sunny/catkin_ws/install/uuv_descriptions:/home/sunny/catkin_ws/install/uuv_sensor_ros_plugins:/home/sunny/catkin_ws/install/uuv_sensor_ros_plugins_msgs:/home/sunny/catkin_ws/install/uuv_gazebo_worlds:/home/sunny/catkin_ws/install/uuv_gazebo_ros_plugins:/home/sunny/catkin_ws/install/uuv_gazebo_plugins:/home/sunny/catkin_ws/install/uuv_gazebo:/home/sunny/catkin_ws/install/uuv_control_msgs:/home/sunny/catkin_ws/install/uuv_control_cascaded_pid:/home/sunny/catkin_ws/install/uuv_auv_control_allocator:/home/sunny/catkin_ws/install/turtlesim:/home/sunny/catkin_ws/install/common_msgs:/home/sunny/catkin_ws/install/beluga_simulator:/home/sunny/catkin_ws/install/beluga_adapter:/opt/ros/humble LD_LIBRARY_PATH=/home/sunny/catkin_ws/install/uuv_gazebo_ros_plugins_msgs/lib:/home/sunny/catkin_ws/install/uuv_world_ros_plugins/lib:/home/sunny/catkin_ws/install/uuv_world_ros_plugins_msgs/lib:/home/sunny/catkin_ws/install/uuv_world_plugins/lib:/home/sunny/catkin_ws/install/uuv_thruster_manager/lib:/home/sunny/catkin_ws/install/uuv_sensor_ros_plugins/lib:/home/sunny/catkin_ws/install/uuv_sensor_ros_plugins_msgs/lib:/home/sunny/catkin_ws/install/uuv_gazebo_ros_plugins/lib:/home/sunny/catkin_ws/install/uuv_gazebo_plugins/lib:/home/sunny/catkin_ws/install/uuv_control_msgs/lib:/home/sunny/catkin_ws/install/uuv_auv_control_allocator/lib:/home/sunny/catkin_ws/install/turtlesim/lib:/home/sunny/catkin_ws/install/common_msgs/lib:/usr/lib/x86_64-linux-gnu/gazebo-11/plugins:/opt/ros/humble/opt/rviz_ogre_vendor/lib:/opt/ros/humble/lib/x86_64-linux-gnu:/opt/ros/humble/lib:/usr/lib/x86_64-linux-gnu/gazebo-11/plugins /usr/bin/cmake --build /home/sunny/catkin_ws/build/uuv_thruster_manager -- -j16 -l16
[1.149s] Invoking command in '/home/sunny/catkin_ws/build/uuv_thruster_manager': CMAKE_PREFIX_PATH=/home/sunny/catkin_ws/install/uuv_assistants:/home/sunny/catkin_ws/install/uuv_gazebo_ros_plugins_msgs:/home/sunny/catkin_ws/install/plankton_utils:/home/sunny/catkin_ws/install/plankton:/home/sunny/catkin_ws/install/uuv_simulator:/home/sunny/catkin_ws/install/uuv_world_ros_plugins:/home/sunny/catkin_ws/install/uuv_tutorials:/home/sunny/catkin_ws/install/uuv_tutorial_dp_controller:/home/sunny/catkin_ws/install/uuv_tutorial_disturbances:/home/sunny/catkin_ws/install/uuv_control_utils:/home/sunny/catkin_ws/install/uuv_world_ros_plugins_msgs:/home/sunny/catkin_ws/install/uuv_world_plugins:/home/sunny/catkin_ws/install/uuv_tutorial_seabed_world:/home/sunny/catkin_ws/install/uuv_trajectory_control:/home/sunny/catkin_ws/install/uuv_teleop:/home/sunny/catkin_ws/install/uuv_thruster_manager:/home/sunny/catkin_ws/install/uuv_descriptions:/home/sunny/catkin_ws/install/uuv_sensor_ros_plugins:/home/sunny/catkin_ws/install/uuv_sensor_ros_plugins_msgs:/home/sunny/catkin_ws/install/uuv_gazebo_worlds:/home/sunny/catkin_ws/install/uuv_gazebo_ros_plugins:/home/sunny/catkin_ws/install/uuv_gazebo_plugins:/home/sunny/catkin_ws/install/uuv_gazebo:/home/sunny/catkin_ws/install/uuv_control_msgs:/home/sunny/catkin_ws/install/uuv_control_cascaded_pid:/home/sunny/catkin_ws/install/uuv_auv_control_allocator:/home/sunny/catkin_ws/install/turtlesim:/home/sunny/catkin_ws/install/common_msgs:/home/sunny/catkin_ws/install/beluga_simulator:/home/sunny/catkin_ws/install/beluga_adapter:/opt/ros/humble LD_LIBRARY_PATH=/home/sunny/catkin_ws/install/uuv_gazebo_ros_plugins_msgs/lib:/home/sunny/catkin_ws/install/uuv_world_ros_plugins/lib:/home/sunny/catkin_ws/install/uuv_world_ros_plugins_msgs/lib:/home/sunny/catkin_ws/install/uuv_world_plugins/lib:/home/sunny/catkin_ws/install/uuv_thruster_manager/lib:/home/sunny/catkin_ws/install/uuv_sensor_ros_plugins/lib:/home/sunny/catkin_ws/install/uuv_sensor_ros_plugins_msgs/lib:/home/sunny/catkin_ws/install/uuv_gazebo_ros_plugins/lib:/home/sunny/catkin_ws/install/uuv_gazebo_plugins/lib:/home/sunny/catkin_ws/install/uuv_control_msgs/lib:/home/sunny/catkin_ws/install/uuv_auv_control_allocator/lib:/home/sunny/catkin_ws/install/turtlesim/lib:/home/sunny/catkin_ws/install/common_msgs/lib:/usr/lib/x86_64-linux-gnu/gazebo-11/plugins:/opt/ros/humble/opt/rviz_ogre_vendor/lib:/opt/ros/humble/lib/x86_64-linux-gnu:/opt/ros/humble/lib:/usr/lib/x86_64-linux-gnu/gazebo-11/plugins /usr/bin/cmake --install /home/sunny/catkin_ws/build/uuv_thruster_manager
[1.159s] -- Install configuration: ""
[1.159s] -- Up-to-date: /home/sunny/catkin_ws/install/uuv_thruster_manager/share/ament_index/resource_index/rosidl_interfaces/uuv_thruster_manager
[1.159s] -- Up-to-date: /home/sunny/catkin_ws/install/uuv_thruster_manager/include/uuv_thruster_manager/uuv_thruster_manager
[1.160s] -- Up-to-date: /home/sunny/catkin_ws/install/uuv_thruster_manager/include/uuv_thruster_manager/uuv_thruster_manager/srv
[1.160s] -- Up-to-date: /home/sunny/catkin_ws/install/uuv_thruster_manager/include/uuv_thruster_manager/uuv_thruster_manager/srv/get_thruster_manager_config.h
[1.160s] -- Up-to-date: /home/sunny/catkin_ws/install/uuv_thruster_manager/include/uuv_thruster_manager/uuv_thruster_manager/srv/set_thruster_manager_config.h
[1.160s] -- Up-to-date: /home/sunny/catkin_ws/install/uuv_thruster_manager/include/uuv_thruster_manager/uuv_thruster_manager/srv/detail
[1.160s] -- Up-to-date: /home/sunny/catkin_ws/install/uuv_thruster_manager/include/uuv_thruster_manager/uuv_thruster_manager/srv/detail/thruster_manager_info__functions.c
[1.160s] -- Up-to-date: /home/sunny/catkin_ws/install/uuv_thruster_manager/include/uuv_thruster_manager/uuv_thruster_manager/srv/detail/get_thruster_manager_config__struct.h
[1.160s] -- Up-to-date: /home/sunny/catkin_ws/install/uuv_thruster_manager/include/uuv_thruster_manager/uuv_thruster_manager/srv/detail/set_thruster_manager_config__struct.h
[1.161s] -- Up-to-date: /home/sunny/catkin_ws/install/uuv_thruster_manager/include/uuv_thruster_manager/uuv_thruster_manager/srv/detail/set_thruster_manager_config__type_support.h
[1.161s] -- Up-to-date: /home/sunny/catkin_ws/install/uuv_thruster_manager/include/uuv_thruster_manager/uuv_thruster_manager/srv/detail/set_thruster_manager_config__functions.h
[1.161s] -- Up-to-date: /home/sunny/catkin_ws/install/uuv_thruster_manager/include/uuv_thruster_manager/uuv_thruster_manager/srv/detail/get_thruster_curve__type_support.h
[1.161s] -- Up-to-date: /home/sunny/catkin_ws/install/uuv_thruster_manager/include/uuv_thruster_manager/uuv_thruster_manager/srv/detail/get_thruster_curve__functions.h
[1.161s] -- Up-to-date: /home/sunny/catkin_ws/install/uuv_thruster_manager/include/uuv_thruster_manager/uuv_thruster_manager/srv/detail/get_thruster_manager_config__functions.c
[1.161s] -- Up-to-date: /home/sunny/catkin_ws/install/uuv_thruster_manager/include/uuv_thruster_manager/uuv_thruster_manager/srv/detail/set_thruster_manager_config__functions.c
[1.161s] -- Up-to-date: /home/sunny/catkin_ws/install/uuv_thruster_manager/include/uuv_thruster_manager/uuv_thruster_manager/srv/detail/thruster_manager_info__type_support.h
[1.162s] -- Up-to-date: /home/sunny/catkin_ws/install/uuv_thruster_manager/include/uuv_thruster_manager/uuv_thruster_manager/srv/detail/get_thruster_curve__functions.c
[1.162s] -- Up-to-date: /home/sunny/catkin_ws/install/uuv_thruster_manager/include/uuv_thruster_manager/uuv_thruster_manager/srv/detail/get_thruster_curve__struct.h
[1.162s] -- Up-to-date: /home/sunny/catkin_ws/install/uuv_thruster_manager/include/uuv_thruster_manager/uuv_thruster_manager/srv/detail/thruster_manager_info__functions.h
[1.162s] -- Up-to-date: /home/sunny/catkin_ws/install/uuv_thruster_manager/include/uuv_thruster_manager/uuv_thruster_manager/srv/detail/get_thruster_manager_config__functions.h
[1.162s] -- Up-to-date: /home/sunny/catkin_ws/install/uuv_thruster_manager/include/uuv_thruster_manager/uuv_thruster_manager/srv/detail/thruster_manager_info__struct.h
[1.162s] -- Up-to-date: /home/sunny/catkin_ws/install/uuv_thruster_manager/include/uuv_thruster_manager/uuv_thruster_manager/srv/detail/get_thruster_manager_config__type_support.h
[1.162s] -- Up-to-date: /home/sunny/catkin_ws/install/uuv_thruster_manager/include/uuv_thruster_manager/uuv_thruster_manager/srv/get_thruster_curve.h
[1.163s] -- Up-to-date: /home/sunny/catkin_ws/install/uuv_thruster_manager/include/uuv_thruster_manager/uuv_thruster_manager/srv/thruster_manager_info.h
[1.163s] -- Up-to-date: /home/sunny/catkin_ws/install/uuv_thruster_manager/include/uuv_thruster_manager/uuv_thruster_manager/msg
[1.163s] -- Up-to-date: /home/sunny/catkin_ws/install/uuv_thruster_manager/include/uuv_thruster_manager/uuv_thruster_manager/msg/rosidl_generator_c__visibility_control.h
[1.163s] -- Up-to-date: /home/sunny/catkin_ws/install/uuv_thruster_manager/share/uuv_thruster_manager/environment/library_path.sh
[1.163s] -- Up-to-date: /home/sunny/catkin_ws/install/uuv_thruster_manager/share/uuv_thruster_manager/environment/library_path.dsv
[1.163s] -- Up-to-date: /home/sunny/catkin_ws/install/uuv_thruster_manager/lib/libuuv_thruster_manager__rosidl_generator_c.so
[1.163s] -- Up-to-date: /home/sunny/catkin_ws/install/uuv_thruster_manager/include/uuv_thruster_manager/uuv_thruster_manager
[1.163s] -- Up-to-date: /home/sunny/catkin_ws/install/uuv_thruster_manager/include/uuv_thruster_manager/uuv_thruster_manager/srv
[1.164s] -- Up-to-date: /home/sunny/catkin_ws/install/uuv_thruster_manager/include/uuv_thruster_manager/uuv_thruster_manager/srv/detail
[1.164s] -- Up-to-date: /home/sunny/catkin_ws/install/uuv_thruster_manager/include/uuv_thruster_manager/uuv_thruster_manager/srv/detail/set_thruster_manager_config__rosidl_typesupport_fastrtps_c.h
[1.164s] -- Up-to-date: /home/sunny/catkin_ws/install/uuv_thruster_manager/include/uuv_thruster_manager/uuv_thruster_manager/srv/detail/get_thruster_manager_config__rosidl_typesupport_fastrtps_c.h
[1.164s] -- Up-to-date: /home/sunny/catkin_ws/install/uuv_thruster_manager/include/uuv_thruster_manager/uuv_thruster_manager/srv/detail/thruster_manager_info__rosidl_typesupport_fastrtps_c.h
[1.164s] -- Up-to-date: /home/sunny/catkin_ws/install/uuv_thruster_manager/include/uuv_thruster_manager/uuv_thruster_manager/srv/detail/get_thruster_curve__rosidl_typesupport_fastrtps_c.h
[1.164s] -- Up-to-date: /home/sunny/catkin_ws/install/uuv_thruster_manager/include/uuv_thruster_manager/uuv_thruster_manager/msg
[1.164s] -- Up-to-date: /home/sunny/catkin_ws/install/uuv_thruster_manager/include/uuv_thruster_manager/uuv_thruster_manager/msg/rosidl_typesupport_fastrtps_c__visibility_control.h
[1.165s] -- Up-to-date: /home/sunny/catkin_ws/install/uuv_thruster_manager/lib/libuuv_thruster_manager__rosidl_typesupport_fastrtps_c.so
[1.165s] -- Up-to-date: /home/sunny/catkin_ws/install/uuv_thruster_manager/include/uuv_thruster_manager/uuv_thruster_manager
[1.165s] -- Up-to-date: /home/sunny/catkin_ws/install/uuv_thruster_manager/include/uuv_thruster_manager/uuv_thruster_manager/srv
[1.165s] -- Up-to-date: /home/sunny/catkin_ws/install/uuv_thruster_manager/include/uuv_thruster_manager/uuv_thruster_manager/srv/get_thruster_curve.hpp
[1.165s] -- Up-to-date: /home/sunny/catkin_ws/install/uuv_thruster_manager/include/uuv_thruster_manager/uuv_thruster_manager/srv/get_thruster_manager_config.hpp
[1.165s] -- Up-to-date: /home/sunny/catkin_ws/install/uuv_thruster_manager/include/uuv_thruster_manager/uuv_thruster_manager/srv/detail
[1.165s] -- Up-to-date: /home/sunny/catkin_ws/install/uuv_thruster_manager/include/uuv_thruster_manager/uuv_thruster_manager/srv/detail/thruster_manager_info__struct.hpp
[1.166s] -- Up-to-date: /home/sunny/catkin_ws/install/uuv_thruster_manager/include/uuv_thruster_manager/uuv_thruster_manager/srv/detail/get_thruster_curve__struct.hpp
[1.166s] -- Up-to-date: /home/sunny/catkin_ws/install/uuv_thruster_manager/include/uuv_thruster_manager/uuv_thruster_manager/srv/detail/get_thruster_manager_config__builder.hpp
[1.166s] -- Up-to-date: /home/sunny/catkin_ws/install/uuv_thruster_manager/include/uuv_thruster_manager/uuv_thruster_manager/srv/detail/get_thruster_curve__builder.hpp
[1.166s] -- Up-to-date: /home/sunny/catkin_ws/install/uuv_thruster_manager/include/uuv_thruster_manager/uuv_thruster_manager/srv/detail/get_thruster_manager_config__struct.hpp
[1.166s] -- Up-to-date: /home/sunny/catkin_ws/install/uuv_thruster_manager/include/uuv_thruster_manager/uuv_thruster_manager/srv/detail/thruster_manager_info__builder.hpp
[1.166s] -- Up-to-date: /home/sunny/catkin_ws/install/uuv_thruster_manager/include/uuv_thruster_manager/uuv_thruster_manager/srv/detail/set_thruster_manager_config__builder.hpp
[1.166s] -- Up-to-date: /home/sunny/catkin_ws/install/uuv_thruster_manager/include/uuv_thruster_manager/uuv_thruster_manager/srv/detail/thruster_manager_info__traits.hpp
[1.167s] -- Up-to-date: /home/sunny/catkin_ws/install/uuv_thruster_manager/include/uuv_thruster_manager/uuv_thruster_manager/srv/detail/get_thruster_curve__traits.hpp
[1.167s] -- Up-to-date: /home/sunny/catkin_ws/install/uuv_thruster_manager/include/uuv_thruster_manager/uuv_thruster_manager/srv/detail/get_thruster_manager_config__traits.hpp
[1.167s] -- Up-to-date: /home/sunny/catkin_ws/install/uuv_thruster_manager/include/uuv_thruster_manager/uuv_thruster_manager/srv/detail/set_thruster_manager_config__struct.hpp
[1.167s] -- Up-to-date: /home/sunny/catkin_ws/install/uuv_thruster_manager/include/uuv_thruster_manager/uuv_thruster_manager/srv/detail/set_thruster_manager_config__traits.hpp
[1.167s] -- Up-to-date: /home/sunny/catkin_ws/install/uuv_thruster_manager/include/uuv_thruster_manager/uuv_thruster_manager/srv/thruster_manager_info.hpp
[1.167s] -- Up-to-date: /home/sunny/catkin_ws/install/uuv_thruster_manager/include/uuv_thruster_manager/uuv_thruster_manager/srv/set_thruster_manager_config.hpp
[1.167s] -- Up-to-date: /home/sunny/catkin_ws/install/uuv_thruster_manager/include/uuv_thruster_manager/uuv_thruster_manager
[1.168s] -- Up-to-date: /home/sunny/catkin_ws/install/uuv_thruster_manager/include/uuv_thruster_manager/uuv_thruster_manager/srv
[1.168s] -- Up-to-date: /home/sunny/catkin_ws/install/uuv_thruster_manager/include/uuv_thruster_manager/uuv_thruster_manager/srv/detail
[1.168s] -- Up-to-date: /home/sunny/catkin_ws/install/uuv_thruster_manager/include/uuv_thruster_manager/uuv_thruster_manager/srv/detail/thruster_manager_info__rosidl_typesupport_fastrtps_cpp.hpp
[1.168s] -- Up-to-date: /home/sunny/catkin_ws/install/uuv_thruster_manager/include/uuv_thruster_manager/uuv_thruster_manager/srv/detail/get_thruster_curve__rosidl_typesupport_fastrtps_cpp.hpp
[1.168s] -- Up-to-date: /home/sunny/catkin_ws/install/uuv_thruster_manager/include/uuv_thruster_manager/uuv_thruster_manager/srv/detail/set_thruster_manager_config__rosidl_typesupport_fastrtps_cpp.hpp
[1.169s] -- Up-to-date: /home/sunny/catkin_ws/install/uuv_thruster_manager/include/uuv_thruster_manager/uuv_thruster_manager/srv/detail/get_thruster_manager_config__rosidl_typesupport_fastrtps_cpp.hpp
[1.170s] -- Up-to-date: /home/sunny/catkin_ws/install/uuv_thruster_manager/include/uuv_thruster_manager/uuv_thruster_manager/srv/detail/dds_fastrtps
[1.170s] -- Up-to-date: /home/sunny/catkin_ws/install/uuv_thruster_manager/include/uuv_thruster_manager/uuv_thruster_manager/msg
[1.170s] -- Up-to-date: /home/sunny/catkin_ws/install/uuv_thruster_manager/include/uuv_thruster_manager/uuv_thruster_manager/msg/rosidl_typesupport_fastrtps_cpp__visibility_control.h
[1.170s] -- Up-to-date: /home/sunny/catkin_ws/install/uuv_thruster_manager/lib/libuuv_thruster_manager__rosidl_typesupport_fastrtps_cpp.so
[1.170s] -- Up-to-date: /home/sunny/catkin_ws/install/uuv_thruster_manager/include/uuv_thruster_manager/uuv_thruster_manager
[1.170s] -- Up-to-date: /home/sunny/catkin_ws/install/uuv_thruster_manager/include/uuv_thruster_manager/uuv_thruster_manager/srv
[1.170s] -- Up-to-date: /home/sunny/catkin_ws/install/uuv_thruster_manager/include/uuv_thruster_manager/uuv_thruster_manager/srv/detail
[1.170s] -- Up-to-date: /home/sunny/catkin_ws/install/uuv_thruster_manager/include/uuv_thruster_manager/uuv_thruster_manager/srv/detail/set_thruster_manager_config__rosidl_typesupport_introspection_c.h
[1.171s] -- Up-to-date: /home/sunny/catkin_ws/install/uuv_thruster_manager/include/uuv_thruster_manager/uuv_thruster_manager/srv/detail/get_thruster_curve__type_support.c
[1.171s] -- Up-to-date: /home/sunny/catkin_ws/install/uuv_thruster_manager/include/uuv_thruster_manager/uuv_thruster_manager/srv/detail/get_thruster_manager_config__rosidl_typesupport_introspection_c.h
[1.171s] -- Up-to-date: /home/sunny/catkin_ws/install/uuv_thruster_manager/include/uuv_thruster_manager/uuv_thruster_manager/srv/detail/thruster_manager_info__rosidl_typesupport_introspection_c.h
[1.171s] -- Up-to-date: /home/sunny/catkin_ws/install/uuv_thruster_manager/include/uuv_thruster_manager/uuv_thruster_manager/srv/detail/thruster_manager_info__type_support.c
[1.171s] -- Up-to-date: /home/sunny/catkin_ws/install/uuv_thruster_manager/include/uuv_thruster_manager/uuv_thruster_manager/srv/detail/set_thruster_manager_config__type_support.c
[1.172s] -- Up-to-date: /home/sunny/catkin_ws/install/uuv_thruster_manager/include/uuv_thruster_manager/uuv_thruster_manager/srv/detail/get_thruster_curve__rosidl_typesupport_introspection_c.h
[1.172s] -- Up-to-date: /home/sunny/catkin_ws/install/uuv_thruster_manager/include/uuv_thruster_manager/uuv_thruster_manager/srv/detail/get_thruster_manager_config__type_support.c
[1.172s] -- Up-to-date: /home/sunny/catkin_ws/install/uuv_thruster_manager/include/uuv_thruster_manager/uuv_thruster_manager/msg
[1.172s] -- Up-to-date: /home/sunny/catkin_ws/install/uuv_thruster_manager/include/uuv_thruster_manager/uuv_thruster_manager/msg/rosidl_typesupport_introspection_c__visibility_control.h
[1.172s] -- Up-to-date: /home/sunny/catkin_ws/install/uuv_thruster_manager/lib/libuuv_thruster_manager__rosidl_typesupport_introspection_c.so
[1.172s] -- Up-to-date: /home/sunny/catkin_ws/install/uuv_thruster_manager/lib/libuuv_thruster_manager__rosidl_typesupport_c.so
[1.172s] -- Up-to-date: /home/sunny/catkin_ws/install/uuv_thruster_manager/include/uuv_thruster_manager/uuv_thruster_manager
[1.172s] -- Up-to-date: /home/sunny/catkin_ws/install/uuv_thruster_manager/include/uuv_thruster_manager/uuv_thruster_manager/srv
[1.172s] -- Up-to-date: /home/sunny/catkin_ws/install/uuv_thruster_manager/include/uuv_thruster_manager/uuv_thruster_manager/srv/detail
[1.173s] -- Up-to-date: /home/sunny/catkin_ws/install/uuv_thruster_manager/include/uuv_thruster_manager/uuv_thruster_manager/srv/detail/get_thruster_manager_config__type_support.cpp
[1.173s] -- Up-to-date: /home/sunny/catkin_ws/install/uuv_thruster_manager/include/uuv_thruster_manager/uuv_thruster_manager/srv/detail/get_thruster_curve__rosidl_typesupport_introspection_cpp.hpp
[1.173s] -- Up-to-date: /home/sunny/catkin_ws/install/uuv_thruster_manager/include/uuv_thruster_manager/uuv_thruster_manager/srv/detail/thruster_manager_info__rosidl_typesupport_introspection_cpp.hpp
[1.173s] -- Up-to-date: /home/sunny/catkin_ws/install/uuv_thruster_manager/include/uuv_thruster_manager/uuv_thruster_manager/srv/detail/set_thruster_manager_config__rosidl_typesupport_introspection_cpp.hpp
[1.173s] -- Up-to-date: /home/sunny/catkin_ws/install/uuv_thruster_manager/include/uuv_thruster_manager/uuv_thruster_manager/srv/detail/set_thruster_manager_config__type_support.cpp
[1.173s] -- Up-to-date: /home/sunny/catkin_ws/install/uuv_thruster_manager/include/uuv_thruster_manager/uuv_thruster_manager/srv/detail/get_thruster_manager_config__rosidl_typesupport_introspection_cpp.hpp
[1.173s] -- Up-to-date: /home/sunny/catkin_ws/install/uuv_thruster_manager/include/uuv_thruster_manager/uuv_thruster_manager/srv/detail/get_thruster_curve__type_support.cpp
[1.174s] -- Up-to-date: /home/sunny/catkin_ws/install/uuv_thruster_manager/include/uuv_thruster_manager/uuv_thruster_manager/srv/detail/thruster_manager_info__type_support.cpp
[1.174s] -- Up-to-date: /home/sunny/catkin_ws/install/uuv_thruster_manager/lib/libuuv_thruster_manager__rosidl_typesupport_introspection_cpp.so
[1.174s] -- Up-to-date: /home/sunny/catkin_ws/install/uuv_thruster_manager/lib/libuuv_thruster_manager__rosidl_typesupport_cpp.so
[1.174s] -- Up-to-date: /home/sunny/catkin_ws/install/uuv_thruster_manager/share/uuv_thruster_manager/environment/pythonpath.sh
[1.174s] -- Up-to-date: /home/sunny/catkin_ws/install/uuv_thruster_manager/share/uuv_thruster_manager/environment/pythonpath.dsv
[1.174s] -- Up-to-date: /home/sunny/catkin_ws/install/uuv_thruster_manager/local/lib/python3.10/dist-packages/uuv_thruster_manager-0.6.1-py3.10.egg-info
[1.174s] -- Installing: /home/sunny/catkin_ws/install/uuv_thruster_manager/local/lib/python3.10/dist-packages/uuv_thruster_manager-0.6.1-py3.10.egg-info/PKG-INFO
[1.174s] -- Installing: /home/sunny/catkin_ws/install/uuv_thruster_manager/local/lib/python3.10/dist-packages/uuv_thruster_manager-0.6.1-py3.10.egg-info/SOURCES.txt
[1.174s] -- Installing: /home/sunny/catkin_ws/install/uuv_thruster_manager/local/lib/python3.10/dist-packages/uuv_thruster_manager-0.6.1-py3.10.egg-info/top_level.txt
[1.174s] -- Installing: /home/sunny/catkin_ws/install/uuv_thruster_manager/local/lib/python3.10/dist-packages/uuv_thruster_manager-0.6.1-py3.10.egg-info/dependency_links.txt
[1.174s] -- Up-to-date: /home/sunny/catkin_ws/install/uuv_thruster_manager/local/lib/python3.10/dist-packages/uuv_thruster_manager
[1.175s] -- Up-to-date: /home/sunny/catkin_ws/install/uuv_thruster_manager/local/lib/python3.10/dist-packages/uuv_thruster_manager/__init__.py
[1.175s] -- Up-to-date: /home/sunny/catkin_ws/install/uuv_thruster_manager/local/lib/python3.10/dist-packages/uuv_thruster_manager/_uuv_thruster_manager_s.ep.rosidl_typesupport_introspection_c.c
[1.175s] -- Up-to-date: /home/sunny/catkin_ws/install/uuv_thruster_manager/local/lib/python3.10/dist-packages/uuv_thruster_manager/uuv_thruster_manager_s__rosidl_typesupport_introspection_c.cpython-310-x86_64-linux-gnu.so
[1.175s] -- Up-to-date: /home/sunny/catkin_ws/install/uuv_thruster_manager/local/lib/python3.10/dist-packages/uuv_thruster_manager/srv
[1.175s] -- Up-to-date: /home/sunny/catkin_ws/install/uuv_thruster_manager/local/lib/python3.10/dist-packages/uuv_thruster_manager/srv/__init__.py
[1.175s] -- Up-to-date: /home/sunny/catkin_ws/install/uuv_thruster_manager/local/lib/python3.10/dist-packages/uuv_thruster_manager/srv/_get_thruster_manager_config_s.c
[1.175s] -- Up-to-date: /home/sunny/catkin_ws/install/uuv_thruster_manager/local/lib/python3.10/dist-packages/uuv_thruster_manager/srv/_get_thruster_curve.py
[1.175s] -- Up-to-date: /home/sunny/catkin_ws/install/uuv_thruster_manager/local/lib/python3.10/dist-packages/uuv_thruster_manager/srv/_set_thruster_manager_config_s.c
[1.175s] -- Up-to-date: /home/sunny/catkin_ws/install/uuv_thruster_manager/local/lib/python3.10/dist-packages/uuv_thruster_manager/srv/_thruster_manager_info_s.c
[1.175s] -- Up-to-date: /home/sunny/catkin_ws/install/uuv_thruster_manager/local/lib/python3.10/dist-packages/uuv_thruster_manager/srv/_thruster_manager_info.py
[1.176s] -- Up-to-date: /home/sunny/catkin_ws/install/uuv_thruster_manager/local/lib/python3.10/dist-packages/uuv_thruster_manager/srv/_get_thruster_manager_config.py
[1.176s] -- Up-to-date: /home/sunny/catkin_ws/install/uuv_thruster_manager/local/lib/python3.10/dist-packages/uuv_thruster_manager/srv/_set_thruster_manager_config.py
[1.176s] -- Up-to-date: /home/sunny/catkin_ws/install/uuv_thruster_manager/local/lib/python3.10/dist-packages/uuv_thruster_manager/srv/_get_thruster_curve_s.c
[1.176s] -- Up-to-date: /home/sunny/catkin_ws/install/uuv_thruster_manager/local/lib/python3.10/dist-packages/uuv_thruster_manager/_uuv_thruster_manager_s.ep.rosidl_typesupport_fastrtps_c.c
[1.177s] -- Up-to-date: /home/sunny/catkin_ws/install/uuv_thruster_manager/local/lib/python3.10/dist-packages/uuv_thruster_manager/uuv_thruster_manager_s__rosidl_typesupport_fastrtps_c.cpython-310-x86_64-linux-gnu.so
[1.177s] -- Up-to-date: /home/sunny/catkin_ws/install/uuv_thruster_manager/local/lib/python3.10/dist-packages/uuv_thruster_manager/libuuv_thruster_manager__rosidl_generator_py.so
[1.177s] -- Up-to-date: /home/sunny/catkin_ws/install/uuv_thruster_manager/local/lib/python3.10/dist-packages/uuv_thruster_manager/uuv_thruster_manager_s__rosidl_typesupport_c.cpython-310-x86_64-linux-gnu.so
[1.177s] -- Up-to-date: /home/sunny/catkin_ws/install/uuv_thruster_manager/local/lib/python3.10/dist-packages/uuv_thruster_manager/_uuv_thruster_manager_s.ep.rosidl_typesupport_c.c
[1.205s] Listing '/home/sunny/catkin_ws/install/uuv_thruster_manager/local/lib/python3.10/dist-packages/uuv_thruster_manager'...
[1.205s] Listing '/home/sunny/catkin_ws/install/uuv_thruster_manager/local/lib/python3.10/dist-packages/uuv_thruster_manager/srv'...
[1.212s] -- Up-to-date: /home/sunny/catkin_ws/install/uuv_thruster_manager/local/lib/python3.10/dist-packages/uuv_thruster_manager/uuv_thruster_manager_s__rosidl_typesupport_fastrtps_c.cpython-310-x86_64-linux-gnu.so
[1.214s] -- Up-to-date: /home/sunny/catkin_ws/install/uuv_thruster_manager/local/lib/python3.10/dist-packages/uuv_thruster_manager/uuv_thruster_manager_s__rosidl_typesupport_introspection_c.cpython-310-x86_64-linux-gnu.so
[1.215s] -- Up-to-date: /home/sunny/catkin_ws/install/uuv_thruster_manager/local/lib/python3.10/dist-packages/uuv_thruster_manager/uuv_thruster_manager_s__rosidl_typesupport_c.cpython-310-x86_64-linux-gnu.so
[1.215s] -- Up-to-date: /home/sunny/catkin_ws/install/uuv_thruster_manager/lib/libuuv_thruster_manager__rosidl_generator_py.so
[1.216s] -- Up-to-date: /home/sunny/catkin_ws/install/uuv_thruster_manager/share/uuv_thruster_manager/srv/GetThrusterCurve.idl
[1.216s] -- Up-to-date: /home/sunny/catkin_ws/install/uuv_thruster_manager/share/uuv_thruster_manager/srv/ThrusterManagerInfo.idl
[1.216s] -- Up-to-date: /home/sunny/catkin_ws/install/uuv_thruster_manager/share/uuv_thruster_manager/srv/SetThrusterManagerConfig.idl
[1.216s] -- Up-to-date: /home/sunny/catkin_ws/install/uuv_thruster_manager/share/uuv_thruster_manager/srv/GetThrusterManagerConfig.idl
[1.216s] -- Up-to-date: /home/sunny/catkin_ws/install/uuv_thruster_manager/share/uuv_thruster_manager/srv/GetThrusterCurve.srv
[1.216s] -- Up-to-date: /home/sunny/catkin_ws/install/uuv_thruster_manager/share/uuv_thruster_manager/srv/GetThrusterCurve_Request.msg
[1.217s] -- Up-to-date: /home/sunny/catkin_ws/install/uuv_thruster_manager/share/uuv_thruster_manager/srv/GetThrusterCurve_Response.msg
[1.217s] -- Up-to-date: /home/sunny/catkin_ws/install/uuv_thruster_manager/share/uuv_thruster_manager/srv/ThrusterManagerInfo.srv
[1.217s] -- Up-to-date: /home/sunny/catkin_ws/install/uuv_thruster_manager/share/uuv_thruster_manager/srv/ThrusterManagerInfo_Request.msg
[1.217s] -- Up-to-date: /home/sunny/catkin_ws/install/uuv_thruster_manager/share/uuv_thruster_manager/srv/ThrusterManagerInfo_Response.msg
[1.217s] -- Up-to-date: /home/sunny/catkin_ws/install/uuv_thruster_manager/share/uuv_thruster_manager/srv/SetThrusterManagerConfig.srv
[1.217s] -- Up-to-date: /home/sunny/catkin_ws/install/uuv_thruster_manager/share/uuv_thruster_manager/srv/SetThrusterManagerConfig_Request.msg
[1.217s] -- Up-to-date: /home/sunny/catkin_ws/install/uuv_thruster_manager/share/uuv_thruster_manager/srv/SetThrusterManagerConfig_Response.msg
[1.217s] -- Up-to-date: /home/sunny/catkin_ws/install/uuv_thruster_manager/share/uuv_thruster_manager/srv/GetThrusterManagerConfig.srv
[1.217s] -- Up-to-date: /home/sunny/catkin_ws/install/uuv_thruster_manager/share/uuv_thruster_manager/srv/GetThrusterManagerConfig_Request.msg
[1.217s] -- Up-to-date: /home/sunny/catkin_ws/install/uuv_thruster_manager/share/uuv_thruster_manager/srv/GetThrusterManagerConfig_Response.msg
[1.218s] -- Up-to-date: /home/sunny/catkin_ws/install/uuv_thruster_manager/local/lib/python3.10/dist-packages/uuv_thrusters-0.6.1-py3.10.egg-info
[1.219s] -- Installing: /home/sunny/catkin_ws/install/uuv_thruster_manager/local/lib/python3.10/dist-packages/uuv_thrusters-0.6.1-py3.10.egg-info/PKG-INFO
[1.219s] -- Installing: /home/sunny/catkin_ws/install/uuv_thruster_manager/local/lib/python3.10/dist-packages/uuv_thrusters-0.6.1-py3.10.egg-info/SOURCES.txt
[1.219s] -- Installing: /home/sunny/catkin_ws/install/uuv_thruster_manager/local/lib/python3.10/dist-packages/uuv_thrusters-0.6.1-py3.10.egg-info/top_level.txt
[1.219s] -- Installing: /home/sunny/catkin_ws/install/uuv_thruster_manager/local/lib/python3.10/dist-packages/uuv_thrusters-0.6.1-py3.10.egg-info/dependency_links.txt
[1.219s] -- Up-to-date: /home/sunny/catkin_ws/install/uuv_thruster_manager/local/lib/python3.10/dist-packages/uuv_thrusters
[1.220s] -- Up-to-date: /home/sunny/catkin_ws/install/uuv_thruster_manager/local/lib/python3.10/dist-packages/uuv_thrusters/__init__.py
[1.220s] -- Up-to-date: /home/sunny/catkin_ws/install/uuv_thruster_manager/local/lib/python3.10/dist-packages/uuv_thrusters/models
[1.220s] -- Up-to-date: /home/sunny/catkin_ws/install/uuv_thruster_manager/local/lib/python3.10/dist-packages/uuv_thrusters/models/__init__.py
[1.220s] -- Up-to-date: /home/sunny/catkin_ws/install/uuv_thruster_manager/local/lib/python3.10/dist-packages/uuv_thrusters/models/thruster.py
[1.220s] -- Up-to-date: /home/sunny/catkin_ws/install/uuv_thruster_manager/local/lib/python3.10/dist-packages/uuv_thrusters/models/thruster_proportional.py
[1.220s] -- Up-to-date: /home/sunny/catkin_ws/install/uuv_thruster_manager/local/lib/python3.10/dist-packages/uuv_thrusters/models/thruster_custom.py
[1.221s] -- Up-to-date: /home/sunny/catkin_ws/install/uuv_thruster_manager/local/lib/python3.10/dist-packages/uuv_thrusters/thruster_manager.py
[1.256s] Listing '/home/sunny/catkin_ws/install/uuv_thruster_manager/local/lib/python3.10/dist-packages/uuv_thrusters'...
[1.256s] Listing '/home/sunny/catkin_ws/install/uuv_thruster_manager/local/lib/python3.10/dist-packages/uuv_thrusters/models'...
[1.260s] -- Up-to-date: /home/sunny/catkin_ws/install/uuv_thruster_manager/local/lib/python3.10/dist-packages/uuv_thrusters.models-0.6.1-py3.10.egg-info
[1.260s] -- Installing: /home/sunny/catkin_ws/install/uuv_thruster_manager/local/lib/python3.10/dist-packages/uuv_thrusters.models-0.6.1-py3.10.egg-info/PKG-INFO
[1.260s] -- Installing: /home/sunny/catkin_ws/install/uuv_thruster_manager/local/lib/python3.10/dist-packages/uuv_thrusters.models-0.6.1-py3.10.egg-info/SOURCES.txt
[1.260s] -- Installing: /home/sunny/catkin_ws/install/uuv_thruster_manager/local/lib/python3.10/dist-packages/uuv_thrusters.models-0.6.1-py3.10.egg-info/top_level.txt
[1.261s] -- Installing: /home/sunny/catkin_ws/install/uuv_thruster_manager/local/lib/python3.10/dist-packages/uuv_thrusters.models-0.6.1-py3.10.egg-info/dependency_links.txt
[1.261s] -- Up-to-date: /home/sunny/catkin_ws/install/uuv_thruster_manager/local/lib/python3.10/dist-packages/uuv_thrusters.models
[1.261s] -- Up-to-date: /home/sunny/catkin_ws/install/uuv_thruster_manager/local/lib/python3.10/dist-packages/uuv_thrusters.models/__init__.py
[1.262s] -- Up-to-date: /home/sunny/catkin_ws/install/uuv_thruster_manager/local/lib/python3.10/dist-packages/uuv_thrusters.models/thruster.py
[1.262s] -- Up-to-date: /home/sunny/catkin_ws/install/uuv_thruster_manager/local/lib/python3.10/dist-packages/uuv_thrusters.models/thruster_proportional.py
[1.262s] -- Up-to-date: /home/sunny/catkin_ws/install/uuv_thruster_manager/local/lib/python3.10/dist-packages/uuv_thrusters.models/thruster_custom.py
[1.293s] Listing '/home/sunny/catkin_ws/install/uuv_thruster_manager/local/lib/python3.10/dist-packages/uuv_thrusters.models'...
[1.298s] -- Up-to-date: /home/sunny/catkin_ws/install/uuv_thruster_manager/lib/uuv_thruster_manager/thruster_allocator.py
[1.298s] -- Up-to-date: /home/sunny/catkin_ws/install/uuv_thruster_manager/share/uuv_thruster_manager/launch
[1.298s] -- Up-to-date: /home/sunny/catkin_ws/install/uuv_thruster_manager/share/uuv_thruster_manager/launch/thruster_manager.launch
[1.298s] -- Up-to-date: /home/sunny/catkin_ws/install/uuv_thruster_manager/share/uuv_thruster_manager/config
[1.299s] -- Up-to-date: /home/sunny/catkin_ws/install/uuv_thruster_manager/share/uuv_thruster_manager/config/rexrov
[1.299s] -- Up-to-date: /home/sunny/catkin_ws/install/uuv_thruster_manager/share/uuv_thruster_manager/config/rexrov/TAM.yaml
[1.299s] -- Up-to-date: /home/sunny/catkin_ws/install/uuv_thruster_manager/share/uuv_thruster_manager/config/rexrov/thruster_manager.yaml
[1.300s] -- Up-to-date: /home/sunny/catkin_ws/install/uuv_thruster_manager/share/uuv_thruster_manager/config/beluga
[1.300s] -- Up-to-date: /home/sunny/catkin_ws/install/uuv_thruster_manager/share/uuv_thruster_manager/config/beluga/TAM.yaml
[1.301s] -- Up-to-date: /home/sunny/catkin_ws/install/uuv_thruster_manager/share/uuv_thruster_manager/config/beluga/thruster_manager.yaml
[1.301s] -- Up-to-date: /home/sunny/catkin_ws/install/uuv_thruster_manager/share/ament_index/resource_index/package_run_dependencies/uuv_thruster_manager
[1.301s] -- Up-to-date: /home/sunny/catkin_ws/install/uuv_thruster_manager/share/ament_index/resource_index/parent_prefix_path/uuv_thruster_manager
[1.301s] -- Up-to-date: /home/sunny/catkin_ws/install/uuv_thruster_manager/share/uuv_thruster_manager/environment/ament_prefix_path.sh
[1.301s] -- Up-to-date: /home/sunny/catkin_ws/install/uuv_thruster_manager/share/uuv_thruster_manager/environment/ament_prefix_path.dsv
[1.301s] -- Up-to-date: /home/sunny/catkin_ws/install/uuv_thruster_manager/share/uuv_thruster_manager/environment/path.sh
[1.302s] -- Up-to-date: /home/sunny/catkin_ws/install/uuv_thruster_manager/share/uuv_thruster_manager/environment/path.dsv
[1.302s] -- Up-to-date: /home/sunny/catkin_ws/install/uuv_thruster_manager/share/uuv_thruster_manager/local_setup.bash
[1.302s] -- Up-to-date: /home/sunny/catkin_ws/install/uuv_thruster_manager/share/uuv_thruster_manager/local_setup.sh
[1.302s] -- Up-to-date: /home/sunny/catkin_ws/install/uuv_thruster_manager/share/uuv_thruster_manager/local_setup.zsh
[1.302s] -- Up-to-date: /home/sunny/catkin_ws/install/uuv_thruster_manager/share/uuv_thruster_manager/local_setup.dsv
[1.303s] -- Installing: /home/sunny/catkin_ws/install/uuv_thruster_manager/share/uuv_thruster_manager/package.dsv
[1.303s] -- Up-to-date: /home/sunny/catkin_ws/install/uuv_thruster_manager/share/ament_index/resource_index/packages/uuv_thruster_manager
[1.303s] -- Up-to-date: /home/sunny/catkin_ws/install/uuv_thruster_manager/share/uuv_thruster_manager/cmake/export_uuv_thruster_manager__rosidl_generator_cExport.cmake
[1.303s] -- Up-to-date: /home/sunny/catkin_ws/install/uuv_thruster_manager/share/uuv_thruster_manager/cmake/export_uuv_thruster_manager__rosidl_generator_cExport-noconfig.cmake
[1.304s] -- Up-to-date: /home/sunny/catkin_ws/install/uuv_thruster_manager/share/uuv_thruster_manager/cmake/export_uuv_thruster_manager__rosidl_typesupport_fastrtps_cExport.cmake
[1.304s] -- Up-to-date: /home/sunny/catkin_ws/install/uuv_thruster_manager/share/uuv_thruster_manager/cmake/export_uuv_thruster_manager__rosidl_typesupport_fastrtps_cExport-noconfig.cmake
[1.304s] -- Up-to-date: /home/sunny/catkin_ws/install/uuv_thruster_manager/share/uuv_thruster_manager/cmake/export_uuv_thruster_manager__rosidl_generator_cppExport.cmake
[1.305s] -- Up-to-date: /home/sunny/catkin_ws/install/uuv_thruster_manager/share/uuv_thruster_manager/cmake/export_uuv_thruster_manager__rosidl_typesupport_fastrtps_cppExport.cmake
[1.305s] -- Up-to-date: /home/sunny/catkin_ws/install/uuv_thruster_manager/share/uuv_thruster_manager/cmake/export_uuv_thruster_manager__rosidl_typesupport_fastrtps_cppExport-noconfig.cmake
[1.305s] -- Up-to-date: /home/sunny/catkin_ws/install/uuv_thruster_manager/share/uuv_thruster_manager/cmake/uuv_thruster_manager__rosidl_typesupport_introspection_cExport.cmake
[1.305s] -- Up-to-date: /home/sunny/catkin_ws/install/uuv_thruster_manager/share/uuv_thruster_manager/cmake/uuv_thruster_manager__rosidl_typesupport_introspection_cExport-noconfig.cmake
[1.306s] -- Up-to-date: /home/sunny/catkin_ws/install/uuv_thruster_manager/share/uuv_thruster_manager/cmake/uuv_thruster_manager__rosidl_typesupport_cExport.cmake
[1.306s] -- Up-to-date: /home/sunny/catkin_ws/install/uuv_thruster_manager/share/uuv_thruster_manager/cmake/uuv_thruster_manager__rosidl_typesupport_cExport-noconfig.cmake
[1.306s] -- Up-to-date: /home/sunny/catkin_ws/install/uuv_thruster_manager/share/uuv_thruster_manager/cmake/uuv_thruster_manager__rosidl_typesupport_introspection_cppExport.cmake
[1.306s] -- Up-to-date: /home/sunny/catkin_ws/install/uuv_thruster_manager/share/uuv_thruster_manager/cmake/uuv_thruster_manager__rosidl_typesupport_introspection_cppExport-noconfig.cmake
[1.306s] -- Up-to-date: /home/sunny/catkin_ws/install/uuv_thruster_manager/share/uuv_thruster_manager/cmake/uuv_thruster_manager__rosidl_typesupport_cppExport.cmake
[1.307s] -- Up-to-date: /home/sunny/catkin_ws/install/uuv_thruster_manager/share/uuv_thruster_manager/cmake/uuv_thruster_manager__rosidl_typesupport_cppExport-noconfig.cmake
[1.307s] -- Up-to-date: /home/sunny/catkin_ws/install/uuv_thruster_manager/share/uuv_thruster_manager/cmake/export_uuv_thruster_manager__rosidl_generator_pyExport.cmake
[1.307s] -- Up-to-date: /home/sunny/catkin_ws/install/uuv_thruster_manager/share/uuv_thruster_manager/cmake/export_uuv_thruster_manager__rosidl_generator_pyExport-noconfig.cmake
[1.308s] -- Up-to-date: /home/sunny/catkin_ws/install/uuv_thruster_manager/share/uuv_thruster_manager/cmake/rosidl_cmake-extras.cmake
[1.308s] -- Up-to-date: /home/sunny/catkin_ws/install/uuv_thruster_manager/share/uuv_thruster_manager/cmake/ament_cmake_export_dependencies-extras.cmake
[1.308s] -- Up-to-date: /home/sunny/catkin_ws/install/uuv_thruster_manager/share/uuv_thruster_manager/cmake/ament_cmake_export_include_directories-extras.cmake
[1.308s] -- Up-to-date: /home/sunny/catkin_ws/install/uuv_thruster_manager/share/uuv_thruster_manager/cmake/ament_cmake_export_libraries-extras.cmake
[1.309s] -- Up-to-date: /home/sunny/catkin_ws/install/uuv_thruster_manager/share/uuv_thruster_manager/cmake/ament_cmake_export_targets-extras.cmake
[1.309s] -- Up-to-date: /home/sunny/catkin_ws/install/uuv_thruster_manager/share/uuv_thruster_manager/cmake/rosidl_cmake_export_typesupport_targets-extras.cmake
[1.309s] -- Up-to-date: /home/sunny/catkin_ws/install/uuv_thruster_manager/share/uuv_thruster_manager/cmake/rosidl_cmake_export_typesupport_libraries-extras.cmake
[1.309s] -- Up-to-date: /home/sunny/catkin_ws/install/uuv_thruster_manager/share/uuv_thruster_manager/cmake/uuv_thruster_managerConfig.cmake
[1.309s] -- Up-to-date: /home/sunny/catkin_ws/install/uuv_thruster_manager/share/uuv_thruster_manager/cmake/uuv_thruster_managerConfig-version.cmake
[1.309s] -- Up-to-date: /home/sunny/catkin_ws/install/uuv_thruster_manager/share/uuv_thruster_manager/package.xml
[1.362s] Invoked command in '/home/sunny/catkin_ws/build/uuv_thruster_manager' returned '0': CMAKE_PREFIX_PATH=/home/sunny/catkin_ws/install/uuv_assistants:/home/sunny/catkin_ws/install/uuv_gazebo_ros_plugins_msgs:/home/sunny/catkin_ws/install/plankton_utils:/home/sunny/catkin_ws/install/plankton:/home/sunny/catkin_ws/install/uuv_simulator:/home/sunny/catkin_ws/install/uuv_world_ros_plugins:/home/sunny/catkin_ws/install/uuv_tutorials:/home/sunny/catkin_ws/install/uuv_tutorial_dp_controller:/home/sunny/catkin_ws/install/uuv_tutorial_disturbances:/home/sunny/catkin_ws/install/uuv_control_utils:/home/sunny/catkin_ws/install/uuv_world_ros_plugins_msgs:/home/sunny/catkin_ws/install/uuv_world_plugins:/home/sunny/catkin_ws/install/uuv_tutorial_seabed_world:/home/sunny/catkin_ws/install/uuv_trajectory_control:/home/sunny/catkin_ws/install/uuv_teleop:/home/sunny/catkin_ws/install/uuv_thruster_manager:/home/sunny/catkin_ws/install/uuv_descriptions:/home/sunny/catkin_ws/install/uuv_sensor_ros_plugins:/home/sunny/catkin_ws/install/uuv_sensor_ros_plugins_msgs:/home/sunny/catkin_ws/install/uuv_gazebo_worlds:/home/sunny/catkin_ws/install/uuv_gazebo_ros_plugins:/home/sunny/catkin_ws/install/uuv_gazebo_plugins:/home/sunny/catkin_ws/install/uuv_gazebo:/home/sunny/catkin_ws/install/uuv_control_msgs:/home/sunny/catkin_ws/install/uuv_control_cascaded_pid:/home/sunny/catkin_ws/install/uuv_auv_control_allocator:/home/sunny/catkin_ws/install/turtlesim:/home/sunny/catkin_ws/install/common_msgs:/home/sunny/catkin_ws/install/beluga_simulator:/home/sunny/catkin_ws/install/beluga_adapter:/opt/ros/humble LD_LIBRARY_PATH=/home/sunny/catkin_ws/install/uuv_gazebo_ros_plugins_msgs/lib:/home/sunny/catkin_ws/install/uuv_world_ros_plugins/lib:/home/sunny/catkin_ws/install/uuv_world_ros_plugins_msgs/lib:/home/sunny/catkin_ws/install/uuv_world_plugins/lib:/home/sunny/catkin_ws/install/uuv_thruster_manager/lib:/home/sunny/catkin_ws/install/uuv_sensor_ros_plugins/lib:/home/sunny/catkin_ws/install/uuv_sensor_ros_plugins_msgs/lib:/home/sunny/catkin_ws/install/uuv_gazebo_ros_plugins/lib:/home/sunny/catkin_ws/install/uuv_gazebo_plugins/lib:/home/sunny/catkin_ws/install/uuv_control_msgs/lib:/home/sunny/catkin_ws/install/uuv_auv_control_allocator/lib:/home/sunny/catkin_ws/install/turtlesim/lib:/home/sunny/catkin_ws/install/common_msgs/lib:/usr/lib/x86_64-linux-gnu/gazebo-11/plugins:/opt/ros/humble/opt/rviz_ogre_vendor/lib:/opt/ros/humble/lib/x86_64-linux-gnu:/opt/ros/humble/lib:/usr/lib/x86_64-linux-gnu/gazebo-11/plugins /usr/bin/cmake --install /home/sunny/catkin_ws/build/uuv_thruster_manager
