[0.281s] Invoking command in '/home/sunny/catkin_ws/build/common_msgs': CMAKE_PREFIX_PATH=${CMAKE_PREFIX_PATH}:/home/sunny/catkin_ws/install/beluga_adapter:/opt/ros/humble /usr/bin/cmake --build /home/sunny/catkin_ws/build/common_msgs -- -j16 -l16
[0.431s] [  9%] Built target common_msgs__rosidl_generator_c
[0.441s] [  9%] Built target ament_cmake_python_copy_common_msgs
[0.458s] [ 12%] Built target common_msgs__cpp
[0.565s] [ 22%] Built target common_msgs__rosidl_typesupport_fastrtps_c
[0.565s] [ 32%] Built target common_msgs__rosidl_typesupport_introspection_c
[0.584s] [ 41%] Built target common_msgs__rosidl_typesupport_c
[0.652s] [ 51%] Built target common_msgs__rosidl_typesupport_cpp
[0.666s] [ 61%] Built target common_msgs__rosidl_typesupport_introspection_cpp
[0.680s] [ 70%] Built target common_msgs__rosidl_typesupport_fastrtps_cpp
[0.758s] [ 70%] Built target common_msgs
[0.826s] [ 74%] Built target common_msgs__py
[0.901s] [ 80%] Built target common_msgs__rosidl_generator_py
[0.915s] running egg_info
[0.916s] writing common_msgs.egg-info/PKG-INFO
[0.916s] writing dependency_links to common_msgs.egg-info/dependency_links.txt
[0.916s] writing top-level names to common_msgs.egg-info/top_level.txt
[0.920s] reading manifest file 'common_msgs.egg-info/SOURCES.txt'
[0.920s] writing manifest file 'common_msgs.egg-info/SOURCES.txt'
[1.007s] [ 87%] Built target common_msgs__rosidl_typesupport_introspection_c__pyext
[1.019s] [ 87%] Built target ament_cmake_python_build_common_msgs_egg
[1.025s] [ 93%] Built target common_msgs__rosidl_typesupport_fastrtps_c__pyext
[1.028s] [100%] Built target common_msgs__rosidl_typesupport_c__pyext
[1.339s] Invoked command in '/home/sunny/catkin_ws/build/common_msgs' returned '0': CMAKE_PREFIX_PATH=${CMAKE_PREFIX_PATH}:/home/sunny/catkin_ws/install/beluga_adapter:/opt/ros/humble /usr/bin/cmake --build /home/sunny/catkin_ws/build/common_msgs -- -j16 -l16
