[0.503s] Invoking command in '/home/sunny/catkin_ws/build/uuv_sensor_ros_plugins_msgs': CMAKE_PREFIX_PATH=${CMAKE_PREFIX_PATH}:/home/sunny/catkin_ws/install/beluga_adapter:/opt/ros/humble /usr/bin/cmake --build /home/sunny/catkin_ws/build/uuv_sensor_ros_plugins_msgs -- -j16 -l16
[0.599s] [ 11%] Built target uuv_sensor_ros_plugins_msgs__rosidl_generator_c
[0.599s] [ 12%] Built target uuv_sensor_ros_plugins_msgs__cpp
[0.663s] [ 24%] Built target uuv_sensor_ros_plugins_msgs__rosidl_typesupport_fastrtps_c
[0.669s] [ 24%] Built target ament_cmake_python_copy_uuv_sensor_ros_plugins_msgs
[0.697s] [ 35%] Built target uuv_sensor_ros_plugins_msgs__rosidl_typesupport_c
[0.699s] [ 46%] Built target uuv_sensor_ros_plugins_msgs__rosidl_typesupport_introspection_c
[0.723s] [ 58%] Built target uuv_sensor_ros_plugins_msgs__rosidl_typesupport_introspection_cpp
[0.780s] [ 69%] Built target uuv_sensor_ros_plugins_msgs__rosidl_typesupport_fastrtps_cpp
[0.808s] [ 81%] Built target uuv_sensor_ros_plugins_msgs__rosidl_typesupport_cpp
[0.852s] [ 81%] Built target uuv_sensor_ros_plugins_msgs
[0.916s] [ 82%] Built target uuv_sensor_ros_plugins_msgs__py
[0.962s] [ 92%] Built target uuv_sensor_ros_plugins_msgs__rosidl_generator_py
[1.016s] [ 94%] Built target uuv_sensor_ros_plugins_msgs__rosidl_typesupport_introspection_c__pyext
[1.030s] [ 97%] Built target uuv_sensor_ros_plugins_msgs__rosidl_typesupport_fastrtps_c__pyext
[1.032s] [100%] Built target uuv_sensor_ros_plugins_msgs__rosidl_typesupport_c__pyext
[1.165s] running egg_info
[1.167s] writing uuv_sensor_ros_plugins_msgs.egg-info/PKG-INFO
[1.167s] writing dependency_links to uuv_sensor_ros_plugins_msgs.egg-info/dependency_links.txt
[1.168s] writing top-level names to uuv_sensor_ros_plugins_msgs.egg-info/top_level.txt
[1.172s] reading manifest file 'uuv_sensor_ros_plugins_msgs.egg-info/SOURCES.txt'
[1.172s] writing manifest file 'uuv_sensor_ros_plugins_msgs.egg-info/SOURCES.txt'
[1.229s] [100%] Built target ament_cmake_python_build_uuv_sensor_ros_plugins_msgs_egg
[1.494s] Invoked command in '/home/sunny/catkin_ws/build/uuv_sensor_ros_plugins_msgs' returned '0': CMAKE_PREFIX_PATH=${CMAKE_PREFIX_PATH}:/home/sunny/catkin_ws/install/beluga_adapter:/opt/ros/humble /usr/bin/cmake --build /home/sunny/catkin_ws/build/uuv_sensor_ros_plugins_msgs -- -j16 -l16
[1.819s] Invoking command in '/home/sunny/catkin_ws/build/uuv_sensor_ros_plugins_msgs': CMAKE_PREFIX_PATH=${CMAKE_PREFIX_PATH}:/home/sunny/catkin_ws/install/beluga_adapter:/opt/ros/humble /usr/bin/cmake --install /home/sunny/catkin_ws/build/uuv_sensor_ros_plugins_msgs
[1.941s] -- Install configuration: ""
[1.941s] -- Up-to-date: /home/sunny/catkin_ws/install/uuv_sensor_ros_plugins_msgs/share/ament_index/resource_index/rosidl_interfaces/uuv_sensor_ros_plugins_msgs
[1.941s] -- Up-to-date: /home/sunny/catkin_ws/install/uuv_sensor_ros_plugins_msgs/include/uuv_sensor_ros_plugins_msgs/uuv_sensor_ros_plugins_msgs
[1.941s] -- Up-to-date: /home/sunny/catkin_ws/install/uuv_sensor_ros_plugins_msgs/include/uuv_sensor_ros_plugins_msgs/uuv_sensor_ros_plugins_msgs/srv
[1.942s] -- Up-to-date: /home/sunny/catkin_ws/install/uuv_sensor_ros_plugins_msgs/include/uuv_sensor_ros_plugins_msgs/uuv_sensor_ros_plugins_msgs/srv/detail
[1.942s] -- Up-to-date: /home/sunny/catkin_ws/install/uuv_sensor_ros_plugins_msgs/include/uuv_sensor_ros_plugins_msgs/uuv_sensor_ros_plugins_msgs/srv/detail/change_sensor_state__functions.c
[1.942s] -- Up-to-date: /home/sunny/catkin_ws/install/uuv_sensor_ros_plugins_msgs/include/uuv_sensor_ros_plugins_msgs/uuv_sensor_ros_plugins_msgs/srv/detail/change_sensor_state__struct.h
[1.944s] -- Up-to-date: /home/sunny/catkin_ws/install/uuv_sensor_ros_plugins_msgs/include/uuv_sensor_ros_plugins_msgs/uuv_sensor_ros_plugins_msgs/srv/detail/change_sensor_state__functions.h
[1.946s] -- Up-to-date: /home/sunny/catkin_ws/install/uuv_sensor_ros_plugins_msgs/include/uuv_sensor_ros_plugins_msgs/uuv_sensor_ros_plugins_msgs/srv/detail/change_sensor_state__type_support.h
[1.946s] -- Up-to-date: /home/sunny/catkin_ws/install/uuv_sensor_ros_plugins_msgs/include/uuv_sensor_ros_plugins_msgs/uuv_sensor_ros_plugins_msgs/srv/change_sensor_state.h
[1.946s] -- Up-to-date: /home/sunny/catkin_ws/install/uuv_sensor_ros_plugins_msgs/include/uuv_sensor_ros_plugins_msgs/uuv_sensor_ros_plugins_msgs/msg
[1.946s] -- Up-to-date: /home/sunny/catkin_ws/install/uuv_sensor_ros_plugins_msgs/include/uuv_sensor_ros_plugins_msgs/uuv_sensor_ros_plugins_msgs/msg/detail
[1.947s] -- Up-to-date: /home/sunny/catkin_ws/install/uuv_sensor_ros_plugins_msgs/include/uuv_sensor_ros_plugins_msgs/uuv_sensor_ros_plugins_msgs/msg/detail/chemical_particle_concentration__type_support.h
[1.947s] -- Up-to-date: /home/sunny/catkin_ws/install/uuv_sensor_ros_plugins_msgs/include/uuv_sensor_ros_plugins_msgs/uuv_sensor_ros_plugins_msgs/msg/detail/dvl__functions.h
[1.947s] -- Up-to-date: /home/sunny/catkin_ws/install/uuv_sensor_ros_plugins_msgs/include/uuv_sensor_ros_plugins_msgs/uuv_sensor_ros_plugins_msgs/msg/detail/chemical_particle_concentration__functions.c
[1.947s] -- Up-to-date: /home/sunny/catkin_ws/install/uuv_sensor_ros_plugins_msgs/include/uuv_sensor_ros_plugins_msgs/uuv_sensor_ros_plugins_msgs/msg/detail/chemical_particle_concentration__struct.h
[1.947s] -- Up-to-date: /home/sunny/catkin_ws/install/uuv_sensor_ros_plugins_msgs/include/uuv_sensor_ros_plugins_msgs/uuv_sensor_ros_plugins_msgs/msg/detail/position_with_covariance__functions.c
[1.947s] -- Up-to-date: /home/sunny/catkin_ws/install/uuv_sensor_ros_plugins_msgs/include/uuv_sensor_ros_plugins_msgs/uuv_sensor_ros_plugins_msgs/msg/detail/chemical_particle_concentration__functions.h
[1.947s] -- Up-to-date: /home/sunny/catkin_ws/install/uuv_sensor_ros_plugins_msgs/include/uuv_sensor_ros_plugins_msgs/uuv_sensor_ros_plugins_msgs/msg/detail/position_with_covariance__type_support.h
[1.947s] -- Up-to-date: /home/sunny/catkin_ws/install/uuv_sensor_ros_plugins_msgs/include/uuv_sensor_ros_plugins_msgs/uuv_sensor_ros_plugins_msgs/msg/detail/dvl_beam__functions.c
[1.948s] -- Up-to-date: /home/sunny/catkin_ws/install/uuv_sensor_ros_plugins_msgs/include/uuv_sensor_ros_plugins_msgs/uuv_sensor_ros_plugins_msgs/msg/detail/position_with_covariance__struct.h
[1.948s] -- Up-to-date: /home/sunny/catkin_ws/install/uuv_sensor_ros_plugins_msgs/include/uuv_sensor_ros_plugins_msgs/uuv_sensor_ros_plugins_msgs/msg/detail/salinity__functions.h
[1.948s] -- Up-to-date: /home/sunny/catkin_ws/install/uuv_sensor_ros_plugins_msgs/include/uuv_sensor_ros_plugins_msgs/uuv_sensor_ros_plugins_msgs/msg/detail/salinity__functions.c
[1.948s] -- Up-to-date: /home/sunny/catkin_ws/install/uuv_sensor_ros_plugins_msgs/include/uuv_sensor_ros_plugins_msgs/uuv_sensor_ros_plugins_msgs/msg/detail/position_with_covariance_stamped__functions.h
[1.948s] -- Up-to-date: /home/sunny/catkin_ws/install/uuv_sensor_ros_plugins_msgs/include/uuv_sensor_ros_plugins_msgs/uuv_sensor_ros_plugins_msgs/msg/detail/position_with_covariance_stamped__type_support.h
[1.948s] -- Up-to-date: /home/sunny/catkin_ws/install/uuv_sensor_ros_plugins_msgs/include/uuv_sensor_ros_plugins_msgs/uuv_sensor_ros_plugins_msgs/msg/detail/dvl_beam__functions.h
[1.948s] -- Up-to-date: /home/sunny/catkin_ws/install/uuv_sensor_ros_plugins_msgs/include/uuv_sensor_ros_plugins_msgs/uuv_sensor_ros_plugins_msgs/msg/detail/dvl_beam__type_support.h
[1.948s] -- Up-to-date: /home/sunny/catkin_ws/install/uuv_sensor_ros_plugins_msgs/include/uuv_sensor_ros_plugins_msgs/uuv_sensor_ros_plugins_msgs/msg/detail/dvl__type_support.h
[1.948s] -- Up-to-date: /home/sunny/catkin_ws/install/uuv_sensor_ros_plugins_msgs/include/uuv_sensor_ros_plugins_msgs/uuv_sensor_ros_plugins_msgs/msg/detail/position_with_covariance_stamped__struct.h
[1.948s] -- Up-to-date: /home/sunny/catkin_ws/install/uuv_sensor_ros_plugins_msgs/include/uuv_sensor_ros_plugins_msgs/uuv_sensor_ros_plugins_msgs/msg/detail/dvl__struct.h
[1.949s] -- Up-to-date: /home/sunny/catkin_ws/install/uuv_sensor_ros_plugins_msgs/include/uuv_sensor_ros_plugins_msgs/uuv_sensor_ros_plugins_msgs/msg/detail/dvl__functions.c
[1.949s] -- Up-to-date: /home/sunny/catkin_ws/install/uuv_sensor_ros_plugins_msgs/include/uuv_sensor_ros_plugins_msgs/uuv_sensor_ros_plugins_msgs/msg/detail/salinity__struct.h
[1.949s] -- Up-to-date: /home/sunny/catkin_ws/install/uuv_sensor_ros_plugins_msgs/include/uuv_sensor_ros_plugins_msgs/uuv_sensor_ros_plugins_msgs/msg/detail/position_with_covariance__functions.h
[1.949s] -- Up-to-date: /home/sunny/catkin_ws/install/uuv_sensor_ros_plugins_msgs/include/uuv_sensor_ros_plugins_msgs/uuv_sensor_ros_plugins_msgs/msg/detail/dvl_beam__struct.h
[1.949s] -- Up-to-date: /home/sunny/catkin_ws/install/uuv_sensor_ros_plugins_msgs/include/uuv_sensor_ros_plugins_msgs/uuv_sensor_ros_plugins_msgs/msg/detail/salinity__type_support.h
[1.949s] -- Up-to-date: /home/sunny/catkin_ws/install/uuv_sensor_ros_plugins_msgs/include/uuv_sensor_ros_plugins_msgs/uuv_sensor_ros_plugins_msgs/msg/detail/position_with_covariance_stamped__functions.c
[1.949s] -- Up-to-date: /home/sunny/catkin_ws/install/uuv_sensor_ros_plugins_msgs/include/uuv_sensor_ros_plugins_msgs/uuv_sensor_ros_plugins_msgs/msg/position_with_covariance_stamped.h
[1.950s] -- Up-to-date: /home/sunny/catkin_ws/install/uuv_sensor_ros_plugins_msgs/include/uuv_sensor_ros_plugins_msgs/uuv_sensor_ros_plugins_msgs/msg/dvl.h
[1.950s] -- Up-to-date: /home/sunny/catkin_ws/install/uuv_sensor_ros_plugins_msgs/include/uuv_sensor_ros_plugins_msgs/uuv_sensor_ros_plugins_msgs/msg/dvl_beam.h
[1.950s] -- Up-to-date: /home/sunny/catkin_ws/install/uuv_sensor_ros_plugins_msgs/include/uuv_sensor_ros_plugins_msgs/uuv_sensor_ros_plugins_msgs/msg/chemical_particle_concentration.h
[1.950s] -- Up-to-date: /home/sunny/catkin_ws/install/uuv_sensor_ros_plugins_msgs/include/uuv_sensor_ros_plugins_msgs/uuv_sensor_ros_plugins_msgs/msg/rosidl_generator_c__visibility_control.h
[1.950s] -- Up-to-date: /home/sunny/catkin_ws/install/uuv_sensor_ros_plugins_msgs/include/uuv_sensor_ros_plugins_msgs/uuv_sensor_ros_plugins_msgs/msg/position_with_covariance.h
[1.950s] -- Up-to-date: /home/sunny/catkin_ws/install/uuv_sensor_ros_plugins_msgs/include/uuv_sensor_ros_plugins_msgs/uuv_sensor_ros_plugins_msgs/msg/salinity.h
[1.951s] -- Up-to-date: /home/sunny/catkin_ws/install/uuv_sensor_ros_plugins_msgs/share/uuv_sensor_ros_plugins_msgs/environment/library_path.sh
[1.951s] -- Up-to-date: /home/sunny/catkin_ws/install/uuv_sensor_ros_plugins_msgs/share/uuv_sensor_ros_plugins_msgs/environment/library_path.dsv
[1.951s] -- Up-to-date: /home/sunny/catkin_ws/install/uuv_sensor_ros_plugins_msgs/lib/libuuv_sensor_ros_plugins_msgs__rosidl_generator_c.so
[1.951s] -- Up-to-date: /home/sunny/catkin_ws/install/uuv_sensor_ros_plugins_msgs/include/uuv_sensor_ros_plugins_msgs/uuv_sensor_ros_plugins_msgs
[1.951s] -- Up-to-date: /home/sunny/catkin_ws/install/uuv_sensor_ros_plugins_msgs/include/uuv_sensor_ros_plugins_msgs/uuv_sensor_ros_plugins_msgs/srv
[1.952s] -- Up-to-date: /home/sunny/catkin_ws/install/uuv_sensor_ros_plugins_msgs/include/uuv_sensor_ros_plugins_msgs/uuv_sensor_ros_plugins_msgs/srv/detail
[1.952s] -- Up-to-date: /home/sunny/catkin_ws/install/uuv_sensor_ros_plugins_msgs/include/uuv_sensor_ros_plugins_msgs/uuv_sensor_ros_plugins_msgs/srv/detail/change_sensor_state__rosidl_typesupport_fastrtps_c.h
[1.952s] -- Up-to-date: /home/sunny/catkin_ws/install/uuv_sensor_ros_plugins_msgs/include/uuv_sensor_ros_plugins_msgs/uuv_sensor_ros_plugins_msgs/msg
[1.952s] -- Up-to-date: /home/sunny/catkin_ws/install/uuv_sensor_ros_plugins_msgs/include/uuv_sensor_ros_plugins_msgs/uuv_sensor_ros_plugins_msgs/msg/detail
[1.952s] -- Up-to-date: /home/sunny/catkin_ws/install/uuv_sensor_ros_plugins_msgs/include/uuv_sensor_ros_plugins_msgs/uuv_sensor_ros_plugins_msgs/msg/detail/position_with_covariance__rosidl_typesupport_fastrtps_c.h
[1.952s] -- Up-to-date: /home/sunny/catkin_ws/install/uuv_sensor_ros_plugins_msgs/include/uuv_sensor_ros_plugins_msgs/uuv_sensor_ros_plugins_msgs/msg/detail/chemical_particle_concentration__rosidl_typesupport_fastrtps_c.h
[1.952s] -- Up-to-date: /home/sunny/catkin_ws/install/uuv_sensor_ros_plugins_msgs/include/uuv_sensor_ros_plugins_msgs/uuv_sensor_ros_plugins_msgs/msg/detail/dvl__rosidl_typesupport_fastrtps_c.h
[1.952s] -- Up-to-date: /home/sunny/catkin_ws/install/uuv_sensor_ros_plugins_msgs/include/uuv_sensor_ros_plugins_msgs/uuv_sensor_ros_plugins_msgs/msg/detail/dvl_beam__rosidl_typesupport_fastrtps_c.h
[1.953s] -- Up-to-date: /home/sunny/catkin_ws/install/uuv_sensor_ros_plugins_msgs/include/uuv_sensor_ros_plugins_msgs/uuv_sensor_ros_plugins_msgs/msg/detail/salinity__rosidl_typesupport_fastrtps_c.h
[1.953s] -- Up-to-date: /home/sunny/catkin_ws/install/uuv_sensor_ros_plugins_msgs/include/uuv_sensor_ros_plugins_msgs/uuv_sensor_ros_plugins_msgs/msg/detail/position_with_covariance_stamped__rosidl_typesupport_fastrtps_c.h
[1.953s] -- Up-to-date: /home/sunny/catkin_ws/install/uuv_sensor_ros_plugins_msgs/include/uuv_sensor_ros_plugins_msgs/uuv_sensor_ros_plugins_msgs/msg/rosidl_typesupport_fastrtps_c__visibility_control.h
[1.953s] -- Up-to-date: /home/sunny/catkin_ws/install/uuv_sensor_ros_plugins_msgs/lib/libuuv_sensor_ros_plugins_msgs__rosidl_typesupport_fastrtps_c.so
[1.953s] -- Up-to-date: /home/sunny/catkin_ws/install/uuv_sensor_ros_plugins_msgs/include/uuv_sensor_ros_plugins_msgs/uuv_sensor_ros_plugins_msgs
[1.953s] -- Up-to-date: /home/sunny/catkin_ws/install/uuv_sensor_ros_plugins_msgs/include/uuv_sensor_ros_plugins_msgs/uuv_sensor_ros_plugins_msgs/srv
[1.953s] -- Up-to-date: /home/sunny/catkin_ws/install/uuv_sensor_ros_plugins_msgs/include/uuv_sensor_ros_plugins_msgs/uuv_sensor_ros_plugins_msgs/srv/detail
[1.953s] -- Up-to-date: /home/sunny/catkin_ws/install/uuv_sensor_ros_plugins_msgs/include/uuv_sensor_ros_plugins_msgs/uuv_sensor_ros_plugins_msgs/srv/detail/change_sensor_state__builder.hpp
[1.953s] -- Up-to-date: /home/sunny/catkin_ws/install/uuv_sensor_ros_plugins_msgs/include/uuv_sensor_ros_plugins_msgs/uuv_sensor_ros_plugins_msgs/srv/detail/change_sensor_state__traits.hpp
[1.954s] -- Up-to-date: /home/sunny/catkin_ws/install/uuv_sensor_ros_plugins_msgs/include/uuv_sensor_ros_plugins_msgs/uuv_sensor_ros_plugins_msgs/srv/detail/change_sensor_state__struct.hpp
[1.954s] -- Up-to-date: /home/sunny/catkin_ws/install/uuv_sensor_ros_plugins_msgs/include/uuv_sensor_ros_plugins_msgs/uuv_sensor_ros_plugins_msgs/srv/change_sensor_state.hpp
[1.954s] -- Up-to-date: /home/sunny/catkin_ws/install/uuv_sensor_ros_plugins_msgs/include/uuv_sensor_ros_plugins_msgs/uuv_sensor_ros_plugins_msgs/msg
[1.954s] -- Up-to-date: /home/sunny/catkin_ws/install/uuv_sensor_ros_plugins_msgs/include/uuv_sensor_ros_plugins_msgs/uuv_sensor_ros_plugins_msgs/msg/chemical_particle_concentration.hpp
[1.954s] -- Up-to-date: /home/sunny/catkin_ws/install/uuv_sensor_ros_plugins_msgs/include/uuv_sensor_ros_plugins_msgs/uuv_sensor_ros_plugins_msgs/msg/dvl_beam.hpp
[1.954s] -- Up-to-date: /home/sunny/catkin_ws/install/uuv_sensor_ros_plugins_msgs/include/uuv_sensor_ros_plugins_msgs/uuv_sensor_ros_plugins_msgs/msg/detail
[1.954s] -- Up-to-date: /home/sunny/catkin_ws/install/uuv_sensor_ros_plugins_msgs/include/uuv_sensor_ros_plugins_msgs/uuv_sensor_ros_plugins_msgs/msg/detail/position_with_covariance_stamped__struct.hpp
[1.954s] -- Up-to-date: /home/sunny/catkin_ws/install/uuv_sensor_ros_plugins_msgs/include/uuv_sensor_ros_plugins_msgs/uuv_sensor_ros_plugins_msgs/msg/detail/dvl_beam__struct.hpp
[1.967s] -- Up-to-date: /home/sunny/catkin_ws/install/uuv_sensor_ros_plugins_msgs/include/uuv_sensor_ros_plugins_msgs/uuv_sensor_ros_plugins_msgs/msg/detail/position_with_covariance__traits.hpp
[1.968s] -- Up-to-date: /home/sunny/catkin_ws/install/uuv_sensor_ros_plugins_msgs/include/uuv_sensor_ros_plugins_msgs/uuv_sensor_ros_plugins_msgs/msg/detail/chemical_particle_concentration__traits.hpp
[1.968s] -- Up-to-date: /home/sunny/catkin_ws/install/uuv_sensor_ros_plugins_msgs/include/uuv_sensor_ros_plugins_msgs/uuv_sensor_ros_plugins_msgs/msg/detail/dvl__builder.hpp
[1.968s] -- Up-to-date: /home/sunny/catkin_ws/install/uuv_sensor_ros_plugins_msgs/include/uuv_sensor_ros_plugins_msgs/uuv_sensor_ros_plugins_msgs/msg/detail/dvl__struct.hpp
[1.968s] -- Up-to-date: /home/sunny/catkin_ws/install/uuv_sensor_ros_plugins_msgs/include/uuv_sensor_ros_plugins_msgs/uuv_sensor_ros_plugins_msgs/msg/detail/dvl_beam__traits.hpp
[1.968s] -- Up-to-date: /home/sunny/catkin_ws/install/uuv_sensor_ros_plugins_msgs/include/uuv_sensor_ros_plugins_msgs/uuv_sensor_ros_plugins_msgs/msg/detail/position_with_covariance__struct.hpp
[1.968s] -- Up-to-date: /home/sunny/catkin_ws/install/uuv_sensor_ros_plugins_msgs/include/uuv_sensor_ros_plugins_msgs/uuv_sensor_ros_plugins_msgs/msg/detail/position_with_covariance__builder.hpp
[1.968s] -- Up-to-date: /home/sunny/catkin_ws/install/uuv_sensor_ros_plugins_msgs/include/uuv_sensor_ros_plugins_msgs/uuv_sensor_ros_plugins_msgs/msg/detail/position_with_covariance_stamped__builder.hpp
[1.968s] -- Up-to-date: /home/sunny/catkin_ws/install/uuv_sensor_ros_plugins_msgs/include/uuv_sensor_ros_plugins_msgs/uuv_sensor_ros_plugins_msgs/msg/detail/salinity__builder.hpp
[1.969s] -- Up-to-date: /home/sunny/catkin_ws/install/uuv_sensor_ros_plugins_msgs/include/uuv_sensor_ros_plugins_msgs/uuv_sensor_ros_plugins_msgs/msg/detail/salinity__struct.hpp
[1.969s] -- Up-to-date: /home/sunny/catkin_ws/install/uuv_sensor_ros_plugins_msgs/include/uuv_sensor_ros_plugins_msgs/uuv_sensor_ros_plugins_msgs/msg/detail/dvl__traits.hpp
[1.969s] -- Up-to-date: /home/sunny/catkin_ws/install/uuv_sensor_ros_plugins_msgs/include/uuv_sensor_ros_plugins_msgs/uuv_sensor_ros_plugins_msgs/msg/detail/position_with_covariance_stamped__traits.hpp
[1.969s] -- Up-to-date: /home/sunny/catkin_ws/install/uuv_sensor_ros_plugins_msgs/include/uuv_sensor_ros_plugins_msgs/uuv_sensor_ros_plugins_msgs/msg/detail/chemical_particle_concentration__builder.hpp
[1.969s] -- Up-to-date: /home/sunny/catkin_ws/install/uuv_sensor_ros_plugins_msgs/include/uuv_sensor_ros_plugins_msgs/uuv_sensor_ros_plugins_msgs/msg/detail/salinity__traits.hpp
[1.969s] -- Up-to-date: /home/sunny/catkin_ws/install/uuv_sensor_ros_plugins_msgs/include/uuv_sensor_ros_plugins_msgs/uuv_sensor_ros_plugins_msgs/msg/detail/dvl_beam__builder.hpp
[1.969s] -- Up-to-date: /home/sunny/catkin_ws/install/uuv_sensor_ros_plugins_msgs/include/uuv_sensor_ros_plugins_msgs/uuv_sensor_ros_plugins_msgs/msg/detail/chemical_particle_concentration__struct.hpp
[1.970s] -- Up-to-date: /home/sunny/catkin_ws/install/uuv_sensor_ros_plugins_msgs/include/uuv_sensor_ros_plugins_msgs/uuv_sensor_ros_plugins_msgs/msg/salinity.hpp
[1.970s] -- Up-to-date: /home/sunny/catkin_ws/install/uuv_sensor_ros_plugins_msgs/include/uuv_sensor_ros_plugins_msgs/uuv_sensor_ros_plugins_msgs/msg/dvl.hpp
[1.970s] -- Up-to-date: /home/sunny/catkin_ws/install/uuv_sensor_ros_plugins_msgs/include/uuv_sensor_ros_plugins_msgs/uuv_sensor_ros_plugins_msgs/msg/position_with_covariance_stamped.hpp
[1.970s] -- Up-to-date: /home/sunny/catkin_ws/install/uuv_sensor_ros_plugins_msgs/include/uuv_sensor_ros_plugins_msgs/uuv_sensor_ros_plugins_msgs/msg/position_with_covariance.hpp
[1.970s] -- Up-to-date: /home/sunny/catkin_ws/install/uuv_sensor_ros_plugins_msgs/include/uuv_sensor_ros_plugins_msgs/uuv_sensor_ros_plugins_msgs
[1.970s] -- Up-to-date: /home/sunny/catkin_ws/install/uuv_sensor_ros_plugins_msgs/include/uuv_sensor_ros_plugins_msgs/uuv_sensor_ros_plugins_msgs/srv
[1.970s] -- Up-to-date: /home/sunny/catkin_ws/install/uuv_sensor_ros_plugins_msgs/include/uuv_sensor_ros_plugins_msgs/uuv_sensor_ros_plugins_msgs/srv/detail
[1.970s] -- Up-to-date: /home/sunny/catkin_ws/install/uuv_sensor_ros_plugins_msgs/include/uuv_sensor_ros_plugins_msgs/uuv_sensor_ros_plugins_msgs/srv/detail/change_sensor_state__rosidl_typesupport_fastrtps_cpp.hpp
[1.971s] -- Up-to-date: /home/sunny/catkin_ws/install/uuv_sensor_ros_plugins_msgs/include/uuv_sensor_ros_plugins_msgs/uuv_sensor_ros_plugins_msgs/srv/detail/dds_fastrtps
[1.971s] -- Up-to-date: /home/sunny/catkin_ws/install/uuv_sensor_ros_plugins_msgs/include/uuv_sensor_ros_plugins_msgs/uuv_sensor_ros_plugins_msgs/msg
[1.971s] -- Up-to-date: /home/sunny/catkin_ws/install/uuv_sensor_ros_plugins_msgs/include/uuv_sensor_ros_plugins_msgs/uuv_sensor_ros_plugins_msgs/msg/detail
[1.971s] -- Up-to-date: /home/sunny/catkin_ws/install/uuv_sensor_ros_plugins_msgs/include/uuv_sensor_ros_plugins_msgs/uuv_sensor_ros_plugins_msgs/msg/detail/position_with_covariance_stamped__rosidl_typesupport_fastrtps_cpp.hpp
[1.971s] -- Up-to-date: /home/sunny/catkin_ws/install/uuv_sensor_ros_plugins_msgs/include/uuv_sensor_ros_plugins_msgs/uuv_sensor_ros_plugins_msgs/msg/detail/salinity__rosidl_typesupport_fastrtps_cpp.hpp
[1.971s] -- Up-to-date: /home/sunny/catkin_ws/install/uuv_sensor_ros_plugins_msgs/include/uuv_sensor_ros_plugins_msgs/uuv_sensor_ros_plugins_msgs/msg/detail/dvl_beam__rosidl_typesupport_fastrtps_cpp.hpp
[1.971s] -- Up-to-date: /home/sunny/catkin_ws/install/uuv_sensor_ros_plugins_msgs/include/uuv_sensor_ros_plugins_msgs/uuv_sensor_ros_plugins_msgs/msg/detail/chemical_particle_concentration__rosidl_typesupport_fastrtps_cpp.hpp
[1.971s] -- Up-to-date: /home/sunny/catkin_ws/install/uuv_sensor_ros_plugins_msgs/include/uuv_sensor_ros_plugins_msgs/uuv_sensor_ros_plugins_msgs/msg/detail/dvl__rosidl_typesupport_fastrtps_cpp.hpp
[1.971s] -- Up-to-date: /home/sunny/catkin_ws/install/uuv_sensor_ros_plugins_msgs/include/uuv_sensor_ros_plugins_msgs/uuv_sensor_ros_plugins_msgs/msg/detail/dds_fastrtps
[1.972s] -- Up-to-date: /home/sunny/catkin_ws/install/uuv_sensor_ros_plugins_msgs/include/uuv_sensor_ros_plugins_msgs/uuv_sensor_ros_plugins_msgs/msg/detail/position_with_covariance__rosidl_typesupport_fastrtps_cpp.hpp
[1.972s] -- Up-to-date: /home/sunny/catkin_ws/install/uuv_sensor_ros_plugins_msgs/include/uuv_sensor_ros_plugins_msgs/uuv_sensor_ros_plugins_msgs/msg/rosidl_typesupport_fastrtps_cpp__visibility_control.h
[1.972s] -- Up-to-date: /home/sunny/catkin_ws/install/uuv_sensor_ros_plugins_msgs/lib/libuuv_sensor_ros_plugins_msgs__rosidl_typesupport_fastrtps_cpp.so
[1.972s] -- Up-to-date: /home/sunny/catkin_ws/install/uuv_sensor_ros_plugins_msgs/include/uuv_sensor_ros_plugins_msgs/uuv_sensor_ros_plugins_msgs
[1.972s] -- Up-to-date: /home/sunny/catkin_ws/install/uuv_sensor_ros_plugins_msgs/include/uuv_sensor_ros_plugins_msgs/uuv_sensor_ros_plugins_msgs/srv
[1.972s] -- Up-to-date: /home/sunny/catkin_ws/install/uuv_sensor_ros_plugins_msgs/include/uuv_sensor_ros_plugins_msgs/uuv_sensor_ros_plugins_msgs/srv/detail
[1.973s] -- Up-to-date: /home/sunny/catkin_ws/install/uuv_sensor_ros_plugins_msgs/include/uuv_sensor_ros_plugins_msgs/uuv_sensor_ros_plugins_msgs/srv/detail/change_sensor_state__rosidl_typesupport_introspection_c.h
[1.973s] -- Up-to-date: /home/sunny/catkin_ws/install/uuv_sensor_ros_plugins_msgs/include/uuv_sensor_ros_plugins_msgs/uuv_sensor_ros_plugins_msgs/srv/detail/change_sensor_state__type_support.c
[1.973s] -- Up-to-date: /home/sunny/catkin_ws/install/uuv_sensor_ros_plugins_msgs/include/uuv_sensor_ros_plugins_msgs/uuv_sensor_ros_plugins_msgs/msg
[1.973s] -- Up-to-date: /home/sunny/catkin_ws/install/uuv_sensor_ros_plugins_msgs/include/uuv_sensor_ros_plugins_msgs/uuv_sensor_ros_plugins_msgs/msg/rosidl_typesupport_introspection_c__visibility_control.h
[1.973s] -- Up-to-date: /home/sunny/catkin_ws/install/uuv_sensor_ros_plugins_msgs/include/uuv_sensor_ros_plugins_msgs/uuv_sensor_ros_plugins_msgs/msg/detail
[1.973s] -- Up-to-date: /home/sunny/catkin_ws/install/uuv_sensor_ros_plugins_msgs/include/uuv_sensor_ros_plugins_msgs/uuv_sensor_ros_plugins_msgs/msg/detail/position_with_covariance_stamped__type_support.c
[1.973s] -- Up-to-date: /home/sunny/catkin_ws/install/uuv_sensor_ros_plugins_msgs/include/uuv_sensor_ros_plugins_msgs/uuv_sensor_ros_plugins_msgs/msg/detail/dvl_beam__type_support.c
[1.982s] -- Up-to-date: /home/sunny/catkin_ws/install/uuv_sensor_ros_plugins_msgs/include/uuv_sensor_ros_plugins_msgs/uuv_sensor_ros_plugins_msgs/msg/detail/dvl__rosidl_typesupport_introspection_c.h
[1.983s] -- Up-to-date: /home/sunny/catkin_ws/install/uuv_sensor_ros_plugins_msgs/include/uuv_sensor_ros_plugins_msgs/uuv_sensor_ros_plugins_msgs/msg/detail/salinity__type_support.c
[1.983s] -- Up-to-date: /home/sunny/catkin_ws/install/uuv_sensor_ros_plugins_msgs/include/uuv_sensor_ros_plugins_msgs/uuv_sensor_ros_plugins_msgs/msg/detail/position_with_covariance__rosidl_typesupport_introspection_c.h
[1.984s] -- Up-to-date: /home/sunny/catkin_ws/install/uuv_sensor_ros_plugins_msgs/include/uuv_sensor_ros_plugins_msgs/uuv_sensor_ros_plugins_msgs/msg/detail/chemical_particle_concentration__rosidl_typesupport_introspection_c.h
[1.984s] -- Up-to-date: /home/sunny/catkin_ws/install/uuv_sensor_ros_plugins_msgs/include/uuv_sensor_ros_plugins_msgs/uuv_sensor_ros_plugins_msgs/msg/detail/salinity__rosidl_typesupport_introspection_c.h
[1.984s] -- Up-to-date: /home/sunny/catkin_ws/install/uuv_sensor_ros_plugins_msgs/include/uuv_sensor_ros_plugins_msgs/uuv_sensor_ros_plugins_msgs/msg/detail/dvl_beam__rosidl_typesupport_introspection_c.h
[1.985s] -- Up-to-date: /home/sunny/catkin_ws/install/uuv_sensor_ros_plugins_msgs/include/uuv_sensor_ros_plugins_msgs/uuv_sensor_ros_plugins_msgs/msg/detail/position_with_covariance__type_support.c
[1.985s] -- Up-to-date: /home/sunny/catkin_ws/install/uuv_sensor_ros_plugins_msgs/include/uuv_sensor_ros_plugins_msgs/uuv_sensor_ros_plugins_msgs/msg/detail/position_with_covariance_stamped__rosidl_typesupport_introspection_c.h
[1.986s] -- Up-to-date: /home/sunny/catkin_ws/install/uuv_sensor_ros_plugins_msgs/include/uuv_sensor_ros_plugins_msgs/uuv_sensor_ros_plugins_msgs/msg/detail/chemical_particle_concentration__type_support.c
[1.986s] -- Up-to-date: /home/sunny/catkin_ws/install/uuv_sensor_ros_plugins_msgs/include/uuv_sensor_ros_plugins_msgs/uuv_sensor_ros_plugins_msgs/msg/detail/dvl__type_support.c
[1.987s] -- Up-to-date: /home/sunny/catkin_ws/install/uuv_sensor_ros_plugins_msgs/lib/libuuv_sensor_ros_plugins_msgs__rosidl_typesupport_introspection_c.so
[1.987s] -- Up-to-date: /home/sunny/catkin_ws/install/uuv_sensor_ros_plugins_msgs/lib/libuuv_sensor_ros_plugins_msgs__rosidl_typesupport_c.so
[1.987s] -- Up-to-date: /home/sunny/catkin_ws/install/uuv_sensor_ros_plugins_msgs/include/uuv_sensor_ros_plugins_msgs/uuv_sensor_ros_plugins_msgs
[1.988s] -- Up-to-date: /home/sunny/catkin_ws/install/uuv_sensor_ros_plugins_msgs/include/uuv_sensor_ros_plugins_msgs/uuv_sensor_ros_plugins_msgs/srv
[1.988s] -- Up-to-date: /home/sunny/catkin_ws/install/uuv_sensor_ros_plugins_msgs/include/uuv_sensor_ros_plugins_msgs/uuv_sensor_ros_plugins_msgs/srv/detail
[1.988s] -- Up-to-date: /home/sunny/catkin_ws/install/uuv_sensor_ros_plugins_msgs/include/uuv_sensor_ros_plugins_msgs/uuv_sensor_ros_plugins_msgs/srv/detail/change_sensor_state__type_support.cpp
[1.989s] -- Up-to-date: /home/sunny/catkin_ws/install/uuv_sensor_ros_plugins_msgs/include/uuv_sensor_ros_plugins_msgs/uuv_sensor_ros_plugins_msgs/srv/detail/change_sensor_state__rosidl_typesupport_introspection_cpp.hpp
[1.989s] -- Up-to-date: /home/sunny/catkin_ws/install/uuv_sensor_ros_plugins_msgs/include/uuv_sensor_ros_plugins_msgs/uuv_sensor_ros_plugins_msgs/msg
[1.989s] -- Up-to-date: /home/sunny/catkin_ws/install/uuv_sensor_ros_plugins_msgs/include/uuv_sensor_ros_plugins_msgs/uuv_sensor_ros_plugins_msgs/msg/detail
[1.990s] -- Up-to-date: /home/sunny/catkin_ws/install/uuv_sensor_ros_plugins_msgs/include/uuv_sensor_ros_plugins_msgs/uuv_sensor_ros_plugins_msgs/msg/detail/chemical_particle_concentration__type_support.cpp
[1.990s] -- Up-to-date: /home/sunny/catkin_ws/install/uuv_sensor_ros_plugins_msgs/include/uuv_sensor_ros_plugins_msgs/uuv_sensor_ros_plugins_msgs/msg/detail/dvl__rosidl_typesupport_introspection_cpp.hpp
[1.990s] -- Up-to-date: /home/sunny/catkin_ws/install/uuv_sensor_ros_plugins_msgs/include/uuv_sensor_ros_plugins_msgs/uuv_sensor_ros_plugins_msgs/msg/detail/position_with_covariance_stamped__type_support.cpp
[1.990s] -- Up-to-date: /home/sunny/catkin_ws/install/uuv_sensor_ros_plugins_msgs/include/uuv_sensor_ros_plugins_msgs/uuv_sensor_ros_plugins_msgs/msg/detail/salinity__type_support.cpp
[1.990s] -- Up-to-date: /home/sunny/catkin_ws/install/uuv_sensor_ros_plugins_msgs/include/uuv_sensor_ros_plugins_msgs/uuv_sensor_ros_plugins_msgs/msg/detail/salinity__rosidl_typesupport_introspection_cpp.hpp
[1.991s] -- Up-to-date: /home/sunny/catkin_ws/install/uuv_sensor_ros_plugins_msgs/include/uuv_sensor_ros_plugins_msgs/uuv_sensor_ros_plugins_msgs/msg/detail/position_with_covariance_stamped__rosidl_typesupport_introspection_cpp.hpp
[1.991s] -- Up-to-date: /home/sunny/catkin_ws/install/uuv_sensor_ros_plugins_msgs/include/uuv_sensor_ros_plugins_msgs/uuv_sensor_ros_plugins_msgs/msg/detail/position_with_covariance__type_support.cpp
[1.991s] -- Up-to-date: /home/sunny/catkin_ws/install/uuv_sensor_ros_plugins_msgs/include/uuv_sensor_ros_plugins_msgs/uuv_sensor_ros_plugins_msgs/msg/detail/dvl_beam__type_support.cpp
[1.991s] -- Up-to-date: /home/sunny/catkin_ws/install/uuv_sensor_ros_plugins_msgs/include/uuv_sensor_ros_plugins_msgs/uuv_sensor_ros_plugins_msgs/msg/detail/chemical_particle_concentration__rosidl_typesupport_introspection_cpp.hpp
[1.991s] -- Up-to-date: /home/sunny/catkin_ws/install/uuv_sensor_ros_plugins_msgs/include/uuv_sensor_ros_plugins_msgs/uuv_sensor_ros_plugins_msgs/msg/detail/dvl__type_support.cpp
[1.991s] -- Up-to-date: /home/sunny/catkin_ws/install/uuv_sensor_ros_plugins_msgs/include/uuv_sensor_ros_plugins_msgs/uuv_sensor_ros_plugins_msgs/msg/detail/dvl_beam__rosidl_typesupport_introspection_cpp.hpp
[1.991s] -- Up-to-date: /home/sunny/catkin_ws/install/uuv_sensor_ros_plugins_msgs/include/uuv_sensor_ros_plugins_msgs/uuv_sensor_ros_plugins_msgs/msg/detail/position_with_covariance__rosidl_typesupport_introspection_cpp.hpp
[1.991s] -- Up-to-date: /home/sunny/catkin_ws/install/uuv_sensor_ros_plugins_msgs/lib/libuuv_sensor_ros_plugins_msgs__rosidl_typesupport_introspection_cpp.so
[1.992s] -- Up-to-date: /home/sunny/catkin_ws/install/uuv_sensor_ros_plugins_msgs/lib/libuuv_sensor_ros_plugins_msgs__rosidl_typesupport_cpp.so
[1.992s] -- Up-to-date: /home/sunny/catkin_ws/install/uuv_sensor_ros_plugins_msgs/share/uuv_sensor_ros_plugins_msgs/environment/pythonpath.sh
[1.992s] -- Up-to-date: /home/sunny/catkin_ws/install/uuv_sensor_ros_plugins_msgs/share/uuv_sensor_ros_plugins_msgs/environment/pythonpath.dsv
[1.992s] -- Up-to-date: /home/sunny/catkin_ws/install/uuv_sensor_ros_plugins_msgs/local/lib/python3.10/dist-packages/uuv_sensor_ros_plugins_msgs-0.6.13-py3.10.egg-info
[1.992s] -- Installing: /home/sunny/catkin_ws/install/uuv_sensor_ros_plugins_msgs/local/lib/python3.10/dist-packages/uuv_sensor_ros_plugins_msgs-0.6.13-py3.10.egg-info/PKG-INFO
[1.992s] -- Installing: /home/sunny/catkin_ws/install/uuv_sensor_ros_plugins_msgs/local/lib/python3.10/dist-packages/uuv_sensor_ros_plugins_msgs-0.6.13-py3.10.egg-info/SOURCES.txt
[1.992s] -- Installing: /home/sunny/catkin_ws/install/uuv_sensor_ros_plugins_msgs/local/lib/python3.10/dist-packages/uuv_sensor_ros_plugins_msgs-0.6.13-py3.10.egg-info/top_level.txt
[1.993s] -- Installing: /home/sunny/catkin_ws/install/uuv_sensor_ros_plugins_msgs/local/lib/python3.10/dist-packages/uuv_sensor_ros_plugins_msgs-0.6.13-py3.10.egg-info/dependency_links.txt
[1.993s] -- Up-to-date: /home/sunny/catkin_ws/install/uuv_sensor_ros_plugins_msgs/local/lib/python3.10/dist-packages/uuv_sensor_ros_plugins_msgs
[1.993s] -- Up-to-date: /home/sunny/catkin_ws/install/uuv_sensor_ros_plugins_msgs/local/lib/python3.10/dist-packages/uuv_sensor_ros_plugins_msgs/__init__.py
[1.993s] -- Up-to-date: /home/sunny/catkin_ws/install/uuv_sensor_ros_plugins_msgs/local/lib/python3.10/dist-packages/uuv_sensor_ros_plugins_msgs/_uuv_sensor_ros_plugins_msgs_s.ep.rosidl_typesupport_c.c
[1.993s] -- Up-to-date: /home/sunny/catkin_ws/install/uuv_sensor_ros_plugins_msgs/local/lib/python3.10/dist-packages/uuv_sensor_ros_plugins_msgs/srv
[1.993s] -- Up-to-date: /home/sunny/catkin_ws/install/uuv_sensor_ros_plugins_msgs/local/lib/python3.10/dist-packages/uuv_sensor_ros_plugins_msgs/srv/__init__.py
[1.993s] -- Up-to-date: /home/sunny/catkin_ws/install/uuv_sensor_ros_plugins_msgs/local/lib/python3.10/dist-packages/uuv_sensor_ros_plugins_msgs/srv/_change_sensor_state.py
[1.993s] -- Up-to-date: /home/sunny/catkin_ws/install/uuv_sensor_ros_plugins_msgs/local/lib/python3.10/dist-packages/uuv_sensor_ros_plugins_msgs/srv/_change_sensor_state_s.c
[1.995s] -- Up-to-date: /home/sunny/catkin_ws/install/uuv_sensor_ros_plugins_msgs/local/lib/python3.10/dist-packages/uuv_sensor_ros_plugins_msgs/uuv_sensor_ros_plugins_msgs_s__rosidl_typesupport_fastrtps_c.cpython-310-x86_64-linux-gnu.so
[1.995s] -- Up-to-date: /home/sunny/catkin_ws/install/uuv_sensor_ros_plugins_msgs/local/lib/python3.10/dist-packages/uuv_sensor_ros_plugins_msgs/_uuv_sensor_ros_plugins_msgs_s.ep.rosidl_typesupport_fastrtps_c.c
[1.996s] -- Up-to-date: /home/sunny/catkin_ws/install/uuv_sensor_ros_plugins_msgs/local/lib/python3.10/dist-packages/uuv_sensor_ros_plugins_msgs/uuv_sensor_ros_plugins_msgs_s__rosidl_typesupport_introspection_c.cpython-310-x86_64-linux-gnu.so
[1.996s] -- Up-to-date: /home/sunny/catkin_ws/install/uuv_sensor_ros_plugins_msgs/local/lib/python3.10/dist-packages/uuv_sensor_ros_plugins_msgs/uuv_sensor_ros_plugins_msgs_s__rosidl_typesupport_c.cpython-310-x86_64-linux-gnu.so
[1.996s] -- Up-to-date: /home/sunny/catkin_ws/install/uuv_sensor_ros_plugins_msgs/local/lib/python3.10/dist-packages/uuv_sensor_ros_plugins_msgs/msg
[1.996s] -- Up-to-date: /home/sunny/catkin_ws/install/uuv_sensor_ros_plugins_msgs/local/lib/python3.10/dist-packages/uuv_sensor_ros_plugins_msgs/msg/__init__.py
[1.996s] -- Up-to-date: /home/sunny/catkin_ws/install/uuv_sensor_ros_plugins_msgs/local/lib/python3.10/dist-packages/uuv_sensor_ros_plugins_msgs/msg/_position_with_covariance_stamped_s.c
[1.996s] -- Up-to-date: /home/sunny/catkin_ws/install/uuv_sensor_ros_plugins_msgs/local/lib/python3.10/dist-packages/uuv_sensor_ros_plugins_msgs/msg/_dvl_s.c
[1.996s] -- Up-to-date: /home/sunny/catkin_ws/install/uuv_sensor_ros_plugins_msgs/local/lib/python3.10/dist-packages/uuv_sensor_ros_plugins_msgs/msg/_chemical_particle_concentration_s.c
[1.996s] -- Up-to-date: /home/sunny/catkin_ws/install/uuv_sensor_ros_plugins_msgs/local/lib/python3.10/dist-packages/uuv_sensor_ros_plugins_msgs/msg/_salinity.py
[1.996s] -- Up-to-date: /home/sunny/catkin_ws/install/uuv_sensor_ros_plugins_msgs/local/lib/python3.10/dist-packages/uuv_sensor_ros_plugins_msgs/msg/_dvl_beam.py
[1.996s] -- Up-to-date: /home/sunny/catkin_ws/install/uuv_sensor_ros_plugins_msgs/local/lib/python3.10/dist-packages/uuv_sensor_ros_plugins_msgs/msg/_position_with_covariance_s.c
[1.996s] -- Up-to-date: /home/sunny/catkin_ws/install/uuv_sensor_ros_plugins_msgs/local/lib/python3.10/dist-packages/uuv_sensor_ros_plugins_msgs/msg/_position_with_covariance.py
[1.996s] -- Up-to-date: /home/sunny/catkin_ws/install/uuv_sensor_ros_plugins_msgs/local/lib/python3.10/dist-packages/uuv_sensor_ros_plugins_msgs/msg/_dvl_beam_s.c
[1.996s] -- Up-to-date: /home/sunny/catkin_ws/install/uuv_sensor_ros_plugins_msgs/local/lib/python3.10/dist-packages/uuv_sensor_ros_plugins_msgs/msg/_chemical_particle_concentration.py
[1.997s] -- Up-to-date: /home/sunny/catkin_ws/install/uuv_sensor_ros_plugins_msgs/local/lib/python3.10/dist-packages/uuv_sensor_ros_plugins_msgs/msg/_salinity_s.c
[1.997s] -- Up-to-date: /home/sunny/catkin_ws/install/uuv_sensor_ros_plugins_msgs/local/lib/python3.10/dist-packages/uuv_sensor_ros_plugins_msgs/msg/_position_with_covariance_stamped.py
[1.997s] -- Up-to-date: /home/sunny/catkin_ws/install/uuv_sensor_ros_plugins_msgs/local/lib/python3.10/dist-packages/uuv_sensor_ros_plugins_msgs/msg/_dvl.py
[1.997s] -- Up-to-date: /home/sunny/catkin_ws/install/uuv_sensor_ros_plugins_msgs/local/lib/python3.10/dist-packages/uuv_sensor_ros_plugins_msgs/_uuv_sensor_ros_plugins_msgs_s.ep.rosidl_typesupport_introspection_c.c
[1.997s] -- Up-to-date: /home/sunny/catkin_ws/install/uuv_sensor_ros_plugins_msgs/local/lib/python3.10/dist-packages/uuv_sensor_ros_plugins_msgs/libuuv_sensor_ros_plugins_msgs__rosidl_generator_py.so
[2.002s] Listing '/home/sunny/catkin_ws/install/uuv_sensor_ros_plugins_msgs/local/lib/python3.10/dist-packages/uuv_sensor_ros_plugins_msgs'...
[2.002s] Listing '/home/sunny/catkin_ws/install/uuv_sensor_ros_plugins_msgs/local/lib/python3.10/dist-packages/uuv_sensor_ros_plugins_msgs/msg'...
[2.002s] Listing '/home/sunny/catkin_ws/install/uuv_sensor_ros_plugins_msgs/local/lib/python3.10/dist-packages/uuv_sensor_ros_plugins_msgs/srv'...
[2.002s] -- Up-to-date: /home/sunny/catkin_ws/install/uuv_sensor_ros_plugins_msgs/local/lib/python3.10/dist-packages/uuv_sensor_ros_plugins_msgs/uuv_sensor_ros_plugins_msgs_s__rosidl_typesupport_fastrtps_c.cpython-310-x86_64-linux-gnu.so
[2.002s] -- Up-to-date: /home/sunny/catkin_ws/install/uuv_sensor_ros_plugins_msgs/local/lib/python3.10/dist-packages/uuv_sensor_ros_plugins_msgs/uuv_sensor_ros_plugins_msgs_s__rosidl_typesupport_introspection_c.cpython-310-x86_64-linux-gnu.so
[2.002s] -- Up-to-date: /home/sunny/catkin_ws/install/uuv_sensor_ros_plugins_msgs/local/lib/python3.10/dist-packages/uuv_sensor_ros_plugins_msgs/uuv_sensor_ros_plugins_msgs_s__rosidl_typesupport_c.cpython-310-x86_64-linux-gnu.so
[2.002s] -- Up-to-date: /home/sunny/catkin_ws/install/uuv_sensor_ros_plugins_msgs/lib/libuuv_sensor_ros_plugins_msgs__rosidl_generator_py.so
[2.003s] -- Up-to-date: /home/sunny/catkin_ws/install/uuv_sensor_ros_plugins_msgs/share/uuv_sensor_ros_plugins_msgs/msg/DVL.idl
[2.003s] -- Up-to-date: /home/sunny/catkin_ws/install/uuv_sensor_ros_plugins_msgs/share/uuv_sensor_ros_plugins_msgs/msg/DVLBeam.idl
[2.003s] -- Up-to-date: /home/sunny/catkin_ws/install/uuv_sensor_ros_plugins_msgs/share/uuv_sensor_ros_plugins_msgs/msg/PositionWithCovariance.idl
[2.003s] -- Up-to-date: /home/sunny/catkin_ws/install/uuv_sensor_ros_plugins_msgs/share/uuv_sensor_ros_plugins_msgs/msg/PositionWithCovarianceStamped.idl
[2.003s] -- Up-to-date: /home/sunny/catkin_ws/install/uuv_sensor_ros_plugins_msgs/share/uuv_sensor_ros_plugins_msgs/msg/ChemicalParticleConcentration.idl
[2.003s] -- Up-to-date: /home/sunny/catkin_ws/install/uuv_sensor_ros_plugins_msgs/share/uuv_sensor_ros_plugins_msgs/msg/Salinity.idl
[2.003s] -- Up-to-date: /home/sunny/catkin_ws/install/uuv_sensor_ros_plugins_msgs/share/uuv_sensor_ros_plugins_msgs/srv/ChangeSensorState.idl
[2.003s] -- Up-to-date: /home/sunny/catkin_ws/install/uuv_sensor_ros_plugins_msgs/share/uuv_sensor_ros_plugins_msgs/msg/DVL.msg
[2.003s] -- Up-to-date: /home/sunny/catkin_ws/install/uuv_sensor_ros_plugins_msgs/share/uuv_sensor_ros_plugins_msgs/msg/DVLBeam.msg
[2.003s] -- Up-to-date: /home/sunny/catkin_ws/install/uuv_sensor_ros_plugins_msgs/share/uuv_sensor_ros_plugins_msgs/msg/PositionWithCovariance.msg
[2.003s] -- Up-to-date: /home/sunny/catkin_ws/install/uuv_sensor_ros_plugins_msgs/share/uuv_sensor_ros_plugins_msgs/msg/PositionWithCovarianceStamped.msg
[2.003s] -- Up-to-date: /home/sunny/catkin_ws/install/uuv_sensor_ros_plugins_msgs/share/uuv_sensor_ros_plugins_msgs/msg/ChemicalParticleConcentration.msg
[2.004s] -- Up-to-date: /home/sunny/catkin_ws/install/uuv_sensor_ros_plugins_msgs/share/uuv_sensor_ros_plugins_msgs/msg/Salinity.msg
[2.004s] -- Up-to-date: /home/sunny/catkin_ws/install/uuv_sensor_ros_plugins_msgs/share/uuv_sensor_ros_plugins_msgs/srv/ChangeSensorState.srv
[2.004s] -- Up-to-date: /home/sunny/catkin_ws/install/uuv_sensor_ros_plugins_msgs/share/uuv_sensor_ros_plugins_msgs/srv/ChangeSensorState_Request.msg
[2.004s] -- Up-to-date: /home/sunny/catkin_ws/install/uuv_sensor_ros_plugins_msgs/share/uuv_sensor_ros_plugins_msgs/srv/ChangeSensorState_Response.msg
[2.004s] -- Up-to-date: /home/sunny/catkin_ws/install/uuv_sensor_ros_plugins_msgs/share/ament_index/resource_index/package_run_dependencies/uuv_sensor_ros_plugins_msgs
[2.004s] -- Up-to-date: /home/sunny/catkin_ws/install/uuv_sensor_ros_plugins_msgs/share/ament_index/resource_index/parent_prefix_path/uuv_sensor_ros_plugins_msgs
[2.004s] -- Up-to-date: /home/sunny/catkin_ws/install/uuv_sensor_ros_plugins_msgs/share/uuv_sensor_ros_plugins_msgs/environment/ament_prefix_path.sh
[2.004s] -- Up-to-date: /home/sunny/catkin_ws/install/uuv_sensor_ros_plugins_msgs/share/uuv_sensor_ros_plugins_msgs/environment/ament_prefix_path.dsv
[2.004s] -- Up-to-date: /home/sunny/catkin_ws/install/uuv_sensor_ros_plugins_msgs/share/uuv_sensor_ros_plugins_msgs/environment/path.sh
[2.004s] -- Up-to-date: /home/sunny/catkin_ws/install/uuv_sensor_ros_plugins_msgs/share/uuv_sensor_ros_plugins_msgs/environment/path.dsv
[2.004s] -- Up-to-date: /home/sunny/catkin_ws/install/uuv_sensor_ros_plugins_msgs/share/uuv_sensor_ros_plugins_msgs/local_setup.bash
[2.004s] -- Up-to-date: /home/sunny/catkin_ws/install/uuv_sensor_ros_plugins_msgs/share/uuv_sensor_ros_plugins_msgs/local_setup.sh
[2.004s] -- Up-to-date: /home/sunny/catkin_ws/install/uuv_sensor_ros_plugins_msgs/share/uuv_sensor_ros_plugins_msgs/local_setup.zsh
[2.005s] -- Up-to-date: /home/sunny/catkin_ws/install/uuv_sensor_ros_plugins_msgs/share/uuv_sensor_ros_plugins_msgs/local_setup.dsv
[2.005s] -- Installing: /home/sunny/catkin_ws/install/uuv_sensor_ros_plugins_msgs/share/uuv_sensor_ros_plugins_msgs/package.dsv
[2.005s] -- Up-to-date: /home/sunny/catkin_ws/install/uuv_sensor_ros_plugins_msgs/share/ament_index/resource_index/packages/uuv_sensor_ros_plugins_msgs
[2.005s] -- Up-to-date: /home/sunny/catkin_ws/install/uuv_sensor_ros_plugins_msgs/share/uuv_sensor_ros_plugins_msgs/cmake/export_uuv_sensor_ros_plugins_msgs__rosidl_generator_cExport.cmake
[2.005s] -- Up-to-date: /home/sunny/catkin_ws/install/uuv_sensor_ros_plugins_msgs/share/uuv_sensor_ros_plugins_msgs/cmake/export_uuv_sensor_ros_plugins_msgs__rosidl_generator_cExport-noconfig.cmake
[2.005s] -- Up-to-date: /home/sunny/catkin_ws/install/uuv_sensor_ros_plugins_msgs/share/uuv_sensor_ros_plugins_msgs/cmake/export_uuv_sensor_ros_plugins_msgs__rosidl_typesupport_fastrtps_cExport.cmake
[2.005s] -- Up-to-date: /home/sunny/catkin_ws/install/uuv_sensor_ros_plugins_msgs/share/uuv_sensor_ros_plugins_msgs/cmake/export_uuv_sensor_ros_plugins_msgs__rosidl_typesupport_fastrtps_cExport-noconfig.cmake
[2.005s] -- Up-to-date: /home/sunny/catkin_ws/install/uuv_sensor_ros_plugins_msgs/share/uuv_sensor_ros_plugins_msgs/cmake/export_uuv_sensor_ros_plugins_msgs__rosidl_generator_cppExport.cmake
[2.006s] -- Up-to-date: /home/sunny/catkin_ws/install/uuv_sensor_ros_plugins_msgs/share/uuv_sensor_ros_plugins_msgs/cmake/export_uuv_sensor_ros_plugins_msgs__rosidl_typesupport_fastrtps_cppExport.cmake
[2.006s] -- Up-to-date: /home/sunny/catkin_ws/install/uuv_sensor_ros_plugins_msgs/share/uuv_sensor_ros_plugins_msgs/cmake/export_uuv_sensor_ros_plugins_msgs__rosidl_typesupport_fastrtps_cppExport-noconfig.cmake
[2.006s] -- Up-to-date: /home/sunny/catkin_ws/install/uuv_sensor_ros_plugins_msgs/share/uuv_sensor_ros_plugins_msgs/cmake/uuv_sensor_ros_plugins_msgs__rosidl_typesupport_introspection_cExport.cmake
[2.006s] -- Up-to-date: /home/sunny/catkin_ws/install/uuv_sensor_ros_plugins_msgs/share/uuv_sensor_ros_plugins_msgs/cmake/uuv_sensor_ros_plugins_msgs__rosidl_typesupport_introspection_cExport-noconfig.cmake
[2.006s] -- Up-to-date: /home/sunny/catkin_ws/install/uuv_sensor_ros_plugins_msgs/share/uuv_sensor_ros_plugins_msgs/cmake/uuv_sensor_ros_plugins_msgs__rosidl_typesupport_cExport.cmake
[2.006s] -- Up-to-date: /home/sunny/catkin_ws/install/uuv_sensor_ros_plugins_msgs/share/uuv_sensor_ros_plugins_msgs/cmake/uuv_sensor_ros_plugins_msgs__rosidl_typesupport_cExport-noconfig.cmake
[2.006s] -- Up-to-date: /home/sunny/catkin_ws/install/uuv_sensor_ros_plugins_msgs/share/uuv_sensor_ros_plugins_msgs/cmake/uuv_sensor_ros_plugins_msgs__rosidl_typesupport_introspection_cppExport.cmake
[2.006s] -- Up-to-date: /home/sunny/catkin_ws/install/uuv_sensor_ros_plugins_msgs/share/uuv_sensor_ros_plugins_msgs/cmake/uuv_sensor_ros_plugins_msgs__rosidl_typesupport_introspection_cppExport-noconfig.cmake
[2.006s] -- Up-to-date: /home/sunny/catkin_ws/install/uuv_sensor_ros_plugins_msgs/share/uuv_sensor_ros_plugins_msgs/cmake/uuv_sensor_ros_plugins_msgs__rosidl_typesupport_cppExport.cmake
[2.007s] -- Up-to-date: /home/sunny/catkin_ws/install/uuv_sensor_ros_plugins_msgs/share/uuv_sensor_ros_plugins_msgs/cmake/uuv_sensor_ros_plugins_msgs__rosidl_typesupport_cppExport-noconfig.cmake
[2.007s] -- Up-to-date: /home/sunny/catkin_ws/install/uuv_sensor_ros_plugins_msgs/share/uuv_sensor_ros_plugins_msgs/cmake/export_uuv_sensor_ros_plugins_msgs__rosidl_generator_pyExport.cmake
[2.007s] -- Up-to-date: /home/sunny/catkin_ws/install/uuv_sensor_ros_plugins_msgs/share/uuv_sensor_ros_plugins_msgs/cmake/export_uuv_sensor_ros_plugins_msgs__rosidl_generator_pyExport-noconfig.cmake
[2.007s] -- Up-to-date: /home/sunny/catkin_ws/install/uuv_sensor_ros_plugins_msgs/share/uuv_sensor_ros_plugins_msgs/cmake/rosidl_cmake-extras.cmake
[2.007s] -- Up-to-date: /home/sunny/catkin_ws/install/uuv_sensor_ros_plugins_msgs/share/uuv_sensor_ros_plugins_msgs/cmake/ament_cmake_export_dependencies-extras.cmake
[2.007s] -- Up-to-date: /home/sunny/catkin_ws/install/uuv_sensor_ros_plugins_msgs/share/uuv_sensor_ros_plugins_msgs/cmake/ament_cmake_export_include_directories-extras.cmake
[2.007s] -- Up-to-date: /home/sunny/catkin_ws/install/uuv_sensor_ros_plugins_msgs/share/uuv_sensor_ros_plugins_msgs/cmake/ament_cmake_export_libraries-extras.cmake
[2.007s] -- Up-to-date: /home/sunny/catkin_ws/install/uuv_sensor_ros_plugins_msgs/share/uuv_sensor_ros_plugins_msgs/cmake/ament_cmake_export_targets-extras.cmake
[2.007s] -- Up-to-date: /home/sunny/catkin_ws/install/uuv_sensor_ros_plugins_msgs/share/uuv_sensor_ros_plugins_msgs/cmake/rosidl_cmake_export_typesupport_targets-extras.cmake
[2.008s] -- Up-to-date: /home/sunny/catkin_ws/install/uuv_sensor_ros_plugins_msgs/share/uuv_sensor_ros_plugins_msgs/cmake/rosidl_cmake_export_typesupport_libraries-extras.cmake
[2.008s] -- Up-to-date: /home/sunny/catkin_ws/install/uuv_sensor_ros_plugins_msgs/share/uuv_sensor_ros_plugins_msgs/cmake/uuv_sensor_ros_plugins_msgsConfig.cmake
[2.008s] -- Up-to-date: /home/sunny/catkin_ws/install/uuv_sensor_ros_plugins_msgs/share/uuv_sensor_ros_plugins_msgs/cmake/uuv_sensor_ros_plugins_msgsConfig-version.cmake
[2.008s] -- Up-to-date: /home/sunny/catkin_ws/install/uuv_sensor_ros_plugins_msgs/share/uuv_sensor_ros_plugins_msgs/package.xml
[2.548s] Invoked command in '/home/sunny/catkin_ws/build/uuv_sensor_ros_plugins_msgs' returned '0': CMAKE_PREFIX_PATH=${CMAKE_PREFIX_PATH}:/home/sunny/catkin_ws/install/beluga_adapter:/opt/ros/humble /usr/bin/cmake --install /home/sunny/catkin_ws/build/uuv_sensor_ros_plugins_msgs
