[2.241s] Invoking command in '/home/sunny/catkin_ws/src/beluga_adapter': CMAKE_PREFIX_PATH=/home/sunny/catkin_ws/install/common_msgs:/home/sunny/catkin_ws/install/uuv_control_utils:/home/sunny/catkin_ws/install/uuv_world_ros_plugins_msgs:/home/sunny/catkin_ws/install/uuv_world_plugins:/home/sunny/catkin_ws/install/uuv_tutorial_seabed_world:/home/sunny/catkin_ws/install/uuv_trajectory_control:/home/sunny/catkin_ws/install/uuv_thruster_manager:/home/sunny/catkin_ws/install/uuv_sensor_ros_plugins_msgs:/home/sunny/catkin_ws/install/uuv_gazebo_worlds:/home/sunny/catkin_ws/install/uuv_gazebo_ros_plugins_msgs:/home/sunny/catkin_ws/install/uuv_gazebo_plugins:/home/sunny/catkin_ws/install/uuv_gazebo:/home/sunny/catkin_ws/install/uuv_control_msgs:/home/sunny/catkin_ws/install/uuv_control_cascaded_pid:/home/sunny/catkin_ws/install/uuv_auv_control_allocator:/home/sunny/catkin_ws/install/uuv_assistants:/home/sunny/catkin_ws/install/plankton_utils:/home/sunny/catkin_ws/install/turtlesim:/home/sunny/catkin_ws/install/beluga_simulator LD_LIBRARY_PATH=/home/sunny/catkin_ws/install/common_msgs/lib:/home/sunny/catkin_ws/install/uuv_world_ros_plugins_msgs/lib:/home/sunny/catkin_ws/install/uuv_world_plugins/lib:/home/sunny/catkin_ws/install/uuv_thruster_manager/lib:/home/sunny/catkin_ws/install/uuv_sensor_ros_plugins_msgs/lib:/home/sunny/catkin_ws/install/uuv_gazebo_ros_plugins_msgs/lib:/home/sunny/catkin_ws/install/uuv_gazebo_plugins/lib:/home/sunny/catkin_ws/install/uuv_control_msgs/lib:/home/sunny/catkin_ws/install/uuv_auv_control_allocator/lib:/home/sunny/catkin_ws/install/turtlesim/lib:/opt/ros/humble/opt/rviz_ogre_vendor/lib:/opt/ros/humble/lib/x86_64-linux-gnu:/opt/ros/humble/lib:/usr/lib/x86_64-linux-gnu/gazebo-11/plugins:/usr/lib/x86_64-linux-gnu/gazebo-11/plugins:/usr/lib/x86_64-linux-gnu/gazebo-11/plugins PYTHONPATH=/home/sunny/catkin_ws/build/beluga_adapter/prefix_override:/home/sunny/catkin_ws/install/beluga_adapter/lib/python3.10/site-packages:${PYTHONPATH} /usr/bin/python3 setup.py egg_info --egg-base ../../build/beluga_adapter build --build-base /home/sunny/catkin_ws/build/beluga_adapter/build install --record /home/sunny/catkin_ws/build/beluga_adapter/install.log --single-version-externally-managed
[3.191s] running egg_info
[3.192s] writing ../../build/beluga_adapter/beluga_adapter.egg-info/PKG-INFO
[3.192s] writing dependency_links to ../../build/beluga_adapter/beluga_adapter.egg-info/dependency_links.txt
[3.200s] writing entry points to ../../build/beluga_adapter/beluga_adapter.egg-info/entry_points.txt
[3.200s] writing requirements to ../../build/beluga_adapter/beluga_adapter.egg-info/requires.txt
[3.200s] writing top-level names to ../../build/beluga_adapter/beluga_adapter.egg-info/top_level.txt
[3.205s] reading manifest file '../../build/beluga_adapter/beluga_adapter.egg-info/SOURCES.txt'
[3.206s] writing manifest file '../../build/beluga_adapter/beluga_adapter.egg-info/SOURCES.txt'
[3.211s] running build
[3.211s] running build_py
[3.212s] running install
[3.212s] /usr/lib/python3/dist-packages/setuptools/command/install.py:34: SetuptoolsDeprecationWarning: setup.py install is deprecated. Use build and pip and other standards-based tools.
[3.212s]   warnings.warn(
[3.213s] running install_lib
[3.220s] running install_data
[3.223s] running install_egg_info
[3.226s] removing '/home/sunny/catkin_ws/install/beluga_adapter/lib/python3.10/site-packages/beluga_adapter-0.0.0-py3.10.egg-info' (and everything under it)
[3.234s] Copying ../../build/beluga_adapter/beluga_adapter.egg-info to /home/sunny/catkin_ws/install/beluga_adapter/lib/python3.10/site-packages/beluga_adapter-0.0.0-py3.10.egg-info
[3.236s] running install_scripts
[3.338s] writing list of installed files to '/home/sunny/catkin_ws/build/beluga_adapter/install.log'
[3.587s] Invoked command in '/home/sunny/catkin_ws/src/beluga_adapter' returned '0': CMAKE_PREFIX_PATH=/home/sunny/catkin_ws/install/common_msgs:/home/sunny/catkin_ws/install/uuv_control_utils:/home/sunny/catkin_ws/install/uuv_world_ros_plugins_msgs:/home/sunny/catkin_ws/install/uuv_world_plugins:/home/sunny/catkin_ws/install/uuv_tutorial_seabed_world:/home/sunny/catkin_ws/install/uuv_trajectory_control:/home/sunny/catkin_ws/install/uuv_thruster_manager:/home/sunny/catkin_ws/install/uuv_sensor_ros_plugins_msgs:/home/sunny/catkin_ws/install/uuv_gazebo_worlds:/home/sunny/catkin_ws/install/uuv_gazebo_ros_plugins_msgs:/home/sunny/catkin_ws/install/uuv_gazebo_plugins:/home/sunny/catkin_ws/install/uuv_gazebo:/home/sunny/catkin_ws/install/uuv_control_msgs:/home/sunny/catkin_ws/install/uuv_control_cascaded_pid:/home/sunny/catkin_ws/install/uuv_auv_control_allocator:/home/sunny/catkin_ws/install/uuv_assistants:/home/sunny/catkin_ws/install/plankton_utils:/home/sunny/catkin_ws/install/turtlesim:/home/sunny/catkin_ws/install/beluga_simulator LD_LIBRARY_PATH=/home/sunny/catkin_ws/install/common_msgs/lib:/home/sunny/catkin_ws/install/uuv_world_ros_plugins_msgs/lib:/home/sunny/catkin_ws/install/uuv_world_plugins/lib:/home/sunny/catkin_ws/install/uuv_thruster_manager/lib:/home/sunny/catkin_ws/install/uuv_sensor_ros_plugins_msgs/lib:/home/sunny/catkin_ws/install/uuv_gazebo_ros_plugins_msgs/lib:/home/sunny/catkin_ws/install/uuv_gazebo_plugins/lib:/home/sunny/catkin_ws/install/uuv_control_msgs/lib:/home/sunny/catkin_ws/install/uuv_auv_control_allocator/lib:/home/sunny/catkin_ws/install/turtlesim/lib:/opt/ros/humble/opt/rviz_ogre_vendor/lib:/opt/ros/humble/lib/x86_64-linux-gnu:/opt/ros/humble/lib:/usr/lib/x86_64-linux-gnu/gazebo-11/plugins:/usr/lib/x86_64-linux-gnu/gazebo-11/plugins:/usr/lib/x86_64-linux-gnu/gazebo-11/plugins PYTHONPATH=/home/sunny/catkin_ws/build/beluga_adapter/prefix_override:/home/sunny/catkin_ws/install/beluga_adapter/lib/python3.10/site-packages:${PYTHONPATH} /usr/bin/python3 setup.py egg_info --egg-base ../../build/beluga_adapter build --build-base /home/sunny/catkin_ws/build/beluga_adapter/build install --record /home/sunny/catkin_ws/build/beluga_adapter/install.log --single-version-externally-managed
