[0.566s] Invoking command in '/home/sunny/catkin_ws/build/uuv_control_msgs': CMAKE_PREFIX_PATH=${CMAKE_PREFIX_PATH}:/home/sunny/catkin_ws/install/beluga_adapter:/opt/ros/humble /usr/bin/cmake --build /home/sunny/catkin_ws/build/uuv_control_msgs -- -j16 -l16
[0.656s] [  0%] Built target uuv_control_msgs__cpp
[0.706s] [  0%] Built target ament_cmake_python_copy_uuv_control_msgs
[0.706s] [ 12%] Built target uuv_control_msgs__rosidl_generator_c
[0.751s] [ 24%] Built target uuv_control_msgs__rosidl_typesupport_cpp
[0.797s] [ 37%] Built target uuv_control_msgs__rosidl_typesupport_introspection_cpp
[0.806s] [ 49%] Built target uuv_control_msgs__rosidl_typesupport_fastrtps_cpp
[0.825s] [ 62%] Built target uuv_control_msgs__rosidl_typesupport_introspection_c
[0.842s] [ 74%] Built target uuv_control_msgs__rosidl_typesupport_fastrtps_c
[0.848s] [ 86%] Built target uuv_control_msgs__rosidl_typesupport_c
[0.934s] [ 86%] Built target uuv_control_msgs
[0.994s] [ 86%] Built target uuv_control_msgs__py
[1.085s] [ 98%] Built target uuv_control_msgs__rosidl_generator_py
[1.146s] [ 99%] Built target uuv_control_msgs__rosidl_typesupport_c__pyext
[1.147s] running egg_info
[1.147s] writing uuv_control_msgs.egg-info/PKG-INFO
[1.147s] writing dependency_links to uuv_control_msgs.egg-info/dependency_links.txt
[1.147s] writing top-level names to uuv_control_msgs.egg-info/top_level.txt
[1.152s] reading manifest file 'uuv_control_msgs.egg-info/SOURCES.txt'
[1.152s] writing manifest file 'uuv_control_msgs.egg-info/SOURCES.txt'
[1.157s] [100%] Built target uuv_control_msgs__rosidl_typesupport_fastrtps_c__pyext
[1.162s] [100%] Built target uuv_control_msgs__rosidl_typesupport_introspection_c__pyext
[1.218s] [100%] Built target ament_cmake_python_build_uuv_control_msgs_egg
[1.380s] Invoked command in '/home/sunny/catkin_ws/build/uuv_control_msgs' returned '0': CMAKE_PREFIX_PATH=${CMAKE_PREFIX_PATH}:/home/sunny/catkin_ws/install/beluga_adapter:/opt/ros/humble /usr/bin/cmake --build /home/sunny/catkin_ws/build/uuv_control_msgs -- -j16 -l16
[2.752s] Invoking command in '/home/sunny/catkin_ws/build/uuv_control_msgs': CMAKE_PREFIX_PATH=${CMAKE_PREFIX_PATH}:/home/sunny/catkin_ws/install/beluga_adapter:/opt/ros/humble /usr/bin/cmake --install /home/sunny/catkin_ws/build/uuv_control_msgs
[2.827s] -- Install configuration: ""
[2.828s] -- Up-to-date: /home/sunny/catkin_ws/install/uuv_control_msgs/share/ament_index/resource_index/rosidl_interfaces/uuv_control_msgs
[2.828s] -- Up-to-date: /home/sunny/catkin_ws/install/uuv_control_msgs/include/uuv_control_msgs/uuv_control_msgs
[2.828s] -- Up-to-date: /home/sunny/catkin_ws/install/uuv_control_msgs/include/uuv_control_msgs/uuv_control_msgs/srv
[2.828s] -- Up-to-date: /home/sunny/catkin_ws/install/uuv_control_msgs/include/uuv_control_msgs/uuv_control_msgs/srv/switch_to_automatic.h
[2.828s] -- Up-to-date: /home/sunny/catkin_ws/install/uuv_control_msgs/include/uuv_control_msgs/uuv_control_msgs/srv/init_rect_trajectory.h
[2.828s] -- Up-to-date: /home/sunny/catkin_ws/install/uuv_control_msgs/include/uuv_control_msgs/uuv_control_msgs/srv/set_pid_params.h
[2.828s] -- Up-to-date: /home/sunny/catkin_ws/install/uuv_control_msgs/include/uuv_control_msgs/uuv_control_msgs/srv/get_mbsm_controller_params.h
[2.828s] -- Up-to-date: /home/sunny/catkin_ws/install/uuv_control_msgs/include/uuv_control_msgs/uuv_control_msgs/srv/init_circular_trajectory.h
[2.828s] -- Up-to-date: /home/sunny/catkin_ws/install/uuv_control_msgs/include/uuv_control_msgs/uuv_control_msgs/srv/get_sm_controller_params.h
[2.828s] -- Up-to-date: /home/sunny/catkin_ws/install/uuv_control_msgs/include/uuv_control_msgs/uuv_control_msgs/srv/detail
[2.829s] -- Up-to-date: /home/sunny/catkin_ws/install/uuv_control_msgs/include/uuv_control_msgs/uuv_control_msgs/srv/detail/go_to_incremental__type_support.h
[2.829s] -- Up-to-date: /home/sunny/catkin_ws/install/uuv_control_msgs/include/uuv_control_msgs/uuv_control_msgs/srv/detail/init_waypoints_from_file__functions.c
[2.829s] -- Up-to-date: /home/sunny/catkin_ws/install/uuv_control_msgs/include/uuv_control_msgs/uuv_control_msgs/srv/detail/set_pid_params__functions.h
[2.829s] -- Up-to-date: /home/sunny/catkin_ws/install/uuv_control_msgs/include/uuv_control_msgs/uuv_control_msgs/srv/detail/reset_controller__functions.h
[2.829s] -- Up-to-date: /home/sunny/catkin_ws/install/uuv_control_msgs/include/uuv_control_msgs/uuv_control_msgs/srv/detail/init_waypoint_set__functions.h
[2.830s] -- Up-to-date: /home/sunny/catkin_ws/install/uuv_control_msgs/include/uuv_control_msgs/uuv_control_msgs/srv/detail/switch_to_automatic__functions.c
[2.830s] -- Up-to-date: /home/sunny/catkin_ws/install/uuv_control_msgs/include/uuv_control_msgs/uuv_control_msgs/srv/detail/get_mbsm_controller_params__functions.h
[2.830s] -- Up-to-date: /home/sunny/catkin_ws/install/uuv_control_msgs/include/uuv_control_msgs/uuv_control_msgs/srv/detail/reset_controller__type_support.h
[2.830s] -- Up-to-date: /home/sunny/catkin_ws/install/uuv_control_msgs/include/uuv_control_msgs/uuv_control_msgs/srv/detail/get_pid_params__struct.h
[2.830s] -- Up-to-date: /home/sunny/catkin_ws/install/uuv_control_msgs/include/uuv_control_msgs/uuv_control_msgs/srv/detail/get_waypoints__type_support.h
[2.831s] -- Up-to-date: /home/sunny/catkin_ws/install/uuv_control_msgs/include/uuv_control_msgs/uuv_control_msgs/srv/detail/clear_waypoints__struct.h
[2.831s] -- Up-to-date: /home/sunny/catkin_ws/install/uuv_control_msgs/include/uuv_control_msgs/uuv_control_msgs/srv/detail/set_mbsm_controller_params__type_support.h
[2.831s] -- Up-to-date: /home/sunny/catkin_ws/install/uuv_control_msgs/include/uuv_control_msgs/uuv_control_msgs/srv/detail/hold__struct.h
[2.831s] -- Up-to-date: /home/sunny/catkin_ws/install/uuv_control_msgs/include/uuv_control_msgs/uuv_control_msgs/srv/detail/get_mbsm_controller_params__struct.h
[2.831s] -- Up-to-date: /home/sunny/catkin_ws/install/uuv_control_msgs/include/uuv_control_msgs/uuv_control_msgs/srv/detail/get_sm_controller_params__type_support.h
[2.832s] -- Up-to-date: /home/sunny/catkin_ws/install/uuv_control_msgs/include/uuv_control_msgs/uuv_control_msgs/srv/detail/is_running_trajectory__functions.h
[2.832s] -- Up-to-date: /home/sunny/catkin_ws/install/uuv_control_msgs/include/uuv_control_msgs/uuv_control_msgs/srv/detail/hold__type_support.h
[2.832s] -- Up-to-date: /home/sunny/catkin_ws/install/uuv_control_msgs/include/uuv_control_msgs/uuv_control_msgs/srv/detail/get_sm_controller_params__functions.h
[2.832s] -- Up-to-date: /home/sunny/catkin_ws/install/uuv_control_msgs/include/uuv_control_msgs/uuv_control_msgs/srv/detail/init_circular_trajectory__type_support.h
[2.833s] -- Up-to-date: /home/sunny/catkin_ws/install/uuv_control_msgs/include/uuv_control_msgs/uuv_control_msgs/srv/detail/get_waypoints__functions.c
[2.833s] -- Up-to-date: /home/sunny/catkin_ws/install/uuv_control_msgs/include/uuv_control_msgs/uuv_control_msgs/srv/detail/set_mbsm_controller_params__struct.h
[2.833s] -- Up-to-date: /home/sunny/catkin_ws/install/uuv_control_msgs/include/uuv_control_msgs/uuv_control_msgs/srv/detail/switch_to_manual__functions.c
[2.833s] -- Up-to-date: /home/sunny/catkin_ws/install/uuv_control_msgs/include/uuv_control_msgs/uuv_control_msgs/srv/detail/switch_to_automatic__struct.h
[2.833s] -- Up-to-date: /home/sunny/catkin_ws/install/uuv_control_msgs/include/uuv_control_msgs/uuv_control_msgs/srv/detail/init_waypoint_set__functions.c
[2.833s] -- Up-to-date: /home/sunny/catkin_ws/install/uuv_control_msgs/include/uuv_control_msgs/uuv_control_msgs/srv/detail/hold__functions.c
[2.834s] -- Up-to-date: /home/sunny/catkin_ws/install/uuv_control_msgs/include/uuv_control_msgs/uuv_control_msgs/srv/detail/init_helical_trajectory__functions.c
[2.834s] -- Up-to-date: /home/sunny/catkin_ws/install/uuv_control_msgs/include/uuv_control_msgs/uuv_control_msgs/srv/detail/set_pid_params__struct.h
[2.834s] -- Up-to-date: /home/sunny/catkin_ws/install/uuv_control_msgs/include/uuv_control_msgs/uuv_control_msgs/srv/detail/reset_controller__functions.c
[2.834s] -- Up-to-date: /home/sunny/catkin_ws/install/uuv_control_msgs/include/uuv_control_msgs/uuv_control_msgs/srv/detail/hold__functions.h
[2.834s] -- Up-to-date: /home/sunny/catkin_ws/install/uuv_control_msgs/include/uuv_control_msgs/uuv_control_msgs/srv/detail/switch_to_manual__functions.h
[2.834s] -- Up-to-date: /home/sunny/catkin_ws/install/uuv_control_msgs/include/uuv_control_msgs/uuv_control_msgs/srv/detail/reset_controller__struct.h
[2.834s] -- Up-to-date: /home/sunny/catkin_ws/install/uuv_control_msgs/include/uuv_control_msgs/uuv_control_msgs/srv/detail/init_rect_trajectory__type_support.h
[2.834s] -- Up-to-date: /home/sunny/catkin_ws/install/uuv_control_msgs/include/uuv_control_msgs/uuv_control_msgs/srv/detail/init_waypoint_set__struct.h
[2.835s] -- Up-to-date: /home/sunny/catkin_ws/install/uuv_control_msgs/include/uuv_control_msgs/uuv_control_msgs/srv/detail/go_to__struct.h
[2.835s] -- Up-to-date: /home/sunny/catkin_ws/install/uuv_control_msgs/include/uuv_control_msgs/uuv_control_msgs/srv/detail/set_mbsm_controller_params__functions.c
[2.835s] -- Up-to-date: /home/sunny/catkin_ws/install/uuv_control_msgs/include/uuv_control_msgs/uuv_control_msgs/srv/detail/get_mbsm_controller_params__functions.c
[2.835s] -- Up-to-date: /home/sunny/catkin_ws/install/uuv_control_msgs/include/uuv_control_msgs/uuv_control_msgs/srv/detail/is_running_trajectory__functions.c
[2.835s] -- Up-to-date: /home/sunny/catkin_ws/install/uuv_control_msgs/include/uuv_control_msgs/uuv_control_msgs/srv/detail/go_to_incremental__struct.h
[2.835s] -- Up-to-date: /home/sunny/catkin_ws/install/uuv_control_msgs/include/uuv_control_msgs/uuv_control_msgs/srv/detail/init_rect_trajectory__functions.c
[2.836s] -- Up-to-date: /home/sunny/catkin_ws/install/uuv_control_msgs/include/uuv_control_msgs/uuv_control_msgs/srv/detail/go_to_incremental__functions.c
[2.836s] -- Up-to-date: /home/sunny/catkin_ws/install/uuv_control_msgs/include/uuv_control_msgs/uuv_control_msgs/srv/detail/switch_to_automatic__functions.h
[2.836s] -- Up-to-date: /home/sunny/catkin_ws/install/uuv_control_msgs/include/uuv_control_msgs/uuv_control_msgs/srv/detail/set_mbsm_controller_params__functions.h
[2.836s] -- Up-to-date: /home/sunny/catkin_ws/install/uuv_control_msgs/include/uuv_control_msgs/uuv_control_msgs/srv/detail/is_running_trajectory__type_support.h
[2.836s] -- Up-to-date: /home/sunny/catkin_ws/install/uuv_control_msgs/include/uuv_control_msgs/uuv_control_msgs/srv/detail/add_waypoint__struct.h
[2.836s] -- Up-to-date: /home/sunny/catkin_ws/install/uuv_control_msgs/include/uuv_control_msgs/uuv_control_msgs/srv/detail/set_sm_controller_params__functions.c
[2.836s] -- Up-to-date: /home/sunny/catkin_ws/install/uuv_control_msgs/include/uuv_control_msgs/uuv_control_msgs/srv/detail/switch_to_manual__type_support.h
[2.837s] -- Up-to-date: /home/sunny/catkin_ws/install/uuv_control_msgs/include/uuv_control_msgs/uuv_control_msgs/srv/detail/add_waypoint__functions.c
[2.838s] -- Up-to-date: /home/sunny/catkin_ws/install/uuv_control_msgs/include/uuv_control_msgs/uuv_control_msgs/srv/detail/init_helical_trajectory__struct.h
[2.838s] -- Up-to-date: /home/sunny/catkin_ws/install/uuv_control_msgs/include/uuv_control_msgs/uuv_control_msgs/srv/detail/init_helical_trajectory__type_support.h
[2.838s] -- Up-to-date: /home/sunny/catkin_ws/install/uuv_control_msgs/include/uuv_control_msgs/uuv_control_msgs/srv/detail/init_waypoints_from_file__struct.h
[2.838s] -- Up-to-date: /home/sunny/catkin_ws/install/uuv_control_msgs/include/uuv_control_msgs/uuv_control_msgs/srv/detail/start_trajectory__functions.c
[2.839s] -- Up-to-date: /home/sunny/catkin_ws/install/uuv_control_msgs/include/uuv_control_msgs/uuv_control_msgs/srv/detail/start_trajectory__type_support.h
[2.839s] -- Up-to-date: /home/sunny/catkin_ws/install/uuv_control_msgs/include/uuv_control_msgs/uuv_control_msgs/srv/detail/set_sm_controller_params__struct.h
[2.839s] -- Up-to-date: /home/sunny/catkin_ws/install/uuv_control_msgs/include/uuv_control_msgs/uuv_control_msgs/srv/detail/go_to__functions.c
[2.839s] -- Up-to-date: /home/sunny/catkin_ws/install/uuv_control_msgs/include/uuv_control_msgs/uuv_control_msgs/srv/detail/init_rect_trajectory__struct.h
[2.839s] -- Up-to-date: /home/sunny/catkin_ws/install/uuv_control_msgs/include/uuv_control_msgs/uuv_control_msgs/srv/detail/go_to_incremental__functions.h
[2.839s] -- Up-to-date: /home/sunny/catkin_ws/install/uuv_control_msgs/include/uuv_control_msgs/uuv_control_msgs/srv/detail/get_sm_controller_params__functions.c
[2.840s] -- Up-to-date: /home/sunny/catkin_ws/install/uuv_control_msgs/include/uuv_control_msgs/uuv_control_msgs/srv/detail/init_circular_trajectory__functions.h
[2.841s] -- Up-to-date: /home/sunny/catkin_ws/install/uuv_control_msgs/include/uuv_control_msgs/uuv_control_msgs/srv/detail/set_pid_params__functions.c
[2.841s] -- Up-to-date: /home/sunny/catkin_ws/install/uuv_control_msgs/include/uuv_control_msgs/uuv_control_msgs/srv/detail/clear_waypoints__type_support.h
[2.841s] -- Up-to-date: /home/sunny/catkin_ws/install/uuv_control_msgs/include/uuv_control_msgs/uuv_control_msgs/srv/detail/init_waypoints_from_file__type_support.h
[2.842s] -- Up-to-date: /home/sunny/catkin_ws/install/uuv_control_msgs/include/uuv_control_msgs/uuv_control_msgs/srv/detail/get_sm_controller_params__struct.h
[2.842s] -- Up-to-date: /home/sunny/catkin_ws/install/uuv_control_msgs/include/uuv_control_msgs/uuv_control_msgs/srv/detail/go_to__type_support.h
[2.842s] -- Up-to-date: /home/sunny/catkin_ws/install/uuv_control_msgs/include/uuv_control_msgs/uuv_control_msgs/srv/detail/switch_to_manual__struct.h
[2.842s] -- Up-to-date: /home/sunny/catkin_ws/install/uuv_control_msgs/include/uuv_control_msgs/uuv_control_msgs/srv/detail/get_pid_params__functions.h
[2.843s] -- Up-to-date: /home/sunny/catkin_ws/install/uuv_control_msgs/include/uuv_control_msgs/uuv_control_msgs/srv/detail/clear_waypoints__functions.h
[2.843s] -- Up-to-date: /home/sunny/catkin_ws/install/uuv_control_msgs/include/uuv_control_msgs/uuv_control_msgs/srv/detail/is_running_trajectory__struct.h
[2.843s] -- Up-to-date: /home/sunny/catkin_ws/install/uuv_control_msgs/include/uuv_control_msgs/uuv_control_msgs/srv/detail/set_sm_controller_params__type_support.h
[2.843s] -- Up-to-date: /home/sunny/catkin_ws/install/uuv_control_msgs/include/uuv_control_msgs/uuv_control_msgs/srv/detail/clear_waypoints__functions.c
[2.843s] -- Up-to-date: /home/sunny/catkin_ws/install/uuv_control_msgs/include/uuv_control_msgs/uuv_control_msgs/srv/detail/start_trajectory__struct.h
[2.843s] -- Up-to-date: /home/sunny/catkin_ws/install/uuv_control_msgs/include/uuv_control_msgs/uuv_control_msgs/srv/detail/init_helical_trajectory__functions.h
[2.844s] -- Up-to-date: /home/sunny/catkin_ws/install/uuv_control_msgs/include/uuv_control_msgs/uuv_control_msgs/srv/detail/add_waypoint__functions.h
[2.844s] -- Up-to-date: /home/sunny/catkin_ws/install/uuv_control_msgs/include/uuv_control_msgs/uuv_control_msgs/srv/detail/switch_to_automatic__type_support.h
[2.844s] -- Up-to-date: /home/sunny/catkin_ws/install/uuv_control_msgs/include/uuv_control_msgs/uuv_control_msgs/srv/detail/add_waypoint__type_support.h
[2.844s] -- Up-to-date: /home/sunny/catkin_ws/install/uuv_control_msgs/include/uuv_control_msgs/uuv_control_msgs/srv/detail/init_waypoints_from_file__functions.h
[2.844s] -- Up-to-date: /home/sunny/catkin_ws/install/uuv_control_msgs/include/uuv_control_msgs/uuv_control_msgs/srv/detail/get_waypoints__functions.h
[2.845s] -- Up-to-date: /home/sunny/catkin_ws/install/uuv_control_msgs/include/uuv_control_msgs/uuv_control_msgs/srv/detail/set_sm_controller_params__functions.h
[2.845s] -- Up-to-date: /home/sunny/catkin_ws/install/uuv_control_msgs/include/uuv_control_msgs/uuv_control_msgs/srv/detail/init_circular_trajectory__struct.h
[2.845s] -- Up-to-date: /home/sunny/catkin_ws/install/uuv_control_msgs/include/uuv_control_msgs/uuv_control_msgs/srv/detail/start_trajectory__functions.h
[2.845s] -- Up-to-date: /home/sunny/catkin_ws/install/uuv_control_msgs/include/uuv_control_msgs/uuv_control_msgs/srv/detail/get_pid_params__type_support.h
[2.846s] -- Up-to-date: /home/sunny/catkin_ws/install/uuv_control_msgs/include/uuv_control_msgs/uuv_control_msgs/srv/detail/go_to__functions.h
[2.846s] -- Up-to-date: /home/sunny/catkin_ws/install/uuv_control_msgs/include/uuv_control_msgs/uuv_control_msgs/srv/detail/get_waypoints__struct.h
[2.846s] -- Up-to-date: /home/sunny/catkin_ws/install/uuv_control_msgs/include/uuv_control_msgs/uuv_control_msgs/srv/detail/init_waypoint_set__type_support.h
[2.846s] -- Up-to-date: /home/sunny/catkin_ws/install/uuv_control_msgs/include/uuv_control_msgs/uuv_control_msgs/srv/detail/init_circular_trajectory__functions.c
[2.846s] -- Up-to-date: /home/sunny/catkin_ws/install/uuv_control_msgs/include/uuv_control_msgs/uuv_control_msgs/srv/detail/init_rect_trajectory__functions.h
[2.847s] -- Up-to-date: /home/sunny/catkin_ws/install/uuv_control_msgs/include/uuv_control_msgs/uuv_control_msgs/srv/detail/get_pid_params__functions.c
[2.847s] -- Up-to-date: /home/sunny/catkin_ws/install/uuv_control_msgs/include/uuv_control_msgs/uuv_control_msgs/srv/detail/set_pid_params__type_support.h
[2.847s] -- Up-to-date: /home/sunny/catkin_ws/install/uuv_control_msgs/include/uuv_control_msgs/uuv_control_msgs/srv/detail/get_mbsm_controller_params__type_support.h
[2.847s] -- Up-to-date: /home/sunny/catkin_ws/install/uuv_control_msgs/include/uuv_control_msgs/uuv_control_msgs/srv/set_sm_controller_params.h
[2.847s] -- Up-to-date: /home/sunny/catkin_ws/install/uuv_control_msgs/include/uuv_control_msgs/uuv_control_msgs/srv/start_trajectory.h
[2.847s] -- Up-to-date: /home/sunny/catkin_ws/install/uuv_control_msgs/include/uuv_control_msgs/uuv_control_msgs/srv/init_helical_trajectory.h
[2.847s] -- Up-to-date: /home/sunny/catkin_ws/install/uuv_control_msgs/include/uuv_control_msgs/uuv_control_msgs/srv/switch_to_manual.h
[2.848s] -- Up-to-date: /home/sunny/catkin_ws/install/uuv_control_msgs/include/uuv_control_msgs/uuv_control_msgs/srv/add_waypoint.h
[2.848s] -- Up-to-date: /home/sunny/catkin_ws/install/uuv_control_msgs/include/uuv_control_msgs/uuv_control_msgs/srv/init_waypoint_set.h
[2.848s] -- Up-to-date: /home/sunny/catkin_ws/install/uuv_control_msgs/include/uuv_control_msgs/uuv_control_msgs/srv/get_pid_params.h
[2.848s] -- Up-to-date: /home/sunny/catkin_ws/install/uuv_control_msgs/include/uuv_control_msgs/uuv_control_msgs/srv/go_to_incremental.h
[2.849s] -- Up-to-date: /home/sunny/catkin_ws/install/uuv_control_msgs/include/uuv_control_msgs/uuv_control_msgs/srv/clear_waypoints.h
[2.849s] -- Up-to-date: /home/sunny/catkin_ws/install/uuv_control_msgs/include/uuv_control_msgs/uuv_control_msgs/srv/init_waypoints_from_file.h
[2.849s] -- Up-to-date: /home/sunny/catkin_ws/install/uuv_control_msgs/include/uuv_control_msgs/uuv_control_msgs/srv/go_to.h
[2.850s] -- Up-to-date: /home/sunny/catkin_ws/install/uuv_control_msgs/include/uuv_control_msgs/uuv_control_msgs/srv/is_running_trajectory.h
[2.851s] -- Up-to-date: /home/sunny/catkin_ws/install/uuv_control_msgs/include/uuv_control_msgs/uuv_control_msgs/srv/reset_controller.h
[2.851s] -- Up-to-date: /home/sunny/catkin_ws/install/uuv_control_msgs/include/uuv_control_msgs/uuv_control_msgs/srv/get_waypoints.h
[2.851s] -- Up-to-date: /home/sunny/catkin_ws/install/uuv_control_msgs/include/uuv_control_msgs/uuv_control_msgs/srv/hold.h
[2.851s] -- Up-to-date: /home/sunny/catkin_ws/install/uuv_control_msgs/include/uuv_control_msgs/uuv_control_msgs/srv/set_mbsm_controller_params.h
[2.852s] -- Up-to-date: /home/sunny/catkin_ws/install/uuv_control_msgs/include/uuv_control_msgs/uuv_control_msgs/msg
[2.852s] -- Up-to-date: /home/sunny/catkin_ws/install/uuv_control_msgs/include/uuv_control_msgs/uuv_control_msgs/msg/detail
[2.852s] -- Up-to-date: /home/sunny/catkin_ws/install/uuv_control_msgs/include/uuv_control_msgs/uuv_control_msgs/msg/detail/trajectory_point__functions.h
[2.852s] -- Up-to-date: /home/sunny/catkin_ws/install/uuv_control_msgs/include/uuv_control_msgs/uuv_control_msgs/msg/detail/trajectory_point__type_support.h
[2.852s] -- Up-to-date: /home/sunny/catkin_ws/install/uuv_control_msgs/include/uuv_control_msgs/uuv_control_msgs/msg/detail/waypoint__functions.c
[2.852s] -- Up-to-date: /home/sunny/catkin_ws/install/uuv_control_msgs/include/uuv_control_msgs/uuv_control_msgs/msg/detail/waypoint__struct.h
[2.852s] -- Up-to-date: /home/sunny/catkin_ws/install/uuv_control_msgs/include/uuv_control_msgs/uuv_control_msgs/msg/detail/waypoint_set__struct.h
[2.853s] -- Up-to-date: /home/sunny/catkin_ws/install/uuv_control_msgs/include/uuv_control_msgs/uuv_control_msgs/msg/detail/waypoint_set__functions.h
[2.853s] -- Up-to-date: /home/sunny/catkin_ws/install/uuv_control_msgs/include/uuv_control_msgs/uuv_control_msgs/msg/detail/trajectory__functions.h
[2.853s] -- Up-to-date: /home/sunny/catkin_ws/install/uuv_control_msgs/include/uuv_control_msgs/uuv_control_msgs/msg/detail/trajectory__struct.h
[2.854s] -- Up-to-date: /home/sunny/catkin_ws/install/uuv_control_msgs/include/uuv_control_msgs/uuv_control_msgs/msg/detail/waypoint__functions.h
[2.854s] -- Up-to-date: /home/sunny/catkin_ws/install/uuv_control_msgs/include/uuv_control_msgs/uuv_control_msgs/msg/detail/waypoint_set__functions.c
[2.854s] -- Up-to-date: /home/sunny/catkin_ws/install/uuv_control_msgs/include/uuv_control_msgs/uuv_control_msgs/msg/detail/trajectory__type_support.h
[2.854s] -- Up-to-date: /home/sunny/catkin_ws/install/uuv_control_msgs/include/uuv_control_msgs/uuv_control_msgs/msg/detail/trajectory_point__struct.h
[2.854s] -- Up-to-date: /home/sunny/catkin_ws/install/uuv_control_msgs/include/uuv_control_msgs/uuv_control_msgs/msg/detail/trajectory_point__functions.c
[2.854s] -- Up-to-date: /home/sunny/catkin_ws/install/uuv_control_msgs/include/uuv_control_msgs/uuv_control_msgs/msg/detail/waypoint_set__type_support.h
[2.854s] -- Up-to-date: /home/sunny/catkin_ws/install/uuv_control_msgs/include/uuv_control_msgs/uuv_control_msgs/msg/detail/trajectory__functions.c
[2.854s] -- Up-to-date: /home/sunny/catkin_ws/install/uuv_control_msgs/include/uuv_control_msgs/uuv_control_msgs/msg/detail/waypoint__type_support.h
[2.855s] -- Up-to-date: /home/sunny/catkin_ws/install/uuv_control_msgs/include/uuv_control_msgs/uuv_control_msgs/msg/trajectory.h
[2.855s] -- Up-to-date: /home/sunny/catkin_ws/install/uuv_control_msgs/include/uuv_control_msgs/uuv_control_msgs/msg/waypoint.h
[2.855s] -- Up-to-date: /home/sunny/catkin_ws/install/uuv_control_msgs/include/uuv_control_msgs/uuv_control_msgs/msg/trajectory_point.h
[2.855s] -- Up-to-date: /home/sunny/catkin_ws/install/uuv_control_msgs/include/uuv_control_msgs/uuv_control_msgs/msg/rosidl_generator_c__visibility_control.h
[2.855s] -- Up-to-date: /home/sunny/catkin_ws/install/uuv_control_msgs/include/uuv_control_msgs/uuv_control_msgs/msg/waypoint_set.h
[2.855s] -- Up-to-date: /home/sunny/catkin_ws/install/uuv_control_msgs/share/uuv_control_msgs/environment/library_path.sh
[2.856s] -- Up-to-date: /home/sunny/catkin_ws/install/uuv_control_msgs/share/uuv_control_msgs/environment/library_path.dsv
[2.856s] -- Up-to-date: /home/sunny/catkin_ws/install/uuv_control_msgs/lib/libuuv_control_msgs__rosidl_generator_c.so
[2.856s] -- Up-to-date: /home/sunny/catkin_ws/install/uuv_control_msgs/include/uuv_control_msgs/uuv_control_msgs
[2.856s] -- Up-to-date: /home/sunny/catkin_ws/install/uuv_control_msgs/include/uuv_control_msgs/uuv_control_msgs/srv
[2.856s] -- Up-to-date: /home/sunny/catkin_ws/install/uuv_control_msgs/include/uuv_control_msgs/uuv_control_msgs/srv/detail
[2.856s] -- Up-to-date: /home/sunny/catkin_ws/install/uuv_control_msgs/include/uuv_control_msgs/uuv_control_msgs/srv/detail/init_waypoint_set__rosidl_typesupport_fastrtps_c.h
[2.856s] -- Up-to-date: /home/sunny/catkin_ws/install/uuv_control_msgs/include/uuv_control_msgs/uuv_control_msgs/srv/detail/switch_to_automatic__rosidl_typesupport_fastrtps_c.h
[2.857s] -- Up-to-date: /home/sunny/catkin_ws/install/uuv_control_msgs/include/uuv_control_msgs/uuv_control_msgs/srv/detail/clear_waypoints__rosidl_typesupport_fastrtps_c.h
[2.857s] -- Up-to-date: /home/sunny/catkin_ws/install/uuv_control_msgs/include/uuv_control_msgs/uuv_control_msgs/srv/detail/reset_controller__rosidl_typesupport_fastrtps_c.h
[2.857s] -- Up-to-date: /home/sunny/catkin_ws/install/uuv_control_msgs/include/uuv_control_msgs/uuv_control_msgs/srv/detail/init_circular_trajectory__rosidl_typesupport_fastrtps_c.h
[2.857s] -- Up-to-date: /home/sunny/catkin_ws/install/uuv_control_msgs/include/uuv_control_msgs/uuv_control_msgs/srv/detail/go_to_incremental__rosidl_typesupport_fastrtps_c.h
[2.858s] -- Up-to-date: /home/sunny/catkin_ws/install/uuv_control_msgs/include/uuv_control_msgs/uuv_control_msgs/srv/detail/hold__rosidl_typesupport_fastrtps_c.h
[2.858s] -- Up-to-date: /home/sunny/catkin_ws/install/uuv_control_msgs/include/uuv_control_msgs/uuv_control_msgs/srv/detail/init_helical_trajectory__rosidl_typesupport_fastrtps_c.h
[2.858s] -- Up-to-date: /home/sunny/catkin_ws/install/uuv_control_msgs/include/uuv_control_msgs/uuv_control_msgs/srv/detail/add_waypoint__rosidl_typesupport_fastrtps_c.h
[2.859s] -- Up-to-date: /home/sunny/catkin_ws/install/uuv_control_msgs/include/uuv_control_msgs/uuv_control_msgs/srv/detail/set_mbsm_controller_params__rosidl_typesupport_fastrtps_c.h
[2.859s] -- Up-to-date: /home/sunny/catkin_ws/install/uuv_control_msgs/include/uuv_control_msgs/uuv_control_msgs/srv/detail/get_waypoints__rosidl_typesupport_fastrtps_c.h
[2.859s] -- Up-to-date: /home/sunny/catkin_ws/install/uuv_control_msgs/include/uuv_control_msgs/uuv_control_msgs/srv/detail/start_trajectory__rosidl_typesupport_fastrtps_c.h
[2.859s] -- Up-to-date: /home/sunny/catkin_ws/install/uuv_control_msgs/include/uuv_control_msgs/uuv_control_msgs/srv/detail/get_sm_controller_params__rosidl_typesupport_fastrtps_c.h
[2.859s] -- Up-to-date: /home/sunny/catkin_ws/install/uuv_control_msgs/include/uuv_control_msgs/uuv_control_msgs/srv/detail/switch_to_manual__rosidl_typesupport_fastrtps_c.h
[2.859s] -- Up-to-date: /home/sunny/catkin_ws/install/uuv_control_msgs/include/uuv_control_msgs/uuv_control_msgs/srv/detail/get_pid_params__rosidl_typesupport_fastrtps_c.h
[2.859s] -- Up-to-date: /home/sunny/catkin_ws/install/uuv_control_msgs/include/uuv_control_msgs/uuv_control_msgs/srv/detail/set_sm_controller_params__rosidl_typesupport_fastrtps_c.h
[2.859s] -- Up-to-date: /home/sunny/catkin_ws/install/uuv_control_msgs/include/uuv_control_msgs/uuv_control_msgs/srv/detail/go_to__rosidl_typesupport_fastrtps_c.h
[2.860s] -- Up-to-date: /home/sunny/catkin_ws/install/uuv_control_msgs/include/uuv_control_msgs/uuv_control_msgs/srv/detail/get_mbsm_controller_params__rosidl_typesupport_fastrtps_c.h
[2.860s] -- Up-to-date: /home/sunny/catkin_ws/install/uuv_control_msgs/include/uuv_control_msgs/uuv_control_msgs/srv/detail/init_waypoints_from_file__rosidl_typesupport_fastrtps_c.h
[2.860s] -- Up-to-date: /home/sunny/catkin_ws/install/uuv_control_msgs/include/uuv_control_msgs/uuv_control_msgs/srv/detail/set_pid_params__rosidl_typesupport_fastrtps_c.h
[2.860s] -- Up-to-date: /home/sunny/catkin_ws/install/uuv_control_msgs/include/uuv_control_msgs/uuv_control_msgs/srv/detail/is_running_trajectory__rosidl_typesupport_fastrtps_c.h
[2.860s] -- Up-to-date: /home/sunny/catkin_ws/install/uuv_control_msgs/include/uuv_control_msgs/uuv_control_msgs/srv/detail/init_rect_trajectory__rosidl_typesupport_fastrtps_c.h
[2.860s] -- Up-to-date: /home/sunny/catkin_ws/install/uuv_control_msgs/include/uuv_control_msgs/uuv_control_msgs/msg
[2.860s] -- Up-to-date: /home/sunny/catkin_ws/install/uuv_control_msgs/include/uuv_control_msgs/uuv_control_msgs/msg/detail
[2.860s] -- Up-to-date: /home/sunny/catkin_ws/install/uuv_control_msgs/include/uuv_control_msgs/uuv_control_msgs/msg/detail/trajectory_point__rosidl_typesupport_fastrtps_c.h
[2.861s] -- Up-to-date: /home/sunny/catkin_ws/install/uuv_control_msgs/include/uuv_control_msgs/uuv_control_msgs/msg/detail/waypoint__rosidl_typesupport_fastrtps_c.h
[2.861s] -- Up-to-date: /home/sunny/catkin_ws/install/uuv_control_msgs/include/uuv_control_msgs/uuv_control_msgs/msg/detail/waypoint_set__rosidl_typesupport_fastrtps_c.h
[2.861s] -- Up-to-date: /home/sunny/catkin_ws/install/uuv_control_msgs/include/uuv_control_msgs/uuv_control_msgs/msg/detail/trajectory__rosidl_typesupport_fastrtps_c.h
[2.861s] -- Up-to-date: /home/sunny/catkin_ws/install/uuv_control_msgs/include/uuv_control_msgs/uuv_control_msgs/msg/rosidl_typesupport_fastrtps_c__visibility_control.h
[2.861s] -- Up-to-date: /home/sunny/catkin_ws/install/uuv_control_msgs/lib/libuuv_control_msgs__rosidl_typesupport_fastrtps_c.so
[2.862s] -- Up-to-date: /home/sunny/catkin_ws/install/uuv_control_msgs/include/uuv_control_msgs/uuv_control_msgs
[2.862s] -- Up-to-date: /home/sunny/catkin_ws/install/uuv_control_msgs/include/uuv_control_msgs/uuv_control_msgs/srv
[2.862s] -- Up-to-date: /home/sunny/catkin_ws/install/uuv_control_msgs/include/uuv_control_msgs/uuv_control_msgs/srv/get_sm_controller_params.hpp
[2.862s] -- Up-to-date: /home/sunny/catkin_ws/install/uuv_control_msgs/include/uuv_control_msgs/uuv_control_msgs/srv/go_to_incremental.hpp
[2.862s] -- Up-to-date: /home/sunny/catkin_ws/install/uuv_control_msgs/include/uuv_control_msgs/uuv_control_msgs/srv/init_helical_trajectory.hpp
[2.862s] -- Up-to-date: /home/sunny/catkin_ws/install/uuv_control_msgs/include/uuv_control_msgs/uuv_control_msgs/srv/init_waypoints_from_file.hpp
[2.863s] -- Up-to-date: /home/sunny/catkin_ws/install/uuv_control_msgs/include/uuv_control_msgs/uuv_control_msgs/srv/switch_to_manual.hpp
[2.863s] -- Up-to-date: /home/sunny/catkin_ws/install/uuv_control_msgs/include/uuv_control_msgs/uuv_control_msgs/srv/detail
[2.863s] -- Up-to-date: /home/sunny/catkin_ws/install/uuv_control_msgs/include/uuv_control_msgs/uuv_control_msgs/srv/detail/get_waypoints__traits.hpp
[2.863s] -- Up-to-date: /home/sunny/catkin_ws/install/uuv_control_msgs/include/uuv_control_msgs/uuv_control_msgs/srv/detail/add_waypoint__struct.hpp
[2.863s] -- Up-to-date: /home/sunny/catkin_ws/install/uuv_control_msgs/include/uuv_control_msgs/uuv_control_msgs/srv/detail/hold__struct.hpp
[2.863s] -- Up-to-date: /home/sunny/catkin_ws/install/uuv_control_msgs/include/uuv_control_msgs/uuv_control_msgs/srv/detail/init_rect_trajectory__traits.hpp
[2.863s] -- Up-to-date: /home/sunny/catkin_ws/install/uuv_control_msgs/include/uuv_control_msgs/uuv_control_msgs/srv/detail/clear_waypoints__traits.hpp
[2.863s] -- Up-to-date: /home/sunny/catkin_ws/install/uuv_control_msgs/include/uuv_control_msgs/uuv_control_msgs/srv/detail/get_mbsm_controller_params__struct.hpp
[2.863s] -- Up-to-date: /home/sunny/catkin_ws/install/uuv_control_msgs/include/uuv_control_msgs/uuv_control_msgs/srv/detail/get_mbsm_controller_params__builder.hpp
[2.863s] -- Up-to-date: /home/sunny/catkin_ws/install/uuv_control_msgs/include/uuv_control_msgs/uuv_control_msgs/srv/detail/go_to__builder.hpp
[2.864s] -- Up-to-date: /home/sunny/catkin_ws/install/uuv_control_msgs/include/uuv_control_msgs/uuv_control_msgs/srv/detail/start_trajectory__struct.hpp
[2.864s] -- Up-to-date: /home/sunny/catkin_ws/install/uuv_control_msgs/include/uuv_control_msgs/uuv_control_msgs/srv/detail/init_circular_trajectory__traits.hpp
[2.864s] -- Up-to-date: /home/sunny/catkin_ws/install/uuv_control_msgs/include/uuv_control_msgs/uuv_control_msgs/srv/detail/get_pid_params__struct.hpp
[2.864s] -- Up-to-date: /home/sunny/catkin_ws/install/uuv_control_msgs/include/uuv_control_msgs/uuv_control_msgs/srv/detail/init_helical_trajectory__builder.hpp
[2.864s] -- Up-to-date: /home/sunny/catkin_ws/install/uuv_control_msgs/include/uuv_control_msgs/uuv_control_msgs/srv/detail/get_sm_controller_params__traits.hpp
[2.864s] -- Up-to-date: /home/sunny/catkin_ws/install/uuv_control_msgs/include/uuv_control_msgs/uuv_control_msgs/srv/detail/switch_to_automatic__traits.hpp
[2.864s] -- Up-to-date: /home/sunny/catkin_ws/install/uuv_control_msgs/include/uuv_control_msgs/uuv_control_msgs/srv/detail/go_to_incremental__traits.hpp
[2.864s] -- Up-to-date: /home/sunny/catkin_ws/install/uuv_control_msgs/include/uuv_control_msgs/uuv_control_msgs/srv/detail/init_helical_trajectory__struct.hpp
[2.865s] -- Up-to-date: /home/sunny/catkin_ws/install/uuv_control_msgs/include/uuv_control_msgs/uuv_control_msgs/srv/detail/start_trajectory__traits.hpp
[2.865s] -- Up-to-date: /home/sunny/catkin_ws/install/uuv_control_msgs/include/uuv_control_msgs/uuv_control_msgs/srv/detail/start_trajectory__builder.hpp
[2.865s] -- Up-to-date: /home/sunny/catkin_ws/install/uuv_control_msgs/include/uuv_control_msgs/uuv_control_msgs/srv/detail/hold__traits.hpp
[2.865s] -- Up-to-date: /home/sunny/catkin_ws/install/uuv_control_msgs/include/uuv_control_msgs/uuv_control_msgs/srv/detail/init_circular_trajectory__struct.hpp
[2.865s] -- Up-to-date: /home/sunny/catkin_ws/install/uuv_control_msgs/include/uuv_control_msgs/uuv_control_msgs/srv/detail/set_sm_controller_params__builder.hpp
[2.865s] -- Up-to-date: /home/sunny/catkin_ws/install/uuv_control_msgs/include/uuv_control_msgs/uuv_control_msgs/srv/detail/get_sm_controller_params__builder.hpp
[2.865s] -- Up-to-date: /home/sunny/catkin_ws/install/uuv_control_msgs/include/uuv_control_msgs/uuv_control_msgs/srv/detail/set_mbsm_controller_params__traits.hpp
[2.865s] -- Up-to-date: /home/sunny/catkin_ws/install/uuv_control_msgs/include/uuv_control_msgs/uuv_control_msgs/srv/detail/add_waypoint__traits.hpp
[2.865s] -- Up-to-date: /home/sunny/catkin_ws/install/uuv_control_msgs/include/uuv_control_msgs/uuv_control_msgs/srv/detail/init_waypoints_from_file__builder.hpp
[2.866s] -- Up-to-date: /home/sunny/catkin_ws/install/uuv_control_msgs/include/uuv_control_msgs/uuv_control_msgs/srv/detail/get_pid_params__traits.hpp
[2.866s] -- Up-to-date: /home/sunny/catkin_ws/install/uuv_control_msgs/include/uuv_control_msgs/uuv_control_msgs/srv/detail/reset_controller__builder.hpp
[2.866s] -- Up-to-date: /home/sunny/catkin_ws/install/uuv_control_msgs/include/uuv_control_msgs/uuv_control_msgs/srv/detail/is_running_trajectory__traits.hpp
[2.866s] -- Up-to-date: /home/sunny/catkin_ws/install/uuv_control_msgs/include/uuv_control_msgs/uuv_control_msgs/srv/detail/init_helical_trajectory__traits.hpp
[2.866s] -- Up-to-date: /home/sunny/catkin_ws/install/uuv_control_msgs/include/uuv_control_msgs/uuv_control_msgs/srv/detail/init_waypoints_from_file__traits.hpp
[2.866s] -- Up-to-date: /home/sunny/catkin_ws/install/uuv_control_msgs/include/uuv_control_msgs/uuv_control_msgs/srv/detail/go_to__struct.hpp
[2.866s] -- Up-to-date: /home/sunny/catkin_ws/install/uuv_control_msgs/include/uuv_control_msgs/uuv_control_msgs/srv/detail/is_running_trajectory__struct.hpp
[2.866s] -- Up-to-date: /home/sunny/catkin_ws/install/uuv_control_msgs/include/uuv_control_msgs/uuv_control_msgs/srv/detail/set_pid_params__struct.hpp
[2.867s] -- Up-to-date: /home/sunny/catkin_ws/install/uuv_control_msgs/include/uuv_control_msgs/uuv_control_msgs/srv/detail/set_mbsm_controller_params__struct.hpp
[2.867s] -- Up-to-date: /home/sunny/catkin_ws/install/uuv_control_msgs/include/uuv_control_msgs/uuv_control_msgs/srv/detail/go_to__traits.hpp
[2.867s] -- Up-to-date: /home/sunny/catkin_ws/install/uuv_control_msgs/include/uuv_control_msgs/uuv_control_msgs/srv/detail/get_sm_controller_params__struct.hpp
[2.867s] -- Up-to-date: /home/sunny/catkin_ws/install/uuv_control_msgs/include/uuv_control_msgs/uuv_control_msgs/srv/detail/switch_to_automatic__struct.hpp
[2.867s] -- Up-to-date: /home/sunny/catkin_ws/install/uuv_control_msgs/include/uuv_control_msgs/uuv_control_msgs/srv/detail/switch_to_manual__struct.hpp
[2.867s] -- Up-to-date: /home/sunny/catkin_ws/install/uuv_control_msgs/include/uuv_control_msgs/uuv_control_msgs/srv/detail/init_waypoint_set__traits.hpp
[2.867s] -- Up-to-date: /home/sunny/catkin_ws/install/uuv_control_msgs/include/uuv_control_msgs/uuv_control_msgs/srv/detail/get_waypoints__struct.hpp
[2.868s] -- Up-to-date: /home/sunny/catkin_ws/install/uuv_control_msgs/include/uuv_control_msgs/uuv_control_msgs/srv/detail/go_to_incremental__builder.hpp
[2.868s] -- Up-to-date: /home/sunny/catkin_ws/install/uuv_control_msgs/include/uuv_control_msgs/uuv_control_msgs/srv/detail/reset_controller__traits.hpp
[2.868s] -- Up-to-date: /home/sunny/catkin_ws/install/uuv_control_msgs/include/uuv_control_msgs/uuv_control_msgs/srv/detail/init_waypoint_set__builder.hpp
[2.868s] -- Up-to-date: /home/sunny/catkin_ws/install/uuv_control_msgs/include/uuv_control_msgs/uuv_control_msgs/srv/detail/init_rect_trajectory__builder.hpp
[2.868s] -- Up-to-date: /home/sunny/catkin_ws/install/uuv_control_msgs/include/uuv_control_msgs/uuv_control_msgs/srv/detail/switch_to_automatic__builder.hpp
[2.868s] -- Up-to-date: /home/sunny/catkin_ws/install/uuv_control_msgs/include/uuv_control_msgs/uuv_control_msgs/srv/detail/set_sm_controller_params__struct.hpp
[2.869s] -- Up-to-date: /home/sunny/catkin_ws/install/uuv_control_msgs/include/uuv_control_msgs/uuv_control_msgs/srv/detail/get_pid_params__builder.hpp
[2.869s] -- Up-to-date: /home/sunny/catkin_ws/install/uuv_control_msgs/include/uuv_control_msgs/uuv_control_msgs/srv/detail/is_running_trajectory__builder.hpp
[2.869s] -- Up-to-date: /home/sunny/catkin_ws/install/uuv_control_msgs/include/uuv_control_msgs/uuv_control_msgs/srv/detail/hold__builder.hpp
[2.869s] -- Up-to-date: /home/sunny/catkin_ws/install/uuv_control_msgs/include/uuv_control_msgs/uuv_control_msgs/srv/detail/go_to_incremental__struct.hpp
[2.869s] -- Up-to-date: /home/sunny/catkin_ws/install/uuv_control_msgs/include/uuv_control_msgs/uuv_control_msgs/srv/detail/reset_controller__struct.hpp
[2.869s] -- Up-to-date: /home/sunny/catkin_ws/install/uuv_control_msgs/include/uuv_control_msgs/uuv_control_msgs/srv/detail/get_waypoints__builder.hpp
[2.869s] -- Up-to-date: /home/sunny/catkin_ws/install/uuv_control_msgs/include/uuv_control_msgs/uuv_control_msgs/srv/detail/init_waypoint_set__struct.hpp
[2.869s] -- Up-to-date: /home/sunny/catkin_ws/install/uuv_control_msgs/include/uuv_control_msgs/uuv_control_msgs/srv/detail/set_pid_params__builder.hpp
[2.870s] -- Up-to-date: /home/sunny/catkin_ws/install/uuv_control_msgs/include/uuv_control_msgs/uuv_control_msgs/srv/detail/add_waypoint__builder.hpp
[2.870s] -- Up-to-date: /home/sunny/catkin_ws/install/uuv_control_msgs/include/uuv_control_msgs/uuv_control_msgs/srv/detail/set_pid_params__traits.hpp
[2.870s] -- Up-to-date: /home/sunny/catkin_ws/install/uuv_control_msgs/include/uuv_control_msgs/uuv_control_msgs/srv/detail/init_rect_trajectory__struct.hpp
[2.870s] -- Up-to-date: /home/sunny/catkin_ws/install/uuv_control_msgs/include/uuv_control_msgs/uuv_control_msgs/srv/detail/init_circular_trajectory__builder.hpp
[2.870s] -- Up-to-date: /home/sunny/catkin_ws/install/uuv_control_msgs/include/uuv_control_msgs/uuv_control_msgs/srv/detail/switch_to_manual__traits.hpp
[2.870s] -- Up-to-date: /home/sunny/catkin_ws/install/uuv_control_msgs/include/uuv_control_msgs/uuv_control_msgs/srv/detail/get_mbsm_controller_params__traits.hpp
[2.870s] -- Up-to-date: /home/sunny/catkin_ws/install/uuv_control_msgs/include/uuv_control_msgs/uuv_control_msgs/srv/detail/init_waypoints_from_file__struct.hpp
[2.870s] -- Up-to-date: /home/sunny/catkin_ws/install/uuv_control_msgs/include/uuv_control_msgs/uuv_control_msgs/srv/detail/clear_waypoints__builder.hpp
[2.870s] -- Up-to-date: /home/sunny/catkin_ws/install/uuv_control_msgs/include/uuv_control_msgs/uuv_control_msgs/srv/detail/set_sm_controller_params__traits.hpp
[2.870s] -- Up-to-date: /home/sunny/catkin_ws/install/uuv_control_msgs/include/uuv_control_msgs/uuv_control_msgs/srv/detail/switch_to_manual__builder.hpp
[2.870s] -- Up-to-date: /home/sunny/catkin_ws/install/uuv_control_msgs/include/uuv_control_msgs/uuv_control_msgs/srv/detail/clear_waypoints__struct.hpp
[2.870s] -- Up-to-date: /home/sunny/catkin_ws/install/uuv_control_msgs/include/uuv_control_msgs/uuv_control_msgs/srv/detail/set_mbsm_controller_params__builder.hpp
[2.871s] -- Up-to-date: /home/sunny/catkin_ws/install/uuv_control_msgs/include/uuv_control_msgs/uuv_control_msgs/srv/init_circular_trajectory.hpp
[2.871s] -- Up-to-date: /home/sunny/catkin_ws/install/uuv_control_msgs/include/uuv_control_msgs/uuv_control_msgs/srv/set_sm_controller_params.hpp
[2.871s] -- Up-to-date: /home/sunny/catkin_ws/install/uuv_control_msgs/include/uuv_control_msgs/uuv_control_msgs/srv/get_mbsm_controller_params.hpp
[2.871s] -- Up-to-date: /home/sunny/catkin_ws/install/uuv_control_msgs/include/uuv_control_msgs/uuv_control_msgs/srv/set_mbsm_controller_params.hpp
[2.871s] -- Up-to-date: /home/sunny/catkin_ws/install/uuv_control_msgs/include/uuv_control_msgs/uuv_control_msgs/srv/add_waypoint.hpp
[2.871s] -- Up-to-date: /home/sunny/catkin_ws/install/uuv_control_msgs/include/uuv_control_msgs/uuv_control_msgs/srv/init_rect_trajectory.hpp
[2.871s] -- Up-to-date: /home/sunny/catkin_ws/install/uuv_control_msgs/include/uuv_control_msgs/uuv_control_msgs/srv/hold.hpp
[2.871s] -- Up-to-date: /home/sunny/catkin_ws/install/uuv_control_msgs/include/uuv_control_msgs/uuv_control_msgs/srv/get_waypoints.hpp
[2.871s] -- Up-to-date: /home/sunny/catkin_ws/install/uuv_control_msgs/include/uuv_control_msgs/uuv_control_msgs/srv/is_running_trajectory.hpp
[2.872s] -- Up-to-date: /home/sunny/catkin_ws/install/uuv_control_msgs/include/uuv_control_msgs/uuv_control_msgs/srv/get_pid_params.hpp
[2.872s] -- Up-to-date: /home/sunny/catkin_ws/install/uuv_control_msgs/include/uuv_control_msgs/uuv_control_msgs/srv/clear_waypoints.hpp
[2.872s] -- Up-to-date: /home/sunny/catkin_ws/install/uuv_control_msgs/include/uuv_control_msgs/uuv_control_msgs/srv/switch_to_automatic.hpp
[2.872s] -- Up-to-date: /home/sunny/catkin_ws/install/uuv_control_msgs/include/uuv_control_msgs/uuv_control_msgs/srv/go_to.hpp
[2.872s] -- Up-to-date: /home/sunny/catkin_ws/install/uuv_control_msgs/include/uuv_control_msgs/uuv_control_msgs/srv/set_pid_params.hpp
[2.872s] -- Up-to-date: /home/sunny/catkin_ws/install/uuv_control_msgs/include/uuv_control_msgs/uuv_control_msgs/srv/reset_controller.hpp
[2.873s] -- Up-to-date: /home/sunny/catkin_ws/install/uuv_control_msgs/include/uuv_control_msgs/uuv_control_msgs/srv/start_trajectory.hpp
[2.873s] -- Up-to-date: /home/sunny/catkin_ws/install/uuv_control_msgs/include/uuv_control_msgs/uuv_control_msgs/srv/init_waypoint_set.hpp
[2.873s] -- Up-to-date: /home/sunny/catkin_ws/install/uuv_control_msgs/include/uuv_control_msgs/uuv_control_msgs/msg
[2.873s] -- Up-to-date: /home/sunny/catkin_ws/install/uuv_control_msgs/include/uuv_control_msgs/uuv_control_msgs/msg/waypoint.hpp
[2.873s] -- Up-to-date: /home/sunny/catkin_ws/install/uuv_control_msgs/include/uuv_control_msgs/uuv_control_msgs/msg/trajectory_point.hpp
[2.874s] -- Up-to-date: /home/sunny/catkin_ws/install/uuv_control_msgs/include/uuv_control_msgs/uuv_control_msgs/msg/detail
[2.874s] -- Up-to-date: /home/sunny/catkin_ws/install/uuv_control_msgs/include/uuv_control_msgs/uuv_control_msgs/msg/detail/waypoint_set__struct.hpp
[2.874s] -- Up-to-date: /home/sunny/catkin_ws/install/uuv_control_msgs/include/uuv_control_msgs/uuv_control_msgs/msg/detail/trajectory__traits.hpp
[2.874s] -- Up-to-date: /home/sunny/catkin_ws/install/uuv_control_msgs/include/uuv_control_msgs/uuv_control_msgs/msg/detail/waypoint_set__traits.hpp
[2.874s] -- Up-to-date: /home/sunny/catkin_ws/install/uuv_control_msgs/include/uuv_control_msgs/uuv_control_msgs/msg/detail/trajectory_point__builder.hpp
[2.874s] -- Up-to-date: /home/sunny/catkin_ws/install/uuv_control_msgs/include/uuv_control_msgs/uuv_control_msgs/msg/detail/trajectory__struct.hpp
[2.875s] -- Up-to-date: /home/sunny/catkin_ws/install/uuv_control_msgs/include/uuv_control_msgs/uuv_control_msgs/msg/detail/trajectory_point__traits.hpp
[2.875s] -- Up-to-date: /home/sunny/catkin_ws/install/uuv_control_msgs/include/uuv_control_msgs/uuv_control_msgs/msg/detail/waypoint__struct.hpp
[2.875s] -- Up-to-date: /home/sunny/catkin_ws/install/uuv_control_msgs/include/uuv_control_msgs/uuv_control_msgs/msg/detail/trajectory_point__struct.hpp
[2.875s] -- Up-to-date: /home/sunny/catkin_ws/install/uuv_control_msgs/include/uuv_control_msgs/uuv_control_msgs/msg/detail/waypoint__builder.hpp
[2.875s] -- Up-to-date: /home/sunny/catkin_ws/install/uuv_control_msgs/include/uuv_control_msgs/uuv_control_msgs/msg/detail/waypoint_set__builder.hpp
[2.876s] -- Up-to-date: /home/sunny/catkin_ws/install/uuv_control_msgs/include/uuv_control_msgs/uuv_control_msgs/msg/detail/trajectory__builder.hpp
[2.876s] -- Up-to-date: /home/sunny/catkin_ws/install/uuv_control_msgs/include/uuv_control_msgs/uuv_control_msgs/msg/detail/waypoint__traits.hpp
[2.876s] -- Up-to-date: /home/sunny/catkin_ws/install/uuv_control_msgs/include/uuv_control_msgs/uuv_control_msgs/msg/waypoint_set.hpp
[2.876s] -- Up-to-date: /home/sunny/catkin_ws/install/uuv_control_msgs/include/uuv_control_msgs/uuv_control_msgs/msg/trajectory.hpp
[2.876s] -- Up-to-date: /home/sunny/catkin_ws/install/uuv_control_msgs/include/uuv_control_msgs/uuv_control_msgs
[2.876s] -- Up-to-date: /home/sunny/catkin_ws/install/uuv_control_msgs/include/uuv_control_msgs/uuv_control_msgs/srv
[2.877s] -- Up-to-date: /home/sunny/catkin_ws/install/uuv_control_msgs/include/uuv_control_msgs/uuv_control_msgs/srv/detail
[2.877s] -- Up-to-date: /home/sunny/catkin_ws/install/uuv_control_msgs/include/uuv_control_msgs/uuv_control_msgs/srv/detail/add_waypoint__rosidl_typesupport_fastrtps_cpp.hpp
[2.877s] -- Up-to-date: /home/sunny/catkin_ws/install/uuv_control_msgs/include/uuv_control_msgs/uuv_control_msgs/srv/detail/hold__rosidl_typesupport_fastrtps_cpp.hpp
[2.877s] -- Up-to-date: /home/sunny/catkin_ws/install/uuv_control_msgs/include/uuv_control_msgs/uuv_control_msgs/srv/detail/get_sm_controller_params__rosidl_typesupport_fastrtps_cpp.hpp
[2.877s] -- Up-to-date: /home/sunny/catkin_ws/install/uuv_control_msgs/include/uuv_control_msgs/uuv_control_msgs/srv/detail/set_mbsm_controller_params__rosidl_typesupport_fastrtps_cpp.hpp
[2.877s] -- Up-to-date: /home/sunny/catkin_ws/install/uuv_control_msgs/include/uuv_control_msgs/uuv_control_msgs/srv/detail/start_trajectory__rosidl_typesupport_fastrtps_cpp.hpp
[2.877s] -- Up-to-date: /home/sunny/catkin_ws/install/uuv_control_msgs/include/uuv_control_msgs/uuv_control_msgs/srv/detail/go_to__rosidl_typesupport_fastrtps_cpp.hpp
[2.879s] -- Up-to-date: /home/sunny/catkin_ws/install/uuv_control_msgs/include/uuv_control_msgs/uuv_control_msgs/srv/detail/init_helical_trajectory__rosidl_typesupport_fastrtps_cpp.hpp
[2.880s] -- Up-to-date: /home/sunny/catkin_ws/install/uuv_control_msgs/include/uuv_control_msgs/uuv_control_msgs/srv/detail/get_mbsm_controller_params__rosidl_typesupport_fastrtps_cpp.hpp
[2.880s] -- Up-to-date: /home/sunny/catkin_ws/install/uuv_control_msgs/include/uuv_control_msgs/uuv_control_msgs/srv/detail/is_running_trajectory__rosidl_typesupport_fastrtps_cpp.hpp
[2.880s] -- Up-to-date: /home/sunny/catkin_ws/install/uuv_control_msgs/include/uuv_control_msgs/uuv_control_msgs/srv/detail/set_pid_params__rosidl_typesupport_fastrtps_cpp.hpp
[2.880s] -- Up-to-date: /home/sunny/catkin_ws/install/uuv_control_msgs/include/uuv_control_msgs/uuv_control_msgs/srv/detail/init_waypoint_set__rosidl_typesupport_fastrtps_cpp.hpp
[2.881s] -- Up-to-date: /home/sunny/catkin_ws/install/uuv_control_msgs/include/uuv_control_msgs/uuv_control_msgs/srv/detail/go_to_incremental__rosidl_typesupport_fastrtps_cpp.hpp
[2.881s] -- Up-to-date: /home/sunny/catkin_ws/install/uuv_control_msgs/include/uuv_control_msgs/uuv_control_msgs/srv/detail/switch_to_manual__rosidl_typesupport_fastrtps_cpp.hpp
[2.881s] -- Up-to-date: /home/sunny/catkin_ws/install/uuv_control_msgs/include/uuv_control_msgs/uuv_control_msgs/srv/detail/init_circular_trajectory__rosidl_typesupport_fastrtps_cpp.hpp
[2.881s] -- Up-to-date: /home/sunny/catkin_ws/install/uuv_control_msgs/include/uuv_control_msgs/uuv_control_msgs/srv/detail/set_sm_controller_params__rosidl_typesupport_fastrtps_cpp.hpp
[2.881s] -- Up-to-date: /home/sunny/catkin_ws/install/uuv_control_msgs/include/uuv_control_msgs/uuv_control_msgs/srv/detail/reset_controller__rosidl_typesupport_fastrtps_cpp.hpp
[2.881s] -- Up-to-date: /home/sunny/catkin_ws/install/uuv_control_msgs/include/uuv_control_msgs/uuv_control_msgs/srv/detail/get_pid_params__rosidl_typesupport_fastrtps_cpp.hpp
[2.881s] -- Up-to-date: /home/sunny/catkin_ws/install/uuv_control_msgs/include/uuv_control_msgs/uuv_control_msgs/srv/detail/get_waypoints__rosidl_typesupport_fastrtps_cpp.hpp
[2.881s] -- Up-to-date: /home/sunny/catkin_ws/install/uuv_control_msgs/include/uuv_control_msgs/uuv_control_msgs/srv/detail/clear_waypoints__rosidl_typesupport_fastrtps_cpp.hpp
[2.882s] -- Up-to-date: /home/sunny/catkin_ws/install/uuv_control_msgs/include/uuv_control_msgs/uuv_control_msgs/srv/detail/switch_to_automatic__rosidl_typesupport_fastrtps_cpp.hpp
[2.882s] -- Up-to-date: /home/sunny/catkin_ws/install/uuv_control_msgs/include/uuv_control_msgs/uuv_control_msgs/srv/detail/init_rect_trajectory__rosidl_typesupport_fastrtps_cpp.hpp
[2.882s] -- Up-to-date: /home/sunny/catkin_ws/install/uuv_control_msgs/include/uuv_control_msgs/uuv_control_msgs/srv/detail/dds_fastrtps
[2.882s] -- Up-to-date: /home/sunny/catkin_ws/install/uuv_control_msgs/include/uuv_control_msgs/uuv_control_msgs/srv/detail/init_waypoints_from_file__rosidl_typesupport_fastrtps_cpp.hpp
[2.882s] -- Up-to-date: /home/sunny/catkin_ws/install/uuv_control_msgs/include/uuv_control_msgs/uuv_control_msgs/msg
[2.882s] -- Up-to-date: /home/sunny/catkin_ws/install/uuv_control_msgs/include/uuv_control_msgs/uuv_control_msgs/msg/detail
[2.883s] -- Up-to-date: /home/sunny/catkin_ws/install/uuv_control_msgs/include/uuv_control_msgs/uuv_control_msgs/msg/detail/trajectory__rosidl_typesupport_fastrtps_cpp.hpp
[2.883s] -- Up-to-date: /home/sunny/catkin_ws/install/uuv_control_msgs/include/uuv_control_msgs/uuv_control_msgs/msg/detail/waypoint_set__rosidl_typesupport_fastrtps_cpp.hpp
[2.883s] -- Up-to-date: /home/sunny/catkin_ws/install/uuv_control_msgs/include/uuv_control_msgs/uuv_control_msgs/msg/detail/waypoint__rosidl_typesupport_fastrtps_cpp.hpp
[2.883s] -- Up-to-date: /home/sunny/catkin_ws/install/uuv_control_msgs/include/uuv_control_msgs/uuv_control_msgs/msg/detail/trajectory_point__rosidl_typesupport_fastrtps_cpp.hpp
[2.883s] -- Up-to-date: /home/sunny/catkin_ws/install/uuv_control_msgs/include/uuv_control_msgs/uuv_control_msgs/msg/detail/dds_fastrtps
[2.883s] -- Up-to-date: /home/sunny/catkin_ws/install/uuv_control_msgs/include/uuv_control_msgs/uuv_control_msgs/msg/rosidl_typesupport_fastrtps_cpp__visibility_control.h
[2.883s] -- Up-to-date: /home/sunny/catkin_ws/install/uuv_control_msgs/lib/libuuv_control_msgs__rosidl_typesupport_fastrtps_cpp.so
[2.883s] -- Up-to-date: /home/sunny/catkin_ws/install/uuv_control_msgs/include/uuv_control_msgs/uuv_control_msgs
[2.883s] -- Up-to-date: /home/sunny/catkin_ws/install/uuv_control_msgs/include/uuv_control_msgs/uuv_control_msgs/srv
[2.883s] -- Up-to-date: /home/sunny/catkin_ws/install/uuv_control_msgs/include/uuv_control_msgs/uuv_control_msgs/srv/detail
[2.884s] -- Up-to-date: /home/sunny/catkin_ws/install/uuv_control_msgs/include/uuv_control_msgs/uuv_control_msgs/srv/detail/clear_waypoints__rosidl_typesupport_introspection_c.h
[2.884s] -- Up-to-date: /home/sunny/catkin_ws/install/uuv_control_msgs/include/uuv_control_msgs/uuv_control_msgs/srv/detail/is_running_trajectory__rosidl_typesupport_introspection_c.h
[2.884s] -- Up-to-date: /home/sunny/catkin_ws/install/uuv_control_msgs/include/uuv_control_msgs/uuv_control_msgs/srv/detail/hold__rosidl_typesupport_introspection_c.h
[2.884s] -- Up-to-date: /home/sunny/catkin_ws/install/uuv_control_msgs/include/uuv_control_msgs/uuv_control_msgs/srv/detail/start_trajectory__type_support.c
[2.884s] -- Up-to-date: /home/sunny/catkin_ws/install/uuv_control_msgs/include/uuv_control_msgs/uuv_control_msgs/srv/detail/switch_to_automatic__type_support.c
[2.884s] -- Up-to-date: /home/sunny/catkin_ws/install/uuv_control_msgs/include/uuv_control_msgs/uuv_control_msgs/srv/detail/get_mbsm_controller_params__type_support.c
[2.884s] -- Up-to-date: /home/sunny/catkin_ws/install/uuv_control_msgs/include/uuv_control_msgs/uuv_control_msgs/srv/detail/reset_controller__rosidl_typesupport_introspection_c.h
[2.884s] -- Up-to-date: /home/sunny/catkin_ws/install/uuv_control_msgs/include/uuv_control_msgs/uuv_control_msgs/srv/detail/hold__type_support.c
[2.885s] -- Up-to-date: /home/sunny/catkin_ws/install/uuv_control_msgs/include/uuv_control_msgs/uuv_control_msgs/srv/detail/init_rect_trajectory__rosidl_typesupport_introspection_c.h
[2.885s] -- Up-to-date: /home/sunny/catkin_ws/install/uuv_control_msgs/include/uuv_control_msgs/uuv_control_msgs/srv/detail/set_sm_controller_params__type_support.c
[2.885s] -- Up-to-date: /home/sunny/catkin_ws/install/uuv_control_msgs/include/uuv_control_msgs/uuv_control_msgs/srv/detail/add_waypoint__type_support.c
[2.885s] -- Up-to-date: /home/sunny/catkin_ws/install/uuv_control_msgs/include/uuv_control_msgs/uuv_control_msgs/srv/detail/add_waypoint__rosidl_typesupport_introspection_c.h
[2.885s] -- Up-to-date: /home/sunny/catkin_ws/install/uuv_control_msgs/include/uuv_control_msgs/uuv_control_msgs/srv/detail/get_pid_params__type_support.c
[2.886s] -- Up-to-date: /home/sunny/catkin_ws/install/uuv_control_msgs/include/uuv_control_msgs/uuv_control_msgs/srv/detail/init_waypoint_set__type_support.c
[2.886s] -- Up-to-date: /home/sunny/catkin_ws/install/uuv_control_msgs/include/uuv_control_msgs/uuv_control_msgs/srv/detail/init_waypoint_set__rosidl_typesupport_introspection_c.h
[2.886s] -- Up-to-date: /home/sunny/catkin_ws/install/uuv_control_msgs/include/uuv_control_msgs/uuv_control_msgs/srv/detail/set_sm_controller_params__rosidl_typesupport_introspection_c.h
[2.886s] -- Up-to-date: /home/sunny/catkin_ws/install/uuv_control_msgs/include/uuv_control_msgs/uuv_control_msgs/srv/detail/init_rect_trajectory__type_support.c
[2.886s] -- Up-to-date: /home/sunny/catkin_ws/install/uuv_control_msgs/include/uuv_control_msgs/uuv_control_msgs/srv/detail/init_circular_trajectory__rosidl_typesupport_introspection_c.h
[2.886s] -- Up-to-date: /home/sunny/catkin_ws/install/uuv_control_msgs/include/uuv_control_msgs/uuv_control_msgs/srv/detail/get_waypoints__rosidl_typesupport_introspection_c.h
[2.886s] -- Up-to-date: /home/sunny/catkin_ws/install/uuv_control_msgs/include/uuv_control_msgs/uuv_control_msgs/srv/detail/go_to_incremental__type_support.c
[2.886s] -- Up-to-date: /home/sunny/catkin_ws/install/uuv_control_msgs/include/uuv_control_msgs/uuv_control_msgs/srv/detail/get_sm_controller_params__rosidl_typesupport_introspection_c.h
[2.886s] -- Up-to-date: /home/sunny/catkin_ws/install/uuv_control_msgs/include/uuv_control_msgs/uuv_control_msgs/srv/detail/set_pid_params__type_support.c
[2.887s] -- Up-to-date: /home/sunny/catkin_ws/install/uuv_control_msgs/include/uuv_control_msgs/uuv_control_msgs/srv/detail/init_helical_trajectory__type_support.c
[2.887s] -- Up-to-date: /home/sunny/catkin_ws/install/uuv_control_msgs/include/uuv_control_msgs/uuv_control_msgs/srv/detail/switch_to_automatic__rosidl_typesupport_introspection_c.h
[2.887s] -- Up-to-date: /home/sunny/catkin_ws/install/uuv_control_msgs/include/uuv_control_msgs/uuv_control_msgs/srv/detail/get_mbsm_controller_params__rosidl_typesupport_introspection_c.h
[2.887s] -- Up-to-date: /home/sunny/catkin_ws/install/uuv_control_msgs/include/uuv_control_msgs/uuv_control_msgs/srv/detail/reset_controller__type_support.c
[2.887s] -- Up-to-date: /home/sunny/catkin_ws/install/uuv_control_msgs/include/uuv_control_msgs/uuv_control_msgs/srv/detail/init_helical_trajectory__rosidl_typesupport_introspection_c.h
[2.887s] -- Up-to-date: /home/sunny/catkin_ws/install/uuv_control_msgs/include/uuv_control_msgs/uuv_control_msgs/srv/detail/switch_to_manual__type_support.c
[2.887s] -- Up-to-date: /home/sunny/catkin_ws/install/uuv_control_msgs/include/uuv_control_msgs/uuv_control_msgs/srv/detail/init_waypoints_from_file__type_support.c
[2.887s] -- Up-to-date: /home/sunny/catkin_ws/install/uuv_control_msgs/include/uuv_control_msgs/uuv_control_msgs/srv/detail/get_pid_params__rosidl_typesupport_introspection_c.h
[2.887s] -- Up-to-date: /home/sunny/catkin_ws/install/uuv_control_msgs/include/uuv_control_msgs/uuv_control_msgs/srv/detail/go_to__rosidl_typesupport_introspection_c.h
[2.888s] -- Up-to-date: /home/sunny/catkin_ws/install/uuv_control_msgs/include/uuv_control_msgs/uuv_control_msgs/srv/detail/go_to__type_support.c
[2.888s] -- Up-to-date: /home/sunny/catkin_ws/install/uuv_control_msgs/include/uuv_control_msgs/uuv_control_msgs/srv/detail/clear_waypoints__type_support.c
[2.888s] -- Up-to-date: /home/sunny/catkin_ws/install/uuv_control_msgs/include/uuv_control_msgs/uuv_control_msgs/srv/detail/get_sm_controller_params__type_support.c
[2.888s] -- Up-to-date: /home/sunny/catkin_ws/install/uuv_control_msgs/include/uuv_control_msgs/uuv_control_msgs/srv/detail/set_pid_params__rosidl_typesupport_introspection_c.h
[2.888s] -- Up-to-date: /home/sunny/catkin_ws/install/uuv_control_msgs/include/uuv_control_msgs/uuv_control_msgs/srv/detail/start_trajectory__rosidl_typesupport_introspection_c.h
[2.888s] -- Up-to-date: /home/sunny/catkin_ws/install/uuv_control_msgs/include/uuv_control_msgs/uuv_control_msgs/srv/detail/get_waypoints__type_support.c
[2.888s] -- Up-to-date: /home/sunny/catkin_ws/install/uuv_control_msgs/include/uuv_control_msgs/uuv_control_msgs/srv/detail/set_mbsm_controller_params__rosidl_typesupport_introspection_c.h
[2.888s] -- Up-to-date: /home/sunny/catkin_ws/install/uuv_control_msgs/include/uuv_control_msgs/uuv_control_msgs/srv/detail/is_running_trajectory__type_support.c
[2.888s] -- Up-to-date: /home/sunny/catkin_ws/install/uuv_control_msgs/include/uuv_control_msgs/uuv_control_msgs/srv/detail/init_waypoints_from_file__rosidl_typesupport_introspection_c.h
[2.889s] -- Up-to-date: /home/sunny/catkin_ws/install/uuv_control_msgs/include/uuv_control_msgs/uuv_control_msgs/srv/detail/init_circular_trajectory__type_support.c
[2.889s] -- Up-to-date: /home/sunny/catkin_ws/install/uuv_control_msgs/include/uuv_control_msgs/uuv_control_msgs/srv/detail/set_mbsm_controller_params__type_support.c
[2.889s] -- Up-to-date: /home/sunny/catkin_ws/install/uuv_control_msgs/include/uuv_control_msgs/uuv_control_msgs/srv/detail/go_to_incremental__rosidl_typesupport_introspection_c.h
[2.889s] -- Up-to-date: /home/sunny/catkin_ws/install/uuv_control_msgs/include/uuv_control_msgs/uuv_control_msgs/srv/detail/switch_to_manual__rosidl_typesupport_introspection_c.h
[2.889s] -- Up-to-date: /home/sunny/catkin_ws/install/uuv_control_msgs/include/uuv_control_msgs/uuv_control_msgs/msg
[2.889s] -- Up-to-date: /home/sunny/catkin_ws/install/uuv_control_msgs/include/uuv_control_msgs/uuv_control_msgs/msg/rosidl_typesupport_introspection_c__visibility_control.h
[2.890s] -- Up-to-date: /home/sunny/catkin_ws/install/uuv_control_msgs/include/uuv_control_msgs/uuv_control_msgs/msg/detail
[2.890s] -- Up-to-date: /home/sunny/catkin_ws/install/uuv_control_msgs/include/uuv_control_msgs/uuv_control_msgs/msg/detail/waypoint_set__rosidl_typesupport_introspection_c.h
[2.890s] -- Up-to-date: /home/sunny/catkin_ws/install/uuv_control_msgs/include/uuv_control_msgs/uuv_control_msgs/msg/detail/waypoint_set__type_support.c
[2.890s] -- Up-to-date: /home/sunny/catkin_ws/install/uuv_control_msgs/include/uuv_control_msgs/uuv_control_msgs/msg/detail/waypoint__rosidl_typesupport_introspection_c.h
[2.890s] -- Up-to-date: /home/sunny/catkin_ws/install/uuv_control_msgs/include/uuv_control_msgs/uuv_control_msgs/msg/detail/trajectory_point__type_support.c
[2.890s] -- Up-to-date: /home/sunny/catkin_ws/install/uuv_control_msgs/include/uuv_control_msgs/uuv_control_msgs/msg/detail/waypoint__type_support.c
[2.890s] -- Up-to-date: /home/sunny/catkin_ws/install/uuv_control_msgs/include/uuv_control_msgs/uuv_control_msgs/msg/detail/trajectory__type_support.c
[2.890s] -- Up-to-date: /home/sunny/catkin_ws/install/uuv_control_msgs/include/uuv_control_msgs/uuv_control_msgs/msg/detail/trajectory__rosidl_typesupport_introspection_c.h
[2.890s] -- Up-to-date: /home/sunny/catkin_ws/install/uuv_control_msgs/include/uuv_control_msgs/uuv_control_msgs/msg/detail/trajectory_point__rosidl_typesupport_introspection_c.h
[2.891s] -- Up-to-date: /home/sunny/catkin_ws/install/uuv_control_msgs/lib/libuuv_control_msgs__rosidl_typesupport_introspection_c.so
[2.891s] -- Up-to-date: /home/sunny/catkin_ws/install/uuv_control_msgs/lib/libuuv_control_msgs__rosidl_typesupport_c.so
[2.891s] -- Up-to-date: /home/sunny/catkin_ws/install/uuv_control_msgs/include/uuv_control_msgs/uuv_control_msgs
[2.891s] -- Up-to-date: /home/sunny/catkin_ws/install/uuv_control_msgs/include/uuv_control_msgs/uuv_control_msgs/srv
[2.891s] -- Up-to-date: /home/sunny/catkin_ws/install/uuv_control_msgs/include/uuv_control_msgs/uuv_control_msgs/srv/detail
[2.891s] -- Up-to-date: /home/sunny/catkin_ws/install/uuv_control_msgs/include/uuv_control_msgs/uuv_control_msgs/srv/detail/hold__rosidl_typesupport_introspection_cpp.hpp
[2.891s] -- Up-to-date: /home/sunny/catkin_ws/install/uuv_control_msgs/include/uuv_control_msgs/uuv_control_msgs/srv/detail/set_pid_params__rosidl_typesupport_introspection_cpp.hpp
[2.891s] -- Up-to-date: /home/sunny/catkin_ws/install/uuv_control_msgs/include/uuv_control_msgs/uuv_control_msgs/srv/detail/clear_waypoints__type_support.cpp
[2.891s] -- Up-to-date: /home/sunny/catkin_ws/install/uuv_control_msgs/include/uuv_control_msgs/uuv_control_msgs/srv/detail/add_waypoint__type_support.cpp
[2.892s] -- Up-to-date: /home/sunny/catkin_ws/install/uuv_control_msgs/include/uuv_control_msgs/uuv_control_msgs/srv/detail/set_sm_controller_params__rosidl_typesupport_introspection_cpp.hpp
[2.892s] -- Up-to-date: /home/sunny/catkin_ws/install/uuv_control_msgs/include/uuv_control_msgs/uuv_control_msgs/srv/detail/get_mbsm_controller_params__rosidl_typesupport_introspection_cpp.hpp
[2.892s] -- Up-to-date: /home/sunny/catkin_ws/install/uuv_control_msgs/include/uuv_control_msgs/uuv_control_msgs/srv/detail/get_waypoints__rosidl_typesupport_introspection_cpp.hpp
[2.892s] -- Up-to-date: /home/sunny/catkin_ws/install/uuv_control_msgs/include/uuv_control_msgs/uuv_control_msgs/srv/detail/reset_controller__rosidl_typesupport_introspection_cpp.hpp
[2.892s] -- Up-to-date: /home/sunny/catkin_ws/install/uuv_control_msgs/include/uuv_control_msgs/uuv_control_msgs/srv/detail/init_rect_trajectory__rosidl_typesupport_introspection_cpp.hpp
[2.893s] -- Up-to-date: /home/sunny/catkin_ws/install/uuv_control_msgs/include/uuv_control_msgs/uuv_control_msgs/srv/detail/init_rect_trajectory__type_support.cpp
[2.893s] -- Up-to-date: /home/sunny/catkin_ws/install/uuv_control_msgs/include/uuv_control_msgs/uuv_control_msgs/srv/detail/get_pid_params__type_support.cpp
[2.893s] -- Up-to-date: /home/sunny/catkin_ws/install/uuv_control_msgs/include/uuv_control_msgs/uuv_control_msgs/srv/detail/is_running_trajectory__type_support.cpp
[2.893s] -- Up-to-date: /home/sunny/catkin_ws/install/uuv_control_msgs/include/uuv_control_msgs/uuv_control_msgs/srv/detail/set_pid_params__type_support.cpp
[2.894s] -- Up-to-date: /home/sunny/catkin_ws/install/uuv_control_msgs/include/uuv_control_msgs/uuv_control_msgs/srv/detail/switch_to_automatic__type_support.cpp
[2.894s] -- Up-to-date: /home/sunny/catkin_ws/install/uuv_control_msgs/include/uuv_control_msgs/uuv_control_msgs/srv/detail/get_pid_params__rosidl_typesupport_introspection_cpp.hpp
[2.894s] -- Up-to-date: /home/sunny/catkin_ws/install/uuv_control_msgs/include/uuv_control_msgs/uuv_control_msgs/srv/detail/init_waypoints_from_file__type_support.cpp
[2.894s] -- Up-to-date: /home/sunny/catkin_ws/install/uuv_control_msgs/include/uuv_control_msgs/uuv_control_msgs/srv/detail/set_mbsm_controller_params__rosidl_typesupport_introspection_cpp.hpp
[2.894s] -- Up-to-date: /home/sunny/catkin_ws/install/uuv_control_msgs/include/uuv_control_msgs/uuv_control_msgs/srv/detail/get_sm_controller_params__rosidl_typesupport_introspection_cpp.hpp
[2.894s] -- Up-to-date: /home/sunny/catkin_ws/install/uuv_control_msgs/include/uuv_control_msgs/uuv_control_msgs/srv/detail/go_to__rosidl_typesupport_introspection_cpp.hpp
[2.895s] -- Up-to-date: /home/sunny/catkin_ws/install/uuv_control_msgs/include/uuv_control_msgs/uuv_control_msgs/srv/detail/init_helical_trajectory__rosidl_typesupport_introspection_cpp.hpp
[2.895s] -- Up-to-date: /home/sunny/catkin_ws/install/uuv_control_msgs/include/uuv_control_msgs/uuv_control_msgs/srv/detail/switch_to_manual__rosidl_typesupport_introspection_cpp.hpp
[2.895s] -- Up-to-date: /home/sunny/catkin_ws/install/uuv_control_msgs/include/uuv_control_msgs/uuv_control_msgs/srv/detail/start_trajectory__type_support.cpp
[2.895s] -- Up-to-date: /home/sunny/catkin_ws/install/uuv_control_msgs/include/uuv_control_msgs/uuv_control_msgs/srv/detail/is_running_trajectory__rosidl_typesupport_introspection_cpp.hpp
[2.895s] -- Up-to-date: /home/sunny/catkin_ws/install/uuv_control_msgs/include/uuv_control_msgs/uuv_control_msgs/srv/detail/go_to_incremental__type_support.cpp
[2.895s] -- Up-to-date: /home/sunny/catkin_ws/install/uuv_control_msgs/include/uuv_control_msgs/uuv_control_msgs/srv/detail/set_mbsm_controller_params__type_support.cpp
[2.895s] -- Up-to-date: /home/sunny/catkin_ws/install/uuv_control_msgs/include/uuv_control_msgs/uuv_control_msgs/srv/detail/get_sm_controller_params__type_support.cpp
[2.896s] -- Up-to-date: /home/sunny/catkin_ws/install/uuv_control_msgs/include/uuv_control_msgs/uuv_control_msgs/srv/detail/get_mbsm_controller_params__type_support.cpp
[2.896s] -- Up-to-date: /home/sunny/catkin_ws/install/uuv_control_msgs/include/uuv_control_msgs/uuv_control_msgs/srv/detail/clear_waypoints__rosidl_typesupport_introspection_cpp.hpp
[2.896s] -- Up-to-date: /home/sunny/catkin_ws/install/uuv_control_msgs/include/uuv_control_msgs/uuv_control_msgs/srv/detail/switch_to_manual__type_support.cpp
[2.896s] -- Up-to-date: /home/sunny/catkin_ws/install/uuv_control_msgs/include/uuv_control_msgs/uuv_control_msgs/srv/detail/init_waypoint_set__rosidl_typesupport_introspection_cpp.hpp
[2.897s] -- Up-to-date: /home/sunny/catkin_ws/install/uuv_control_msgs/include/uuv_control_msgs/uuv_control_msgs/srv/detail/go_to_incremental__rosidl_typesupport_introspection_cpp.hpp
[2.897s] -- Up-to-date: /home/sunny/catkin_ws/install/uuv_control_msgs/include/uuv_control_msgs/uuv_control_msgs/srv/detail/init_waypoint_set__type_support.cpp
[2.897s] -- Up-to-date: /home/sunny/catkin_ws/install/uuv_control_msgs/include/uuv_control_msgs/uuv_control_msgs/srv/detail/set_sm_controller_params__type_support.cpp
[2.898s] -- Up-to-date: /home/sunny/catkin_ws/install/uuv_control_msgs/include/uuv_control_msgs/uuv_control_msgs/srv/detail/init_circular_trajectory__rosidl_typesupport_introspection_cpp.hpp
[2.898s] -- Up-to-date: /home/sunny/catkin_ws/install/uuv_control_msgs/include/uuv_control_msgs/uuv_control_msgs/srv/detail/hold__type_support.cpp
[2.898s] -- Up-to-date: /home/sunny/catkin_ws/install/uuv_control_msgs/include/uuv_control_msgs/uuv_control_msgs/srv/detail/reset_controller__type_support.cpp
[2.898s] -- Up-to-date: /home/sunny/catkin_ws/install/uuv_control_msgs/include/uuv_control_msgs/uuv_control_msgs/srv/detail/go_to__type_support.cpp
[2.899s] -- Up-to-date: /home/sunny/catkin_ws/install/uuv_control_msgs/include/uuv_control_msgs/uuv_control_msgs/srv/detail/get_waypoints__type_support.cpp
[2.899s] -- Up-to-date: /home/sunny/catkin_ws/install/uuv_control_msgs/include/uuv_control_msgs/uuv_control_msgs/srv/detail/init_helical_trajectory__type_support.cpp
[2.899s] -- Up-to-date: /home/sunny/catkin_ws/install/uuv_control_msgs/include/uuv_control_msgs/uuv_control_msgs/srv/detail/init_circular_trajectory__type_support.cpp
[2.899s] -- Up-to-date: /home/sunny/catkin_ws/install/uuv_control_msgs/include/uuv_control_msgs/uuv_control_msgs/srv/detail/add_waypoint__rosidl_typesupport_introspection_cpp.hpp
[2.899s] -- Up-to-date: /home/sunny/catkin_ws/install/uuv_control_msgs/include/uuv_control_msgs/uuv_control_msgs/srv/detail/init_waypoints_from_file__rosidl_typesupport_introspection_cpp.hpp
[2.899s] -- Up-to-date: /home/sunny/catkin_ws/install/uuv_control_msgs/include/uuv_control_msgs/uuv_control_msgs/srv/detail/switch_to_automatic__rosidl_typesupport_introspection_cpp.hpp
[2.899s] -- Up-to-date: /home/sunny/catkin_ws/install/uuv_control_msgs/include/uuv_control_msgs/uuv_control_msgs/srv/detail/start_trajectory__rosidl_typesupport_introspection_cpp.hpp
[2.899s] -- Up-to-date: /home/sunny/catkin_ws/install/uuv_control_msgs/include/uuv_control_msgs/uuv_control_msgs/msg
[2.900s] -- Up-to-date: /home/sunny/catkin_ws/install/uuv_control_msgs/include/uuv_control_msgs/uuv_control_msgs/msg/detail
[2.900s] -- Up-to-date: /home/sunny/catkin_ws/install/uuv_control_msgs/include/uuv_control_msgs/uuv_control_msgs/msg/detail/waypoint__rosidl_typesupport_introspection_cpp.hpp
[2.900s] -- Up-to-date: /home/sunny/catkin_ws/install/uuv_control_msgs/include/uuv_control_msgs/uuv_control_msgs/msg/detail/waypoint_set__rosidl_typesupport_introspection_cpp.hpp
[2.901s] -- Up-to-date: /home/sunny/catkin_ws/install/uuv_control_msgs/include/uuv_control_msgs/uuv_control_msgs/msg/detail/trajectory_point__rosidl_typesupport_introspection_cpp.hpp
[2.901s] -- Up-to-date: /home/sunny/catkin_ws/install/uuv_control_msgs/include/uuv_control_msgs/uuv_control_msgs/msg/detail/trajectory__type_support.cpp
[2.901s] -- Up-to-date: /home/sunny/catkin_ws/install/uuv_control_msgs/include/uuv_control_msgs/uuv_control_msgs/msg/detail/trajectory_point__type_support.cpp
[2.901s] -- Up-to-date: /home/sunny/catkin_ws/install/uuv_control_msgs/include/uuv_control_msgs/uuv_control_msgs/msg/detail/waypoint__type_support.cpp
[2.901s] -- Up-to-date: /home/sunny/catkin_ws/install/uuv_control_msgs/include/uuv_control_msgs/uuv_control_msgs/msg/detail/trajectory__rosidl_typesupport_introspection_cpp.hpp
[2.902s] -- Up-to-date: /home/sunny/catkin_ws/install/uuv_control_msgs/include/uuv_control_msgs/uuv_control_msgs/msg/detail/waypoint_set__type_support.cpp
[2.902s] -- Up-to-date: /home/sunny/catkin_ws/install/uuv_control_msgs/lib/libuuv_control_msgs__rosidl_typesupport_introspection_cpp.so
[2.902s] -- Up-to-date: /home/sunny/catkin_ws/install/uuv_control_msgs/lib/libuuv_control_msgs__rosidl_typesupport_cpp.so
[2.902s] -- Up-to-date: /home/sunny/catkin_ws/install/uuv_control_msgs/share/uuv_control_msgs/environment/pythonpath.sh
[2.902s] -- Up-to-date: /home/sunny/catkin_ws/install/uuv_control_msgs/share/uuv_control_msgs/environment/pythonpath.dsv
[2.903s] -- Up-to-date: /home/sunny/catkin_ws/install/uuv_control_msgs/local/lib/python3.10/dist-packages/uuv_control_msgs-0.6.1-py3.10.egg-info
[2.903s] -- Installing: /home/sunny/catkin_ws/install/uuv_control_msgs/local/lib/python3.10/dist-packages/uuv_control_msgs-0.6.1-py3.10.egg-info/PKG-INFO
[2.903s] -- Installing: /home/sunny/catkin_ws/install/uuv_control_msgs/local/lib/python3.10/dist-packages/uuv_control_msgs-0.6.1-py3.10.egg-info/SOURCES.txt
[2.903s] -- Installing: /home/sunny/catkin_ws/install/uuv_control_msgs/local/lib/python3.10/dist-packages/uuv_control_msgs-0.6.1-py3.10.egg-info/top_level.txt
[2.903s] -- Installing: /home/sunny/catkin_ws/install/uuv_control_msgs/local/lib/python3.10/dist-packages/uuv_control_msgs-0.6.1-py3.10.egg-info/dependency_links.txt
[2.903s] -- Up-to-date: /home/sunny/catkin_ws/install/uuv_control_msgs/local/lib/python3.10/dist-packages/uuv_control_msgs
[2.903s] -- Up-to-date: /home/sunny/catkin_ws/install/uuv_control_msgs/local/lib/python3.10/dist-packages/uuv_control_msgs/__init__.py
[2.903s] -- Up-to-date: /home/sunny/catkin_ws/install/uuv_control_msgs/local/lib/python3.10/dist-packages/uuv_control_msgs/libuuv_control_msgs__rosidl_generator_py.so
[2.904s] -- Up-to-date: /home/sunny/catkin_ws/install/uuv_control_msgs/local/lib/python3.10/dist-packages/uuv_control_msgs/srv
[2.904s] -- Up-to-date: /home/sunny/catkin_ws/install/uuv_control_msgs/local/lib/python3.10/dist-packages/uuv_control_msgs/srv/__init__.py
[2.904s] -- Up-to-date: /home/sunny/catkin_ws/install/uuv_control_msgs/local/lib/python3.10/dist-packages/uuv_control_msgs/srv/_init_circular_trajectory.py
[2.904s] -- Up-to-date: /home/sunny/catkin_ws/install/uuv_control_msgs/local/lib/python3.10/dist-packages/uuv_control_msgs/srv/_is_running_trajectory_s.c
[2.904s] -- Up-to-date: /home/sunny/catkin_ws/install/uuv_control_msgs/local/lib/python3.10/dist-packages/uuv_control_msgs/srv/_add_waypoint.py
[2.904s] -- Up-to-date: /home/sunny/catkin_ws/install/uuv_control_msgs/local/lib/python3.10/dist-packages/uuv_control_msgs/srv/_init_helical_trajectory.py
[2.904s] -- Up-to-date: /home/sunny/catkin_ws/install/uuv_control_msgs/local/lib/python3.10/dist-packages/uuv_control_msgs/srv/_switch_to_automatic_s.c
[2.905s] -- Up-to-date: /home/sunny/catkin_ws/install/uuv_control_msgs/local/lib/python3.10/dist-packages/uuv_control_msgs/srv/_get_mbsm_controller_params_s.c
[2.905s] -- Up-to-date: /home/sunny/catkin_ws/install/uuv_control_msgs/local/lib/python3.10/dist-packages/uuv_control_msgs/srv/_init_waypoint_set_s.c
[2.905s] -- Up-to-date: /home/sunny/catkin_ws/install/uuv_control_msgs/local/lib/python3.10/dist-packages/uuv_control_msgs/srv/_get_mbsm_controller_params.py
[2.905s] -- Up-to-date: /home/sunny/catkin_ws/install/uuv_control_msgs/local/lib/python3.10/dist-packages/uuv_control_msgs/srv/_switch_to_manual_s.c
[2.905s] -- Up-to-date: /home/sunny/catkin_ws/install/uuv_control_msgs/local/lib/python3.10/dist-packages/uuv_control_msgs/srv/_init_waypoints_from_file.py
[2.905s] -- Up-to-date: /home/sunny/catkin_ws/install/uuv_control_msgs/local/lib/python3.10/dist-packages/uuv_control_msgs/srv/_add_waypoint_s.c
[2.905s] -- Up-to-date: /home/sunny/catkin_ws/install/uuv_control_msgs/local/lib/python3.10/dist-packages/uuv_control_msgs/srv/_init_waypoints_from_file_s.c
[2.905s] -- Up-to-date: /home/sunny/catkin_ws/install/uuv_control_msgs/local/lib/python3.10/dist-packages/uuv_control_msgs/srv/_init_circular_trajectory_s.c
[2.906s] -- Up-to-date: /home/sunny/catkin_ws/install/uuv_control_msgs/local/lib/python3.10/dist-packages/uuv_control_msgs/srv/_start_trajectory.py
[2.906s] -- Up-to-date: /home/sunny/catkin_ws/install/uuv_control_msgs/local/lib/python3.10/dist-packages/uuv_control_msgs/srv/_init_rect_trajectory_s.c
[2.906s] -- Up-to-date: /home/sunny/catkin_ws/install/uuv_control_msgs/local/lib/python3.10/dist-packages/uuv_control_msgs/srv/_go_to_incremental.py
[2.906s] -- Up-to-date: /home/sunny/catkin_ws/install/uuv_control_msgs/local/lib/python3.10/dist-packages/uuv_control_msgs/srv/_set_pid_params.py
[2.906s] -- Up-to-date: /home/sunny/catkin_ws/install/uuv_control_msgs/local/lib/python3.10/dist-packages/uuv_control_msgs/srv/_get_pid_params_s.c
[2.906s] -- Up-to-date: /home/sunny/catkin_ws/install/uuv_control_msgs/local/lib/python3.10/dist-packages/uuv_control_msgs/srv/_get_waypoints_s.c
[2.906s] -- Up-to-date: /home/sunny/catkin_ws/install/uuv_control_msgs/local/lib/python3.10/dist-packages/uuv_control_msgs/srv/_init_helical_trajectory_s.c
[2.906s] -- Up-to-date: /home/sunny/catkin_ws/install/uuv_control_msgs/local/lib/python3.10/dist-packages/uuv_control_msgs/srv/_is_running_trajectory.py
[2.906s] -- Up-to-date: /home/sunny/catkin_ws/install/uuv_control_msgs/local/lib/python3.10/dist-packages/uuv_control_msgs/srv/_set_mbsm_controller_params_s.c
[2.907s] -- Up-to-date: /home/sunny/catkin_ws/install/uuv_control_msgs/local/lib/python3.10/dist-packages/uuv_control_msgs/srv/_switch_to_manual.py
[2.907s] -- Up-to-date: /home/sunny/catkin_ws/install/uuv_control_msgs/local/lib/python3.10/dist-packages/uuv_control_msgs/srv/_set_sm_controller_params.py
[2.907s] -- Up-to-date: /home/sunny/catkin_ws/install/uuv_control_msgs/local/lib/python3.10/dist-packages/uuv_control_msgs/srv/_get_sm_controller_params_s.c
[2.907s] -- Up-to-date: /home/sunny/catkin_ws/install/uuv_control_msgs/local/lib/python3.10/dist-packages/uuv_control_msgs/srv/_clear_waypoints_s.c
[2.907s] -- Up-to-date: /home/sunny/catkin_ws/install/uuv_control_msgs/local/lib/python3.10/dist-packages/uuv_control_msgs/srv/_reset_controller.py
[2.907s] -- Up-to-date: /home/sunny/catkin_ws/install/uuv_control_msgs/local/lib/python3.10/dist-packages/uuv_control_msgs/srv/_init_rect_trajectory.py
[2.907s] -- Up-to-date: /home/sunny/catkin_ws/install/uuv_control_msgs/local/lib/python3.10/dist-packages/uuv_control_msgs/srv/_init_waypoint_set.py
[2.907s] -- Up-to-date: /home/sunny/catkin_ws/install/uuv_control_msgs/local/lib/python3.10/dist-packages/uuv_control_msgs/srv/_set_sm_controller_params_s.c
[2.908s] -- Up-to-date: /home/sunny/catkin_ws/install/uuv_control_msgs/local/lib/python3.10/dist-packages/uuv_control_msgs/srv/_set_mbsm_controller_params.py
[2.908s] -- Up-to-date: /home/sunny/catkin_ws/install/uuv_control_msgs/local/lib/python3.10/dist-packages/uuv_control_msgs/srv/_go_to_incremental_s.c
[2.908s] -- Up-to-date: /home/sunny/catkin_ws/install/uuv_control_msgs/local/lib/python3.10/dist-packages/uuv_control_msgs/srv/_get_pid_params.py
[2.908s] -- Up-to-date: /home/sunny/catkin_ws/install/uuv_control_msgs/local/lib/python3.10/dist-packages/uuv_control_msgs/srv/_get_sm_controller_params.py
[2.908s] -- Up-to-date: /home/sunny/catkin_ws/install/uuv_control_msgs/local/lib/python3.10/dist-packages/uuv_control_msgs/srv/_clear_waypoints.py
[2.908s] -- Up-to-date: /home/sunny/catkin_ws/install/uuv_control_msgs/local/lib/python3.10/dist-packages/uuv_control_msgs/srv/_go_to.py
[2.908s] -- Up-to-date: /home/sunny/catkin_ws/install/uuv_control_msgs/local/lib/python3.10/dist-packages/uuv_control_msgs/srv/_get_waypoints.py
[2.908s] -- Up-to-date: /home/sunny/catkin_ws/install/uuv_control_msgs/local/lib/python3.10/dist-packages/uuv_control_msgs/srv/_set_pid_params_s.c
[2.908s] -- Up-to-date: /home/sunny/catkin_ws/install/uuv_control_msgs/local/lib/python3.10/dist-packages/uuv_control_msgs/srv/_reset_controller_s.c
[2.909s] -- Up-to-date: /home/sunny/catkin_ws/install/uuv_control_msgs/local/lib/python3.10/dist-packages/uuv_control_msgs/srv/_start_trajectory_s.c
[2.909s] -- Up-to-date: /home/sunny/catkin_ws/install/uuv_control_msgs/local/lib/python3.10/dist-packages/uuv_control_msgs/srv/_go_to_s.c
[2.909s] -- Up-to-date: /home/sunny/catkin_ws/install/uuv_control_msgs/local/lib/python3.10/dist-packages/uuv_control_msgs/srv/_switch_to_automatic.py
[2.909s] -- Up-to-date: /home/sunny/catkin_ws/install/uuv_control_msgs/local/lib/python3.10/dist-packages/uuv_control_msgs/srv/_hold.py
[2.909s] -- Up-to-date: /home/sunny/catkin_ws/install/uuv_control_msgs/local/lib/python3.10/dist-packages/uuv_control_msgs/srv/_hold_s.c
[2.909s] -- Up-to-date: /home/sunny/catkin_ws/install/uuv_control_msgs/local/lib/python3.10/dist-packages/uuv_control_msgs/_uuv_control_msgs_s.ep.rosidl_typesupport_c.c
[2.909s] -- Up-to-date: /home/sunny/catkin_ws/install/uuv_control_msgs/local/lib/python3.10/dist-packages/uuv_control_msgs/uuv_control_msgs_s__rosidl_typesupport_introspection_c.cpython-310-x86_64-linux-gnu.so
[2.910s] -- Up-to-date: /home/sunny/catkin_ws/install/uuv_control_msgs/local/lib/python3.10/dist-packages/uuv_control_msgs/_uuv_control_msgs_s.ep.rosidl_typesupport_introspection_c.c
[2.910s] -- Up-to-date: /home/sunny/catkin_ws/install/uuv_control_msgs/local/lib/python3.10/dist-packages/uuv_control_msgs/uuv_control_msgs_s__rosidl_typesupport_c.cpython-310-x86_64-linux-gnu.so
[2.910s] -- Up-to-date: /home/sunny/catkin_ws/install/uuv_control_msgs/local/lib/python3.10/dist-packages/uuv_control_msgs/uuv_control_msgs_s__rosidl_typesupport_fastrtps_c.cpython-310-x86_64-linux-gnu.so
[2.910s] -- Up-to-date: /home/sunny/catkin_ws/install/uuv_control_msgs/local/lib/python3.10/dist-packages/uuv_control_msgs/msg
[2.910s] -- Up-to-date: /home/sunny/catkin_ws/install/uuv_control_msgs/local/lib/python3.10/dist-packages/uuv_control_msgs/msg/__init__.py
[2.910s] -- Up-to-date: /home/sunny/catkin_ws/install/uuv_control_msgs/local/lib/python3.10/dist-packages/uuv_control_msgs/msg/_waypoint_set_s.c
[2.910s] -- Up-to-date: /home/sunny/catkin_ws/install/uuv_control_msgs/local/lib/python3.10/dist-packages/uuv_control_msgs/msg/_trajectory.py
[2.910s] -- Up-to-date: /home/sunny/catkin_ws/install/uuv_control_msgs/local/lib/python3.10/dist-packages/uuv_control_msgs/msg/_waypoint_set.py
[2.910s] -- Up-to-date: /home/sunny/catkin_ws/install/uuv_control_msgs/local/lib/python3.10/dist-packages/uuv_control_msgs/msg/_trajectory_point.py
[2.910s] -- Up-to-date: /home/sunny/catkin_ws/install/uuv_control_msgs/local/lib/python3.10/dist-packages/uuv_control_msgs/msg/_trajectory_point_s.c
[2.910s] -- Up-to-date: /home/sunny/catkin_ws/install/uuv_control_msgs/local/lib/python3.10/dist-packages/uuv_control_msgs/msg/_waypoint_s.c
[2.911s] -- Up-to-date: /home/sunny/catkin_ws/install/uuv_control_msgs/local/lib/python3.10/dist-packages/uuv_control_msgs/msg/_trajectory_s.c
[2.911s] -- Up-to-date: /home/sunny/catkin_ws/install/uuv_control_msgs/local/lib/python3.10/dist-packages/uuv_control_msgs/msg/_waypoint.py
[2.911s] -- Up-to-date: /home/sunny/catkin_ws/install/uuv_control_msgs/local/lib/python3.10/dist-packages/uuv_control_msgs/_uuv_control_msgs_s.ep.rosidl_typesupport_fastrtps_c.c
[2.911s] Listing '/home/sunny/catkin_ws/install/uuv_control_msgs/local/lib/python3.10/dist-packages/uuv_control_msgs'...
[2.911s] Listing '/home/sunny/catkin_ws/install/uuv_control_msgs/local/lib/python3.10/dist-packages/uuv_control_msgs/msg'...
[2.911s] Listing '/home/sunny/catkin_ws/install/uuv_control_msgs/local/lib/python3.10/dist-packages/uuv_control_msgs/srv'...
[2.911s] -- Up-to-date: /home/sunny/catkin_ws/install/uuv_control_msgs/local/lib/python3.10/dist-packages/uuv_control_msgs/uuv_control_msgs_s__rosidl_typesupport_fastrtps_c.cpython-310-x86_64-linux-gnu.so
[2.911s] -- Up-to-date: /home/sunny/catkin_ws/install/uuv_control_msgs/local/lib/python3.10/dist-packages/uuv_control_msgs/uuv_control_msgs_s__rosidl_typesupport_introspection_c.cpython-310-x86_64-linux-gnu.so
[2.911s] -- Up-to-date: /home/sunny/catkin_ws/install/uuv_control_msgs/local/lib/python3.10/dist-packages/uuv_control_msgs/uuv_control_msgs_s__rosidl_typesupport_c.cpython-310-x86_64-linux-gnu.so
[2.911s] -- Up-to-date: /home/sunny/catkin_ws/install/uuv_control_msgs/lib/libuuv_control_msgs__rosidl_generator_py.so
[2.912s] -- Up-to-date: /home/sunny/catkin_ws/install/uuv_control_msgs/share/uuv_control_msgs/msg/Trajectory.idl
[2.912s] -- Up-to-date: /home/sunny/catkin_ws/install/uuv_control_msgs/share/uuv_control_msgs/msg/TrajectoryPoint.idl
[2.912s] -- Up-to-date: /home/sunny/catkin_ws/install/uuv_control_msgs/share/uuv_control_msgs/msg/Waypoint.idl
[2.912s] -- Up-to-date: /home/sunny/catkin_ws/install/uuv_control_msgs/share/uuv_control_msgs/msg/WaypointSet.idl
[2.912s] -- Up-to-date: /home/sunny/catkin_ws/install/uuv_control_msgs/share/uuv_control_msgs/srv/AddWaypoint.idl
[2.912s] -- Up-to-date: /home/sunny/catkin_ws/install/uuv_control_msgs/share/uuv_control_msgs/srv/ClearWaypoints.idl
[2.912s] -- Up-to-date: /home/sunny/catkin_ws/install/uuv_control_msgs/share/uuv_control_msgs/srv/InitCircularTrajectory.idl
[2.912s] -- Up-to-date: /home/sunny/catkin_ws/install/uuv_control_msgs/share/uuv_control_msgs/srv/InitHelicalTrajectory.idl
[2.912s] -- Up-to-date: /home/sunny/catkin_ws/install/uuv_control_msgs/share/uuv_control_msgs/srv/InitWaypointsFromFile.idl
[2.912s] -- Up-to-date: /home/sunny/catkin_ws/install/uuv_control_msgs/share/uuv_control_msgs/srv/GetWaypoints.idl
[2.912s] -- Up-to-date: /home/sunny/catkin_ws/install/uuv_control_msgs/share/uuv_control_msgs/srv/GoTo.idl
[2.912s] -- Up-to-date: /home/sunny/catkin_ws/install/uuv_control_msgs/share/uuv_control_msgs/srv/GoToIncremental.idl
[2.913s] -- Up-to-date: /home/sunny/catkin_ws/install/uuv_control_msgs/share/uuv_control_msgs/srv/Hold.idl
[2.913s] -- Up-to-date: /home/sunny/catkin_ws/install/uuv_control_msgs/share/uuv_control_msgs/srv/IsRunningTrajectory.idl
[2.913s] -- Up-to-date: /home/sunny/catkin_ws/install/uuv_control_msgs/share/uuv_control_msgs/srv/InitWaypointSet.idl
[2.913s] -- Up-to-date: /home/sunny/catkin_ws/install/uuv_control_msgs/share/uuv_control_msgs/srv/InitRectTrajectory.idl
[2.913s] -- Up-to-date: /home/sunny/catkin_ws/install/uuv_control_msgs/share/uuv_control_msgs/srv/StartTrajectory.idl
[2.913s] -- Up-to-date: /home/sunny/catkin_ws/install/uuv_control_msgs/share/uuv_control_msgs/srv/SwitchToAutomatic.idl
[2.913s] -- Up-to-date: /home/sunny/catkin_ws/install/uuv_control_msgs/share/uuv_control_msgs/srv/SwitchToManual.idl
[2.913s] -- Up-to-date: /home/sunny/catkin_ws/install/uuv_control_msgs/share/uuv_control_msgs/srv/SetPIDParams.idl
[2.913s] -- Up-to-date: /home/sunny/catkin_ws/install/uuv_control_msgs/share/uuv_control_msgs/srv/GetPIDParams.idl
[2.914s] -- Up-to-date: /home/sunny/catkin_ws/install/uuv_control_msgs/share/uuv_control_msgs/srv/SetSMControllerParams.idl
[2.914s] -- Up-to-date: /home/sunny/catkin_ws/install/uuv_control_msgs/share/uuv_control_msgs/srv/GetSMControllerParams.idl
[2.914s] -- Up-to-date: /home/sunny/catkin_ws/install/uuv_control_msgs/share/uuv_control_msgs/srv/SetMBSMControllerParams.idl
[2.914s] -- Up-to-date: /home/sunny/catkin_ws/install/uuv_control_msgs/share/uuv_control_msgs/srv/GetMBSMControllerParams.idl
[2.914s] -- Up-to-date: /home/sunny/catkin_ws/install/uuv_control_msgs/share/uuv_control_msgs/srv/ResetController.idl
[2.914s] -- Up-to-date: /home/sunny/catkin_ws/install/uuv_control_msgs/share/uuv_control_msgs/msg/Trajectory.msg
[2.914s] -- Up-to-date: /home/sunny/catkin_ws/install/uuv_control_msgs/share/uuv_control_msgs/msg/TrajectoryPoint.msg
[2.914s] -- Up-to-date: /home/sunny/catkin_ws/install/uuv_control_msgs/share/uuv_control_msgs/msg/Waypoint.msg
[2.914s] -- Up-to-date: /home/sunny/catkin_ws/install/uuv_control_msgs/share/uuv_control_msgs/msg/WaypointSet.msg
[2.915s] -- Up-to-date: /home/sunny/catkin_ws/install/uuv_control_msgs/share/uuv_control_msgs/srv/AddWaypoint.srv
[2.915s] -- Up-to-date: /home/sunny/catkin_ws/install/uuv_control_msgs/share/uuv_control_msgs/srv/AddWaypoint_Request.msg
[2.915s] -- Up-to-date: /home/sunny/catkin_ws/install/uuv_control_msgs/share/uuv_control_msgs/srv/AddWaypoint_Response.msg
[2.915s] -- Up-to-date: /home/sunny/catkin_ws/install/uuv_control_msgs/share/uuv_control_msgs/srv/ClearWaypoints.srv
[2.915s] -- Up-to-date: /home/sunny/catkin_ws/install/uuv_control_msgs/share/uuv_control_msgs/srv/ClearWaypoints_Request.msg
[2.915s] -- Up-to-date: /home/sunny/catkin_ws/install/uuv_control_msgs/share/uuv_control_msgs/srv/ClearWaypoints_Response.msg
[2.915s] -- Up-to-date: /home/sunny/catkin_ws/install/uuv_control_msgs/share/uuv_control_msgs/srv/InitCircularTrajectory.srv
[2.916s] -- Up-to-date: /home/sunny/catkin_ws/install/uuv_control_msgs/share/uuv_control_msgs/srv/InitCircularTrajectory_Request.msg
[2.916s] -- Up-to-date: /home/sunny/catkin_ws/install/uuv_control_msgs/share/uuv_control_msgs/srv/InitCircularTrajectory_Response.msg
[2.916s] -- Up-to-date: /home/sunny/catkin_ws/install/uuv_control_msgs/share/uuv_control_msgs/srv/InitHelicalTrajectory.srv
[2.916s] -- Up-to-date: /home/sunny/catkin_ws/install/uuv_control_msgs/share/uuv_control_msgs/srv/InitHelicalTrajectory_Request.msg
[2.916s] -- Up-to-date: /home/sunny/catkin_ws/install/uuv_control_msgs/share/uuv_control_msgs/srv/InitHelicalTrajectory_Response.msg
[2.916s] -- Up-to-date: /home/sunny/catkin_ws/install/uuv_control_msgs/share/uuv_control_msgs/srv/InitWaypointsFromFile.srv
[2.916s] -- Up-to-date: /home/sunny/catkin_ws/install/uuv_control_msgs/share/uuv_control_msgs/srv/InitWaypointsFromFile_Request.msg
[2.916s] -- Up-to-date: /home/sunny/catkin_ws/install/uuv_control_msgs/share/uuv_control_msgs/srv/InitWaypointsFromFile_Response.msg
[2.916s] -- Up-to-date: /home/sunny/catkin_ws/install/uuv_control_msgs/share/uuv_control_msgs/srv/GetWaypoints.srv
[2.916s] -- Up-to-date: /home/sunny/catkin_ws/install/uuv_control_msgs/share/uuv_control_msgs/srv/GetWaypoints_Request.msg
[2.917s] -- Up-to-date: /home/sunny/catkin_ws/install/uuv_control_msgs/share/uuv_control_msgs/srv/GetWaypoints_Response.msg
[2.918s] -- Up-to-date: /home/sunny/catkin_ws/install/uuv_control_msgs/share/uuv_control_msgs/srv/GoTo.srv
[2.918s] -- Up-to-date: /home/sunny/catkin_ws/install/uuv_control_msgs/share/uuv_control_msgs/srv/GoTo_Request.msg
[2.918s] -- Up-to-date: /home/sunny/catkin_ws/install/uuv_control_msgs/share/uuv_control_msgs/srv/GoTo_Response.msg
[2.918s] -- Up-to-date: /home/sunny/catkin_ws/install/uuv_control_msgs/share/uuv_control_msgs/srv/GoToIncremental.srv
[2.918s] -- Up-to-date: /home/sunny/catkin_ws/install/uuv_control_msgs/share/uuv_control_msgs/srv/GoToIncremental_Request.msg
[2.918s] -- Up-to-date: /home/sunny/catkin_ws/install/uuv_control_msgs/share/uuv_control_msgs/srv/GoToIncremental_Response.msg
[2.918s] -- Up-to-date: /home/sunny/catkin_ws/install/uuv_control_msgs/share/uuv_control_msgs/srv/Hold.srv
[2.918s] -- Up-to-date: /home/sunny/catkin_ws/install/uuv_control_msgs/share/uuv_control_msgs/srv/Hold_Request.msg
[2.918s] -- Up-to-date: /home/sunny/catkin_ws/install/uuv_control_msgs/share/uuv_control_msgs/srv/Hold_Response.msg
[2.918s] -- Up-to-date: /home/sunny/catkin_ws/install/uuv_control_msgs/share/uuv_control_msgs/srv/IsRunningTrajectory.srv
[2.919s] -- Up-to-date: /home/sunny/catkin_ws/install/uuv_control_msgs/share/uuv_control_msgs/srv/IsRunningTrajectory_Request.msg
[2.919s] -- Up-to-date: /home/sunny/catkin_ws/install/uuv_control_msgs/share/uuv_control_msgs/srv/IsRunningTrajectory_Response.msg
[2.919s] -- Up-to-date: /home/sunny/catkin_ws/install/uuv_control_msgs/share/uuv_control_msgs/srv/InitWaypointSet.srv
[2.919s] -- Up-to-date: /home/sunny/catkin_ws/install/uuv_control_msgs/share/uuv_control_msgs/srv/InitWaypointSet_Request.msg
[2.919s] -- Up-to-date: /home/sunny/catkin_ws/install/uuv_control_msgs/share/uuv_control_msgs/srv/InitWaypointSet_Response.msg
[2.919s] -- Up-to-date: /home/sunny/catkin_ws/install/uuv_control_msgs/share/uuv_control_msgs/srv/InitRectTrajectory.srv
[2.919s] -- Up-to-date: /home/sunny/catkin_ws/install/uuv_control_msgs/share/uuv_control_msgs/srv/InitRectTrajectory_Request.msg
[2.920s] -- Up-to-date: /home/sunny/catkin_ws/install/uuv_control_msgs/share/uuv_control_msgs/srv/InitRectTrajectory_Response.msg
[2.920s] -- Up-to-date: /home/sunny/catkin_ws/install/uuv_control_msgs/share/uuv_control_msgs/srv/StartTrajectory.srv
[2.920s] -- Up-to-date: /home/sunny/catkin_ws/install/uuv_control_msgs/share/uuv_control_msgs/srv/StartTrajectory_Request.msg
[2.920s] -- Up-to-date: /home/sunny/catkin_ws/install/uuv_control_msgs/share/uuv_control_msgs/srv/StartTrajectory_Response.msg
[2.920s] -- Up-to-date: /home/sunny/catkin_ws/install/uuv_control_msgs/share/uuv_control_msgs/srv/SwitchToAutomatic.srv
[2.920s] -- Up-to-date: /home/sunny/catkin_ws/install/uuv_control_msgs/share/uuv_control_msgs/srv/SwitchToAutomatic_Request.msg
[2.920s] -- Up-to-date: /home/sunny/catkin_ws/install/uuv_control_msgs/share/uuv_control_msgs/srv/SwitchToAutomatic_Response.msg
[2.921s] -- Up-to-date: /home/sunny/catkin_ws/install/uuv_control_msgs/share/uuv_control_msgs/srv/SwitchToManual.srv
[2.921s] -- Up-to-date: /home/sunny/catkin_ws/install/uuv_control_msgs/share/uuv_control_msgs/srv/SwitchToManual_Request.msg
[2.921s] -- Up-to-date: /home/sunny/catkin_ws/install/uuv_control_msgs/share/uuv_control_msgs/srv/SwitchToManual_Response.msg
[2.921s] -- Up-to-date: /home/sunny/catkin_ws/install/uuv_control_msgs/share/uuv_control_msgs/srv/SetPIDParams.srv
[2.921s] -- Up-to-date: /home/sunny/catkin_ws/install/uuv_control_msgs/share/uuv_control_msgs/srv/SetPIDParams_Request.msg
[2.921s] -- Up-to-date: /home/sunny/catkin_ws/install/uuv_control_msgs/share/uuv_control_msgs/srv/SetPIDParams_Response.msg
[2.921s] -- Up-to-date: /home/sunny/catkin_ws/install/uuv_control_msgs/share/uuv_control_msgs/srv/GetPIDParams.srv
[2.922s] -- Up-to-date: /home/sunny/catkin_ws/install/uuv_control_msgs/share/uuv_control_msgs/srv/GetPIDParams_Request.msg
[2.922s] -- Up-to-date: /home/sunny/catkin_ws/install/uuv_control_msgs/share/uuv_control_msgs/srv/GetPIDParams_Response.msg
[2.922s] -- Up-to-date: /home/sunny/catkin_ws/install/uuv_control_msgs/share/uuv_control_msgs/srv/SetSMControllerParams.srv
[2.922s] -- Up-to-date: /home/sunny/catkin_ws/install/uuv_control_msgs/share/uuv_control_msgs/srv/SetSMControllerParams_Request.msg
[2.922s] -- Up-to-date: /home/sunny/catkin_ws/install/uuv_control_msgs/share/uuv_control_msgs/srv/SetSMControllerParams_Response.msg
[2.922s] -- Up-to-date: /home/sunny/catkin_ws/install/uuv_control_msgs/share/uuv_control_msgs/srv/GetSMControllerParams.srv
[2.922s] -- Up-to-date: /home/sunny/catkin_ws/install/uuv_control_msgs/share/uuv_control_msgs/srv/GetSMControllerParams_Request.msg
[2.922s] -- Up-to-date: /home/sunny/catkin_ws/install/uuv_control_msgs/share/uuv_control_msgs/srv/GetSMControllerParams_Response.msg
[2.922s] -- Up-to-date: /home/sunny/catkin_ws/install/uuv_control_msgs/share/uuv_control_msgs/srv/SetMBSMControllerParams.srv
[2.923s] -- Up-to-date: /home/sunny/catkin_ws/install/uuv_control_msgs/share/uuv_control_msgs/srv/SetMBSMControllerParams_Request.msg
[2.923s] -- Up-to-date: /home/sunny/catkin_ws/install/uuv_control_msgs/share/uuv_control_msgs/srv/SetMBSMControllerParams_Response.msg
[2.923s] -- Up-to-date: /home/sunny/catkin_ws/install/uuv_control_msgs/share/uuv_control_msgs/srv/GetMBSMControllerParams.srv
[2.923s] -- Up-to-date: /home/sunny/catkin_ws/install/uuv_control_msgs/share/uuv_control_msgs/srv/GetMBSMControllerParams_Request.msg
[2.923s] -- Up-to-date: /home/sunny/catkin_ws/install/uuv_control_msgs/share/uuv_control_msgs/srv/GetMBSMControllerParams_Response.msg
[2.923s] -- Up-to-date: /home/sunny/catkin_ws/install/uuv_control_msgs/share/uuv_control_msgs/srv/ResetController.srv
[2.923s] -- Up-to-date: /home/sunny/catkin_ws/install/uuv_control_msgs/share/uuv_control_msgs/srv/ResetController_Request.msg
[2.923s] -- Up-to-date: /home/sunny/catkin_ws/install/uuv_control_msgs/share/uuv_control_msgs/srv/ResetController_Response.msg
[2.923s] -- Up-to-date: /home/sunny/catkin_ws/install/uuv_control_msgs/share/ament_index/resource_index/package_run_dependencies/uuv_control_msgs
[2.924s] -- Up-to-date: /home/sunny/catkin_ws/install/uuv_control_msgs/share/ament_index/resource_index/parent_prefix_path/uuv_control_msgs
[2.924s] -- Up-to-date: /home/sunny/catkin_ws/install/uuv_control_msgs/share/uuv_control_msgs/environment/ament_prefix_path.sh
[2.924s] -- Up-to-date: /home/sunny/catkin_ws/install/uuv_control_msgs/share/uuv_control_msgs/environment/ament_prefix_path.dsv
[2.924s] -- Up-to-date: /home/sunny/catkin_ws/install/uuv_control_msgs/share/uuv_control_msgs/environment/path.sh
[2.924s] -- Up-to-date: /home/sunny/catkin_ws/install/uuv_control_msgs/share/uuv_control_msgs/environment/path.dsv
[2.924s] -- Up-to-date: /home/sunny/catkin_ws/install/uuv_control_msgs/share/uuv_control_msgs/local_setup.bash
[2.924s] -- Up-to-date: /home/sunny/catkin_ws/install/uuv_control_msgs/share/uuv_control_msgs/local_setup.sh
[2.924s] -- Up-to-date: /home/sunny/catkin_ws/install/uuv_control_msgs/share/uuv_control_msgs/local_setup.zsh
[2.925s] -- Up-to-date: /home/sunny/catkin_ws/install/uuv_control_msgs/share/uuv_control_msgs/local_setup.dsv
[2.925s] -- Installing: /home/sunny/catkin_ws/install/uuv_control_msgs/share/uuv_control_msgs/package.dsv
[2.925s] -- Up-to-date: /home/sunny/catkin_ws/install/uuv_control_msgs/share/ament_index/resource_index/packages/uuv_control_msgs
[2.925s] -- Up-to-date: /home/sunny/catkin_ws/install/uuv_control_msgs/share/uuv_control_msgs/cmake/export_uuv_control_msgs__rosidl_generator_cExport.cmake
[2.925s] -- Up-to-date: /home/sunny/catkin_ws/install/uuv_control_msgs/share/uuv_control_msgs/cmake/export_uuv_control_msgs__rosidl_generator_cExport-noconfig.cmake
[2.926s] -- Up-to-date: /home/sunny/catkin_ws/install/uuv_control_msgs/share/uuv_control_msgs/cmake/export_uuv_control_msgs__rosidl_typesupport_fastrtps_cExport.cmake
[2.926s] -- Up-to-date: /home/sunny/catkin_ws/install/uuv_control_msgs/share/uuv_control_msgs/cmake/export_uuv_control_msgs__rosidl_typesupport_fastrtps_cExport-noconfig.cmake
[2.926s] -- Up-to-date: /home/sunny/catkin_ws/install/uuv_control_msgs/share/uuv_control_msgs/cmake/export_uuv_control_msgs__rosidl_generator_cppExport.cmake
[2.926s] -- Up-to-date: /home/sunny/catkin_ws/install/uuv_control_msgs/share/uuv_control_msgs/cmake/export_uuv_control_msgs__rosidl_typesupport_fastrtps_cppExport.cmake
[2.926s] -- Up-to-date: /home/sunny/catkin_ws/install/uuv_control_msgs/share/uuv_control_msgs/cmake/export_uuv_control_msgs__rosidl_typesupport_fastrtps_cppExport-noconfig.cmake
[2.926s] -- Up-to-date: /home/sunny/catkin_ws/install/uuv_control_msgs/share/uuv_control_msgs/cmake/uuv_control_msgs__rosidl_typesupport_introspection_cExport.cmake
[2.926s] -- Up-to-date: /home/sunny/catkin_ws/install/uuv_control_msgs/share/uuv_control_msgs/cmake/uuv_control_msgs__rosidl_typesupport_introspection_cExport-noconfig.cmake
[2.926s] -- Up-to-date: /home/sunny/catkin_ws/install/uuv_control_msgs/share/uuv_control_msgs/cmake/uuv_control_msgs__rosidl_typesupport_cExport.cmake
[2.926s] -- Up-to-date: /home/sunny/catkin_ws/install/uuv_control_msgs/share/uuv_control_msgs/cmake/uuv_control_msgs__rosidl_typesupport_cExport-noconfig.cmake
[2.927s] -- Up-to-date: /home/sunny/catkin_ws/install/uuv_control_msgs/share/uuv_control_msgs/cmake/uuv_control_msgs__rosidl_typesupport_introspection_cppExport.cmake
[2.927s] -- Up-to-date: /home/sunny/catkin_ws/install/uuv_control_msgs/share/uuv_control_msgs/cmake/uuv_control_msgs__rosidl_typesupport_introspection_cppExport-noconfig.cmake
[2.927s] -- Up-to-date: /home/sunny/catkin_ws/install/uuv_control_msgs/share/uuv_control_msgs/cmake/uuv_control_msgs__rosidl_typesupport_cppExport.cmake
[2.927s] -- Up-to-date: /home/sunny/catkin_ws/install/uuv_control_msgs/share/uuv_control_msgs/cmake/uuv_control_msgs__rosidl_typesupport_cppExport-noconfig.cmake
[2.927s] -- Up-to-date: /home/sunny/catkin_ws/install/uuv_control_msgs/share/uuv_control_msgs/cmake/export_uuv_control_msgs__rosidl_generator_pyExport.cmake
[2.927s] -- Up-to-date: /home/sunny/catkin_ws/install/uuv_control_msgs/share/uuv_control_msgs/cmake/export_uuv_control_msgs__rosidl_generator_pyExport-noconfig.cmake
[2.927s] -- Up-to-date: /home/sunny/catkin_ws/install/uuv_control_msgs/share/uuv_control_msgs/cmake/rosidl_cmake-extras.cmake
[2.928s] -- Up-to-date: /home/sunny/catkin_ws/install/uuv_control_msgs/share/uuv_control_msgs/cmake/ament_cmake_export_dependencies-extras.cmake
[2.928s] -- Up-to-date: /home/sunny/catkin_ws/install/uuv_control_msgs/share/uuv_control_msgs/cmake/ament_cmake_export_include_directories-extras.cmake
[2.928s] -- Up-to-date: /home/sunny/catkin_ws/install/uuv_control_msgs/share/uuv_control_msgs/cmake/ament_cmake_export_libraries-extras.cmake
[2.928s] -- Up-to-date: /home/sunny/catkin_ws/install/uuv_control_msgs/share/uuv_control_msgs/cmake/ament_cmake_export_targets-extras.cmake
[2.928s] -- Up-to-date: /home/sunny/catkin_ws/install/uuv_control_msgs/share/uuv_control_msgs/cmake/rosidl_cmake_export_typesupport_targets-extras.cmake
[2.928s] -- Up-to-date: /home/sunny/catkin_ws/install/uuv_control_msgs/share/uuv_control_msgs/cmake/rosidl_cmake_export_typesupport_libraries-extras.cmake
[2.928s] -- Up-to-date: /home/sunny/catkin_ws/install/uuv_control_msgs/share/uuv_control_msgs/cmake/uuv_control_msgsConfig.cmake
[2.928s] -- Up-to-date: /home/sunny/catkin_ws/install/uuv_control_msgs/share/uuv_control_msgs/cmake/uuv_control_msgsConfig-version.cmake
[2.928s] -- Up-to-date: /home/sunny/catkin_ws/install/uuv_control_msgs/share/uuv_control_msgs/package.xml
[3.663s] Invoked command in '/home/sunny/catkin_ws/build/uuv_control_msgs' returned '0': CMAKE_PREFIX_PATH=${CMAKE_PREFIX_PATH}:/home/sunny/catkin_ws/install/beluga_adapter:/opt/ros/humble /usr/bin/cmake --install /home/sunny/catkin_ws/build/uuv_control_msgs
