[0.168s] Invoking command in '/home/sunny/catkin_ws/build/beluga_simulator': CMAKE_PREFIX_PATH=${CMAKE_PREFIX_PATH}:/home/sunny/catkin_ws/install/beluga_adapter:/opt/ros/humble /usr/bin/cmake --build /home/sunny/catkin_ws/build/beluga_simulator -- -j16 -l16
[0.265s] Invoked command in '/home/sunny/catkin_ws/build/beluga_simulator' returned '0': CMAKE_PREFIX_PATH=${CMAKE_PREFIX_PATH}:/home/sunny/catkin_ws/install/beluga_adapter:/opt/ros/humble /usr/bin/cmake --build /home/sunny/catkin_ws/build/beluga_simulator -- -j16 -l16
[0.884s] Invoking command in '/home/sunny/catkin_ws/build/beluga_simulator': CMAKE_PREFIX_PATH=${CMAKE_PREFIX_PATH}:/home/sunny/catkin_ws/install/beluga_adapter:/opt/ros/humble /usr/bin/cmake --install /home/sunny/catkin_ws/build/beluga_simulator
[0.910s] -- Install configuration: ""
[0.911s] -- Up-to-date: /home/sunny/catkin_ws/install/beluga_simulator/share/beluga_simulator/config
[0.911s] -- Up-to-date: /home/sunny/catkin_ws/install/beluga_simulator/share/beluga_simulator/launch
[0.911s] -- Installing: /home/sunny/catkin_ws/install/beluga_simulator/share/beluga_simulator/launch/beluga_model.launch.py
[0.911s] -- Up-to-date: /home/sunny/catkin_ws/install/beluga_simulator/share/beluga_simulator/launch/beluga_sim_launch.sh
[0.911s] -- Up-to-date: /home/sunny/catkin_ws/install/beluga_simulator/share/beluga_simulator/maps
[0.911s] -- Up-to-date: /home/sunny/catkin_ws/install/beluga_simulator/share/beluga_simulator/meshes
[0.911s] -- Up-to-date: /home/sunny/catkin_ws/install/beluga_simulator/share/beluga_simulator/meshes/angled_thruster_mount.dae
[0.911s] -- Up-to-date: /home/sunny/catkin_ws/install/beluga_simulator/share/beluga_simulator/meshes/pressure.dae
[0.912s] -- Up-to-date: /home/sunny/catkin_ws/install/beluga_simulator/share/beluga_simulator/meshes/oe14-372.dae
[0.912s] -- Up-to-date: /home/sunny/catkin_ws/install/beluga_simulator/share/beluga_simulator/meshes/oe14-372.blend
[0.912s] -- Up-to-date: /home/sunny/catkin_ws/install/beluga_simulator/share/beluga_simulator/meshes/angled_thruster_mount.stl
[0.912s] -- Up-to-date: /home/sunny/catkin_ws/install/beluga_simulator/share/beluga_simulator/meshes/propeller.dae
[0.912s] -- Up-to-date: /home/sunny/catkin_ws/install/beluga_simulator/share/beluga_simulator/meshes/propeller.stl
[0.916s] [31mCMake Error at cmake_install.cmake:46 (file):
[0.916s]   file INSTALL cannot find
[0.916s]   "/home/sunny/catkin_ws/src/beluga_simulator/models": No such file or
[0.916s]   directory.
[0.917s] 
[0.917s] [0m
[1.071s] Invoked command in '/home/sunny/catkin_ws/build/beluga_simulator' returned '1': CMAKE_PREFIX_PATH=${CMAKE_PREFIX_PATH}:/home/sunny/catkin_ws/install/beluga_adapter:/opt/ros/humble /usr/bin/cmake --install /home/sunny/catkin_ws/build/beluga_simulator
