[0.263s] Invoking command in '/home/sunny/catkin_ws/build/uuv_world_ros_plugins': CMAKE_PREFIX_PATH=${CMAKE_PREFIX_PATH}:/home/sunny/catkin_ws/install/beluga_adapter:/opt/ros/humble LD_LIBRARY_PATH=/home/sunny/catkin_ws/install/uuv_world_ros_plugins_msgs/lib:/home/sunny/catkin_ws/install/uuv_world_plugins/lib:/home/sunny/catkin_ws/install/uuv_thruster_manager/lib:/home/sunny/catkin_ws/install/uuv_sensor_ros_plugins_msgs/lib:/home/sunny/catkin_ws/install/uuv_gazebo_ros_plugins_msgs/lib:/home/sunny/catkin_ws/install/uuv_gazebo_plugins/lib:/home/sunny/catkin_ws/install/uuv_control_msgs/lib:/home/sunny/catkin_ws/install/uuv_auv_control_allocator/lib:/home/sunny/catkin_ws/install/turtlesim/lib:/home/sunny/catkin_ws/install/common_msgs/lib:/opt/ros/humble/opt/rviz_ogre_vendor/lib:/opt/ros/humble/lib/x86_64-linux-gnu:/opt/ros/humble/lib:/usr/lib/x86_64-linux-gnu/gazebo-11/plugins /usr/bin/cmake --build /home/sunny/catkin_ws/build/uuv_world_ros_plugins -- -j16 -l16
[0.347s] -- Found uuv_world_plugins: 0.6.1 (/home/sunny/catkin_ws/install/uuv_world_plugins/share/uuv_world_plugins/cmake)
[1.070s] -- Found DART: /usr/include (Required is at least version "6.6") found components: dart 
[1.189s] -- Found Protobuf: /usr/lib/x86_64-linux-gnu/libprotobuf.so (found version "3.12.4") 
[1.192s] -- Looking for ignition-math6 -- found version 6.15.0
[1.197s] -- Searching for dependencies of ignition-math6
[1.224s] -- Looking for OGRE...
[1.249s] -- Found Ogre Ghadamon (1.9.0)
[1.249s] -- Found OGRE: optimized;/usr/lib/x86_64-linux-gnu/libOgreMain.so;debug;/usr/lib/x86_64-linux-gnu/libOgreMain.so
[1.260s] -- Looking for OGRE_Paging...
[1.261s] -- Found OGRE_Paging: optimized;/usr/lib/x86_64-linux-gnu/libOgrePaging.so;debug;/usr/lib/x86_64-linux-gnu/libOgrePaging.so
[1.261s] -- Looking for OGRE_Terrain...
[1.261s] -- Found OGRE_Terrain: optimized;/usr/lib/x86_64-linux-gnu/libOgreTerrain.so;debug;/usr/lib/x86_64-linux-gnu/libOgreTerrain.so
[1.262s] -- Looking for OGRE_Property...
[1.262s] -- Found OGRE_Property: optimized;/usr/lib/x86_64-linux-gnu/libOgreProperty.so;debug;/usr/lib/x86_64-linux-gnu/libOgreProperty.so
[1.263s] -- Looking for OGRE_RTShaderSystem...
[1.263s] -- Found OGRE_RTShaderSystem: optimized;/usr/lib/x86_64-linux-gnu/libOgreRTShaderSystem.so;debug;/usr/lib/x86_64-linux-gnu/libOgreRTShaderSystem.so
[1.263s] -- Looking for OGRE_Volume...
[1.264s] -- Found OGRE_Volume: optimized;/usr/lib/x86_64-linux-gnu/libOgreVolume.so;debug;/usr/lib/x86_64-linux-gnu/libOgreVolume.so
[1.264s] -- Looking for OGRE_Overlay...
[1.264s] -- Found OGRE_Overlay: optimized;/usr/lib/x86_64-linux-gnu/libOgreOverlay.so;debug;/usr/lib/x86_64-linux-gnu/libOgreOverlay.so
[1.817s] -- Looking for ignition-math6 -- found version 6.15.0
[1.818s] -- Looking for ignition-transport8 -- found version 8.2.1
[1.820s] -- Searching for dependencies of ignition-transport8
[1.857s] -- Found Protobuf: /usr/lib/x86_64-linux-gnu/libprotobuf.so (found suitable version "3.12.4", minimum required is "3") 
[1.888s] -- Config-file not installed for ZeroMQ -- checking for pkg-config
[1.899s] -- Checking for module 'libzmq >= 4'
[2.037s] --   Found libzmq , version 4.3.4
[2.428s] -- Checking for module 'uuid'
[2.553s] --   Found uuid, version 2.37.2
[2.932s] -- Looking for ignition-msgs5 -- found version 5.8.1
[2.932s] -- Searching for dependencies of ignition-msgs5
[3.018s] -- Looking for ignition-math6 -- found version 6.15.0
[3.047s] -- Checking for module 'tinyxml2'
[3.189s] --   Found tinyxml2, version 9.0.0
[3.533s] -- Looking for ignition-msgs5 -- found version 5.8.1
[3.534s] -- Looking for ignition-common3 -- found version 3.14.0
[3.535s] -- Searching for dependencies of ignition-common3
[3.535s] -- Looking for dlfcn.h - found
[3.535s] -- Looking for libdl - found
[3.568s] -- Searching for <ignition-common3> component [graphics]
[3.569s] -- Looking for ignition-common3-graphics -- found version 3.14.0
[3.571s] -- Searching for dependencies of ignition-common3-graphics
[3.572s] -- Looking for ignition-math6 -- found version 6.15.0
[3.574s] -- Looking for ignition-fuel_tools4 -- found version 4.4.0
[3.575s] -- Searching for dependencies of ignition-fuel_tools4
[3.775s] -- Checking for module 'jsoncpp'
[3.894s] --   Found jsoncpp, version 1.9.5
[4.202s] -- Checking for module 'libzip'
[4.329s] --   Found libzip, version 1.7.3
[4.546s] -- Looking for ignition-common3 -- found version 3.14.0
[4.546s] -- Looking for ignition-math6 -- found version 6.15.0
[4.547s] -- Looking for ignition-msgs5 -- found version 5.8.1
[4.549s] -- Gazebo version: 11.10
[4.610s] -- Found rosidl_generator_c: 3.1.5 (/opt/ros/humble/share/rosidl_generator_c/cmake)
[4.614s] -- Found rosidl_adapter: 3.1.5 (/opt/ros/humble/share/rosidl_adapter/cmake)
[4.628s] -- Found rosidl_generator_cpp: 3.1.5 (/opt/ros/humble/share/rosidl_generator_cpp/cmake)
[4.648s] -- Using all available rosidl_typesupport_c: rosidl_typesupport_fastrtps_c;rosidl_typesupport_introspection_c
[4.673s] -- Using all available rosidl_typesupport_cpp: rosidl_typesupport_fastrtps_cpp;rosidl_typesupport_introspection_cpp
[5.157s] -- Found uuv_world_ros_plugins_msgs: 0.6.1 (/home/sunny/catkin_ws/install/uuv_world_ros_plugins_msgs/share/uuv_world_ros_plugins_msgs/cmake)
[5.238s] -- Found rclcpp: 16.0.7 (/opt/ros/humble/share/rclcpp/cmake)
[5.318s] -- Found rmw_implementation_cmake: 6.1.1 (/opt/ros/humble/share/rmw_implementation_cmake/cmake)
[5.322s] -- Found rmw_fastrtps_cpp: 6.2.5 (/opt/ros/humble/share/rmw_fastrtps_cpp/cmake)
[5.600s] -- Using RMW implementation 'rmw_fastrtps_cpp' as default
[5.812s] [31mCMake Error at CMakeLists.txt:33 (target_include_directories):
[5.813s]   target_include_directories called with incorrect number of arguments
[5.813s] 
[5.813s] [0m
[6.239s] -- Configuring incomplete, errors occurred!
[6.240s] See also "/home/sunny/catkin_ws/build/uuv_world_ros_plugins/CMakeFiles/CMakeOutput.log".
[6.303s] gmake: *** [Makefile:308: cmake_check_build_system] Error 1
[6.309s] Invoked command in '/home/sunny/catkin_ws/build/uuv_world_ros_plugins' returned '2': CMAKE_PREFIX_PATH=${CMAKE_PREFIX_PATH}:/home/sunny/catkin_ws/install/beluga_adapter:/opt/ros/humble LD_LIBRARY_PATH=/home/sunny/catkin_ws/install/uuv_world_ros_plugins_msgs/lib:/home/sunny/catkin_ws/install/uuv_world_plugins/lib:/home/sunny/catkin_ws/install/uuv_thruster_manager/lib:/home/sunny/catkin_ws/install/uuv_sensor_ros_plugins_msgs/lib:/home/sunny/catkin_ws/install/uuv_gazebo_ros_plugins_msgs/lib:/home/sunny/catkin_ws/install/uuv_gazebo_plugins/lib:/home/sunny/catkin_ws/install/uuv_control_msgs/lib:/home/sunny/catkin_ws/install/uuv_auv_control_allocator/lib:/home/sunny/catkin_ws/install/turtlesim/lib:/home/sunny/catkin_ws/install/common_msgs/lib:/opt/ros/humble/opt/rviz_ogre_vendor/lib:/opt/ros/humble/lib/x86_64-linux-gnu:/opt/ros/humble/lib:/usr/lib/x86_64-linux-gnu/gazebo-11/plugins /usr/bin/cmake --build /home/sunny/catkin_ws/build/uuv_world_ros_plugins -- -j16 -l16
