[0.521s] Invoking command in '/home/sunny/catkin_ws/build/uuv_world_ros_plugins_msgs': CMAKE_PREFIX_PATH=${CMAKE_PREFIX_PATH}:/home/sunny/catkin_ws/install/beluga_adapter:/opt/ros/humble /usr/bin/cmake --build /home/sunny/catkin_ws/build/uuv_world_ros_plugins_msgs -- -j16 -l16
[0.650s] [ 11%] Built target uuv_world_ros_plugins_msgs__rosidl_generator_c
[0.698s] [ 12%] Built target uuv_world_ros_plugins_msgs__cpp
[0.732s] [ 12%] Built target ament_cmake_python_copy_uuv_world_ros_plugins_msgs
[0.740s] [ 24%] Built target uuv_world_ros_plugins_msgs__rosidl_typesupport_introspection_c
[0.780s] [ 35%] Built target uuv_world_ros_plugins_msgs__rosidl_typesupport_c
[0.785s] [ 47%] Built target uuv_world_ros_plugins_msgs__rosidl_typesupport_fastrtps_c
[0.822s] [ 70%] Built target uuv_world_ros_plugins_msgs__rosidl_typesupport_fastrtps_cpp
[0.825s] [ 58%] Built target uuv_world_ros_plugins_msgs__rosidl_typesupport_cpp
[0.959s] [ 81%] Built target uuv_world_ros_plugins_msgs__rosidl_typesupport_introspection_cpp
[1.000s] [ 81%] Built target uuv_world_ros_plugins_msgs
[1.065s] [ 82%] Built target uuv_world_ros_plugins_msgs__py
[1.178s] [ 93%] Built target uuv_world_ros_plugins_msgs__rosidl_generator_py
[1.244s] [ 95%] Built target uuv_world_ros_plugins_msgs__rosidl_typesupport_fastrtps_c__pyext
[1.266s] running egg_info
[1.266s] writing uuv_world_ros_plugins_msgs.egg-info/PKG-INFO
[1.266s] writing dependency_links to uuv_world_ros_plugins_msgs.egg-info/dependency_links.txt
[1.267s] writing top-level names to uuv_world_ros_plugins_msgs.egg-info/top_level.txt
[1.267s] reading manifest file 'uuv_world_ros_plugins_msgs.egg-info/SOURCES.txt'
[1.267s] writing manifest file 'uuv_world_ros_plugins_msgs.egg-info/SOURCES.txt'
[1.268s] [ 97%] Built target uuv_world_ros_plugins_msgs__rosidl_typesupport_introspection_c__pyext
[1.282s] [100%] Built target uuv_world_ros_plugins_msgs__rosidl_typesupport_c__pyext
[1.317s] [100%] Built target ament_cmake_python_build_uuv_world_ros_plugins_msgs_egg
[1.494s] Invoked command in '/home/sunny/catkin_ws/build/uuv_world_ros_plugins_msgs' returned '0': CMAKE_PREFIX_PATH=${CMAKE_PREFIX_PATH}:/home/sunny/catkin_ws/install/beluga_adapter:/opt/ros/humble /usr/bin/cmake --build /home/sunny/catkin_ws/build/uuv_world_ros_plugins_msgs -- -j16 -l16
