[0.591s] Invoking command in '/home/sunny/catkin_ws/src/beluga-sim': PYTHONPATH=/home/sunny/catkin_ws/build/beluga-sim/prefix_override:/home/sunny/catkin_ws/install/beluga-sim/lib/python3.10/site-packages:${PYTHONPATH} /usr/bin/python3 setup.py egg_info --egg-base ../../build/beluga-sim build --build-base /home/sunny/catkin_ws/build/beluga-sim/build install --record /home/sunny/catkin_ws/build/beluga-sim/install.log --single-version-externally-managed
[0.771s] running egg_info
[0.771s] writing ../../build/beluga-sim/beluga_sim.egg-info/PKG-INFO
[0.771s] writing dependency_links to ../../build/beluga-sim/beluga_sim.egg-info/dependency_links.txt
[0.771s] writing entry points to ../../build/beluga-sim/beluga_sim.egg-info/entry_points.txt
[0.771s] writing requirements to ../../build/beluga-sim/beluga_sim.egg-info/requires.txt
[0.771s] writing top-level names to ../../build/beluga-sim/beluga_sim.egg-info/top_level.txt
[0.773s] reading manifest file '../../build/beluga-sim/beluga_sim.egg-info/SOURCES.txt'
[0.782s] writing manifest file '../../build/beluga-sim/beluga_sim.egg-info/SOURCES.txt'
[0.782s] running build
[0.782s] running build_py
[0.783s] running install
[0.783s] /usr/lib/python3/dist-packages/setuptools/command/install.py:34: SetuptoolsDeprecationWarning: setup.py install is deprecated. Use build and pip and other standards-based tools.
[0.783s]   warnings.warn(
[0.783s] running install_lib
[0.784s] running install_data
[0.785s] running install_egg_info
[0.787s] removing '/home/sunny/catkin_ws/install/beluga-sim/lib/python3.10/site-packages/beluga_sim-0.0.0-py3.10.egg-info' (and everything under it)
[0.787s] Copying ../../build/beluga-sim/beluga_sim.egg-info to /home/sunny/catkin_ws/install/beluga-sim/lib/python3.10/site-packages/beluga_sim-0.0.0-py3.10.egg-info
[0.788s] running install_scripts
[0.803s] writing list of installed files to '/home/sunny/catkin_ws/build/beluga-sim/install.log'
[0.822s] Invoked command in '/home/sunny/catkin_ws/src/beluga-sim' returned '0': PYTHONPATH=/home/sunny/catkin_ws/build/beluga-sim/prefix_override:/home/sunny/catkin_ws/install/beluga-sim/lib/python3.10/site-packages:${PYTHONPATH} /usr/bin/python3 setup.py egg_info --egg-base ../../build/beluga-sim build --build-base /home/sunny/catkin_ws/build/beluga-sim/build install --record /home/sunny/catkin_ws/build/beluga-sim/install.log --single-version-externally-managed
