[0.665s] Invoking command in '/home/sunny/catkin_ws/build/uuv_sensor_ros_plugins': CMAKE_PREFIX_PATH=/home/sunny/catkin_ws/install/uuv_sensor_ros_plugins_msgs:/home/sunny/catkin_ws/install/uuv_gazebo_plugins:/home/sunny/catkin_ws/install/uuv_control_utils:/home/sunny/catkin_ws/install/uuv_world_ros_plugins_msgs:/home/sunny/catkin_ws/install/uuv_world_plugins:/home/sunny/catkin_ws/install/uuv_tutorial_seabed_world:/home/sunny/catkin_ws/install/uuv_trajectory_control:/home/sunny/catkin_ws/install/uuv_thruster_manager:/home/sunny/catkin_ws/install/uuv_gazebo_worlds:/home/sunny/catkin_ws/install/uuv_gazebo_ros_plugins_msgs:/home/sunny/catkin_ws/install/uuv_gazebo:/home/sunny/catkin_ws/install/uuv_control_msgs:/home/sunny/catkin_ws/install/uuv_control_cascaded_pid:/home/sunny/catkin_ws/install/uuv_auv_control_allocator:/home/sunny/catkin_ws/install/uuv_assistants:/home/sunny/catkin_ws/install/plankton_utils:/home/sunny/catkin_ws/install/turtlesim:/home/sunny/catkin_ws/install/common_msgs:/home/sunny/catkin_ws/install/beluga_simulator:/home/sunny/catkin_ws/install/beluga_adapter:/opt/ros/humble LD_LIBRARY_PATH=/home/sunny/catkin_ws/install/uuv_sensor_ros_plugins_msgs/lib:/home/sunny/catkin_ws/install/uuv_gazebo_plugins/lib:/home/sunny/catkin_ws/install/uuv_world_ros_plugins_msgs/lib:/home/sunny/catkin_ws/install/uuv_world_plugins/lib:/home/sunny/catkin_ws/install/uuv_thruster_manager/lib:/home/sunny/catkin_ws/install/uuv_gazebo_ros_plugins_msgs/lib:/home/sunny/catkin_ws/install/uuv_control_msgs/lib:/home/sunny/catkin_ws/install/uuv_auv_control_allocator/lib:/home/sunny/catkin_ws/install/turtlesim/lib:/home/sunny/catkin_ws/install/common_msgs/lib:/opt/ros/humble/opt/rviz_ogre_vendor/lib:/opt/ros/humble/lib/x86_64-linux-gnu:/opt/ros/humble/lib:/usr/lib/x86_64-linux-gnu/gazebo-11/plugins:/usr/lib/x86_64-linux-gnu/gazebo-11/plugins:/usr/lib/x86_64-linux-gnu/gazebo-11/plugins /usr/bin/cmake --build /home/sunny/catkin_ws/build/uuv_sensor_ros_plugins -- -j16 -l16
[0.809s] [ 26%] Built target uuv_sensor_gazebo_msgs
[0.894s] [ 28%] [32m[1mLinking CXX shared library libuuv_gazebo_ros_base_sensor_plugin.so[0m
[0.919s] [ 29%] [32m[1mLinking CXX shared library libuuv_gazebo_ros_cpc_plugin.so[0m
[0.919s] [ 31%] [32m[1mLinking CXX shared library libuuv_gazebo_ros_base_model_plugin.so[0m
[0.947s] [ 35%] Built target uuv_gazebo_ros_camera_plugin
[0.968s] [ 36%] [32m[1mLinking CXX shared library libuuv_gazebo_ros_gps_plugin.so[0m
[0.974s] [ 40%] Built target image_sonar_ros_plugin
[1.025s] [ 42%] [32m[1mLinking CXX shared library libuuv_gazebo_ros_subsea_pressure_plugin.so[0m
[1.025s] [ 43%] [32mBuilding CXX object CMakeFiles/uuv_gazebo_ros_pose_gt_plugin.dir/src/PoseGTROSPlugin.cpp.o[0m
[1.043s] [ 45%] [32mBuilding CXX object CMakeFiles/uuv_gazebo_ros_dvl_plugin.dir/src/DVLROSPlugin.cpp.o[0m
[1.054s] [ 47%] [32m[1mLinking CXX shared library libuuv_gazebo_ros_imu_plugin.so[0m
[1.066s] [ 49%] [32m[1mLinking CXX shared library libuuv_gazebo_ros_magnetometer_plugin.so[0m
[1.184s] [ 50%] [32m[1mLinking CXX shared library libuuv_gazebo_ros_rpt_plugin.so[0m
[23.199s] In file included from [01m[K/home/sunny/catkin_ws/src/Plankton/uuv_sensor_plugins/uuv_sensor_ros_plugins/src/PoseGTROSPlugin.cpp:32[m[K:
[23.200s] [01m[K/home/sunny/catkin_ws/src/Plankton/uuv_sensor_plugins/uuv_sensor_ros_plugins/include/uuv_sensor_ros_plugins/PoseGTROSPlugin.h:88:30:[m[K [01;31m[Kerror: [m[K‘[01m[KBuffer[m[K’ is not a member of ‘[01m[Ktf2_ros[m[K’
[23.200s]    88 |     std::unique_ptr<tf2_ros::[01;31m[KBuffer[m[K> myTfBuffer;
[23.200s]       |                              [01;31m[K^~~~~~[m[K
[23.200s] [01m[K/home/sunny/catkin_ws/src/Plankton/uuv_sensor_plugins/uuv_sensor_ros_plugins/include/uuv_sensor_ros_plugins/PoseGTROSPlugin.h:88:36:[m[K [01;31m[Kerror: [m[Ktemplate argument 1 is invalid
[23.200s]    88 |     std::unique_ptr<tf2_ros::Buffer[01;31m[K>[m[K myTfBuffer;
[23.200s]       |                                    [01;31m[K^[m[K
[23.200s] [01m[K/home/sunny/catkin_ws/src/Plankton/uuv_sensor_plugins/uuv_sensor_ros_plugins/include/uuv_sensor_ros_plugins/PoseGTROSPlugin.h:88:36:[m[K [01;31m[Kerror: [m[Ktemplate argument 2 is invalid
[23.228s] [01m[K/home/sunny/catkin_ws/src/Plankton/uuv_sensor_plugins/uuv_sensor_ros_plugins/src/PoseGTROSPlugin.cpp:[m[K In member function ‘[01m[Kvirtual void gazebo::PoseGTROSPlugin::Load(gazebo::physics::ModelPtr, sdf::v9::ElementPtr)[m[K’:
[23.228s] [01m[K/home/sunny/catkin_ws/src/Plankton/uuv_sensor_plugins/uuv_sensor_ros_plugins/src/PoseGTROSPlugin.cpp:63:14:[m[K [01;31m[Kerror: [m[Krequest for member ‘[01m[Kreset[m[K’ in ‘[01m[K((gazebo::PoseGTROSPlugin*)this)->gazebo::PoseGTROSPlugin::myTfBuffer[m[K’, which is of non-class type ‘[01m[Kint[m[K’
[23.228s]    63 |   myTfBuffer.[01;31m[Kreset[m[K(new tf2_ros::Buffer(myRosNode->get_clock()));
[23.228s]       |              [01;31m[K^~~~~[m[K
[23.228s] [01m[K/home/sunny/catkin_ws/src/Plankton/uuv_sensor_plugins/uuv_sensor_ros_plugins/src/PoseGTROSPlugin.cpp:63:24:[m[K [01;31m[Kerror: [m[Kexpected type-specifier
[23.228s]    63 |   myTfBuffer.reset(new [01;31m[Ktf2_ros[m[K::Buffer(myRosNode->get_clock()));
[23.228s]       |                        [01;31m[K^~~~~~~[m[K
[23.235s] [01m[K/home/sunny/catkin_ws/src/Plankton/uuv_sensor_plugins/uuv_sensor_ros_plugins/src/PoseGTROSPlugin.cpp:70:13:[m[K [01;31m[Kerror: [m[Kbase operand of ‘[01m[K->[m[K’ is not a pointer
[23.235s]    70 |   myTfBuffer[01;31m[K->[m[KsetCreateTimerInterface(timer_interface);
[23.236s]       |             [01;31m[K^~[m[K
[23.236s] [01m[K/home/sunny/catkin_ws/src/Plankton/uuv_sensor_plugins/uuv_sensor_ros_plugins/src/PoseGTROSPlugin.cpp:71:13:[m[K [01;31m[Kerror: [m[Kbase operand of ‘[01m[K->[m[K’ is not a pointer
[23.236s]    71 |   myTfBuffer[01;31m[K->[m[KsetUsingDedicatedThread(true);
[23.236s]       |             [01;31m[K^~[m[K
[23.243s] [01m[K/home/sunny/catkin_ws/src/Plankton/uuv_sensor_plugins/uuv_sensor_ros_plugins/src/PoseGTROSPlugin.cpp:109:57:[m[K [01;31m[Kerror: [m[Kinvalid type argument of unary ‘[01m[K*[m[K’ (have ‘[01m[Kint[m[K’)
[23.243s]   109 |   this->tfListener.reset(new tf2_ros::TransformListener([01;31m[K*myTfBuffer[m[K, myRosNode, false));
[23.243s]       |                                                         [01;31m[K^~~~~~~~~~~[m[K
[23.247s] [01m[K/home/sunny/catkin_ws/src/Plankton/uuv_sensor_plugins/uuv_sensor_ros_plugins/src/PoseGTROSPlugin.cpp:[m[K In member function ‘[01m[Kvoid gazebo::PoseGTROSPlugin::UpdateNEDTransform()[m[K’:
[23.247s] [01m[K/home/sunny/catkin_ws/src/Plankton/uuv_sensor_plugins/uuv_sensor_ros_plugins/src/PoseGTROSPlugin.cpp:344:32:[m[K [01;31m[Kerror: [m[Kbase operand of ‘[01m[K->[m[K’ is not a pointer
[23.247s]   344 |     childTransform = myTfBuffer[01;31m[K->[m[KlookupTransform(
[23.247s]       |                                [01;31m[K^~[m[K
[25.281s] In file included from [01m[K/home/sunny/catkin_ws/src/Plankton/uuv_sensor_plugins/uuv_sensor_ros_plugins/src/DVLROSPlugin.cpp:22[m[K:
[25.281s] [01m[K/home/sunny/catkin_ws/src/Plankton/uuv_sensor_plugins/uuv_sensor_ros_plugins/include/uuv_sensor_ros_plugins/DVLROSPlugin.h:115:41:[m[K [01;31m[Kerror: [m[K‘[01m[KBuffer[m[K’ is not a member of ‘[01m[Ktf2_ros[m[K’
[25.282s]   115 |     protected: std::unique_ptr<tf2_ros::[01;31m[KBuffer[m[K> myBuffer;
[25.282s]       |                                         [01;31m[K^~~~~~[m[K
[25.282s] [01m[K/home/sunny/catkin_ws/src/Plankton/uuv_sensor_plugins/uuv_sensor_ros_plugins/include/uuv_sensor_ros_plugins/DVLROSPlugin.h:115:47:[m[K [01;31m[Kerror: [m[Ktemplate argument 1 is invalid
[25.282s]   115 |     protected: std::unique_ptr<tf2_ros::Buffer[01;31m[K>[m[K myBuffer;
[25.282s]       |                                               [01;31m[K^[m[K
[25.282s] [01m[K/home/sunny/catkin_ws/src/Plankton/uuv_sensor_plugins/uuv_sensor_ros_plugins/include/uuv_sensor_ros_plugins/DVLROSPlugin.h:115:47:[m[K [01;31m[Kerror: [m[Ktemplate argument 2 is invalid
[25.326s] [01m[K/home/sunny/catkin_ws/src/Plankton/uuv_sensor_plugins/uuv_sensor_ros_plugins/src/DVLROSPlugin.cpp:[m[K In member function ‘[01m[Kvirtual void gazebo::DVLROSPlugin::Load(gazebo::physics::ModelPtr, sdf::v9::ElementPtr)[m[K’:
[25.326s] [01m[K/home/sunny/catkin_ws/src/Plankton/uuv_sensor_plugins/uuv_sensor_ros_plugins/src/DVLROSPlugin.cpp:49:12:[m[K [01;31m[Kerror: [m[Krequest for member ‘[01m[Kreset[m[K’ in ‘[01m[K((gazebo::DVLROSPlugin*)this)->gazebo::DVLROSPlugin::myBuffer[m[K’, which is of non-class type ‘[01m[Kint[m[K’
[25.326s]    49 |   myBuffer.[01;31m[Kreset[m[K(new tf2_ros::Buffer(myRosNode->get_clock()));
[25.326s]       |            [01;31m[K^~~~~[m[K
[25.326s] [01m[K/home/sunny/catkin_ws/src/Plankton/uuv_sensor_plugins/uuv_sensor_ros_plugins/src/DVLROSPlugin.cpp:49:22:[m[K [01;31m[Kerror: [m[Kexpected type-specifier
[25.326s]    49 |   myBuffer.reset(new [01;31m[Ktf2_ros[m[K::Buffer(myRosNode->get_clock()));
[25.326s]       |                      [01;31m[K^~~~~~~[m[K
[25.326s] [01m[K/home/sunny/catkin_ws/src/Plankton/uuv_sensor_plugins/uuv_sensor_ros_plugins/src/DVLROSPlugin.cpp:50:60:[m[K [01;31m[Kerror: [m[Kinvalid type argument of unary ‘[01m[K*[m[K’ (have ‘[01m[Kint[m[K’)
[25.326s]    50 |   myTransformListener.reset(new tf2_ros::TransformListener([01;31m[K*myBuffer[m[K, myRosNode, false));
[25.327s]       |                                                            [01;31m[K^~~~~~~~~[m[K
[25.335s] [01m[K/home/sunny/catkin_ws/src/Plankton/uuv_sensor_plugins/uuv_sensor_ros_plugins/src/DVLROSPlugin.cpp:56:11:[m[K [01;31m[Kerror: [m[Kbase operand of ‘[01m[K->[m[K’ is not a pointer
[25.335s]    56 |   myBuffer[01;31m[K->[m[KsetCreateTimerInterface(timer_interface);
[25.335s]       |           [01;31m[K^~[m[K
[25.335s] [01m[K/home/sunny/catkin_ws/src/Plankton/uuv_sensor_plugins/uuv_sensor_ros_plugins/src/DVLROSPlugin.cpp:57:11:[m[K [01;31m[Kerror: [m[Kbase operand of ‘[01m[K->[m[K’ is not a pointer
[25.335s]    57 |   myBuffer[01;31m[K->[m[KsetUsingDedicatedThread(true);
[25.335s]       |           [01;31m[K^~[m[K
[25.559s] [01m[K/home/sunny/catkin_ws/src/Plankton/uuv_sensor_plugins/uuv_sensor_ros_plugins/src/DVLROSPlugin.cpp:[m[K In member function ‘[01m[Kbool gazebo::DVLROSPlugin::UpdateBeamTransforms()[m[K’:
[25.559s] [01m[K/home/sunny/catkin_ws/src/Plankton/uuv_sensor_plugins/uuv_sensor_ros_plugins/src/DVLROSPlugin.cpp:310:31:[m[K [01;31m[Kerror: [m[Kbase operand of ‘[01m[K->[m[K’ is not a pointer
[25.559s]   310 |       beamTransform = myBuffer[01;31m[K->[m[KlookupTransform(
[25.559s]       |                               [01;31m[K^~[m[K
[26.819s] gmake[2]: *** [CMakeFiles/uuv_gazebo_ros_pose_gt_plugin.dir/build.make:76: CMakeFiles/uuv_gazebo_ros_pose_gt_plugin.dir/src/PoseGTROSPlugin.cpp.o] Error 1
[26.820s] gmake[1]: *** [CMakeFiles/Makefile2:265: CMakeFiles/uuv_gazebo_ros_pose_gt_plugin.dir/all] Error 2
[26.820s] gmake[1]: *** Waiting for unfinished jobs....
[32.339s] gmake[2]: *** [CMakeFiles/uuv_gazebo_ros_dvl_plugin.dir/build.make:76: CMakeFiles/uuv_gazebo_ros_dvl_plugin.dir/src/DVLROSPlugin.cpp.o] Error 1
[32.340s] gmake[1]: *** [CMakeFiles/Makefile2:317: CMakeFiles/uuv_gazebo_ros_dvl_plugin.dir/all] Error 2
[77.287s] gmake[2]: *** Deleting file 'libuuv_gazebo_ros_imu_plugin.so'
[77.287s] gmake[2]: *** Deleting file 'libuuv_gazebo_ros_base_model_plugin.so'
[77.287s] gmake[2]: *** Deleting file 'libuuv_gazebo_ros_gps_plugin.so'
[77.287s] gmake[2]: *** Deleting file 'libuuv_gazebo_ros_magnetometer_plugin.so'
[77.287s] gmake[2]: *** Deleting file 'libuuv_gazebo_ros_base_sensor_plugin.so'
[77.287s] gmake[2]: *** Deleting file 'libuuv_gazebo_ros_subsea_pressure_plugin.so'
[77.287s] gmake[2]: *** Deleting file 'libuuv_gazebo_ros_cpc_plugin.so'
[77.287s] gmake[2]: *** Deleting file 'libuuv_gazebo_ros_rpt_plugin.so'
[77.288s] gmake[2]: *** [CMakeFiles/uuv_gazebo_ros_subsea_pressure_plugin.dir/build.make:4470: libuuv_gazebo_ros_subsea_pressure_plugin.so] Interrupt
[77.288s] gmake[2]: *** [CMakeFiles/uuv_gazebo_ros_rpt_plugin.dir/build.make:4470: libuuv_gazebo_ros_rpt_plugin.so] Interrupt
[77.288s] gmake[2]: *** [CMakeFiles/uuv_gazebo_ros_imu_plugin.dir/build.make:4470: libuuv_gazebo_ros_imu_plugin.so] Interrupt
[77.289s] gmake[2]: *** [CMakeFiles/uuv_gazebo_ros_gps_plugin.dir/build.make:4470: libuuv_gazebo_ros_gps_plugin.so] Interrupt
[77.290s] gmake[1]: *** [CMakeFiles/Makefile2:395: CMakeFiles/uuv_gazebo_ros_imu_plugin.dir/all] Interrupt
[77.290s] gmake[1]: *** [CMakeFiles/Makefile2:291: CMakeFiles/uuv_gazebo_ros_subsea_pressure_plugin.dir/all] Interrupt
[77.290s] gmake[1]: *** [CMakeFiles/Makefile2:421: CMakeFiles/uuv_gazebo_ros_rpt_plugin.dir/all] Interrupt
[77.290s] gmake[1]: *** [CMakeFiles/Makefile2:239: CMakeFiles/uuv_gazebo_ros_gps_plugin.dir/all] Interrupt
[77.292s] gmake[2]: *** [CMakeFiles/uuv_gazebo_ros_magnetometer_plugin.dir/build.make:4470: libuuv_gazebo_ros_magnetometer_plugin.so] Interrupt
[77.292s] gmake[2]: *** [CMakeFiles/uuv_gazebo_ros_cpc_plugin.dir/build.make:4470: libuuv_gazebo_ros_cpc_plugin.so] Interrupt
[77.292s] gmake[2]: *** [CMakeFiles/uuv_gazebo_ros_base_model_plugin.dir/build.make:4454: libuuv_gazebo_ros_base_model_plugin.so] Interrupt
[77.292s] gmake[2]: *** [CMakeFiles/uuv_gazebo_ros_base_sensor_plugin.dir/build.make:4454: libuuv_gazebo_ros_base_sensor_plugin.so] Interrupt
[77.292s] gmake[1]: *** [CMakeFiles/Makefile2:343: CMakeFiles/uuv_gazebo_ros_magnetometer_plugin.dir/all] Interrupt
[77.293s] gmake[1]: *** [CMakeFiles/Makefile2:369: CMakeFiles/uuv_gazebo_ros_cpc_plugin.dir/all] Interrupt
[77.293s] gmake[1]: *** [CMakeFiles/Makefile2:187: CMakeFiles/uuv_gazebo_ros_base_model_plugin.dir/all] Interrupt
[77.293s] gmake[1]: *** [CMakeFiles/Makefile2:213: CMakeFiles/uuv_gazebo_ros_base_sensor_plugin.dir/all] Interrupt
[77.294s] gmake: *** [Makefile:146: all] Interrupt
