[35m[1mConsolidate compiler generated dependencies of target uuv_message_to_tf[0m
[  0%] Built target ament_cmake_python_copy_tf_quaternion
[100%] Built target uuv_message_to_tf
running egg_info
writing tf_quaternion.egg-info/PKG-INFO
writing dependency_links to tf_quaternion.egg-info/dependency_links.txt
writing top-level names to tf_quaternion.egg-info/top_level.txt
reading manifest file 'tf_quaternion.egg-info/SOURCES.txt'
writing manifest file 'tf_quaternion.egg-info/SOURCES.txt'
[100%] Built target ament_cmake_python_build_tf_quaternion_egg
-- Install configuration: ""
-- Installing: /home/sunny/catkin_ws/install/uuv_assistants/share/uuv_assistants/environment/pythonpath.sh
-- Installing: /home/sunny/catkin_ws/install/uuv_assistants/share/uuv_assistants/environment/pythonpath.dsv
-- Installing: /home/sunny/catkin_ws/install/uuv_assistants/local/lib/python3.10/dist-packages/tf_quaternion-0.6.1-py3.10.egg-info
-- Installing: /home/sunny/catkin_ws/install/uuv_assistants/local/lib/python3.10/dist-packages/tf_quaternion-0.6.1-py3.10.egg-info/PKG-INFO
-- Installing: /home/sunny/catkin_ws/install/uuv_assistants/local/lib/python3.10/dist-packages/tf_quaternion-0.6.1-py3.10.egg-info/SOURCES.txt
-- Installing: /home/sunny/catkin_ws/install/uuv_assistants/local/lib/python3.10/dist-packages/tf_quaternion-0.6.1-py3.10.egg-info/top_level.txt
-- Installing: /home/sunny/catkin_ws/install/uuv_assistants/local/lib/python3.10/dist-packages/tf_quaternion-0.6.1-py3.10.egg-info/dependency_links.txt
-- Installing: /home/sunny/catkin_ws/install/uuv_assistants/local/lib/python3.10/dist-packages/tf_quaternion
-- Installing: /home/sunny/catkin_ws/install/uuv_assistants/local/lib/python3.10/dist-packages/tf_quaternion/__init__.py
-- Installing: /home/sunny/catkin_ws/install/uuv_assistants/local/lib/python3.10/dist-packages/tf_quaternion/transformations.py
Listing '/home/sunny/catkin_ws/install/uuv_assistants/local/lib/python3.10/dist-packages/tf_quaternion'...
Compiling '/home/sunny/catkin_ws/install/uuv_assistants/local/lib/python3.10/dist-packages/tf_quaternion/__init__.py'...
Compiling '/home/sunny/catkin_ws/install/uuv_assistants/local/lib/python3.10/dist-packages/tf_quaternion/transformations.py'...
-- Installing: /home/sunny/catkin_ws/install/uuv_assistants/share/uuv_assistants/launch
-- Installing: /home/sunny/catkin_ws/install/uuv_assistants/share/uuv_assistants/launch/publish_body_sname.launch
-- Installing: /home/sunny/catkin_ws/install/uuv_assistants/share/uuv_assistants/launch/unpause_simulation.launch
-- Installing: /home/sunny/catkin_ws/install/uuv_assistants/share/uuv_assistants/launch/publish_world_ned_frame.launch
-- Installing: /home/sunny/catkin_ws/install/uuv_assistants/share/uuv_assistants/launch/set_simulation_timer.launch
-- Installing: /home/sunny/catkin_ws/install/uuv_assistants/share/uuv_assistants/launch/message_to_tf.launch
-- Installing: /home/sunny/catkin_ws/install/uuv_assistants/share/uuv_assistants/launch/publish_footprints.launch
-- Installing: /home/sunny/catkin_ws/install/uuv_assistants/share/uuv_assistants/launch/publish_vehicle_footprint.launch
-- Installing: /home/sunny/catkin_ws/install/uuv_assistants/share/uuv_assistants/templates
-- Installing: /home/sunny/catkin_ws/install/uuv_assistants/share/uuv_assistants/templates/robot_model
-- Installing: /home/sunny/catkin_ws/install/uuv_assistants/share/uuv_assistants/templates/robot_model/launch
-- Installing: /home/sunny/catkin_ws/install/uuv_assistants/share/uuv_assistants/templates/robot_model/launch/upload.launch.template
-- Installing: /home/sunny/catkin_ws/install/uuv_assistants/share/uuv_assistants/templates/robot_model/robots
-- Installing: /home/sunny/catkin_ws/install/uuv_assistants/share/uuv_assistants/templates/robot_model/robots/default.xacro.template
-- Installing: /home/sunny/catkin_ws/install/uuv_assistants/share/uuv_assistants/templates/robot_model/meshes
-- Installing: /home/sunny/catkin_ws/install/uuv_assistants/share/uuv_assistants/templates/robot_model/meshes/README.md
-- Installing: /home/sunny/catkin_ws/install/uuv_assistants/share/uuv_assistants/templates/robot_model/urdf
-- Installing: /home/sunny/catkin_ws/install/uuv_assistants/share/uuv_assistants/templates/robot_model/urdf/snippets.xacro.template
-- Installing: /home/sunny/catkin_ws/install/uuv_assistants/share/uuv_assistants/templates/robot_model/urdf/base.xacro.template
-- Installing: /home/sunny/catkin_ws/install/uuv_assistants/share/uuv_assistants/templates/robot_model/urdf/gazebo.xacro.template
-- Installing: /home/sunny/catkin_ws/install/uuv_assistants/share/uuv_assistants/templates/robot_model/urdf/sensors.xacro.template
-- Installing: /home/sunny/catkin_ws/install/uuv_assistants/share/uuv_assistants/templates/robot_model/urdf/actuators.xacro.template
-- Installing: /home/sunny/catkin_ws/install/uuv_assistants/share/uuv_assistants/templates/control
-- Installing: /home/sunny/catkin_ws/install/uuv_assistants/share/uuv_assistants/templates/control/position_hold_launch.xml
-- Installing: /home/sunny/catkin_ws/install/uuv_assistants/share/uuv_assistants/templates/control/thruster_manager_launch.xml
-- Installing: /home/sunny/catkin_ws/install/uuv_assistants/share/uuv_assistants/templates/control/inertial.yaml
-- Installing: /home/sunny/catkin_ws/install/uuv_assistants/share/uuv_assistants/templates/control/TAM.yaml
-- Installing: /home/sunny/catkin_ws/install/uuv_assistants/share/uuv_assistants/templates/control/pos_pid_control.yaml
-- Installing: /home/sunny/catkin_ws/install/uuv_assistants/share/uuv_assistants/templates/control/thruster_manager.yaml
-- Installing: /home/sunny/catkin_ws/install/uuv_assistants/share/uuv_assistants/templates/control/vel_pid_control.yaml
-- Installing: /home/sunny/catkin_ws/install/uuv_assistants/share/uuv_assistants/templates/thruster_manager_config
-- Installing: /home/sunny/catkin_ws/install/uuv_assistants/share/uuv_assistants/templates/thruster_manager_config/launch
-- Installing: /home/sunny/catkin_ws/install/uuv_assistants/share/uuv_assistants/templates/thruster_manager_config/launch/start_thruster_manager.launch.template
-- Installing: /home/sunny/catkin_ws/install/uuv_assistants/share/uuv_assistants/templates/thruster_manager_config/config
-- Installing: /home/sunny/catkin_ws/install/uuv_assistants/share/uuv_assistants/templates/thruster_manager_config/config/thruster_manager.yaml.template
-- Installing: /home/sunny/catkin_ws/install/uuv_assistants/lib/uuv_assistants/uuv_message_to_tf
-- Set runtime path of "/home/sunny/catkin_ws/install/uuv_assistants/lib/uuv_assistants/uuv_message_to_tf" to ""
-- Installing: /home/sunny/catkin_ws/install/uuv_assistants/lib/uuv_assistants/publish_footprints.py
-- Installing: /home/sunny/catkin_ws/install/uuv_assistants/lib/uuv_assistants/set_simulation_timer.py
-- Installing: /home/sunny/catkin_ws/install/uuv_assistants/lib/uuv_assistants/publish_world_models.py
-- Installing: /home/sunny/catkin_ws/install/uuv_assistants/lib/uuv_assistants/publish_vehicle_footprint.py
-- Installing: /home/sunny/catkin_ws/install/uuv_assistants/lib/uuv_assistants/unpause_simulation.py
-- Installing: /home/sunny/catkin_ws/install/uuv_assistants/lib/uuv_assistants/create_new_robot_model
-- Installing: /home/sunny/catkin_ws/install/uuv_assistants/lib/uuv_assistants/create_thruster_manager_configuration
-- Installing: /home/sunny/catkin_ws/install/uuv_assistants/lib/uuv_assistants/create_control_package
-- Installing: /home/sunny/catkin_ws/install/uuv_assistants/share/ament_index/resource_index/package_run_dependencies/uuv_assistants
-- Installing: /home/sunny/catkin_ws/install/uuv_assistants/share/ament_index/resource_index/parent_prefix_path/uuv_assistants
-- Installing: /home/sunny/catkin_ws/install/uuv_assistants/share/uuv_assistants/environment/ament_prefix_path.sh
-- Installing: /home/sunny/catkin_ws/install/uuv_assistants/share/uuv_assistants/environment/ament_prefix_path.dsv
-- Installing: /home/sunny/catkin_ws/install/uuv_assistants/share/uuv_assistants/environment/path.sh
-- Installing: /home/sunny/catkin_ws/install/uuv_assistants/share/uuv_assistants/environment/path.dsv
-- Installing: /home/sunny/catkin_ws/install/uuv_assistants/share/uuv_assistants/local_setup.bash
-- Installing: /home/sunny/catkin_ws/install/uuv_assistants/share/uuv_assistants/local_setup.sh
-- Installing: /home/sunny/catkin_ws/install/uuv_assistants/share/uuv_assistants/local_setup.zsh
-- Installing: /home/sunny/catkin_ws/install/uuv_assistants/share/uuv_assistants/local_setup.dsv
-- Installing: /home/sunny/catkin_ws/install/uuv_assistants/share/uuv_assistants/package.dsv
-- Installing: /home/sunny/catkin_ws/install/uuv_assistants/share/ament_index/resource_index/packages/uuv_assistants
-- Installing: /home/sunny/catkin_ws/install/uuv_assistants/share/uuv_assistants/cmake/uuv_assistantsConfig.cmake
-- Installing: /home/sunny/catkin_ws/install/uuv_assistants/share/uuv_assistants/cmake/uuv_assistantsConfig-version.cmake
-- Installing: /home/sunny/catkin_ws/install/uuv_assistants/share/uuv_assistants/package.xml
