[0.077s] Invoking command in '/home/sunny/catkin_ws/build/sauvc_gazebo': /usr/bin/cmake /home/sunny/catkin_ws/src/sauvc_simulator/sauvc_gazebo -DCATKIN_INSTALL_INTO_PREFIX_ROOT=0 -DCMAKE_INSTALL_PREFIX=/home/sunny/catkin_ws/install/sauvc_gazebo
[0.083s] [0mCMake Deprecation Warning at CMakeLists.txt:1 (cmake_minimum_required):
[0.083s]   Compatibility with CMake < 2.8.12 will be removed from a future version of
[0.083s]   CMake.
[0.083s] 
[0.083s]   Update the VERSION argument <min> value or use a ...<max> suffix to tell
[0.083s]   CMake that the project does not need compatibility with older versions.
[0.083s] 
[0.083s] [0m
[0.124s] -- The C compiler identification is GNU 11.4.0
[0.182s] -- The CXX compiler identification is GNU 11.4.0
[0.189s] -- Detecting C compiler ABI info
[0.249s] -- Detecting C compiler ABI info - done
[0.256s] -- Check for working C compiler: /usr/bin/cc - skipped
[0.256s] -- Detecting C compile features
[0.256s] -- Detecting C compile features - done
[0.259s] -- Detecting CXX compiler ABI info
[0.328s] -- Detecting CXX compiler ABI info - done
[0.335s] -- Check for working CXX compiler: /usr/bin/c++ - skipped
[0.335s] -- Detecting CXX compile features
[0.335s] -- Detecting CXX compile features - done
[0.348s] -- Configuring incomplete, errors occurred!
[0.349s] See also "/home/sunny/catkin_ws/build/sauvc_gazebo/CMakeFiles/CMakeOutput.log".
[0.349s] [31mCMake Error at CMakeLists.txt:10 (find_package):
[0.349s]   By not providing "Findcatkin.cmake" in CMAKE_MODULE_PATH this project has
[0.349s]   asked CMake to find a package configuration file provided by "catkin", but
[0.349s]   CMake did not find one.
[0.349s] 
[0.349s]   Could not find a package configuration file provided by "catkin" with any
[0.349s]   of the following names:
[0.349s] 
[0.349s]     catkinConfig.cmake
[0.349s]     catkin-config.cmake
[0.349s] 
[0.350s]   Add the installation prefix of "catkin" to CMAKE_PREFIX_PATH or set
[0.350s]   "catkin_DIR" to a directory containing one of the above files.  If "catkin"
[0.350s]   provides a separate development package or SDK, be sure it has been
[0.350s]   installed.
[0.350s] 
[0.350s] [0m
[0.353s] Invoked command in '/home/sunny/catkin_ws/build/sauvc_gazebo' returned '1': /usr/bin/cmake /home/sunny/catkin_ws/src/sauvc_simulator/sauvc_gazebo -DCATKIN_INSTALL_INTO_PREFIX_ROOT=0 -DCMAKE_INSTALL_PREFIX=/home/sunny/catkin_ws/install/sauvc_gazebo
