[0.556s] Invoking command in '/home/sunny/catkin_ws/build/uuv_control_cascaded_pid': CMAKE_PREFIX_PATH=/home/sunny/catkin_ws/install/plankton_utils:/home/sunny/catkin_ws/install/uuv_world_ros_plugins_msgs:/home/sunny/catkin_ws/install/uuv_world_plugins:/home/sunny/catkin_ws/install/uuv_tutorial_seabed_world:/home/sunny/catkin_ws/install/uuv_trajectory_control:/home/sunny/catkin_ws/install/uuv_thruster_manager:/home/sunny/catkin_ws/install/uuv_sensor_ros_plugins_msgs:/home/sunny/catkin_ws/install/uuv_gazebo_worlds:/home/sunny/catkin_ws/install/uuv_gazebo_ros_plugins_msgs:/home/sunny/catkin_ws/install/uuv_gazebo_plugins:/home/sunny/catkin_ws/install/uuv_gazebo:/home/sunny/catkin_ws/install/uuv_control_msgs:/home/sunny/catkin_ws/install/uuv_control_cascaded_pid:/home/sunny/catkin_ws/install/uuv_auv_control_allocator:/home/sunny/catkin_ws/install/uuv_assistants:/home/sunny/catkin_ws/install/turtlesim:/home/sunny/catkin_ws/install/common_msgs:/home/sunny/catkin_ws/install/beluga_simulator:/home/sunny/catkin_ws/install/beluga_adapter:/opt/ros/humble /usr/bin/cmake --build /home/sunny/catkin_ws/build/uuv_control_cascaded_pid -- -j16 -l16
[0.662s] Built target ament_cmake_python_copy_uuv_PID
[0.998s] running egg_info
[0.998s] writing uuv_PID.egg-info/PKG-INFO
[0.999s] writing dependency_links to uuv_PID.egg-info/dependency_links.txt
[0.999s] writing top-level names to uuv_PID.egg-info/top_level.txt
[1.001s] reading manifest file 'uuv_PID.egg-info/SOURCES.txt'
[1.002s] writing manifest file 'uuv_PID.egg-info/SOURCES.txt'
[1.074s] Built target ament_cmake_python_build_uuv_PID_egg
[1.545s] Invoked command in '/home/sunny/catkin_ws/build/uuv_control_cascaded_pid' returned '0': CMAKE_PREFIX_PATH=/home/sunny/catkin_ws/install/plankton_utils:/home/sunny/catkin_ws/install/uuv_world_ros_plugins_msgs:/home/sunny/catkin_ws/install/uuv_world_plugins:/home/sunny/catkin_ws/install/uuv_tutorial_seabed_world:/home/sunny/catkin_ws/install/uuv_trajectory_control:/home/sunny/catkin_ws/install/uuv_thruster_manager:/home/sunny/catkin_ws/install/uuv_sensor_ros_plugins_msgs:/home/sunny/catkin_ws/install/uuv_gazebo_worlds:/home/sunny/catkin_ws/install/uuv_gazebo_ros_plugins_msgs:/home/sunny/catkin_ws/install/uuv_gazebo_plugins:/home/sunny/catkin_ws/install/uuv_gazebo:/home/sunny/catkin_ws/install/uuv_control_msgs:/home/sunny/catkin_ws/install/uuv_control_cascaded_pid:/home/sunny/catkin_ws/install/uuv_auv_control_allocator:/home/sunny/catkin_ws/install/uuv_assistants:/home/sunny/catkin_ws/install/turtlesim:/home/sunny/catkin_ws/install/common_msgs:/home/sunny/catkin_ws/install/beluga_simulator:/home/sunny/catkin_ws/install/beluga_adapter:/opt/ros/humble /usr/bin/cmake --build /home/sunny/catkin_ws/build/uuv_control_cascaded_pid -- -j16 -l16
[1.930s] Invoking command in '/home/sunny/catkin_ws/build/uuv_control_cascaded_pid': CMAKE_PREFIX_PATH=/home/sunny/catkin_ws/install/plankton_utils:/home/sunny/catkin_ws/install/uuv_world_ros_plugins_msgs:/home/sunny/catkin_ws/install/uuv_world_plugins:/home/sunny/catkin_ws/install/uuv_tutorial_seabed_world:/home/sunny/catkin_ws/install/uuv_trajectory_control:/home/sunny/catkin_ws/install/uuv_thruster_manager:/home/sunny/catkin_ws/install/uuv_sensor_ros_plugins_msgs:/home/sunny/catkin_ws/install/uuv_gazebo_worlds:/home/sunny/catkin_ws/install/uuv_gazebo_ros_plugins_msgs:/home/sunny/catkin_ws/install/uuv_gazebo_plugins:/home/sunny/catkin_ws/install/uuv_gazebo:/home/sunny/catkin_ws/install/uuv_control_msgs:/home/sunny/catkin_ws/install/uuv_control_cascaded_pid:/home/sunny/catkin_ws/install/uuv_auv_control_allocator:/home/sunny/catkin_ws/install/uuv_assistants:/home/sunny/catkin_ws/install/turtlesim:/home/sunny/catkin_ws/install/common_msgs:/home/sunny/catkin_ws/install/beluga_simulator:/home/sunny/catkin_ws/install/beluga_adapter:/opt/ros/humble /usr/bin/cmake --install /home/sunny/catkin_ws/build/uuv_control_cascaded_pid
[1.999s] -- Install configuration: ""
[1.999s] -- Up-to-date: /home/sunny/catkin_ws/install/uuv_control_cascaded_pid/share/uuv_control_cascaded_pid/environment/pythonpath.sh
[1.999s] -- Up-to-date: /home/sunny/catkin_ws/install/uuv_control_cascaded_pid/share/uuv_control_cascaded_pid/environment/pythonpath.dsv
[2.000s] -- Up-to-date: /home/sunny/catkin_ws/install/uuv_control_cascaded_pid/local/lib/python3.10/dist-packages/uuv_PID-0.6.1-py3.10.egg-info
[2.000s] -- Installing: /home/sunny/catkin_ws/install/uuv_control_cascaded_pid/local/lib/python3.10/dist-packages/uuv_PID-0.6.1-py3.10.egg-info/PKG-INFO
[2.000s] -- Installing: /home/sunny/catkin_ws/install/uuv_control_cascaded_pid/local/lib/python3.10/dist-packages/uuv_PID-0.6.1-py3.10.egg-info/SOURCES.txt
[2.000s] -- Installing: /home/sunny/catkin_ws/install/uuv_control_cascaded_pid/local/lib/python3.10/dist-packages/uuv_PID-0.6.1-py3.10.egg-info/top_level.txt
[2.000s] -- Installing: /home/sunny/catkin_ws/install/uuv_control_cascaded_pid/local/lib/python3.10/dist-packages/uuv_PID-0.6.1-py3.10.egg-info/dependency_links.txt
[2.001s] -- Up-to-date: /home/sunny/catkin_ws/install/uuv_control_cascaded_pid/local/lib/python3.10/dist-packages/uuv_PID
[2.001s] -- Up-to-date: /home/sunny/catkin_ws/install/uuv_control_cascaded_pid/local/lib/python3.10/dist-packages/uuv_PID/__init__.py
[2.001s] -- Up-to-date: /home/sunny/catkin_ws/install/uuv_control_cascaded_pid/local/lib/python3.10/dist-packages/uuv_PID/PIDRegulator.py
[2.147s] Listing '/home/sunny/catkin_ws/install/uuv_control_cascaded_pid/local/lib/python3.10/dist-packages/uuv_PID'...
[2.175s] -- Up-to-date: /home/sunny/catkin_ws/install/uuv_control_cascaded_pid/lib/uuv_control_cascaded_pid/acceleration_control.py
[2.175s] -- Up-to-date: /home/sunny/catkin_ws/install/uuv_control_cascaded_pid/lib/uuv_control_cascaded_pid/position_control.py
[2.175s] -- Up-to-date: /home/sunny/catkin_ws/install/uuv_control_cascaded_pid/lib/uuv_control_cascaded_pid/velocity_control.py
[2.176s] -- Up-to-date: /home/sunny/catkin_ws/install/uuv_control_cascaded_pid/share/uuv_control_cascaded_pid/launch
[2.176s] -- Up-to-date: /home/sunny/catkin_ws/install/uuv_control_cascaded_pid/share/uuv_control_cascaded_pid/launch/joy_accel.launch
[2.176s] -- Up-to-date: /home/sunny/catkin_ws/install/uuv_control_cascaded_pid/share/uuv_control_cascaded_pid/launch/joy_velocity.launch
[2.176s] -- Up-to-date: /home/sunny/catkin_ws/install/uuv_control_cascaded_pid/share/uuv_control_cascaded_pid/launch/key_board_velocity.launch
[2.176s] -- Up-to-date: /home/sunny/catkin_ws/install/uuv_control_cascaded_pid/share/uuv_control_cascaded_pid/launch/position_hold.launch
[2.176s] -- Up-to-date: /home/sunny/catkin_ws/install/uuv_control_cascaded_pid/share/uuv_control_cascaded_pid/config
[2.176s] -- Up-to-date: /home/sunny/catkin_ws/install/uuv_control_cascaded_pid/share/uuv_control_cascaded_pid/config/rexrov
[2.176s] -- Up-to-date: /home/sunny/catkin_ws/install/uuv_control_cascaded_pid/share/uuv_control_cascaded_pid/config/rexrov/inertial.yaml
[2.177s] -- Up-to-date: /home/sunny/catkin_ws/install/uuv_control_cascaded_pid/share/uuv_control_cascaded_pid/config/rexrov/pos_pid_control.yaml
[2.177s] -- Up-to-date: /home/sunny/catkin_ws/install/uuv_control_cascaded_pid/share/uuv_control_cascaded_pid/config/rexrov/vel_pid_control.yaml
[2.177s] -- Up-to-date: /home/sunny/catkin_ws/install/uuv_control_cascaded_pid/share/uuv_control_cascaded_pid/config/joy_vel.yaml
[2.177s] -- Up-to-date: /home/sunny/catkin_ws/install/uuv_control_cascaded_pid/share/uuv_control_cascaded_pid/config/joy_accel.yaml
[2.177s] -- Up-to-date: /home/sunny/catkin_ws/install/uuv_control_cascaded_pid/share/ament_index/resource_index/package_run_dependencies/uuv_control_cascaded_pid
[2.177s] -- Up-to-date: /home/sunny/catkin_ws/install/uuv_control_cascaded_pid/share/ament_index/resource_index/parent_prefix_path/uuv_control_cascaded_pid
[2.177s] -- Up-to-date: /home/sunny/catkin_ws/install/uuv_control_cascaded_pid/share/uuv_control_cascaded_pid/environment/ament_prefix_path.sh
[2.177s] -- Up-to-date: /home/sunny/catkin_ws/install/uuv_control_cascaded_pid/share/uuv_control_cascaded_pid/environment/ament_prefix_path.dsv
[2.177s] -- Up-to-date: /home/sunny/catkin_ws/install/uuv_control_cascaded_pid/share/uuv_control_cascaded_pid/environment/path.sh
[2.178s] -- Up-to-date: /home/sunny/catkin_ws/install/uuv_control_cascaded_pid/share/uuv_control_cascaded_pid/environment/path.dsv
[2.178s] -- Up-to-date: /home/sunny/catkin_ws/install/uuv_control_cascaded_pid/share/uuv_control_cascaded_pid/local_setup.bash
[2.178s] -- Up-to-date: /home/sunny/catkin_ws/install/uuv_control_cascaded_pid/share/uuv_control_cascaded_pid/local_setup.sh
[2.178s] -- Up-to-date: /home/sunny/catkin_ws/install/uuv_control_cascaded_pid/share/uuv_control_cascaded_pid/local_setup.zsh
[2.178s] -- Up-to-date: /home/sunny/catkin_ws/install/uuv_control_cascaded_pid/share/uuv_control_cascaded_pid/local_setup.dsv
[2.178s] -- Installing: /home/sunny/catkin_ws/install/uuv_control_cascaded_pid/share/uuv_control_cascaded_pid/package.dsv
[2.178s] -- Up-to-date: /home/sunny/catkin_ws/install/uuv_control_cascaded_pid/share/ament_index/resource_index/packages/uuv_control_cascaded_pid
[2.178s] -- Up-to-date: /home/sunny/catkin_ws/install/uuv_control_cascaded_pid/share/uuv_control_cascaded_pid/cmake/uuv_control_cascaded_pidConfig.cmake
[2.178s] -- Up-to-date: /home/sunny/catkin_ws/install/uuv_control_cascaded_pid/share/uuv_control_cascaded_pid/cmake/uuv_control_cascaded_pidConfig-version.cmake
[2.178s] -- Up-to-date: /home/sunny/catkin_ws/install/uuv_control_cascaded_pid/share/uuv_control_cascaded_pid/package.xml
[2.190s] Invoked command in '/home/sunny/catkin_ws/build/uuv_control_cascaded_pid' returned '0': CMAKE_PREFIX_PATH=/home/sunny/catkin_ws/install/plankton_utils:/home/sunny/catkin_ws/install/uuv_world_ros_plugins_msgs:/home/sunny/catkin_ws/install/uuv_world_plugins:/home/sunny/catkin_ws/install/uuv_tutorial_seabed_world:/home/sunny/catkin_ws/install/uuv_trajectory_control:/home/sunny/catkin_ws/install/uuv_thruster_manager:/home/sunny/catkin_ws/install/uuv_sensor_ros_plugins_msgs:/home/sunny/catkin_ws/install/uuv_gazebo_worlds:/home/sunny/catkin_ws/install/uuv_gazebo_ros_plugins_msgs:/home/sunny/catkin_ws/install/uuv_gazebo_plugins:/home/sunny/catkin_ws/install/uuv_gazebo:/home/sunny/catkin_ws/install/uuv_control_msgs:/home/sunny/catkin_ws/install/uuv_control_cascaded_pid:/home/sunny/catkin_ws/install/uuv_auv_control_allocator:/home/sunny/catkin_ws/install/uuv_assistants:/home/sunny/catkin_ws/install/turtlesim:/home/sunny/catkin_ws/install/common_msgs:/home/sunny/catkin_ws/install/beluga_simulator:/home/sunny/catkin_ws/install/beluga_adapter:/opt/ros/humble /usr/bin/cmake --install /home/sunny/catkin_ws/build/uuv_control_cascaded_pid
