[0.156s] Invoking command in '/home/sunny/catkin_ws/build/common_msgs': CMAKE_PREFIX_PATH=${CMAKE_PREFIX_PATH}:/home/sunny/catkin_ws/install/beluga_adapter:/opt/ros/humble /usr/bin/cmake --build /home/sunny/catkin_ws/build/common_msgs -- -j16 -l16
[0.196s] [35m[1mConsolidate compiler generated dependencies of target common_msgs__rosidl_generator_c[0m
[0.205s] [  3%] Built target common_msgs__cpp
[0.206s] [ 12%] Built target common_msgs__rosidl_generator_c
[0.213s] [ 12%] Built target ament_cmake_python_copy_common_msgs
[0.215s] [35m[1mConsolidate compiler generated dependencies of target common_msgs__rosidl_typesupport_fastrtps_cpp[0m
[0.215s] [35m[1mConsolidate compiler generated dependencies of target common_msgs__rosidl_typesupport_cpp[0m
[0.216s] [35m[1mConsolidate compiler generated dependencies of target common_msgs__rosidl_typesupport_introspection_cpp[0m
[0.220s] [35m[1mConsolidate compiler generated dependencies of target common_msgs__rosidl_typesupport_fastrtps_c[0m
[0.220s] [35m[1mConsolidate compiler generated dependencies of target common_msgs__rosidl_typesupport_c[0m
[0.220s] [35m[1mConsolidate compiler generated dependencies of target common_msgs__rosidl_typesupport_introspection_c[0m
[0.234s] [ 25%] Built target common_msgs__rosidl_typesupport_fastrtps_cpp
[0.234s] [ 32%] Built target common_msgs__rosidl_typesupport_cpp
[0.236s] [ 51%] Built target common_msgs__rosidl_typesupport_introspection_c
[0.237s] [ 51%] Built target common_msgs__rosidl_typesupport_introspection_cpp
[0.237s] [ 61%] Built target common_msgs__rosidl_typesupport_c
[0.240s] [ 70%] Built target common_msgs__rosidl_typesupport_fastrtps_c
[0.270s] [ 70%] Built target common_msgs
[0.293s] [ 74%] Built target common_msgs__py
[0.306s] [35m[1mConsolidate compiler generated dependencies of target common_msgs__rosidl_generator_py[0m
[0.320s] [ 80%] Built target common_msgs__rosidl_generator_py
[0.331s] [35m[1mConsolidate compiler generated dependencies of target common_msgs__rosidl_typesupport_fastrtps_c__pyext[0m
[0.332s] [35m[1mConsolidate compiler generated dependencies of target common_msgs__rosidl_typesupport_introspection_c__pyext[0m
[0.332s] [35m[1mConsolidate compiler generated dependencies of target common_msgs__rosidl_typesupport_c__pyext[0m
[0.349s] [ 87%] Built target common_msgs__rosidl_typesupport_fastrtps_c__pyext
[0.350s] [ 93%] Built target common_msgs__rosidl_typesupport_c__pyext
[0.351s] [100%] Built target common_msgs__rosidl_typesupport_introspection_c__pyext
[0.444s] running egg_info
[0.444s] writing common_msgs.egg-info/PKG-INFO
[0.445s] writing dependency_links to common_msgs.egg-info/dependency_links.txt
[0.445s] writing top-level names to common_msgs.egg-info/top_level.txt
[0.446s] reading manifest file 'common_msgs.egg-info/SOURCES.txt'
[0.447s] writing manifest file 'common_msgs.egg-info/SOURCES.txt'
[0.472s] [100%] Built target ament_cmake_python_build_common_msgs_egg
[0.485s] Invoked command in '/home/sunny/catkin_ws/build/common_msgs' returned '0': CMAKE_PREFIX_PATH=${CMAKE_PREFIX_PATH}:/home/sunny/catkin_ws/install/beluga_adapter:/opt/ros/humble /usr/bin/cmake --build /home/sunny/catkin_ws/build/common_msgs -- -j16 -l16
[0.548s] Invoking command in '/home/sunny/catkin_ws/build/common_msgs': CMAKE_PREFIX_PATH=${CMAKE_PREFIX_PATH}:/home/sunny/catkin_ws/install/beluga_adapter:/opt/ros/humble /usr/bin/cmake --install /home/sunny/catkin_ws/build/common_msgs
[0.557s] -- Install configuration: ""
[0.557s] -- Up-to-date: /home/sunny/catkin_ws/install/common_msgs/share/ament_index/resource_index/rosidl_interfaces/common_msgs
[0.557s] -- Up-to-date: /home/sunny/catkin_ws/install/common_msgs/include/common_msgs/common_msgs
[0.557s] -- Up-to-date: /home/sunny/catkin_ws/install/common_msgs/include/common_msgs/common_msgs/msg
[0.557s] -- Up-to-date: /home/sunny/catkin_ws/install/common_msgs/include/common_msgs/common_msgs/msg/detail
[0.557s] -- Up-to-date: /home/sunny/catkin_ws/install/common_msgs/include/common_msgs/common_msgs/msg/detail/float_stamped__functions.h
[0.558s] -- Up-to-date: /home/sunny/catkin_ws/install/common_msgs/include/common_msgs/common_msgs/msg/detail/float_stamped__functions.c
[0.558s] -- Up-to-date: /home/sunny/catkin_ws/install/common_msgs/include/common_msgs/common_msgs/msg/detail/float_stamped__type_support.h
[0.558s] -- Up-to-date: /home/sunny/catkin_ws/install/common_msgs/include/common_msgs/common_msgs/msg/detail/float_stamped__struct.h
[0.558s] -- Up-to-date: /home/sunny/catkin_ws/install/common_msgs/include/common_msgs/common_msgs/msg/float_stamped.h
[0.558s] -- Up-to-date: /home/sunny/catkin_ws/install/common_msgs/include/common_msgs/common_msgs/msg/rosidl_generator_c__visibility_control.h
[0.558s] -- Up-to-date: /home/sunny/catkin_ws/install/common_msgs/share/common_msgs/environment/library_path.sh
[0.558s] -- Up-to-date: /home/sunny/catkin_ws/install/common_msgs/share/common_msgs/environment/library_path.dsv
[0.558s] -- Up-to-date: /home/sunny/catkin_ws/install/common_msgs/lib/libcommon_msgs__rosidl_generator_c.so
[0.559s] -- Up-to-date: /home/sunny/catkin_ws/install/common_msgs/include/common_msgs/common_msgs
[0.559s] -- Up-to-date: /home/sunny/catkin_ws/install/common_msgs/include/common_msgs/common_msgs/msg
[0.559s] -- Up-to-date: /home/sunny/catkin_ws/install/common_msgs/include/common_msgs/common_msgs/msg/detail
[0.559s] -- Up-to-date: /home/sunny/catkin_ws/install/common_msgs/include/common_msgs/common_msgs/msg/detail/float_stamped__rosidl_typesupport_fastrtps_c.h
[0.559s] -- Up-to-date: /home/sunny/catkin_ws/install/common_msgs/include/common_msgs/common_msgs/msg/rosidl_typesupport_fastrtps_c__visibility_control.h
[0.559s] -- Up-to-date: /home/sunny/catkin_ws/install/common_msgs/lib/libcommon_msgs__rosidl_typesupport_fastrtps_c.so
[0.559s] -- Up-to-date: /home/sunny/catkin_ws/install/common_msgs/include/common_msgs/common_msgs
[0.559s] -- Up-to-date: /home/sunny/catkin_ws/install/common_msgs/include/common_msgs/common_msgs/msg
[0.559s] -- Up-to-date: /home/sunny/catkin_ws/install/common_msgs/include/common_msgs/common_msgs/msg/rosidl_typesupport_introspection_c__visibility_control.h
[0.560s] -- Up-to-date: /home/sunny/catkin_ws/install/common_msgs/include/common_msgs/common_msgs/msg/detail
[0.560s] -- Up-to-date: /home/sunny/catkin_ws/install/common_msgs/include/common_msgs/common_msgs/msg/detail/float_stamped__type_support.c
[0.560s] -- Up-to-date: /home/sunny/catkin_ws/install/common_msgs/include/common_msgs/common_msgs/msg/detail/float_stamped__rosidl_typesupport_introspection_c.h
[0.560s] -- Up-to-date: /home/sunny/catkin_ws/install/common_msgs/lib/libcommon_msgs__rosidl_typesupport_introspection_c.so
[0.560s] -- Up-to-date: /home/sunny/catkin_ws/install/common_msgs/lib/libcommon_msgs__rosidl_typesupport_c.so
[0.560s] -- Up-to-date: /home/sunny/catkin_ws/install/common_msgs/include/common_msgs/common_msgs
[0.560s] -- Up-to-date: /home/sunny/catkin_ws/install/common_msgs/include/common_msgs/common_msgs/msg
[0.560s] -- Up-to-date: /home/sunny/catkin_ws/install/common_msgs/include/common_msgs/common_msgs/msg/float_stamped.hpp
[0.561s] -- Up-to-date: /home/sunny/catkin_ws/install/common_msgs/include/common_msgs/common_msgs/msg/detail
[0.561s] -- Up-to-date: /home/sunny/catkin_ws/install/common_msgs/include/common_msgs/common_msgs/msg/detail/float_stamped__struct.hpp
[0.561s] -- Up-to-date: /home/sunny/catkin_ws/install/common_msgs/include/common_msgs/common_msgs/msg/detail/float_stamped__builder.hpp
[0.561s] -- Up-to-date: /home/sunny/catkin_ws/install/common_msgs/include/common_msgs/common_msgs/msg/detail/float_stamped__traits.hpp
[0.561s] -- Up-to-date: /home/sunny/catkin_ws/install/common_msgs/include/common_msgs/common_msgs
[0.561s] -- Up-to-date: /home/sunny/catkin_ws/install/common_msgs/include/common_msgs/common_msgs/msg
[0.561s] -- Up-to-date: /home/sunny/catkin_ws/install/common_msgs/include/common_msgs/common_msgs/msg/detail
[0.561s] -- Up-to-date: /home/sunny/catkin_ws/install/common_msgs/include/common_msgs/common_msgs/msg/detail/float_stamped__rosidl_typesupport_fastrtps_cpp.hpp
[0.562s] -- Up-to-date: /home/sunny/catkin_ws/install/common_msgs/include/common_msgs/common_msgs/msg/detail/dds_fastrtps
[0.562s] -- Up-to-date: /home/sunny/catkin_ws/install/common_msgs/include/common_msgs/common_msgs/msg/rosidl_typesupport_fastrtps_cpp__visibility_control.h
[0.562s] -- Up-to-date: /home/sunny/catkin_ws/install/common_msgs/lib/libcommon_msgs__rosidl_typesupport_fastrtps_cpp.so
[0.562s] -- Up-to-date: /home/sunny/catkin_ws/install/common_msgs/include/common_msgs/common_msgs
[0.562s] -- Up-to-date: /home/sunny/catkin_ws/install/common_msgs/include/common_msgs/common_msgs/msg
[0.562s] -- Up-to-date: /home/sunny/catkin_ws/install/common_msgs/include/common_msgs/common_msgs/msg/detail
[0.562s] -- Up-to-date: /home/sunny/catkin_ws/install/common_msgs/include/common_msgs/common_msgs/msg/detail/float_stamped__type_support.cpp
[0.562s] -- Up-to-date: /home/sunny/catkin_ws/install/common_msgs/include/common_msgs/common_msgs/msg/detail/float_stamped__rosidl_typesupport_introspection_cpp.hpp
[0.563s] -- Up-to-date: /home/sunny/catkin_ws/install/common_msgs/lib/libcommon_msgs__rosidl_typesupport_introspection_cpp.so
[0.563s] -- Up-to-date: /home/sunny/catkin_ws/install/common_msgs/lib/libcommon_msgs__rosidl_typesupport_cpp.so
[0.563s] -- Up-to-date: /home/sunny/catkin_ws/install/common_msgs/share/common_msgs/environment/pythonpath.sh
[0.563s] -- Up-to-date: /home/sunny/catkin_ws/install/common_msgs/share/common_msgs/environment/pythonpath.dsv
[0.563s] -- Up-to-date: /home/sunny/catkin_ws/install/common_msgs/local/lib/python3.10/dist-packages/common_msgs-0.0.0-py3.10.egg-info
[0.563s] -- Installing: /home/sunny/catkin_ws/install/common_msgs/local/lib/python3.10/dist-packages/common_msgs-0.0.0-py3.10.egg-info/PKG-INFO
[0.563s] -- Installing: /home/sunny/catkin_ws/install/common_msgs/local/lib/python3.10/dist-packages/common_msgs-0.0.0-py3.10.egg-info/SOURCES.txt
[0.563s] -- Installing: /home/sunny/catkin_ws/install/common_msgs/local/lib/python3.10/dist-packages/common_msgs-0.0.0-py3.10.egg-info/top_level.txt
[0.563s] -- Installing: /home/sunny/catkin_ws/install/common_msgs/local/lib/python3.10/dist-packages/common_msgs-0.0.0-py3.10.egg-info/dependency_links.txt
[0.564s] -- Up-to-date: /home/sunny/catkin_ws/install/common_msgs/local/lib/python3.10/dist-packages/common_msgs
[0.564s] -- Up-to-date: /home/sunny/catkin_ws/install/common_msgs/local/lib/python3.10/dist-packages/common_msgs/__init__.py
[0.564s] -- Up-to-date: /home/sunny/catkin_ws/install/common_msgs/local/lib/python3.10/dist-packages/common_msgs/_common_msgs_s.ep.rosidl_typesupport_introspection_c.c
[0.564s] -- Up-to-date: /home/sunny/catkin_ws/install/common_msgs/local/lib/python3.10/dist-packages/common_msgs/common_msgs_s__rosidl_typesupport_c.cpython-310-x86_64-linux-gnu.so
[0.564s] -- Up-to-date: /home/sunny/catkin_ws/install/common_msgs/local/lib/python3.10/dist-packages/common_msgs/_common_msgs_s.ep.rosidl_typesupport_c.c
[0.564s] -- Up-to-date: /home/sunny/catkin_ws/install/common_msgs/local/lib/python3.10/dist-packages/common_msgs/_common_msgs_s.ep.rosidl_typesupport_fastrtps_c.c
[0.564s] -- Up-to-date: /home/sunny/catkin_ws/install/common_msgs/local/lib/python3.10/dist-packages/common_msgs/msg
[0.564s] -- Up-to-date: /home/sunny/catkin_ws/install/common_msgs/local/lib/python3.10/dist-packages/common_msgs/msg/__init__.py
[0.564s] -- Up-to-date: /home/sunny/catkin_ws/install/common_msgs/local/lib/python3.10/dist-packages/common_msgs/msg/_float_stamped.py
[0.564s] -- Up-to-date: /home/sunny/catkin_ws/install/common_msgs/local/lib/python3.10/dist-packages/common_msgs/msg/_float_stamped_s.c
[0.565s] -- Up-to-date: /home/sunny/catkin_ws/install/common_msgs/local/lib/python3.10/dist-packages/common_msgs/common_msgs_s__rosidl_typesupport_fastrtps_c.cpython-310-x86_64-linux-gnu.so
[0.565s] -- Up-to-date: /home/sunny/catkin_ws/install/common_msgs/local/lib/python3.10/dist-packages/common_msgs/common_msgs_s__rosidl_typesupport_introspection_c.cpython-310-x86_64-linux-gnu.so
[0.565s] -- Up-to-date: /home/sunny/catkin_ws/install/common_msgs/local/lib/python3.10/dist-packages/common_msgs/libcommon_msgs__rosidl_generator_py.so
[0.587s] Listing '/home/sunny/catkin_ws/install/common_msgs/local/lib/python3.10/dist-packages/common_msgs'...
[0.587s] Listing '/home/sunny/catkin_ws/install/common_msgs/local/lib/python3.10/dist-packages/common_msgs/msg'...
[0.590s] -- Up-to-date: /home/sunny/catkin_ws/install/common_msgs/local/lib/python3.10/dist-packages/common_msgs/common_msgs_s__rosidl_typesupport_fastrtps_c.cpython-310-x86_64-linux-gnu.so
[0.590s] -- Up-to-date: /home/sunny/catkin_ws/install/common_msgs/local/lib/python3.10/dist-packages/common_msgs/common_msgs_s__rosidl_typesupport_introspection_c.cpython-310-x86_64-linux-gnu.so
[0.591s] -- Up-to-date: /home/sunny/catkin_ws/install/common_msgs/local/lib/python3.10/dist-packages/common_msgs/common_msgs_s__rosidl_typesupport_c.cpython-310-x86_64-linux-gnu.so
[0.591s] -- Up-to-date: /home/sunny/catkin_ws/install/common_msgs/lib/libcommon_msgs__rosidl_generator_py.so
[0.591s] -- Up-to-date: /home/sunny/catkin_ws/install/common_msgs/share/common_msgs/msg/FloatStamped.idl
[0.591s] -- Up-to-date: /home/sunny/catkin_ws/install/common_msgs/share/common_msgs/msg/FloatStamped.msg
[0.591s] -- Up-to-date: /home/sunny/catkin_ws/install/common_msgs/share/ament_index/resource_index/package_run_dependencies/common_msgs
[0.591s] -- Up-to-date: /home/sunny/catkin_ws/install/common_msgs/share/ament_index/resource_index/parent_prefix_path/common_msgs
[0.592s] -- Up-to-date: /home/sunny/catkin_ws/install/common_msgs/share/common_msgs/environment/ament_prefix_path.sh
[0.592s] -- Up-to-date: /home/sunny/catkin_ws/install/common_msgs/share/common_msgs/environment/ament_prefix_path.dsv
[0.592s] -- Up-to-date: /home/sunny/catkin_ws/install/common_msgs/share/common_msgs/environment/path.sh
[0.592s] -- Up-to-date: /home/sunny/catkin_ws/install/common_msgs/share/common_msgs/environment/path.dsv
[0.592s] -- Up-to-date: /home/sunny/catkin_ws/install/common_msgs/share/common_msgs/local_setup.bash
[0.592s] -- Up-to-date: /home/sunny/catkin_ws/install/common_msgs/share/common_msgs/local_setup.sh
[0.592s] -- Up-to-date: /home/sunny/catkin_ws/install/common_msgs/share/common_msgs/local_setup.zsh
[0.592s] -- Up-to-date: /home/sunny/catkin_ws/install/common_msgs/share/common_msgs/local_setup.dsv
[0.592s] -- Installing: /home/sunny/catkin_ws/install/common_msgs/share/common_msgs/package.dsv
[0.592s] -- Up-to-date: /home/sunny/catkin_ws/install/common_msgs/share/ament_index/resource_index/packages/common_msgs
[0.593s] -- Up-to-date: /home/sunny/catkin_ws/install/common_msgs/share/common_msgs/cmake/export_common_msgs__rosidl_generator_cExport.cmake
[0.593s] -- Up-to-date: /home/sunny/catkin_ws/install/common_msgs/share/common_msgs/cmake/export_common_msgs__rosidl_generator_cExport-noconfig.cmake
[0.593s] -- Up-to-date: /home/sunny/catkin_ws/install/common_msgs/share/common_msgs/cmake/export_common_msgs__rosidl_typesupport_fastrtps_cExport.cmake
[0.593s] -- Up-to-date: /home/sunny/catkin_ws/install/common_msgs/share/common_msgs/cmake/export_common_msgs__rosidl_typesupport_fastrtps_cExport-noconfig.cmake
[0.593s] -- Up-to-date: /home/sunny/catkin_ws/install/common_msgs/share/common_msgs/cmake/common_msgs__rosidl_typesupport_introspection_cExport.cmake
[0.593s] -- Up-to-date: /home/sunny/catkin_ws/install/common_msgs/share/common_msgs/cmake/common_msgs__rosidl_typesupport_introspection_cExport-noconfig.cmake
[0.593s] -- Up-to-date: /home/sunny/catkin_ws/install/common_msgs/share/common_msgs/cmake/common_msgs__rosidl_typesupport_cExport.cmake
[0.593s] -- Up-to-date: /home/sunny/catkin_ws/install/common_msgs/share/common_msgs/cmake/common_msgs__rosidl_typesupport_cExport-noconfig.cmake
[0.593s] -- Up-to-date: /home/sunny/catkin_ws/install/common_msgs/share/common_msgs/cmake/export_common_msgs__rosidl_generator_cppExport.cmake
[0.593s] -- Up-to-date: /home/sunny/catkin_ws/install/common_msgs/share/common_msgs/cmake/export_common_msgs__rosidl_typesupport_fastrtps_cppExport.cmake
[0.593s] -- Up-to-date: /home/sunny/catkin_ws/install/common_msgs/share/common_msgs/cmake/export_common_msgs__rosidl_typesupport_fastrtps_cppExport-noconfig.cmake
[0.594s] -- Up-to-date: /home/sunny/catkin_ws/install/common_msgs/share/common_msgs/cmake/common_msgs__rosidl_typesupport_introspection_cppExport.cmake
[0.594s] -- Up-to-date: /home/sunny/catkin_ws/install/common_msgs/share/common_msgs/cmake/common_msgs__rosidl_typesupport_introspection_cppExport-noconfig.cmake
[0.594s] -- Up-to-date: /home/sunny/catkin_ws/install/common_msgs/share/common_msgs/cmake/common_msgs__rosidl_typesupport_cppExport.cmake
[0.594s] -- Up-to-date: /home/sunny/catkin_ws/install/common_msgs/share/common_msgs/cmake/common_msgs__rosidl_typesupport_cppExport-noconfig.cmake
[0.594s] -- Up-to-date: /home/sunny/catkin_ws/install/common_msgs/share/common_msgs/cmake/export_common_msgs__rosidl_generator_pyExport.cmake
[0.594s] -- Up-to-date: /home/sunny/catkin_ws/install/common_msgs/share/common_msgs/cmake/export_common_msgs__rosidl_generator_pyExport-noconfig.cmake
[0.594s] -- Up-to-date: /home/sunny/catkin_ws/install/common_msgs/share/common_msgs/cmake/rosidl_cmake-extras.cmake
[0.594s] -- Up-to-date: /home/sunny/catkin_ws/install/common_msgs/share/common_msgs/cmake/ament_cmake_export_dependencies-extras.cmake
[0.594s] -- Up-to-date: /home/sunny/catkin_ws/install/common_msgs/share/common_msgs/cmake/ament_cmake_export_include_directories-extras.cmake
[0.594s] -- Up-to-date: /home/sunny/catkin_ws/install/common_msgs/share/common_msgs/cmake/ament_cmake_export_libraries-extras.cmake
[0.594s] -- Up-to-date: /home/sunny/catkin_ws/install/common_msgs/share/common_msgs/cmake/ament_cmake_export_targets-extras.cmake
[0.594s] -- Up-to-date: /home/sunny/catkin_ws/install/common_msgs/share/common_msgs/cmake/rosidl_cmake_export_typesupport_targets-extras.cmake
[0.595s] -- Up-to-date: /home/sunny/catkin_ws/install/common_msgs/share/common_msgs/cmake/rosidl_cmake_export_typesupport_libraries-extras.cmake
[0.595s] -- Up-to-date: /home/sunny/catkin_ws/install/common_msgs/share/common_msgs/cmake/common_msgsConfig.cmake
[0.595s] -- Up-to-date: /home/sunny/catkin_ws/install/common_msgs/share/common_msgs/cmake/common_msgsConfig-version.cmake
[0.595s] -- Up-to-date: /home/sunny/catkin_ws/install/common_msgs/share/common_msgs/package.xml
[0.596s] Invoked command in '/home/sunny/catkin_ws/build/common_msgs' returned '0': CMAKE_PREFIX_PATH=${CMAKE_PREFIX_PATH}:/home/sunny/catkin_ws/install/beluga_adapter:/opt/ros/humble /usr/bin/cmake --install /home/sunny/catkin_ws/build/common_msgs
