[0.636s] Invoking command in '/home/sunny/catkin_ws/build/uuv_control_msgs': CMAKE_PREFIX_PATH=${CMAKE_PREFIX_PATH}:/home/sunny/catkin_ws/install/beluga_adapter:/opt/ros/humble /usr/bin/cmake --build /home/sunny/catkin_ws/build/uuv_control_msgs -- -j16 -l16
[0.777s] [  0%] Built target uuv_control_msgs__cpp
[0.819s] [ 12%] Built target uuv_control_msgs__rosidl_generator_c
[0.840s] [ 12%] Built target ament_cmake_python_copy_uuv_control_msgs
[0.890s] [ 24%] Built target uuv_control_msgs__rosidl_typesupport_cpp
[0.967s] [ 36%] Built target uuv_control_msgs__rosidl_typesupport_fastrtps_cpp
[0.986s] [ 48%] Built target uuv_control_msgs__rosidl_typesupport_fastrtps_c
[0.996s] [ 61%] Built target uuv_control_msgs__rosidl_typesupport_introspection_c
[1.015s] [ 74%] Built target uuv_control_msgs__rosidl_typesupport_introspection_cpp
[1.031s] [ 86%] Built target uuv_control_msgs__rosidl_typesupport_c
[1.114s] [ 86%] Built target uuv_control_msgs
[1.169s] [ 86%] Built target uuv_control_msgs__py
[1.301s] [ 98%] Built target uuv_control_msgs__rosidl_generator_py
[1.352s] [ 99%] Built target uuv_control_msgs__rosidl_typesupport_fastrtps_c__pyext
[1.381s] [ 99%] Built target uuv_control_msgs__rosidl_typesupport_introspection_c__pyext
[1.384s] [100%] Built target uuv_control_msgs__rosidl_typesupport_c__pyext
[1.416s] running egg_info
[1.416s] writing uuv_control_msgs.egg-info/PKG-INFO
[1.417s] writing dependency_links to uuv_control_msgs.egg-info/dependency_links.txt
[1.417s] writing top-level names to uuv_control_msgs.egg-info/top_level.txt
[1.425s] reading manifest file 'uuv_control_msgs.egg-info/SOURCES.txt'
[1.428s] writing manifest file 'uuv_control_msgs.egg-info/SOURCES.txt'
[1.491s] [100%] Built target ament_cmake_python_build_uuv_control_msgs_egg
[1.734s] Invoked command in '/home/sunny/catkin_ws/build/uuv_control_msgs' returned '0': CMAKE_PREFIX_PATH=${CMAKE_PREFIX_PATH}:/home/sunny/catkin_ws/install/beluga_adapter:/opt/ros/humble /usr/bin/cmake --build /home/sunny/catkin_ws/build/uuv_control_msgs -- -j16 -l16
