[0.075s] Invoking command in '/home/sunny/catkin_ws/build/turtlesim': CMAKE_PREFIX_PATH=${CMAKE_PREFIX_PATH}:/opt/ros/humble /usr/bin/cmake /home/sunny/catkin_ws/src/ros_tutorials/turtlesim -DCMAKE_INSTALL_PREFIX=/home/sunny/catkin_ws/install/turtlesim
[0.138s] -- The C compiler identification is GNU 11.4.0
[0.183s] -- The CXX compiler identification is GNU 11.4.0
[0.189s] -- Detecting C compiler ABI info
[0.249s] -- Detecting C compiler ABI info - done
[0.255s] -- Check for working C compiler: /usr/bin/cc - skipped
[0.255s] -- Detecting C compile features
[0.255s] -- Detecting C compile features - done
[0.258s] -- Detecting CXX compiler ABI info
[0.328s] -- Detecting CXX compiler ABI info - done
[0.333s] -- Check for working CXX compiler: /usr/bin/c++ - skipped
[0.333s] -- Detecting CXX compile features
[0.334s] -- Detecting CXX compile features - done
[0.336s] -- Found ament_cmake: 1.3.6 (/opt/ros/humble/share/ament_cmake/cmake)
[0.473s] -- Found Python3: /usr/bin/python3.10 (found version "3.10.12") found components: Interpreter 
[0.548s] -- Found ament_index_cpp: 1.4.0 (/opt/ros/humble/share/ament_index_cpp/cmake)
[0.550s] -- Found geometry_msgs: 4.2.3 (/opt/ros/humble/share/geometry_msgs/cmake)
[0.585s] -- Found rosidl_generator_c: 3.1.5 (/opt/ros/humble/share/rosidl_generator_c/cmake)
[0.590s] -- Found rosidl_adapter: 3.1.5 (/opt/ros/humble/share/rosidl_adapter/cmake)
[0.598s] -- Found rosidl_generator_cpp: 3.1.5 (/opt/ros/humble/share/rosidl_generator_cpp/cmake)
[0.609s] -- Using all available rosidl_typesupport_c: rosidl_typesupport_fastrtps_c;rosidl_typesupport_introspection_c
[0.626s] -- Using all available rosidl_typesupport_cpp: rosidl_typesupport_fastrtps_cpp;rosidl_typesupport_introspection_cpp
[0.729s] -- Found rclcpp: 16.0.7 (/opt/ros/humble/share/rclcpp/cmake)
[0.780s] -- Found rmw_implementation_cmake: 6.1.1 (/opt/ros/humble/share/rmw_implementation_cmake/cmake)
[0.783s] -- Found rmw_fastrtps_cpp: 6.2.5 (/opt/ros/humble/share/rmw_fastrtps_cpp/cmake)
[0.881s] -- Found OpenSSL: /usr/lib/x86_64-linux-gnu/libcrypto.so (found version "3.0.2")  
[0.910s] -- Found FastRTPS: /opt/ros/humble/include  
[0.958s] -- Using RMW implementation 'rmw_fastrtps_cpp' as default
[0.967s] -- Looking for pthread.h
[1.034s] -- Looking for pthread.h - found
[1.034s] -- Performing Test CMAKE_HAVE_LIBC_PTHREAD
[1.100s] -- Performing Test CMAKE_HAVE_LIBC_PTHREAD - Success
[1.101s] -- Found Threads: TRUE  
[1.197s] -- Found rclcpp_action: 16.0.7 (/opt/ros/humble/share/rclcpp_action/cmake)
[1.269s] -- Found rosidl_default_generators: 1.2.0 (/opt/ros/humble/share/rosidl_default_generators/cmake)
[1.278s] -- Found std_srvs: 4.2.3 (/opt/ros/humble/share/std_srvs/cmake)
[1.529s] -- Found ament_cmake_ros: 0.10.0 (/opt/ros/humble/share/ament_cmake_ros/cmake)
[1.777s] -- Using all available rosidl_typesupport_c: rosidl_typesupport_fastrtps_c;rosidl_typesupport_introspection_c
[1.874s] -- Using all available rosidl_typesupport_cpp: rosidl_typesupport_fastrtps_cpp;rosidl_typesupport_introspection_cpp
[1.891s] -- Found PythonInterp: /usr/bin/python3 (found suitable version "3.10.12", minimum required is "3.6") 
[1.893s] -- Found python_cmake_module: 0.10.0 (/opt/ros/humble/share/python_cmake_module/cmake)
[1.913s] -- Found PythonLibs: /usr/lib/x86_64-linux-gnu/libpython3.10.so (found suitable version "3.10.12", minimum required is "3.5") 
[1.913s] -- Using PYTHON_EXECUTABLE: /usr/bin/python3
[1.914s] -- Using PYTHON_INCLUDE_DIRS: /usr/include/python3.10
[1.914s] -- Using PYTHON_LIBRARIES: /usr/lib/x86_64-linux-gnu/libpython3.10.so
[1.930s] -- Found PythonExtra: .so  
[1.972s] -- Configuring done
[2.024s] -- Generating done
[2.027s] -- Build files have been written to: /home/sunny/catkin_ws/build/turtlesim
[2.040s] Invoked command in '/home/sunny/catkin_ws/build/turtlesim' returned '0': CMAKE_PREFIX_PATH=${CMAKE_PREFIX_PATH}:/opt/ros/humble /usr/bin/cmake /home/sunny/catkin_ws/src/ros_tutorials/turtlesim -DCMAKE_INSTALL_PREFIX=/home/sunny/catkin_ws/install/turtlesim
[2.041s] Invoking command in '/home/sunny/catkin_ws/build/turtlesim': CMAKE_PREFIX_PATH=${CMAKE_PREFIX_PATH}:/opt/ros/humble /usr/bin/cmake --build /home/sunny/catkin_ws/build/turtlesim -- -j16 -l16
[2.081s] [  1%] [34m[1mGenerating C code for ROS interfaces[0m
[2.090s] [  2%] [34m[1mGenerating C++ code for ROS interfaces[0m
[2.098s] [  2%] Built target ament_cmake_python_copy_turtlesim
[2.301s] running egg_info
[2.301s] creating turtlesim.egg-info
[2.301s] writing turtlesim.egg-info/PKG-INFO
[2.302s] writing dependency_links to turtlesim.egg-info/dependency_links.txt
[2.302s] writing top-level names to turtlesim.egg-info/top_level.txt
[2.302s] writing manifest file 'turtlesim.egg-info/SOURCES.txt'
[2.304s] reading manifest file 'turtlesim.egg-info/SOURCES.txt'
[2.304s] writing manifest file 'turtlesim.egg-info/SOURCES.txt'
[2.329s] [  2%] Built target ament_cmake_python_build_turtlesim_egg
[2.742s] [  2%] Built target turtlesim__cpp
[2.754s] [  3%] [34m[1mGenerating C++ introspection for ROS interfaces[0m
[2.755s] [  4%] [34m[1mGenerating C++ type support dispatch for ROS interfaces[0m
[2.755s] [  5%] [34m[1mGenerating C++ type support for eProsima Fast-RTPS[0m
[2.775s] [  8%] [32mBuilding C object CMakeFiles/turtlesim__rosidl_generator_c.dir/rosidl_generator_c/turtlesim/srv/detail/kill__functions.c.o[0m
[2.775s] [  8%] [32mBuilding C object CMakeFiles/turtlesim__rosidl_generator_c.dir/rosidl_generator_c/turtlesim/srv/detail/set_pen__functions.c.o[0m
[2.775s] [  8%] [32mBuilding C object CMakeFiles/turtlesim__rosidl_generator_c.dir/rosidl_generator_c/turtlesim/msg/detail/pose__functions.c.o[0m
[2.775s] [  9%] [32mBuilding C object CMakeFiles/turtlesim__rosidl_generator_c.dir/rosidl_generator_c/turtlesim/srv/detail/spawn__functions.c.o[0m
[2.776s] [ 10%] [32mBuilding C object CMakeFiles/turtlesim__rosidl_generator_c.dir/rosidl_generator_c/turtlesim/msg/detail/color__functions.c.o[0m
[2.776s] [ 12%] [32mBuilding C object CMakeFiles/turtlesim__rosidl_generator_c.dir/rosidl_generator_c/turtlesim/srv/detail/teleport_relative__functions.c.o[0m
[2.776s] [ 12%] [32mBuilding C object CMakeFiles/turtlesim__rosidl_generator_c.dir/rosidl_generator_c/turtlesim/action/detail/rotate_absolute__functions.c.o[0m
[2.777s] [ 13%] [32mBuilding C object CMakeFiles/turtlesim__rosidl_generator_c.dir/rosidl_generator_c/turtlesim/srv/detail/teleport_absolute__functions.c.o[0m
[2.877s] [ 14%] [32m[1mLinking C shared library libturtlesim__rosidl_generator_c.so[0m
[2.914s] [ 14%] Built target turtlesim__rosidl_generator_c
[2.923s] [ 17%] [34m[1mGenerating C type support for eProsima Fast-RTPS[0m
[2.924s] [ 17%] [34m[1mGenerating C type support dispatch for ROS interfaces[0m
[2.924s] [ 17%] [34m[1mGenerating C introspection for ROS interfaces[0m
[3.193s] [ 19%] [32mBuilding CXX object CMakeFiles/turtlesim__rosidl_typesupport_cpp.dir/rosidl_typesupport_cpp/turtlesim/msg/pose__type_support.cpp.o[0m
[3.193s] [ 19%] [32mBuilding CXX object CMakeFiles/turtlesim__rosidl_typesupport_cpp.dir/rosidl_typesupport_cpp/turtlesim/srv/kill__type_support.cpp.o[0m
[3.193s] [ 20%] [32mBuilding CXX object CMakeFiles/turtlesim__rosidl_typesupport_cpp.dir/rosidl_typesupport_cpp/turtlesim/srv/set_pen__type_support.cpp.o[0m
[3.193s] [ 21%] [32mBuilding CXX object CMakeFiles/turtlesim__rosidl_typesupport_cpp.dir/rosidl_typesupport_cpp/turtlesim/srv/spawn__type_support.cpp.o[0m
[3.193s] [ 22%] [32mBuilding CXX object CMakeFiles/turtlesim__rosidl_typesupport_cpp.dir/rosidl_typesupport_cpp/turtlesim/srv/teleport_absolute__type_support.cpp.o[0m
[3.194s] [ 23%] [32mBuilding CXX object CMakeFiles/turtlesim__rosidl_typesupport_cpp.dir/rosidl_typesupport_cpp/turtlesim/action/rotate_absolute__type_support.cpp.o[0m
[3.194s] [ 24%] [32mBuilding CXX object CMakeFiles/turtlesim__rosidl_typesupport_cpp.dir/rosidl_typesupport_cpp/turtlesim/srv/teleport_relative__type_support.cpp.o[0m
[3.195s] [ 25%] [32mBuilding CXX object CMakeFiles/turtlesim__rosidl_typesupport_cpp.dir/rosidl_typesupport_cpp/turtlesim/msg/color__type_support.cpp.o[0m
[3.343s] [ 26%] [32mBuilding CXX object CMakeFiles/turtlesim__rosidl_typesupport_introspection_cpp.dir/rosidl_typesupport_introspection_cpp/turtlesim/action/detail/rotate_absolute__type_support.cpp.o[0m
[3.346s] [ 27%] [32mBuilding CXX object CMakeFiles/turtlesim__rosidl_typesupport_introspection_cpp.dir/rosidl_typesupport_introspection_cpp/turtlesim/msg/detail/color__type_support.cpp.o[0m
[3.359s] [ 29%] [32mBuilding CXX object CMakeFiles/turtlesim__rosidl_typesupport_introspection_cpp.dir/rosidl_typesupport_introspection_cpp/turtlesim/msg/detail/pose__type_support.cpp.o[0m
[3.359s] [ 29%] [32mBuilding CXX object CMakeFiles/turtlesim__rosidl_typesupport_introspection_cpp.dir/rosidl_typesupport_introspection_cpp/turtlesim/srv/detail/kill__type_support.cpp.o[0m
[3.378s] [ 30%] [32mBuilding CXX object CMakeFiles/turtlesim__rosidl_typesupport_c.dir/rosidl_typesupport_c/turtlesim/action/rotate_absolute__type_support.cpp.o[0m
[3.464s] [ 31%] [32mBuilding CXX object CMakeFiles/turtlesim__rosidl_typesupport_c.dir/rosidl_typesupport_c/turtlesim/msg/color__type_support.cpp.o[0m
[3.505s] [ 32%] [32mBuilding CXX object CMakeFiles/turtlesim__rosidl_typesupport_c.dir/rosidl_typesupport_c/turtlesim/msg/pose__type_support.cpp.o[0m
[3.514s] [ 33%] [32mBuilding CXX object CMakeFiles/turtlesim__rosidl_typesupport_introspection_cpp.dir/rosidl_typesupport_introspection_cpp/turtlesim/srv/detail/set_pen__type_support.cpp.o[0m
[3.518s] [ 34%] [32mBuilding CXX object CMakeFiles/turtlesim__rosidl_typesupport_introspection_cpp.dir/rosidl_typesupport_introspection_cpp/turtlesim/srv/detail/spawn__type_support.cpp.o[0m
[3.546s] [ 35%] [32mBuilding CXX object CMakeFiles/turtlesim__rosidl_typesupport_c.dir/rosidl_typesupport_c/turtlesim/srv/kill__type_support.cpp.o[0m
[3.550s] [ 36%] [32mBuilding CXX object CMakeFiles/turtlesim__rosidl_typesupport_c.dir/rosidl_typesupport_c/turtlesim/srv/set_pen__type_support.cpp.o[0m
[3.552s] [ 37%] [32mBuilding CXX object CMakeFiles/turtlesim__rosidl_typesupport_c.dir/rosidl_typesupport_c/turtlesim/srv/spawn__type_support.cpp.o[0m
[3.561s] [ 38%] [32mBuilding CXX object CMakeFiles/turtlesim__rosidl_typesupport_c.dir/rosidl_typesupport_c/turtlesim/srv/teleport_absolute__type_support.cpp.o[0m
[3.563s] [ 39%] [32mBuilding CXX object CMakeFiles/turtlesim__rosidl_typesupport_c.dir/rosidl_typesupport_c/turtlesim/srv/teleport_relative__type_support.cpp.o[0m
[3.565s] [ 40%] [32mBuilding CXX object CMakeFiles/turtlesim__rosidl_typesupport_introspection_cpp.dir/rosidl_typesupport_introspection_cpp/turtlesim/srv/detail/teleport_absolute__type_support.cpp.o[0m
[3.591s] [ 41%] [32mBuilding CXX object CMakeFiles/turtlesim__rosidl_typesupport_introspection_cpp.dir/rosidl_typesupport_introspection_cpp/turtlesim/srv/detail/teleport_relative__type_support.cpp.o[0m
[3.601s] [ 43%] [32mBuilding CXX object CMakeFiles/turtlesim__rosidl_typesupport_fastrtps_cpp.dir/rosidl_typesupport_fastrtps_cpp/turtlesim/action/detail/dds_fastrtps/rotate_absolute__type_support.cpp.o[0m
[3.601s] [ 43%] [32mBuilding CXX object CMakeFiles/turtlesim__rosidl_typesupport_fastrtps_cpp.dir/rosidl_typesupport_fastrtps_cpp/turtlesim/msg/detail/dds_fastrtps/color__type_support.cpp.o[0m
[3.601s] [ 44%] [32mBuilding CXX object CMakeFiles/turtlesim__rosidl_typesupport_fastrtps_cpp.dir/rosidl_typesupport_fastrtps_cpp/turtlesim/msg/detail/dds_fastrtps/pose__type_support.cpp.o[0m
[3.607s] [ 45%] [32m[1mLinking CXX shared library libturtlesim__rosidl_typesupport_c.so[0m
[3.608s] [ 46%] [32mBuilding CXX object CMakeFiles/turtlesim__rosidl_typesupport_fastrtps_cpp.dir/rosidl_typesupport_fastrtps_cpp/turtlesim/srv/detail/dds_fastrtps/kill__type_support.cpp.o[0m
[3.683s] [ 46%] Built target turtlesim__rosidl_typesupport_c
[3.697s] [ 47%] [32mBuilding CXX object CMakeFiles/turtlesim__rosidl_typesupport_fastrtps_cpp.dir/rosidl_typesupport_fastrtps_cpp/turtlesim/srv/detail/dds_fastrtps/set_pen__type_support.cpp.o[0m
[3.784s] [ 48%] [32m[1mLinking CXX shared library libturtlesim__rosidl_typesupport_cpp.so[0m
[3.852s] [ 48%] Built target turtlesim__rosidl_typesupport_cpp
[3.852s] [ 49%] [32mBuilding C object CMakeFiles/turtlesim__rosidl_typesupport_introspection_c.dir/rosidl_typesupport_introspection_c/turtlesim/action/detail/rotate_absolute__type_support.c.o[0m
[3.860s] [ 50%] [32mBuilding C object CMakeFiles/turtlesim__rosidl_typesupport_introspection_c.dir/rosidl_typesupport_introspection_c/turtlesim/msg/detail/color__type_support.c.o[0m
[3.861s] [ 51%] [32mBuilding CXX object CMakeFiles/turtlesim__rosidl_typesupport_fastrtps_cpp.dir/rosidl_typesupport_fastrtps_cpp/turtlesim/srv/detail/dds_fastrtps/spawn__type_support.cpp.o[0m
[3.872s] [ 52%] [34m[1mGenerating include/turtlesim/moc_turtle_frame.cpp[0m
[3.875s] [ 53%] [32mBuilding C object CMakeFiles/turtlesim__rosidl_typesupport_introspection_c.dir/rosidl_typesupport_introspection_c/turtlesim/msg/detail/pose__type_support.c.o[0m
[3.908s] [ 54%] [32mBuilding CXX object CMakeFiles/turtlesim__rosidl_typesupport_fastrtps_cpp.dir/rosidl_typesupport_fastrtps_cpp/turtlesim/srv/detail/dds_fastrtps/teleport_absolute__type_support.cpp.o[0m
[3.929s] [ 55%] [32mBuilding C object CMakeFiles/turtlesim__rosidl_typesupport_introspection_c.dir/rosidl_typesupport_introspection_c/turtlesim/srv/detail/kill__type_support.c.o[0m
[3.933s] [ 56%] [32mBuilding CXX object CMakeFiles/turtlesim__rosidl_typesupport_fastrtps_c.dir/rosidl_typesupport_fastrtps_c/turtlesim/action/detail/rotate_absolute__type_support_c.cpp.o[0m
[3.941s] [ 57%] [32mBuilding CXX object CMakeFiles/turtlesim__rosidl_typesupport_fastrtps_c.dir/rosidl_typesupport_fastrtps_c/turtlesim/msg/detail/color__type_support_c.cpp.o[0m
[3.975s] [ 58%] [32mBuilding CXX object CMakeFiles/turtlesim_node.dir/src/turtlesim.cpp.o[0m
[3.984s] [ 59%] [32mBuilding C object CMakeFiles/turtlesim__rosidl_typesupport_introspection_c.dir/rosidl_typesupport_introspection_c/turtlesim/srv/detail/set_pen__type_support.c.o[0m
[4.035s] [ 60%] [32mBuilding CXX object CMakeFiles/turtlesim_node.dir/src/turtle.cpp.o[0m
[4.036s] [ 61%] [32mBuilding C object CMakeFiles/turtlesim__rosidl_typesupport_introspection_c.dir/rosidl_typesupport_introspection_c/turtlesim/srv/detail/spawn__type_support.c.o[0m
[4.047s] [ 62%] [32mBuilding CXX object CMakeFiles/turtlesim__rosidl_typesupport_fastrtps_c.dir/rosidl_typesupport_fastrtps_c/turtlesim/msg/detail/pose__type_support_c.cpp.o[0m
[4.076s] [ 63%] [32mBuilding CXX object CMakeFiles/turtlesim__rosidl_typesupport_fastrtps_c.dir/rosidl_typesupport_fastrtps_c/turtlesim/srv/detail/kill__type_support_c.cpp.o[0m
[4.095s] [ 64%] [32mBuilding C object CMakeFiles/turtlesim__rosidl_typesupport_introspection_c.dir/rosidl_typesupport_introspection_c/turtlesim/srv/detail/teleport_absolute__type_support.c.o[0m
[4.096s] [ 65%] [32mBuilding CXX object CMakeFiles/turtlesim__rosidl_typesupport_fastrtps_c.dir/rosidl_typesupport_fastrtps_c/turtlesim/srv/detail/set_pen__type_support_c.cpp.o[0m
[4.100s] [ 66%] [32mBuilding CXX object CMakeFiles/turtlesim__rosidl_typesupport_fastrtps_c.dir/rosidl_typesupport_fastrtps_c/turtlesim/srv/detail/spawn__type_support_c.cpp.o[0m
[4.141s] [ 67%] [32m[1mLinking CXX shared library libturtlesim__rosidl_typesupport_introspection_cpp.so[0m
[4.147s] [ 68%] [32mBuilding CXX object CMakeFiles/turtlesim__rosidl_typesupport_fastrtps_cpp.dir/rosidl_typesupport_fastrtps_cpp/turtlesim/srv/detail/dds_fastrtps/teleport_relative__type_support.cpp.o[0m
[4.149s] [ 69%] [32mBuilding C object CMakeFiles/turtlesim__rosidl_typesupport_introspection_c.dir/rosidl_typesupport_introspection_c/turtlesim/srv/detail/teleport_relative__type_support.c.o[0m
[4.159s] [ 70%] [32mBuilding CXX object CMakeFiles/turtlesim__rosidl_typesupport_fastrtps_c.dir/rosidl_typesupport_fastrtps_c/turtlesim/srv/detail/teleport_absolute__type_support_c.cpp.o[0m
[4.218s] [ 71%] [32m[1mLinking C shared library libturtlesim__rosidl_typesupport_introspection_c.so[0m
[4.238s] [ 72%] [32mBuilding CXX object CMakeFiles/turtlesim__rosidl_typesupport_fastrtps_c.dir/rosidl_typesupport_fastrtps_c/turtlesim/srv/detail/teleport_relative__type_support_c.cpp.o[0m
[4.272s] [ 72%] Built target turtlesim__rosidl_typesupport_introspection_c
[4.286s] [ 72%] Built target turtlesim__rosidl_typesupport_introspection_cpp
[4.318s] [ 73%] [32mBuilding CXX object CMakeFiles/turtle_teleop_key.dir/tutorials/teleop_turtle_key.cpp.o[0m
[4.322s] [ 74%] [32mBuilding CXX object CMakeFiles/draw_square.dir/tutorials/draw_square.cpp.o[0m
[4.370s] [ 75%] [32mBuilding CXX object CMakeFiles/mimic.dir/tutorials/mimic.cpp.o[0m
[4.387s] [ 76%] [32mBuilding CXX object CMakeFiles/turtlesim_node.dir/src/turtle_frame.cpp.o[0m
[4.398s] [ 77%] [32mBuilding CXX object CMakeFiles/turtlesim_node.dir/include/turtlesim/moc_turtle_frame.cpp.o[0m
[4.626s] [ 78%] [32m[1mLinking CXX shared library libturtlesim__rosidl_typesupport_fastrtps_cpp.so[0m
[4.635s] [ 79%] [32m[1mLinking CXX shared library libturtlesim__rosidl_typesupport_fastrtps_c.so[0m
[4.708s] [ 79%] Built target turtlesim__rosidl_typesupport_fastrtps_cpp
[4.718s] [ 79%] Built target turtlesim__rosidl_typesupport_fastrtps_c
[4.740s] [ 79%] Built target turtlesim
[4.763s] [ 80%] [34m[1mGenerating Python code for ROS interfaces[0m
[6.079s] [ 80%] Built target turtlesim__py
[6.102s] [ 86%] [32mBuilding C object CMakeFiles/turtlesim__rosidl_generator_py.dir/rosidl_generator_py/turtlesim/srv/_spawn_s.c.o[0m
[6.103s] [ 87%] [32mBuilding C object CMakeFiles/turtlesim__rosidl_generator_py.dir/rosidl_generator_py/turtlesim/srv/_kill_s.c.o[0m
[6.103s] [ 87%] [32mBuilding C object CMakeFiles/turtlesim__rosidl_generator_py.dir/rosidl_generator_py/turtlesim/srv/_set_pen_s.c.o[0m
[6.103s] [ 87%] [32mBuilding C object CMakeFiles/turtlesim__rosidl_generator_py.dir/rosidl_generator_py/turtlesim/srv/_teleport_relative_s.c.o[0m
[6.103s] [ 87%] [32mBuilding C object CMakeFiles/turtlesim__rosidl_generator_py.dir/rosidl_generator_py/turtlesim/msg/_pose_s.c.o[0m
[6.104s] [ 87%] [32mBuilding C object CMakeFiles/turtlesim__rosidl_generator_py.dir/rosidl_generator_py/turtlesim/action/_rotate_absolute_s.c.o[0m
[6.104s] [ 87%] [32mBuilding C object CMakeFiles/turtlesim__rosidl_generator_py.dir/rosidl_generator_py/turtlesim/msg/_color_s.c.o[0m
[6.105s] [ 88%] [32mBuilding C object CMakeFiles/turtlesim__rosidl_generator_py.dir/rosidl_generator_py/turtlesim/srv/_teleport_absolute_s.c.o[0m
[6.261s] [ 89%] [32m[1mLinking C shared library rosidl_generator_py/turtlesim/libturtlesim__rosidl_generator_py.so[0m
[6.302s] [ 89%] Built target turtlesim__rosidl_generator_py
[6.324s] [ 90%] [32mBuilding C object CMakeFiles/turtlesim__rosidl_typesupport_introspection_c__pyext.dir/rosidl_generator_py/turtlesim/_turtlesim_s.ep.rosidl_typesupport_introspection_c.c.o[0m
[6.325s] [ 91%] [32mBuilding C object CMakeFiles/turtlesim__rosidl_typesupport_fastrtps_c__pyext.dir/rosidl_generator_py/turtlesim/_turtlesim_s.ep.rosidl_typesupport_fastrtps_c.c.o[0m
[6.326s] [ 92%] [32mBuilding C object CMakeFiles/turtlesim__rosidl_typesupport_c__pyext.dir/rosidl_generator_py/turtlesim/_turtlesim_s.ep.rosidl_typesupport_c.c.o[0m
[6.464s] [ 93%] [32m[1mLinking C shared library rosidl_generator_py/turtlesim/turtlesim_s__rosidl_typesupport_introspection_c.cpython-310-x86_64-linux-gnu.so[0m
[6.506s] [ 93%] Built target turtlesim__rosidl_typesupport_introspection_c__pyext
[6.521s] [ 94%] [32m[1mLinking C shared library rosidl_generator_py/turtlesim/turtlesim_s__rosidl_typesupport_c.cpython-310-x86_64-linux-gnu.so[0m
[6.544s] [ 95%] [32m[1mLinking C shared library rosidl_generator_py/turtlesim/turtlesim_s__rosidl_typesupport_fastrtps_c.cpython-310-x86_64-linux-gnu.so[0m
[6.564s] [ 95%] Built target turtlesim__rosidl_typesupport_c__pyext
[6.599s] [ 95%] Built target turtlesim__rosidl_typesupport_fastrtps_c__pyext
[9.481s] [ 96%] [32m[1mLinking CXX executable turtle_teleop_key[0m
[9.687s] [ 96%] Built target turtle_teleop_key
[11.579s] [ 97%] [32m[1mLinking CXX executable mimic[0m
[11.897s] [ 97%] Built target mimic
[11.983s] [ 98%] [32m[1mLinking CXX executable draw_square[0m
[12.324s] [ 98%] Built target draw_square
[14.307s] [100%] [32m[1mLinking CXX executable turtlesim_node[0m
[15.871s] [100%] Built target turtlesim_node
[15.885s] Invoked command in '/home/sunny/catkin_ws/build/turtlesim' returned '0': CMAKE_PREFIX_PATH=${CMAKE_PREFIX_PATH}:/opt/ros/humble /usr/bin/cmake --build /home/sunny/catkin_ws/build/turtlesim -- -j16 -l16
[16.107s] Invoking command in '/home/sunny/catkin_ws/build/turtlesim': CMAKE_PREFIX_PATH=${CMAKE_PREFIX_PATH}:/opt/ros/humble /usr/bin/cmake --install /home/sunny/catkin_ws/build/turtlesim
[16.115s] -- Install configuration: ""
[16.115s] -- Installing: /home/sunny/catkin_ws/install/turtlesim/share/ament_index/resource_index/rosidl_interfaces/turtlesim
[16.115s] -- Installing: /home/sunny/catkin_ws/install/turtlesim/include/turtlesim/turtlesim
[16.115s] -- Installing: /home/sunny/catkin_ws/install/turtlesim/include/turtlesim/turtlesim/srv
[16.115s] -- Installing: /home/sunny/catkin_ws/install/turtlesim/include/turtlesim/turtlesim/srv/set_pen.h
[16.115s] -- Installing: /home/sunny/catkin_ws/install/turtlesim/include/turtlesim/turtlesim/srv/teleport_relative.h
[16.115s] -- Installing: /home/sunny/catkin_ws/install/turtlesim/include/turtlesim/turtlesim/srv/detail
[16.116s] -- Installing: /home/sunny/catkin_ws/install/turtlesim/include/turtlesim/turtlesim/srv/detail/spawn__functions.h
[16.116s] -- Installing: /home/sunny/catkin_ws/install/turtlesim/include/turtlesim/turtlesim/srv/detail/kill__type_support.h
[16.116s] -- Installing: /home/sunny/catkin_ws/install/turtlesim/include/turtlesim/turtlesim/srv/detail/teleport_absolute__struct.h
[16.116s] -- Installing: /home/sunny/catkin_ws/install/turtlesim/include/turtlesim/turtlesim/srv/detail/set_pen__functions.h
[16.116s] -- Installing: /home/sunny/catkin_ws/install/turtlesim/include/turtlesim/turtlesim/srv/detail/kill__struct.h
[16.116s] -- Installing: /home/sunny/catkin_ws/install/turtlesim/include/turtlesim/turtlesim/srv/detail/spawn__functions.c
[16.116s] -- Installing: /home/sunny/catkin_ws/install/turtlesim/include/turtlesim/turtlesim/srv/detail/kill__functions.c
[16.116s] -- Installing: /home/sunny/catkin_ws/install/turtlesim/include/turtlesim/turtlesim/srv/detail/teleport_relative__struct.h
[16.116s] -- Installing: /home/sunny/catkin_ws/install/turtlesim/include/turtlesim/turtlesim/srv/detail/spawn__type_support.h
[16.117s] -- Installing: /home/sunny/catkin_ws/install/turtlesim/include/turtlesim/turtlesim/srv/detail/teleport_absolute__type_support.h
[16.117s] -- Installing: /home/sunny/catkin_ws/install/turtlesim/include/turtlesim/turtlesim/srv/detail/set_pen__functions.c
[16.117s] -- Installing: /home/sunny/catkin_ws/install/turtlesim/include/turtlesim/turtlesim/srv/detail/teleport_relative__type_support.h
[16.117s] -- Installing: /home/sunny/catkin_ws/install/turtlesim/include/turtlesim/turtlesim/srv/detail/teleport_relative__functions.h
[16.117s] -- Installing: /home/sunny/catkin_ws/install/turtlesim/include/turtlesim/turtlesim/srv/detail/spawn__struct.h
[16.117s] -- Installing: /home/sunny/catkin_ws/install/turtlesim/include/turtlesim/turtlesim/srv/detail/teleport_relative__functions.c
[16.117s] -- Installing: /home/sunny/catkin_ws/install/turtlesim/include/turtlesim/turtlesim/srv/detail/set_pen__type_support.h
[16.117s] -- Installing: /home/sunny/catkin_ws/install/turtlesim/include/turtlesim/turtlesim/srv/detail/kill__functions.h
[16.118s] -- Installing: /home/sunny/catkin_ws/install/turtlesim/include/turtlesim/turtlesim/srv/detail/teleport_absolute__functions.h
[16.118s] -- Installing: /home/sunny/catkin_ws/install/turtlesim/include/turtlesim/turtlesim/srv/detail/teleport_absolute__functions.c
[16.118s] -- Installing: /home/sunny/catkin_ws/install/turtlesim/include/turtlesim/turtlesim/srv/detail/set_pen__struct.h
[16.118s] -- Installing: /home/sunny/catkin_ws/install/turtlesim/include/turtlesim/turtlesim/srv/spawn.h
[16.118s] -- Installing: /home/sunny/catkin_ws/install/turtlesim/include/turtlesim/turtlesim/srv/teleport_absolute.h
[16.118s] -- Installing: /home/sunny/catkin_ws/install/turtlesim/include/turtlesim/turtlesim/srv/kill.h
[16.118s] -- Installing: /home/sunny/catkin_ws/install/turtlesim/include/turtlesim/turtlesim/action
[16.118s] -- Installing: /home/sunny/catkin_ws/install/turtlesim/include/turtlesim/turtlesim/action/rotate_absolute.h
[16.118s] -- Installing: /home/sunny/catkin_ws/install/turtlesim/include/turtlesim/turtlesim/action/detail
[16.118s] -- Installing: /home/sunny/catkin_ws/install/turtlesim/include/turtlesim/turtlesim/action/detail/rotate_absolute__struct.h
[16.119s] -- Installing: /home/sunny/catkin_ws/install/turtlesim/include/turtlesim/turtlesim/action/detail/rotate_absolute__type_support.h
[16.119s] -- Installing: /home/sunny/catkin_ws/install/turtlesim/include/turtlesim/turtlesim/action/detail/rotate_absolute__functions.c
[16.119s] -- Installing: /home/sunny/catkin_ws/install/turtlesim/include/turtlesim/turtlesim/action/detail/rotate_absolute__functions.h
[16.119s] -- Installing: /home/sunny/catkin_ws/install/turtlesim/include/turtlesim/turtlesim/msg
[16.119s] -- Installing: /home/sunny/catkin_ws/install/turtlesim/include/turtlesim/turtlesim/msg/detail
[16.119s] -- Installing: /home/sunny/catkin_ws/install/turtlesim/include/turtlesim/turtlesim/msg/detail/color__struct.h
[16.119s] -- Installing: /home/sunny/catkin_ws/install/turtlesim/include/turtlesim/turtlesim/msg/detail/pose__struct.h
[16.119s] -- Installing: /home/sunny/catkin_ws/install/turtlesim/include/turtlesim/turtlesim/msg/detail/color__type_support.h
[16.119s] -- Installing: /home/sunny/catkin_ws/install/turtlesim/include/turtlesim/turtlesim/msg/detail/color__functions.h
[16.120s] -- Installing: /home/sunny/catkin_ws/install/turtlesim/include/turtlesim/turtlesim/msg/detail/color__functions.c
[16.120s] -- Installing: /home/sunny/catkin_ws/install/turtlesim/include/turtlesim/turtlesim/msg/detail/pose__functions.h
[16.120s] -- Installing: /home/sunny/catkin_ws/install/turtlesim/include/turtlesim/turtlesim/msg/detail/pose__functions.c
[16.120s] -- Installing: /home/sunny/catkin_ws/install/turtlesim/include/turtlesim/turtlesim/msg/detail/pose__type_support.h
[16.120s] -- Installing: /home/sunny/catkin_ws/install/turtlesim/include/turtlesim/turtlesim/msg/rosidl_generator_c__visibility_control.h
[16.120s] -- Installing: /home/sunny/catkin_ws/install/turtlesim/include/turtlesim/turtlesim/msg/pose.h
[16.120s] -- Installing: /home/sunny/catkin_ws/install/turtlesim/include/turtlesim/turtlesim/msg/color.h
[16.121s] -- Installing: /home/sunny/catkin_ws/install/turtlesim/share/turtlesim/environment/library_path.sh
[16.121s] -- Installing: /home/sunny/catkin_ws/install/turtlesim/share/turtlesim/environment/library_path.dsv
[16.121s] -- Installing: /home/sunny/catkin_ws/install/turtlesim/lib/libturtlesim__rosidl_generator_c.so
[16.121s] -- Set runtime path of "/home/sunny/catkin_ws/install/turtlesim/lib/libturtlesim__rosidl_generator_c.so" to ""
[16.121s] -- Up-to-date: /home/sunny/catkin_ws/install/turtlesim/include/turtlesim/turtlesim
[16.122s] -- Up-to-date: /home/sunny/catkin_ws/install/turtlesim/include/turtlesim/turtlesim/srv
[16.122s] -- Up-to-date: /home/sunny/catkin_ws/install/turtlesim/include/turtlesim/turtlesim/srv/detail
[16.122s] -- Installing: /home/sunny/catkin_ws/install/turtlesim/include/turtlesim/turtlesim/srv/detail/spawn__rosidl_typesupport_fastrtps_c.h
[16.122s] -- Installing: /home/sunny/catkin_ws/install/turtlesim/include/turtlesim/turtlesim/srv/detail/teleport_absolute__rosidl_typesupport_fastrtps_c.h
[16.122s] -- Installing: /home/sunny/catkin_ws/install/turtlesim/include/turtlesim/turtlesim/srv/detail/set_pen__rosidl_typesupport_fastrtps_c.h
[16.122s] -- Installing: /home/sunny/catkin_ws/install/turtlesim/include/turtlesim/turtlesim/srv/detail/teleport_relative__rosidl_typesupport_fastrtps_c.h
[16.122s] -- Installing: /home/sunny/catkin_ws/install/turtlesim/include/turtlesim/turtlesim/srv/detail/kill__rosidl_typesupport_fastrtps_c.h
[16.122s] -- Up-to-date: /home/sunny/catkin_ws/install/turtlesim/include/turtlesim/turtlesim/action
[16.122s] -- Up-to-date: /home/sunny/catkin_ws/install/turtlesim/include/turtlesim/turtlesim/action/detail
[16.122s] -- Installing: /home/sunny/catkin_ws/install/turtlesim/include/turtlesim/turtlesim/action/detail/rotate_absolute__rosidl_typesupport_fastrtps_c.h
[16.122s] -- Up-to-date: /home/sunny/catkin_ws/install/turtlesim/include/turtlesim/turtlesim/msg
[16.122s] -- Up-to-date: /home/sunny/catkin_ws/install/turtlesim/include/turtlesim/turtlesim/msg/detail
[16.122s] -- Installing: /home/sunny/catkin_ws/install/turtlesim/include/turtlesim/turtlesim/msg/detail/pose__rosidl_typesupport_fastrtps_c.h
[16.123s] -- Installing: /home/sunny/catkin_ws/install/turtlesim/include/turtlesim/turtlesim/msg/detail/color__rosidl_typesupport_fastrtps_c.h
[16.123s] -- Installing: /home/sunny/catkin_ws/install/turtlesim/include/turtlesim/turtlesim/msg/rosidl_typesupport_fastrtps_c__visibility_control.h
[16.123s] -- Installing: /home/sunny/catkin_ws/install/turtlesim/lib/libturtlesim__rosidl_typesupport_fastrtps_c.so
[16.123s] -- Set runtime path of "/home/sunny/catkin_ws/install/turtlesim/lib/libturtlesim__rosidl_typesupport_fastrtps_c.so" to ""
[16.123s] -- Up-to-date: /home/sunny/catkin_ws/install/turtlesim/include/turtlesim/turtlesim
[16.123s] -- Up-to-date: /home/sunny/catkin_ws/install/turtlesim/include/turtlesim/turtlesim/srv
[16.123s] -- Installing: /home/sunny/catkin_ws/install/turtlesim/include/turtlesim/turtlesim/srv/teleport_absolute.hpp
[16.123s] -- Up-to-date: /home/sunny/catkin_ws/install/turtlesim/include/turtlesim/turtlesim/srv/detail
[16.123s] -- Installing: /home/sunny/catkin_ws/install/turtlesim/include/turtlesim/turtlesim/srv/detail/teleport_relative__traits.hpp
[16.123s] -- Installing: /home/sunny/catkin_ws/install/turtlesim/include/turtlesim/turtlesim/srv/detail/set_pen__builder.hpp
[16.124s] -- Installing: /home/sunny/catkin_ws/install/turtlesim/include/turtlesim/turtlesim/srv/detail/kill__traits.hpp
[16.124s] -- Installing: /home/sunny/catkin_ws/install/turtlesim/include/turtlesim/turtlesim/srv/detail/kill__builder.hpp
[16.124s] -- Installing: /home/sunny/catkin_ws/install/turtlesim/include/turtlesim/turtlesim/srv/detail/set_pen__struct.hpp
[16.124s] -- Installing: /home/sunny/catkin_ws/install/turtlesim/include/turtlesim/turtlesim/srv/detail/teleport_absolute__builder.hpp
[16.124s] -- Installing: /home/sunny/catkin_ws/install/turtlesim/include/turtlesim/turtlesim/srv/detail/spawn__struct.hpp
[16.124s] -- Installing: /home/sunny/catkin_ws/install/turtlesim/include/turtlesim/turtlesim/srv/detail/teleport_absolute__traits.hpp
[16.124s] -- Installing: /home/sunny/catkin_ws/install/turtlesim/include/turtlesim/turtlesim/srv/detail/spawn__builder.hpp
[16.124s] -- Installing: /home/sunny/catkin_ws/install/turtlesim/include/turtlesim/turtlesim/srv/detail/set_pen__traits.hpp
[16.124s] -- Installing: /home/sunny/catkin_ws/install/turtlesim/include/turtlesim/turtlesim/srv/detail/kill__struct.hpp
[16.124s] -- Installing: /home/sunny/catkin_ws/install/turtlesim/include/turtlesim/turtlesim/srv/detail/teleport_relative__struct.hpp
[16.125s] -- Installing: /home/sunny/catkin_ws/install/turtlesim/include/turtlesim/turtlesim/srv/detail/teleport_absolute__struct.hpp
[16.125s] -- Installing: /home/sunny/catkin_ws/install/turtlesim/include/turtlesim/turtlesim/srv/detail/teleport_relative__builder.hpp
[16.125s] -- Installing: /home/sunny/catkin_ws/install/turtlesim/include/turtlesim/turtlesim/srv/detail/spawn__traits.hpp
[16.125s] -- Installing: /home/sunny/catkin_ws/install/turtlesim/include/turtlesim/turtlesim/srv/spawn.hpp
[16.125s] -- Installing: /home/sunny/catkin_ws/install/turtlesim/include/turtlesim/turtlesim/srv/kill.hpp
[16.125s] -- Installing: /home/sunny/catkin_ws/install/turtlesim/include/turtlesim/turtlesim/srv/set_pen.hpp
[16.125s] -- Installing: /home/sunny/catkin_ws/install/turtlesim/include/turtlesim/turtlesim/srv/teleport_relative.hpp
[16.125s] -- Up-to-date: /home/sunny/catkin_ws/install/turtlesim/include/turtlesim/turtlesim/action
[16.125s] -- Up-to-date: /home/sunny/catkin_ws/install/turtlesim/include/turtlesim/turtlesim/action/detail
[16.126s] -- Installing: /home/sunny/catkin_ws/install/turtlesim/include/turtlesim/turtlesim/action/detail/rotate_absolute__struct.hpp
[16.126s] -- Installing: /home/sunny/catkin_ws/install/turtlesim/include/turtlesim/turtlesim/action/detail/rotate_absolute__traits.hpp
[16.126s] -- Installing: /home/sunny/catkin_ws/install/turtlesim/include/turtlesim/turtlesim/action/detail/rotate_absolute__builder.hpp
[16.126s] -- Installing: /home/sunny/catkin_ws/install/turtlesim/include/turtlesim/turtlesim/action/rotate_absolute.hpp
[16.126s] -- Up-to-date: /home/sunny/catkin_ws/install/turtlesim/include/turtlesim/turtlesim/msg
[16.126s] -- Installing: /home/sunny/catkin_ws/install/turtlesim/include/turtlesim/turtlesim/msg/color.hpp
[16.126s] -- Installing: /home/sunny/catkin_ws/install/turtlesim/include/turtlesim/turtlesim/msg/pose.hpp
[16.126s] -- Up-to-date: /home/sunny/catkin_ws/install/turtlesim/include/turtlesim/turtlesim/msg/detail
[16.126s] -- Installing: /home/sunny/catkin_ws/install/turtlesim/include/turtlesim/turtlesim/msg/detail/color__traits.hpp
[16.126s] -- Installing: /home/sunny/catkin_ws/install/turtlesim/include/turtlesim/turtlesim/msg/detail/pose__traits.hpp
[16.126s] -- Installing: /home/sunny/catkin_ws/install/turtlesim/include/turtlesim/turtlesim/msg/detail/pose__struct.hpp
[16.127s] -- Installing: /home/sunny/catkin_ws/install/turtlesim/include/turtlesim/turtlesim/msg/detail/color__struct.hpp
[16.127s] -- Installing: /home/sunny/catkin_ws/install/turtlesim/include/turtlesim/turtlesim/msg/detail/color__builder.hpp
[16.127s] -- Installing: /home/sunny/catkin_ws/install/turtlesim/include/turtlesim/turtlesim/msg/detail/pose__builder.hpp
[16.127s] -- Up-to-date: /home/sunny/catkin_ws/install/turtlesim/include/turtlesim/turtlesim
[16.127s] -- Up-to-date: /home/sunny/catkin_ws/install/turtlesim/include/turtlesim/turtlesim/srv
[16.127s] -- Up-to-date: /home/sunny/catkin_ws/install/turtlesim/include/turtlesim/turtlesim/srv/detail
[16.127s] -- Installing: /home/sunny/catkin_ws/install/turtlesim/include/turtlesim/turtlesim/srv/detail/teleport_absolute__rosidl_typesupport_fastrtps_cpp.hpp
[16.127s] -- Installing: /home/sunny/catkin_ws/install/turtlesim/include/turtlesim/turtlesim/srv/detail/spawn__rosidl_typesupport_fastrtps_cpp.hpp
[16.127s] -- Installing: /home/sunny/catkin_ws/install/turtlesim/include/turtlesim/turtlesim/srv/detail/kill__rosidl_typesupport_fastrtps_cpp.hpp
[16.127s] -- Installing: /home/sunny/catkin_ws/install/turtlesim/include/turtlesim/turtlesim/srv/detail/set_pen__rosidl_typesupport_fastrtps_cpp.hpp
[16.127s] -- Installing: /home/sunny/catkin_ws/install/turtlesim/include/turtlesim/turtlesim/srv/detail/dds_fastrtps
[16.128s] -- Installing: /home/sunny/catkin_ws/install/turtlesim/include/turtlesim/turtlesim/srv/detail/teleport_relative__rosidl_typesupport_fastrtps_cpp.hpp
[16.128s] -- Up-to-date: /home/sunny/catkin_ws/install/turtlesim/include/turtlesim/turtlesim/action
[16.128s] -- Up-to-date: /home/sunny/catkin_ws/install/turtlesim/include/turtlesim/turtlesim/action/detail
[16.128s] -- Installing: /home/sunny/catkin_ws/install/turtlesim/include/turtlesim/turtlesim/action/detail/rotate_absolute__rosidl_typesupport_fastrtps_cpp.hpp
[16.128s] -- Installing: /home/sunny/catkin_ws/install/turtlesim/include/turtlesim/turtlesim/action/detail/dds_fastrtps
[16.128s] -- Up-to-date: /home/sunny/catkin_ws/install/turtlesim/include/turtlesim/turtlesim/msg
[16.128s] -- Up-to-date: /home/sunny/catkin_ws/install/turtlesim/include/turtlesim/turtlesim/msg/detail
[16.128s] -- Installing: /home/sunny/catkin_ws/install/turtlesim/include/turtlesim/turtlesim/msg/detail/pose__rosidl_typesupport_fastrtps_cpp.hpp
[16.128s] -- Installing: /home/sunny/catkin_ws/install/turtlesim/include/turtlesim/turtlesim/msg/detail/color__rosidl_typesupport_fastrtps_cpp.hpp
[16.128s] -- Installing: /home/sunny/catkin_ws/install/turtlesim/include/turtlesim/turtlesim/msg/detail/dds_fastrtps
[16.128s] -- Installing: /home/sunny/catkin_ws/install/turtlesim/include/turtlesim/turtlesim/msg/rosidl_typesupport_fastrtps_cpp__visibility_control.h
[16.128s] -- Installing: /home/sunny/catkin_ws/install/turtlesim/lib/libturtlesim__rosidl_typesupport_fastrtps_cpp.so
[16.129s] -- Set runtime path of "/home/sunny/catkin_ws/install/turtlesim/lib/libturtlesim__rosidl_typesupport_fastrtps_cpp.so" to ""
[16.129s] -- Up-to-date: /home/sunny/catkin_ws/install/turtlesim/include/turtlesim/turtlesim
[16.129s] -- Up-to-date: /home/sunny/catkin_ws/install/turtlesim/include/turtlesim/turtlesim/srv
[16.129s] -- Up-to-date: /home/sunny/catkin_ws/install/turtlesim/include/turtlesim/turtlesim/srv/detail
[16.129s] -- Installing: /home/sunny/catkin_ws/install/turtlesim/include/turtlesim/turtlesim/srv/detail/teleport_relative__type_support.c
[16.129s] -- Installing: /home/sunny/catkin_ws/install/turtlesim/include/turtlesim/turtlesim/srv/detail/spawn__type_support.c
[16.129s] -- Installing: /home/sunny/catkin_ws/install/turtlesim/include/turtlesim/turtlesim/srv/detail/spawn__rosidl_typesupport_introspection_c.h
[16.130s] -- Installing: /home/sunny/catkin_ws/install/turtlesim/include/turtlesim/turtlesim/srv/detail/teleport_absolute__rosidl_typesupport_introspection_c.h
[16.130s] -- Installing: /home/sunny/catkin_ws/install/turtlesim/include/turtlesim/turtlesim/srv/detail/teleport_absolute__type_support.c
[16.130s] -- Installing: /home/sunny/catkin_ws/install/turtlesim/include/turtlesim/turtlesim/srv/detail/teleport_relative__rosidl_typesupport_introspection_c.h
[16.130s] -- Installing: /home/sunny/catkin_ws/install/turtlesim/include/turtlesim/turtlesim/srv/detail/set_pen__rosidl_typesupport_introspection_c.h
[16.130s] -- Installing: /home/sunny/catkin_ws/install/turtlesim/include/turtlesim/turtlesim/srv/detail/kill__type_support.c
[16.130s] -- Installing: /home/sunny/catkin_ws/install/turtlesim/include/turtlesim/turtlesim/srv/detail/set_pen__type_support.c
[16.130s] -- Installing: /home/sunny/catkin_ws/install/turtlesim/include/turtlesim/turtlesim/srv/detail/kill__rosidl_typesupport_introspection_c.h
[16.130s] -- Up-to-date: /home/sunny/catkin_ws/install/turtlesim/include/turtlesim/turtlesim/action
[16.130s] -- Up-to-date: /home/sunny/catkin_ws/install/turtlesim/include/turtlesim/turtlesim/action/detail
[16.130s] -- Installing: /home/sunny/catkin_ws/install/turtlesim/include/turtlesim/turtlesim/action/detail/rotate_absolute__rosidl_typesupport_introspection_c.h
[16.131s] -- Installing: /home/sunny/catkin_ws/install/turtlesim/include/turtlesim/turtlesim/action/detail/rotate_absolute__type_support.c
[16.131s] -- Up-to-date: /home/sunny/catkin_ws/install/turtlesim/include/turtlesim/turtlesim/msg
[16.131s] -- Installing: /home/sunny/catkin_ws/install/turtlesim/include/turtlesim/turtlesim/msg/rosidl_typesupport_introspection_c__visibility_control.h
[16.131s] -- Up-to-date: /home/sunny/catkin_ws/install/turtlesim/include/turtlesim/turtlesim/msg/detail
[16.131s] -- Installing: /home/sunny/catkin_ws/install/turtlesim/include/turtlesim/turtlesim/msg/detail/pose__type_support.c
[16.131s] -- Installing: /home/sunny/catkin_ws/install/turtlesim/include/turtlesim/turtlesim/msg/detail/color__rosidl_typesupport_introspection_c.h
[16.131s] -- Installing: /home/sunny/catkin_ws/install/turtlesim/include/turtlesim/turtlesim/msg/detail/color__type_support.c
[16.131s] -- Installing: /home/sunny/catkin_ws/install/turtlesim/include/turtlesim/turtlesim/msg/detail/pose__rosidl_typesupport_introspection_c.h
[16.131s] -- Installing: /home/sunny/catkin_ws/install/turtlesim/lib/libturtlesim__rosidl_typesupport_introspection_c.so
[16.132s] -- Set runtime path of "/home/sunny/catkin_ws/install/turtlesim/lib/libturtlesim__rosidl_typesupport_introspection_c.so" to ""
[16.132s] -- Installing: /home/sunny/catkin_ws/install/turtlesim/lib/libturtlesim__rosidl_typesupport_c.so
[16.132s] -- Set runtime path of "/home/sunny/catkin_ws/install/turtlesim/lib/libturtlesim__rosidl_typesupport_c.so" to ""
[16.132s] -- Up-to-date: /home/sunny/catkin_ws/install/turtlesim/include/turtlesim/turtlesim
[16.132s] -- Up-to-date: /home/sunny/catkin_ws/install/turtlesim/include/turtlesim/turtlesim/srv
[16.133s] -- Up-to-date: /home/sunny/catkin_ws/install/turtlesim/include/turtlesim/turtlesim/srv/detail
[16.133s] -- Installing: /home/sunny/catkin_ws/install/turtlesim/include/turtlesim/turtlesim/srv/detail/set_pen__rosidl_typesupport_introspection_cpp.hpp
[16.133s] -- Installing: /home/sunny/catkin_ws/install/turtlesim/include/turtlesim/turtlesim/srv/detail/spawn__type_support.cpp
[16.133s] -- Installing: /home/sunny/catkin_ws/install/turtlesim/include/turtlesim/turtlesim/srv/detail/teleport_relative__type_support.cpp
[16.133s] -- Installing: /home/sunny/catkin_ws/install/turtlesim/include/turtlesim/turtlesim/srv/detail/teleport_absolute__rosidl_typesupport_introspection_cpp.hpp
[16.133s] -- Installing: /home/sunny/catkin_ws/install/turtlesim/include/turtlesim/turtlesim/srv/detail/set_pen__type_support.cpp
[16.133s] -- Installing: /home/sunny/catkin_ws/install/turtlesim/include/turtlesim/turtlesim/srv/detail/spawn__rosidl_typesupport_introspection_cpp.hpp
[16.133s] -- Installing: /home/sunny/catkin_ws/install/turtlesim/include/turtlesim/turtlesim/srv/detail/teleport_absolute__type_support.cpp
[16.133s] -- Installing: /home/sunny/catkin_ws/install/turtlesim/include/turtlesim/turtlesim/srv/detail/kill__type_support.cpp
[16.133s] -- Installing: /home/sunny/catkin_ws/install/turtlesim/include/turtlesim/turtlesim/srv/detail/teleport_relative__rosidl_typesupport_introspection_cpp.hpp
[16.133s] -- Installing: /home/sunny/catkin_ws/install/turtlesim/include/turtlesim/turtlesim/srv/detail/kill__rosidl_typesupport_introspection_cpp.hpp
[16.134s] -- Up-to-date: /home/sunny/catkin_ws/install/turtlesim/include/turtlesim/turtlesim/action
[16.134s] -- Up-to-date: /home/sunny/catkin_ws/install/turtlesim/include/turtlesim/turtlesim/action/detail
[16.134s] -- Installing: /home/sunny/catkin_ws/install/turtlesim/include/turtlesim/turtlesim/action/detail/rotate_absolute__type_support.cpp
[16.134s] -- Installing: /home/sunny/catkin_ws/install/turtlesim/include/turtlesim/turtlesim/action/detail/rotate_absolute__rosidl_typesupport_introspection_cpp.hpp
[16.134s] -- Up-to-date: /home/sunny/catkin_ws/install/turtlesim/include/turtlesim/turtlesim/msg
[16.134s] -- Up-to-date: /home/sunny/catkin_ws/install/turtlesim/include/turtlesim/turtlesim/msg/detail
[16.134s] -- Installing: /home/sunny/catkin_ws/install/turtlesim/include/turtlesim/turtlesim/msg/detail/color__type_support.cpp
[16.134s] -- Installing: /home/sunny/catkin_ws/install/turtlesim/include/turtlesim/turtlesim/msg/detail/pose__rosidl_typesupport_introspection_cpp.hpp
[16.134s] -- Installing: /home/sunny/catkin_ws/install/turtlesim/include/turtlesim/turtlesim/msg/detail/color__rosidl_typesupport_introspection_cpp.hpp
[16.134s] -- Installing: /home/sunny/catkin_ws/install/turtlesim/include/turtlesim/turtlesim/msg/detail/pose__type_support.cpp
[16.134s] -- Installing: /home/sunny/catkin_ws/install/turtlesim/lib/libturtlesim__rosidl_typesupport_introspection_cpp.so
[16.135s] -- Set runtime path of "/home/sunny/catkin_ws/install/turtlesim/lib/libturtlesim__rosidl_typesupport_introspection_cpp.so" to ""
[16.135s] -- Installing: /home/sunny/catkin_ws/install/turtlesim/lib/libturtlesim__rosidl_typesupport_cpp.so
[16.135s] -- Set runtime path of "/home/sunny/catkin_ws/install/turtlesim/lib/libturtlesim__rosidl_typesupport_cpp.so" to ""
[16.136s] -- Installing: /home/sunny/catkin_ws/install/turtlesim/share/turtlesim/environment/pythonpath.sh
[16.136s] -- Installing: /home/sunny/catkin_ws/install/turtlesim/share/turtlesim/environment/pythonpath.dsv
[16.136s] -- Installing: /home/sunny/catkin_ws/install/turtlesim/local/lib/python3.10/dist-packages/turtlesim-1.4.2-py3.10.egg-info
[16.136s] -- Installing: /home/sunny/catkin_ws/install/turtlesim/local/lib/python3.10/dist-packages/turtlesim-1.4.2-py3.10.egg-info/PKG-INFO
[16.136s] -- Installing: /home/sunny/catkin_ws/install/turtlesim/local/lib/python3.10/dist-packages/turtlesim-1.4.2-py3.10.egg-info/SOURCES.txt
[16.136s] -- Installing: /home/sunny/catkin_ws/install/turtlesim/local/lib/python3.10/dist-packages/turtlesim-1.4.2-py3.10.egg-info/top_level.txt
[16.136s] -- Installing: /home/sunny/catkin_ws/install/turtlesim/local/lib/python3.10/dist-packages/turtlesim-1.4.2-py3.10.egg-info/dependency_links.txt
[16.136s] -- Installing: /home/sunny/catkin_ws/install/turtlesim/local/lib/python3.10/dist-packages/turtlesim
[16.136s] -- Installing: /home/sunny/catkin_ws/install/turtlesim/local/lib/python3.10/dist-packages/turtlesim/__init__.py
[16.137s] -- Installing: /home/sunny/catkin_ws/install/turtlesim/local/lib/python3.10/dist-packages/turtlesim/srv
[16.137s] -- Installing: /home/sunny/catkin_ws/install/turtlesim/local/lib/python3.10/dist-packages/turtlesim/srv/__init__.py
[16.137s] -- Installing: /home/sunny/catkin_ws/install/turtlesim/local/lib/python3.10/dist-packages/turtlesim/srv/_teleport_absolute.py
[16.137s] -- Installing: /home/sunny/catkin_ws/install/turtlesim/local/lib/python3.10/dist-packages/turtlesim/srv/_set_pen_s.c
[16.137s] -- Installing: /home/sunny/catkin_ws/install/turtlesim/local/lib/python3.10/dist-packages/turtlesim/srv/_kill_s.c
[16.137s] -- Installing: /home/sunny/catkin_ws/install/turtlesim/local/lib/python3.10/dist-packages/turtlesim/srv/_teleport_absolute_s.c
[16.137s] -- Installing: /home/sunny/catkin_ws/install/turtlesim/local/lib/python3.10/dist-packages/turtlesim/srv/_teleport_relative_s.c
[16.137s] -- Installing: /home/sunny/catkin_ws/install/turtlesim/local/lib/python3.10/dist-packages/turtlesim/srv/_spawn.py
[16.137s] -- Installing: /home/sunny/catkin_ws/install/turtlesim/local/lib/python3.10/dist-packages/turtlesim/srv/_set_pen.py
[16.138s] -- Installing: /home/sunny/catkin_ws/install/turtlesim/local/lib/python3.10/dist-packages/turtlesim/srv/_spawn_s.c
[16.138s] -- Installing: /home/sunny/catkin_ws/install/turtlesim/local/lib/python3.10/dist-packages/turtlesim/srv/_kill.py
[16.138s] -- Installing: /home/sunny/catkin_ws/install/turtlesim/local/lib/python3.10/dist-packages/turtlesim/srv/_teleport_relative.py
[16.138s] -- Installing: /home/sunny/catkin_ws/install/turtlesim/local/lib/python3.10/dist-packages/turtlesim/_turtlesim_s.ep.rosidl_typesupport_introspection_c.c
[16.138s] -- Installing: /home/sunny/catkin_ws/install/turtlesim/local/lib/python3.10/dist-packages/turtlesim/turtlesim_s__rosidl_typesupport_introspection_c.cpython-310-x86_64-linux-gnu.so
[16.138s] -- Installing: /home/sunny/catkin_ws/install/turtlesim/local/lib/python3.10/dist-packages/turtlesim/action
[16.138s] -- Installing: /home/sunny/catkin_ws/install/turtlesim/local/lib/python3.10/dist-packages/turtlesim/action/__init__.py
[16.138s] -- Installing: /home/sunny/catkin_ws/install/turtlesim/local/lib/python3.10/dist-packages/turtlesim/action/_rotate_absolute.py
[16.139s] -- Installing: /home/sunny/catkin_ws/install/turtlesim/local/lib/python3.10/dist-packages/turtlesim/action/_rotate_absolute_s.c
[16.139s] -- Installing: /home/sunny/catkin_ws/install/turtlesim/local/lib/python3.10/dist-packages/turtlesim/turtlesim_s__rosidl_typesupport_c.cpython-310-x86_64-linux-gnu.so
[16.139s] -- Installing: /home/sunny/catkin_ws/install/turtlesim/local/lib/python3.10/dist-packages/turtlesim/msg
[16.139s] -- Installing: /home/sunny/catkin_ws/install/turtlesim/local/lib/python3.10/dist-packages/turtlesim/msg/__init__.py
[16.139s] -- Installing: /home/sunny/catkin_ws/install/turtlesim/local/lib/python3.10/dist-packages/turtlesim/msg/_pose_s.c
[16.139s] -- Installing: /home/sunny/catkin_ws/install/turtlesim/local/lib/python3.10/dist-packages/turtlesim/msg/_color_s.c
[16.139s] -- Installing: /home/sunny/catkin_ws/install/turtlesim/local/lib/python3.10/dist-packages/turtlesim/msg/_pose.py
[16.140s] -- Installing: /home/sunny/catkin_ws/install/turtlesim/local/lib/python3.10/dist-packages/turtlesim/msg/_color.py
[16.140s] -- Installing: /home/sunny/catkin_ws/install/turtlesim/local/lib/python3.10/dist-packages/turtlesim/_turtlesim_s.ep.rosidl_typesupport_fastrtps_c.c
[16.140s] -- Installing: /home/sunny/catkin_ws/install/turtlesim/local/lib/python3.10/dist-packages/turtlesim/_turtlesim_s.ep.rosidl_typesupport_c.c
[16.140s] -- Installing: /home/sunny/catkin_ws/install/turtlesim/local/lib/python3.10/dist-packages/turtlesim/libturtlesim__rosidl_generator_py.so
[16.140s] -- Installing: /home/sunny/catkin_ws/install/turtlesim/local/lib/python3.10/dist-packages/turtlesim/turtlesim_s__rosidl_typesupport_fastrtps_c.cpython-310-x86_64-linux-gnu.so
[16.177s] Listing '/home/sunny/catkin_ws/install/turtlesim/local/lib/python3.10/dist-packages/turtlesim'...
[16.177s] Compiling '/home/sunny/catkin_ws/install/turtlesim/local/lib/python3.10/dist-packages/turtlesim/__init__.py'...
[16.177s] Listing '/home/sunny/catkin_ws/install/turtlesim/local/lib/python3.10/dist-packages/turtlesim/action'...
[16.177s] Compiling '/home/sunny/catkin_ws/install/turtlesim/local/lib/python3.10/dist-packages/turtlesim/action/__init__.py'...
[16.177s] Compiling '/home/sunny/catkin_ws/install/turtlesim/local/lib/python3.10/dist-packages/turtlesim/action/_rotate_absolute.py'...
[16.178s] Listing '/home/sunny/catkin_ws/install/turtlesim/local/lib/python3.10/dist-packages/turtlesim/msg'...
[16.178s] Compiling '/home/sunny/catkin_ws/install/turtlesim/local/lib/python3.10/dist-packages/turtlesim/msg/__init__.py'...
[16.178s] Compiling '/home/sunny/catkin_ws/install/turtlesim/local/lib/python3.10/dist-packages/turtlesim/msg/_color.py'...
[16.178s] Compiling '/home/sunny/catkin_ws/install/turtlesim/local/lib/python3.10/dist-packages/turtlesim/msg/_pose.py'...
[16.178s] Listing '/home/sunny/catkin_ws/install/turtlesim/local/lib/python3.10/dist-packages/turtlesim/srv'...
[16.178s] Compiling '/home/sunny/catkin_ws/install/turtlesim/local/lib/python3.10/dist-packages/turtlesim/srv/__init__.py'...
[16.178s] Compiling '/home/sunny/catkin_ws/install/turtlesim/local/lib/python3.10/dist-packages/turtlesim/srv/_kill.py'...
[16.178s] Compiling '/home/sunny/catkin_ws/install/turtlesim/local/lib/python3.10/dist-packages/turtlesim/srv/_set_pen.py'...
[16.178s] Compiling '/home/sunny/catkin_ws/install/turtlesim/local/lib/python3.10/dist-packages/turtlesim/srv/_spawn.py'...
[16.178s] Compiling '/home/sunny/catkin_ws/install/turtlesim/local/lib/python3.10/dist-packages/turtlesim/srv/_teleport_absolute.py'...
[16.178s] Compiling '/home/sunny/catkin_ws/install/turtlesim/local/lib/python3.10/dist-packages/turtlesim/srv/_teleport_relative.py'...
[16.181s] -- Installing: /home/sunny/catkin_ws/install/turtlesim/local/lib/python3.10/dist-packages/turtlesim/turtlesim_s__rosidl_typesupport_fastrtps_c.cpython-310-x86_64-linux-gnu.so
[16.181s] -- Set runtime path of "/home/sunny/catkin_ws/install/turtlesim/local/lib/python3.10/dist-packages/turtlesim/turtlesim_s__rosidl_typesupport_fastrtps_c.cpython-310-x86_64-linux-gnu.so" to ""
[16.182s] -- Installing: /home/sunny/catkin_ws/install/turtlesim/local/lib/python3.10/dist-packages/turtlesim/turtlesim_s__rosidl_typesupport_introspection_c.cpython-310-x86_64-linux-gnu.so
[16.182s] -- Set runtime path of "/home/sunny/catkin_ws/install/turtlesim/local/lib/python3.10/dist-packages/turtlesim/turtlesim_s__rosidl_typesupport_introspection_c.cpython-310-x86_64-linux-gnu.so" to ""
[16.182s] -- Installing: /home/sunny/catkin_ws/install/turtlesim/local/lib/python3.10/dist-packages/turtlesim/turtlesim_s__rosidl_typesupport_c.cpython-310-x86_64-linux-gnu.so
[16.183s] -- Set runtime path of "/home/sunny/catkin_ws/install/turtlesim/local/lib/python3.10/dist-packages/turtlesim/turtlesim_s__rosidl_typesupport_c.cpython-310-x86_64-linux-gnu.so" to ""
[16.183s] -- Installing: /home/sunny/catkin_ws/install/turtlesim/lib/libturtlesim__rosidl_generator_py.so
[16.183s] -- Set runtime path of "/home/sunny/catkin_ws/install/turtlesim/lib/libturtlesim__rosidl_generator_py.so" to ""
[16.183s] -- Installing: /home/sunny/catkin_ws/install/turtlesim/share/turtlesim/action/RotateAbsolute.idl
[16.183s] -- Installing: /home/sunny/catkin_ws/install/turtlesim/share/turtlesim/msg/Color.idl
[16.184s] -- Installing: /home/sunny/catkin_ws/install/turtlesim/share/turtlesim/msg/Pose.idl
[16.184s] -- Installing: /home/sunny/catkin_ws/install/turtlesim/share/turtlesim/srv/Kill.idl
[16.184s] -- Installing: /home/sunny/catkin_ws/install/turtlesim/share/turtlesim/srv/SetPen.idl
[16.184s] -- Installing: /home/sunny/catkin_ws/install/turtlesim/share/turtlesim/srv/Spawn.idl
[16.184s] -- Installing: /home/sunny/catkin_ws/install/turtlesim/share/turtlesim/srv/TeleportAbsolute.idl
[16.184s] -- Installing: /home/sunny/catkin_ws/install/turtlesim/share/turtlesim/srv/TeleportRelative.idl
[16.184s] -- Installing: /home/sunny/catkin_ws/install/turtlesim/share/turtlesim/action/RotateAbsolute.action
[16.185s] -- Installing: /home/sunny/catkin_ws/install/turtlesim/share/turtlesim/msg/Color.msg
[16.185s] -- Installing: /home/sunny/catkin_ws/install/turtlesim/share/turtlesim/msg/Pose.msg
[16.185s] -- Installing: /home/sunny/catkin_ws/install/turtlesim/share/turtlesim/srv/Kill.srv
[16.185s] -- Installing: /home/sunny/catkin_ws/install/turtlesim/share/turtlesim/srv/Kill_Request.msg
[16.185s] -- Installing: /home/sunny/catkin_ws/install/turtlesim/share/turtlesim/srv/Kill_Response.msg
[16.185s] -- Installing: /home/sunny/catkin_ws/install/turtlesim/share/turtlesim/srv/SetPen.srv
[16.185s] -- Installing: /home/sunny/catkin_ws/install/turtlesim/share/turtlesim/srv/SetPen_Request.msg
[16.185s] -- Installing: /home/sunny/catkin_ws/install/turtlesim/share/turtlesim/srv/SetPen_Response.msg
[16.186s] -- Installing: /home/sunny/catkin_ws/install/turtlesim/share/turtlesim/srv/Spawn.srv
[16.186s] -- Installing: /home/sunny/catkin_ws/install/turtlesim/share/turtlesim/srv/Spawn_Request.msg
[16.186s] -- Installing: /home/sunny/catkin_ws/install/turtlesim/share/turtlesim/srv/Spawn_Response.msg
[16.186s] -- Installing: /home/sunny/catkin_ws/install/turtlesim/share/turtlesim/srv/TeleportAbsolute.srv
[16.186s] -- Installing: /home/sunny/catkin_ws/install/turtlesim/share/turtlesim/srv/TeleportAbsolute_Request.msg
[16.186s] -- Installing: /home/sunny/catkin_ws/install/turtlesim/share/turtlesim/srv/TeleportAbsolute_Response.msg
[16.186s] -- Installing: /home/sunny/catkin_ws/install/turtlesim/share/turtlesim/srv/TeleportRelative.srv
[16.186s] -- Installing: /home/sunny/catkin_ws/install/turtlesim/share/turtlesim/srv/TeleportRelative_Request.msg
[16.187s] -- Installing: /home/sunny/catkin_ws/install/turtlesim/share/turtlesim/srv/TeleportRelative_Response.msg
[16.187s] -- Installing: /home/sunny/catkin_ws/install/turtlesim/lib/turtlesim/turtlesim_node
[16.200s] -- Set runtime path of "/home/sunny/catkin_ws/install/turtlesim/lib/turtlesim/turtlesim_node" to ""
[16.200s] -- Installing: /home/sunny/catkin_ws/install/turtlesim/lib/turtlesim/turtle_teleop_key
[16.203s] -- Set runtime path of "/home/sunny/catkin_ws/install/turtlesim/lib/turtlesim/turtle_teleop_key" to ""
[16.203s] -- Installing: /home/sunny/catkin_ws/install/turtlesim/lib/turtlesim/draw_square
[16.210s] -- Set runtime path of "/home/sunny/catkin_ws/install/turtlesim/lib/turtlesim/draw_square" to ""
[16.210s] -- Installing: /home/sunny/catkin_ws/install/turtlesim/lib/turtlesim/mimic
[16.216s] -- Set runtime path of "/home/sunny/catkin_ws/install/turtlesim/lib/turtlesim/mimic" to ""
[16.216s] -- Installing: /home/sunny/catkin_ws/install/turtlesim/share/turtlesim/images
[16.216s] -- Installing: /home/sunny/catkin_ws/install/turtlesim/share/turtlesim/images/humble.png
[16.216s] -- Installing: /home/sunny/catkin_ws/install/turtlesim/share/turtlesim/images/crystal.png
[16.216s] -- Installing: /home/sunny/catkin_ws/install/turtlesim/share/turtlesim/images/rolling.png
[16.217s] -- Installing: /home/sunny/catkin_ws/install/turtlesim/share/turtlesim/images/dashing.png
[16.217s] -- Installing: /home/sunny/catkin_ws/install/turtlesim/share/turtlesim/images/bouncy.png
[16.217s] -- Installing: /home/sunny/catkin_ws/install/turtlesim/share/turtlesim/images/galactic.png
[16.217s] -- Installing: /home/sunny/catkin_ws/install/turtlesim/share/turtlesim/images/eloquent.png
[16.217s] -- Installing: /home/sunny/catkin_ws/install/turtlesim/share/turtlesim/images/foxy.png
[16.217s] -- Installing: /home/sunny/catkin_ws/install/turtlesim/share/turtlesim/images/ardent.png
[16.217s] -- Installing: /home/sunny/catkin_ws/install/turtlesim/share/turtlesim/launch
[16.217s] -- Installing: /home/sunny/catkin_ws/install/turtlesim/share/turtlesim/launch/multisim.launch.py
[16.217s] -- Installing: /home/sunny/catkin_ws/install/turtlesim/share/ament_index/resource_index/package_run_dependencies/turtlesim
[16.218s] -- Installing: /home/sunny/catkin_ws/install/turtlesim/share/ament_index/resource_index/parent_prefix_path/turtlesim
[16.218s] -- Installing: /home/sunny/catkin_ws/install/turtlesim/share/turtlesim/environment/ament_prefix_path.sh
[16.218s] -- Installing: /home/sunny/catkin_ws/install/turtlesim/share/turtlesim/environment/ament_prefix_path.dsv
[16.218s] -- Installing: /home/sunny/catkin_ws/install/turtlesim/share/turtlesim/environment/path.sh
[16.218s] -- Installing: /home/sunny/catkin_ws/install/turtlesim/share/turtlesim/environment/path.dsv
[16.218s] -- Installing: /home/sunny/catkin_ws/install/turtlesim/share/turtlesim/local_setup.bash
[16.218s] -- Installing: /home/sunny/catkin_ws/install/turtlesim/share/turtlesim/local_setup.sh
[16.218s] -- Installing: /home/sunny/catkin_ws/install/turtlesim/share/turtlesim/local_setup.zsh
[16.219s] -- Installing: /home/sunny/catkin_ws/install/turtlesim/share/turtlesim/local_setup.dsv
[16.219s] -- Installing: /home/sunny/catkin_ws/install/turtlesim/share/turtlesim/package.dsv
[16.219s] -- Installing: /home/sunny/catkin_ws/install/turtlesim/share/ament_index/resource_index/packages/turtlesim
[16.219s] -- Installing: /home/sunny/catkin_ws/install/turtlesim/share/turtlesim/cmake/export_turtlesim__rosidl_generator_cExport.cmake
[16.219s] -- Installing: /home/sunny/catkin_ws/install/turtlesim/share/turtlesim/cmake/export_turtlesim__rosidl_generator_cExport-noconfig.cmake
[16.219s] -- Installing: /home/sunny/catkin_ws/install/turtlesim/share/turtlesim/cmake/export_turtlesim__rosidl_typesupport_fastrtps_cExport.cmake
[16.220s] -- Installing: /home/sunny/catkin_ws/install/turtlesim/share/turtlesim/cmake/export_turtlesim__rosidl_typesupport_fastrtps_cExport-noconfig.cmake
[16.220s] -- Installing: /home/sunny/catkin_ws/install/turtlesim/share/turtlesim/cmake/export_turtlesim__rosidl_generator_cppExport.cmake
[16.220s] -- Installing: /home/sunny/catkin_ws/install/turtlesim/share/turtlesim/cmake/export_turtlesim__rosidl_typesupport_fastrtps_cppExport.cmake
[16.220s] -- Installing: /home/sunny/catkin_ws/install/turtlesim/share/turtlesim/cmake/export_turtlesim__rosidl_typesupport_fastrtps_cppExport-noconfig.cmake
[16.220s] -- Installing: /home/sunny/catkin_ws/install/turtlesim/share/turtlesim/cmake/turtlesim__rosidl_typesupport_introspection_cExport.cmake
[16.220s] -- Installing: /home/sunny/catkin_ws/install/turtlesim/share/turtlesim/cmake/turtlesim__rosidl_typesupport_introspection_cExport-noconfig.cmake
[16.220s] -- Installing: /home/sunny/catkin_ws/install/turtlesim/share/turtlesim/cmake/turtlesim__rosidl_typesupport_cExport.cmake
[16.221s] -- Installing: /home/sunny/catkin_ws/install/turtlesim/share/turtlesim/cmake/turtlesim__rosidl_typesupport_cExport-noconfig.cmake
[16.221s] -- Installing: /home/sunny/catkin_ws/install/turtlesim/share/turtlesim/cmake/turtlesim__rosidl_typesupport_introspection_cppExport.cmake
[16.221s] -- Installing: /home/sunny/catkin_ws/install/turtlesim/share/turtlesim/cmake/turtlesim__rosidl_typesupport_introspection_cppExport-noconfig.cmake
[16.221s] -- Installing: /home/sunny/catkin_ws/install/turtlesim/share/turtlesim/cmake/turtlesim__rosidl_typesupport_cppExport.cmake
[16.221s] -- Installing: /home/sunny/catkin_ws/install/turtlesim/share/turtlesim/cmake/turtlesim__rosidl_typesupport_cppExport-noconfig.cmake
[16.221s] -- Installing: /home/sunny/catkin_ws/install/turtlesim/share/turtlesim/cmake/export_turtlesim__rosidl_generator_pyExport.cmake
[16.221s] -- Installing: /home/sunny/catkin_ws/install/turtlesim/share/turtlesim/cmake/export_turtlesim__rosidl_generator_pyExport-noconfig.cmake
[16.222s] -- Installing: /home/sunny/catkin_ws/install/turtlesim/share/turtlesim/cmake/rosidl_cmake-extras.cmake
[16.222s] -- Installing: /home/sunny/catkin_ws/install/turtlesim/share/turtlesim/cmake/ament_cmake_export_dependencies-extras.cmake
[16.222s] -- Installing: /home/sunny/catkin_ws/install/turtlesim/share/turtlesim/cmake/ament_cmake_export_include_directories-extras.cmake
[16.222s] -- Installing: /home/sunny/catkin_ws/install/turtlesim/share/turtlesim/cmake/ament_cmake_export_libraries-extras.cmake
[16.222s] -- Installing: /home/sunny/catkin_ws/install/turtlesim/share/turtlesim/cmake/ament_cmake_export_targets-extras.cmake
[16.222s] -- Installing: /home/sunny/catkin_ws/install/turtlesim/share/turtlesim/cmake/rosidl_cmake_export_typesupport_targets-extras.cmake
[16.222s] -- Installing: /home/sunny/catkin_ws/install/turtlesim/share/turtlesim/cmake/rosidl_cmake_export_typesupport_libraries-extras.cmake
[16.223s] -- Installing: /home/sunny/catkin_ws/install/turtlesim/share/turtlesim/cmake/turtlesimConfig.cmake
[16.223s] -- Installing: /home/sunny/catkin_ws/install/turtlesim/share/turtlesim/cmake/turtlesimConfig-version.cmake
[16.223s] -- Installing: /home/sunny/catkin_ws/install/turtlesim/share/turtlesim/package.xml
[16.225s] Invoked command in '/home/sunny/catkin_ws/build/turtlesim' returned '0': CMAKE_PREFIX_PATH=${CMAKE_PREFIX_PATH}:/opt/ros/humble /usr/bin/cmake --install /home/sunny/catkin_ws/build/turtlesim
