-- Found ament_cmake: 1.3.6 (/opt/ros/humble/share/ament_cmake/cmake)
-- Found gazebo_dev: 3.7.0 (/opt/ros/humble/share/gazebo_dev/cmake)
-- Found DART: /usr/include (Required is at least version "6.6") found components: dart 
-- Looking for ignition-math6 -- found version 6.15.0
-- Searching for dependencies of ignition-math6
-- Looking for OGRE...
-- Found Ogre Ghadamon (1.9.0)
-- Found OGRE: optimized;/usr/lib/x86_64-linux-gnu/libOgreMain.so;debug;/usr/lib/x86_64-linux-gnu/libOgreMain.so
-- Looking for OGRE_Paging...
-- Found OGRE_Paging: optimized;/usr/lib/x86_64-linux-gnu/libOgrePaging.so;debug;/usr/lib/x86_64-linux-gnu/libOgrePaging.so
-- Looking for OGRE_Terrain...
-- Found OGRE_Terrain: optimized;/usr/lib/x86_64-linux-gnu/libOgreTerrain.so;debug;/usr/lib/x86_64-linux-gnu/libOgreTerrain.so
-- Looking for OGRE_Property...
-- Found OGRE_Property: optimized;/usr/lib/x86_64-linux-gnu/libOgreProperty.so;debug;/usr/lib/x86_64-linux-gnu/libOgreProperty.so
-- Looking for OGRE_RTShaderSystem...
-- Found OGRE_RTShaderSystem: optimized;/usr/lib/x86_64-linux-gnu/libOgreRTShaderSystem.so;debug;/usr/lib/x86_64-linux-gnu/libOgreRTShaderSystem.so
-- Looking for OGRE_Volume...
-- Found OGRE_Volume: optimized;/usr/lib/x86_64-linux-gnu/libOgreVolume.so;debug;/usr/lib/x86_64-linux-gnu/libOgreVolume.so
-- Looking for OGRE_Overlay...
-- Found OGRE_Overlay: optimized;/usr/lib/x86_64-linux-gnu/libOgreOverlay.so;debug;/usr/lib/x86_64-linux-gnu/libOgreOverlay.so
-- Looking for ignition-math6 -- found version 6.15.0
-- Looking for ignition-transport8 -- found version 8.2.1
-- Searching for dependencies of ignition-transport8
-- Found Protobuf: /usr/lib/x86_64-linux-gnu/libprotobuf.so (found suitable version "3.12.4", minimum required is "3") 
-- Config-file not installed for ZeroMQ -- checking for pkg-config
-- Checking for module 'libzmq >= 4'
--   Found libzmq , version 4.3.4
-- Checking for module 'uuid'
--   Found uuid, version 2.37.2
-- Looking for ignition-msgs5 -- found version 5.8.1
-- Searching for dependencies of ignition-msgs5
-- Looking for ignition-math6 -- found version 6.15.0
-- Checking for module 'tinyxml2'
--   Found tinyxml2, version 9.0.0
-- Looking for ignition-msgs5 -- found version 5.8.1
-- Looking for ignition-common3 -- found version 3.14.0
-- Searching for dependencies of ignition-common3
-- Looking for dlfcn.h - found
-- Looking for libdl - found
-- Searching for <ignition-common3> component [graphics]
-- Looking for ignition-common3-graphics -- found version 3.14.0
-- Searching for dependencies of ignition-common3-graphics
-- Looking for ignition-math6 -- found version 6.15.0
-- Looking for ignition-fuel_tools4 -- found version 4.4.0
-- Searching for dependencies of ignition-fuel_tools4
-- Checking for module 'jsoncpp'
--   Found jsoncpp, version 1.9.5
-- Checking for module 'libzip'
--   Found libzip, version 1.7.3
-- Looking for ignition-common3 -- found version 3.14.0
-- Looking for ignition-math6 -- found version 6.15.0
-- Looking for ignition-msgs5 -- found version 5.8.1
-- Gazebo version: 11.10
-- Found Protobuf: /usr/lib/x86_64-linux-gnu/libprotobuf.so (found version "3.12.4") 
-- PROTOBUF_IMPORT_DIRS = /usr/include/gazebo-11/gazebo/msgs/proto
-- GAZEBO_MSG_INCLUDE_DIRS = /usr/include/gazebo-11/gazebo/msgs
-- Found ament_cmake_gtest: 1.3.6 (/opt/ros/humble/share/ament_cmake_gtest/cmake)
-- Found gtest sources under '/opt/ros/humble/src/gtest_vendor': C++ tests using 'Google Test' will be built
-- Configuring done
-- Generating done
-- Build files have been written to: /home/sunny/catkin_ws/build/uuv_gazebo_plugins
[  3%] [34m[1mRunning cpp protocol buffer compiler on /home/sunny/catkin_ws/src/Plankton/uuv_gazebo_plugins/uuv_gazebo_plugins/msgs/Double.proto[0m
[35m[1mConsolidate compiler generated dependencies of target gtest_main[0m
[35m[1mConsolidate compiler generated dependencies of target uuv_dynamics[0m
[35m[1mConsolidate compiler generated dependencies of target umbilical_plugin[0m
[  7%] [34m[1mRunning cpp protocol buffer compiler on /home/sunny/catkin_ws/src/Plankton/uuv_gazebo_plugins/uuv_gazebo_plugins/msgs/Accel.proto[0m
[35m[1mConsolidate compiler generated dependencies of target uuv_underwater_object_plugin[0m
[35m[1mConsolidate compiler generated dependencies of target gtest[0m
[ 14%] Built target gtest_main
[ 21%] Built target gtest
[35m[1mConsolidate compiler generated dependencies of target uuv_gazebo_plugins_msgs[0m
[ 25%] [32mBuilding CXX object CMakeFiles/uuv_gazebo_plugins_msgs.dir/Double.pb.cc.o[0m
[ 28%] [32mBuilding CXX object CMakeFiles/uuv_gazebo_plugins_msgs.dir/Accel.pb.cc.o[0m
[ 32%] [32mBuilding CXX object CMakeFiles/uuv_dynamics.dir/src/Dynamics.cpp.o[0m
[ 35%] [32mBuilding CXX object CMakeFiles/umbilical_plugin.dir/src/UmbilicalModel.cpp.o[0m
[ 39%] [32mBuilding CXX object CMakeFiles/umbilical_plugin.dir/src/UmbilicalPlugin.cpp.o[0m
[ 42%] [32mBuilding CXX object CMakeFiles/uuv_underwater_object_plugin.dir/src/HydrodynamicModel.cpp.o[0m
[ 46%] [32mBuilding CXX object CMakeFiles/uuv_underwater_object_plugin.dir/src/BuoyantObject.cpp.o[0m
[ 50%] [32mBuilding CXX object CMakeFiles/uuv_underwater_object_plugin.dir/src/UnderwaterObjectPlugin.cpp.o[0m
[ 53%] [32m[1mLinking CXX shared library libuuv_gazebo_plugins_msgs.so[0m
[ 53%] Built target uuv_gazebo_plugins_msgs
[ 57%] [32m[1mLinking CXX shared library libuuv_dynamics.so[0m
[ 57%] Built target uuv_dynamics
[35m[1mConsolidate compiler generated dependencies of target UNIT_ThrusterDynamics_TEST[0m
[35m[1mConsolidate compiler generated dependencies of target uuv_thruster_plugin[0m
[35m[1mConsolidate compiler generated dependencies of target uuv_fin_plugin[0m
[ 60%] [32mBuilding CXX object CMakeFiles/UNIT_ThrusterDynamics_TEST.dir/src/ThrusterDynamics_TEST.cpp.o[0m
[ 64%] [32mBuilding CXX object CMakeFiles/uuv_thruster_plugin.dir/src/ThrusterConversionFcn.cpp.o[0m
[ 67%] [32mBuilding CXX object CMakeFiles/uuv_thruster_plugin.dir/src/ThrusterPlugin.cpp.o[0m
[ 71%] [32mBuilding CXX object CMakeFiles/uuv_fin_plugin.dir/src/LiftDragModel.cpp.o[0m
[ 75%] [32mBuilding CXX object CMakeFiles/uuv_fin_plugin.dir/src/FinPlugin.cpp.o[0m
[ 78%] [32m[1mLinking CXX executable UNIT_ThrusterDynamics_TEST[0m
[ 82%] [32m[1mLinking CXX shared library libumbilical_plugin.so[0m
[ 82%] Built target umbilical_plugin
[ 82%] Built target UNIT_ThrusterDynamics_TEST
[ 85%] [32m[1mLinking CXX shared library libuuv_underwater_object_plugin.so[0m
[ 85%] Built target uuv_underwater_object_plugin
[ 89%] [32m[1mLinking CXX shared library libuuv_fin_plugin.so[0m
[ 92%] [32m[1mLinking CXX shared library libuuv_thruster_plugin.so[0m
[ 92%] Built target uuv_fin_plugin
[ 92%] Built target uuv_thruster_plugin
[35m[1mConsolidate compiler generated dependencies of target UNIT_ThrusterConversionFcn_TEST[0m
[ 96%] [32mBuilding CXX object CMakeFiles/UNIT_ThrusterConversionFcn_TEST.dir/src/ThrusterConversionFcn_TEST.cpp.o[0m
[100%] [32m[1mLinking CXX executable UNIT_ThrusterConversionFcn_TEST[0m
[100%] Built target UNIT_ThrusterConversionFcn_TEST
-- Install configuration: ""
-- Installing: /home/sunny/catkin_ws/install/uuv_gazebo_plugins/lib/libuuv_gazebo_plugins_msgs.so
-- Set runtime path of "/home/sunny/catkin_ws/install/uuv_gazebo_plugins/lib/libuuv_gazebo_plugins_msgs.so" to ""
-- Installing: /home/sunny/catkin_ws/install/uuv_gazebo_plugins/lib/libuuv_dynamics.so
-- Installing: /home/sunny/catkin_ws/install/uuv_gazebo_plugins/lib/libuuv_fin_plugin.so
-- Set runtime path of "/home/sunny/catkin_ws/install/uuv_gazebo_plugins/lib/libuuv_fin_plugin.so" to ""
-- Installing: /home/sunny/catkin_ws/install/uuv_gazebo_plugins/lib/libuuv_underwater_object_plugin.so
-- Set runtime path of "/home/sunny/catkin_ws/install/uuv_gazebo_plugins/lib/libuuv_underwater_object_plugin.so" to ""
-- Installing: /home/sunny/catkin_ws/install/uuv_gazebo_plugins/lib/libuuv_thruster_plugin.so
-- Set runtime path of "/home/sunny/catkin_ws/install/uuv_gazebo_plugins/lib/libuuv_thruster_plugin.so" to ""
-- Installing: /home/sunny/catkin_ws/install/uuv_gazebo_plugins/lib/libumbilical_plugin.so
-- Set runtime path of "/home/sunny/catkin_ws/install/uuv_gazebo_plugins/lib/libumbilical_plugin.so" to ""
-- Up-to-date: /home/sunny/catkin_ws/install/uuv_gazebo_plugins/include/uuv_gazebo_plugins
-- Installing: /home/sunny/catkin_ws/install/uuv_gazebo_plugins/include/uuv_gazebo_plugins/FinPlugin.h
-- Installing: /home/sunny/catkin_ws/install/uuv_gazebo_plugins/include/uuv_gazebo_plugins/BuoyantObject.h
-- Installing: /home/sunny/catkin_ws/install/uuv_gazebo_plugins/include/uuv_gazebo_plugins/Def.h
-- Installing: /home/sunny/catkin_ws/install/uuv_gazebo_plugins/include/uuv_gazebo_plugins/UnderwaterObjectPlugin.h
-- Installing: /home/sunny/catkin_ws/install/uuv_gazebo_plugins/include/uuv_gazebo_plugins/UmbilicalPlugin.h
-- Installing: /home/sunny/catkin_ws/install/uuv_gazebo_plugins/include/uuv_gazebo_plugins/UmbilicalModel.h
-- Installing: /home/sunny/catkin_ws/install/uuv_gazebo_plugins/include/uuv_gazebo_plugins/LiftDragModel.h
-- Installing: /home/sunny/catkin_ws/install/uuv_gazebo_plugins/include/uuv_gazebo_plugins/ThrusterConversionFcn.h
-- Installing: /home/sunny/catkin_ws/install/uuv_gazebo_plugins/include/uuv_gazebo_plugins/ThrusterPlugin.h
-- Installing: /home/sunny/catkin_ws/install/uuv_gazebo_plugins/include/uuv_gazebo_plugins/HydrodynamicModel.h
-- Installing: /home/sunny/catkin_ws/install/uuv_gazebo_plugins/include/uuv_gazebo_plugins/Dynamics.h
-- Up-to-date: /home/sunny/catkin_ws/install/uuv_gazebo_plugins/include
-- Up-to-date: /home/sunny/catkin_ws/install/uuv_gazebo_plugins/include/uuv_gazebo_plugins
-- Up-to-date: /home/sunny/catkin_ws/install/uuv_gazebo_plugins/include/uuv_gazebo_plugins
-- Installing: /home/sunny/catkin_ws/install/uuv_gazebo_plugins/include/uuv_gazebo_plugins/Accel.pb.cc
-- Up-to-date: /home/sunny/catkin_ws/install/uuv_gazebo_plugins/include/uuv_gazebo_plugins/ament_cmake_environment_hooks
-- Up-to-date: /home/sunny/catkin_ws/install/uuv_gazebo_plugins/include/uuv_gazebo_plugins/ament_cmake_uninstall_target
-- Up-to-date: /home/sunny/catkin_ws/install/uuv_gazebo_plugins/include/uuv_gazebo_plugins/CMakeFiles
-- Up-to-date: /home/sunny/catkin_ws/install/uuv_gazebo_plugins/include/uuv_gazebo_plugins/CMakeFiles/uuv_dynamics.dir
-- Up-to-date: /home/sunny/catkin_ws/install/uuv_gazebo_plugins/include/uuv_gazebo_plugins/CMakeFiles/uuv_dynamics.dir/src
-- Up-to-date: /home/sunny/catkin_ws/install/uuv_gazebo_plugins/include/uuv_gazebo_plugins/CMakeFiles/uuv_fin_plugin.dir
-- Up-to-date: /home/sunny/catkin_ws/install/uuv_gazebo_plugins/include/uuv_gazebo_plugins/CMakeFiles/uuv_fin_plugin.dir/src
-- Up-to-date: /home/sunny/catkin_ws/install/uuv_gazebo_plugins/include/uuv_gazebo_plugins/CMakeFiles/uninstall.dir
-- Up-to-date: /home/sunny/catkin_ws/install/uuv_gazebo_plugins/include/uuv_gazebo_plugins/CMakeFiles/umbilical_plugin.dir
-- Up-to-date: /home/sunny/catkin_ws/install/uuv_gazebo_plugins/include/uuv_gazebo_plugins/CMakeFiles/umbilical_plugin.dir/src
-- Up-to-date: /home/sunny/catkin_ws/install/uuv_gazebo_plugins/include/uuv_gazebo_plugins/CMakeFiles/uuv_thruster_plugin.dir
-- Up-to-date: /home/sunny/catkin_ws/install/uuv_gazebo_plugins/include/uuv_gazebo_plugins/CMakeFiles/uuv_thruster_plugin.dir/src
-- Up-to-date: /home/sunny/catkin_ws/install/uuv_gazebo_plugins/include/uuv_gazebo_plugins/CMakeFiles/uuv_underwater_object_plugin.dir
-- Up-to-date: /home/sunny/catkin_ws/install/uuv_gazebo_plugins/include/uuv_gazebo_plugins/CMakeFiles/uuv_underwater_object_plugin.dir/src
-- Up-to-date: /home/sunny/catkin_ws/install/uuv_gazebo_plugins/include/uuv_gazebo_plugins/CMakeFiles/CMakeTmp
-- Up-to-date: /home/sunny/catkin_ws/install/uuv_gazebo_plugins/include/uuv_gazebo_plugins/CMakeFiles/uuv_gazebo_plugins_msgs.dir
-- Installing: /home/sunny/catkin_ws/install/uuv_gazebo_plugins/include/uuv_gazebo_plugins/CMakeFiles/uuv_gazebo_plugins_msgs.dir/Accel.pb.cc.o
-- Installing: /home/sunny/catkin_ws/install/uuv_gazebo_plugins/include/uuv_gazebo_plugins/CMakeFiles/uuv_gazebo_plugins_msgs.dir/Double.pb.cc.o.d
-- Installing: /home/sunny/catkin_ws/install/uuv_gazebo_plugins/include/uuv_gazebo_plugins/CMakeFiles/uuv_gazebo_plugins_msgs.dir/Accel.pb.cc.o.d
-- Installing: /home/sunny/catkin_ws/install/uuv_gazebo_plugins/include/uuv_gazebo_plugins/CMakeFiles/uuv_gazebo_plugins_msgs.dir/Double.pb.cc.o
-- Up-to-date: /home/sunny/catkin_ws/install/uuv_gazebo_plugins/include/uuv_gazebo_plugins/CMakeFiles/uuv_gazebo_plugins_uninstall.dir
-- Up-to-date: /home/sunny/catkin_ws/install/uuv_gazebo_plugins/include/uuv_gazebo_plugins/CMakeFiles/UNIT_ThrusterDynamics_TEST.dir
-- Up-to-date: /home/sunny/catkin_ws/install/uuv_gazebo_plugins/include/uuv_gazebo_plugins/CMakeFiles/UNIT_ThrusterDynamics_TEST.dir/src
-- Up-to-date: /home/sunny/catkin_ws/install/uuv_gazebo_plugins/include/uuv_gazebo_plugins/CMakeFiles/3.22.1
-- Up-to-date: /home/sunny/catkin_ws/install/uuv_gazebo_plugins/include/uuv_gazebo_plugins/CMakeFiles/3.22.1/CompilerIdC
-- Up-to-date: /home/sunny/catkin_ws/install/uuv_gazebo_plugins/include/uuv_gazebo_plugins/CMakeFiles/3.22.1/CompilerIdC/tmp
-- Up-to-date: /home/sunny/catkin_ws/install/uuv_gazebo_plugins/include/uuv_gazebo_plugins/CMakeFiles/3.22.1/CompilerIdCXX
-- Up-to-date: /home/sunny/catkin_ws/install/uuv_gazebo_plugins/include/uuv_gazebo_plugins/CMakeFiles/3.22.1/CompilerIdCXX/tmp
-- Up-to-date: /home/sunny/catkin_ws/install/uuv_gazebo_plugins/include/uuv_gazebo_plugins/CMakeFiles/UNIT_ThrusterConversionFcn_TEST.dir
-- Up-to-date: /home/sunny/catkin_ws/install/uuv_gazebo_plugins/include/uuv_gazebo_plugins/CMakeFiles/UNIT_ThrusterConversionFcn_TEST.dir/src
-- Up-to-date: /home/sunny/catkin_ws/install/uuv_gazebo_plugins/include/uuv_gazebo_plugins/ament_cmake_export_dependencies
-- Installing: /home/sunny/catkin_ws/install/uuv_gazebo_plugins/include/uuv_gazebo_plugins/Double.pb.h
-- Up-to-date: /home/sunny/catkin_ws/install/uuv_gazebo_plugins/include/uuv_gazebo_plugins/gtest
-- Up-to-date: /home/sunny/catkin_ws/install/uuv_gazebo_plugins/include/uuv_gazebo_plugins/gtest/CMakeFiles
-- Up-to-date: /home/sunny/catkin_ws/install/uuv_gazebo_plugins/include/uuv_gazebo_plugins/gtest/CMakeFiles/gtest_main.dir
-- Up-to-date: /home/sunny/catkin_ws/install/uuv_gazebo_plugins/include/uuv_gazebo_plugins/gtest/CMakeFiles/gtest_main.dir/src
-- Up-to-date: /home/sunny/catkin_ws/install/uuv_gazebo_plugins/include/uuv_gazebo_plugins/gtest/CMakeFiles/gtest.dir
-- Up-to-date: /home/sunny/catkin_ws/install/uuv_gazebo_plugins/include/uuv_gazebo_plugins/gtest/CMakeFiles/gtest.dir/src
-- Up-to-date: /home/sunny/catkin_ws/install/uuv_gazebo_plugins/include/uuv_gazebo_plugins/msgs
-- Installing: /home/sunny/catkin_ws/install/uuv_gazebo_plugins/include/uuv_gazebo_plugins/Double.pb.cc
-- Installing: /home/sunny/catkin_ws/install/uuv_gazebo_plugins/include/uuv_gazebo_plugins/Accel.pb.h
-- Up-to-date: /home/sunny/catkin_ws/install/uuv_gazebo_plugins/include/uuv_gazebo_plugins/ament_cmake_core
-- Up-to-date: /home/sunny/catkin_ws/install/uuv_gazebo_plugins/include/uuv_gazebo_plugins/ament_cmake_core/stamps
-- Up-to-date: /home/sunny/catkin_ws/install/uuv_gazebo_plugins/include/uuv_gazebo_plugins/ament_cmake_package_templates
-- Up-to-date: /home/sunny/catkin_ws/install/uuv_gazebo_plugins/include/uuv_gazebo_plugins/ament_cmake_export_libraries
-- Up-to-date: /home/sunny/catkin_ws/install/uuv_gazebo_plugins/include/uuv_gazebo_plugins/ament_cmake_index
-- Up-to-date: /home/sunny/catkin_ws/install/uuv_gazebo_plugins/include/uuv_gazebo_plugins/ament_cmake_index/share
-- Up-to-date: /home/sunny/catkin_ws/install/uuv_gazebo_plugins/include/uuv_gazebo_plugins/ament_cmake_index/share/ament_index
-- Up-to-date: /home/sunny/catkin_ws/install/uuv_gazebo_plugins/include/uuv_gazebo_plugins/ament_cmake_index/share/ament_index/resource_index
-- Up-to-date: /home/sunny/catkin_ws/install/uuv_gazebo_plugins/include/uuv_gazebo_plugins/ament_cmake_index/share/ament_index/resource_index/package_run_dependencies
-- Up-to-date: /home/sunny/catkin_ws/install/uuv_gazebo_plugins/include/uuv_gazebo_plugins/ament_cmake_index/share/ament_index/resource_index/packages
-- Up-to-date: /home/sunny/catkin_ws/install/uuv_gazebo_plugins/include/uuv_gazebo_plugins/ament_cmake_index/share/ament_index/resource_index/parent_prefix_path
-- Up-to-date: /home/sunny/catkin_ws/install/uuv_gazebo_plugins/include/uuv_gazebo_plugins/ament_cmake_export_include_directories
-- Up-to-date: /home/sunny/catkin_ws/install/uuv_gazebo_plugins/share/uuv_gazebo_plugins/environment/library_path.sh
-- Installing: /home/sunny/catkin_ws/install/uuv_gazebo_plugins/share/uuv_gazebo_plugins/environment/library_path.dsv
-- Up-to-date: /home/sunny/catkin_ws/install/uuv_gazebo_plugins/share/ament_index/resource_index/package_run_dependencies/uuv_gazebo_plugins
-- Installing: /home/sunny/catkin_ws/install/uuv_gazebo_plugins/share/ament_index/resource_index/parent_prefix_path/uuv_gazebo_plugins
-- Up-to-date: /home/sunny/catkin_ws/install/uuv_gazebo_plugins/share/uuv_gazebo_plugins/environment/ament_prefix_path.sh
-- Installing: /home/sunny/catkin_ws/install/uuv_gazebo_plugins/share/uuv_gazebo_plugins/environment/ament_prefix_path.dsv
-- Up-to-date: /home/sunny/catkin_ws/install/uuv_gazebo_plugins/share/uuv_gazebo_plugins/environment/path.sh
-- Installing: /home/sunny/catkin_ws/install/uuv_gazebo_plugins/share/uuv_gazebo_plugins/environment/path.dsv
-- Up-to-date: /home/sunny/catkin_ws/install/uuv_gazebo_plugins/share/uuv_gazebo_plugins/local_setup.bash
-- Up-to-date: /home/sunny/catkin_ws/install/uuv_gazebo_plugins/share/uuv_gazebo_plugins/local_setup.sh
-- Up-to-date: /home/sunny/catkin_ws/install/uuv_gazebo_plugins/share/uuv_gazebo_plugins/local_setup.zsh
-- Installing: /home/sunny/catkin_ws/install/uuv_gazebo_plugins/share/uuv_gazebo_plugins/local_setup.dsv
-- Installing: /home/sunny/catkin_ws/install/uuv_gazebo_plugins/share/uuv_gazebo_plugins/package.dsv
-- Up-to-date: /home/sunny/catkin_ws/install/uuv_gazebo_plugins/share/ament_index/resource_index/packages/uuv_gazebo_plugins
-- Up-to-date: /home/sunny/catkin_ws/install/uuv_gazebo_plugins/share/uuv_gazebo_plugins/cmake/ament_cmake_export_dependencies-extras.cmake
-- Up-to-date: /home/sunny/catkin_ws/install/uuv_gazebo_plugins/share/uuv_gazebo_plugins/cmake/ament_cmake_export_include_directories-extras.cmake
-- Up-to-date: /home/sunny/catkin_ws/install/uuv_gazebo_plugins/share/uuv_gazebo_plugins/cmake/ament_cmake_export_libraries-extras.cmake
-- Up-to-date: /home/sunny/catkin_ws/install/uuv_gazebo_plugins/share/uuv_gazebo_plugins/cmake/uuv_gazebo_pluginsConfig.cmake
-- Up-to-date: /home/sunny/catkin_ws/install/uuv_gazebo_plugins/share/uuv_gazebo_plugins/cmake/uuv_gazebo_pluginsConfig-version.cmake
-- Installing: /home/sunny/catkin_ws/install/uuv_gazebo_plugins/share/uuv_gazebo_plugins/package.xml
