[0.165s] Invoking command in '/home/sunny/catkin_ws/build/common_msgs': CMAKE_PREFIX_PATH=${CMAKE_PREFIX_PATH}:/home/sunny/catkin_ws/install/beluga_adapter:/opt/ros/humble /usr/bin/cmake --build /home/sunny/catkin_ws/build/common_msgs -- -j16 -l16
[0.189s] -- Found ament_cmake: 1.3.6 (/opt/ros/humble/share/ament_cmake/cmake)
[0.336s] -- Found rosidl_default_generators: 1.2.0 (/opt/ros/humble/share/rosidl_default_generators/cmake)
[0.337s] -- Using all available rosidl_typesupport_c: rosidl_typesupport_fastrtps_c;rosidl_typesupport_introspection_c
[0.340s] -- Found rosidl_adapter: 3.1.5 (/opt/ros/humble/share/rosidl_adapter/cmake)
[0.369s] -- Using all available rosidl_typesupport_cpp: rosidl_typesupport_fastrtps_cpp;rosidl_typesupport_introspection_cpp
[0.395s] -- Found std_msgs: 4.2.3 (/opt/ros/humble/share/std_msgs/cmake)
[0.596s] [31mCMake Error at /opt/ros/humble/share/rosidl_adapter/cmake/rosidl_adapt_interfaces.cmake:59 (message):
[0.596s]   execute_process(/usr/bin/python3.10 -m rosidl_adapter --package-name
[0.596s]   common_msgs --arguments-file
[0.596s]   /home/sunny/catkin_ws/build/common_msgs/rosidl_adapter__arguments__common_msgs.json
[0.596s]   --output-dir
[0.597s]   /home/sunny/catkin_ws/build/common_msgs/rosidl_adapter/common_msgs
[0.597s]   --output-file
[0.597s]   /home/sunny/catkin_ws/build/common_msgs/rosidl_adapter/common_msgs.idls)
[0.597s]   returned error code 1:
[0.597s] 
[0.597s]   Error processing 'float data' of 'common_msgs/FloatStamped': ''float' is an
[0.597s]   invalid message name.  It should have the pattern '^[A-Z][A-Za-z0-9]*$''
[0.597s] 
[0.597s]   Traceback (most recent call last):
[0.597s] 
[0.597s]     File "/usr/lib/python3.10/runpy.py", line 196, in _run_module_as_main
[0.597s]       return _run_code(code, main_globals, None,
[0.597s]     File "/usr/lib/python3.10/runpy.py", line 86, in _run_code
[0.598s]       exec(code, run_globals)
[0.598s]     File "/opt/ros/humble/local/lib/python3.10/dist-packages/rosidl_adapter/__main__.py", line 19, in <module>
[0.598s]       sys.exit(main())
[0.598s]     File "/opt/ros/humble/local/lib/python3.10/dist-packages/rosidl_adapter/main.py", line 53, in main
[0.598s]       abs_idl_file = convert_to_idl(
[0.598s]     File "/opt/ros/humble/local/lib/python3.10/dist-packages/rosidl_adapter/__init__.py", line 19, in convert_to_idl
[0.598s]       return convert_msg_to_idl(
[0.598s]     File "/opt/ros/humble/local/lib/python3.10/dist-packages/rosidl_adapter/msg/__init__.py", line 28, in convert_msg_to_idl
[0.598s]       msg = parse_message_string(package_name, input_file.stem, content)
[0.598s]     File "/opt/ros/humble/local/lib/python3.10/dist-packages/rosidl_adapter/parser.py", line 520, in parse_message_string
[0.598s]       Type(type_string, context_package_name=pkg_name),
[0.598s]     File "/opt/ros/humble/local/lib/python3.10/dist-packages/rosidl_adapter/parser.py", line 277, in __init__
[0.598s]       super(Type, self).__init__(
[0.598s]     File "/opt/ros/humble/local/lib/python3.10/dist-packages/rosidl_adapter/parser.py", line 205, in __init__
[0.598s]       raise InvalidResourceName(
[0.598s] 
[0.599s]   rosidl_adapter.parser.InvalidResourceName: 'float' is an invalid message
[0.599s]   name.  It should have the pattern '^[A-Z][A-Za-z0-9]*$'
[0.599s] 
[0.599s] Call Stack (most recent call first):
[0.599s]   /opt/ros/humble/share/rosidl_cmake/cmake/rosidl_generate_interfaces.cmake:130 (rosidl_adapt_interfaces)
[0.599s]   CMakeLists.txt:18 (rosidl_generate_interfaces)
[0.599s] 
[0.599s] [0m
[0.599s] -- Configuring incomplete, errors occurred!
[0.599s] See also "/home/sunny/catkin_ws/build/common_msgs/CMakeFiles/CMakeOutput.log".
[0.602s] gmake: *** [Makefile:747: cmake_check_build_system] Error 1
[0.604s] Invoked command in '/home/sunny/catkin_ws/build/common_msgs' returned '2': CMAKE_PREFIX_PATH=${CMAKE_PREFIX_PATH}:/home/sunny/catkin_ws/install/beluga_adapter:/opt/ros/humble /usr/bin/cmake --build /home/sunny/catkin_ws/build/common_msgs -- -j16 -l16
