[0.106s] Invoking command in '/home/sunny/catkin_ws/build/beluga_simulator': CMAKE_PREFIX_PATH=${CMAKE_PREFIX_PATH}:/opt/ros/humble /usr/bin/cmake --build /home/sunny/catkin_ws/build/beluga_simulator -- -j16 -l16
[0.140s] Invoked command in '/home/sunny/catkin_ws/build/beluga_simulator' returned '0': CMAKE_PREFIX_PATH=${CMAKE_PREFIX_PATH}:/opt/ros/humble /usr/bin/cmake --build /home/sunny/catkin_ws/build/beluga_simulator -- -j16 -l16
[0.170s] Invoking command in '/home/sunny/catkin_ws/build/beluga_simulator': CMAKE_PREFIX_PATH=${CMAKE_PREFIX_PATH}:/opt/ros/humble /usr/bin/cmake --install /home/sunny/catkin_ws/build/beluga_simulator
[0.177s] -- Install configuration: ""
[0.178s] -- Up-to-date: /home/sunny/catkin_ws/install/beluga_simulator/share/beluga_simulator/config
[0.178s] -- Up-to-date: /home/sunny/catkin_ws/install/beluga_simulator/share/beluga_simulator/launch
[0.178s] -- Installing: /home/sunny/catkin_ws/install/beluga_simulator/share/beluga_simulator/launch/beluga_model.launch.py
[0.178s] -- Up-to-date: /home/sunny/catkin_ws/install/beluga_simulator/share/beluga_simulator/maps
[0.178s] -- Up-to-date: /home/sunny/catkin_ws/install/beluga_simulator/share/beluga_simulator/meshes
[0.178s] -- Up-to-date: /home/sunny/catkin_ws/install/beluga_simulator/share/beluga_simulator/meshes/angled_thruster_mount.dae
[0.178s] -- Up-to-date: /home/sunny/catkin_ws/install/beluga_simulator/share/beluga_simulator/meshes/pressure.dae
[0.178s] -- Up-to-date: /home/sunny/catkin_ws/install/beluga_simulator/share/beluga_simulator/meshes/oe14-372.dae
[0.179s] -- Up-to-date: /home/sunny/catkin_ws/install/beluga_simulator/share/beluga_simulator/meshes/oe14-372.blend
[0.179s] -- Up-to-date: /home/sunny/catkin_ws/install/beluga_simulator/share/beluga_simulator/meshes/angled_thruster_mount.stl
[0.179s] -- Up-to-date: /home/sunny/catkin_ws/install/beluga_simulator/share/beluga_simulator/meshes/propeller.dae
[0.179s] -- Up-to-date: /home/sunny/catkin_ws/install/beluga_simulator/share/beluga_simulator/meshes/propeller.stl
[0.179s] -- Up-to-date: /home/sunny/catkin_ws/install/beluga_simulator/share/beluga_simulator/models
[0.179s] -- Up-to-date: /home/sunny/catkin_ws/install/beluga_simulator/share/beluga_simulator/models/camera_snippets.xacro
[0.179s] -- Up-to-date: /home/sunny/catkin_ws/install/beluga_simulator/share/beluga_simulator/models/imu_snippets.xacro
[0.179s] -- Up-to-date: /home/sunny/catkin_ws/install/beluga_simulator/share/beluga_simulator/models/beluga_snippets.xacro
[0.180s] -- Up-to-date: /home/sunny/catkin_ws/install/beluga_simulator/share/beluga_simulator/models/beluga_base.xacro
[0.180s] -- Up-to-date: /home/sunny/catkin_ws/install/beluga_simulator/share/beluga_simulator/models/thruster_snippets.xacro
[0.180s] -- Up-to-date: /home/sunny/catkin_ws/install/beluga_simulator/share/beluga_simulator/models/pressure_snippets.xacro
[0.180s] -- Up-to-date: /home/sunny/catkin_ws/install/beluga_simulator/share/beluga_simulator/models/misc.xacro
[0.180s] -- Up-to-date: /home/sunny/catkin_ws/install/beluga_simulator/share/beluga_simulator/models/beluga_sensors.xacro
[0.180s] -- Up-to-date: /home/sunny/catkin_ws/install/beluga_simulator/share/beluga_simulator/models/sensor_snippets.xacro
[0.180s] -- Up-to-date: /home/sunny/catkin_ws/install/beluga_simulator/share/beluga_simulator/models/common.urdf.xacro
[0.180s] -- Up-to-date: /home/sunny/catkin_ws/install/beluga_simulator/share/beluga_simulator/models/beluga_thrusters.xacro
[0.181s] -- Up-to-date: /home/sunny/catkin_ws/install/beluga_simulator/share/beluga_simulator/params
[0.181s] -- Up-to-date: /home/sunny/catkin_ws/install/beluga_simulator/share/beluga_simulator/rviz
[0.181s] -- Up-to-date: /home/sunny/catkin_ws/install/beluga_simulator/share/beluga_simulator/rviz/urdf.rviz
[0.181s] -- Up-to-date: /home/sunny/catkin_ws/install/beluga_simulator/share/beluga_simulator/src
[0.181s] -- Up-to-date: /home/sunny/catkin_ws/install/beluga_simulator/share/beluga_simulator/worlds
[0.181s] -- Up-to-date: /home/sunny/catkin_ws/install/beluga_simulator/share/beluga_simulator/worlds/sauvc_2020.world
[0.181s] -- Up-to-date: /home/sunny/catkin_ws/install/beluga_simulator/share/beluga_simulator/urdf
[0.181s] -- Up-to-date: /home/sunny/catkin_ws/install/beluga_simulator/share/beluga_simulator/urdf/beluga_default.urdf
[0.181s] -- Up-to-date: /home/sunny/catkin_ws/install/beluga_simulator/share/beluga_simulator/urdf/beluga_default.xacro
[0.181s] -- Up-to-date: /home/sunny/catkin_ws/install/beluga_simulator/share/beluga_simulator/world_models
[0.181s] -- Up-to-date: /home/sunny/catkin_ws/install/beluga_simulator/share/beluga_simulator/world_models/gate
[0.182s] -- Up-to-date: /home/sunny/catkin_ws/install/beluga_simulator/share/beluga_simulator/world_models/gate/model.sdf
[0.182s] -- Up-to-date: /home/sunny/catkin_ws/install/beluga_simulator/share/beluga_simulator/world_models/gate/model.config
[0.182s] -- Up-to-date: /home/sunny/catkin_ws/install/beluga_simulator/share/beluga_simulator/world_models/red_drum
[0.182s] -- Up-to-date: /home/sunny/catkin_ws/install/beluga_simulator/share/beluga_simulator/world_models/red_drum/model.sdf
[0.182s] -- Up-to-date: /home/sunny/catkin_ws/install/beluga_simulator/share/beluga_simulator/world_models/red_drum/model.config
[0.182s] -- Up-to-date: /home/sunny/catkin_ws/install/beluga_simulator/share/beluga_simulator/world_models/blue_drum
[0.182s] -- Up-to-date: /home/sunny/catkin_ws/install/beluga_simulator/share/beluga_simulator/world_models/blue_drum/model.sdf
[0.182s] -- Up-to-date: /home/sunny/catkin_ws/install/beluga_simulator/share/beluga_simulator/world_models/blue_drum/model.config
[0.182s] -- Up-to-date: /home/sunny/catkin_ws/install/beluga_simulator/share/beluga_simulator/world_models/target_acquistion_area
[0.182s] -- Up-to-date: /home/sunny/catkin_ws/install/beluga_simulator/share/beluga_simulator/world_models/target_acquistion_area/model.sdf
[0.183s] -- Up-to-date: /home/sunny/catkin_ws/install/beluga_simulator/share/beluga_simulator/world_models/target_acquistion_area/model.config
[0.183s] -- Up-to-date: /home/sunny/catkin_ws/install/beluga_simulator/share/beluga_simulator/world_models/swimming_pool
[0.183s] -- Up-to-date: /home/sunny/catkin_ws/install/beluga_simulator/share/beluga_simulator/world_models/swimming_pool/model.sdf
[0.183s] -- Up-to-date: /home/sunny/catkin_ws/install/beluga_simulator/share/beluga_simulator/world_models/swimming_pool/model.config
[0.183s] -- Up-to-date: /home/sunny/catkin_ws/install/beluga_simulator/share/beluga_simulator/world_models/yellow_flare
[0.183s] -- Up-to-date: /home/sunny/catkin_ws/install/beluga_simulator/share/beluga_simulator/world_models/yellow_flare/model.sdf
[0.183s] -- Up-to-date: /home/sunny/catkin_ws/install/beluga_simulator/share/beluga_simulator/world_models/yellow_flare/model.config
[0.183s] -- Up-to-date: /home/sunny/catkin_ws/install/beluga_simulator/share/beluga_simulator/world_models/red_flare
[0.183s] -- Up-to-date: /home/sunny/catkin_ws/install/beluga_simulator/share/beluga_simulator/world_models/red_flare/model.sdf
[0.183s] -- Up-to-date: /home/sunny/catkin_ws/install/beluga_simulator/share/beluga_simulator/world_models/red_flare/model.config
[0.184s] -- Up-to-date: /home/sunny/catkin_ws/install/beluga_simulator/share/ament_index/resource_index/package_run_dependencies/beluga_simulator
[0.184s] -- Up-to-date: /home/sunny/catkin_ws/install/beluga_simulator/share/ament_index/resource_index/parent_prefix_path/beluga_simulator
[0.184s] -- Up-to-date: /home/sunny/catkin_ws/install/beluga_simulator/share/beluga_simulator/environment/ament_prefix_path.sh
[0.184s] -- Up-to-date: /home/sunny/catkin_ws/install/beluga_simulator/share/beluga_simulator/environment/ament_prefix_path.dsv
[0.184s] -- Up-to-date: /home/sunny/catkin_ws/install/beluga_simulator/share/beluga_simulator/environment/path.sh
[0.184s] -- Up-to-date: /home/sunny/catkin_ws/install/beluga_simulator/share/beluga_simulator/environment/path.dsv
[0.184s] -- Up-to-date: /home/sunny/catkin_ws/install/beluga_simulator/share/beluga_simulator/local_setup.bash
[0.185s] -- Up-to-date: /home/sunny/catkin_ws/install/beluga_simulator/share/beluga_simulator/local_setup.sh
[0.185s] -- Up-to-date: /home/sunny/catkin_ws/install/beluga_simulator/share/beluga_simulator/local_setup.zsh
[0.185s] -- Up-to-date: /home/sunny/catkin_ws/install/beluga_simulator/share/beluga_simulator/local_setup.dsv
[0.185s] -- Installing: /home/sunny/catkin_ws/install/beluga_simulator/share/beluga_simulator/package.dsv
[0.185s] -- Up-to-date: /home/sunny/catkin_ws/install/beluga_simulator/share/ament_index/resource_index/packages/beluga_simulator
[0.186s] -- Up-to-date: /home/sunny/catkin_ws/install/beluga_simulator/share/beluga_simulator/cmake/beluga_simulatorConfig.cmake
[0.186s] -- Up-to-date: /home/sunny/catkin_ws/install/beluga_simulator/share/beluga_simulator/cmake/beluga_simulatorConfig-version.cmake
[0.186s] -- Up-to-date: /home/sunny/catkin_ws/install/beluga_simulator/share/beluga_simulator/package.xml
[0.186s] Invoked command in '/home/sunny/catkin_ws/build/beluga_simulator' returned '0': CMAKE_PREFIX_PATH=${CMAKE_PREFIX_PATH}:/opt/ros/humble /usr/bin/cmake --install /home/sunny/catkin_ws/build/beluga_simulator
