[0.572s] Invoking command in '/home/sunny/catkin_ws/build/uuv_gazebo_plugins': CMAKE_PREFIX_PATH=${CMAKE_PREFIX_PATH}:/home/sunny/catkin_ws/install/beluga_adapter:/opt/ros/humble /usr/bin/cmake /home/sunny/catkin_ws/src/Plankton/uuv_gazebo_plugins/uuv_gazebo_plugins -DCMAKE_INSTALL_PREFIX=/home/sunny/catkin_ws/install/uuv_gazebo_plugins
[0.674s] -- The C compiler identification is GNU 11.4.0
[0.783s] -- The CXX compiler identification is GNU 11.4.0
[0.795s] -- Detecting C compiler ABI info
[0.897s] -- Detecting C compiler ABI info - done
[0.909s] -- Check for working C compiler: /usr/bin/cc - skipped
[0.909s] -- Detecting C compile features
[0.910s] -- Detecting C compile features - done
[0.925s] -- Detecting CXX compiler ABI info
[1.031s] -- Detecting CXX compiler ABI info - done
[1.042s] -- Check for working CXX compiler: /usr/bin/c++ - skipped
[1.042s] -- Detecting CXX compile features
[1.043s] -- Detecting CXX compile features - done
[1.047s] -- Found ament_cmake: 1.3.6 (/opt/ros/humble/share/ament_cmake/cmake)
[1.278s] -- Found Python3: /usr/bin/python3.10 (found version "3.10.12") found components: Interpreter 
[1.396s] -- Found gazebo_dev: 3.7.0 (/opt/ros/humble/share/gazebo_dev/cmake)
[1.405s] -- Found PkgConfig: /usr/bin/pkg-config (found version "0.29.2") 
[1.411s] -- Checking for module 'bullet>=2.82'
[1.430s] --   Found bullet, version 3.05
[1.577s] -- Found fcl: /usr/include (found suitable version "0.7.0", minimum required is "0.5.0") 
[1.668s] -- Found assimp: /usr/include (found version "5.2.0") 
[1.697s] -- Found DART: /usr/include (Required is at least version "6.6") found components: dart 
[1.936s] -- Found Boost: /usr/lib/x86_64-linux-gnu/cmake/Boost-1.74.0/BoostConfig.cmake (found suitable version "1.74.0", minimum required is "1.40.0") found components: thread system filesystem program_options regex iostreams date_time 
[1.957s] -- Found Protobuf: /usr/lib/x86_64-linux-gnu/libprotobuf.so (found version "3.12.4") 
[1.963s] -- Looking for ignition-math6 -- found version 6.15.0
[1.970s] -- Searching for dependencies of ignition-math6
[1.971s] -- Looking for OGRE...
[1.971s] -- OGRE_PREFIX_WATCH changed.
[1.978s] -- Checking for module 'OGRE'
[1.998s] --   Found OGRE, version 1.9.0
[2.043s] -- Found Ogre Ghadamon (1.9.0)
[2.056s] -- Found OGRE: optimized;/usr/lib/x86_64-linux-gnu/libOgreMain.so;debug;/usr/lib/x86_64-linux-gnu/libOgreMain.so
[2.068s] -- Looking for OGRE_Paging...
[2.081s] -- Found OGRE_Paging: optimized;/usr/lib/x86_64-linux-gnu/libOgrePaging.so;debug;/usr/lib/x86_64-linux-gnu/libOgrePaging.so
[2.081s] -- Looking for OGRE_Terrain...
[2.103s] -- Found OGRE_Terrain: optimized;/usr/lib/x86_64-linux-gnu/libOgreTerrain.so;debug;/usr/lib/x86_64-linux-gnu/libOgreTerrain.so
[2.103s] -- Looking for OGRE_Property...
[2.107s] -- Found OGRE_Property: optimized;/usr/lib/x86_64-linux-gnu/libOgreProperty.so;debug;/usr/lib/x86_64-linux-gnu/libOgreProperty.so
[2.108s] -- Looking for OGRE_RTShaderSystem...
[2.110s] -- Found OGRE_RTShaderSystem: optimized;/usr/lib/x86_64-linux-gnu/libOgreRTShaderSystem.so;debug;/usr/lib/x86_64-linux-gnu/libOgreRTShaderSystem.so
[2.110s] -- Looking for OGRE_Volume...
[2.117s] -- Found OGRE_Volume: optimized;/usr/lib/x86_64-linux-gnu/libOgreVolume.so;debug;/usr/lib/x86_64-linux-gnu/libOgreVolume.so
[2.117s] -- Looking for OGRE_Overlay...
[2.134s] -- Found OGRE_Overlay: optimized;/usr/lib/x86_64-linux-gnu/libOgreOverlay.so;debug;/usr/lib/x86_64-linux-gnu/libOgreOverlay.so
[2.342s] -- Looking for ignition-math6 -- found version 6.15.0
[2.346s] -- Looking for ignition-transport8 -- found version 8.2.1
[2.346s] -- Searching for dependencies of ignition-transport8
[2.373s] -- Found Protobuf: /usr/lib/x86_64-linux-gnu/libprotobuf.so (found suitable version "3.12.4", minimum required is "3") 
[2.387s] -- Config-file not installed for ZeroMQ -- checking for pkg-config
[2.392s] -- Checking for module 'libzmq >= 4'
[2.419s] --   Found libzmq , version 4.3.4
[2.477s] -- Found ZeroMQ: TRUE (Required is at least version "4") 
[2.483s] -- Checking for module 'uuid'
[2.505s] --   Found uuid, version 2.37.2
[2.564s] -- Found UUID: TRUE  
[2.568s] -- Looking for ignition-msgs5 -- found version 5.8.1
[2.568s] -- Searching for dependencies of ignition-msgs5
[2.599s] -- Looking for ignition-math6 -- found version 6.15.0
[2.606s] -- Checking for module 'tinyxml2'
[2.629s] --   Found tinyxml2, version 9.0.0
[2.689s] -- Looking for ignition-msgs5 -- found version 5.8.1
[2.693s] -- Looking for ignition-common3 -- found version 3.14.0
[2.693s] -- Searching for dependencies of ignition-common3
[2.694s] -- Looking for dlfcn.h - found
[2.695s] -- Looking for libdl - found
[2.698s] -- Found DL: TRUE  
[2.714s] -- Found tinyobjloader: /usr/lib/x86_64-linux-gnu/cmake/tinyobjloader/tinyobjloader-config.cmake (found version "2.0.0") 
[2.714s] -- Searching for <ignition-common3> component [graphics]
[2.718s] -- Looking for ignition-common3-graphics -- found version 3.14.0
[2.718s] -- Searching for dependencies of ignition-common3-graphics
[2.719s] -- Looking for ignition-math6 -- found version 6.15.0
[2.722s] -- Looking for ignition-fuel_tools4 -- found version 4.4.0
[2.723s] -- Searching for dependencies of ignition-fuel_tools4
[2.843s] -- Found CURL: /usr/lib/x86_64-linux-gnu/libcurl.so (found version "7.81.0")  
[2.855s] -- Checking for module 'jsoncpp'
[2.878s] --   Found jsoncpp, version 1.9.5
[2.937s] -- Found JSONCPP: TRUE  
[2.945s] -- Checking for module 'libzip'
[2.963s] --   Found libzip, version 1.7.3
[3.021s] -- Found ZIP: TRUE  
[3.022s] -- Looking for ignition-common3 -- found version 3.14.0
[3.023s] -- Looking for ignition-math6 -- found version 6.15.0
[3.023s] -- Looking for ignition-msgs5 -- found version 5.8.1
[3.028s] -- Gazebo version: 11.10
[3.029s] -- Checking for module 'tbb'
[3.054s] --   Found tbb, version 2021.5.0
[3.120s] -- Found Protobuf: /usr/lib/x86_64-linux-gnu/libprotobuf.so (found version "3.12.4") 
[3.120s] -- PROTOBUF_IMPORT_DIRS = /usr/include/gazebo-11/gazebo/msgs/proto
[3.120s] -- GAZEBO_MSG_INCLUDE_DIRS = /usr/include/gazebo-11/gazebo/msgs
[3.124s] -- Found ament_cmake_gtest: 1.3.6 (/opt/ros/humble/share/ament_cmake_gtest/cmake)
[3.129s] -- Found gtest sources under '/opt/ros/humble/src/gtest_vendor': C++ tests using 'Google Test' will be built
[3.134s] -- Found Threads: TRUE  
[3.223s] -- Configuring done
[3.351s] -- Generating done
[3.356s] -- Build files have been written to: /home/sunny/catkin_ws/build/uuv_gazebo_plugins
[3.377s] Invoked command in '/home/sunny/catkin_ws/build/uuv_gazebo_plugins' returned '0': CMAKE_PREFIX_PATH=${CMAKE_PREFIX_PATH}:/home/sunny/catkin_ws/install/beluga_adapter:/opt/ros/humble /usr/bin/cmake /home/sunny/catkin_ws/src/Plankton/uuv_gazebo_plugins/uuv_gazebo_plugins -DCMAKE_INSTALL_PREFIX=/home/sunny/catkin_ws/install/uuv_gazebo_plugins
[3.378s] Invoking command in '/home/sunny/catkin_ws/build/uuv_gazebo_plugins': CMAKE_PREFIX_PATH=${CMAKE_PREFIX_PATH}:/home/sunny/catkin_ws/install/beluga_adapter:/opt/ros/humble /usr/bin/cmake --build /home/sunny/catkin_ws/build/uuv_gazebo_plugins -- -j16 -l16
[3.520s] [  3%] [34m[1mRunning cpp protocol buffer compiler on /home/sunny/catkin_ws/src/Plankton/uuv_gazebo_plugins/uuv_gazebo_plugins/msgs/Accel.proto[0m
[3.522s] [  7%] [34m[1mRunning cpp protocol buffer compiler on /home/sunny/catkin_ws/src/Plankton/uuv_gazebo_plugins/uuv_gazebo_plugins/msgs/Double.proto[0m
[3.540s] [ 10%] [32mBuilding CXX object CMakeFiles/uuv_underwater_object_plugin.dir/src/UnderwaterObjectPlugin.cpp.o[0m
[3.545s] [ 14%] [32mBuilding CXX object CMakeFiles/umbilical_plugin.dir/src/UmbilicalModel.cpp.o[0m
[3.547s] [ 17%] [32mBuilding CXX object CMakeFiles/uuv_underwater_object_plugin.dir/src/HydrodynamicModel.cpp.o[0m
[3.562s] [ 21%] [32mBuilding CXX object gtest/CMakeFiles/gtest_main.dir/src/gtest_main.cc.o[0m
[3.568s] [ 28%] [32mBuilding CXX object CMakeFiles/uuv_dynamics.dir/src/Dynamics.cpp.o[0m
[3.569s] [ 28%] [32mBuilding CXX object CMakeFiles/umbilical_plugin.dir/src/UmbilicalPlugin.cpp.o[0m
[3.572s] [ 32%] [32mBuilding CXX object CMakeFiles/uuv_underwater_object_plugin.dir/src/BuoyantObject.cpp.o[0m
[3.584s] [ 35%] [32mBuilding CXX object gtest/CMakeFiles/gtest.dir/src/gtest-all.cc.o[0m
[3.672s] [ 39%] [32mBuilding CXX object CMakeFiles/uuv_gazebo_plugins_msgs.dir/Accel.pb.cc.o[0m
[3.729s] [ 42%] [32mBuilding CXX object CMakeFiles/uuv_gazebo_plugins_msgs.dir/Double.pb.cc.o[0m
[6.066s] [ 46%] [32m[1mLinking CXX shared library libuuv_gazebo_plugins_msgs.so[0m
[6.311s] [ 50%] [32m[1mLinking CXX static library libgtest_main.a[0m
[6.437s] [ 50%] Built target uuv_gazebo_plugins_msgs
[6.560s] [ 50%] Built target gtest_main
[13.104s] [ 53%] [32m[1mLinking CXX static library libgtest.a[0m
[13.392s] [ 53%] Built target gtest
[27.737s] [ 57%] [32m[1mLinking CXX shared library libuuv_dynamics.so[0m
[28.361s] [ 57%] Built target uuv_dynamics
[28.494s] [ 60%] [32mBuilding CXX object CMakeFiles/uuv_thruster_plugin.dir/src/ThrusterConversionFcn.cpp.o[0m
[28.499s] [ 64%] [32mBuilding CXX object CMakeFiles/uuv_fin_plugin.dir/src/FinPlugin.cpp.o[0m
[28.503s] [ 67%] [32mBuilding CXX object CMakeFiles/uuv_fin_plugin.dir/src/LiftDragModel.cpp.o[0m
[28.519s] [ 71%] [32mBuilding CXX object CMakeFiles/UNIT_ThrusterDynamics_TEST.dir/src/ThrusterDynamics_TEST.cpp.o[0m
[28.568s] [ 75%] [32mBuilding CXX object CMakeFiles/uuv_thruster_plugin.dir/src/ThrusterPlugin.cpp.o[0m
[33.458s] [ 78%] [32m[1mLinking CXX executable UNIT_ThrusterDynamics_TEST[0m
[33.550s] In file included from [01m[K/usr/include/boost/bind.hpp:30[m[K,
[33.551s]                  from [01m[K/home/sunny/catkin_ws/src/Plankton/uuv_gazebo_plugins/uuv_gazebo_plugins/src/ThrusterPlugin.cpp:23[m[K:
[33.551s] [01m[K/usr/include/boost/bind.hpp:36:1:[m[K [01;36m[Knote: [m[K‘[01m[K#pragma message: The practice of declaring the Bind placeholders (_1, _2, ...) in the global namespace is deprecated. Please use <boost/bind/bind.hpp> + using namespace boost::placeholders, or define BOOST_BIND_GLOBAL_PLACEHOLDERS to retain the current behavior.[m[K’
[33.552s]    36 | [01;36m[KBOOST_PRAGMA_MESSAGE[m[K(
[33.553s]       | [01;36m[K^~~~~~~~~~~~~~~~~~~~[m[K
[34.644s] [ 82%] [32m[1mLinking CXX shared library libumbilical_plugin.so[0m
[34.740s] [ 82%] Built target UNIT_ThrusterDynamics_TEST
[35.188s] [ 82%] Built target umbilical_plugin
[36.917s] [ 85%] [32m[1mLinking CXX shared library libuuv_underwater_object_plugin.so[0m
[37.930s] [ 85%] Built target uuv_underwater_object_plugin
[43.423s] [ 89%] [32m[1mLinking CXX shared library libuuv_fin_plugin.so[0m
[43.789s] [ 89%] Built target uuv_fin_plugin
[44.129s] [ 92%] [32m[1mLinking CXX shared library libuuv_thruster_plugin.so[0m
[44.458s] [ 92%] Built target uuv_thruster_plugin
[44.480s] [ 96%] [32mBuilding CXX object CMakeFiles/UNIT_ThrusterConversionFcn_TEST.dir/src/ThrusterConversionFcn_TEST.cpp.o[0m
[47.119s] [100%] [32m[1mLinking CXX executable UNIT_ThrusterConversionFcn_TEST[0m
[47.845s] [100%] Built target UNIT_ThrusterConversionFcn_TEST
