[0.778s] Invoking command in '/home/sunny/catkin_ws/build/uuv_auv_control_allocator': CMAKE_PREFIX_PATH=/home/sunny/catkin_ws/install/plankton_utils:/home/sunny/catkin_ws/install/plankton:/home/sunny/catkin_ws/install/uuv_simulator:/home/sunny/catkin_ws/install/uuv_world_ros_plugins:/home/sunny/catkin_ws/install/uuv_tutorials:/home/sunny/catkin_ws/install/uuv_tutorial_dp_controller:/home/sunny/catkin_ws/install/uuv_tutorial_disturbances:/home/sunny/catkin_ws/install/uuv_control_utils:/home/sunny/catkin_ws/install/uuv_world_ros_plugins_msgs:/home/sunny/catkin_ws/install/uuv_world_plugins:/home/sunny/catkin_ws/install/uuv_tutorial_seabed_world:/home/sunny/catkin_ws/install/uuv_trajectory_control:/home/sunny/catkin_ws/install/uuv_teleop:/home/sunny/catkin_ws/install/uuv_thruster_manager:/home/sunny/catkin_ws/install/uuv_descriptions:/home/sunny/catkin_ws/install/uuv_sensor_ros_plugins:/home/sunny/catkin_ws/install/uuv_sensor_ros_plugins_msgs:/home/sunny/catkin_ws/install/uuv_gazebo_worlds:/home/sunny/catkin_ws/install/uuv_gazebo_ros_plugins:/home/sunny/catkin_ws/install/uuv_gazebo_ros_plugins_msgs:/home/sunny/catkin_ws/install/uuv_gazebo_plugins:/home/sunny/catkin_ws/install/uuv_gazebo:/home/sunny/catkin_ws/install/uuv_control_msgs:/home/sunny/catkin_ws/install/uuv_control_cascaded_pid:/home/sunny/catkin_ws/install/uuv_auv_control_allocator:/home/sunny/catkin_ws/install/uuv_assistants:/home/sunny/catkin_ws/install/turtlesim:/home/sunny/catkin_ws/install/common_msgs:/home/sunny/catkin_ws/install/beluga_simulator:/home/sunny/catkin_ws/install/beluga_adapter:/opt/ros/humble /usr/bin/cmake --build /home/sunny/catkin_ws/build/uuv_auv_control_allocator -- -j16 -l16
[0.880s] [  3%] Built target uuv_auv_control_allocator__cpp
[0.882s] [ 12%] Built target uuv_auv_control_allocator__rosidl_generator_c
[0.882s] [ 12%] Built target ament_cmake_python_copy_uuv_auv_actuator_interface
[0.882s] [ 12%] Built target ament_cmake_python_copy_uuv_auv_control_allocator
[0.882s] [ 22%] Built target uuv_auv_control_allocator__rosidl_typesupport_cpp
[0.882s] [ 32%] Built target uuv_auv_control_allocator__rosidl_typesupport_fastrtps_cpp
[0.882s] [ 41%] Built target uuv_auv_control_allocator__rosidl_typesupport_fastrtps_c
[0.883s] [ 51%] Built target uuv_auv_control_allocator__rosidl_typesupport_introspection_cpp
[0.883s] [ 61%] Built target uuv_auv_control_allocator__rosidl_typesupport_c
[0.883s] [ 70%] Built target uuv_auv_control_allocator__rosidl_typesupport_introspection_c
[0.883s] [ 70%] Built target uuv_auv_control_allocator
[0.883s] [ 74%] Built target uuv_auv_control_allocator__py
[0.908s] [ 80%] Built target uuv_auv_control_allocator__rosidl_generator_py
[0.949s] [ 87%] Built target uuv_auv_control_allocator__rosidl_typesupport_fastrtps_c__pyext
[0.950s] [ 93%] Built target uuv_auv_control_allocator__rosidl_typesupport_introspection_c__pyext
[0.954s] [100%] Built target uuv_auv_control_allocator__rosidl_typesupport_c__pyext
[1.054s] running egg_info
[1.055s] writing uuv_auv_control_allocator.egg-info/PKG-INFO
[1.055s] writing dependency_links to uuv_auv_control_allocator.egg-info/dependency_links.txt
[1.056s] writing top-level names to uuv_auv_control_allocator.egg-info/top_level.txt
[1.058s] reading manifest file 'uuv_auv_control_allocator.egg-info/SOURCES.txt'
[1.059s] writing manifest file 'uuv_auv_control_allocator.egg-info/SOURCES.txt'
[1.065s] running egg_info
[1.065s] writing uuv_auv_actuator_interface.egg-info/PKG-INFO
[1.065s] writing dependency_links to uuv_auv_actuator_interface.egg-info/dependency_links.txt
[1.066s] writing top-level names to uuv_auv_actuator_interface.egg-info/top_level.txt
[1.068s] reading manifest file 'uuv_auv_actuator_interface.egg-info/SOURCES.txt'
[1.069s] writing manifest file 'uuv_auv_actuator_interface.egg-info/SOURCES.txt'
[1.101s] [100%] Built target ament_cmake_python_build_uuv_auv_control_allocator_egg
[1.113s] [100%] Built target ament_cmake_python_build_uuv_auv_actuator_interface_egg
[1.742s] Invoked command in '/home/sunny/catkin_ws/build/uuv_auv_control_allocator' returned '0': CMAKE_PREFIX_PATH=/home/sunny/catkin_ws/install/plankton_utils:/home/sunny/catkin_ws/install/plankton:/home/sunny/catkin_ws/install/uuv_simulator:/home/sunny/catkin_ws/install/uuv_world_ros_plugins:/home/sunny/catkin_ws/install/uuv_tutorials:/home/sunny/catkin_ws/install/uuv_tutorial_dp_controller:/home/sunny/catkin_ws/install/uuv_tutorial_disturbances:/home/sunny/catkin_ws/install/uuv_control_utils:/home/sunny/catkin_ws/install/uuv_world_ros_plugins_msgs:/home/sunny/catkin_ws/install/uuv_world_plugins:/home/sunny/catkin_ws/install/uuv_tutorial_seabed_world:/home/sunny/catkin_ws/install/uuv_trajectory_control:/home/sunny/catkin_ws/install/uuv_teleop:/home/sunny/catkin_ws/install/uuv_thruster_manager:/home/sunny/catkin_ws/install/uuv_descriptions:/home/sunny/catkin_ws/install/uuv_sensor_ros_plugins:/home/sunny/catkin_ws/install/uuv_sensor_ros_plugins_msgs:/home/sunny/catkin_ws/install/uuv_gazebo_worlds:/home/sunny/catkin_ws/install/uuv_gazebo_ros_plugins:/home/sunny/catkin_ws/install/uuv_gazebo_ros_plugins_msgs:/home/sunny/catkin_ws/install/uuv_gazebo_plugins:/home/sunny/catkin_ws/install/uuv_gazebo:/home/sunny/catkin_ws/install/uuv_control_msgs:/home/sunny/catkin_ws/install/uuv_control_cascaded_pid:/home/sunny/catkin_ws/install/uuv_auv_control_allocator:/home/sunny/catkin_ws/install/uuv_assistants:/home/sunny/catkin_ws/install/turtlesim:/home/sunny/catkin_ws/install/common_msgs:/home/sunny/catkin_ws/install/beluga_simulator:/home/sunny/catkin_ws/install/beluga_adapter:/opt/ros/humble /usr/bin/cmake --build /home/sunny/catkin_ws/build/uuv_auv_control_allocator -- -j16 -l16
[1.935s] Invoking command in '/home/sunny/catkin_ws/build/uuv_auv_control_allocator': CMAKE_PREFIX_PATH=/home/sunny/catkin_ws/install/plankton_utils:/home/sunny/catkin_ws/install/plankton:/home/sunny/catkin_ws/install/uuv_simulator:/home/sunny/catkin_ws/install/uuv_world_ros_plugins:/home/sunny/catkin_ws/install/uuv_tutorials:/home/sunny/catkin_ws/install/uuv_tutorial_dp_controller:/home/sunny/catkin_ws/install/uuv_tutorial_disturbances:/home/sunny/catkin_ws/install/uuv_control_utils:/home/sunny/catkin_ws/install/uuv_world_ros_plugins_msgs:/home/sunny/catkin_ws/install/uuv_world_plugins:/home/sunny/catkin_ws/install/uuv_tutorial_seabed_world:/home/sunny/catkin_ws/install/uuv_trajectory_control:/home/sunny/catkin_ws/install/uuv_teleop:/home/sunny/catkin_ws/install/uuv_thruster_manager:/home/sunny/catkin_ws/install/uuv_descriptions:/home/sunny/catkin_ws/install/uuv_sensor_ros_plugins:/home/sunny/catkin_ws/install/uuv_sensor_ros_plugins_msgs:/home/sunny/catkin_ws/install/uuv_gazebo_worlds:/home/sunny/catkin_ws/install/uuv_gazebo_ros_plugins:/home/sunny/catkin_ws/install/uuv_gazebo_ros_plugins_msgs:/home/sunny/catkin_ws/install/uuv_gazebo_plugins:/home/sunny/catkin_ws/install/uuv_gazebo:/home/sunny/catkin_ws/install/uuv_control_msgs:/home/sunny/catkin_ws/install/uuv_control_cascaded_pid:/home/sunny/catkin_ws/install/uuv_auv_control_allocator:/home/sunny/catkin_ws/install/uuv_assistants:/home/sunny/catkin_ws/install/turtlesim:/home/sunny/catkin_ws/install/common_msgs:/home/sunny/catkin_ws/install/beluga_simulator:/home/sunny/catkin_ws/install/beluga_adapter:/opt/ros/humble /usr/bin/cmake --install /home/sunny/catkin_ws/build/uuv_auv_control_allocator
[1.948s] -- Install configuration: ""
[1.948s] -- Up-to-date: /home/sunny/catkin_ws/install/uuv_auv_control_allocator/share/ament_index/resource_index/rosidl_interfaces/uuv_auv_control_allocator
[1.948s] -- Up-to-date: /home/sunny/catkin_ws/install/uuv_auv_control_allocator/include/uuv_auv_control_allocator/uuv_auv_control_allocator
[1.949s] -- Up-to-date: /home/sunny/catkin_ws/install/uuv_auv_control_allocator/include/uuv_auv_control_allocator/uuv_auv_control_allocator/msg
[1.949s] -- Up-to-date: /home/sunny/catkin_ws/install/uuv_auv_control_allocator/include/uuv_auv_control_allocator/uuv_auv_control_allocator/msg/detail
[1.949s] -- Up-to-date: /home/sunny/catkin_ws/install/uuv_auv_control_allocator/include/uuv_auv_control_allocator/uuv_auv_control_allocator/msg/detail/auv_command__type_support.h
[1.949s] -- Up-to-date: /home/sunny/catkin_ws/install/uuv_auv_control_allocator/include/uuv_auv_control_allocator/uuv_auv_control_allocator/msg/detail/auv_command__functions.c
[1.949s] -- Up-to-date: /home/sunny/catkin_ws/install/uuv_auv_control_allocator/include/uuv_auv_control_allocator/uuv_auv_control_allocator/msg/detail/auv_command__struct.h
[1.949s] -- Up-to-date: /home/sunny/catkin_ws/install/uuv_auv_control_allocator/include/uuv_auv_control_allocator/uuv_auv_control_allocator/msg/detail/auv_command__functions.h
[1.949s] -- Up-to-date: /home/sunny/catkin_ws/install/uuv_auv_control_allocator/include/uuv_auv_control_allocator/uuv_auv_control_allocator/msg/rosidl_generator_c__visibility_control.h
[1.949s] -- Up-to-date: /home/sunny/catkin_ws/install/uuv_auv_control_allocator/include/uuv_auv_control_allocator/uuv_auv_control_allocator/msg/auv_command.h
[1.949s] -- Up-to-date: /home/sunny/catkin_ws/install/uuv_auv_control_allocator/share/uuv_auv_control_allocator/environment/library_path.sh
[1.950s] -- Up-to-date: /home/sunny/catkin_ws/install/uuv_auv_control_allocator/share/uuv_auv_control_allocator/environment/library_path.dsv
[1.950s] -- Up-to-date: /home/sunny/catkin_ws/install/uuv_auv_control_allocator/lib/libuuv_auv_control_allocator__rosidl_generator_c.so
[1.950s] -- Up-to-date: /home/sunny/catkin_ws/install/uuv_auv_control_allocator/include/uuv_auv_control_allocator/uuv_auv_control_allocator
[1.950s] -- Up-to-date: /home/sunny/catkin_ws/install/uuv_auv_control_allocator/include/uuv_auv_control_allocator/uuv_auv_control_allocator/msg
[1.950s] -- Up-to-date: /home/sunny/catkin_ws/install/uuv_auv_control_allocator/include/uuv_auv_control_allocator/uuv_auv_control_allocator/msg/detail
[1.950s] -- Up-to-date: /home/sunny/catkin_ws/install/uuv_auv_control_allocator/include/uuv_auv_control_allocator/uuv_auv_control_allocator/msg/detail/auv_command__rosidl_typesupport_fastrtps_c.h
[1.950s] -- Up-to-date: /home/sunny/catkin_ws/install/uuv_auv_control_allocator/include/uuv_auv_control_allocator/uuv_auv_control_allocator/msg/rosidl_typesupport_fastrtps_c__visibility_control.h
[1.950s] -- Up-to-date: /home/sunny/catkin_ws/install/uuv_auv_control_allocator/lib/libuuv_auv_control_allocator__rosidl_typesupport_fastrtps_c.so
[1.950s] -- Up-to-date: /home/sunny/catkin_ws/install/uuv_auv_control_allocator/include/uuv_auv_control_allocator/uuv_auv_control_allocator
[1.951s] -- Up-to-date: /home/sunny/catkin_ws/install/uuv_auv_control_allocator/include/uuv_auv_control_allocator/uuv_auv_control_allocator/msg
[1.951s] -- Up-to-date: /home/sunny/catkin_ws/install/uuv_auv_control_allocator/include/uuv_auv_control_allocator/uuv_auv_control_allocator/msg/detail
[1.952s] -- Up-to-date: /home/sunny/catkin_ws/install/uuv_auv_control_allocator/include/uuv_auv_control_allocator/uuv_auv_control_allocator/msg/detail/auv_command__traits.hpp
[1.952s] -- Up-to-date: /home/sunny/catkin_ws/install/uuv_auv_control_allocator/include/uuv_auv_control_allocator/uuv_auv_control_allocator/msg/detail/auv_command__struct.hpp
[1.952s] -- Up-to-date: /home/sunny/catkin_ws/install/uuv_auv_control_allocator/include/uuv_auv_control_allocator/uuv_auv_control_allocator/msg/detail/auv_command__builder.hpp
[1.952s] -- Up-to-date: /home/sunny/catkin_ws/install/uuv_auv_control_allocator/include/uuv_auv_control_allocator/uuv_auv_control_allocator/msg/auv_command.hpp
[1.952s] -- Up-to-date: /home/sunny/catkin_ws/install/uuv_auv_control_allocator/include/uuv_auv_control_allocator/uuv_auv_control_allocator
[1.952s] -- Up-to-date: /home/sunny/catkin_ws/install/uuv_auv_control_allocator/include/uuv_auv_control_allocator/uuv_auv_control_allocator/msg
[1.952s] -- Up-to-date: /home/sunny/catkin_ws/install/uuv_auv_control_allocator/include/uuv_auv_control_allocator/uuv_auv_control_allocator/msg/detail
[1.952s] -- Up-to-date: /home/sunny/catkin_ws/install/uuv_auv_control_allocator/include/uuv_auv_control_allocator/uuv_auv_control_allocator/msg/detail/auv_command__rosidl_typesupport_fastrtps_cpp.hpp
[1.953s] -- Up-to-date: /home/sunny/catkin_ws/install/uuv_auv_control_allocator/include/uuv_auv_control_allocator/uuv_auv_control_allocator/msg/detail/dds_fastrtps
[1.953s] -- Up-to-date: /home/sunny/catkin_ws/install/uuv_auv_control_allocator/include/uuv_auv_control_allocator/uuv_auv_control_allocator/msg/rosidl_typesupport_fastrtps_cpp__visibility_control.h
[1.953s] -- Up-to-date: /home/sunny/catkin_ws/install/uuv_auv_control_allocator/lib/libuuv_auv_control_allocator__rosidl_typesupport_fastrtps_cpp.so
[1.954s] -- Up-to-date: /home/sunny/catkin_ws/install/uuv_auv_control_allocator/include/uuv_auv_control_allocator/uuv_auv_control_allocator
[1.954s] -- Up-to-date: /home/sunny/catkin_ws/install/uuv_auv_control_allocator/include/uuv_auv_control_allocator/uuv_auv_control_allocator/msg
[1.954s] -- Up-to-date: /home/sunny/catkin_ws/install/uuv_auv_control_allocator/include/uuv_auv_control_allocator/uuv_auv_control_allocator/msg/rosidl_typesupport_introspection_c__visibility_control.h
[1.954s] -- Up-to-date: /home/sunny/catkin_ws/install/uuv_auv_control_allocator/include/uuv_auv_control_allocator/uuv_auv_control_allocator/msg/detail
[1.954s] -- Up-to-date: /home/sunny/catkin_ws/install/uuv_auv_control_allocator/include/uuv_auv_control_allocator/uuv_auv_control_allocator/msg/detail/auv_command__rosidl_typesupport_introspection_c.h
[1.954s] -- Up-to-date: /home/sunny/catkin_ws/install/uuv_auv_control_allocator/include/uuv_auv_control_allocator/uuv_auv_control_allocator/msg/detail/auv_command__type_support.c
[1.954s] -- Up-to-date: /home/sunny/catkin_ws/install/uuv_auv_control_allocator/lib/libuuv_auv_control_allocator__rosidl_typesupport_introspection_c.so
[1.954s] -- Up-to-date: /home/sunny/catkin_ws/install/uuv_auv_control_allocator/lib/libuuv_auv_control_allocator__rosidl_typesupport_c.so
[1.954s] -- Up-to-date: /home/sunny/catkin_ws/install/uuv_auv_control_allocator/include/uuv_auv_control_allocator/uuv_auv_control_allocator
[1.955s] -- Up-to-date: /home/sunny/catkin_ws/install/uuv_auv_control_allocator/include/uuv_auv_control_allocator/uuv_auv_control_allocator/msg
[1.955s] -- Up-to-date: /home/sunny/catkin_ws/install/uuv_auv_control_allocator/include/uuv_auv_control_allocator/uuv_auv_control_allocator/msg/detail
[1.955s] -- Up-to-date: /home/sunny/catkin_ws/install/uuv_auv_control_allocator/include/uuv_auv_control_allocator/uuv_auv_control_allocator/msg/detail/auv_command__rosidl_typesupport_introspection_cpp.hpp
[1.955s] -- Up-to-date: /home/sunny/catkin_ws/install/uuv_auv_control_allocator/include/uuv_auv_control_allocator/uuv_auv_control_allocator/msg/detail/auv_command__type_support.cpp
[1.955s] -- Up-to-date: /home/sunny/catkin_ws/install/uuv_auv_control_allocator/lib/libuuv_auv_control_allocator__rosidl_typesupport_introspection_cpp.so
[1.955s] -- Up-to-date: /home/sunny/catkin_ws/install/uuv_auv_control_allocator/lib/libuuv_auv_control_allocator__rosidl_typesupport_cpp.so
[1.955s] -- Up-to-date: /home/sunny/catkin_ws/install/uuv_auv_control_allocator/share/uuv_auv_control_allocator/environment/pythonpath.sh
[1.955s] -- Up-to-date: /home/sunny/catkin_ws/install/uuv_auv_control_allocator/share/uuv_auv_control_allocator/environment/pythonpath.dsv
[1.956s] -- Up-to-date: /home/sunny/catkin_ws/install/uuv_auv_control_allocator/local/lib/python3.10/dist-packages/uuv_auv_control_allocator-0.6.1-py3.10.egg-info
[1.956s] -- Installing: /home/sunny/catkin_ws/install/uuv_auv_control_allocator/local/lib/python3.10/dist-packages/uuv_auv_control_allocator-0.6.1-py3.10.egg-info/PKG-INFO
[1.956s] -- Installing: /home/sunny/catkin_ws/install/uuv_auv_control_allocator/local/lib/python3.10/dist-packages/uuv_auv_control_allocator-0.6.1-py3.10.egg-info/SOURCES.txt
[1.956s] -- Installing: /home/sunny/catkin_ws/install/uuv_auv_control_allocator/local/lib/python3.10/dist-packages/uuv_auv_control_allocator-0.6.1-py3.10.egg-info/top_level.txt
[1.956s] -- Installing: /home/sunny/catkin_ws/install/uuv_auv_control_allocator/local/lib/python3.10/dist-packages/uuv_auv_control_allocator-0.6.1-py3.10.egg-info/dependency_links.txt
[1.956s] -- Up-to-date: /home/sunny/catkin_ws/install/uuv_auv_control_allocator/local/lib/python3.10/dist-packages/uuv_auv_control_allocator
[1.956s] -- Up-to-date: /home/sunny/catkin_ws/install/uuv_auv_control_allocator/local/lib/python3.10/dist-packages/uuv_auv_control_allocator/__init__.py
[1.956s] -- Up-to-date: /home/sunny/catkin_ws/install/uuv_auv_control_allocator/local/lib/python3.10/dist-packages/uuv_auv_control_allocator/uuv_auv_control_allocator_s__rosidl_typesupport_introspection_c.cpython-310-x86_64-linux-gnu.so
[1.956s] -- Up-to-date: /home/sunny/catkin_ws/install/uuv_auv_control_allocator/local/lib/python3.10/dist-packages/uuv_auv_control_allocator/libuuv_auv_control_allocator__rosidl_generator_py.so
[1.956s] -- Up-to-date: /home/sunny/catkin_ws/install/uuv_auv_control_allocator/local/lib/python3.10/dist-packages/uuv_auv_control_allocator/_uuv_auv_control_allocator_s.ep.rosidl_typesupport_introspection_c.c
[1.957s] -- Up-to-date: /home/sunny/catkin_ws/install/uuv_auv_control_allocator/local/lib/python3.10/dist-packages/uuv_auv_control_allocator/_uuv_auv_control_allocator_s.ep.rosidl_typesupport_c.c
[1.957s] -- Up-to-date: /home/sunny/catkin_ws/install/uuv_auv_control_allocator/local/lib/python3.10/dist-packages/uuv_auv_control_allocator/uuv_auv_control_allocator_s__rosidl_typesupport_fastrtps_c.cpython-310-x86_64-linux-gnu.so
[1.957s] -- Up-to-date: /home/sunny/catkin_ws/install/uuv_auv_control_allocator/local/lib/python3.10/dist-packages/uuv_auv_control_allocator/uuv_auv_control_allocator_s__rosidl_typesupport_c.cpython-310-x86_64-linux-gnu.so
[1.957s] -- Up-to-date: /home/sunny/catkin_ws/install/uuv_auv_control_allocator/local/lib/python3.10/dist-packages/uuv_auv_control_allocator/_uuv_auv_control_allocator_s.ep.rosidl_typesupport_fastrtps_c.c
[1.957s] -- Up-to-date: /home/sunny/catkin_ws/install/uuv_auv_control_allocator/local/lib/python3.10/dist-packages/uuv_auv_control_allocator/msg
[1.957s] -- Up-to-date: /home/sunny/catkin_ws/install/uuv_auv_control_allocator/local/lib/python3.10/dist-packages/uuv_auv_control_allocator/msg/__init__.py
[1.957s] -- Up-to-date: /home/sunny/catkin_ws/install/uuv_auv_control_allocator/local/lib/python3.10/dist-packages/uuv_auv_control_allocator/msg/_auv_command.py
[1.957s] -- Up-to-date: /home/sunny/catkin_ws/install/uuv_auv_control_allocator/local/lib/python3.10/dist-packages/uuv_auv_control_allocator/msg/_auv_command_s.c
[2.026s] Listing '/home/sunny/catkin_ws/install/uuv_auv_control_allocator/local/lib/python3.10/dist-packages/uuv_auv_control_allocator'...
[2.026s] Listing '/home/sunny/catkin_ws/install/uuv_auv_control_allocator/local/lib/python3.10/dist-packages/uuv_auv_control_allocator/msg'...
[2.039s] -- Up-to-date: /home/sunny/catkin_ws/install/uuv_auv_control_allocator/local/lib/python3.10/dist-packages/uuv_auv_control_allocator/uuv_auv_control_allocator_s__rosidl_typesupport_fastrtps_c.cpython-310-x86_64-linux-gnu.so
[2.039s] -- Up-to-date: /home/sunny/catkin_ws/install/uuv_auv_control_allocator/local/lib/python3.10/dist-packages/uuv_auv_control_allocator/uuv_auv_control_allocator_s__rosidl_typesupport_introspection_c.cpython-310-x86_64-linux-gnu.so
[2.039s] -- Up-to-date: /home/sunny/catkin_ws/install/uuv_auv_control_allocator/local/lib/python3.10/dist-packages/uuv_auv_control_allocator/uuv_auv_control_allocator_s__rosidl_typesupport_c.cpython-310-x86_64-linux-gnu.so
[2.044s] -- Up-to-date: /home/sunny/catkin_ws/install/uuv_auv_control_allocator/lib/libuuv_auv_control_allocator__rosidl_generator_py.so
[2.046s] -- Up-to-date: /home/sunny/catkin_ws/install/uuv_auv_control_allocator/share/uuv_auv_control_allocator/msg/AUVCommand.idl
[2.046s] -- Up-to-date: /home/sunny/catkin_ws/install/uuv_auv_control_allocator/share/uuv_auv_control_allocator/msg/AUVCommand.msg
[2.046s] -- Up-to-date: /home/sunny/catkin_ws/install/uuv_auv_control_allocator/local/lib/python3.10/dist-packages/uuv_auv_actuator_interface-0.6.1-py3.10.egg-info
[2.046s] -- Installing: /home/sunny/catkin_ws/install/uuv_auv_control_allocator/local/lib/python3.10/dist-packages/uuv_auv_actuator_interface-0.6.1-py3.10.egg-info/PKG-INFO
[2.047s] -- Installing: /home/sunny/catkin_ws/install/uuv_auv_control_allocator/local/lib/python3.10/dist-packages/uuv_auv_actuator_interface-0.6.1-py3.10.egg-info/SOURCES.txt
[2.047s] -- Installing: /home/sunny/catkin_ws/install/uuv_auv_control_allocator/local/lib/python3.10/dist-packages/uuv_auv_actuator_interface-0.6.1-py3.10.egg-info/top_level.txt
[2.047s] -- Installing: /home/sunny/catkin_ws/install/uuv_auv_control_allocator/local/lib/python3.10/dist-packages/uuv_auv_actuator_interface-0.6.1-py3.10.egg-info/dependency_links.txt
[2.047s] -- Up-to-date: /home/sunny/catkin_ws/install/uuv_auv_control_allocator/local/lib/python3.10/dist-packages/uuv_auv_actuator_interface
[2.047s] -- Up-to-date: /home/sunny/catkin_ws/install/uuv_auv_control_allocator/local/lib/python3.10/dist-packages/uuv_auv_actuator_interface/__init__.py
[2.047s] -- Up-to-date: /home/sunny/catkin_ws/install/uuv_auv_control_allocator/local/lib/python3.10/dist-packages/uuv_auv_actuator_interface/actuator_manager.py
[2.047s] -- Up-to-date: /home/sunny/catkin_ws/install/uuv_auv_control_allocator/local/lib/python3.10/dist-packages/uuv_auv_actuator_interface/fin_model.py
[2.086s] Listing '/home/sunny/catkin_ws/install/uuv_auv_control_allocator/local/lib/python3.10/dist-packages/uuv_auv_actuator_interface'...
[2.086s] Compiling '/home/sunny/catkin_ws/install/uuv_auv_control_allocator/local/lib/python3.10/dist-packages/uuv_auv_actuator_interface/actuator_manager.py'...
[2.086s] ***   File "/home/sunny/catkin_ws/install/uuv_auv_control_allocator/local/lib/python3.10/dist-packages/uuv_auv_actuator_interface/actuator_manager.py", line 237
[2.087s]     def build_topic_name(self, namespace, topic_prefix, id, topic_prefix):
[2.087s]                                                             ^^^^^^^^^^^^
[2.087s] SyntaxError: duplicate argument 'topic_prefix' in function definition
[2.087s] 
[2.095s] -- Up-to-date: /home/sunny/catkin_ws/install/uuv_auv_control_allocator/share/uuv_auv_control_allocator/launch
[2.096s] -- Up-to-date: /home/sunny/catkin_ws/install/uuv_auv_control_allocator/share/uuv_auv_control_allocator/launch/start_control_allocator.launch
[2.097s] -- Up-to-date: /home/sunny/catkin_ws/install/uuv_auv_control_allocator/lib/uuv_auv_control_allocator/control_allocator
[2.097s] -- Up-to-date: /home/sunny/catkin_ws/install/uuv_auv_control_allocator/share/ament_index/resource_index/package_run_dependencies/uuv_auv_control_allocator
[2.097s] -- Up-to-date: /home/sunny/catkin_ws/install/uuv_auv_control_allocator/share/ament_index/resource_index/parent_prefix_path/uuv_auv_control_allocator
[2.097s] -- Up-to-date: /home/sunny/catkin_ws/install/uuv_auv_control_allocator/share/uuv_auv_control_allocator/environment/ament_prefix_path.sh
[2.097s] -- Up-to-date: /home/sunny/catkin_ws/install/uuv_auv_control_allocator/share/uuv_auv_control_allocator/environment/ament_prefix_path.dsv
[2.097s] -- Up-to-date: /home/sunny/catkin_ws/install/uuv_auv_control_allocator/share/uuv_auv_control_allocator/environment/path.sh
[2.098s] -- Up-to-date: /home/sunny/catkin_ws/install/uuv_auv_control_allocator/share/uuv_auv_control_allocator/environment/path.dsv
[2.098s] -- Up-to-date: /home/sunny/catkin_ws/install/uuv_auv_control_allocator/share/uuv_auv_control_allocator/local_setup.bash
[2.098s] -- Up-to-date: /home/sunny/catkin_ws/install/uuv_auv_control_allocator/share/uuv_auv_control_allocator/local_setup.sh
[2.098s] -- Up-to-date: /home/sunny/catkin_ws/install/uuv_auv_control_allocator/share/uuv_auv_control_allocator/local_setup.zsh
[2.098s] -- Up-to-date: /home/sunny/catkin_ws/install/uuv_auv_control_allocator/share/uuv_auv_control_allocator/local_setup.dsv
[2.098s] -- Installing: /home/sunny/catkin_ws/install/uuv_auv_control_allocator/share/uuv_auv_control_allocator/package.dsv
[2.098s] -- Up-to-date: /home/sunny/catkin_ws/install/uuv_auv_control_allocator/share/ament_index/resource_index/packages/uuv_auv_control_allocator
[2.098s] -- Up-to-date: /home/sunny/catkin_ws/install/uuv_auv_control_allocator/share/uuv_auv_control_allocator/cmake/export_uuv_auv_control_allocator__rosidl_generator_cExport.cmake
[2.098s] -- Up-to-date: /home/sunny/catkin_ws/install/uuv_auv_control_allocator/share/uuv_auv_control_allocator/cmake/export_uuv_auv_control_allocator__rosidl_generator_cExport-noconfig.cmake
[2.098s] -- Up-to-date: /home/sunny/catkin_ws/install/uuv_auv_control_allocator/share/uuv_auv_control_allocator/cmake/export_uuv_auv_control_allocator__rosidl_typesupport_fastrtps_cExport.cmake
[2.099s] -- Up-to-date: /home/sunny/catkin_ws/install/uuv_auv_control_allocator/share/uuv_auv_control_allocator/cmake/export_uuv_auv_control_allocator__rosidl_typesupport_fastrtps_cExport-noconfig.cmake
[2.099s] -- Up-to-date: /home/sunny/catkin_ws/install/uuv_auv_control_allocator/share/uuv_auv_control_allocator/cmake/export_uuv_auv_control_allocator__rosidl_generator_cppExport.cmake
[2.099s] -- Up-to-date: /home/sunny/catkin_ws/install/uuv_auv_control_allocator/share/uuv_auv_control_allocator/cmake/export_uuv_auv_control_allocator__rosidl_typesupport_fastrtps_cppExport.cmake
[2.099s] -- Up-to-date: /home/sunny/catkin_ws/install/uuv_auv_control_allocator/share/uuv_auv_control_allocator/cmake/export_uuv_auv_control_allocator__rosidl_typesupport_fastrtps_cppExport-noconfig.cmake
[2.099s] -- Up-to-date: /home/sunny/catkin_ws/install/uuv_auv_control_allocator/share/uuv_auv_control_allocator/cmake/uuv_auv_control_allocator__rosidl_typesupport_introspection_cExport.cmake
[2.099s] -- Up-to-date: /home/sunny/catkin_ws/install/uuv_auv_control_allocator/share/uuv_auv_control_allocator/cmake/uuv_auv_control_allocator__rosidl_typesupport_introspection_cExport-noconfig.cmake
[2.100s] -- Up-to-date: /home/sunny/catkin_ws/install/uuv_auv_control_allocator/share/uuv_auv_control_allocator/cmake/uuv_auv_control_allocator__rosidl_typesupport_cExport.cmake
[2.100s] -- Up-to-date: /home/sunny/catkin_ws/install/uuv_auv_control_allocator/share/uuv_auv_control_allocator/cmake/uuv_auv_control_allocator__rosidl_typesupport_cExport-noconfig.cmake
[2.100s] -- Up-to-date: /home/sunny/catkin_ws/install/uuv_auv_control_allocator/share/uuv_auv_control_allocator/cmake/uuv_auv_control_allocator__rosidl_typesupport_introspection_cppExport.cmake
[2.100s] -- Up-to-date: /home/sunny/catkin_ws/install/uuv_auv_control_allocator/share/uuv_auv_control_allocator/cmake/uuv_auv_control_allocator__rosidl_typesupport_introspection_cppExport-noconfig.cmake
[2.100s] -- Up-to-date: /home/sunny/catkin_ws/install/uuv_auv_control_allocator/share/uuv_auv_control_allocator/cmake/uuv_auv_control_allocator__rosidl_typesupport_cppExport.cmake
[2.100s] -- Up-to-date: /home/sunny/catkin_ws/install/uuv_auv_control_allocator/share/uuv_auv_control_allocator/cmake/uuv_auv_control_allocator__rosidl_typesupport_cppExport-noconfig.cmake
[2.100s] -- Up-to-date: /home/sunny/catkin_ws/install/uuv_auv_control_allocator/share/uuv_auv_control_allocator/cmake/export_uuv_auv_control_allocator__rosidl_generator_pyExport.cmake
[2.101s] -- Up-to-date: /home/sunny/catkin_ws/install/uuv_auv_control_allocator/share/uuv_auv_control_allocator/cmake/export_uuv_auv_control_allocator__rosidl_generator_pyExport-noconfig.cmake
[2.101s] -- Up-to-date: /home/sunny/catkin_ws/install/uuv_auv_control_allocator/share/uuv_auv_control_allocator/cmake/rosidl_cmake-extras.cmake
[2.101s] -- Up-to-date: /home/sunny/catkin_ws/install/uuv_auv_control_allocator/share/uuv_auv_control_allocator/cmake/ament_cmake_export_dependencies-extras.cmake
[2.101s] -- Up-to-date: /home/sunny/catkin_ws/install/uuv_auv_control_allocator/share/uuv_auv_control_allocator/cmake/ament_cmake_export_include_directories-extras.cmake
[2.101s] -- Up-to-date: /home/sunny/catkin_ws/install/uuv_auv_control_allocator/share/uuv_auv_control_allocator/cmake/ament_cmake_export_libraries-extras.cmake
[2.101s] -- Up-to-date: /home/sunny/catkin_ws/install/uuv_auv_control_allocator/share/uuv_auv_control_allocator/cmake/ament_cmake_export_targets-extras.cmake
[2.101s] -- Up-to-date: /home/sunny/catkin_ws/install/uuv_auv_control_allocator/share/uuv_auv_control_allocator/cmake/rosidl_cmake_export_typesupport_targets-extras.cmake
[2.101s] -- Up-to-date: /home/sunny/catkin_ws/install/uuv_auv_control_allocator/share/uuv_auv_control_allocator/cmake/rosidl_cmake_export_typesupport_libraries-extras.cmake
[2.101s] -- Up-to-date: /home/sunny/catkin_ws/install/uuv_auv_control_allocator/share/uuv_auv_control_allocator/cmake/uuv_auv_control_allocatorConfig.cmake
[2.101s] -- Up-to-date: /home/sunny/catkin_ws/install/uuv_auv_control_allocator/share/uuv_auv_control_allocator/cmake/uuv_auv_control_allocatorConfig-version.cmake
[2.102s] -- Up-to-date: /home/sunny/catkin_ws/install/uuv_auv_control_allocator/share/uuv_auv_control_allocator/package.xml
[2.199s] Invoked command in '/home/sunny/catkin_ws/build/uuv_auv_control_allocator' returned '0': CMAKE_PREFIX_PATH=/home/sunny/catkin_ws/install/plankton_utils:/home/sunny/catkin_ws/install/plankton:/home/sunny/catkin_ws/install/uuv_simulator:/home/sunny/catkin_ws/install/uuv_world_ros_plugins:/home/sunny/catkin_ws/install/uuv_tutorials:/home/sunny/catkin_ws/install/uuv_tutorial_dp_controller:/home/sunny/catkin_ws/install/uuv_tutorial_disturbances:/home/sunny/catkin_ws/install/uuv_control_utils:/home/sunny/catkin_ws/install/uuv_world_ros_plugins_msgs:/home/sunny/catkin_ws/install/uuv_world_plugins:/home/sunny/catkin_ws/install/uuv_tutorial_seabed_world:/home/sunny/catkin_ws/install/uuv_trajectory_control:/home/sunny/catkin_ws/install/uuv_teleop:/home/sunny/catkin_ws/install/uuv_thruster_manager:/home/sunny/catkin_ws/install/uuv_descriptions:/home/sunny/catkin_ws/install/uuv_sensor_ros_plugins:/home/sunny/catkin_ws/install/uuv_sensor_ros_plugins_msgs:/home/sunny/catkin_ws/install/uuv_gazebo_worlds:/home/sunny/catkin_ws/install/uuv_gazebo_ros_plugins:/home/sunny/catkin_ws/install/uuv_gazebo_ros_plugins_msgs:/home/sunny/catkin_ws/install/uuv_gazebo_plugins:/home/sunny/catkin_ws/install/uuv_gazebo:/home/sunny/catkin_ws/install/uuv_control_msgs:/home/sunny/catkin_ws/install/uuv_control_cascaded_pid:/home/sunny/catkin_ws/install/uuv_auv_control_allocator:/home/sunny/catkin_ws/install/uuv_assistants:/home/sunny/catkin_ws/install/turtlesim:/home/sunny/catkin_ws/install/common_msgs:/home/sunny/catkin_ws/install/beluga_simulator:/home/sunny/catkin_ws/install/beluga_adapter:/opt/ros/humble /usr/bin/cmake --install /home/sunny/catkin_ws/build/uuv_auv_control_allocator
