[0.787s] Invoking command in '/home/sunny/catkin_ws/build/uuv_gazebo_ros_plugins_msgs': CMAKE_PREFIX_PATH=${CMAKE_PREFIX_PATH}:/home/sunny/catkin_ws/install/beluga_adapter:/opt/ros/humble /usr/bin/cmake --build /home/sunny/catkin_ws/build/uuv_gazebo_ros_plugins_msgs -- -j16 -l16
[0.931s] [  0%] Built target uuv_gazebo_ros_plugins_msgs__cpp
[0.933s] [ 12%] Built target uuv_gazebo_ros_plugins_msgs__rosidl_generator_c
[0.969s] [ 12%] Built target ament_cmake_python_copy_uuv_gazebo_ros_plugins_msgs
[1.054s] [ 24%] Built target uuv_gazebo_ros_plugins_msgs__rosidl_typesupport_introspection_cpp
[1.072s] [ 36%] Built target uuv_gazebo_ros_plugins_msgs__rosidl_typesupport_cpp
[1.095s] [ 48%] Built target uuv_gazebo_ros_plugins_msgs__rosidl_typesupport_fastrtps_cpp
[1.106s] [ 72%] Built target uuv_gazebo_ros_plugins_msgs__rosidl_typesupport_fastrtps_c
[1.107s] [ 72%] Built target uuv_gazebo_ros_plugins_msgs__rosidl_typesupport_introspection_c
[1.108s] [ 84%] Built target uuv_gazebo_ros_plugins_msgs__rosidl_typesupport_c
[1.204s] [ 84%] Built target uuv_gazebo_ros_plugins_msgs
[1.283s] [ 85%] Built target uuv_gazebo_ros_plugins_msgs__py
[1.382s] [ 96%] Built target uuv_gazebo_ros_plugins_msgs__rosidl_generator_py
[1.499s] [ 97%] Built target uuv_gazebo_ros_plugins_msgs__rosidl_typesupport_c__pyext
[1.524s] [ 98%] Built target uuv_gazebo_ros_plugins_msgs__rosidl_typesupport_fastrtps_c__pyext
[1.536s] running egg_info
[1.537s] writing uuv_gazebo_ros_plugins_msgs.egg-info/PKG-INFO
[1.538s] writing dependency_links to uuv_gazebo_ros_plugins_msgs.egg-info/dependency_links.txt
[1.538s] [100%] Built target uuv_gazebo_ros_plugins_msgs__rosidl_typesupport_introspection_c__pyext
[1.541s] writing top-level names to uuv_gazebo_ros_plugins_msgs.egg-info/top_level.txt
[1.545s] reading manifest file 'uuv_gazebo_ros_plugins_msgs.egg-info/SOURCES.txt'
[1.546s] writing manifest file 'uuv_gazebo_ros_plugins_msgs.egg-info/SOURCES.txt'
[1.658s] [100%] Built target ament_cmake_python_build_uuv_gazebo_ros_plugins_msgs_egg
[1.802s] Invoked command in '/home/sunny/catkin_ws/build/uuv_gazebo_ros_plugins_msgs' returned '0': CMAKE_PREFIX_PATH=${CMAKE_PREFIX_PATH}:/home/sunny/catkin_ws/install/beluga_adapter:/opt/ros/humble /usr/bin/cmake --build /home/sunny/catkin_ws/build/uuv_gazebo_ros_plugins_msgs -- -j16 -l16
[2.571s] Invoking command in '/home/sunny/catkin_ws/build/uuv_gazebo_ros_plugins_msgs': CMAKE_PREFIX_PATH=${CMAKE_PREFIX_PATH}:/home/sunny/catkin_ws/install/beluga_adapter:/opt/ros/humble /usr/bin/cmake --install /home/sunny/catkin_ws/build/uuv_gazebo_ros_plugins_msgs
[2.754s] -- Install configuration: ""
[2.754s] -- Up-to-date: /home/sunny/catkin_ws/install/uuv_gazebo_ros_plugins_msgs/share/ament_index/resource_index/rosidl_interfaces/uuv_gazebo_ros_plugins_msgs
[2.755s] -- Up-to-date: /home/sunny/catkin_ws/install/uuv_gazebo_ros_plugins_msgs/include/uuv_gazebo_ros_plugins_msgs/uuv_gazebo_ros_plugins_msgs
[2.755s] -- Up-to-date: /home/sunny/catkin_ws/install/uuv_gazebo_ros_plugins_msgs/include/uuv_gazebo_ros_plugins_msgs/uuv_gazebo_ros_plugins_msgs/srv
[2.755s] -- Up-to-date: /home/sunny/catkin_ws/install/uuv_gazebo_ros_plugins_msgs/include/uuv_gazebo_ros_plugins_msgs/uuv_gazebo_ros_plugins_msgs/srv/get_thruster_conversion_fcn.h
[2.755s] -- Up-to-date: /home/sunny/catkin_ws/install/uuv_gazebo_ros_plugins_msgs/include/uuv_gazebo_ros_plugins_msgs/uuv_gazebo_ros_plugins_msgs/srv/set_thruster_state.h
[2.755s] -- Up-to-date: /home/sunny/catkin_ws/install/uuv_gazebo_ros_plugins_msgs/include/uuv_gazebo_ros_plugins_msgs/uuv_gazebo_ros_plugins_msgs/srv/get_model_properties.h
[2.755s] -- Up-to-date: /home/sunny/catkin_ws/install/uuv_gazebo_ros_plugins_msgs/include/uuv_gazebo_ros_plugins_msgs/uuv_gazebo_ros_plugins_msgs/srv/get_float.h
[2.756s] -- Up-to-date: /home/sunny/catkin_ws/install/uuv_gazebo_ros_plugins_msgs/include/uuv_gazebo_ros_plugins_msgs/uuv_gazebo_ros_plugins_msgs/srv/set_thruster_efficiency.h
[2.756s] -- Up-to-date: /home/sunny/catkin_ws/install/uuv_gazebo_ros_plugins_msgs/include/uuv_gazebo_ros_plugins_msgs/uuv_gazebo_ros_plugins_msgs/srv/detail
[2.756s] -- Up-to-date: /home/sunny/catkin_ws/install/uuv_gazebo_ros_plugins_msgs/include/uuv_gazebo_ros_plugins_msgs/uuv_gazebo_ros_plugins_msgs/srv/detail/set_thruster_efficiency__type_support.h
[2.756s] -- Up-to-date: /home/sunny/catkin_ws/install/uuv_gazebo_ros_plugins_msgs/include/uuv_gazebo_ros_plugins_msgs/uuv_gazebo_ros_plugins_msgs/srv/detail/get_float__functions.h
[2.756s] -- Up-to-date: /home/sunny/catkin_ws/install/uuv_gazebo_ros_plugins_msgs/include/uuv_gazebo_ros_plugins_msgs/uuv_gazebo_ros_plugins_msgs/srv/detail/get_thruster_state__struct.h
[2.756s] -- Up-to-date: /home/sunny/catkin_ws/install/uuv_gazebo_ros_plugins_msgs/include/uuv_gazebo_ros_plugins_msgs/uuv_gazebo_ros_plugins_msgs/srv/detail/get_thruster_efficiency__functions.c
[2.756s] -- Up-to-date: /home/sunny/catkin_ws/install/uuv_gazebo_ros_plugins_msgs/include/uuv_gazebo_ros_plugins_msgs/uuv_gazebo_ros_plugins_msgs/srv/detail/set_thruster_efficiency__struct.h
[2.756s] -- Up-to-date: /home/sunny/catkin_ws/install/uuv_gazebo_ros_plugins_msgs/include/uuv_gazebo_ros_plugins_msgs/uuv_gazebo_ros_plugins_msgs/srv/detail/set_use_global_current_vel__functions.c
[2.757s] -- Up-to-date: /home/sunny/catkin_ws/install/uuv_gazebo_ros_plugins_msgs/include/uuv_gazebo_ros_plugins_msgs/uuv_gazebo_ros_plugins_msgs/srv/detail/set_thruster_state__functions.c
[2.757s] -- Up-to-date: /home/sunny/catkin_ws/install/uuv_gazebo_ros_plugins_msgs/include/uuv_gazebo_ros_plugins_msgs/uuv_gazebo_ros_plugins_msgs/srv/detail/set_float__struct.h
[2.757s] -- Up-to-date: /home/sunny/catkin_ws/install/uuv_gazebo_ros_plugins_msgs/include/uuv_gazebo_ros_plugins_msgs/uuv_gazebo_ros_plugins_msgs/srv/detail/set_thruster_efficiency__functions.c
[2.757s] -- Up-to-date: /home/sunny/catkin_ws/install/uuv_gazebo_ros_plugins_msgs/include/uuv_gazebo_ros_plugins_msgs/uuv_gazebo_ros_plugins_msgs/srv/detail/set_float__type_support.h
[2.757s] -- Up-to-date: /home/sunny/catkin_ws/install/uuv_gazebo_ros_plugins_msgs/include/uuv_gazebo_ros_plugins_msgs/uuv_gazebo_ros_plugins_msgs/srv/detail/set_float__functions.h
[2.757s] -- Up-to-date: /home/sunny/catkin_ws/install/uuv_gazebo_ros_plugins_msgs/include/uuv_gazebo_ros_plugins_msgs/uuv_gazebo_ros_plugins_msgs/srv/detail/set_thruster_state__functions.h
[2.757s] -- Up-to-date: /home/sunny/catkin_ws/install/uuv_gazebo_ros_plugins_msgs/include/uuv_gazebo_ros_plugins_msgs/uuv_gazebo_ros_plugins_msgs/srv/detail/get_list_param__struct.h
[2.757s] -- Up-to-date: /home/sunny/catkin_ws/install/uuv_gazebo_ros_plugins_msgs/include/uuv_gazebo_ros_plugins_msgs/uuv_gazebo_ros_plugins_msgs/srv/detail/get_thruster_efficiency__type_support.h
[2.773s] -- Up-to-date: /home/sunny/catkin_ws/install/uuv_gazebo_ros_plugins_msgs/include/uuv_gazebo_ros_plugins_msgs/uuv_gazebo_ros_plugins_msgs/srv/detail/set_thruster_state__struct.h
[2.773s] -- Up-to-date: /home/sunny/catkin_ws/install/uuv_gazebo_ros_plugins_msgs/include/uuv_gazebo_ros_plugins_msgs/uuv_gazebo_ros_plugins_msgs/srv/detail/set_thruster_efficiency__functions.h
[2.773s] -- Up-to-date: /home/sunny/catkin_ws/install/uuv_gazebo_ros_plugins_msgs/include/uuv_gazebo_ros_plugins_msgs/uuv_gazebo_ros_plugins_msgs/srv/detail/set_use_global_current_vel__type_support.h
[2.773s] -- Up-to-date: /home/sunny/catkin_ws/install/uuv_gazebo_ros_plugins_msgs/include/uuv_gazebo_ros_plugins_msgs/uuv_gazebo_ros_plugins_msgs/srv/detail/get_thruster_state__functions.h
[2.773s] -- Up-to-date: /home/sunny/catkin_ws/install/uuv_gazebo_ros_plugins_msgs/include/uuv_gazebo_ros_plugins_msgs/uuv_gazebo_ros_plugins_msgs/srv/detail/set_thruster_state__type_support.h
[2.773s] -- Up-to-date: /home/sunny/catkin_ws/install/uuv_gazebo_ros_plugins_msgs/include/uuv_gazebo_ros_plugins_msgs/uuv_gazebo_ros_plugins_msgs/srv/detail/set_use_global_current_vel__functions.h
[2.773s] -- Up-to-date: /home/sunny/catkin_ws/install/uuv_gazebo_ros_plugins_msgs/include/uuv_gazebo_ros_plugins_msgs/uuv_gazebo_ros_plugins_msgs/srv/detail/set_float__functions.c
[2.773s] -- Up-to-date: /home/sunny/catkin_ws/install/uuv_gazebo_ros_plugins_msgs/include/uuv_gazebo_ros_plugins_msgs/uuv_gazebo_ros_plugins_msgs/srv/detail/get_thruster_state__type_support.h
[2.773s] -- Up-to-date: /home/sunny/catkin_ws/install/uuv_gazebo_ros_plugins_msgs/include/uuv_gazebo_ros_plugins_msgs/uuv_gazebo_ros_plugins_msgs/srv/detail/get_list_param__functions.c
[2.774s] -- Up-to-date: /home/sunny/catkin_ws/install/uuv_gazebo_ros_plugins_msgs/include/uuv_gazebo_ros_plugins_msgs/uuv_gazebo_ros_plugins_msgs/srv/detail/set_use_global_current_vel__struct.h
[2.774s] -- Up-to-date: /home/sunny/catkin_ws/install/uuv_gazebo_ros_plugins_msgs/include/uuv_gazebo_ros_plugins_msgs/uuv_gazebo_ros_plugins_msgs/srv/detail/get_thruster_efficiency__functions.h
[2.774s] -- Up-to-date: /home/sunny/catkin_ws/install/uuv_gazebo_ros_plugins_msgs/include/uuv_gazebo_ros_plugins_msgs/uuv_gazebo_ros_plugins_msgs/srv/detail/get_thruster_conversion_fcn__functions.h
[2.774s] -- Up-to-date: /home/sunny/catkin_ws/install/uuv_gazebo_ros_plugins_msgs/include/uuv_gazebo_ros_plugins_msgs/uuv_gazebo_ros_plugins_msgs/srv/detail/get_model_properties__functions.h
[2.774s] -- Up-to-date: /home/sunny/catkin_ws/install/uuv_gazebo_ros_plugins_msgs/include/uuv_gazebo_ros_plugins_msgs/uuv_gazebo_ros_plugins_msgs/srv/detail/get_thruster_state__functions.c
[2.774s] -- Up-to-date: /home/sunny/catkin_ws/install/uuv_gazebo_ros_plugins_msgs/include/uuv_gazebo_ros_plugins_msgs/uuv_gazebo_ros_plugins_msgs/srv/detail/get_model_properties__type_support.h
[2.774s] -- Up-to-date: /home/sunny/catkin_ws/install/uuv_gazebo_ros_plugins_msgs/include/uuv_gazebo_ros_plugins_msgs/uuv_gazebo_ros_plugins_msgs/srv/detail/get_model_properties__functions.c
[2.774s] -- Up-to-date: /home/sunny/catkin_ws/install/uuv_gazebo_ros_plugins_msgs/include/uuv_gazebo_ros_plugins_msgs/uuv_gazebo_ros_plugins_msgs/srv/detail/get_thruster_conversion_fcn__functions.c
[2.774s] -- Up-to-date: /home/sunny/catkin_ws/install/uuv_gazebo_ros_plugins_msgs/include/uuv_gazebo_ros_plugins_msgs/uuv_gazebo_ros_plugins_msgs/srv/detail/get_thruster_conversion_fcn__type_support.h
[2.774s] -- Up-to-date: /home/sunny/catkin_ws/install/uuv_gazebo_ros_plugins_msgs/include/uuv_gazebo_ros_plugins_msgs/uuv_gazebo_ros_plugins_msgs/srv/detail/get_float__type_support.h
[2.774s] -- Up-to-date: /home/sunny/catkin_ws/install/uuv_gazebo_ros_plugins_msgs/include/uuv_gazebo_ros_plugins_msgs/uuv_gazebo_ros_plugins_msgs/srv/detail/get_float__functions.c
[2.775s] -- Up-to-date: /home/sunny/catkin_ws/install/uuv_gazebo_ros_plugins_msgs/include/uuv_gazebo_ros_plugins_msgs/uuv_gazebo_ros_plugins_msgs/srv/detail/get_thruster_efficiency__struct.h
[2.775s] -- Up-to-date: /home/sunny/catkin_ws/install/uuv_gazebo_ros_plugins_msgs/include/uuv_gazebo_ros_plugins_msgs/uuv_gazebo_ros_plugins_msgs/srv/detail/get_model_properties__struct.h
[2.775s] -- Up-to-date: /home/sunny/catkin_ws/install/uuv_gazebo_ros_plugins_msgs/include/uuv_gazebo_ros_plugins_msgs/uuv_gazebo_ros_plugins_msgs/srv/detail/get_thruster_conversion_fcn__struct.h
[2.775s] -- Up-to-date: /home/sunny/catkin_ws/install/uuv_gazebo_ros_plugins_msgs/include/uuv_gazebo_ros_plugins_msgs/uuv_gazebo_ros_plugins_msgs/srv/detail/get_list_param__functions.h
[2.775s] -- Up-to-date: /home/sunny/catkin_ws/install/uuv_gazebo_ros_plugins_msgs/include/uuv_gazebo_ros_plugins_msgs/uuv_gazebo_ros_plugins_msgs/srv/detail/get_float__struct.h
[2.775s] -- Up-to-date: /home/sunny/catkin_ws/install/uuv_gazebo_ros_plugins_msgs/include/uuv_gazebo_ros_plugins_msgs/uuv_gazebo_ros_plugins_msgs/srv/detail/get_list_param__type_support.h
[2.775s] -- Up-to-date: /home/sunny/catkin_ws/install/uuv_gazebo_ros_plugins_msgs/include/uuv_gazebo_ros_plugins_msgs/uuv_gazebo_ros_plugins_msgs/srv/get_list_param.h
[2.775s] -- Up-to-date: /home/sunny/catkin_ws/install/uuv_gazebo_ros_plugins_msgs/include/uuv_gazebo_ros_plugins_msgs/uuv_gazebo_ros_plugins_msgs/srv/get_thruster_efficiency.h
[2.776s] -- Up-to-date: /home/sunny/catkin_ws/install/uuv_gazebo_ros_plugins_msgs/include/uuv_gazebo_ros_plugins_msgs/uuv_gazebo_ros_plugins_msgs/srv/get_thruster_state.h
[2.776s] -- Up-to-date: /home/sunny/catkin_ws/install/uuv_gazebo_ros_plugins_msgs/include/uuv_gazebo_ros_plugins_msgs/uuv_gazebo_ros_plugins_msgs/srv/set_use_global_current_vel.h
[2.776s] -- Up-to-date: /home/sunny/catkin_ws/install/uuv_gazebo_ros_plugins_msgs/include/uuv_gazebo_ros_plugins_msgs/uuv_gazebo_ros_plugins_msgs/srv/set_float.h
[2.776s] -- Up-to-date: /home/sunny/catkin_ws/install/uuv_gazebo_ros_plugins_msgs/include/uuv_gazebo_ros_plugins_msgs/uuv_gazebo_ros_plugins_msgs/msg
[2.776s] -- Up-to-date: /home/sunny/catkin_ws/install/uuv_gazebo_ros_plugins_msgs/include/uuv_gazebo_ros_plugins_msgs/uuv_gazebo_ros_plugins_msgs/msg/thruster_conversion_fcn.h
[2.776s] -- Up-to-date: /home/sunny/catkin_ws/install/uuv_gazebo_ros_plugins_msgs/include/uuv_gazebo_ros_plugins_msgs/uuv_gazebo_ros_plugins_msgs/msg/detail
[2.776s] -- Up-to-date: /home/sunny/catkin_ws/install/uuv_gazebo_ros_plugins_msgs/include/uuv_gazebo_ros_plugins_msgs/uuv_gazebo_ros_plugins_msgs/msg/detail/thruster_conversion_fcn__functions.c
[2.776s] -- Up-to-date: /home/sunny/catkin_ws/install/uuv_gazebo_ros_plugins_msgs/include/uuv_gazebo_ros_plugins_msgs/uuv_gazebo_ros_plugins_msgs/msg/detail/thruster_conversion_fcn__type_support.h
[2.776s] -- Up-to-date: /home/sunny/catkin_ws/install/uuv_gazebo_ros_plugins_msgs/include/uuv_gazebo_ros_plugins_msgs/uuv_gazebo_ros_plugins_msgs/msg/detail/float_stamped__functions.h
[2.776s] -- Up-to-date: /home/sunny/catkin_ws/install/uuv_gazebo_ros_plugins_msgs/include/uuv_gazebo_ros_plugins_msgs/uuv_gazebo_ros_plugins_msgs/msg/detail/float_stamped__functions.c
[2.776s] -- Up-to-date: /home/sunny/catkin_ws/install/uuv_gazebo_ros_plugins_msgs/include/uuv_gazebo_ros_plugins_msgs/uuv_gazebo_ros_plugins_msgs/msg/detail/underwater_object_model__functions.h
[2.777s] -- Up-to-date: /home/sunny/catkin_ws/install/uuv_gazebo_ros_plugins_msgs/include/uuv_gazebo_ros_plugins_msgs/uuv_gazebo_ros_plugins_msgs/msg/detail/underwater_object_model__struct.h
[2.777s] -- Up-to-date: /home/sunny/catkin_ws/install/uuv_gazebo_ros_plugins_msgs/include/uuv_gazebo_ros_plugins_msgs/uuv_gazebo_ros_plugins_msgs/msg/detail/thruster_conversion_fcn__functions.h
[2.777s] -- Up-to-date: /home/sunny/catkin_ws/install/uuv_gazebo_ros_plugins_msgs/include/uuv_gazebo_ros_plugins_msgs/uuv_gazebo_ros_plugins_msgs/msg/detail/float_stamped__type_support.h
[2.777s] -- Up-to-date: /home/sunny/catkin_ws/install/uuv_gazebo_ros_plugins_msgs/include/uuv_gazebo_ros_plugins_msgs/uuv_gazebo_ros_plugins_msgs/msg/detail/float_stamped__struct.h
[2.777s] -- Up-to-date: /home/sunny/catkin_ws/install/uuv_gazebo_ros_plugins_msgs/include/uuv_gazebo_ros_plugins_msgs/uuv_gazebo_ros_plugins_msgs/msg/detail/thruster_conversion_fcn__struct.h
[2.777s] -- Up-to-date: /home/sunny/catkin_ws/install/uuv_gazebo_ros_plugins_msgs/include/uuv_gazebo_ros_plugins_msgs/uuv_gazebo_ros_plugins_msgs/msg/detail/underwater_object_model__type_support.h
[2.777s] -- Up-to-date: /home/sunny/catkin_ws/install/uuv_gazebo_ros_plugins_msgs/include/uuv_gazebo_ros_plugins_msgs/uuv_gazebo_ros_plugins_msgs/msg/detail/underwater_object_model__functions.c
[2.778s] -- Up-to-date: /home/sunny/catkin_ws/install/uuv_gazebo_ros_plugins_msgs/include/uuv_gazebo_ros_plugins_msgs/uuv_gazebo_ros_plugins_msgs/msg/float_stamped.h
[2.778s] -- Up-to-date: /home/sunny/catkin_ws/install/uuv_gazebo_ros_plugins_msgs/include/uuv_gazebo_ros_plugins_msgs/uuv_gazebo_ros_plugins_msgs/msg/underwater_object_model.h
[2.778s] -- Up-to-date: /home/sunny/catkin_ws/install/uuv_gazebo_ros_plugins_msgs/include/uuv_gazebo_ros_plugins_msgs/uuv_gazebo_ros_plugins_msgs/msg/rosidl_generator_c__visibility_control.h
[2.779s] -- Up-to-date: /home/sunny/catkin_ws/install/uuv_gazebo_ros_plugins_msgs/share/uuv_gazebo_ros_plugins_msgs/environment/library_path.sh
[2.779s] -- Up-to-date: /home/sunny/catkin_ws/install/uuv_gazebo_ros_plugins_msgs/share/uuv_gazebo_ros_plugins_msgs/environment/library_path.dsv
[2.779s] -- Up-to-date: /home/sunny/catkin_ws/install/uuv_gazebo_ros_plugins_msgs/lib/libuuv_gazebo_ros_plugins_msgs__rosidl_generator_c.so
[2.780s] -- Up-to-date: /home/sunny/catkin_ws/install/uuv_gazebo_ros_plugins_msgs/include/uuv_gazebo_ros_plugins_msgs/uuv_gazebo_ros_plugins_msgs
[2.780s] -- Up-to-date: /home/sunny/catkin_ws/install/uuv_gazebo_ros_plugins_msgs/include/uuv_gazebo_ros_plugins_msgs/uuv_gazebo_ros_plugins_msgs/srv
[2.780s] -- Up-to-date: /home/sunny/catkin_ws/install/uuv_gazebo_ros_plugins_msgs/include/uuv_gazebo_ros_plugins_msgs/uuv_gazebo_ros_plugins_msgs/srv/detail
[2.780s] -- Up-to-date: /home/sunny/catkin_ws/install/uuv_gazebo_ros_plugins_msgs/include/uuv_gazebo_ros_plugins_msgs/uuv_gazebo_ros_plugins_msgs/srv/detail/get_float__rosidl_typesupport_fastrtps_c.h
[2.780s] -- Up-to-date: /home/sunny/catkin_ws/install/uuv_gazebo_ros_plugins_msgs/include/uuv_gazebo_ros_plugins_msgs/uuv_gazebo_ros_plugins_msgs/srv/detail/set_thruster_efficiency__rosidl_typesupport_fastrtps_c.h
[2.780s] -- Up-to-date: /home/sunny/catkin_ws/install/uuv_gazebo_ros_plugins_msgs/include/uuv_gazebo_ros_plugins_msgs/uuv_gazebo_ros_plugins_msgs/srv/detail/set_use_global_current_vel__rosidl_typesupport_fastrtps_c.h
[2.781s] -- Up-to-date: /home/sunny/catkin_ws/install/uuv_gazebo_ros_plugins_msgs/include/uuv_gazebo_ros_plugins_msgs/uuv_gazebo_ros_plugins_msgs/srv/detail/set_thruster_state__rosidl_typesupport_fastrtps_c.h
[2.781s] -- Up-to-date: /home/sunny/catkin_ws/install/uuv_gazebo_ros_plugins_msgs/include/uuv_gazebo_ros_plugins_msgs/uuv_gazebo_ros_plugins_msgs/srv/detail/set_float__rosidl_typesupport_fastrtps_c.h
[2.781s] -- Up-to-date: /home/sunny/catkin_ws/install/uuv_gazebo_ros_plugins_msgs/include/uuv_gazebo_ros_plugins_msgs/uuv_gazebo_ros_plugins_msgs/srv/detail/get_thruster_efficiency__rosidl_typesupport_fastrtps_c.h
[2.781s] -- Up-to-date: /home/sunny/catkin_ws/install/uuv_gazebo_ros_plugins_msgs/include/uuv_gazebo_ros_plugins_msgs/uuv_gazebo_ros_plugins_msgs/srv/detail/get_thruster_conversion_fcn__rosidl_typesupport_fastrtps_c.h
[2.781s] -- Up-to-date: /home/sunny/catkin_ws/install/uuv_gazebo_ros_plugins_msgs/include/uuv_gazebo_ros_plugins_msgs/uuv_gazebo_ros_plugins_msgs/srv/detail/get_model_properties__rosidl_typesupport_fastrtps_c.h
[2.781s] -- Up-to-date: /home/sunny/catkin_ws/install/uuv_gazebo_ros_plugins_msgs/include/uuv_gazebo_ros_plugins_msgs/uuv_gazebo_ros_plugins_msgs/srv/detail/get_list_param__rosidl_typesupport_fastrtps_c.h
[2.781s] -- Up-to-date: /home/sunny/catkin_ws/install/uuv_gazebo_ros_plugins_msgs/include/uuv_gazebo_ros_plugins_msgs/uuv_gazebo_ros_plugins_msgs/srv/detail/get_thruster_state__rosidl_typesupport_fastrtps_c.h
[2.781s] -- Up-to-date: /home/sunny/catkin_ws/install/uuv_gazebo_ros_plugins_msgs/include/uuv_gazebo_ros_plugins_msgs/uuv_gazebo_ros_plugins_msgs/msg
[2.781s] -- Up-to-date: /home/sunny/catkin_ws/install/uuv_gazebo_ros_plugins_msgs/include/uuv_gazebo_ros_plugins_msgs/uuv_gazebo_ros_plugins_msgs/msg/detail
[2.782s] -- Up-to-date: /home/sunny/catkin_ws/install/uuv_gazebo_ros_plugins_msgs/include/uuv_gazebo_ros_plugins_msgs/uuv_gazebo_ros_plugins_msgs/msg/detail/thruster_conversion_fcn__rosidl_typesupport_fastrtps_c.h
[2.782s] -- Up-to-date: /home/sunny/catkin_ws/install/uuv_gazebo_ros_plugins_msgs/include/uuv_gazebo_ros_plugins_msgs/uuv_gazebo_ros_plugins_msgs/msg/detail/float_stamped__rosidl_typesupport_fastrtps_c.h
[2.782s] -- Up-to-date: /home/sunny/catkin_ws/install/uuv_gazebo_ros_plugins_msgs/include/uuv_gazebo_ros_plugins_msgs/uuv_gazebo_ros_plugins_msgs/msg/detail/underwater_object_model__rosidl_typesupport_fastrtps_c.h
[2.782s] -- Up-to-date: /home/sunny/catkin_ws/install/uuv_gazebo_ros_plugins_msgs/include/uuv_gazebo_ros_plugins_msgs/uuv_gazebo_ros_plugins_msgs/msg/rosidl_typesupport_fastrtps_c__visibility_control.h
[2.782s] -- Up-to-date: /home/sunny/catkin_ws/install/uuv_gazebo_ros_plugins_msgs/lib/libuuv_gazebo_ros_plugins_msgs__rosidl_typesupport_fastrtps_c.so
[2.782s] -- Up-to-date: /home/sunny/catkin_ws/install/uuv_gazebo_ros_plugins_msgs/include/uuv_gazebo_ros_plugins_msgs/uuv_gazebo_ros_plugins_msgs
[2.782s] -- Up-to-date: /home/sunny/catkin_ws/install/uuv_gazebo_ros_plugins_msgs/include/uuv_gazebo_ros_plugins_msgs/uuv_gazebo_ros_plugins_msgs/srv
[2.783s] -- Up-to-date: /home/sunny/catkin_ws/install/uuv_gazebo_ros_plugins_msgs/include/uuv_gazebo_ros_plugins_msgs/uuv_gazebo_ros_plugins_msgs/srv/detail
[2.783s] -- Up-to-date: /home/sunny/catkin_ws/install/uuv_gazebo_ros_plugins_msgs/include/uuv_gazebo_ros_plugins_msgs/uuv_gazebo_ros_plugins_msgs/srv/detail/set_float__rosidl_typesupport_introspection_c.h
[2.783s] -- Up-to-date: /home/sunny/catkin_ws/install/uuv_gazebo_ros_plugins_msgs/include/uuv_gazebo_ros_plugins_msgs/uuv_gazebo_ros_plugins_msgs/srv/detail/get_model_properties__rosidl_typesupport_introspection_c.h
[2.783s] -- Up-to-date: /home/sunny/catkin_ws/install/uuv_gazebo_ros_plugins_msgs/include/uuv_gazebo_ros_plugins_msgs/uuv_gazebo_ros_plugins_msgs/srv/detail/get_thruster_state__type_support.c
[2.783s] -- Up-to-date: /home/sunny/catkin_ws/install/uuv_gazebo_ros_plugins_msgs/include/uuv_gazebo_ros_plugins_msgs/uuv_gazebo_ros_plugins_msgs/srv/detail/set_thruster_efficiency__type_support.c
[2.783s] -- Up-to-date: /home/sunny/catkin_ws/install/uuv_gazebo_ros_plugins_msgs/include/uuv_gazebo_ros_plugins_msgs/uuv_gazebo_ros_plugins_msgs/srv/detail/get_model_properties__type_support.c
[2.783s] -- Up-to-date: /home/sunny/catkin_ws/install/uuv_gazebo_ros_plugins_msgs/include/uuv_gazebo_ros_plugins_msgs/uuv_gazebo_ros_plugins_msgs/srv/detail/get_thruster_conversion_fcn__type_support.c
[2.783s] -- Up-to-date: /home/sunny/catkin_ws/install/uuv_gazebo_ros_plugins_msgs/include/uuv_gazebo_ros_plugins_msgs/uuv_gazebo_ros_plugins_msgs/srv/detail/get_float__rosidl_typesupport_introspection_c.h
[2.784s] -- Up-to-date: /home/sunny/catkin_ws/install/uuv_gazebo_ros_plugins_msgs/include/uuv_gazebo_ros_plugins_msgs/uuv_gazebo_ros_plugins_msgs/srv/detail/set_thruster_efficiency__rosidl_typesupport_introspection_c.h
[2.784s] -- Up-to-date: /home/sunny/catkin_ws/install/uuv_gazebo_ros_plugins_msgs/include/uuv_gazebo_ros_plugins_msgs/uuv_gazebo_ros_plugins_msgs/srv/detail/set_thruster_state__rosidl_typesupport_introspection_c.h
[2.784s] -- Up-to-date: /home/sunny/catkin_ws/install/uuv_gazebo_ros_plugins_msgs/include/uuv_gazebo_ros_plugins_msgs/uuv_gazebo_ros_plugins_msgs/srv/detail/set_use_global_current_vel__rosidl_typesupport_introspection_c.h
[2.784s] -- Up-to-date: /home/sunny/catkin_ws/install/uuv_gazebo_ros_plugins_msgs/include/uuv_gazebo_ros_plugins_msgs/uuv_gazebo_ros_plugins_msgs/srv/detail/get_float__type_support.c
[2.784s] -- Up-to-date: /home/sunny/catkin_ws/install/uuv_gazebo_ros_plugins_msgs/include/uuv_gazebo_ros_plugins_msgs/uuv_gazebo_ros_plugins_msgs/srv/detail/get_thruster_efficiency__type_support.c
[2.784s] -- Up-to-date: /home/sunny/catkin_ws/install/uuv_gazebo_ros_plugins_msgs/include/uuv_gazebo_ros_plugins_msgs/uuv_gazebo_ros_plugins_msgs/srv/detail/get_list_param__type_support.c
[2.785s] -- Up-to-date: /home/sunny/catkin_ws/install/uuv_gazebo_ros_plugins_msgs/include/uuv_gazebo_ros_plugins_msgs/uuv_gazebo_ros_plugins_msgs/srv/detail/get_thruster_efficiency__rosidl_typesupport_introspection_c.h
[2.785s] -- Up-to-date: /home/sunny/catkin_ws/install/uuv_gazebo_ros_plugins_msgs/include/uuv_gazebo_ros_plugins_msgs/uuv_gazebo_ros_plugins_msgs/srv/detail/set_use_global_current_vel__type_support.c
[2.785s] -- Up-to-date: /home/sunny/catkin_ws/install/uuv_gazebo_ros_plugins_msgs/include/uuv_gazebo_ros_plugins_msgs/uuv_gazebo_ros_plugins_msgs/srv/detail/set_thruster_state__type_support.c
[2.794s] -- Up-to-date: /home/sunny/catkin_ws/install/uuv_gazebo_ros_plugins_msgs/include/uuv_gazebo_ros_plugins_msgs/uuv_gazebo_ros_plugins_msgs/srv/detail/get_thruster_conversion_fcn__rosidl_typesupport_introspection_c.h
[2.795s] -- Up-to-date: /home/sunny/catkin_ws/install/uuv_gazebo_ros_plugins_msgs/include/uuv_gazebo_ros_plugins_msgs/uuv_gazebo_ros_plugins_msgs/srv/detail/set_float__type_support.c
[2.795s] -- Up-to-date: /home/sunny/catkin_ws/install/uuv_gazebo_ros_plugins_msgs/include/uuv_gazebo_ros_plugins_msgs/uuv_gazebo_ros_plugins_msgs/srv/detail/get_list_param__rosidl_typesupport_introspection_c.h
[2.795s] -- Up-to-date: /home/sunny/catkin_ws/install/uuv_gazebo_ros_plugins_msgs/include/uuv_gazebo_ros_plugins_msgs/uuv_gazebo_ros_plugins_msgs/srv/detail/get_thruster_state__rosidl_typesupport_introspection_c.h
[2.795s] -- Up-to-date: /home/sunny/catkin_ws/install/uuv_gazebo_ros_plugins_msgs/include/uuv_gazebo_ros_plugins_msgs/uuv_gazebo_ros_plugins_msgs/msg
[2.795s] -- Up-to-date: /home/sunny/catkin_ws/install/uuv_gazebo_ros_plugins_msgs/include/uuv_gazebo_ros_plugins_msgs/uuv_gazebo_ros_plugins_msgs/msg/rosidl_typesupport_introspection_c__visibility_control.h
[2.795s] -- Up-to-date: /home/sunny/catkin_ws/install/uuv_gazebo_ros_plugins_msgs/include/uuv_gazebo_ros_plugins_msgs/uuv_gazebo_ros_plugins_msgs/msg/detail
[2.795s] -- Up-to-date: /home/sunny/catkin_ws/install/uuv_gazebo_ros_plugins_msgs/include/uuv_gazebo_ros_plugins_msgs/uuv_gazebo_ros_plugins_msgs/msg/detail/float_stamped__type_support.c
[2.795s] -- Up-to-date: /home/sunny/catkin_ws/install/uuv_gazebo_ros_plugins_msgs/include/uuv_gazebo_ros_plugins_msgs/uuv_gazebo_ros_plugins_msgs/msg/detail/float_stamped__rosidl_typesupport_introspection_c.h
[2.795s] -- Up-to-date: /home/sunny/catkin_ws/install/uuv_gazebo_ros_plugins_msgs/include/uuv_gazebo_ros_plugins_msgs/uuv_gazebo_ros_plugins_msgs/msg/detail/underwater_object_model__rosidl_typesupport_introspection_c.h
[2.795s] -- Up-to-date: /home/sunny/catkin_ws/install/uuv_gazebo_ros_plugins_msgs/include/uuv_gazebo_ros_plugins_msgs/uuv_gazebo_ros_plugins_msgs/msg/detail/thruster_conversion_fcn__rosidl_typesupport_introspection_c.h
[2.796s] -- Up-to-date: /home/sunny/catkin_ws/install/uuv_gazebo_ros_plugins_msgs/include/uuv_gazebo_ros_plugins_msgs/uuv_gazebo_ros_plugins_msgs/msg/detail/underwater_object_model__type_support.c
[2.796s] -- Up-to-date: /home/sunny/catkin_ws/install/uuv_gazebo_ros_plugins_msgs/include/uuv_gazebo_ros_plugins_msgs/uuv_gazebo_ros_plugins_msgs/msg/detail/thruster_conversion_fcn__type_support.c
[2.796s] -- Up-to-date: /home/sunny/catkin_ws/install/uuv_gazebo_ros_plugins_msgs/lib/libuuv_gazebo_ros_plugins_msgs__rosidl_typesupport_introspection_c.so
[2.796s] -- Up-to-date: /home/sunny/catkin_ws/install/uuv_gazebo_ros_plugins_msgs/lib/libuuv_gazebo_ros_plugins_msgs__rosidl_typesupport_c.so
[2.797s] -- Up-to-date: /home/sunny/catkin_ws/install/uuv_gazebo_ros_plugins_msgs/include/uuv_gazebo_ros_plugins_msgs/uuv_gazebo_ros_plugins_msgs
[2.797s] -- Up-to-date: /home/sunny/catkin_ws/install/uuv_gazebo_ros_plugins_msgs/include/uuv_gazebo_ros_plugins_msgs/uuv_gazebo_ros_plugins_msgs/srv
[2.797s] -- Up-to-date: /home/sunny/catkin_ws/install/uuv_gazebo_ros_plugins_msgs/include/uuv_gazebo_ros_plugins_msgs/uuv_gazebo_ros_plugins_msgs/srv/set_use_global_current_vel.hpp
[2.797s] -- Up-to-date: /home/sunny/catkin_ws/install/uuv_gazebo_ros_plugins_msgs/include/uuv_gazebo_ros_plugins_msgs/uuv_gazebo_ros_plugins_msgs/srv/get_thruster_conversion_fcn.hpp
[2.797s] -- Up-to-date: /home/sunny/catkin_ws/install/uuv_gazebo_ros_plugins_msgs/include/uuv_gazebo_ros_plugins_msgs/uuv_gazebo_ros_plugins_msgs/srv/detail
[2.798s] -- Up-to-date: /home/sunny/catkin_ws/install/uuv_gazebo_ros_plugins_msgs/include/uuv_gazebo_ros_plugins_msgs/uuv_gazebo_ros_plugins_msgs/srv/detail/get_thruster_state__struct.hpp
[2.798s] -- Up-to-date: /home/sunny/catkin_ws/install/uuv_gazebo_ros_plugins_msgs/include/uuv_gazebo_ros_plugins_msgs/uuv_gazebo_ros_plugins_msgs/srv/detail/get_thruster_efficiency__builder.hpp
[2.798s] -- Up-to-date: /home/sunny/catkin_ws/install/uuv_gazebo_ros_plugins_msgs/include/uuv_gazebo_ros_plugins_msgs/uuv_gazebo_ros_plugins_msgs/srv/detail/set_use_global_current_vel__builder.hpp
[2.798s] -- Up-to-date: /home/sunny/catkin_ws/install/uuv_gazebo_ros_plugins_msgs/include/uuv_gazebo_ros_plugins_msgs/uuv_gazebo_ros_plugins_msgs/srv/detail/get_list_param__traits.hpp
[2.806s] -- Up-to-date: /home/sunny/catkin_ws/install/uuv_gazebo_ros_plugins_msgs/include/uuv_gazebo_ros_plugins_msgs/uuv_gazebo_ros_plugins_msgs/srv/detail/get_float__traits.hpp
[2.806s] -- Up-to-date: /home/sunny/catkin_ws/install/uuv_gazebo_ros_plugins_msgs/include/uuv_gazebo_ros_plugins_msgs/uuv_gazebo_ros_plugins_msgs/srv/detail/get_thruster_conversion_fcn__struct.hpp
[2.807s] -- Up-to-date: /home/sunny/catkin_ws/install/uuv_gazebo_ros_plugins_msgs/include/uuv_gazebo_ros_plugins_msgs/uuv_gazebo_ros_plugins_msgs/srv/detail/get_model_properties__builder.hpp
[2.807s] -- Up-to-date: /home/sunny/catkin_ws/install/uuv_gazebo_ros_plugins_msgs/include/uuv_gazebo_ros_plugins_msgs/uuv_gazebo_ros_plugins_msgs/srv/detail/set_float__traits.hpp
[2.807s] -- Up-to-date: /home/sunny/catkin_ws/install/uuv_gazebo_ros_plugins_msgs/include/uuv_gazebo_ros_plugins_msgs/uuv_gazebo_ros_plugins_msgs/srv/detail/get_float__builder.hpp
[2.811s] -- Up-to-date: /home/sunny/catkin_ws/install/uuv_gazebo_ros_plugins_msgs/include/uuv_gazebo_ros_plugins_msgs/uuv_gazebo_ros_plugins_msgs/srv/detail/set_float__struct.hpp
[2.811s] -- Up-to-date: /home/sunny/catkin_ws/install/uuv_gazebo_ros_plugins_msgs/include/uuv_gazebo_ros_plugins_msgs/uuv_gazebo_ros_plugins_msgs/srv/detail/set_thruster_efficiency__builder.hpp
[2.811s] -- Up-to-date: /home/sunny/catkin_ws/install/uuv_gazebo_ros_plugins_msgs/include/uuv_gazebo_ros_plugins_msgs/uuv_gazebo_ros_plugins_msgs/srv/detail/get_list_param__struct.hpp
[2.811s] -- Up-to-date: /home/sunny/catkin_ws/install/uuv_gazebo_ros_plugins_msgs/include/uuv_gazebo_ros_plugins_msgs/uuv_gazebo_ros_plugins_msgs/srv/detail/get_thruster_state__builder.hpp
[2.811s] -- Up-to-date: /home/sunny/catkin_ws/install/uuv_gazebo_ros_plugins_msgs/include/uuv_gazebo_ros_plugins_msgs/uuv_gazebo_ros_plugins_msgs/srv/detail/set_float__builder.hpp
[2.811s] -- Up-to-date: /home/sunny/catkin_ws/install/uuv_gazebo_ros_plugins_msgs/include/uuv_gazebo_ros_plugins_msgs/uuv_gazebo_ros_plugins_msgs/srv/detail/get_thruster_conversion_fcn__traits.hpp
[2.812s] -- Up-to-date: /home/sunny/catkin_ws/install/uuv_gazebo_ros_plugins_msgs/include/uuv_gazebo_ros_plugins_msgs/uuv_gazebo_ros_plugins_msgs/srv/detail/get_thruster_conversion_fcn__builder.hpp
[2.812s] -- Up-to-date: /home/sunny/catkin_ws/install/uuv_gazebo_ros_plugins_msgs/include/uuv_gazebo_ros_plugins_msgs/uuv_gazebo_ros_plugins_msgs/srv/detail/get_thruster_efficiency__traits.hpp
[2.812s] -- Up-to-date: /home/sunny/catkin_ws/install/uuv_gazebo_ros_plugins_msgs/include/uuv_gazebo_ros_plugins_msgs/uuv_gazebo_ros_plugins_msgs/srv/detail/set_thruster_state__builder.hpp
[2.812s] -- Up-to-date: /home/sunny/catkin_ws/install/uuv_gazebo_ros_plugins_msgs/include/uuv_gazebo_ros_plugins_msgs/uuv_gazebo_ros_plugins_msgs/srv/detail/set_thruster_state__traits.hpp
[2.812s] -- Up-to-date: /home/sunny/catkin_ws/install/uuv_gazebo_ros_plugins_msgs/include/uuv_gazebo_ros_plugins_msgs/uuv_gazebo_ros_plugins_msgs/srv/detail/get_list_param__builder.hpp
[2.812s] -- Up-to-date: /home/sunny/catkin_ws/install/uuv_gazebo_ros_plugins_msgs/include/uuv_gazebo_ros_plugins_msgs/uuv_gazebo_ros_plugins_msgs/srv/detail/get_thruster_state__traits.hpp
[2.812s] -- Up-to-date: /home/sunny/catkin_ws/install/uuv_gazebo_ros_plugins_msgs/include/uuv_gazebo_ros_plugins_msgs/uuv_gazebo_ros_plugins_msgs/srv/detail/set_thruster_efficiency__traits.hpp
[2.812s] -- Up-to-date: /home/sunny/catkin_ws/install/uuv_gazebo_ros_plugins_msgs/include/uuv_gazebo_ros_plugins_msgs/uuv_gazebo_ros_plugins_msgs/srv/detail/get_model_properties__traits.hpp
[2.812s] -- Up-to-date: /home/sunny/catkin_ws/install/uuv_gazebo_ros_plugins_msgs/include/uuv_gazebo_ros_plugins_msgs/uuv_gazebo_ros_plugins_msgs/srv/detail/set_thruster_state__struct.hpp
[2.813s] -- Up-to-date: /home/sunny/catkin_ws/install/uuv_gazebo_ros_plugins_msgs/include/uuv_gazebo_ros_plugins_msgs/uuv_gazebo_ros_plugins_msgs/srv/detail/set_use_global_current_vel__traits.hpp
[2.813s] -- Up-to-date: /home/sunny/catkin_ws/install/uuv_gazebo_ros_plugins_msgs/include/uuv_gazebo_ros_plugins_msgs/uuv_gazebo_ros_plugins_msgs/srv/detail/set_thruster_efficiency__struct.hpp
[2.813s] -- Up-to-date: /home/sunny/catkin_ws/install/uuv_gazebo_ros_plugins_msgs/include/uuv_gazebo_ros_plugins_msgs/uuv_gazebo_ros_plugins_msgs/srv/detail/get_model_properties__struct.hpp
[2.813s] -- Up-to-date: /home/sunny/catkin_ws/install/uuv_gazebo_ros_plugins_msgs/include/uuv_gazebo_ros_plugins_msgs/uuv_gazebo_ros_plugins_msgs/srv/detail/get_float__struct.hpp
[2.813s] -- Up-to-date: /home/sunny/catkin_ws/install/uuv_gazebo_ros_plugins_msgs/include/uuv_gazebo_ros_plugins_msgs/uuv_gazebo_ros_plugins_msgs/srv/detail/get_thruster_efficiency__struct.hpp
[2.813s] -- Up-to-date: /home/sunny/catkin_ws/install/uuv_gazebo_ros_plugins_msgs/include/uuv_gazebo_ros_plugins_msgs/uuv_gazebo_ros_plugins_msgs/srv/detail/set_use_global_current_vel__struct.hpp
[2.813s] -- Up-to-date: /home/sunny/catkin_ws/install/uuv_gazebo_ros_plugins_msgs/include/uuv_gazebo_ros_plugins_msgs/uuv_gazebo_ros_plugins_msgs/srv/get_list_param.hpp
[2.813s] -- Up-to-date: /home/sunny/catkin_ws/install/uuv_gazebo_ros_plugins_msgs/include/uuv_gazebo_ros_plugins_msgs/uuv_gazebo_ros_plugins_msgs/srv/set_float.hpp
[2.813s] -- Up-to-date: /home/sunny/catkin_ws/install/uuv_gazebo_ros_plugins_msgs/include/uuv_gazebo_ros_plugins_msgs/uuv_gazebo_ros_plugins_msgs/srv/get_float.hpp
[2.813s] -- Up-to-date: /home/sunny/catkin_ws/install/uuv_gazebo_ros_plugins_msgs/include/uuv_gazebo_ros_plugins_msgs/uuv_gazebo_ros_plugins_msgs/srv/set_thruster_state.hpp
[2.814s] -- Up-to-date: /home/sunny/catkin_ws/install/uuv_gazebo_ros_plugins_msgs/include/uuv_gazebo_ros_plugins_msgs/uuv_gazebo_ros_plugins_msgs/srv/set_thruster_efficiency.hpp
[2.814s] -- Up-to-date: /home/sunny/catkin_ws/install/uuv_gazebo_ros_plugins_msgs/include/uuv_gazebo_ros_plugins_msgs/uuv_gazebo_ros_plugins_msgs/srv/get_thruster_state.hpp
[2.814s] -- Up-to-date: /home/sunny/catkin_ws/install/uuv_gazebo_ros_plugins_msgs/include/uuv_gazebo_ros_plugins_msgs/uuv_gazebo_ros_plugins_msgs/srv/get_model_properties.hpp
[2.814s] -- Up-to-date: /home/sunny/catkin_ws/install/uuv_gazebo_ros_plugins_msgs/include/uuv_gazebo_ros_plugins_msgs/uuv_gazebo_ros_plugins_msgs/srv/get_thruster_efficiency.hpp
[2.814s] -- Up-to-date: /home/sunny/catkin_ws/install/uuv_gazebo_ros_plugins_msgs/include/uuv_gazebo_ros_plugins_msgs/uuv_gazebo_ros_plugins_msgs/msg
[2.814s] -- Up-to-date: /home/sunny/catkin_ws/install/uuv_gazebo_ros_plugins_msgs/include/uuv_gazebo_ros_plugins_msgs/uuv_gazebo_ros_plugins_msgs/msg/thruster_conversion_fcn.hpp
[2.814s] -- Up-to-date: /home/sunny/catkin_ws/install/uuv_gazebo_ros_plugins_msgs/include/uuv_gazebo_ros_plugins_msgs/uuv_gazebo_ros_plugins_msgs/msg/float_stamped.hpp
[2.814s] -- Up-to-date: /home/sunny/catkin_ws/install/uuv_gazebo_ros_plugins_msgs/include/uuv_gazebo_ros_plugins_msgs/uuv_gazebo_ros_plugins_msgs/msg/detail
[2.814s] -- Up-to-date: /home/sunny/catkin_ws/install/uuv_gazebo_ros_plugins_msgs/include/uuv_gazebo_ros_plugins_msgs/uuv_gazebo_ros_plugins_msgs/msg/detail/float_stamped__struct.hpp
[2.815s] -- Up-to-date: /home/sunny/catkin_ws/install/uuv_gazebo_ros_plugins_msgs/include/uuv_gazebo_ros_plugins_msgs/uuv_gazebo_ros_plugins_msgs/msg/detail/thruster_conversion_fcn__struct.hpp
[2.815s] -- Up-to-date: /home/sunny/catkin_ws/install/uuv_gazebo_ros_plugins_msgs/include/uuv_gazebo_ros_plugins_msgs/uuv_gazebo_ros_plugins_msgs/msg/detail/underwater_object_model__builder.hpp
[2.815s] -- Up-to-date: /home/sunny/catkin_ws/install/uuv_gazebo_ros_plugins_msgs/include/uuv_gazebo_ros_plugins_msgs/uuv_gazebo_ros_plugins_msgs/msg/detail/underwater_object_model__struct.hpp
[2.815s] -- Up-to-date: /home/sunny/catkin_ws/install/uuv_gazebo_ros_plugins_msgs/include/uuv_gazebo_ros_plugins_msgs/uuv_gazebo_ros_plugins_msgs/msg/detail/float_stamped__builder.hpp
[2.815s] -- Up-to-date: /home/sunny/catkin_ws/install/uuv_gazebo_ros_plugins_msgs/include/uuv_gazebo_ros_plugins_msgs/uuv_gazebo_ros_plugins_msgs/msg/detail/thruster_conversion_fcn__builder.hpp
[2.815s] -- Up-to-date: /home/sunny/catkin_ws/install/uuv_gazebo_ros_plugins_msgs/include/uuv_gazebo_ros_plugins_msgs/uuv_gazebo_ros_plugins_msgs/msg/detail/underwater_object_model__traits.hpp
[2.821s] -- Up-to-date: /home/sunny/catkin_ws/install/uuv_gazebo_ros_plugins_msgs/include/uuv_gazebo_ros_plugins_msgs/uuv_gazebo_ros_plugins_msgs/msg/detail/float_stamped__traits.hpp
[2.830s] -- Up-to-date: /home/sunny/catkin_ws/install/uuv_gazebo_ros_plugins_msgs/include/uuv_gazebo_ros_plugins_msgs/uuv_gazebo_ros_plugins_msgs/msg/detail/thruster_conversion_fcn__traits.hpp
[2.830s] -- Up-to-date: /home/sunny/catkin_ws/install/uuv_gazebo_ros_plugins_msgs/include/uuv_gazebo_ros_plugins_msgs/uuv_gazebo_ros_plugins_msgs/msg/underwater_object_model.hpp
[2.830s] -- Up-to-date: /home/sunny/catkin_ws/install/uuv_gazebo_ros_plugins_msgs/include/uuv_gazebo_ros_plugins_msgs/uuv_gazebo_ros_plugins_msgs
[2.831s] -- Up-to-date: /home/sunny/catkin_ws/install/uuv_gazebo_ros_plugins_msgs/include/uuv_gazebo_ros_plugins_msgs/uuv_gazebo_ros_plugins_msgs/srv
[2.831s] -- Up-to-date: /home/sunny/catkin_ws/install/uuv_gazebo_ros_plugins_msgs/include/uuv_gazebo_ros_plugins_msgs/uuv_gazebo_ros_plugins_msgs/srv/detail
[2.831s] -- Up-to-date: /home/sunny/catkin_ws/install/uuv_gazebo_ros_plugins_msgs/include/uuv_gazebo_ros_plugins_msgs/uuv_gazebo_ros_plugins_msgs/srv/detail/get_thruster_efficiency__rosidl_typesupport_fastrtps_cpp.hpp
[2.831s] -- Up-to-date: /home/sunny/catkin_ws/install/uuv_gazebo_ros_plugins_msgs/include/uuv_gazebo_ros_plugins_msgs/uuv_gazebo_ros_plugins_msgs/srv/detail/set_thruster_efficiency__rosidl_typesupport_fastrtps_cpp.hpp
[2.831s] -- Up-to-date: /home/sunny/catkin_ws/install/uuv_gazebo_ros_plugins_msgs/include/uuv_gazebo_ros_plugins_msgs/uuv_gazebo_ros_plugins_msgs/srv/detail/get_float__rosidl_typesupport_fastrtps_cpp.hpp
[2.831s] -- Up-to-date: /home/sunny/catkin_ws/install/uuv_gazebo_ros_plugins_msgs/include/uuv_gazebo_ros_plugins_msgs/uuv_gazebo_ros_plugins_msgs/srv/detail/set_use_global_current_vel__rosidl_typesupport_fastrtps_cpp.hpp
[2.831s] -- Up-to-date: /home/sunny/catkin_ws/install/uuv_gazebo_ros_plugins_msgs/include/uuv_gazebo_ros_plugins_msgs/uuv_gazebo_ros_plugins_msgs/srv/detail/set_float__rosidl_typesupport_fastrtps_cpp.hpp
[2.831s] -- Up-to-date: /home/sunny/catkin_ws/install/uuv_gazebo_ros_plugins_msgs/include/uuv_gazebo_ros_plugins_msgs/uuv_gazebo_ros_plugins_msgs/srv/detail/get_model_properties__rosidl_typesupport_fastrtps_cpp.hpp
[2.831s] -- Up-to-date: /home/sunny/catkin_ws/install/uuv_gazebo_ros_plugins_msgs/include/uuv_gazebo_ros_plugins_msgs/uuv_gazebo_ros_plugins_msgs/srv/detail/get_thruster_state__rosidl_typesupport_fastrtps_cpp.hpp
[2.831s] -- Up-to-date: /home/sunny/catkin_ws/install/uuv_gazebo_ros_plugins_msgs/include/uuv_gazebo_ros_plugins_msgs/uuv_gazebo_ros_plugins_msgs/srv/detail/get_list_param__rosidl_typesupport_fastrtps_cpp.hpp
[2.831s] -- Up-to-date: /home/sunny/catkin_ws/install/uuv_gazebo_ros_plugins_msgs/include/uuv_gazebo_ros_plugins_msgs/uuv_gazebo_ros_plugins_msgs/srv/detail/set_thruster_state__rosidl_typesupport_fastrtps_cpp.hpp
[2.831s] -- Up-to-date: /home/sunny/catkin_ws/install/uuv_gazebo_ros_plugins_msgs/include/uuv_gazebo_ros_plugins_msgs/uuv_gazebo_ros_plugins_msgs/srv/detail/get_thruster_conversion_fcn__rosidl_typesupport_fastrtps_cpp.hpp
[2.832s] -- Up-to-date: /home/sunny/catkin_ws/install/uuv_gazebo_ros_plugins_msgs/include/uuv_gazebo_ros_plugins_msgs/uuv_gazebo_ros_plugins_msgs/srv/detail/dds_fastrtps
[2.832s] -- Up-to-date: /home/sunny/catkin_ws/install/uuv_gazebo_ros_plugins_msgs/include/uuv_gazebo_ros_plugins_msgs/uuv_gazebo_ros_plugins_msgs/msg
[2.832s] -- Up-to-date: /home/sunny/catkin_ws/install/uuv_gazebo_ros_plugins_msgs/include/uuv_gazebo_ros_plugins_msgs/uuv_gazebo_ros_plugins_msgs/msg/detail
[2.832s] -- Up-to-date: /home/sunny/catkin_ws/install/uuv_gazebo_ros_plugins_msgs/include/uuv_gazebo_ros_plugins_msgs/uuv_gazebo_ros_plugins_msgs/msg/detail/underwater_object_model__rosidl_typesupport_fastrtps_cpp.hpp
[2.832s] -- Up-to-date: /home/sunny/catkin_ws/install/uuv_gazebo_ros_plugins_msgs/include/uuv_gazebo_ros_plugins_msgs/uuv_gazebo_ros_plugins_msgs/msg/detail/thruster_conversion_fcn__rosidl_typesupport_fastrtps_cpp.hpp
[2.832s] -- Up-to-date: /home/sunny/catkin_ws/install/uuv_gazebo_ros_plugins_msgs/include/uuv_gazebo_ros_plugins_msgs/uuv_gazebo_ros_plugins_msgs/msg/detail/float_stamped__rosidl_typesupport_fastrtps_cpp.hpp
[2.832s] -- Up-to-date: /home/sunny/catkin_ws/install/uuv_gazebo_ros_plugins_msgs/include/uuv_gazebo_ros_plugins_msgs/uuv_gazebo_ros_plugins_msgs/msg/detail/dds_fastrtps
[2.832s] -- Up-to-date: /home/sunny/catkin_ws/install/uuv_gazebo_ros_plugins_msgs/include/uuv_gazebo_ros_plugins_msgs/uuv_gazebo_ros_plugins_msgs/msg/rosidl_typesupport_fastrtps_cpp__visibility_control.h
[2.833s] -- Up-to-date: /home/sunny/catkin_ws/install/uuv_gazebo_ros_plugins_msgs/lib/libuuv_gazebo_ros_plugins_msgs__rosidl_typesupport_fastrtps_cpp.so
[2.834s] -- Up-to-date: /home/sunny/catkin_ws/install/uuv_gazebo_ros_plugins_msgs/include/uuv_gazebo_ros_plugins_msgs/uuv_gazebo_ros_plugins_msgs
[2.834s] -- Up-to-date: /home/sunny/catkin_ws/install/uuv_gazebo_ros_plugins_msgs/include/uuv_gazebo_ros_plugins_msgs/uuv_gazebo_ros_plugins_msgs/srv
[2.834s] -- Up-to-date: /home/sunny/catkin_ws/install/uuv_gazebo_ros_plugins_msgs/include/uuv_gazebo_ros_plugins_msgs/uuv_gazebo_ros_plugins_msgs/srv/detail
[2.834s] -- Up-to-date: /home/sunny/catkin_ws/install/uuv_gazebo_ros_plugins_msgs/include/uuv_gazebo_ros_plugins_msgs/uuv_gazebo_ros_plugins_msgs/srv/detail/get_model_properties__rosidl_typesupport_introspection_cpp.hpp
[2.834s] -- Up-to-date: /home/sunny/catkin_ws/install/uuv_gazebo_ros_plugins_msgs/include/uuv_gazebo_ros_plugins_msgs/uuv_gazebo_ros_plugins_msgs/srv/detail/get_thruster_conversion_fcn__rosidl_typesupport_introspection_cpp.hpp
[2.834s] -- Up-to-date: /home/sunny/catkin_ws/install/uuv_gazebo_ros_plugins_msgs/include/uuv_gazebo_ros_plugins_msgs/uuv_gazebo_ros_plugins_msgs/srv/detail/set_thruster_efficiency__rosidl_typesupport_introspection_cpp.hpp
[2.836s] -- Up-to-date: /home/sunny/catkin_ws/install/uuv_gazebo_ros_plugins_msgs/include/uuv_gazebo_ros_plugins_msgs/uuv_gazebo_ros_plugins_msgs/srv/detail/get_list_param__type_support.cpp
[2.836s] -- Up-to-date: /home/sunny/catkin_ws/install/uuv_gazebo_ros_plugins_msgs/include/uuv_gazebo_ros_plugins_msgs/uuv_gazebo_ros_plugins_msgs/srv/detail/get_thruster_state__rosidl_typesupport_introspection_cpp.hpp
[2.836s] -- Up-to-date: /home/sunny/catkin_ws/install/uuv_gazebo_ros_plugins_msgs/include/uuv_gazebo_ros_plugins_msgs/uuv_gazebo_ros_plugins_msgs/srv/detail/get_float__type_support.cpp
[2.836s] -- Up-to-date: /home/sunny/catkin_ws/install/uuv_gazebo_ros_plugins_msgs/include/uuv_gazebo_ros_plugins_msgs/uuv_gazebo_ros_plugins_msgs/srv/detail/get_thruster_efficiency__type_support.cpp
[2.836s] -- Up-to-date: /home/sunny/catkin_ws/install/uuv_gazebo_ros_plugins_msgs/include/uuv_gazebo_ros_plugins_msgs/uuv_gazebo_ros_plugins_msgs/srv/detail/set_thruster_state__rosidl_typesupport_introspection_cpp.hpp
[2.836s] -- Up-to-date: /home/sunny/catkin_ws/install/uuv_gazebo_ros_plugins_msgs/include/uuv_gazebo_ros_plugins_msgs/uuv_gazebo_ros_plugins_msgs/srv/detail/get_list_param__rosidl_typesupport_introspection_cpp.hpp
[2.836s] -- Up-to-date: /home/sunny/catkin_ws/install/uuv_gazebo_ros_plugins_msgs/include/uuv_gazebo_ros_plugins_msgs/uuv_gazebo_ros_plugins_msgs/srv/detail/set_float__type_support.cpp
[2.837s] -- Up-to-date: /home/sunny/catkin_ws/install/uuv_gazebo_ros_plugins_msgs/include/uuv_gazebo_ros_plugins_msgs/uuv_gazebo_ros_plugins_msgs/srv/detail/set_use_global_current_vel__type_support.cpp
[2.837s] -- Up-to-date: /home/sunny/catkin_ws/install/uuv_gazebo_ros_plugins_msgs/include/uuv_gazebo_ros_plugins_msgs/uuv_gazebo_ros_plugins_msgs/srv/detail/set_use_global_current_vel__rosidl_typesupport_introspection_cpp.hpp
[2.837s] -- Up-to-date: /home/sunny/catkin_ws/install/uuv_gazebo_ros_plugins_msgs/include/uuv_gazebo_ros_plugins_msgs/uuv_gazebo_ros_plugins_msgs/srv/detail/set_float__rosidl_typesupport_introspection_cpp.hpp
[2.837s] -- Up-to-date: /home/sunny/catkin_ws/install/uuv_gazebo_ros_plugins_msgs/include/uuv_gazebo_ros_plugins_msgs/uuv_gazebo_ros_plugins_msgs/srv/detail/set_thruster_efficiency__type_support.cpp
[2.839s] -- Up-to-date: /home/sunny/catkin_ws/install/uuv_gazebo_ros_plugins_msgs/include/uuv_gazebo_ros_plugins_msgs/uuv_gazebo_ros_plugins_msgs/srv/detail/get_thruster_efficiency__rosidl_typesupport_introspection_cpp.hpp
[2.839s] -- Up-to-date: /home/sunny/catkin_ws/install/uuv_gazebo_ros_plugins_msgs/include/uuv_gazebo_ros_plugins_msgs/uuv_gazebo_ros_plugins_msgs/srv/detail/set_thruster_state__type_support.cpp
[2.839s] -- Up-to-date: /home/sunny/catkin_ws/install/uuv_gazebo_ros_plugins_msgs/include/uuv_gazebo_ros_plugins_msgs/uuv_gazebo_ros_plugins_msgs/srv/detail/get_thruster_state__type_support.cpp
[2.839s] -- Up-to-date: /home/sunny/catkin_ws/install/uuv_gazebo_ros_plugins_msgs/include/uuv_gazebo_ros_plugins_msgs/uuv_gazebo_ros_plugins_msgs/srv/detail/get_model_properties__type_support.cpp
[2.839s] -- Up-to-date: /home/sunny/catkin_ws/install/uuv_gazebo_ros_plugins_msgs/include/uuv_gazebo_ros_plugins_msgs/uuv_gazebo_ros_plugins_msgs/srv/detail/get_thruster_conversion_fcn__type_support.cpp
[2.839s] -- Up-to-date: /home/sunny/catkin_ws/install/uuv_gazebo_ros_plugins_msgs/include/uuv_gazebo_ros_plugins_msgs/uuv_gazebo_ros_plugins_msgs/srv/detail/get_float__rosidl_typesupport_introspection_cpp.hpp
[2.840s] -- Up-to-date: /home/sunny/catkin_ws/install/uuv_gazebo_ros_plugins_msgs/include/uuv_gazebo_ros_plugins_msgs/uuv_gazebo_ros_plugins_msgs/msg
[2.840s] -- Up-to-date: /home/sunny/catkin_ws/install/uuv_gazebo_ros_plugins_msgs/include/uuv_gazebo_ros_plugins_msgs/uuv_gazebo_ros_plugins_msgs/msg/detail
[2.840s] -- Up-to-date: /home/sunny/catkin_ws/install/uuv_gazebo_ros_plugins_msgs/include/uuv_gazebo_ros_plugins_msgs/uuv_gazebo_ros_plugins_msgs/msg/detail/float_stamped__type_support.cpp
[2.840s] -- Up-to-date: /home/sunny/catkin_ws/install/uuv_gazebo_ros_plugins_msgs/include/uuv_gazebo_ros_plugins_msgs/uuv_gazebo_ros_plugins_msgs/msg/detail/underwater_object_model__rosidl_typesupport_introspection_cpp.hpp
[2.840s] -- Up-to-date: /home/sunny/catkin_ws/install/uuv_gazebo_ros_plugins_msgs/include/uuv_gazebo_ros_plugins_msgs/uuv_gazebo_ros_plugins_msgs/msg/detail/thruster_conversion_fcn__rosidl_typesupport_introspection_cpp.hpp
[2.840s] -- Up-to-date: /home/sunny/catkin_ws/install/uuv_gazebo_ros_plugins_msgs/include/uuv_gazebo_ros_plugins_msgs/uuv_gazebo_ros_plugins_msgs/msg/detail/underwater_object_model__type_support.cpp
[2.840s] -- Up-to-date: /home/sunny/catkin_ws/install/uuv_gazebo_ros_plugins_msgs/include/uuv_gazebo_ros_plugins_msgs/uuv_gazebo_ros_plugins_msgs/msg/detail/float_stamped__rosidl_typesupport_introspection_cpp.hpp
[2.841s] -- Up-to-date: /home/sunny/catkin_ws/install/uuv_gazebo_ros_plugins_msgs/include/uuv_gazebo_ros_plugins_msgs/uuv_gazebo_ros_plugins_msgs/msg/detail/thruster_conversion_fcn__type_support.cpp
[2.844s] -- Up-to-date: /home/sunny/catkin_ws/install/uuv_gazebo_ros_plugins_msgs/lib/libuuv_gazebo_ros_plugins_msgs__rosidl_typesupport_introspection_cpp.so
[2.845s] -- Up-to-date: /home/sunny/catkin_ws/install/uuv_gazebo_ros_plugins_msgs/lib/libuuv_gazebo_ros_plugins_msgs__rosidl_typesupport_cpp.so
[2.845s] -- Up-to-date: /home/sunny/catkin_ws/install/uuv_gazebo_ros_plugins_msgs/share/uuv_gazebo_ros_plugins_msgs/environment/pythonpath.sh
[2.845s] -- Up-to-date: /home/sunny/catkin_ws/install/uuv_gazebo_ros_plugins_msgs/share/uuv_gazebo_ros_plugins_msgs/environment/pythonpath.dsv
[2.845s] -- Up-to-date: /home/sunny/catkin_ws/install/uuv_gazebo_ros_plugins_msgs/local/lib/python3.10/dist-packages/uuv_gazebo_ros_plugins_msgs-0.6.1-py3.10.egg-info
[2.845s] -- Installing: /home/sunny/catkin_ws/install/uuv_gazebo_ros_plugins_msgs/local/lib/python3.10/dist-packages/uuv_gazebo_ros_plugins_msgs-0.6.1-py3.10.egg-info/PKG-INFO
[2.845s] -- Installing: /home/sunny/catkin_ws/install/uuv_gazebo_ros_plugins_msgs/local/lib/python3.10/dist-packages/uuv_gazebo_ros_plugins_msgs-0.6.1-py3.10.egg-info/SOURCES.txt
[2.845s] -- Installing: /home/sunny/catkin_ws/install/uuv_gazebo_ros_plugins_msgs/local/lib/python3.10/dist-packages/uuv_gazebo_ros_plugins_msgs-0.6.1-py3.10.egg-info/top_level.txt
[2.845s] -- Installing: /home/sunny/catkin_ws/install/uuv_gazebo_ros_plugins_msgs/local/lib/python3.10/dist-packages/uuv_gazebo_ros_plugins_msgs-0.6.1-py3.10.egg-info/dependency_links.txt
[2.845s] -- Up-to-date: /home/sunny/catkin_ws/install/uuv_gazebo_ros_plugins_msgs/local/lib/python3.10/dist-packages/uuv_gazebo_ros_plugins_msgs
[2.846s] -- Up-to-date: /home/sunny/catkin_ws/install/uuv_gazebo_ros_plugins_msgs/local/lib/python3.10/dist-packages/uuv_gazebo_ros_plugins_msgs/__init__.py
[2.846s] -- Up-to-date: /home/sunny/catkin_ws/install/uuv_gazebo_ros_plugins_msgs/local/lib/python3.10/dist-packages/uuv_gazebo_ros_plugins_msgs/srv
[2.846s] -- Up-to-date: /home/sunny/catkin_ws/install/uuv_gazebo_ros_plugins_msgs/local/lib/python3.10/dist-packages/uuv_gazebo_ros_plugins_msgs/srv/__init__.py
[2.846s] -- Up-to-date: /home/sunny/catkin_ws/install/uuv_gazebo_ros_plugins_msgs/local/lib/python3.10/dist-packages/uuv_gazebo_ros_plugins_msgs/srv/_get_float.py
[2.846s] -- Up-to-date: /home/sunny/catkin_ws/install/uuv_gazebo_ros_plugins_msgs/local/lib/python3.10/dist-packages/uuv_gazebo_ros_plugins_msgs/srv/_set_thruster_state_s.c
[2.846s] -- Up-to-date: /home/sunny/catkin_ws/install/uuv_gazebo_ros_plugins_msgs/local/lib/python3.10/dist-packages/uuv_gazebo_ros_plugins_msgs/srv/_get_thruster_state_s.c
[2.846s] -- Up-to-date: /home/sunny/catkin_ws/install/uuv_gazebo_ros_plugins_msgs/local/lib/python3.10/dist-packages/uuv_gazebo_ros_plugins_msgs/srv/_set_thruster_efficiency.py
[2.846s] -- Up-to-date: /home/sunny/catkin_ws/install/uuv_gazebo_ros_plugins_msgs/local/lib/python3.10/dist-packages/uuv_gazebo_ros_plugins_msgs/srv/_get_thruster_efficiency_s.c
[2.846s] -- Up-to-date: /home/sunny/catkin_ws/install/uuv_gazebo_ros_plugins_msgs/local/lib/python3.10/dist-packages/uuv_gazebo_ros_plugins_msgs/srv/_set_thruster_state.py
[2.847s] -- Up-to-date: /home/sunny/catkin_ws/install/uuv_gazebo_ros_plugins_msgs/local/lib/python3.10/dist-packages/uuv_gazebo_ros_plugins_msgs/srv/_get_thruster_state.py
[2.847s] -- Up-to-date: /home/sunny/catkin_ws/install/uuv_gazebo_ros_plugins_msgs/local/lib/python3.10/dist-packages/uuv_gazebo_ros_plugins_msgs/srv/_set_thruster_efficiency_s.c
[2.847s] -- Up-to-date: /home/sunny/catkin_ws/install/uuv_gazebo_ros_plugins_msgs/local/lib/python3.10/dist-packages/uuv_gazebo_ros_plugins_msgs/srv/_get_thruster_conversion_fcn.py
[2.847s] -- Up-to-date: /home/sunny/catkin_ws/install/uuv_gazebo_ros_plugins_msgs/local/lib/python3.10/dist-packages/uuv_gazebo_ros_plugins_msgs/srv/_get_float_s.c
[2.847s] -- Up-to-date: /home/sunny/catkin_ws/install/uuv_gazebo_ros_plugins_msgs/local/lib/python3.10/dist-packages/uuv_gazebo_ros_plugins_msgs/srv/_get_list_param_s.c
[2.847s] -- Up-to-date: /home/sunny/catkin_ws/install/uuv_gazebo_ros_plugins_msgs/local/lib/python3.10/dist-packages/uuv_gazebo_ros_plugins_msgs/srv/_set_float.py
[2.847s] -- Up-to-date: /home/sunny/catkin_ws/install/uuv_gazebo_ros_plugins_msgs/local/lib/python3.10/dist-packages/uuv_gazebo_ros_plugins_msgs/srv/_get_model_properties_s.c
[2.847s] -- Up-to-date: /home/sunny/catkin_ws/install/uuv_gazebo_ros_plugins_msgs/local/lib/python3.10/dist-packages/uuv_gazebo_ros_plugins_msgs/srv/_set_float_s.c
[2.847s] -- Up-to-date: /home/sunny/catkin_ws/install/uuv_gazebo_ros_plugins_msgs/local/lib/python3.10/dist-packages/uuv_gazebo_ros_plugins_msgs/srv/_get_list_param.py
[2.847s] -- Up-to-date: /home/sunny/catkin_ws/install/uuv_gazebo_ros_plugins_msgs/local/lib/python3.10/dist-packages/uuv_gazebo_ros_plugins_msgs/srv/_get_thruster_efficiency.py
[2.847s] -- Up-to-date: /home/sunny/catkin_ws/install/uuv_gazebo_ros_plugins_msgs/local/lib/python3.10/dist-packages/uuv_gazebo_ros_plugins_msgs/srv/_set_use_global_current_vel_s.c
[2.848s] -- Up-to-date: /home/sunny/catkin_ws/install/uuv_gazebo_ros_plugins_msgs/local/lib/python3.10/dist-packages/uuv_gazebo_ros_plugins_msgs/srv/_get_thruster_conversion_fcn_s.c
[2.848s] -- Up-to-date: /home/sunny/catkin_ws/install/uuv_gazebo_ros_plugins_msgs/local/lib/python3.10/dist-packages/uuv_gazebo_ros_plugins_msgs/srv/_get_model_properties.py
[2.848s] -- Up-to-date: /home/sunny/catkin_ws/install/uuv_gazebo_ros_plugins_msgs/local/lib/python3.10/dist-packages/uuv_gazebo_ros_plugins_msgs/srv/_set_use_global_current_vel.py
[2.848s] -- Up-to-date: /home/sunny/catkin_ws/install/uuv_gazebo_ros_plugins_msgs/local/lib/python3.10/dist-packages/uuv_gazebo_ros_plugins_msgs/libuuv_gazebo_ros_plugins_msgs__rosidl_generator_py.so
[2.848s] -- Up-to-date: /home/sunny/catkin_ws/install/uuv_gazebo_ros_plugins_msgs/local/lib/python3.10/dist-packages/uuv_gazebo_ros_plugins_msgs/uuv_gazebo_ros_plugins_msgs_s__rosidl_typesupport_introspection_c.cpython-310-x86_64-linux-gnu.so
[2.848s] -- Up-to-date: /home/sunny/catkin_ws/install/uuv_gazebo_ros_plugins_msgs/local/lib/python3.10/dist-packages/uuv_gazebo_ros_plugins_msgs/uuv_gazebo_ros_plugins_msgs_s__rosidl_typesupport_c.cpython-310-x86_64-linux-gnu.so
[2.848s] -- Up-to-date: /home/sunny/catkin_ws/install/uuv_gazebo_ros_plugins_msgs/local/lib/python3.10/dist-packages/uuv_gazebo_ros_plugins_msgs/_uuv_gazebo_ros_plugins_msgs_s.ep.rosidl_typesupport_introspection_c.c
[2.848s] -- Up-to-date: /home/sunny/catkin_ws/install/uuv_gazebo_ros_plugins_msgs/local/lib/python3.10/dist-packages/uuv_gazebo_ros_plugins_msgs/_uuv_gazebo_ros_plugins_msgs_s.ep.rosidl_typesupport_fastrtps_c.c
[2.848s] -- Up-to-date: /home/sunny/catkin_ws/install/uuv_gazebo_ros_plugins_msgs/local/lib/python3.10/dist-packages/uuv_gazebo_ros_plugins_msgs/uuv_gazebo_ros_plugins_msgs_s__rosidl_typesupport_fastrtps_c.cpython-310-x86_64-linux-gnu.so
[2.848s] -- Up-to-date: /home/sunny/catkin_ws/install/uuv_gazebo_ros_plugins_msgs/local/lib/python3.10/dist-packages/uuv_gazebo_ros_plugins_msgs/_uuv_gazebo_ros_plugins_msgs_s.ep.rosidl_typesupport_c.c
[2.848s] -- Up-to-date: /home/sunny/catkin_ws/install/uuv_gazebo_ros_plugins_msgs/local/lib/python3.10/dist-packages/uuv_gazebo_ros_plugins_msgs/msg
[2.849s] -- Up-to-date: /home/sunny/catkin_ws/install/uuv_gazebo_ros_plugins_msgs/local/lib/python3.10/dist-packages/uuv_gazebo_ros_plugins_msgs/msg/__init__.py
[2.849s] -- Up-to-date: /home/sunny/catkin_ws/install/uuv_gazebo_ros_plugins_msgs/local/lib/python3.10/dist-packages/uuv_gazebo_ros_plugins_msgs/msg/_thruster_conversion_fcn.py
[2.849s] -- Up-to-date: /home/sunny/catkin_ws/install/uuv_gazebo_ros_plugins_msgs/local/lib/python3.10/dist-packages/uuv_gazebo_ros_plugins_msgs/msg/_underwater_object_model_s.c
[2.849s] -- Up-to-date: /home/sunny/catkin_ws/install/uuv_gazebo_ros_plugins_msgs/local/lib/python3.10/dist-packages/uuv_gazebo_ros_plugins_msgs/msg/_float_stamped.py
[2.849s] -- Up-to-date: /home/sunny/catkin_ws/install/uuv_gazebo_ros_plugins_msgs/local/lib/python3.10/dist-packages/uuv_gazebo_ros_plugins_msgs/msg/_underwater_object_model.py
[2.849s] -- Up-to-date: /home/sunny/catkin_ws/install/uuv_gazebo_ros_plugins_msgs/local/lib/python3.10/dist-packages/uuv_gazebo_ros_plugins_msgs/msg/_float_stamped_s.c
[2.849s] -- Up-to-date: /home/sunny/catkin_ws/install/uuv_gazebo_ros_plugins_msgs/local/lib/python3.10/dist-packages/uuv_gazebo_ros_plugins_msgs/msg/_thruster_conversion_fcn_s.c
[2.850s] Listing '/home/sunny/catkin_ws/install/uuv_gazebo_ros_plugins_msgs/local/lib/python3.10/dist-packages/uuv_gazebo_ros_plugins_msgs'...
[2.850s] Listing '/home/sunny/catkin_ws/install/uuv_gazebo_ros_plugins_msgs/local/lib/python3.10/dist-packages/uuv_gazebo_ros_plugins_msgs/msg'...
[2.850s] Listing '/home/sunny/catkin_ws/install/uuv_gazebo_ros_plugins_msgs/local/lib/python3.10/dist-packages/uuv_gazebo_ros_plugins_msgs/srv'...
[2.858s] -- Up-to-date: /home/sunny/catkin_ws/install/uuv_gazebo_ros_plugins_msgs/local/lib/python3.10/dist-packages/uuv_gazebo_ros_plugins_msgs/uuv_gazebo_ros_plugins_msgs_s__rosidl_typesupport_fastrtps_c.cpython-310-x86_64-linux-gnu.so
[2.858s] -- Up-to-date: /home/sunny/catkin_ws/install/uuv_gazebo_ros_plugins_msgs/local/lib/python3.10/dist-packages/uuv_gazebo_ros_plugins_msgs/uuv_gazebo_ros_plugins_msgs_s__rosidl_typesupport_introspection_c.cpython-310-x86_64-linux-gnu.so
[2.858s] -- Up-to-date: /home/sunny/catkin_ws/install/uuv_gazebo_ros_plugins_msgs/local/lib/python3.10/dist-packages/uuv_gazebo_ros_plugins_msgs/uuv_gazebo_ros_plugins_msgs_s__rosidl_typesupport_c.cpython-310-x86_64-linux-gnu.so
[2.858s] -- Up-to-date: /home/sunny/catkin_ws/install/uuv_gazebo_ros_plugins_msgs/lib/libuuv_gazebo_ros_plugins_msgs__rosidl_generator_py.so
[2.859s] -- Up-to-date: /home/sunny/catkin_ws/install/uuv_gazebo_ros_plugins_msgs/share/uuv_gazebo_ros_plugins_msgs/msg/FloatStamped.idl
[2.860s] -- Up-to-date: /home/sunny/catkin_ws/install/uuv_gazebo_ros_plugins_msgs/share/uuv_gazebo_ros_plugins_msgs/msg/UnderwaterObjectModel.idl
[2.860s] -- Up-to-date: /home/sunny/catkin_ws/install/uuv_gazebo_ros_plugins_msgs/share/uuv_gazebo_ros_plugins_msgs/msg/ThrusterConversionFcn.idl
[2.860s] -- Up-to-date: /home/sunny/catkin_ws/install/uuv_gazebo_ros_plugins_msgs/share/uuv_gazebo_ros_plugins_msgs/srv/SetThrusterEfficiency.idl
[2.860s] -- Up-to-date: /home/sunny/catkin_ws/install/uuv_gazebo_ros_plugins_msgs/share/uuv_gazebo_ros_plugins_msgs/srv/SetThrusterState.idl
[2.860s] -- Up-to-date: /home/sunny/catkin_ws/install/uuv_gazebo_ros_plugins_msgs/share/uuv_gazebo_ros_plugins_msgs/srv/GetThrusterEfficiency.idl
[2.860s] -- Up-to-date: /home/sunny/catkin_ws/install/uuv_gazebo_ros_plugins_msgs/share/uuv_gazebo_ros_plugins_msgs/srv/GetThrusterState.idl
[2.860s] -- Up-to-date: /home/sunny/catkin_ws/install/uuv_gazebo_ros_plugins_msgs/share/uuv_gazebo_ros_plugins_msgs/srv/SetUseGlobalCurrentVel.idl
[2.861s] -- Up-to-date: /home/sunny/catkin_ws/install/uuv_gazebo_ros_plugins_msgs/share/uuv_gazebo_ros_plugins_msgs/srv/GetModelProperties.idl
[2.861s] -- Up-to-date: /home/sunny/catkin_ws/install/uuv_gazebo_ros_plugins_msgs/share/uuv_gazebo_ros_plugins_msgs/srv/SetFloat.idl
[2.861s] -- Up-to-date: /home/sunny/catkin_ws/install/uuv_gazebo_ros_plugins_msgs/share/uuv_gazebo_ros_plugins_msgs/srv/GetFloat.idl
[2.862s] -- Up-to-date: /home/sunny/catkin_ws/install/uuv_gazebo_ros_plugins_msgs/share/uuv_gazebo_ros_plugins_msgs/srv/GetListParam.idl
[2.862s] -- Up-to-date: /home/sunny/catkin_ws/install/uuv_gazebo_ros_plugins_msgs/share/uuv_gazebo_ros_plugins_msgs/srv/GetThrusterConversionFcn.idl
[2.862s] -- Up-to-date: /home/sunny/catkin_ws/install/uuv_gazebo_ros_plugins_msgs/share/uuv_gazebo_ros_plugins_msgs/msg/FloatStamped.msg
[2.862s] -- Up-to-date: /home/sunny/catkin_ws/install/uuv_gazebo_ros_plugins_msgs/share/uuv_gazebo_ros_plugins_msgs/msg/UnderwaterObjectModel.msg
[2.862s] -- Up-to-date: /home/sunny/catkin_ws/install/uuv_gazebo_ros_plugins_msgs/share/uuv_gazebo_ros_plugins_msgs/msg/ThrusterConversionFcn.msg
[2.863s] -- Up-to-date: /home/sunny/catkin_ws/install/uuv_gazebo_ros_plugins_msgs/share/uuv_gazebo_ros_plugins_msgs/srv/SetThrusterEfficiency.srv
[2.863s] -- Up-to-date: /home/sunny/catkin_ws/install/uuv_gazebo_ros_plugins_msgs/share/uuv_gazebo_ros_plugins_msgs/srv/SetThrusterEfficiency_Request.msg
[2.863s] -- Up-to-date: /home/sunny/catkin_ws/install/uuv_gazebo_ros_plugins_msgs/share/uuv_gazebo_ros_plugins_msgs/srv/SetThrusterEfficiency_Response.msg
[2.863s] -- Up-to-date: /home/sunny/catkin_ws/install/uuv_gazebo_ros_plugins_msgs/share/uuv_gazebo_ros_plugins_msgs/srv/SetThrusterState.srv
[2.863s] -- Up-to-date: /home/sunny/catkin_ws/install/uuv_gazebo_ros_plugins_msgs/share/uuv_gazebo_ros_plugins_msgs/srv/SetThrusterState_Request.msg
[2.863s] -- Up-to-date: /home/sunny/catkin_ws/install/uuv_gazebo_ros_plugins_msgs/share/uuv_gazebo_ros_plugins_msgs/srv/SetThrusterState_Response.msg
[2.863s] -- Up-to-date: /home/sunny/catkin_ws/install/uuv_gazebo_ros_plugins_msgs/share/uuv_gazebo_ros_plugins_msgs/srv/GetThrusterEfficiency.srv
[2.865s] -- Up-to-date: /home/sunny/catkin_ws/install/uuv_gazebo_ros_plugins_msgs/share/uuv_gazebo_ros_plugins_msgs/srv/GetThrusterEfficiency_Request.msg
[2.865s] -- Up-to-date: /home/sunny/catkin_ws/install/uuv_gazebo_ros_plugins_msgs/share/uuv_gazebo_ros_plugins_msgs/srv/GetThrusterEfficiency_Response.msg
[2.865s] -- Up-to-date: /home/sunny/catkin_ws/install/uuv_gazebo_ros_plugins_msgs/share/uuv_gazebo_ros_plugins_msgs/srv/GetThrusterState.srv
[2.866s] -- Up-to-date: /home/sunny/catkin_ws/install/uuv_gazebo_ros_plugins_msgs/share/uuv_gazebo_ros_plugins_msgs/srv/GetThrusterState_Request.msg
[2.866s] -- Up-to-date: /home/sunny/catkin_ws/install/uuv_gazebo_ros_plugins_msgs/share/uuv_gazebo_ros_plugins_msgs/srv/GetThrusterState_Response.msg
[2.866s] -- Up-to-date: /home/sunny/catkin_ws/install/uuv_gazebo_ros_plugins_msgs/share/uuv_gazebo_ros_plugins_msgs/srv/SetUseGlobalCurrentVel.srv
[2.866s] -- Up-to-date: /home/sunny/catkin_ws/install/uuv_gazebo_ros_plugins_msgs/share/uuv_gazebo_ros_plugins_msgs/srv/SetUseGlobalCurrentVel_Request.msg
[2.867s] -- Up-to-date: /home/sunny/catkin_ws/install/uuv_gazebo_ros_plugins_msgs/share/uuv_gazebo_ros_plugins_msgs/srv/SetUseGlobalCurrentVel_Response.msg
[2.867s] -- Up-to-date: /home/sunny/catkin_ws/install/uuv_gazebo_ros_plugins_msgs/share/uuv_gazebo_ros_plugins_msgs/srv/GetModelProperties.srv
[2.867s] -- Up-to-date: /home/sunny/catkin_ws/install/uuv_gazebo_ros_plugins_msgs/share/uuv_gazebo_ros_plugins_msgs/srv/GetModelProperties_Request.msg
[2.867s] -- Up-to-date: /home/sunny/catkin_ws/install/uuv_gazebo_ros_plugins_msgs/share/uuv_gazebo_ros_plugins_msgs/srv/GetModelProperties_Response.msg
[2.867s] -- Up-to-date: /home/sunny/catkin_ws/install/uuv_gazebo_ros_plugins_msgs/share/uuv_gazebo_ros_plugins_msgs/srv/SetFloat.srv
[2.867s] -- Up-to-date: /home/sunny/catkin_ws/install/uuv_gazebo_ros_plugins_msgs/share/uuv_gazebo_ros_plugins_msgs/srv/SetFloat_Request.msg
[2.868s] -- Up-to-date: /home/sunny/catkin_ws/install/uuv_gazebo_ros_plugins_msgs/share/uuv_gazebo_ros_plugins_msgs/srv/SetFloat_Response.msg
[2.868s] -- Up-to-date: /home/sunny/catkin_ws/install/uuv_gazebo_ros_plugins_msgs/share/uuv_gazebo_ros_plugins_msgs/srv/GetFloat.srv
[2.868s] -- Up-to-date: /home/sunny/catkin_ws/install/uuv_gazebo_ros_plugins_msgs/share/uuv_gazebo_ros_plugins_msgs/srv/GetFloat_Request.msg
[2.869s] -- Up-to-date: /home/sunny/catkin_ws/install/uuv_gazebo_ros_plugins_msgs/share/uuv_gazebo_ros_plugins_msgs/srv/GetFloat_Response.msg
[2.869s] -- Up-to-date: /home/sunny/catkin_ws/install/uuv_gazebo_ros_plugins_msgs/share/uuv_gazebo_ros_plugins_msgs/srv/GetListParam.srv
[2.869s] -- Up-to-date: /home/sunny/catkin_ws/install/uuv_gazebo_ros_plugins_msgs/share/uuv_gazebo_ros_plugins_msgs/srv/GetListParam_Request.msg
[2.869s] -- Up-to-date: /home/sunny/catkin_ws/install/uuv_gazebo_ros_plugins_msgs/share/uuv_gazebo_ros_plugins_msgs/srv/GetListParam_Response.msg
[2.869s] -- Up-to-date: /home/sunny/catkin_ws/install/uuv_gazebo_ros_plugins_msgs/share/uuv_gazebo_ros_plugins_msgs/srv/GetThrusterConversionFcn.srv
[2.869s] -- Up-to-date: /home/sunny/catkin_ws/install/uuv_gazebo_ros_plugins_msgs/share/uuv_gazebo_ros_plugins_msgs/srv/GetThrusterConversionFcn_Request.msg
[2.869s] -- Up-to-date: /home/sunny/catkin_ws/install/uuv_gazebo_ros_plugins_msgs/share/uuv_gazebo_ros_plugins_msgs/srv/GetThrusterConversionFcn_Response.msg
[2.869s] -- Up-to-date: /home/sunny/catkin_ws/install/uuv_gazebo_ros_plugins_msgs/share/ament_index/resource_index/package_run_dependencies/uuv_gazebo_ros_plugins_msgs
[2.870s] -- Up-to-date: /home/sunny/catkin_ws/install/uuv_gazebo_ros_plugins_msgs/share/ament_index/resource_index/parent_prefix_path/uuv_gazebo_ros_plugins_msgs
[2.871s] -- Up-to-date: /home/sunny/catkin_ws/install/uuv_gazebo_ros_plugins_msgs/share/uuv_gazebo_ros_plugins_msgs/environment/ament_prefix_path.sh
[2.871s] -- Up-to-date: /home/sunny/catkin_ws/install/uuv_gazebo_ros_plugins_msgs/share/uuv_gazebo_ros_plugins_msgs/environment/ament_prefix_path.dsv
[2.871s] -- Up-to-date: /home/sunny/catkin_ws/install/uuv_gazebo_ros_plugins_msgs/share/uuv_gazebo_ros_plugins_msgs/environment/path.sh
[2.871s] -- Up-to-date: /home/sunny/catkin_ws/install/uuv_gazebo_ros_plugins_msgs/share/uuv_gazebo_ros_plugins_msgs/environment/path.dsv
[2.872s] -- Up-to-date: /home/sunny/catkin_ws/install/uuv_gazebo_ros_plugins_msgs/share/uuv_gazebo_ros_plugins_msgs/local_setup.bash
[2.872s] -- Up-to-date: /home/sunny/catkin_ws/install/uuv_gazebo_ros_plugins_msgs/share/uuv_gazebo_ros_plugins_msgs/local_setup.sh
[2.873s] -- Up-to-date: /home/sunny/catkin_ws/install/uuv_gazebo_ros_plugins_msgs/share/uuv_gazebo_ros_plugins_msgs/local_setup.zsh
[2.873s] -- Up-to-date: /home/sunny/catkin_ws/install/uuv_gazebo_ros_plugins_msgs/share/uuv_gazebo_ros_plugins_msgs/local_setup.dsv
[2.874s] -- Installing: /home/sunny/catkin_ws/install/uuv_gazebo_ros_plugins_msgs/share/uuv_gazebo_ros_plugins_msgs/package.dsv
[2.874s] -- Up-to-date: /home/sunny/catkin_ws/install/uuv_gazebo_ros_plugins_msgs/share/ament_index/resource_index/packages/uuv_gazebo_ros_plugins_msgs
[2.876s] -- Up-to-date: /home/sunny/catkin_ws/install/uuv_gazebo_ros_plugins_msgs/share/uuv_gazebo_ros_plugins_msgs/cmake/export_uuv_gazebo_ros_plugins_msgs__rosidl_generator_cExport.cmake
[2.876s] -- Up-to-date: /home/sunny/catkin_ws/install/uuv_gazebo_ros_plugins_msgs/share/uuv_gazebo_ros_plugins_msgs/cmake/export_uuv_gazebo_ros_plugins_msgs__rosidl_generator_cExport-noconfig.cmake
[2.876s] -- Up-to-date: /home/sunny/catkin_ws/install/uuv_gazebo_ros_plugins_msgs/share/uuv_gazebo_ros_plugins_msgs/cmake/export_uuv_gazebo_ros_plugins_msgs__rosidl_typesupport_fastrtps_cExport.cmake
[2.876s] -- Up-to-date: /home/sunny/catkin_ws/install/uuv_gazebo_ros_plugins_msgs/share/uuv_gazebo_ros_plugins_msgs/cmake/export_uuv_gazebo_ros_plugins_msgs__rosidl_typesupport_fastrtps_cExport-noconfig.cmake
[2.876s] -- Up-to-date: /home/sunny/catkin_ws/install/uuv_gazebo_ros_plugins_msgs/share/uuv_gazebo_ros_plugins_msgs/cmake/uuv_gazebo_ros_plugins_msgs__rosidl_typesupport_introspection_cExport.cmake
[2.876s] -- Up-to-date: /home/sunny/catkin_ws/install/uuv_gazebo_ros_plugins_msgs/share/uuv_gazebo_ros_plugins_msgs/cmake/uuv_gazebo_ros_plugins_msgs__rosidl_typesupport_introspection_cExport-noconfig.cmake
[2.877s] -- Up-to-date: /home/sunny/catkin_ws/install/uuv_gazebo_ros_plugins_msgs/share/uuv_gazebo_ros_plugins_msgs/cmake/uuv_gazebo_ros_plugins_msgs__rosidl_typesupport_cExport.cmake
[2.877s] -- Up-to-date: /home/sunny/catkin_ws/install/uuv_gazebo_ros_plugins_msgs/share/uuv_gazebo_ros_plugins_msgs/cmake/uuv_gazebo_ros_plugins_msgs__rosidl_typesupport_cExport-noconfig.cmake
[2.877s] -- Up-to-date: /home/sunny/catkin_ws/install/uuv_gazebo_ros_plugins_msgs/share/uuv_gazebo_ros_plugins_msgs/cmake/export_uuv_gazebo_ros_plugins_msgs__rosidl_generator_cppExport.cmake
[2.877s] -- Up-to-date: /home/sunny/catkin_ws/install/uuv_gazebo_ros_plugins_msgs/share/uuv_gazebo_ros_plugins_msgs/cmake/export_uuv_gazebo_ros_plugins_msgs__rosidl_typesupport_fastrtps_cppExport.cmake
[2.877s] -- Up-to-date: /home/sunny/catkin_ws/install/uuv_gazebo_ros_plugins_msgs/share/uuv_gazebo_ros_plugins_msgs/cmake/export_uuv_gazebo_ros_plugins_msgs__rosidl_typesupport_fastrtps_cppExport-noconfig.cmake
[2.877s] -- Up-to-date: /home/sunny/catkin_ws/install/uuv_gazebo_ros_plugins_msgs/share/uuv_gazebo_ros_plugins_msgs/cmake/uuv_gazebo_ros_plugins_msgs__rosidl_typesupport_introspection_cppExport.cmake
[2.878s] -- Up-to-date: /home/sunny/catkin_ws/install/uuv_gazebo_ros_plugins_msgs/share/uuv_gazebo_ros_plugins_msgs/cmake/uuv_gazebo_ros_plugins_msgs__rosidl_typesupport_introspection_cppExport-noconfig.cmake
[2.878s] -- Up-to-date: /home/sunny/catkin_ws/install/uuv_gazebo_ros_plugins_msgs/share/uuv_gazebo_ros_plugins_msgs/cmake/uuv_gazebo_ros_plugins_msgs__rosidl_typesupport_cppExport.cmake
[2.878s] -- Up-to-date: /home/sunny/catkin_ws/install/uuv_gazebo_ros_plugins_msgs/share/uuv_gazebo_ros_plugins_msgs/cmake/uuv_gazebo_ros_plugins_msgs__rosidl_typesupport_cppExport-noconfig.cmake
[2.878s] -- Up-to-date: /home/sunny/catkin_ws/install/uuv_gazebo_ros_plugins_msgs/share/uuv_gazebo_ros_plugins_msgs/cmake/export_uuv_gazebo_ros_plugins_msgs__rosidl_generator_pyExport.cmake
[2.878s] -- Up-to-date: /home/sunny/catkin_ws/install/uuv_gazebo_ros_plugins_msgs/share/uuv_gazebo_ros_plugins_msgs/cmake/export_uuv_gazebo_ros_plugins_msgs__rosidl_generator_pyExport-noconfig.cmake
[2.878s] -- Up-to-date: /home/sunny/catkin_ws/install/uuv_gazebo_ros_plugins_msgs/share/uuv_gazebo_ros_plugins_msgs/cmake/rosidl_cmake-extras.cmake
[2.878s] -- Up-to-date: /home/sunny/catkin_ws/install/uuv_gazebo_ros_plugins_msgs/share/uuv_gazebo_ros_plugins_msgs/cmake/ament_cmake_export_dependencies-extras.cmake
[2.878s] -- Up-to-date: /home/sunny/catkin_ws/install/uuv_gazebo_ros_plugins_msgs/share/uuv_gazebo_ros_plugins_msgs/cmake/ament_cmake_export_include_directories-extras.cmake
[2.878s] -- Up-to-date: /home/sunny/catkin_ws/install/uuv_gazebo_ros_plugins_msgs/share/uuv_gazebo_ros_plugins_msgs/cmake/ament_cmake_export_libraries-extras.cmake
[2.878s] -- Up-to-date: /home/sunny/catkin_ws/install/uuv_gazebo_ros_plugins_msgs/share/uuv_gazebo_ros_plugins_msgs/cmake/ament_cmake_export_targets-extras.cmake
[2.879s] -- Up-to-date: /home/sunny/catkin_ws/install/uuv_gazebo_ros_plugins_msgs/share/uuv_gazebo_ros_plugins_msgs/cmake/rosidl_cmake_export_typesupport_targets-extras.cmake
[2.879s] -- Up-to-date: /home/sunny/catkin_ws/install/uuv_gazebo_ros_plugins_msgs/share/uuv_gazebo_ros_plugins_msgs/cmake/rosidl_cmake_export_typesupport_libraries-extras.cmake
[2.879s] -- Up-to-date: /home/sunny/catkin_ws/install/uuv_gazebo_ros_plugins_msgs/share/uuv_gazebo_ros_plugins_msgs/cmake/uuv_gazebo_ros_plugins_msgsConfig.cmake
[2.879s] -- Up-to-date: /home/sunny/catkin_ws/install/uuv_gazebo_ros_plugins_msgs/share/uuv_gazebo_ros_plugins_msgs/cmake/uuv_gazebo_ros_plugins_msgsConfig-version.cmake
[2.879s] -- Up-to-date: /home/sunny/catkin_ws/install/uuv_gazebo_ros_plugins_msgs/share/uuv_gazebo_ros_plugins_msgs/package.xml
[3.429s] Invoked command in '/home/sunny/catkin_ws/build/uuv_gazebo_ros_plugins_msgs' returned '0': CMAKE_PREFIX_PATH=${CMAKE_PREFIX_PATH}:/home/sunny/catkin_ws/install/beluga_adapter:/opt/ros/humble /usr/bin/cmake --install /home/sunny/catkin_ws/build/uuv_gazebo_ros_plugins_msgs
