[0.095s] Invoking command in '/home/sunny/catkin_ws/build/beluga_simulator': CMAKE_PREFIX_PATH=${CMAKE_PREFIX_PATH}:/opt/ros/humble /usr/bin/cmake --build /home/sunny/catkin_ws/build/beluga_simulator -- -j16 -l16
[0.128s] Invoked command in '/home/sunny/catkin_ws/build/beluga_simulator' returned '0': CMAKE_PREFIX_PATH=${CMAKE_PREFIX_PATH}:/opt/ros/humble /usr/bin/cmake --build /home/sunny/catkin_ws/build/beluga_simulator -- -j16 -l16
[0.156s] Invoking command in '/home/sunny/catkin_ws/build/beluga_simulator': CMAKE_PREFIX_PATH=${CMAKE_PREFIX_PATH}:/opt/ros/humble /usr/bin/cmake --install /home/sunny/catkin_ws/build/beluga_simulator
[0.164s] -- Install configuration: ""
[0.164s] -- Up-to-date: /home/sunny/catkin_ws/install/beluga_simulator/share/beluga_simulator/config
[0.164s] -- Up-to-date: /home/sunny/catkin_ws/install/beluga_simulator/share/beluga_simulator/launch
[0.164s] -- Up-to-date: /home/sunny/catkin_ws/install/beluga_simulator/share/beluga_simulator/launch/beluga_model.launch.py
[0.164s] -- Up-to-date: /home/sunny/catkin_ws/install/beluga_simulator/share/beluga_simulator/maps
[0.164s] -- Up-to-date: /home/sunny/catkin_ws/install/beluga_simulator/share/beluga_simulator/meshes
[0.164s] -- Up-to-date: /home/sunny/catkin_ws/install/beluga_simulator/share/beluga_simulator/meshes/pressure.dae
[0.164s] -- Up-to-date: /home/sunny/catkin_ws/install/beluga_simulator/share/beluga_simulator/meshes/oe14-372.dae
[0.165s] -- Up-to-date: /home/sunny/catkin_ws/install/beluga_simulator/share/beluga_simulator/meshes/oe14-372.blend
[0.165s] -- Up-to-date: /home/sunny/catkin_ws/install/beluga_simulator/share/beluga_simulator/meshes/propeller.dae
[0.165s] -- Up-to-date: /home/sunny/catkin_ws/install/beluga_simulator/share/beluga_simulator/meshes/propeller.stl
[0.165s] -- Up-to-date: /home/sunny/catkin_ws/install/beluga_simulator/share/beluga_simulator/models
[0.165s] -- Up-to-date: /home/sunny/catkin_ws/install/beluga_simulator/share/beluga_simulator/models/camera_snippets.xacro
[0.165s] -- Up-to-date: /home/sunny/catkin_ws/install/beluga_simulator/share/beluga_simulator/models/imu_snippets.xacro
[0.165s] -- Up-to-date: /home/sunny/catkin_ws/install/beluga_simulator/share/beluga_simulator/models/beluga_snippets.xacro
[0.165s] -- Up-to-date: /home/sunny/catkin_ws/install/beluga_simulator/share/beluga_simulator/models/beluga_default.urdf
[0.165s] -- Up-to-date: /home/sunny/catkin_ws/install/beluga_simulator/share/beluga_simulator/models/beluga_base.xacro
[0.165s] -- Up-to-date: /home/sunny/catkin_ws/install/beluga_simulator/share/beluga_simulator/models/thruster_snippets.xacro
[0.165s] -- Up-to-date: /home/sunny/catkin_ws/install/beluga_simulator/share/beluga_simulator/models/beluga_thrusters_backup.xacro
[0.166s] -- Up-to-date: /home/sunny/catkin_ws/install/beluga_simulator/share/beluga_simulator/models/pressure_snippets.xacro
[0.166s] -- Up-to-date: /home/sunny/catkin_ws/install/beluga_simulator/share/beluga_simulator/models/misc.xacro
[0.166s] -- Up-to-date: /home/sunny/catkin_ws/install/beluga_simulator/share/beluga_simulator/models/beluga_sensors.xacro
[0.166s] -- Up-to-date: /home/sunny/catkin_ws/install/beluga_simulator/share/beluga_simulator/models/sensor_snippets.xacro
[0.166s] -- Up-to-date: /home/sunny/catkin_ws/install/beluga_simulator/share/beluga_simulator/models/common.urdf.xacro
[0.166s] -- Up-to-date: /home/sunny/catkin_ws/install/beluga_simulator/share/beluga_simulator/models/beluga_thrusters.xacro
[0.166s] -- Up-to-date: /home/sunny/catkin_ws/install/beluga_simulator/share/beluga_simulator/params
[0.166s] -- Up-to-date: /home/sunny/catkin_ws/install/beluga_simulator/share/beluga_simulator/rviz
[0.166s] -- Up-to-date: /home/sunny/catkin_ws/install/beluga_simulator/share/beluga_simulator/rviz/urdf.rviz
[0.166s] -- Up-to-date: /home/sunny/catkin_ws/install/beluga_simulator/share/beluga_simulator/src
[0.167s] -- Up-to-date: /home/sunny/catkin_ws/install/beluga_simulator/share/beluga_simulator/worlds
[0.167s] -- Up-to-date: /home/sunny/catkin_ws/install/beluga_simulator/share/ament_index/resource_index/package_run_dependencies/beluga_simulator
[0.168s] -- Up-to-date: /home/sunny/catkin_ws/install/beluga_simulator/share/ament_index/resource_index/parent_prefix_path/beluga_simulator
[0.168s] -- Up-to-date: /home/sunny/catkin_ws/install/beluga_simulator/share/beluga_simulator/environment/ament_prefix_path.sh
[0.168s] -- Up-to-date: /home/sunny/catkin_ws/install/beluga_simulator/share/beluga_simulator/environment/ament_prefix_path.dsv
[0.168s] -- Up-to-date: /home/sunny/catkin_ws/install/beluga_simulator/share/beluga_simulator/environment/path.sh
[0.168s] -- Up-to-date: /home/sunny/catkin_ws/install/beluga_simulator/share/beluga_simulator/environment/path.dsv
[0.168s] -- Up-to-date: /home/sunny/catkin_ws/install/beluga_simulator/share/beluga_simulator/local_setup.bash
[0.168s] -- Up-to-date: /home/sunny/catkin_ws/install/beluga_simulator/share/beluga_simulator/local_setup.sh
[0.169s] -- Up-to-date: /home/sunny/catkin_ws/install/beluga_simulator/share/beluga_simulator/local_setup.zsh
[0.169s] -- Up-to-date: /home/sunny/catkin_ws/install/beluga_simulator/share/beluga_simulator/local_setup.dsv
[0.169s] -- Installing: /home/sunny/catkin_ws/install/beluga_simulator/share/beluga_simulator/package.dsv
[0.169s] -- Up-to-date: /home/sunny/catkin_ws/install/beluga_simulator/share/ament_index/resource_index/packages/beluga_simulator
[0.169s] -- Up-to-date: /home/sunny/catkin_ws/install/beluga_simulator/share/beluga_simulator/cmake/beluga_simulatorConfig.cmake
[0.169s] -- Up-to-date: /home/sunny/catkin_ws/install/beluga_simulator/share/beluga_simulator/cmake/beluga_simulatorConfig-version.cmake
[0.169s] -- Up-to-date: /home/sunny/catkin_ws/install/beluga_simulator/share/beluga_simulator/package.xml
[0.170s] Invoked command in '/home/sunny/catkin_ws/build/beluga_simulator' returned '0': CMAKE_PREFIX_PATH=${CMAKE_PREFIX_PATH}:/opt/ros/humble /usr/bin/cmake --install /home/sunny/catkin_ws/build/beluga_simulator
