[2.056s] Invoking command in '/home/sunny/catkin_ws/src/beluga_adapter': CMAKE_PREFIX_PATH=/home/sunny/catkin_ws/install/common_msgs:/home/sunny/catkin_ws/install/turtlesim:/home/sunny/catkin_ws/install/beluga_simulator LD_LIBRARY_PATH=/home/sunny/catkin_ws/install/common_msgs/lib:/home/sunny/catkin_ws/install/turtlesim/lib:/opt/ros/humble/opt/rviz_ogre_vendor/lib:/opt/ros/humble/lib/x86_64-linux-gnu:/opt/ros/humble/lib:/usr/lib/x86_64-linux-gnu/gazebo-11/plugins PYTHONPATH=/home/sunny/catkin_ws/build/beluga_adapter/prefix_override:/home/sunny/catkin_ws/install/beluga_adapter/lib/python3.10/site-packages:${PYTHONPATH} /usr/bin/python3 setup.py egg_info --egg-base ../../build/beluga_adapter build --build-base /home/sunny/catkin_ws/build/beluga_adapter/build install --record /home/sunny/catkin_ws/build/beluga_adapter/install.log --single-version-externally-managed
[2.574s] running egg_info
[2.576s] writing ../../build/beluga_adapter/beluga_adapter.egg-info/PKG-INFO
[2.577s] writing dependency_links to ../../build/beluga_adapter/beluga_adapter.egg-info/dependency_links.txt
[2.577s] writing entry points to ../../build/beluga_adapter/beluga_adapter.egg-info/entry_points.txt
[2.578s] writing requirements to ../../build/beluga_adapter/beluga_adapter.egg-info/requires.txt
[2.579s] writing top-level names to ../../build/beluga_adapter/beluga_adapter.egg-info/top_level.txt
[2.582s] reading manifest file '../../build/beluga_adapter/beluga_adapter.egg-info/SOURCES.txt'
[2.585s] writing manifest file '../../build/beluga_adapter/beluga_adapter.egg-info/SOURCES.txt'
[2.596s] running build
[2.596s] running build_py
[2.596s] running install
[2.596s] running install_lib
[2.596s] running install_data
[2.596s] running install_egg_info
[2.596s] removing '/home/sunny/catkin_ws/install/beluga_adapter/lib/python3.10/site-packages/beluga_adapter-0.0.0-py3.10.egg-info' (and everything under it)
[2.597s] Copying ../../build/beluga_adapter/beluga_adapter.egg-info to /home/sunny/catkin_ws/install/beluga_adapter/lib/python3.10/site-packages/beluga_adapter-0.0.0-py3.10.egg-info
[2.597s] /usr/lib/python3/dist-packages/setuptools/command/install.py:34: SetuptoolsDeprecationWarning: setup.py install is deprecated. Use build and pip and other standards-based tools.
[2.597s]   warnings.warn(
[2.597s] running install_scripts
[2.632s] writing list of installed files to '/home/sunny/catkin_ws/build/beluga_adapter/install.log'
[2.885s] Invoked command in '/home/sunny/catkin_ws/src/beluga_adapter' returned '0': CMAKE_PREFIX_PATH=/home/sunny/catkin_ws/install/common_msgs:/home/sunny/catkin_ws/install/turtlesim:/home/sunny/catkin_ws/install/beluga_simulator LD_LIBRARY_PATH=/home/sunny/catkin_ws/install/common_msgs/lib:/home/sunny/catkin_ws/install/turtlesim/lib:/opt/ros/humble/opt/rviz_ogre_vendor/lib:/opt/ros/humble/lib/x86_64-linux-gnu:/opt/ros/humble/lib:/usr/lib/x86_64-linux-gnu/gazebo-11/plugins PYTHONPATH=/home/sunny/catkin_ws/build/beluga_adapter/prefix_override:/home/sunny/catkin_ws/install/beluga_adapter/lib/python3.10/site-packages:${PYTHONPATH} /usr/bin/python3 setup.py egg_info --egg-base ../../build/beluga_adapter build --build-base /home/sunny/catkin_ws/build/beluga_adapter/build install --record /home/sunny/catkin_ws/build/beluga_adapter/install.log --single-version-externally-managed
