[0.324s] Invoking command in '/home/sunny/catkin_ws/build/uuv_world_ros_plugins': CMAKE_PREFIX_PATH=${CMAKE_PREFIX_PATH}:/home/sunny/catkin_ws/install/beluga_adapter:/opt/ros/humble LD_LIBRARY_PATH=/home/sunny/catkin_ws/install/uuv_world_ros_plugins_msgs/lib:/home/sunny/catkin_ws/install/uuv_world_plugins/lib:/home/sunny/catkin_ws/install/uuv_thruster_manager/lib:/home/sunny/catkin_ws/install/uuv_sensor_ros_plugins_msgs/lib:/home/sunny/catkin_ws/install/uuv_gazebo_ros_plugins_msgs/lib:/home/sunny/catkin_ws/install/uuv_gazebo_plugins/lib:/home/sunny/catkin_ws/install/uuv_control_msgs/lib:/home/sunny/catkin_ws/install/uuv_auv_control_allocator/lib:/home/sunny/catkin_ws/install/turtlesim/lib:/home/sunny/catkin_ws/install/common_msgs/lib:/opt/ros/humble/opt/rviz_ogre_vendor/lib:/opt/ros/humble/lib/x86_64-linux-gnu:/opt/ros/humble/lib:/usr/lib/x86_64-linux-gnu/gazebo-11/plugins /usr/bin/cmake --build /home/sunny/catkin_ws/build/uuv_world_ros_plugins -- -j16 -l16
[0.370s] -- Found uuv_world_plugins: 0.6.1 (/home/sunny/catkin_ws/install/uuv_world_plugins/share/uuv_world_plugins/cmake)
[1.020s] -- Found DART: /usr/include (Required is at least version "6.6") found components: dart 
[1.068s] -- Found Protobuf: /usr/lib/x86_64-linux-gnu/libprotobuf.so (found version "3.12.4") 
[1.069s] -- Looking for ignition-math6 -- found version 6.15.0
[1.083s] -- Searching for dependencies of ignition-math6
[1.083s] -- Looking for OGRE...
[1.126s] -- Found Ogre Ghadamon (1.9.0)
[1.126s] -- Found OGRE: optimized;/usr/lib/x86_64-linux-gnu/libOgreMain.so;debug;/usr/lib/x86_64-linux-gnu/libOgreMain.so
[1.151s] -- Looking for OGRE_Paging...
[1.151s] -- Found OGRE_Paging: optimized;/usr/lib/x86_64-linux-gnu/libOgrePaging.so;debug;/usr/lib/x86_64-linux-gnu/libOgrePaging.so
[1.151s] -- Looking for OGRE_Terrain...
[1.151s] -- Found OGRE_Terrain: optimized;/usr/lib/x86_64-linux-gnu/libOgreTerrain.so;debug;/usr/lib/x86_64-linux-gnu/libOgreTerrain.so
[1.151s] -- Looking for OGRE_Property...
[1.152s] -- Found OGRE_Property: optimized;/usr/lib/x86_64-linux-gnu/libOgreProperty.so;debug;/usr/lib/x86_64-linux-gnu/libOgreProperty.so
[1.152s] -- Looking for OGRE_RTShaderSystem...
[1.152s] -- Found OGRE_RTShaderSystem: optimized;/usr/lib/x86_64-linux-gnu/libOgreRTShaderSystem.so;debug;/usr/lib/x86_64-linux-gnu/libOgreRTShaderSystem.so
[1.152s] -- Looking for OGRE_Volume...
[1.152s] -- Found OGRE_Volume: optimized;/usr/lib/x86_64-linux-gnu/libOgreVolume.so;debug;/usr/lib/x86_64-linux-gnu/libOgreVolume.so
[1.152s] -- Looking for OGRE_Overlay...
[1.152s] -- Found OGRE_Overlay: optimized;/usr/lib/x86_64-linux-gnu/libOgreOverlay.so;debug;/usr/lib/x86_64-linux-gnu/libOgreOverlay.so
[1.702s] -- Looking for ignition-math6 -- found version 6.15.0
[1.703s] -- Looking for ignition-transport8 -- found version 8.2.1
[1.703s] -- Searching for dependencies of ignition-transport8
[1.749s] -- Found Protobuf: /usr/lib/x86_64-linux-gnu/libprotobuf.so (found suitable version "3.12.4", minimum required is "3") 
[1.777s] -- Config-file not installed for ZeroMQ -- checking for pkg-config
[1.823s] -- Checking for module 'libzmq >= 4'
[1.929s] --   Found libzmq , version 4.3.4
[2.178s] -- Checking for module 'uuid'
[2.300s] --   Found uuid, version 2.37.2
[2.569s] -- Looking for ignition-msgs5 -- found version 5.8.1
[2.569s] -- Searching for dependencies of ignition-msgs5
[2.662s] -- Looking for ignition-math6 -- found version 6.15.0
[2.711s] -- Checking for module 'tinyxml2'
[2.810s] --   Found tinyxml2, version 9.0.0
[3.203s] -- Looking for ignition-msgs5 -- found version 5.8.1
[3.203s] -- Looking for ignition-common3 -- found version 3.14.0
[3.203s] -- Searching for dependencies of ignition-common3
[3.203s] -- Looking for dlfcn.h - found
[3.203s] -- Looking for libdl - found
[3.245s] -- Searching for <ignition-common3> component [graphics]
[3.246s] -- Looking for ignition-common3-graphics -- found version 3.14.0
[3.247s] -- Searching for dependencies of ignition-common3-graphics
[3.248s] -- Looking for ignition-math6 -- found version 6.15.0
[3.249s] -- Looking for ignition-fuel_tools4 -- found version 4.4.0
[3.249s] -- Searching for dependencies of ignition-fuel_tools4
[3.415s] -- Checking for module 'jsoncpp'
[3.437s] --   Found jsoncpp, version 1.9.5
[3.745s] -- Checking for module 'libzip'
[3.874s] --   Found libzip, version 1.7.3
[4.223s] -- Looking for ignition-common3 -- found version 3.14.0
[4.225s] -- Looking for ignition-math6 -- found version 6.15.0
[4.226s] -- Looking for ignition-msgs5 -- found version 5.8.1
[4.229s] -- Gazebo version: 11.10
[4.306s] -- Found rosidl_generator_c: 3.1.5 (/opt/ros/humble/share/rosidl_generator_c/cmake)
[4.325s] -- Found rosidl_adapter: 3.1.5 (/opt/ros/humble/share/rosidl_adapter/cmake)
[4.334s] -- Found rosidl_generator_cpp: 3.1.5 (/opt/ros/humble/share/rosidl_generator_cpp/cmake)
[4.379s] -- Using all available rosidl_typesupport_c: rosidl_typesupport_fastrtps_c;rosidl_typesupport_introspection_c
[4.430s] -- Using all available rosidl_typesupport_cpp: rosidl_typesupport_fastrtps_cpp;rosidl_typesupport_introspection_cpp
[5.302s] -- Found uuv_world_ros_plugins_msgs: 0.6.1 (/home/sunny/catkin_ws/install/uuv_world_ros_plugins_msgs/share/uuv_world_ros_plugins_msgs/cmake)
[5.451s] -- Found gazebo_ros: 3.7.0 (/opt/ros/humble/share/gazebo_ros/cmake)
[5.522s] -- Found rmw_implementation_cmake: 6.1.1 (/opt/ros/humble/share/rmw_implementation_cmake/cmake)
[5.526s] -- Found rmw_fastrtps_cpp: 6.2.5 (/opt/ros/humble/share/rmw_fastrtps_cpp/cmake)
[5.902s] -- Using RMW implementation 'rmw_fastrtps_cpp' as default
[6.151s] [31mCMake Error at CMakeLists.txt:34 (target_include_directories):
[6.152s]   Cannot specify include directories for target "PUBLIC" which is not built
[6.153s]   by this project.
[6.154s] 
[6.155s] [0m
[6.459s] -- Configuring incomplete, errors occurred!
[6.459s] See also "/home/sunny/catkin_ws/build/uuv_world_ros_plugins/CMakeFiles/CMakeOutput.log".
[6.502s] gmake: *** [Makefile:308: cmake_check_build_system] Error 1
[6.527s] Invoked command in '/home/sunny/catkin_ws/build/uuv_world_ros_plugins' returned '2': CMAKE_PREFIX_PATH=${CMAKE_PREFIX_PATH}:/home/sunny/catkin_ws/install/beluga_adapter:/opt/ros/humble LD_LIBRARY_PATH=/home/sunny/catkin_ws/install/uuv_world_ros_plugins_msgs/lib:/home/sunny/catkin_ws/install/uuv_world_plugins/lib:/home/sunny/catkin_ws/install/uuv_thruster_manager/lib:/home/sunny/catkin_ws/install/uuv_sensor_ros_plugins_msgs/lib:/home/sunny/catkin_ws/install/uuv_gazebo_ros_plugins_msgs/lib:/home/sunny/catkin_ws/install/uuv_gazebo_plugins/lib:/home/sunny/catkin_ws/install/uuv_control_msgs/lib:/home/sunny/catkin_ws/install/uuv_auv_control_allocator/lib:/home/sunny/catkin_ws/install/turtlesim/lib:/home/sunny/catkin_ws/install/common_msgs/lib:/opt/ros/humble/opt/rviz_ogre_vendor/lib:/opt/ros/humble/lib/x86_64-linux-gnu:/opt/ros/humble/lib:/usr/lib/x86_64-linux-gnu/gazebo-11/plugins /usr/bin/cmake --build /home/sunny/catkin_ws/build/uuv_world_ros_plugins -- -j16 -l16
