[0.264s] Invoking command in '/home/sunny/catkin_ws/build/common_msgs': CMAKE_PREFIX_PATH=${CMAKE_PREFIX_PATH}:/home/sunny/catkin_ws/install/beluga_adapter:/opt/ros/humble /usr/bin/cmake --build /home/sunny/catkin_ws/build/common_msgs -- -j16 -l16
[0.338s] [  9%] Built target common_msgs__rosidl_generator_c
[0.339s] [ 12%] Built target common_msgs__cpp
[0.351s] [ 12%] Built target ament_cmake_python_copy_common_msgs
[0.373s] [ 22%] Built target common_msgs__rosidl_typesupport_c
[0.375s] [ 32%] Built target common_msgs__rosidl_typesupport_introspection_c
[0.375s] [ 41%] Built target common_msgs__rosidl_typesupport_fastrtps_cpp
[0.377s] [ 51%] Built target common_msgs__rosidl_typesupport_fastrtps_c
[0.379s] [ 70%] Built target common_msgs__rosidl_typesupport_cpp
[0.379s] [ 70%] Built target common_msgs__rosidl_typesupport_introspection_cpp
[0.414s] [ 70%] Built target common_msgs
[0.448s] [ 74%] Built target common_msgs__py
[0.480s] [ 80%] Built target common_msgs__rosidl_generator_py
[0.512s] [ 93%] Built target common_msgs__rosidl_typesupport_c__pyext
[0.512s] [ 93%] Built target common_msgs__rosidl_typesupport_introspection_c__pyext
[0.513s] [100%] Built target common_msgs__rosidl_typesupport_fastrtps_c__pyext
[0.624s] running egg_info
[0.625s] writing common_msgs.egg-info/PKG-INFO
[0.625s] writing dependency_links to common_msgs.egg-info/dependency_links.txt
[0.625s] writing top-level names to common_msgs.egg-info/top_level.txt
[0.627s] reading manifest file 'common_msgs.egg-info/SOURCES.txt'
[0.627s] writing manifest file 'common_msgs.egg-info/SOURCES.txt'
[0.658s] [100%] Built target ament_cmake_python_build_common_msgs_egg
