[  1%] Built target uuv_world_ros_plugins_msgs__cpp
[ 12%] Built target uuv_world_ros_plugins_msgs__rosidl_generator_c
[ 12%] Built target ament_cmake_python_copy_uuv_world_ros_plugins_msgs
[ 24%] Built target uuv_world_ros_plugins_msgs__rosidl_typesupport_cpp
[ 35%] Built target uuv_world_ros_plugins_msgs__rosidl_typesupport_fastrtps_cpp
[ 47%] Built target uuv_world_ros_plugins_msgs__rosidl_typesupport_fastrtps_c
[ 58%] Built target uuv_world_ros_plugins_msgs__rosidl_typesupport_introspection_cpp
[ 70%] Built target uuv_world_ros_plugins_msgs__rosidl_typesupport_introspection_c
[ 81%] Built target uuv_world_ros_plugins_msgs__rosidl_typesupport_c
[ 81%] Built target uuv_world_ros_plugins_msgs
[ 82%] Built target uuv_world_ros_plugins_msgs__py
[ 93%] Built target uuv_world_ros_plugins_msgs__rosidl_generator_py
[ 95%] Built target uuv_world_ros_plugins_msgs__rosidl_typesupport_fastrtps_c__pyext
[ 97%] Built target uuv_world_ros_plugins_msgs__rosidl_typesupport_c__pyext
[100%] Built target uuv_world_ros_plugins_msgs__rosidl_typesupport_introspection_c__pyext
running egg_info
writing uuv_world_ros_plugins_msgs.egg-info/PKG-INFO
writing dependency_links to uuv_world_ros_plugins_msgs.egg-info/dependency_links.txt
writing top-level names to uuv_world_ros_plugins_msgs.egg-info/top_level.txt
reading manifest file 'uuv_world_ros_plugins_msgs.egg-info/SOURCES.txt'
writing manifest file 'uuv_world_ros_plugins_msgs.egg-info/SOURCES.txt'
[100%] Built target ament_cmake_python_build_uuv_world_ros_plugins_msgs_egg
