[0.641s] Invoking command in '/home/sunny/catkin_ws/build/uuv_control_msgs': CMAKE_PREFIX_PATH=${CMAKE_PREFIX_PATH}:/home/sunny/catkin_ws/install/beluga_adapter:/opt/ros/humble /usr/bin/cmake --build /home/sunny/catkin_ws/build/uuv_control_msgs -- -j16 -l16
[0.764s] [  0%] Built target uuv_control_msgs__cpp
[0.777s] [ 12%] Built target uuv_control_msgs__rosidl_generator_c
[0.833s] [ 12%] Built target ament_cmake_python_copy_uuv_control_msgs
[0.868s] [ 24%] Built target uuv_control_msgs__rosidl_typesupport_cpp
[0.893s] [ 37%] Built target uuv_control_msgs__rosidl_typesupport_introspection_cpp
[0.898s] [ 49%] Built target uuv_control_msgs__rosidl_typesupport_fastrtps_cpp
[0.931s] [ 61%] Built target uuv_control_msgs__rosidl_typesupport_c
[0.969s] [ 73%] Built target uuv_control_msgs__rosidl_typesupport_fastrtps_c
[0.989s] [ 86%] Built target uuv_control_msgs__rosidl_typesupport_introspection_c
[1.088s] [ 86%] Built target uuv_control_msgs
[1.152s] [ 86%] Built target uuv_control_msgs__py
[1.262s] [ 98%] Built target uuv_control_msgs__rosidl_generator_py
[1.347s] [ 98%] Built target uuv_control_msgs__rosidl_typesupport_introspection_c__pyext
[1.370s] [ 99%] Built target uuv_control_msgs__rosidl_typesupport_fastrtps_c__pyext
[1.374s] running egg_info
[1.376s] writing uuv_control_msgs.egg-info/PKG-INFO
[1.377s] writing dependency_links to uuv_control_msgs.egg-info/dependency_links.txt
[1.377s] writing top-level names to uuv_control_msgs.egg-info/top_level.txt
[1.393s] reading manifest file 'uuv_control_msgs.egg-info/SOURCES.txt'
[1.394s] writing manifest file 'uuv_control_msgs.egg-info/SOURCES.txt'
[1.395s] [100%] Built target uuv_control_msgs__rosidl_typesupport_c__pyext
[1.447s] [100%] Built target ament_cmake_python_build_uuv_control_msgs_egg
[1.624s] Invoked command in '/home/sunny/catkin_ws/build/uuv_control_msgs' returned '0': CMAKE_PREFIX_PATH=${CMAKE_PREFIX_PATH}:/home/sunny/catkin_ws/install/beluga_adapter:/opt/ros/humble /usr/bin/cmake --build /home/sunny/catkin_ws/build/uuv_control_msgs -- -j16 -l16
