[0.802s] Invoking command in '/home/sunny/catkin_ws/build/uuv_assistants': AMENT_PREFIX_PATH=/home/sunny/catkin_ws/install/plankton_utils:${AMENT_PREFIX_PATH} CMAKE_PREFIX_PATH=/home/sunny/catkin_ws/install/plankton_utils:/home/sunny/catkin_ws/install/turtlesim:/home/sunny/catkin_ws/install/common_msgs:/home/sunny/catkin_ws/install/beluga_simulator:/home/sunny/catkin_ws/install/beluga_adapter:/opt/ros/humble PYTHONPATH=/home/sunny/catkin_ws/install/plankton_utils/local/lib/python3.10/dist-packages:${PYTHONPATH} /usr/bin/cmake --build /home/sunny/catkin_ws/build/uuv_assistants -- -j16 -l16
[1.354s] [100%] Built target uuv_message_to_tf
[1.355s] [100%] Built target ament_cmake_python_copy_tf_quaternion
[1.355s] running egg_info
[1.355s] writing tf_quaternion.egg-info/PKG-INFO
[1.355s] writing dependency_links to tf_quaternion.egg-info/dependency_links.txt
[1.355s] writing top-level names to tf_quaternion.egg-info/top_level.txt
[1.356s] reading manifest file 'tf_quaternion.egg-info/SOURCES.txt'
[1.356s] writing manifest file 'tf_quaternion.egg-info/SOURCES.txt'
[1.356s] [100%] Built target ament_cmake_python_build_tf_quaternion_egg
[1.433s] Invoked command in '/home/sunny/catkin_ws/build/uuv_assistants' returned '0': AMENT_PREFIX_PATH=/home/sunny/catkin_ws/install/plankton_utils:${AMENT_PREFIX_PATH} CMAKE_PREFIX_PATH=/home/sunny/catkin_ws/install/plankton_utils:/home/sunny/catkin_ws/install/turtlesim:/home/sunny/catkin_ws/install/common_msgs:/home/sunny/catkin_ws/install/beluga_simulator:/home/sunny/catkin_ws/install/beluga_adapter:/opt/ros/humble PYTHONPATH=/home/sunny/catkin_ws/install/plankton_utils/local/lib/python3.10/dist-packages:${PYTHONPATH} /usr/bin/cmake --build /home/sunny/catkin_ws/build/uuv_assistants -- -j16 -l16
[1.639s] Invoking command in '/home/sunny/catkin_ws/build/uuv_assistants': AMENT_PREFIX_PATH=/home/sunny/catkin_ws/install/plankton_utils:${AMENT_PREFIX_PATH} CMAKE_PREFIX_PATH=/home/sunny/catkin_ws/install/plankton_utils:/home/sunny/catkin_ws/install/turtlesim:/home/sunny/catkin_ws/install/common_msgs:/home/sunny/catkin_ws/install/beluga_simulator:/home/sunny/catkin_ws/install/beluga_adapter:/opt/ros/humble PYTHONPATH=/home/sunny/catkin_ws/install/plankton_utils/local/lib/python3.10/dist-packages:${PYTHONPATH} /usr/bin/cmake --install /home/sunny/catkin_ws/build/uuv_assistants
[1.708s] -- Install configuration: ""
[1.709s] -- Up-to-date: /home/sunny/catkin_ws/install/uuv_assistants/share/uuv_assistants/environment/pythonpath.sh
[1.709s] -- Up-to-date: /home/sunny/catkin_ws/install/uuv_assistants/share/uuv_assistants/environment/pythonpath.dsv
[1.709s] -- Up-to-date: /home/sunny/catkin_ws/install/uuv_assistants/local/lib/python3.10/dist-packages/tf_quaternion-0.6.1-py3.10.egg-info
[1.709s] -- Installing: /home/sunny/catkin_ws/install/uuv_assistants/local/lib/python3.10/dist-packages/tf_quaternion-0.6.1-py3.10.egg-info/PKG-INFO
[1.709s] -- Installing: /home/sunny/catkin_ws/install/uuv_assistants/local/lib/python3.10/dist-packages/tf_quaternion-0.6.1-py3.10.egg-info/SOURCES.txt
[1.709s] -- Installing: /home/sunny/catkin_ws/install/uuv_assistants/local/lib/python3.10/dist-packages/tf_quaternion-0.6.1-py3.10.egg-info/top_level.txt
[1.709s] -- Installing: /home/sunny/catkin_ws/install/uuv_assistants/local/lib/python3.10/dist-packages/tf_quaternion-0.6.1-py3.10.egg-info/dependency_links.txt
[1.709s] -- Up-to-date: /home/sunny/catkin_ws/install/uuv_assistants/local/lib/python3.10/dist-packages/tf_quaternion
[1.709s] -- Up-to-date: /home/sunny/catkin_ws/install/uuv_assistants/local/lib/python3.10/dist-packages/tf_quaternion/__init__.py
[1.709s] -- Up-to-date: /home/sunny/catkin_ws/install/uuv_assistants/local/lib/python3.10/dist-packages/tf_quaternion/transformations.py
[1.759s] Listing '/home/sunny/catkin_ws/install/uuv_assistants/local/lib/python3.10/dist-packages/tf_quaternion'...
[1.759s] -- Up-to-date: /home/sunny/catkin_ws/install/uuv_assistants/share/uuv_assistants/launch
[1.759s] -- Up-to-date: /home/sunny/catkin_ws/install/uuv_assistants/share/uuv_assistants/launch/publish_body_sname.launch
[1.759s] -- Up-to-date: /home/sunny/catkin_ws/install/uuv_assistants/share/uuv_assistants/launch/unpause_simulation.launch
[1.759s] -- Up-to-date: /home/sunny/catkin_ws/install/uuv_assistants/share/uuv_assistants/launch/publish_world_ned_frame.launch
[1.759s] -- Up-to-date: /home/sunny/catkin_ws/install/uuv_assistants/share/uuv_assistants/launch/set_simulation_timer.launch
[1.759s] -- Up-to-date: /home/sunny/catkin_ws/install/uuv_assistants/share/uuv_assistants/launch/message_to_tf.launch
[1.760s] -- Up-to-date: /home/sunny/catkin_ws/install/uuv_assistants/share/uuv_assistants/launch/publish_footprints.launch
[1.760s] -- Up-to-date: /home/sunny/catkin_ws/install/uuv_assistants/share/uuv_assistants/launch/publish_vehicle_footprint.launch
[1.760s] -- Up-to-date: /home/sunny/catkin_ws/install/uuv_assistants/share/uuv_assistants/templates
[1.760s] -- Up-to-date: /home/sunny/catkin_ws/install/uuv_assistants/share/uuv_assistants/templates/robot_model
[1.760s] -- Up-to-date: /home/sunny/catkin_ws/install/uuv_assistants/share/uuv_assistants/templates/robot_model/launch
[1.760s] -- Up-to-date: /home/sunny/catkin_ws/install/uuv_assistants/share/uuv_assistants/templates/robot_model/launch/upload.launch.template
[1.760s] -- Up-to-date: /home/sunny/catkin_ws/install/uuv_assistants/share/uuv_assistants/templates/robot_model/robots
[1.760s] -- Up-to-date: /home/sunny/catkin_ws/install/uuv_assistants/share/uuv_assistants/templates/robot_model/robots/default.xacro.template
[1.760s] -- Up-to-date: /home/sunny/catkin_ws/install/uuv_assistants/share/uuv_assistants/templates/robot_model/meshes
[1.760s] -- Up-to-date: /home/sunny/catkin_ws/install/uuv_assistants/share/uuv_assistants/templates/robot_model/meshes/README.md
[1.760s] -- Up-to-date: /home/sunny/catkin_ws/install/uuv_assistants/share/uuv_assistants/templates/robot_model/urdf
[1.761s] -- Up-to-date: /home/sunny/catkin_ws/install/uuv_assistants/share/uuv_assistants/templates/robot_model/urdf/snippets.xacro.template
[1.761s] -- Up-to-date: /home/sunny/catkin_ws/install/uuv_assistants/share/uuv_assistants/templates/robot_model/urdf/base.xacro.template
[1.761s] -- Up-to-date: /home/sunny/catkin_ws/install/uuv_assistants/share/uuv_assistants/templates/robot_model/urdf/gazebo.xacro.template
[1.761s] -- Up-to-date: /home/sunny/catkin_ws/install/uuv_assistants/share/uuv_assistants/templates/robot_model/urdf/sensors.xacro.template
[1.761s] -- Up-to-date: /home/sunny/catkin_ws/install/uuv_assistants/share/uuv_assistants/templates/robot_model/urdf/actuators.xacro.template
[1.761s] -- Up-to-date: /home/sunny/catkin_ws/install/uuv_assistants/share/uuv_assistants/templates/control
[1.761s] -- Up-to-date: /home/sunny/catkin_ws/install/uuv_assistants/share/uuv_assistants/templates/control/position_hold_launch.xml
[1.762s] -- Up-to-date: /home/sunny/catkin_ws/install/uuv_assistants/share/uuv_assistants/templates/control/thruster_manager_launch.xml
[1.762s] -- Up-to-date: /home/sunny/catkin_ws/install/uuv_assistants/share/uuv_assistants/templates/control/inertial.yaml
[1.762s] -- Up-to-date: /home/sunny/catkin_ws/install/uuv_assistants/share/uuv_assistants/templates/control/TAM.yaml
[1.762s] -- Up-to-date: /home/sunny/catkin_ws/install/uuv_assistants/share/uuv_assistants/templates/control/pos_pid_control.yaml
[1.762s] -- Up-to-date: /home/sunny/catkin_ws/install/uuv_assistants/share/uuv_assistants/templates/control/thruster_manager.yaml
[1.762s] -- Up-to-date: /home/sunny/catkin_ws/install/uuv_assistants/share/uuv_assistants/templates/control/vel_pid_control.yaml
[1.762s] -- Up-to-date: /home/sunny/catkin_ws/install/uuv_assistants/share/uuv_assistants/templates/thruster_manager_config
[1.762s] -- Up-to-date: /home/sunny/catkin_ws/install/uuv_assistants/share/uuv_assistants/templates/thruster_manager_config/launch
[1.763s] -- Up-to-date: /home/sunny/catkin_ws/install/uuv_assistants/share/uuv_assistants/templates/thruster_manager_config/launch/start_thruster_manager.launch.template
[1.763s] -- Up-to-date: /home/sunny/catkin_ws/install/uuv_assistants/share/uuv_assistants/templates/thruster_manager_config/config
[1.763s] -- Up-to-date: /home/sunny/catkin_ws/install/uuv_assistants/share/uuv_assistants/templates/thruster_manager_config/config/thruster_manager.yaml.template
[1.766s] -- Up-to-date: /home/sunny/catkin_ws/install/uuv_assistants/lib/uuv_assistants/uuv_message_to_tf
[1.766s] -- Up-to-date: /home/sunny/catkin_ws/install/uuv_assistants/lib/uuv_assistants/publish_footprints.py
[1.767s] -- Up-to-date: /home/sunny/catkin_ws/install/uuv_assistants/lib/uuv_assistants/set_simulation_timer.py
[1.767s] -- Up-to-date: /home/sunny/catkin_ws/install/uuv_assistants/lib/uuv_assistants/publish_world_models.py
[1.767s] -- Up-to-date: /home/sunny/catkin_ws/install/uuv_assistants/lib/uuv_assistants/publish_vehicle_footprint.py
[1.767s] -- Up-to-date: /home/sunny/catkin_ws/install/uuv_assistants/lib/uuv_assistants/unpause_simulation.py
[1.767s] -- Up-to-date: /home/sunny/catkin_ws/install/uuv_assistants/lib/uuv_assistants/create_new_robot_model
[1.768s] -- Up-to-date: /home/sunny/catkin_ws/install/uuv_assistants/lib/uuv_assistants/create_thruster_manager_configuration
[1.768s] -- Up-to-date: /home/sunny/catkin_ws/install/uuv_assistants/lib/uuv_assistants/create_control_package
[1.768s] -- Up-to-date: /home/sunny/catkin_ws/install/uuv_assistants/share/ament_index/resource_index/package_run_dependencies/uuv_assistants
[1.768s] -- Up-to-date: /home/sunny/catkin_ws/install/uuv_assistants/share/ament_index/resource_index/parent_prefix_path/uuv_assistants
[1.768s] -- Up-to-date: /home/sunny/catkin_ws/install/uuv_assistants/share/uuv_assistants/environment/ament_prefix_path.sh
[1.768s] -- Up-to-date: /home/sunny/catkin_ws/install/uuv_assistants/share/uuv_assistants/environment/ament_prefix_path.dsv
[1.773s] -- Up-to-date: /home/sunny/catkin_ws/install/uuv_assistants/share/uuv_assistants/environment/path.sh
[1.773s] -- Up-to-date: /home/sunny/catkin_ws/install/uuv_assistants/share/uuv_assistants/environment/path.dsv
[1.773s] -- Up-to-date: /home/sunny/catkin_ws/install/uuv_assistants/share/uuv_assistants/local_setup.bash
[1.773s] -- Up-to-date: /home/sunny/catkin_ws/install/uuv_assistants/share/uuv_assistants/local_setup.sh
[1.773s] -- Up-to-date: /home/sunny/catkin_ws/install/uuv_assistants/share/uuv_assistants/local_setup.zsh
[1.774s] -- Up-to-date: /home/sunny/catkin_ws/install/uuv_assistants/share/uuv_assistants/local_setup.dsv
[1.774s] -- Installing: /home/sunny/catkin_ws/install/uuv_assistants/share/uuv_assistants/package.dsv
[1.775s] -- Up-to-date: /home/sunny/catkin_ws/install/uuv_assistants/share/ament_index/resource_index/packages/uuv_assistants
[1.775s] -- Up-to-date: /home/sunny/catkin_ws/install/uuv_assistants/share/uuv_assistants/cmake/uuv_assistantsConfig.cmake
[1.775s] -- Up-to-date: /home/sunny/catkin_ws/install/uuv_assistants/share/uuv_assistants/cmake/uuv_assistantsConfig-version.cmake
[1.775s] -- Up-to-date: /home/sunny/catkin_ws/install/uuv_assistants/share/uuv_assistants/package.xml
[1.788s] Invoked command in '/home/sunny/catkin_ws/build/uuv_assistants' returned '0': AMENT_PREFIX_PATH=/home/sunny/catkin_ws/install/plankton_utils:${AMENT_PREFIX_PATH} CMAKE_PREFIX_PATH=/home/sunny/catkin_ws/install/plankton_utils:/home/sunny/catkin_ws/install/turtlesim:/home/sunny/catkin_ws/install/common_msgs:/home/sunny/catkin_ws/install/beluga_simulator:/home/sunny/catkin_ws/install/beluga_adapter:/opt/ros/humble PYTHONPATH=/home/sunny/catkin_ws/install/plankton_utils/local/lib/python3.10/dist-packages:${PYTHONPATH} /usr/bin/cmake --install /home/sunny/catkin_ws/build/uuv_assistants
