[0.793s] Invoking command in '/home/sunny/catkin_ws/build/plankton_utils': CMAKE_PREFIX_PATH=${CMAKE_PREFIX_PATH}:/home/sunny/catkin_ws/install/beluga_adapter:/opt/ros/humble /usr/bin/cmake --build /home/sunny/catkin_ws/build/plankton_utils -- -j16 -l16
[0.920s] [100%] Built target plankton_global_sim_time
[0.925s] [100%] Built target ament_cmake_python_copy_plankton_utils
[1.453s] running egg_info
[1.453s] writing plankton_utils.egg-info/PKG-INFO
[1.453s] writing dependency_links to plankton_utils.egg-info/dependency_links.txt
[1.453s] writing top-level names to plankton_utils.egg-info/top_level.txt
[1.455s] reading manifest file 'plankton_utils.egg-info/SOURCES.txt'
[1.462s] writing manifest file 'plankton_utils.egg-info/SOURCES.txt'
[1.555s] [100%] Built target ament_cmake_python_build_plankton_utils_egg
[1.790s] Invoked command in '/home/sunny/catkin_ws/build/plankton_utils' returned '0': CMAKE_PREFIX_PATH=${CMAKE_PREFIX_PATH}:/home/sunny/catkin_ws/install/beluga_adapter:/opt/ros/humble /usr/bin/cmake --build /home/sunny/catkin_ws/build/plankton_utils -- -j16 -l16
[2.045s] Invoking command in '/home/sunny/catkin_ws/build/plankton_utils': CMAKE_PREFIX_PATH=${CMAKE_PREFIX_PATH}:/home/sunny/catkin_ws/install/beluga_adapter:/opt/ros/humble /usr/bin/cmake --install /home/sunny/catkin_ws/build/plankton_utils
[2.066s] -- Install configuration: ""
[2.067s] -- Up-to-date: /home/sunny/catkin_ws/install/plankton_utils/lib/plankton_utils/plankton_global_sim_time
[2.068s] -- Up-to-date: /home/sunny/catkin_ws/install/plankton_utils/share/plankton_utils/environment/pythonpath.sh
[2.068s] -- Up-to-date: /home/sunny/catkin_ws/install/plankton_utils/share/plankton_utils/environment/pythonpath.dsv
[2.068s] -- Up-to-date: /home/sunny/catkin_ws/install/plankton_utils/local/lib/python3.10/dist-packages/plankton_utils-0.6.1-py3.10.egg-info
[2.069s] -- Installing: /home/sunny/catkin_ws/install/plankton_utils/local/lib/python3.10/dist-packages/plankton_utils-0.6.1-py3.10.egg-info/PKG-INFO
[2.069s] -- Installing: /home/sunny/catkin_ws/install/plankton_utils/local/lib/python3.10/dist-packages/plankton_utils-0.6.1-py3.10.egg-info/SOURCES.txt
[2.071s] -- Installing: /home/sunny/catkin_ws/install/plankton_utils/local/lib/python3.10/dist-packages/plankton_utils-0.6.1-py3.10.egg-info/top_level.txt
[2.071s] -- Installing: /home/sunny/catkin_ws/install/plankton_utils/local/lib/python3.10/dist-packages/plankton_utils-0.6.1-py3.10.egg-info/dependency_links.txt
[2.074s] -- Up-to-date: /home/sunny/catkin_ws/install/plankton_utils/local/lib/python3.10/dist-packages/plankton_utils
[2.075s] -- Up-to-date: /home/sunny/catkin_ws/install/plankton_utils/local/lib/python3.10/dist-packages/plankton_utils/__init__.py
[2.075s] -- Up-to-date: /home/sunny/catkin_ws/install/plankton_utils/local/lib/python3.10/dist-packages/plankton_utils/time.py
[2.075s] -- Up-to-date: /home/sunny/catkin_ws/install/plankton_utils/local/lib/python3.10/dist-packages/plankton_utils/param_helper.py
[2.101s] Listing '/home/sunny/catkin_ws/install/plankton_utils/local/lib/python3.10/dist-packages/plankton_utils'...
[2.105s] -- Up-to-date: /home/sunny/catkin_ws/install/plankton_utils/share/ament_index/resource_index/package_run_dependencies/plankton_utils
[2.106s] -- Up-to-date: /home/sunny/catkin_ws/install/plankton_utils/share/ament_index/resource_index/parent_prefix_path/plankton_utils
[2.106s] -- Up-to-date: /home/sunny/catkin_ws/install/plankton_utils/share/plankton_utils/environment/ament_prefix_path.sh
[2.107s] -- Up-to-date: /home/sunny/catkin_ws/install/plankton_utils/share/plankton_utils/environment/ament_prefix_path.dsv
[2.107s] -- Up-to-date: /home/sunny/catkin_ws/install/plankton_utils/share/plankton_utils/environment/path.sh
[2.107s] -- Up-to-date: /home/sunny/catkin_ws/install/plankton_utils/share/plankton_utils/environment/path.dsv
[2.107s] -- Up-to-date: /home/sunny/catkin_ws/install/plankton_utils/share/plankton_utils/local_setup.bash
[2.107s] -- Up-to-date: /home/sunny/catkin_ws/install/plankton_utils/share/plankton_utils/local_setup.sh
[2.107s] -- Up-to-date: /home/sunny/catkin_ws/install/plankton_utils/share/plankton_utils/local_setup.zsh
[2.108s] -- Up-to-date: /home/sunny/catkin_ws/install/plankton_utils/share/plankton_utils/local_setup.dsv
[2.108s] -- Installing: /home/sunny/catkin_ws/install/plankton_utils/share/plankton_utils/package.dsv
[2.108s] -- Up-to-date: /home/sunny/catkin_ws/install/plankton_utils/share/ament_index/resource_index/packages/plankton_utils
[2.108s] -- Up-to-date: /home/sunny/catkin_ws/install/plankton_utils/share/plankton_utils/cmake/plankton_utilsConfig.cmake
[2.108s] -- Up-to-date: /home/sunny/catkin_ws/install/plankton_utils/share/plankton_utils/cmake/plankton_utilsConfig-version.cmake
[2.108s] -- Up-to-date: /home/sunny/catkin_ws/install/plankton_utils/share/plankton_utils/package.xml
[2.301s] Invoked command in '/home/sunny/catkin_ws/build/plankton_utils' returned '0': CMAKE_PREFIX_PATH=${CMAKE_PREFIX_PATH}:/home/sunny/catkin_ws/install/beluga_adapter:/opt/ros/humble /usr/bin/cmake --install /home/sunny/catkin_ws/build/plankton_utils
