[0.277s] Invoking command in '/home/sunny/catkin_ws/build/common_msgs': CMAKE_PREFIX_PATH=${CMAKE_PREFIX_PATH}:/home/sunny/catkin_ws/install/beluga_adapter:/opt/ros/humble /usr/bin/cmake --build /home/sunny/catkin_ws/build/common_msgs -- -j16 -l16
[0.439s] [  3%] Built target common_msgs__cpp
[0.495s] [ 12%] Built target common_msgs__rosidl_generator_c
[0.560s] [ 12%] Built target ament_cmake_python_copy_common_msgs
[0.578s] [ 22%] Built target common_msgs__rosidl_typesupport_cpp
[0.601s] [ 32%] Built target common_msgs__rosidl_typesupport_introspection_cpp
[0.628s] [ 41%] Built target common_msgs__rosidl_typesupport_fastrtps_cpp
[0.639s] [ 51%] Built target common_msgs__rosidl_typesupport_fastrtps_c
[0.640s] [ 61%] Built target common_msgs__rosidl_typesupport_c
[0.643s] [ 70%] Built target common_msgs__rosidl_typesupport_introspection_c
[0.786s] [ 70%] Built target common_msgs
[0.842s] [ 74%] Built target common_msgs__py
[0.897s] [ 80%] Built target common_msgs__rosidl_generator_py
[1.004s] [ 87%] Built target common_msgs__rosidl_typesupport_fastrtps_c__pyext
[1.070s] [ 93%] Built target common_msgs__rosidl_typesupport_introspection_c__pyext
[1.072s] [100%] Built target common_msgs__rosidl_typesupport_c__pyext
[1.134s] running egg_info
[1.136s] writing common_msgs.egg-info/PKG-INFO
[1.137s] writing dependency_links to common_msgs.egg-info/dependency_links.txt
[1.137s] writing top-level names to common_msgs.egg-info/top_level.txt
[1.141s] reading manifest file 'common_msgs.egg-info/SOURCES.txt'
[1.143s] writing manifest file 'common_msgs.egg-info/SOURCES.txt'
[1.218s] [100%] Built target ament_cmake_python_build_common_msgs_egg
[1.271s] Invoked command in '/home/sunny/catkin_ws/build/common_msgs' returned '0': CMAKE_PREFIX_PATH=${CMAKE_PREFIX_PATH}:/home/sunny/catkin_ws/install/beluga_adapter:/opt/ros/humble /usr/bin/cmake --build /home/sunny/catkin_ws/build/common_msgs -- -j16 -l16
[1.659s] Invoking command in '/home/sunny/catkin_ws/build/common_msgs': CMAKE_PREFIX_PATH=${CMAKE_PREFIX_PATH}:/home/sunny/catkin_ws/install/beluga_adapter:/opt/ros/humble /usr/bin/cmake --install /home/sunny/catkin_ws/build/common_msgs
[1.759s] -- Install configuration: ""
[1.759s] -- Up-to-date: /home/sunny/catkin_ws/install/common_msgs/share/ament_index/resource_index/rosidl_interfaces/common_msgs
[1.759s] -- Up-to-date: /home/sunny/catkin_ws/install/common_msgs/include/common_msgs/common_msgs
[1.759s] -- Up-to-date: /home/sunny/catkin_ws/install/common_msgs/include/common_msgs/common_msgs/msg
[1.759s] -- Up-to-date: /home/sunny/catkin_ws/install/common_msgs/include/common_msgs/common_msgs/msg/detail
[1.760s] -- Up-to-date: /home/sunny/catkin_ws/install/common_msgs/include/common_msgs/common_msgs/msg/detail/float_stamped__functions.h
[1.760s] -- Up-to-date: /home/sunny/catkin_ws/install/common_msgs/include/common_msgs/common_msgs/msg/detail/float_stamped__functions.c
[1.760s] -- Up-to-date: /home/sunny/catkin_ws/install/common_msgs/include/common_msgs/common_msgs/msg/detail/float_stamped__type_support.h
[1.760s] -- Up-to-date: /home/sunny/catkin_ws/install/common_msgs/include/common_msgs/common_msgs/msg/detail/float_stamped__struct.h
[1.760s] -- Up-to-date: /home/sunny/catkin_ws/install/common_msgs/include/common_msgs/common_msgs/msg/float_stamped.h
[1.760s] -- Up-to-date: /home/sunny/catkin_ws/install/common_msgs/include/common_msgs/common_msgs/msg/rosidl_generator_c__visibility_control.h
[1.760s] -- Up-to-date: /home/sunny/catkin_ws/install/common_msgs/share/common_msgs/environment/library_path.sh
[1.761s] -- Up-to-date: /home/sunny/catkin_ws/install/common_msgs/share/common_msgs/environment/library_path.dsv
[1.761s] -- Up-to-date: /home/sunny/catkin_ws/install/common_msgs/lib/libcommon_msgs__rosidl_generator_c.so
[1.761s] -- Up-to-date: /home/sunny/catkin_ws/install/common_msgs/include/common_msgs/common_msgs
[1.761s] -- Up-to-date: /home/sunny/catkin_ws/install/common_msgs/include/common_msgs/common_msgs/msg
[1.761s] -- Up-to-date: /home/sunny/catkin_ws/install/common_msgs/include/common_msgs/common_msgs/msg/detail
[1.761s] -- Up-to-date: /home/sunny/catkin_ws/install/common_msgs/include/common_msgs/common_msgs/msg/detail/float_stamped__rosidl_typesupport_fastrtps_c.h
[1.761s] -- Up-to-date: /home/sunny/catkin_ws/install/common_msgs/include/common_msgs/common_msgs/msg/rosidl_typesupport_fastrtps_c__visibility_control.h
[1.761s] -- Up-to-date: /home/sunny/catkin_ws/install/common_msgs/lib/libcommon_msgs__rosidl_typesupport_fastrtps_c.so
[1.761s] -- Up-to-date: /home/sunny/catkin_ws/install/common_msgs/include/common_msgs/common_msgs
[1.762s] -- Up-to-date: /home/sunny/catkin_ws/install/common_msgs/include/common_msgs/common_msgs/msg
[1.762s] -- Up-to-date: /home/sunny/catkin_ws/install/common_msgs/include/common_msgs/common_msgs/msg/rosidl_typesupport_introspection_c__visibility_control.h
[1.762s] -- Up-to-date: /home/sunny/catkin_ws/install/common_msgs/include/common_msgs/common_msgs/msg/detail
[1.762s] -- Up-to-date: /home/sunny/catkin_ws/install/common_msgs/include/common_msgs/common_msgs/msg/detail/float_stamped__type_support.c
[1.763s] -- Up-to-date: /home/sunny/catkin_ws/install/common_msgs/include/common_msgs/common_msgs/msg/detail/float_stamped__rosidl_typesupport_introspection_c.h
[1.763s] -- Up-to-date: /home/sunny/catkin_ws/install/common_msgs/lib/libcommon_msgs__rosidl_typesupport_introspection_c.so
[1.763s] -- Up-to-date: /home/sunny/catkin_ws/install/common_msgs/lib/libcommon_msgs__rosidl_typesupport_c.so
[1.763s] -- Up-to-date: /home/sunny/catkin_ws/install/common_msgs/include/common_msgs/common_msgs
[1.763s] -- Up-to-date: /home/sunny/catkin_ws/install/common_msgs/include/common_msgs/common_msgs/msg
[1.764s] -- Up-to-date: /home/sunny/catkin_ws/install/common_msgs/include/common_msgs/common_msgs/msg/float_stamped.hpp
[1.764s] -- Up-to-date: /home/sunny/catkin_ws/install/common_msgs/include/common_msgs/common_msgs/msg/detail
[1.764s] -- Up-to-date: /home/sunny/catkin_ws/install/common_msgs/include/common_msgs/common_msgs/msg/detail/float_stamped__struct.hpp
[1.764s] -- Up-to-date: /home/sunny/catkin_ws/install/common_msgs/include/common_msgs/common_msgs/msg/detail/float_stamped__builder.hpp
[1.764s] -- Up-to-date: /home/sunny/catkin_ws/install/common_msgs/include/common_msgs/common_msgs/msg/detail/float_stamped__traits.hpp
[1.764s] -- Up-to-date: /home/sunny/catkin_ws/install/common_msgs/include/common_msgs/common_msgs
[1.765s] -- Up-to-date: /home/sunny/catkin_ws/install/common_msgs/include/common_msgs/common_msgs/msg
[1.765s] -- Up-to-date: /home/sunny/catkin_ws/install/common_msgs/include/common_msgs/common_msgs/msg/detail
[1.765s] -- Up-to-date: /home/sunny/catkin_ws/install/common_msgs/include/common_msgs/common_msgs/msg/detail/float_stamped__rosidl_typesupport_fastrtps_cpp.hpp
[1.765s] -- Up-to-date: /home/sunny/catkin_ws/install/common_msgs/include/common_msgs/common_msgs/msg/detail/dds_fastrtps
[1.765s] -- Up-to-date: /home/sunny/catkin_ws/install/common_msgs/include/common_msgs/common_msgs/msg/rosidl_typesupport_fastrtps_cpp__visibility_control.h
[1.765s] -- Up-to-date: /home/sunny/catkin_ws/install/common_msgs/lib/libcommon_msgs__rosidl_typesupport_fastrtps_cpp.so
[1.765s] -- Up-to-date: /home/sunny/catkin_ws/install/common_msgs/include/common_msgs/common_msgs
[1.765s] -- Up-to-date: /home/sunny/catkin_ws/install/common_msgs/include/common_msgs/common_msgs/msg
[1.765s] -- Up-to-date: /home/sunny/catkin_ws/install/common_msgs/include/common_msgs/common_msgs/msg/detail
[1.765s] -- Up-to-date: /home/sunny/catkin_ws/install/common_msgs/include/common_msgs/common_msgs/msg/detail/float_stamped__type_support.cpp
[1.765s] -- Up-to-date: /home/sunny/catkin_ws/install/common_msgs/include/common_msgs/common_msgs/msg/detail/float_stamped__rosidl_typesupport_introspection_cpp.hpp
[1.766s] -- Up-to-date: /home/sunny/catkin_ws/install/common_msgs/lib/libcommon_msgs__rosidl_typesupport_introspection_cpp.so
[1.766s] -- Up-to-date: /home/sunny/catkin_ws/install/common_msgs/lib/libcommon_msgs__rosidl_typesupport_cpp.so
[1.766s] -- Up-to-date: /home/sunny/catkin_ws/install/common_msgs/share/common_msgs/environment/pythonpath.sh
[1.766s] -- Up-to-date: /home/sunny/catkin_ws/install/common_msgs/share/common_msgs/environment/pythonpath.dsv
[1.766s] -- Up-to-date: /home/sunny/catkin_ws/install/common_msgs/local/lib/python3.10/dist-packages/common_msgs-0.0.0-py3.10.egg-info
[1.766s] -- Installing: /home/sunny/catkin_ws/install/common_msgs/local/lib/python3.10/dist-packages/common_msgs-0.0.0-py3.10.egg-info/PKG-INFO
[1.766s] -- Installing: /home/sunny/catkin_ws/install/common_msgs/local/lib/python3.10/dist-packages/common_msgs-0.0.0-py3.10.egg-info/SOURCES.txt
[1.766s] -- Installing: /home/sunny/catkin_ws/install/common_msgs/local/lib/python3.10/dist-packages/common_msgs-0.0.0-py3.10.egg-info/top_level.txt
[1.766s] -- Installing: /home/sunny/catkin_ws/install/common_msgs/local/lib/python3.10/dist-packages/common_msgs-0.0.0-py3.10.egg-info/dependency_links.txt
[1.766s] -- Up-to-date: /home/sunny/catkin_ws/install/common_msgs/local/lib/python3.10/dist-packages/common_msgs
[1.766s] -- Up-to-date: /home/sunny/catkin_ws/install/common_msgs/local/lib/python3.10/dist-packages/common_msgs/__init__.py
[1.767s] -- Up-to-date: /home/sunny/catkin_ws/install/common_msgs/local/lib/python3.10/dist-packages/common_msgs/_common_msgs_s.ep.rosidl_typesupport_introspection_c.c
[1.767s] -- Up-to-date: /home/sunny/catkin_ws/install/common_msgs/local/lib/python3.10/dist-packages/common_msgs/common_msgs_s__rosidl_typesupport_c.cpython-310-x86_64-linux-gnu.so
[1.767s] -- Up-to-date: /home/sunny/catkin_ws/install/common_msgs/local/lib/python3.10/dist-packages/common_msgs/_common_msgs_s.ep.rosidl_typesupport_c.c
[1.767s] -- Up-to-date: /home/sunny/catkin_ws/install/common_msgs/local/lib/python3.10/dist-packages/common_msgs/_common_msgs_s.ep.rosidl_typesupport_fastrtps_c.c
[1.767s] -- Up-to-date: /home/sunny/catkin_ws/install/common_msgs/local/lib/python3.10/dist-packages/common_msgs/msg
[1.767s] -- Up-to-date: /home/sunny/catkin_ws/install/common_msgs/local/lib/python3.10/dist-packages/common_msgs/msg/__init__.py
[1.767s] -- Up-to-date: /home/sunny/catkin_ws/install/common_msgs/local/lib/python3.10/dist-packages/common_msgs/msg/_float_stamped.py
[1.768s] -- Up-to-date: /home/sunny/catkin_ws/install/common_msgs/local/lib/python3.10/dist-packages/common_msgs/msg/_float_stamped_s.c
[1.768s] -- Up-to-date: /home/sunny/catkin_ws/install/common_msgs/local/lib/python3.10/dist-packages/common_msgs/common_msgs_s__rosidl_typesupport_fastrtps_c.cpython-310-x86_64-linux-gnu.so
[1.768s] -- Up-to-date: /home/sunny/catkin_ws/install/common_msgs/local/lib/python3.10/dist-packages/common_msgs/common_msgs_s__rosidl_typesupport_introspection_c.cpython-310-x86_64-linux-gnu.so
[1.768s] -- Up-to-date: /home/sunny/catkin_ws/install/common_msgs/local/lib/python3.10/dist-packages/common_msgs/libcommon_msgs__rosidl_generator_py.so
[1.768s] Listing '/home/sunny/catkin_ws/install/common_msgs/local/lib/python3.10/dist-packages/common_msgs'...
[1.768s] Listing '/home/sunny/catkin_ws/install/common_msgs/local/lib/python3.10/dist-packages/common_msgs/msg'...
[1.768s] -- Up-to-date: /home/sunny/catkin_ws/install/common_msgs/local/lib/python3.10/dist-packages/common_msgs/common_msgs_s__rosidl_typesupport_fastrtps_c.cpython-310-x86_64-linux-gnu.so
[1.768s] -- Up-to-date: /home/sunny/catkin_ws/install/common_msgs/local/lib/python3.10/dist-packages/common_msgs/common_msgs_s__rosidl_typesupport_introspection_c.cpython-310-x86_64-linux-gnu.so
[1.768s] -- Up-to-date: /home/sunny/catkin_ws/install/common_msgs/local/lib/python3.10/dist-packages/common_msgs/common_msgs_s__rosidl_typesupport_c.cpython-310-x86_64-linux-gnu.so
[1.769s] -- Up-to-date: /home/sunny/catkin_ws/install/common_msgs/lib/libcommon_msgs__rosidl_generator_py.so
[1.769s] -- Up-to-date: /home/sunny/catkin_ws/install/common_msgs/share/common_msgs/msg/FloatStamped.idl
[1.769s] -- Up-to-date: /home/sunny/catkin_ws/install/common_msgs/share/common_msgs/msg/FloatStamped.msg
[1.769s] -- Up-to-date: /home/sunny/catkin_ws/install/common_msgs/share/ament_index/resource_index/package_run_dependencies/common_msgs
[1.769s] -- Up-to-date: /home/sunny/catkin_ws/install/common_msgs/share/ament_index/resource_index/parent_prefix_path/common_msgs
[1.769s] -- Up-to-date: /home/sunny/catkin_ws/install/common_msgs/share/common_msgs/environment/ament_prefix_path.sh
[1.769s] -- Up-to-date: /home/sunny/catkin_ws/install/common_msgs/share/common_msgs/environment/ament_prefix_path.dsv
[1.769s] -- Up-to-date: /home/sunny/catkin_ws/install/common_msgs/share/common_msgs/environment/path.sh
[1.769s] -- Up-to-date: /home/sunny/catkin_ws/install/common_msgs/share/common_msgs/environment/path.dsv
[1.770s] -- Up-to-date: /home/sunny/catkin_ws/install/common_msgs/share/common_msgs/local_setup.bash
[1.770s] -- Up-to-date: /home/sunny/catkin_ws/install/common_msgs/share/common_msgs/local_setup.sh
[1.770s] -- Up-to-date: /home/sunny/catkin_ws/install/common_msgs/share/common_msgs/local_setup.zsh
[1.770s] -- Up-to-date: /home/sunny/catkin_ws/install/common_msgs/share/common_msgs/local_setup.dsv
[1.770s] -- Installing: /home/sunny/catkin_ws/install/common_msgs/share/common_msgs/package.dsv
[1.770s] -- Up-to-date: /home/sunny/catkin_ws/install/common_msgs/share/ament_index/resource_index/packages/common_msgs
[1.770s] -- Up-to-date: /home/sunny/catkin_ws/install/common_msgs/share/common_msgs/cmake/export_common_msgs__rosidl_generator_cExport.cmake
[1.770s] -- Up-to-date: /home/sunny/catkin_ws/install/common_msgs/share/common_msgs/cmake/export_common_msgs__rosidl_generator_cExport-noconfig.cmake
[1.771s] -- Up-to-date: /home/sunny/catkin_ws/install/common_msgs/share/common_msgs/cmake/export_common_msgs__rosidl_typesupport_fastrtps_cExport.cmake
[1.771s] -- Up-to-date: /home/sunny/catkin_ws/install/common_msgs/share/common_msgs/cmake/export_common_msgs__rosidl_typesupport_fastrtps_cExport-noconfig.cmake
[1.772s] -- Up-to-date: /home/sunny/catkin_ws/install/common_msgs/share/common_msgs/cmake/common_msgs__rosidl_typesupport_introspection_cExport.cmake
[1.772s] -- Up-to-date: /home/sunny/catkin_ws/install/common_msgs/share/common_msgs/cmake/common_msgs__rosidl_typesupport_introspection_cExport-noconfig.cmake
[1.772s] -- Up-to-date: /home/sunny/catkin_ws/install/common_msgs/share/common_msgs/cmake/common_msgs__rosidl_typesupport_cExport.cmake
[1.772s] -- Up-to-date: /home/sunny/catkin_ws/install/common_msgs/share/common_msgs/cmake/common_msgs__rosidl_typesupport_cExport-noconfig.cmake
[1.772s] -- Up-to-date: /home/sunny/catkin_ws/install/common_msgs/share/common_msgs/cmake/export_common_msgs__rosidl_generator_cppExport.cmake
[1.773s] -- Up-to-date: /home/sunny/catkin_ws/install/common_msgs/share/common_msgs/cmake/export_common_msgs__rosidl_typesupport_fastrtps_cppExport.cmake
[1.773s] -- Up-to-date: /home/sunny/catkin_ws/install/common_msgs/share/common_msgs/cmake/export_common_msgs__rosidl_typesupport_fastrtps_cppExport-noconfig.cmake
[1.773s] -- Up-to-date: /home/sunny/catkin_ws/install/common_msgs/share/common_msgs/cmake/common_msgs__rosidl_typesupport_introspection_cppExport.cmake
[1.773s] -- Up-to-date: /home/sunny/catkin_ws/install/common_msgs/share/common_msgs/cmake/common_msgs__rosidl_typesupport_introspection_cppExport-noconfig.cmake
[1.773s] -- Up-to-date: /home/sunny/catkin_ws/install/common_msgs/share/common_msgs/cmake/common_msgs__rosidl_typesupport_cppExport.cmake
[1.773s] -- Up-to-date: /home/sunny/catkin_ws/install/common_msgs/share/common_msgs/cmake/common_msgs__rosidl_typesupport_cppExport-noconfig.cmake
[1.774s] -- Up-to-date: /home/sunny/catkin_ws/install/common_msgs/share/common_msgs/cmake/export_common_msgs__rosidl_generator_pyExport.cmake
[1.774s] -- Up-to-date: /home/sunny/catkin_ws/install/common_msgs/share/common_msgs/cmake/export_common_msgs__rosidl_generator_pyExport-noconfig.cmake
[1.774s] -- Up-to-date: /home/sunny/catkin_ws/install/common_msgs/share/common_msgs/cmake/rosidl_cmake-extras.cmake
[1.774s] -- Up-to-date: /home/sunny/catkin_ws/install/common_msgs/share/common_msgs/cmake/ament_cmake_export_dependencies-extras.cmake
[1.774s] -- Up-to-date: /home/sunny/catkin_ws/install/common_msgs/share/common_msgs/cmake/ament_cmake_export_include_directories-extras.cmake
[1.775s] -- Up-to-date: /home/sunny/catkin_ws/install/common_msgs/share/common_msgs/cmake/ament_cmake_export_libraries-extras.cmake
[1.775s] -- Up-to-date: /home/sunny/catkin_ws/install/common_msgs/share/common_msgs/cmake/ament_cmake_export_targets-extras.cmake
[1.775s] -- Up-to-date: /home/sunny/catkin_ws/install/common_msgs/share/common_msgs/cmake/rosidl_cmake_export_typesupport_targets-extras.cmake
[1.775s] -- Up-to-date: /home/sunny/catkin_ws/install/common_msgs/share/common_msgs/cmake/rosidl_cmake_export_typesupport_libraries-extras.cmake
[1.775s] -- Up-to-date: /home/sunny/catkin_ws/install/common_msgs/share/common_msgs/cmake/common_msgsConfig.cmake
[1.775s] -- Up-to-date: /home/sunny/catkin_ws/install/common_msgs/share/common_msgs/cmake/common_msgsConfig-version.cmake
[1.775s] -- Up-to-date: /home/sunny/catkin_ws/install/common_msgs/share/common_msgs/package.xml
[1.924s] Invoked command in '/home/sunny/catkin_ws/build/common_msgs' returned '0': CMAKE_PREFIX_PATH=${CMAKE_PREFIX_PATH}:/home/sunny/catkin_ws/install/beluga_adapter:/opt/ros/humble /usr/bin/cmake --install /home/sunny/catkin_ws/build/common_msgs
