[0.552s] Invoking command in '/home/sunny/catkin_ws/build/uuv_sensor_ros_plugins_msgs': CMAKE_PREFIX_PATH=${CMAKE_PREFIX_PATH}:/home/sunny/catkin_ws/install/beluga_adapter:/opt/ros/humble /usr/bin/cmake --build /home/sunny/catkin_ws/build/uuv_sensor_ros_plugins_msgs -- -j16 -l16
[0.668s] [  1%] Built target uuv_sensor_ros_plugins_msgs__cpp
[0.681s] [ 12%] Built target uuv_sensor_ros_plugins_msgs__rosidl_generator_c
[0.689s] [ 12%] Built target ament_cmake_python_copy_uuv_sensor_ros_plugins_msgs
[0.770s] [ 24%] Built target uuv_sensor_ros_plugins_msgs__rosidl_typesupport_introspection_cpp
[0.775s] [ 35%] Built target uuv_sensor_ros_plugins_msgs__rosidl_typesupport_fastrtps_cpp
[0.793s] [ 46%] Built target uuv_sensor_ros_plugins_msgs__rosidl_typesupport_cpp
[0.825s] [ 58%] Built target uuv_sensor_ros_plugins_msgs__rosidl_typesupport_introspection_c
[0.845s] [ 69%] Built target uuv_sensor_ros_plugins_msgs__rosidl_typesupport_fastrtps_c
[0.847s] [ 81%] Built target uuv_sensor_ros_plugins_msgs__rosidl_typesupport_c
[0.951s] [ 81%] Built target uuv_sensor_ros_plugins_msgs
[1.030s] [ 82%] Built target uuv_sensor_ros_plugins_msgs__py
[1.089s] [ 92%] Built target uuv_sensor_ros_plugins_msgs__rosidl_generator_py
[1.182s] [ 94%] Built target uuv_sensor_ros_plugins_msgs__rosidl_typesupport_fastrtps_c__pyext
[1.201s] [ 97%] Built target uuv_sensor_ros_plugins_msgs__rosidl_typesupport_introspection_c__pyext
[1.203s] [100%] Built target uuv_sensor_ros_plugins_msgs__rosidl_typesupport_c__pyext
[1.273s] running egg_info
[1.275s] writing uuv_sensor_ros_plugins_msgs.egg-info/PKG-INFO
[1.275s] writing dependency_links to uuv_sensor_ros_plugins_msgs.egg-info/dependency_links.txt
[1.276s] writing top-level names to uuv_sensor_ros_plugins_msgs.egg-info/top_level.txt
[1.280s] reading manifest file 'uuv_sensor_ros_plugins_msgs.egg-info/SOURCES.txt'
[1.281s] writing manifest file 'uuv_sensor_ros_plugins_msgs.egg-info/SOURCES.txt'
[1.344s] [100%] Built target ament_cmake_python_build_uuv_sensor_ros_plugins_msgs_egg
[1.537s] Invoked command in '/home/sunny/catkin_ws/build/uuv_sensor_ros_plugins_msgs' returned '0': CMAKE_PREFIX_PATH=${CMAKE_PREFIX_PATH}:/home/sunny/catkin_ws/install/beluga_adapter:/opt/ros/humble /usr/bin/cmake --build /home/sunny/catkin_ws/build/uuv_sensor_ros_plugins_msgs -- -j16 -l16
[1.917s] Invoking command in '/home/sunny/catkin_ws/build/uuv_sensor_ros_plugins_msgs': CMAKE_PREFIX_PATH=${CMAKE_PREFIX_PATH}:/home/sunny/catkin_ws/install/beluga_adapter:/opt/ros/humble /usr/bin/cmake --install /home/sunny/catkin_ws/build/uuv_sensor_ros_plugins_msgs
[2.107s] -- Install configuration: ""
[2.108s] -- Up-to-date: /home/sunny/catkin_ws/install/uuv_sensor_ros_plugins_msgs/share/ament_index/resource_index/rosidl_interfaces/uuv_sensor_ros_plugins_msgs
[2.108s] -- Up-to-date: /home/sunny/catkin_ws/install/uuv_sensor_ros_plugins_msgs/include/uuv_sensor_ros_plugins_msgs/uuv_sensor_ros_plugins_msgs
[2.108s] -- Up-to-date: /home/sunny/catkin_ws/install/uuv_sensor_ros_plugins_msgs/include/uuv_sensor_ros_plugins_msgs/uuv_sensor_ros_plugins_msgs/srv
[2.108s] -- Up-to-date: /home/sunny/catkin_ws/install/uuv_sensor_ros_plugins_msgs/include/uuv_sensor_ros_plugins_msgs/uuv_sensor_ros_plugins_msgs/srv/detail
[2.108s] -- Up-to-date: /home/sunny/catkin_ws/install/uuv_sensor_ros_plugins_msgs/include/uuv_sensor_ros_plugins_msgs/uuv_sensor_ros_plugins_msgs/srv/detail/change_sensor_state__functions.c
[2.108s] -- Up-to-date: /home/sunny/catkin_ws/install/uuv_sensor_ros_plugins_msgs/include/uuv_sensor_ros_plugins_msgs/uuv_sensor_ros_plugins_msgs/srv/detail/change_sensor_state__struct.h
[2.109s] -- Up-to-date: /home/sunny/catkin_ws/install/uuv_sensor_ros_plugins_msgs/include/uuv_sensor_ros_plugins_msgs/uuv_sensor_ros_plugins_msgs/srv/detail/change_sensor_state__functions.h
[2.109s] -- Up-to-date: /home/sunny/catkin_ws/install/uuv_sensor_ros_plugins_msgs/include/uuv_sensor_ros_plugins_msgs/uuv_sensor_ros_plugins_msgs/srv/detail/change_sensor_state__type_support.h
[2.109s] -- Up-to-date: /home/sunny/catkin_ws/install/uuv_sensor_ros_plugins_msgs/include/uuv_sensor_ros_plugins_msgs/uuv_sensor_ros_plugins_msgs/srv/change_sensor_state.h
[2.109s] -- Up-to-date: /home/sunny/catkin_ws/install/uuv_sensor_ros_plugins_msgs/include/uuv_sensor_ros_plugins_msgs/uuv_sensor_ros_plugins_msgs/msg
[2.110s] -- Up-to-date: /home/sunny/catkin_ws/install/uuv_sensor_ros_plugins_msgs/include/uuv_sensor_ros_plugins_msgs/uuv_sensor_ros_plugins_msgs/msg/detail
[2.110s] -- Up-to-date: /home/sunny/catkin_ws/install/uuv_sensor_ros_plugins_msgs/include/uuv_sensor_ros_plugins_msgs/uuv_sensor_ros_plugins_msgs/msg/detail/chemical_particle_concentration__type_support.h
[2.110s] -- Up-to-date: /home/sunny/catkin_ws/install/uuv_sensor_ros_plugins_msgs/include/uuv_sensor_ros_plugins_msgs/uuv_sensor_ros_plugins_msgs/msg/detail/dvl__functions.h
[2.110s] -- Up-to-date: /home/sunny/catkin_ws/install/uuv_sensor_ros_plugins_msgs/include/uuv_sensor_ros_plugins_msgs/uuv_sensor_ros_plugins_msgs/msg/detail/chemical_particle_concentration__functions.c
[2.110s] -- Up-to-date: /home/sunny/catkin_ws/install/uuv_sensor_ros_plugins_msgs/include/uuv_sensor_ros_plugins_msgs/uuv_sensor_ros_plugins_msgs/msg/detail/chemical_particle_concentration__struct.h
[2.111s] -- Up-to-date: /home/sunny/catkin_ws/install/uuv_sensor_ros_plugins_msgs/include/uuv_sensor_ros_plugins_msgs/uuv_sensor_ros_plugins_msgs/msg/detail/position_with_covariance__functions.c
[2.111s] -- Up-to-date: /home/sunny/catkin_ws/install/uuv_sensor_ros_plugins_msgs/include/uuv_sensor_ros_plugins_msgs/uuv_sensor_ros_plugins_msgs/msg/detail/chemical_particle_concentration__functions.h
[2.111s] -- Up-to-date: /home/sunny/catkin_ws/install/uuv_sensor_ros_plugins_msgs/include/uuv_sensor_ros_plugins_msgs/uuv_sensor_ros_plugins_msgs/msg/detail/position_with_covariance__type_support.h
[2.111s] -- Up-to-date: /home/sunny/catkin_ws/install/uuv_sensor_ros_plugins_msgs/include/uuv_sensor_ros_plugins_msgs/uuv_sensor_ros_plugins_msgs/msg/detail/dvl_beam__functions.c
[2.111s] -- Up-to-date: /home/sunny/catkin_ws/install/uuv_sensor_ros_plugins_msgs/include/uuv_sensor_ros_plugins_msgs/uuv_sensor_ros_plugins_msgs/msg/detail/position_with_covariance__struct.h
[2.111s] -- Up-to-date: /home/sunny/catkin_ws/install/uuv_sensor_ros_plugins_msgs/include/uuv_sensor_ros_plugins_msgs/uuv_sensor_ros_plugins_msgs/msg/detail/salinity__functions.h
[2.111s] -- Up-to-date: /home/sunny/catkin_ws/install/uuv_sensor_ros_plugins_msgs/include/uuv_sensor_ros_plugins_msgs/uuv_sensor_ros_plugins_msgs/msg/detail/salinity__functions.c
[2.112s] -- Up-to-date: /home/sunny/catkin_ws/install/uuv_sensor_ros_plugins_msgs/include/uuv_sensor_ros_plugins_msgs/uuv_sensor_ros_plugins_msgs/msg/detail/position_with_covariance_stamped__functions.h
[2.112s] -- Up-to-date: /home/sunny/catkin_ws/install/uuv_sensor_ros_plugins_msgs/include/uuv_sensor_ros_plugins_msgs/uuv_sensor_ros_plugins_msgs/msg/detail/position_with_covariance_stamped__type_support.h
[2.112s] -- Up-to-date: /home/sunny/catkin_ws/install/uuv_sensor_ros_plugins_msgs/include/uuv_sensor_ros_plugins_msgs/uuv_sensor_ros_plugins_msgs/msg/detail/dvl_beam__functions.h
[2.112s] -- Up-to-date: /home/sunny/catkin_ws/install/uuv_sensor_ros_plugins_msgs/include/uuv_sensor_ros_plugins_msgs/uuv_sensor_ros_plugins_msgs/msg/detail/dvl_beam__type_support.h
[2.112s] -- Up-to-date: /home/sunny/catkin_ws/install/uuv_sensor_ros_plugins_msgs/include/uuv_sensor_ros_plugins_msgs/uuv_sensor_ros_plugins_msgs/msg/detail/dvl__type_support.h
[2.113s] -- Up-to-date: /home/sunny/catkin_ws/install/uuv_sensor_ros_plugins_msgs/include/uuv_sensor_ros_plugins_msgs/uuv_sensor_ros_plugins_msgs/msg/detail/position_with_covariance_stamped__struct.h
[2.113s] -- Up-to-date: /home/sunny/catkin_ws/install/uuv_sensor_ros_plugins_msgs/include/uuv_sensor_ros_plugins_msgs/uuv_sensor_ros_plugins_msgs/msg/detail/dvl__struct.h
[2.113s] -- Up-to-date: /home/sunny/catkin_ws/install/uuv_sensor_ros_plugins_msgs/include/uuv_sensor_ros_plugins_msgs/uuv_sensor_ros_plugins_msgs/msg/detail/dvl__functions.c
[2.113s] -- Up-to-date: /home/sunny/catkin_ws/install/uuv_sensor_ros_plugins_msgs/include/uuv_sensor_ros_plugins_msgs/uuv_sensor_ros_plugins_msgs/msg/detail/salinity__struct.h
[2.113s] -- Up-to-date: /home/sunny/catkin_ws/install/uuv_sensor_ros_plugins_msgs/include/uuv_sensor_ros_plugins_msgs/uuv_sensor_ros_plugins_msgs/msg/detail/position_with_covariance__functions.h
[2.113s] -- Up-to-date: /home/sunny/catkin_ws/install/uuv_sensor_ros_plugins_msgs/include/uuv_sensor_ros_plugins_msgs/uuv_sensor_ros_plugins_msgs/msg/detail/dvl_beam__struct.h
[2.113s] -- Up-to-date: /home/sunny/catkin_ws/install/uuv_sensor_ros_plugins_msgs/include/uuv_sensor_ros_plugins_msgs/uuv_sensor_ros_plugins_msgs/msg/detail/salinity__type_support.h
[2.113s] -- Up-to-date: /home/sunny/catkin_ws/install/uuv_sensor_ros_plugins_msgs/include/uuv_sensor_ros_plugins_msgs/uuv_sensor_ros_plugins_msgs/msg/detail/position_with_covariance_stamped__functions.c
[2.113s] -- Up-to-date: /home/sunny/catkin_ws/install/uuv_sensor_ros_plugins_msgs/include/uuv_sensor_ros_plugins_msgs/uuv_sensor_ros_plugins_msgs/msg/position_with_covariance_stamped.h
[2.114s] -- Up-to-date: /home/sunny/catkin_ws/install/uuv_sensor_ros_plugins_msgs/include/uuv_sensor_ros_plugins_msgs/uuv_sensor_ros_plugins_msgs/msg/dvl.h
[2.114s] -- Up-to-date: /home/sunny/catkin_ws/install/uuv_sensor_ros_plugins_msgs/include/uuv_sensor_ros_plugins_msgs/uuv_sensor_ros_plugins_msgs/msg/dvl_beam.h
[2.114s] -- Up-to-date: /home/sunny/catkin_ws/install/uuv_sensor_ros_plugins_msgs/include/uuv_sensor_ros_plugins_msgs/uuv_sensor_ros_plugins_msgs/msg/chemical_particle_concentration.h
[2.114s] -- Up-to-date: /home/sunny/catkin_ws/install/uuv_sensor_ros_plugins_msgs/include/uuv_sensor_ros_plugins_msgs/uuv_sensor_ros_plugins_msgs/msg/rosidl_generator_c__visibility_control.h
[2.114s] -- Up-to-date: /home/sunny/catkin_ws/install/uuv_sensor_ros_plugins_msgs/include/uuv_sensor_ros_plugins_msgs/uuv_sensor_ros_plugins_msgs/msg/position_with_covariance.h
[2.114s] -- Up-to-date: /home/sunny/catkin_ws/install/uuv_sensor_ros_plugins_msgs/include/uuv_sensor_ros_plugins_msgs/uuv_sensor_ros_plugins_msgs/msg/salinity.h
[2.114s] -- Up-to-date: /home/sunny/catkin_ws/install/uuv_sensor_ros_plugins_msgs/share/uuv_sensor_ros_plugins_msgs/environment/library_path.sh
[2.114s] -- Up-to-date: /home/sunny/catkin_ws/install/uuv_sensor_ros_plugins_msgs/share/uuv_sensor_ros_plugins_msgs/environment/library_path.dsv
[2.115s] -- Up-to-date: /home/sunny/catkin_ws/install/uuv_sensor_ros_plugins_msgs/lib/libuuv_sensor_ros_plugins_msgs__rosidl_generator_c.so
[2.115s] -- Up-to-date: /home/sunny/catkin_ws/install/uuv_sensor_ros_plugins_msgs/include/uuv_sensor_ros_plugins_msgs/uuv_sensor_ros_plugins_msgs
[2.115s] -- Up-to-date: /home/sunny/catkin_ws/install/uuv_sensor_ros_plugins_msgs/include/uuv_sensor_ros_plugins_msgs/uuv_sensor_ros_plugins_msgs/srv
[2.115s] -- Up-to-date: /home/sunny/catkin_ws/install/uuv_sensor_ros_plugins_msgs/include/uuv_sensor_ros_plugins_msgs/uuv_sensor_ros_plugins_msgs/srv/detail
[2.115s] -- Up-to-date: /home/sunny/catkin_ws/install/uuv_sensor_ros_plugins_msgs/include/uuv_sensor_ros_plugins_msgs/uuv_sensor_ros_plugins_msgs/srv/detail/change_sensor_state__rosidl_typesupport_fastrtps_c.h
[2.115s] -- Up-to-date: /home/sunny/catkin_ws/install/uuv_sensor_ros_plugins_msgs/include/uuv_sensor_ros_plugins_msgs/uuv_sensor_ros_plugins_msgs/msg
[2.115s] -- Up-to-date: /home/sunny/catkin_ws/install/uuv_sensor_ros_plugins_msgs/include/uuv_sensor_ros_plugins_msgs/uuv_sensor_ros_plugins_msgs/msg/detail
[2.115s] -- Up-to-date: /home/sunny/catkin_ws/install/uuv_sensor_ros_plugins_msgs/include/uuv_sensor_ros_plugins_msgs/uuv_sensor_ros_plugins_msgs/msg/detail/position_with_covariance__rosidl_typesupport_fastrtps_c.h
[2.115s] -- Up-to-date: /home/sunny/catkin_ws/install/uuv_sensor_ros_plugins_msgs/include/uuv_sensor_ros_plugins_msgs/uuv_sensor_ros_plugins_msgs/msg/detail/chemical_particle_concentration__rosidl_typesupport_fastrtps_c.h
[2.115s] -- Up-to-date: /home/sunny/catkin_ws/install/uuv_sensor_ros_plugins_msgs/include/uuv_sensor_ros_plugins_msgs/uuv_sensor_ros_plugins_msgs/msg/detail/dvl__rosidl_typesupport_fastrtps_c.h
[2.115s] -- Up-to-date: /home/sunny/catkin_ws/install/uuv_sensor_ros_plugins_msgs/include/uuv_sensor_ros_plugins_msgs/uuv_sensor_ros_plugins_msgs/msg/detail/dvl_beam__rosidl_typesupport_fastrtps_c.h
[2.116s] -- Up-to-date: /home/sunny/catkin_ws/install/uuv_sensor_ros_plugins_msgs/include/uuv_sensor_ros_plugins_msgs/uuv_sensor_ros_plugins_msgs/msg/detail/salinity__rosidl_typesupport_fastrtps_c.h
[2.116s] -- Up-to-date: /home/sunny/catkin_ws/install/uuv_sensor_ros_plugins_msgs/include/uuv_sensor_ros_plugins_msgs/uuv_sensor_ros_plugins_msgs/msg/detail/position_with_covariance_stamped__rosidl_typesupport_fastrtps_c.h
[2.116s] -- Up-to-date: /home/sunny/catkin_ws/install/uuv_sensor_ros_plugins_msgs/include/uuv_sensor_ros_plugins_msgs/uuv_sensor_ros_plugins_msgs/msg/rosidl_typesupport_fastrtps_c__visibility_control.h
[2.116s] -- Up-to-date: /home/sunny/catkin_ws/install/uuv_sensor_ros_plugins_msgs/lib/libuuv_sensor_ros_plugins_msgs__rosidl_typesupport_fastrtps_c.so
[2.116s] -- Up-to-date: /home/sunny/catkin_ws/install/uuv_sensor_ros_plugins_msgs/include/uuv_sensor_ros_plugins_msgs/uuv_sensor_ros_plugins_msgs
[2.116s] -- Up-to-date: /home/sunny/catkin_ws/install/uuv_sensor_ros_plugins_msgs/include/uuv_sensor_ros_plugins_msgs/uuv_sensor_ros_plugins_msgs/srv
[2.116s] -- Up-to-date: /home/sunny/catkin_ws/install/uuv_sensor_ros_plugins_msgs/include/uuv_sensor_ros_plugins_msgs/uuv_sensor_ros_plugins_msgs/srv/detail
[2.116s] -- Up-to-date: /home/sunny/catkin_ws/install/uuv_sensor_ros_plugins_msgs/include/uuv_sensor_ros_plugins_msgs/uuv_sensor_ros_plugins_msgs/srv/detail/change_sensor_state__builder.hpp
[2.117s] -- Up-to-date: /home/sunny/catkin_ws/install/uuv_sensor_ros_plugins_msgs/include/uuv_sensor_ros_plugins_msgs/uuv_sensor_ros_plugins_msgs/srv/detail/change_sensor_state__traits.hpp
[2.117s] -- Up-to-date: /home/sunny/catkin_ws/install/uuv_sensor_ros_plugins_msgs/include/uuv_sensor_ros_plugins_msgs/uuv_sensor_ros_plugins_msgs/srv/detail/change_sensor_state__struct.hpp
[2.117s] -- Up-to-date: /home/sunny/catkin_ws/install/uuv_sensor_ros_plugins_msgs/include/uuv_sensor_ros_plugins_msgs/uuv_sensor_ros_plugins_msgs/srv/change_sensor_state.hpp
[2.117s] -- Up-to-date: /home/sunny/catkin_ws/install/uuv_sensor_ros_plugins_msgs/include/uuv_sensor_ros_plugins_msgs/uuv_sensor_ros_plugins_msgs/msg
[2.117s] -- Up-to-date: /home/sunny/catkin_ws/install/uuv_sensor_ros_plugins_msgs/include/uuv_sensor_ros_plugins_msgs/uuv_sensor_ros_plugins_msgs/msg/chemical_particle_concentration.hpp
[2.117s] -- Up-to-date: /home/sunny/catkin_ws/install/uuv_sensor_ros_plugins_msgs/include/uuv_sensor_ros_plugins_msgs/uuv_sensor_ros_plugins_msgs/msg/dvl_beam.hpp
[2.117s] -- Up-to-date: /home/sunny/catkin_ws/install/uuv_sensor_ros_plugins_msgs/include/uuv_sensor_ros_plugins_msgs/uuv_sensor_ros_plugins_msgs/msg/detail
[2.118s] -- Up-to-date: /home/sunny/catkin_ws/install/uuv_sensor_ros_plugins_msgs/include/uuv_sensor_ros_plugins_msgs/uuv_sensor_ros_plugins_msgs/msg/detail/position_with_covariance_stamped__struct.hpp
[2.118s] -- Up-to-date: /home/sunny/catkin_ws/install/uuv_sensor_ros_plugins_msgs/include/uuv_sensor_ros_plugins_msgs/uuv_sensor_ros_plugins_msgs/msg/detail/dvl_beam__struct.hpp
[2.120s] -- Up-to-date: /home/sunny/catkin_ws/install/uuv_sensor_ros_plugins_msgs/include/uuv_sensor_ros_plugins_msgs/uuv_sensor_ros_plugins_msgs/msg/detail/position_with_covariance__traits.hpp
[2.120s] -- Up-to-date: /home/sunny/catkin_ws/install/uuv_sensor_ros_plugins_msgs/include/uuv_sensor_ros_plugins_msgs/uuv_sensor_ros_plugins_msgs/msg/detail/chemical_particle_concentration__traits.hpp
[2.121s] -- Up-to-date: /home/sunny/catkin_ws/install/uuv_sensor_ros_plugins_msgs/include/uuv_sensor_ros_plugins_msgs/uuv_sensor_ros_plugins_msgs/msg/detail/dvl__builder.hpp
[2.121s] -- Up-to-date: /home/sunny/catkin_ws/install/uuv_sensor_ros_plugins_msgs/include/uuv_sensor_ros_plugins_msgs/uuv_sensor_ros_plugins_msgs/msg/detail/dvl__struct.hpp
[2.123s] -- Up-to-date: /home/sunny/catkin_ws/install/uuv_sensor_ros_plugins_msgs/include/uuv_sensor_ros_plugins_msgs/uuv_sensor_ros_plugins_msgs/msg/detail/dvl_beam__traits.hpp
[2.124s] -- Up-to-date: /home/sunny/catkin_ws/install/uuv_sensor_ros_plugins_msgs/include/uuv_sensor_ros_plugins_msgs/uuv_sensor_ros_plugins_msgs/msg/detail/position_with_covariance__struct.hpp
[2.124s] -- Up-to-date: /home/sunny/catkin_ws/install/uuv_sensor_ros_plugins_msgs/include/uuv_sensor_ros_plugins_msgs/uuv_sensor_ros_plugins_msgs/msg/detail/position_with_covariance__builder.hpp
[2.124s] -- Up-to-date: /home/sunny/catkin_ws/install/uuv_sensor_ros_plugins_msgs/include/uuv_sensor_ros_plugins_msgs/uuv_sensor_ros_plugins_msgs/msg/detail/position_with_covariance_stamped__builder.hpp
[2.124s] -- Up-to-date: /home/sunny/catkin_ws/install/uuv_sensor_ros_plugins_msgs/include/uuv_sensor_ros_plugins_msgs/uuv_sensor_ros_plugins_msgs/msg/detail/salinity__builder.hpp
[2.125s] -- Up-to-date: /home/sunny/catkin_ws/install/uuv_sensor_ros_plugins_msgs/include/uuv_sensor_ros_plugins_msgs/uuv_sensor_ros_plugins_msgs/msg/detail/salinity__struct.hpp
[2.125s] -- Up-to-date: /home/sunny/catkin_ws/install/uuv_sensor_ros_plugins_msgs/include/uuv_sensor_ros_plugins_msgs/uuv_sensor_ros_plugins_msgs/msg/detail/dvl__traits.hpp
[2.125s] -- Up-to-date: /home/sunny/catkin_ws/install/uuv_sensor_ros_plugins_msgs/include/uuv_sensor_ros_plugins_msgs/uuv_sensor_ros_plugins_msgs/msg/detail/position_with_covariance_stamped__traits.hpp
[2.125s] -- Up-to-date: /home/sunny/catkin_ws/install/uuv_sensor_ros_plugins_msgs/include/uuv_sensor_ros_plugins_msgs/uuv_sensor_ros_plugins_msgs/msg/detail/chemical_particle_concentration__builder.hpp
[2.126s] -- Up-to-date: /home/sunny/catkin_ws/install/uuv_sensor_ros_plugins_msgs/include/uuv_sensor_ros_plugins_msgs/uuv_sensor_ros_plugins_msgs/msg/detail/salinity__traits.hpp
[2.126s] -- Up-to-date: /home/sunny/catkin_ws/install/uuv_sensor_ros_plugins_msgs/include/uuv_sensor_ros_plugins_msgs/uuv_sensor_ros_plugins_msgs/msg/detail/dvl_beam__builder.hpp
[2.126s] -- Up-to-date: /home/sunny/catkin_ws/install/uuv_sensor_ros_plugins_msgs/include/uuv_sensor_ros_plugins_msgs/uuv_sensor_ros_plugins_msgs/msg/detail/chemical_particle_concentration__struct.hpp
[2.126s] -- Up-to-date: /home/sunny/catkin_ws/install/uuv_sensor_ros_plugins_msgs/include/uuv_sensor_ros_plugins_msgs/uuv_sensor_ros_plugins_msgs/msg/salinity.hpp
[2.127s] -- Up-to-date: /home/sunny/catkin_ws/install/uuv_sensor_ros_plugins_msgs/include/uuv_sensor_ros_plugins_msgs/uuv_sensor_ros_plugins_msgs/msg/dvl.hpp
[2.127s] -- Up-to-date: /home/sunny/catkin_ws/install/uuv_sensor_ros_plugins_msgs/include/uuv_sensor_ros_plugins_msgs/uuv_sensor_ros_plugins_msgs/msg/position_with_covariance_stamped.hpp
[2.127s] -- Up-to-date: /home/sunny/catkin_ws/install/uuv_sensor_ros_plugins_msgs/include/uuv_sensor_ros_plugins_msgs/uuv_sensor_ros_plugins_msgs/msg/position_with_covariance.hpp
[2.127s] -- Up-to-date: /home/sunny/catkin_ws/install/uuv_sensor_ros_plugins_msgs/include/uuv_sensor_ros_plugins_msgs/uuv_sensor_ros_plugins_msgs
[2.127s] -- Up-to-date: /home/sunny/catkin_ws/install/uuv_sensor_ros_plugins_msgs/include/uuv_sensor_ros_plugins_msgs/uuv_sensor_ros_plugins_msgs/srv
[2.127s] -- Up-to-date: /home/sunny/catkin_ws/install/uuv_sensor_ros_plugins_msgs/include/uuv_sensor_ros_plugins_msgs/uuv_sensor_ros_plugins_msgs/srv/detail
[2.127s] -- Up-to-date: /home/sunny/catkin_ws/install/uuv_sensor_ros_plugins_msgs/include/uuv_sensor_ros_plugins_msgs/uuv_sensor_ros_plugins_msgs/srv/detail/change_sensor_state__rosidl_typesupport_fastrtps_cpp.hpp
[2.127s] -- Up-to-date: /home/sunny/catkin_ws/install/uuv_sensor_ros_plugins_msgs/include/uuv_sensor_ros_plugins_msgs/uuv_sensor_ros_plugins_msgs/srv/detail/dds_fastrtps
[2.127s] -- Up-to-date: /home/sunny/catkin_ws/install/uuv_sensor_ros_plugins_msgs/include/uuv_sensor_ros_plugins_msgs/uuv_sensor_ros_plugins_msgs/msg
[2.127s] -- Up-to-date: /home/sunny/catkin_ws/install/uuv_sensor_ros_plugins_msgs/include/uuv_sensor_ros_plugins_msgs/uuv_sensor_ros_plugins_msgs/msg/detail
[2.127s] -- Up-to-date: /home/sunny/catkin_ws/install/uuv_sensor_ros_plugins_msgs/include/uuv_sensor_ros_plugins_msgs/uuv_sensor_ros_plugins_msgs/msg/detail/position_with_covariance_stamped__rosidl_typesupport_fastrtps_cpp.hpp
[2.127s] -- Up-to-date: /home/sunny/catkin_ws/install/uuv_sensor_ros_plugins_msgs/include/uuv_sensor_ros_plugins_msgs/uuv_sensor_ros_plugins_msgs/msg/detail/salinity__rosidl_typesupport_fastrtps_cpp.hpp
[2.128s] -- Up-to-date: /home/sunny/catkin_ws/install/uuv_sensor_ros_plugins_msgs/include/uuv_sensor_ros_plugins_msgs/uuv_sensor_ros_plugins_msgs/msg/detail/dvl_beam__rosidl_typesupport_fastrtps_cpp.hpp
[2.128s] -- Up-to-date: /home/sunny/catkin_ws/install/uuv_sensor_ros_plugins_msgs/include/uuv_sensor_ros_plugins_msgs/uuv_sensor_ros_plugins_msgs/msg/detail/chemical_particle_concentration__rosidl_typesupport_fastrtps_cpp.hpp
[2.128s] -- Up-to-date: /home/sunny/catkin_ws/install/uuv_sensor_ros_plugins_msgs/include/uuv_sensor_ros_plugins_msgs/uuv_sensor_ros_plugins_msgs/msg/detail/dvl__rosidl_typesupport_fastrtps_cpp.hpp
[2.128s] -- Up-to-date: /home/sunny/catkin_ws/install/uuv_sensor_ros_plugins_msgs/include/uuv_sensor_ros_plugins_msgs/uuv_sensor_ros_plugins_msgs/msg/detail/dds_fastrtps
[2.128s] -- Up-to-date: /home/sunny/catkin_ws/install/uuv_sensor_ros_plugins_msgs/include/uuv_sensor_ros_plugins_msgs/uuv_sensor_ros_plugins_msgs/msg/detail/position_with_covariance__rosidl_typesupport_fastrtps_cpp.hpp
[2.128s] -- Up-to-date: /home/sunny/catkin_ws/install/uuv_sensor_ros_plugins_msgs/include/uuv_sensor_ros_plugins_msgs/uuv_sensor_ros_plugins_msgs/msg/rosidl_typesupport_fastrtps_cpp__visibility_control.h
[2.128s] -- Up-to-date: /home/sunny/catkin_ws/install/uuv_sensor_ros_plugins_msgs/lib/libuuv_sensor_ros_plugins_msgs__rosidl_typesupport_fastrtps_cpp.so
[2.128s] -- Up-to-date: /home/sunny/catkin_ws/install/uuv_sensor_ros_plugins_msgs/include/uuv_sensor_ros_plugins_msgs/uuv_sensor_ros_plugins_msgs
[2.128s] -- Up-to-date: /home/sunny/catkin_ws/install/uuv_sensor_ros_plugins_msgs/include/uuv_sensor_ros_plugins_msgs/uuv_sensor_ros_plugins_msgs/srv
[2.129s] -- Up-to-date: /home/sunny/catkin_ws/install/uuv_sensor_ros_plugins_msgs/include/uuv_sensor_ros_plugins_msgs/uuv_sensor_ros_plugins_msgs/srv/detail
[2.129s] -- Up-to-date: /home/sunny/catkin_ws/install/uuv_sensor_ros_plugins_msgs/include/uuv_sensor_ros_plugins_msgs/uuv_sensor_ros_plugins_msgs/srv/detail/change_sensor_state__rosidl_typesupport_introspection_c.h
[2.129s] -- Up-to-date: /home/sunny/catkin_ws/install/uuv_sensor_ros_plugins_msgs/include/uuv_sensor_ros_plugins_msgs/uuv_sensor_ros_plugins_msgs/srv/detail/change_sensor_state__type_support.c
[2.129s] -- Up-to-date: /home/sunny/catkin_ws/install/uuv_sensor_ros_plugins_msgs/include/uuv_sensor_ros_plugins_msgs/uuv_sensor_ros_plugins_msgs/msg
[2.129s] -- Up-to-date: /home/sunny/catkin_ws/install/uuv_sensor_ros_plugins_msgs/include/uuv_sensor_ros_plugins_msgs/uuv_sensor_ros_plugins_msgs/msg/rosidl_typesupport_introspection_c__visibility_control.h
[2.129s] -- Up-to-date: /home/sunny/catkin_ws/install/uuv_sensor_ros_plugins_msgs/include/uuv_sensor_ros_plugins_msgs/uuv_sensor_ros_plugins_msgs/msg/detail
[2.129s] -- Up-to-date: /home/sunny/catkin_ws/install/uuv_sensor_ros_plugins_msgs/include/uuv_sensor_ros_plugins_msgs/uuv_sensor_ros_plugins_msgs/msg/detail/position_with_covariance_stamped__type_support.c
[2.129s] -- Up-to-date: /home/sunny/catkin_ws/install/uuv_sensor_ros_plugins_msgs/include/uuv_sensor_ros_plugins_msgs/uuv_sensor_ros_plugins_msgs/msg/detail/dvl_beam__type_support.c
[2.130s] -- Up-to-date: /home/sunny/catkin_ws/install/uuv_sensor_ros_plugins_msgs/include/uuv_sensor_ros_plugins_msgs/uuv_sensor_ros_plugins_msgs/msg/detail/dvl__rosidl_typesupport_introspection_c.h
[2.130s] -- Up-to-date: /home/sunny/catkin_ws/install/uuv_sensor_ros_plugins_msgs/include/uuv_sensor_ros_plugins_msgs/uuv_sensor_ros_plugins_msgs/msg/detail/salinity__type_support.c
[2.130s] -- Up-to-date: /home/sunny/catkin_ws/install/uuv_sensor_ros_plugins_msgs/include/uuv_sensor_ros_plugins_msgs/uuv_sensor_ros_plugins_msgs/msg/detail/position_with_covariance__rosidl_typesupport_introspection_c.h
[2.130s] -- Up-to-date: /home/sunny/catkin_ws/install/uuv_sensor_ros_plugins_msgs/include/uuv_sensor_ros_plugins_msgs/uuv_sensor_ros_plugins_msgs/msg/detail/chemical_particle_concentration__rosidl_typesupport_introspection_c.h
[2.130s] -- Up-to-date: /home/sunny/catkin_ws/install/uuv_sensor_ros_plugins_msgs/include/uuv_sensor_ros_plugins_msgs/uuv_sensor_ros_plugins_msgs/msg/detail/salinity__rosidl_typesupport_introspection_c.h
[2.131s] -- Up-to-date: /home/sunny/catkin_ws/install/uuv_sensor_ros_plugins_msgs/include/uuv_sensor_ros_plugins_msgs/uuv_sensor_ros_plugins_msgs/msg/detail/dvl_beam__rosidl_typesupport_introspection_c.h
[2.131s] -- Up-to-date: /home/sunny/catkin_ws/install/uuv_sensor_ros_plugins_msgs/include/uuv_sensor_ros_plugins_msgs/uuv_sensor_ros_plugins_msgs/msg/detail/position_with_covariance__type_support.c
[2.131s] -- Up-to-date: /home/sunny/catkin_ws/install/uuv_sensor_ros_plugins_msgs/include/uuv_sensor_ros_plugins_msgs/uuv_sensor_ros_plugins_msgs/msg/detail/position_with_covariance_stamped__rosidl_typesupport_introspection_c.h
[2.131s] -- Up-to-date: /home/sunny/catkin_ws/install/uuv_sensor_ros_plugins_msgs/include/uuv_sensor_ros_plugins_msgs/uuv_sensor_ros_plugins_msgs/msg/detail/chemical_particle_concentration__type_support.c
[2.131s] -- Up-to-date: /home/sunny/catkin_ws/install/uuv_sensor_ros_plugins_msgs/include/uuv_sensor_ros_plugins_msgs/uuv_sensor_ros_plugins_msgs/msg/detail/dvl__type_support.c
[2.131s] -- Up-to-date: /home/sunny/catkin_ws/install/uuv_sensor_ros_plugins_msgs/lib/libuuv_sensor_ros_plugins_msgs__rosidl_typesupport_introspection_c.so
[2.131s] -- Up-to-date: /home/sunny/catkin_ws/install/uuv_sensor_ros_plugins_msgs/lib/libuuv_sensor_ros_plugins_msgs__rosidl_typesupport_c.so
[2.131s] -- Up-to-date: /home/sunny/catkin_ws/install/uuv_sensor_ros_plugins_msgs/include/uuv_sensor_ros_plugins_msgs/uuv_sensor_ros_plugins_msgs
[2.131s] -- Up-to-date: /home/sunny/catkin_ws/install/uuv_sensor_ros_plugins_msgs/include/uuv_sensor_ros_plugins_msgs/uuv_sensor_ros_plugins_msgs/srv
[2.131s] -- Up-to-date: /home/sunny/catkin_ws/install/uuv_sensor_ros_plugins_msgs/include/uuv_sensor_ros_plugins_msgs/uuv_sensor_ros_plugins_msgs/srv/detail
[2.132s] -- Up-to-date: /home/sunny/catkin_ws/install/uuv_sensor_ros_plugins_msgs/include/uuv_sensor_ros_plugins_msgs/uuv_sensor_ros_plugins_msgs/srv/detail/change_sensor_state__type_support.cpp
[2.132s] -- Up-to-date: /home/sunny/catkin_ws/install/uuv_sensor_ros_plugins_msgs/include/uuv_sensor_ros_plugins_msgs/uuv_sensor_ros_plugins_msgs/srv/detail/change_sensor_state__rosidl_typesupport_introspection_cpp.hpp
[2.132s] -- Up-to-date: /home/sunny/catkin_ws/install/uuv_sensor_ros_plugins_msgs/include/uuv_sensor_ros_plugins_msgs/uuv_sensor_ros_plugins_msgs/msg
[2.132s] -- Up-to-date: /home/sunny/catkin_ws/install/uuv_sensor_ros_plugins_msgs/include/uuv_sensor_ros_plugins_msgs/uuv_sensor_ros_plugins_msgs/msg/detail
[2.132s] -- Up-to-date: /home/sunny/catkin_ws/install/uuv_sensor_ros_plugins_msgs/include/uuv_sensor_ros_plugins_msgs/uuv_sensor_ros_plugins_msgs/msg/detail/chemical_particle_concentration__type_support.cpp
[2.132s] -- Up-to-date: /home/sunny/catkin_ws/install/uuv_sensor_ros_plugins_msgs/include/uuv_sensor_ros_plugins_msgs/uuv_sensor_ros_plugins_msgs/msg/detail/dvl__rosidl_typesupport_introspection_cpp.hpp
[2.132s] -- Up-to-date: /home/sunny/catkin_ws/install/uuv_sensor_ros_plugins_msgs/include/uuv_sensor_ros_plugins_msgs/uuv_sensor_ros_plugins_msgs/msg/detail/position_with_covariance_stamped__type_support.cpp
[2.132s] -- Up-to-date: /home/sunny/catkin_ws/install/uuv_sensor_ros_plugins_msgs/include/uuv_sensor_ros_plugins_msgs/uuv_sensor_ros_plugins_msgs/msg/detail/salinity__type_support.cpp
[2.133s] -- Up-to-date: /home/sunny/catkin_ws/install/uuv_sensor_ros_plugins_msgs/include/uuv_sensor_ros_plugins_msgs/uuv_sensor_ros_plugins_msgs/msg/detail/salinity__rosidl_typesupport_introspection_cpp.hpp
[2.133s] -- Up-to-date: /home/sunny/catkin_ws/install/uuv_sensor_ros_plugins_msgs/include/uuv_sensor_ros_plugins_msgs/uuv_sensor_ros_plugins_msgs/msg/detail/position_with_covariance_stamped__rosidl_typesupport_introspection_cpp.hpp
[2.133s] -- Up-to-date: /home/sunny/catkin_ws/install/uuv_sensor_ros_plugins_msgs/include/uuv_sensor_ros_plugins_msgs/uuv_sensor_ros_plugins_msgs/msg/detail/position_with_covariance__type_support.cpp
[2.133s] -- Up-to-date: /home/sunny/catkin_ws/install/uuv_sensor_ros_plugins_msgs/include/uuv_sensor_ros_plugins_msgs/uuv_sensor_ros_plugins_msgs/msg/detail/dvl_beam__type_support.cpp
[2.133s] -- Up-to-date: /home/sunny/catkin_ws/install/uuv_sensor_ros_plugins_msgs/include/uuv_sensor_ros_plugins_msgs/uuv_sensor_ros_plugins_msgs/msg/detail/chemical_particle_concentration__rosidl_typesupport_introspection_cpp.hpp
[2.133s] -- Up-to-date: /home/sunny/catkin_ws/install/uuv_sensor_ros_plugins_msgs/include/uuv_sensor_ros_plugins_msgs/uuv_sensor_ros_plugins_msgs/msg/detail/dvl__type_support.cpp
[2.133s] -- Up-to-date: /home/sunny/catkin_ws/install/uuv_sensor_ros_plugins_msgs/include/uuv_sensor_ros_plugins_msgs/uuv_sensor_ros_plugins_msgs/msg/detail/dvl_beam__rosidl_typesupport_introspection_cpp.hpp
[2.133s] -- Up-to-date: /home/sunny/catkin_ws/install/uuv_sensor_ros_plugins_msgs/include/uuv_sensor_ros_plugins_msgs/uuv_sensor_ros_plugins_msgs/msg/detail/position_with_covariance__rosidl_typesupport_introspection_cpp.hpp
[2.133s] -- Up-to-date: /home/sunny/catkin_ws/install/uuv_sensor_ros_plugins_msgs/lib/libuuv_sensor_ros_plugins_msgs__rosidl_typesupport_introspection_cpp.so
[2.134s] -- Up-to-date: /home/sunny/catkin_ws/install/uuv_sensor_ros_plugins_msgs/lib/libuuv_sensor_ros_plugins_msgs__rosidl_typesupport_cpp.so
[2.135s] -- Up-to-date: /home/sunny/catkin_ws/install/uuv_sensor_ros_plugins_msgs/share/uuv_sensor_ros_plugins_msgs/environment/pythonpath.sh
[2.136s] -- Up-to-date: /home/sunny/catkin_ws/install/uuv_sensor_ros_plugins_msgs/share/uuv_sensor_ros_plugins_msgs/environment/pythonpath.dsv
[2.136s] -- Up-to-date: /home/sunny/catkin_ws/install/uuv_sensor_ros_plugins_msgs/local/lib/python3.10/dist-packages/uuv_sensor_ros_plugins_msgs-0.6.13-py3.10.egg-info
[2.136s] -- Installing: /home/sunny/catkin_ws/install/uuv_sensor_ros_plugins_msgs/local/lib/python3.10/dist-packages/uuv_sensor_ros_plugins_msgs-0.6.13-py3.10.egg-info/PKG-INFO
[2.136s] -- Installing: /home/sunny/catkin_ws/install/uuv_sensor_ros_plugins_msgs/local/lib/python3.10/dist-packages/uuv_sensor_ros_plugins_msgs-0.6.13-py3.10.egg-info/SOURCES.txt
[2.136s] -- Installing: /home/sunny/catkin_ws/install/uuv_sensor_ros_plugins_msgs/local/lib/python3.10/dist-packages/uuv_sensor_ros_plugins_msgs-0.6.13-py3.10.egg-info/top_level.txt
[2.137s] -- Installing: /home/sunny/catkin_ws/install/uuv_sensor_ros_plugins_msgs/local/lib/python3.10/dist-packages/uuv_sensor_ros_plugins_msgs-0.6.13-py3.10.egg-info/dependency_links.txt
[2.137s] -- Up-to-date: /home/sunny/catkin_ws/install/uuv_sensor_ros_plugins_msgs/local/lib/python3.10/dist-packages/uuv_sensor_ros_plugins_msgs
[2.137s] -- Up-to-date: /home/sunny/catkin_ws/install/uuv_sensor_ros_plugins_msgs/local/lib/python3.10/dist-packages/uuv_sensor_ros_plugins_msgs/__init__.py
[2.137s] -- Up-to-date: /home/sunny/catkin_ws/install/uuv_sensor_ros_plugins_msgs/local/lib/python3.10/dist-packages/uuv_sensor_ros_plugins_msgs/_uuv_sensor_ros_plugins_msgs_s.ep.rosidl_typesupport_c.c
[2.137s] -- Up-to-date: /home/sunny/catkin_ws/install/uuv_sensor_ros_plugins_msgs/local/lib/python3.10/dist-packages/uuv_sensor_ros_plugins_msgs/srv
[2.137s] -- Up-to-date: /home/sunny/catkin_ws/install/uuv_sensor_ros_plugins_msgs/local/lib/python3.10/dist-packages/uuv_sensor_ros_plugins_msgs/srv/__init__.py
[2.137s] -- Up-to-date: /home/sunny/catkin_ws/install/uuv_sensor_ros_plugins_msgs/local/lib/python3.10/dist-packages/uuv_sensor_ros_plugins_msgs/srv/_change_sensor_state.py
[2.137s] -- Up-to-date: /home/sunny/catkin_ws/install/uuv_sensor_ros_plugins_msgs/local/lib/python3.10/dist-packages/uuv_sensor_ros_plugins_msgs/srv/_change_sensor_state_s.c
[2.137s] -- Up-to-date: /home/sunny/catkin_ws/install/uuv_sensor_ros_plugins_msgs/local/lib/python3.10/dist-packages/uuv_sensor_ros_plugins_msgs/uuv_sensor_ros_plugins_msgs_s__rosidl_typesupport_fastrtps_c.cpython-310-x86_64-linux-gnu.so
[2.137s] -- Up-to-date: /home/sunny/catkin_ws/install/uuv_sensor_ros_plugins_msgs/local/lib/python3.10/dist-packages/uuv_sensor_ros_plugins_msgs/_uuv_sensor_ros_plugins_msgs_s.ep.rosidl_typesupport_fastrtps_c.c
[2.138s] -- Up-to-date: /home/sunny/catkin_ws/install/uuv_sensor_ros_plugins_msgs/local/lib/python3.10/dist-packages/uuv_sensor_ros_plugins_msgs/uuv_sensor_ros_plugins_msgs_s__rosidl_typesupport_introspection_c.cpython-310-x86_64-linux-gnu.so
[2.138s] -- Up-to-date: /home/sunny/catkin_ws/install/uuv_sensor_ros_plugins_msgs/local/lib/python3.10/dist-packages/uuv_sensor_ros_plugins_msgs/uuv_sensor_ros_plugins_msgs_s__rosidl_typesupport_c.cpython-310-x86_64-linux-gnu.so
[2.138s] -- Up-to-date: /home/sunny/catkin_ws/install/uuv_sensor_ros_plugins_msgs/local/lib/python3.10/dist-packages/uuv_sensor_ros_plugins_msgs/msg
[2.138s] -- Up-to-date: /home/sunny/catkin_ws/install/uuv_sensor_ros_plugins_msgs/local/lib/python3.10/dist-packages/uuv_sensor_ros_plugins_msgs/msg/__init__.py
[2.138s] -- Up-to-date: /home/sunny/catkin_ws/install/uuv_sensor_ros_plugins_msgs/local/lib/python3.10/dist-packages/uuv_sensor_ros_plugins_msgs/msg/_position_with_covariance_stamped_s.c
[2.138s] -- Up-to-date: /home/sunny/catkin_ws/install/uuv_sensor_ros_plugins_msgs/local/lib/python3.10/dist-packages/uuv_sensor_ros_plugins_msgs/msg/_dvl_s.c
[2.138s] -- Up-to-date: /home/sunny/catkin_ws/install/uuv_sensor_ros_plugins_msgs/local/lib/python3.10/dist-packages/uuv_sensor_ros_plugins_msgs/msg/_chemical_particle_concentration_s.c
[2.138s] -- Up-to-date: /home/sunny/catkin_ws/install/uuv_sensor_ros_plugins_msgs/local/lib/python3.10/dist-packages/uuv_sensor_ros_plugins_msgs/msg/_salinity.py
[2.138s] -- Up-to-date: /home/sunny/catkin_ws/install/uuv_sensor_ros_plugins_msgs/local/lib/python3.10/dist-packages/uuv_sensor_ros_plugins_msgs/msg/_dvl_beam.py
[2.139s] -- Up-to-date: /home/sunny/catkin_ws/install/uuv_sensor_ros_plugins_msgs/local/lib/python3.10/dist-packages/uuv_sensor_ros_plugins_msgs/msg/_position_with_covariance_s.c
[2.139s] -- Up-to-date: /home/sunny/catkin_ws/install/uuv_sensor_ros_plugins_msgs/local/lib/python3.10/dist-packages/uuv_sensor_ros_plugins_msgs/msg/_position_with_covariance.py
[2.139s] -- Up-to-date: /home/sunny/catkin_ws/install/uuv_sensor_ros_plugins_msgs/local/lib/python3.10/dist-packages/uuv_sensor_ros_plugins_msgs/msg/_dvl_beam_s.c
[2.139s] -- Up-to-date: /home/sunny/catkin_ws/install/uuv_sensor_ros_plugins_msgs/local/lib/python3.10/dist-packages/uuv_sensor_ros_plugins_msgs/msg/_chemical_particle_concentration.py
[2.139s] -- Up-to-date: /home/sunny/catkin_ws/install/uuv_sensor_ros_plugins_msgs/local/lib/python3.10/dist-packages/uuv_sensor_ros_plugins_msgs/msg/_salinity_s.c
[2.139s] -- Up-to-date: /home/sunny/catkin_ws/install/uuv_sensor_ros_plugins_msgs/local/lib/python3.10/dist-packages/uuv_sensor_ros_plugins_msgs/msg/_position_with_covariance_stamped.py
[2.139s] -- Up-to-date: /home/sunny/catkin_ws/install/uuv_sensor_ros_plugins_msgs/local/lib/python3.10/dist-packages/uuv_sensor_ros_plugins_msgs/msg/_dvl.py
[2.139s] -- Up-to-date: /home/sunny/catkin_ws/install/uuv_sensor_ros_plugins_msgs/local/lib/python3.10/dist-packages/uuv_sensor_ros_plugins_msgs/_uuv_sensor_ros_plugins_msgs_s.ep.rosidl_typesupport_introspection_c.c
[2.139s] -- Up-to-date: /home/sunny/catkin_ws/install/uuv_sensor_ros_plugins_msgs/local/lib/python3.10/dist-packages/uuv_sensor_ros_plugins_msgs/libuuv_sensor_ros_plugins_msgs__rosidl_generator_py.so
[2.178s] Listing '/home/sunny/catkin_ws/install/uuv_sensor_ros_plugins_msgs/local/lib/python3.10/dist-packages/uuv_sensor_ros_plugins_msgs'...
[2.178s] Listing '/home/sunny/catkin_ws/install/uuv_sensor_ros_plugins_msgs/local/lib/python3.10/dist-packages/uuv_sensor_ros_plugins_msgs/msg'...
[2.178s] Listing '/home/sunny/catkin_ws/install/uuv_sensor_ros_plugins_msgs/local/lib/python3.10/dist-packages/uuv_sensor_ros_plugins_msgs/srv'...
[2.178s] -- Up-to-date: /home/sunny/catkin_ws/install/uuv_sensor_ros_plugins_msgs/local/lib/python3.10/dist-packages/uuv_sensor_ros_plugins_msgs/uuv_sensor_ros_plugins_msgs_s__rosidl_typesupport_fastrtps_c.cpython-310-x86_64-linux-gnu.so
[2.178s] -- Up-to-date: /home/sunny/catkin_ws/install/uuv_sensor_ros_plugins_msgs/local/lib/python3.10/dist-packages/uuv_sensor_ros_plugins_msgs/uuv_sensor_ros_plugins_msgs_s__rosidl_typesupport_introspection_c.cpython-310-x86_64-linux-gnu.so
[2.178s] -- Up-to-date: /home/sunny/catkin_ws/install/uuv_sensor_ros_plugins_msgs/local/lib/python3.10/dist-packages/uuv_sensor_ros_plugins_msgs/uuv_sensor_ros_plugins_msgs_s__rosidl_typesupport_c.cpython-310-x86_64-linux-gnu.so
[2.178s] -- Up-to-date: /home/sunny/catkin_ws/install/uuv_sensor_ros_plugins_msgs/lib/libuuv_sensor_ros_plugins_msgs__rosidl_generator_py.so
[2.178s] -- Up-to-date: /home/sunny/catkin_ws/install/uuv_sensor_ros_plugins_msgs/share/uuv_sensor_ros_plugins_msgs/msg/DVL.idl
[2.178s] -- Up-to-date: /home/sunny/catkin_ws/install/uuv_sensor_ros_plugins_msgs/share/uuv_sensor_ros_plugins_msgs/msg/DVLBeam.idl
[2.178s] -- Up-to-date: /home/sunny/catkin_ws/install/uuv_sensor_ros_plugins_msgs/share/uuv_sensor_ros_plugins_msgs/msg/PositionWithCovariance.idl
[2.179s] -- Up-to-date: /home/sunny/catkin_ws/install/uuv_sensor_ros_plugins_msgs/share/uuv_sensor_ros_plugins_msgs/msg/PositionWithCovarianceStamped.idl
[2.179s] -- Up-to-date: /home/sunny/catkin_ws/install/uuv_sensor_ros_plugins_msgs/share/uuv_sensor_ros_plugins_msgs/msg/ChemicalParticleConcentration.idl
[2.179s] -- Up-to-date: /home/sunny/catkin_ws/install/uuv_sensor_ros_plugins_msgs/share/uuv_sensor_ros_plugins_msgs/msg/Salinity.idl
[2.179s] -- Up-to-date: /home/sunny/catkin_ws/install/uuv_sensor_ros_plugins_msgs/share/uuv_sensor_ros_plugins_msgs/srv/ChangeSensorState.idl
[2.179s] -- Up-to-date: /home/sunny/catkin_ws/install/uuv_sensor_ros_plugins_msgs/share/uuv_sensor_ros_plugins_msgs/msg/DVL.msg
[2.179s] -- Up-to-date: /home/sunny/catkin_ws/install/uuv_sensor_ros_plugins_msgs/share/uuv_sensor_ros_plugins_msgs/msg/DVLBeam.msg
[2.179s] -- Up-to-date: /home/sunny/catkin_ws/install/uuv_sensor_ros_plugins_msgs/share/uuv_sensor_ros_plugins_msgs/msg/PositionWithCovariance.msg
[2.179s] -- Up-to-date: /home/sunny/catkin_ws/install/uuv_sensor_ros_plugins_msgs/share/uuv_sensor_ros_plugins_msgs/msg/PositionWithCovarianceStamped.msg
[2.179s] -- Up-to-date: /home/sunny/catkin_ws/install/uuv_sensor_ros_plugins_msgs/share/uuv_sensor_ros_plugins_msgs/msg/ChemicalParticleConcentration.msg
[2.179s] -- Up-to-date: /home/sunny/catkin_ws/install/uuv_sensor_ros_plugins_msgs/share/uuv_sensor_ros_plugins_msgs/msg/Salinity.msg
[2.179s] -- Up-to-date: /home/sunny/catkin_ws/install/uuv_sensor_ros_plugins_msgs/share/uuv_sensor_ros_plugins_msgs/srv/ChangeSensorState.srv
[2.179s] -- Up-to-date: /home/sunny/catkin_ws/install/uuv_sensor_ros_plugins_msgs/share/uuv_sensor_ros_plugins_msgs/srv/ChangeSensorState_Request.msg
[2.179s] -- Up-to-date: /home/sunny/catkin_ws/install/uuv_sensor_ros_plugins_msgs/share/uuv_sensor_ros_plugins_msgs/srv/ChangeSensorState_Response.msg
[2.180s] -- Up-to-date: /home/sunny/catkin_ws/install/uuv_sensor_ros_plugins_msgs/share/ament_index/resource_index/package_run_dependencies/uuv_sensor_ros_plugins_msgs
[2.180s] -- Up-to-date: /home/sunny/catkin_ws/install/uuv_sensor_ros_plugins_msgs/share/ament_index/resource_index/parent_prefix_path/uuv_sensor_ros_plugins_msgs
[2.180s] -- Up-to-date: /home/sunny/catkin_ws/install/uuv_sensor_ros_plugins_msgs/share/uuv_sensor_ros_plugins_msgs/environment/ament_prefix_path.sh
[2.180s] -- Up-to-date: /home/sunny/catkin_ws/install/uuv_sensor_ros_plugins_msgs/share/uuv_sensor_ros_plugins_msgs/environment/ament_prefix_path.dsv
[2.180s] -- Up-to-date: /home/sunny/catkin_ws/install/uuv_sensor_ros_plugins_msgs/share/uuv_sensor_ros_plugins_msgs/environment/path.sh
[2.180s] -- Up-to-date: /home/sunny/catkin_ws/install/uuv_sensor_ros_plugins_msgs/share/uuv_sensor_ros_plugins_msgs/environment/path.dsv
[2.180s] -- Up-to-date: /home/sunny/catkin_ws/install/uuv_sensor_ros_plugins_msgs/share/uuv_sensor_ros_plugins_msgs/local_setup.bash
[2.180s] -- Up-to-date: /home/sunny/catkin_ws/install/uuv_sensor_ros_plugins_msgs/share/uuv_sensor_ros_plugins_msgs/local_setup.sh
[2.180s] -- Up-to-date: /home/sunny/catkin_ws/install/uuv_sensor_ros_plugins_msgs/share/uuv_sensor_ros_plugins_msgs/local_setup.zsh
[2.180s] -- Up-to-date: /home/sunny/catkin_ws/install/uuv_sensor_ros_plugins_msgs/share/uuv_sensor_ros_plugins_msgs/local_setup.dsv
[2.180s] -- Installing: /home/sunny/catkin_ws/install/uuv_sensor_ros_plugins_msgs/share/uuv_sensor_ros_plugins_msgs/package.dsv
[2.181s] -- Up-to-date: /home/sunny/catkin_ws/install/uuv_sensor_ros_plugins_msgs/share/ament_index/resource_index/packages/uuv_sensor_ros_plugins_msgs
[2.181s] -- Up-to-date: /home/sunny/catkin_ws/install/uuv_sensor_ros_plugins_msgs/share/uuv_sensor_ros_plugins_msgs/cmake/export_uuv_sensor_ros_plugins_msgs__rosidl_generator_cExport.cmake
[2.181s] -- Up-to-date: /home/sunny/catkin_ws/install/uuv_sensor_ros_plugins_msgs/share/uuv_sensor_ros_plugins_msgs/cmake/export_uuv_sensor_ros_plugins_msgs__rosidl_generator_cExport-noconfig.cmake
[2.181s] -- Up-to-date: /home/sunny/catkin_ws/install/uuv_sensor_ros_plugins_msgs/share/uuv_sensor_ros_plugins_msgs/cmake/export_uuv_sensor_ros_plugins_msgs__rosidl_typesupport_fastrtps_cExport.cmake
[2.181s] -- Up-to-date: /home/sunny/catkin_ws/install/uuv_sensor_ros_plugins_msgs/share/uuv_sensor_ros_plugins_msgs/cmake/export_uuv_sensor_ros_plugins_msgs__rosidl_typesupport_fastrtps_cExport-noconfig.cmake
[2.181s] -- Up-to-date: /home/sunny/catkin_ws/install/uuv_sensor_ros_plugins_msgs/share/uuv_sensor_ros_plugins_msgs/cmake/export_uuv_sensor_ros_plugins_msgs__rosidl_generator_cppExport.cmake
[2.181s] -- Up-to-date: /home/sunny/catkin_ws/install/uuv_sensor_ros_plugins_msgs/share/uuv_sensor_ros_plugins_msgs/cmake/export_uuv_sensor_ros_plugins_msgs__rosidl_typesupport_fastrtps_cppExport.cmake
[2.181s] -- Up-to-date: /home/sunny/catkin_ws/install/uuv_sensor_ros_plugins_msgs/share/uuv_sensor_ros_plugins_msgs/cmake/export_uuv_sensor_ros_plugins_msgs__rosidl_typesupport_fastrtps_cppExport-noconfig.cmake
[2.181s] -- Up-to-date: /home/sunny/catkin_ws/install/uuv_sensor_ros_plugins_msgs/share/uuv_sensor_ros_plugins_msgs/cmake/uuv_sensor_ros_plugins_msgs__rosidl_typesupport_introspection_cExport.cmake
[2.181s] -- Up-to-date: /home/sunny/catkin_ws/install/uuv_sensor_ros_plugins_msgs/share/uuv_sensor_ros_plugins_msgs/cmake/uuv_sensor_ros_plugins_msgs__rosidl_typesupport_introspection_cExport-noconfig.cmake
[2.182s] -- Up-to-date: /home/sunny/catkin_ws/install/uuv_sensor_ros_plugins_msgs/share/uuv_sensor_ros_plugins_msgs/cmake/uuv_sensor_ros_plugins_msgs__rosidl_typesupport_cExport.cmake
[2.182s] -- Up-to-date: /home/sunny/catkin_ws/install/uuv_sensor_ros_plugins_msgs/share/uuv_sensor_ros_plugins_msgs/cmake/uuv_sensor_ros_plugins_msgs__rosidl_typesupport_cExport-noconfig.cmake
[2.182s] -- Up-to-date: /home/sunny/catkin_ws/install/uuv_sensor_ros_plugins_msgs/share/uuv_sensor_ros_plugins_msgs/cmake/uuv_sensor_ros_plugins_msgs__rosidl_typesupport_introspection_cppExport.cmake
[2.183s] -- Up-to-date: /home/sunny/catkin_ws/install/uuv_sensor_ros_plugins_msgs/share/uuv_sensor_ros_plugins_msgs/cmake/uuv_sensor_ros_plugins_msgs__rosidl_typesupport_introspection_cppExport-noconfig.cmake
[2.183s] -- Up-to-date: /home/sunny/catkin_ws/install/uuv_sensor_ros_plugins_msgs/share/uuv_sensor_ros_plugins_msgs/cmake/uuv_sensor_ros_plugins_msgs__rosidl_typesupport_cppExport.cmake
[2.183s] -- Up-to-date: /home/sunny/catkin_ws/install/uuv_sensor_ros_plugins_msgs/share/uuv_sensor_ros_plugins_msgs/cmake/uuv_sensor_ros_plugins_msgs__rosidl_typesupport_cppExport-noconfig.cmake
[2.183s] -- Up-to-date: /home/sunny/catkin_ws/install/uuv_sensor_ros_plugins_msgs/share/uuv_sensor_ros_plugins_msgs/cmake/export_uuv_sensor_ros_plugins_msgs__rosidl_generator_pyExport.cmake
[2.183s] -- Up-to-date: /home/sunny/catkin_ws/install/uuv_sensor_ros_plugins_msgs/share/uuv_sensor_ros_plugins_msgs/cmake/export_uuv_sensor_ros_plugins_msgs__rosidl_generator_pyExport-noconfig.cmake
[2.183s] -- Up-to-date: /home/sunny/catkin_ws/install/uuv_sensor_ros_plugins_msgs/share/uuv_sensor_ros_plugins_msgs/cmake/rosidl_cmake-extras.cmake
[2.183s] -- Up-to-date: /home/sunny/catkin_ws/install/uuv_sensor_ros_plugins_msgs/share/uuv_sensor_ros_plugins_msgs/cmake/ament_cmake_export_dependencies-extras.cmake
[2.183s] -- Up-to-date: /home/sunny/catkin_ws/install/uuv_sensor_ros_plugins_msgs/share/uuv_sensor_ros_plugins_msgs/cmake/ament_cmake_export_include_directories-extras.cmake
[2.184s] -- Up-to-date: /home/sunny/catkin_ws/install/uuv_sensor_ros_plugins_msgs/share/uuv_sensor_ros_plugins_msgs/cmake/ament_cmake_export_libraries-extras.cmake
[2.184s] -- Up-to-date: /home/sunny/catkin_ws/install/uuv_sensor_ros_plugins_msgs/share/uuv_sensor_ros_plugins_msgs/cmake/ament_cmake_export_targets-extras.cmake
[2.184s] -- Up-to-date: /home/sunny/catkin_ws/install/uuv_sensor_ros_plugins_msgs/share/uuv_sensor_ros_plugins_msgs/cmake/rosidl_cmake_export_typesupport_targets-extras.cmake
[2.185s] -- Up-to-date: /home/sunny/catkin_ws/install/uuv_sensor_ros_plugins_msgs/share/uuv_sensor_ros_plugins_msgs/cmake/rosidl_cmake_export_typesupport_libraries-extras.cmake
[2.185s] -- Up-to-date: /home/sunny/catkin_ws/install/uuv_sensor_ros_plugins_msgs/share/uuv_sensor_ros_plugins_msgs/cmake/uuv_sensor_ros_plugins_msgsConfig.cmake
[2.186s] -- Up-to-date: /home/sunny/catkin_ws/install/uuv_sensor_ros_plugins_msgs/share/uuv_sensor_ros_plugins_msgs/cmake/uuv_sensor_ros_plugins_msgsConfig-version.cmake
[2.186s] -- Up-to-date: /home/sunny/catkin_ws/install/uuv_sensor_ros_plugins_msgs/share/uuv_sensor_ros_plugins_msgs/package.xml
[2.693s] Invoked command in '/home/sunny/catkin_ws/build/uuv_sensor_ros_plugins_msgs' returned '0': CMAKE_PREFIX_PATH=${CMAKE_PREFIX_PATH}:/home/sunny/catkin_ws/install/beluga_adapter:/opt/ros/humble /usr/bin/cmake --install /home/sunny/catkin_ws/build/uuv_sensor_ros_plugins_msgs
