[0.192s] Invoking command in '/home/sunny/catkin_ws/build/turtlesim': CMAKE_PREFIX_PATH=${CMAKE_PREFIX_PATH}:/home/sunny/catkin_ws/install/beluga_adapter:/opt/ros/humble /usr/bin/cmake --build /home/sunny/catkin_ws/build/turtlesim -- -j16 -l16
[0.370s] [  1%] Built target turtlesim__cpp
[0.384s] [  1%] Built target ament_cmake_python_copy_turtlesim
[0.394s] [ 11%] Built target turtlesim__rosidl_generator_c
[0.526s] [ 21%] Built target turtlesim__rosidl_typesupport_introspection_cpp
[0.526s] [ 31%] Built target turtlesim__rosidl_typesupport_fastrtps_cpp
[0.527s] [ 41%] Built target turtlesim__rosidl_typesupport_fastrtps_c
[0.527s] [ 51%] Built target turtlesim__rosidl_typesupport_cpp
[0.531s] [ 61%] Built target turtlesim__rosidl_typesupport_introspection_c
[0.551s] [ 71%] Built target turtlesim__rosidl_typesupport_c
[0.632s] [ 73%] Built target draw_square
[0.666s] [ 75%] Built target turtle_teleop_key
[0.675s] [ 77%] Built target mimic
[0.679s] [ 83%] Built target turtlesim_node
[0.703s] [ 83%] Built target turtlesim
[0.801s] [ 84%] Built target turtlesim__py
[0.866s] [ 93%] Built target turtlesim__rosidl_generator_py
[0.872s] running egg_info
[0.874s] writing turtlesim.egg-info/PKG-INFO
[0.874s] writing dependency_links to turtlesim.egg-info/dependency_links.txt
[0.874s] writing top-level names to turtlesim.egg-info/top_level.txt
[0.878s] reading manifest file 'turtlesim.egg-info/SOURCES.txt'
[0.879s] writing manifest file 'turtlesim.egg-info/SOURCES.txt'
[0.904s] [ 95%] Built target turtlesim__rosidl_typesupport_fastrtps_c__pyext
[0.908s] [ 97%] Built target turtlesim__rosidl_typesupport_introspection_c__pyext
[0.915s] [100%] Built target turtlesim__rosidl_typesupport_c__pyext
[0.925s] [100%] Built target ament_cmake_python_build_turtlesim_egg
