[0.506s] Invoking command in '/home/sunny/catkin_ws/build/uuv_sensor_ros_plugins_msgs': CMAKE_PREFIX_PATH=${CMAKE_PREFIX_PATH}:/home/sunny/catkin_ws/install/beluga_adapter:/opt/ros/humble /usr/bin/cmake --build /home/sunny/catkin_ws/build/uuv_sensor_ros_plugins_msgs -- -j16 -l16
[0.637s] [  1%] Built target uuv_sensor_ros_plugins_msgs__cpp
[0.647s] [  1%] Built target ament_cmake_python_copy_uuv_sensor_ros_plugins_msgs
[0.652s] [ 12%] Built target uuv_sensor_ros_plugins_msgs__rosidl_generator_c
[0.725s] [ 24%] Built target uuv_sensor_ros_plugins_msgs__rosidl_typesupport_introspection_cpp
[0.765s] [ 35%] Built target uuv_sensor_ros_plugins_msgs__rosidl_typesupport_fastrtps_cpp
[0.772s] [ 46%] Built target uuv_sensor_ros_plugins_msgs__rosidl_typesupport_c
[0.775s] [ 58%] Built target uuv_sensor_ros_plugins_msgs__rosidl_typesupport_fastrtps_c
[0.787s] [ 69%] Built target uuv_sensor_ros_plugins_msgs__rosidl_typesupport_cpp
[0.808s] [ 81%] Built target uuv_sensor_ros_plugins_msgs__rosidl_typesupport_introspection_c
[0.933s] [ 81%] Built target uuv_sensor_ros_plugins_msgs
[0.935s] [ 82%] Built target uuv_sensor_ros_plugins_msgs__py
[1.001s] [ 92%] Built target uuv_sensor_ros_plugins_msgs__rosidl_generator_py
[1.069s] [ 94%] Built target uuv_sensor_ros_plugins_msgs__rosidl_typesupport_introspection_c__pyext
[1.086s] [ 97%] Built target uuv_sensor_ros_plugins_msgs__rosidl_typesupport_fastrtps_c__pyext
[1.093s] [100%] Built target uuv_sensor_ros_plugins_msgs__rosidl_typesupport_c__pyext
[1.100s] running egg_info
[1.102s] writing uuv_sensor_ros_plugins_msgs.egg-info/PKG-INFO
[1.102s] writing dependency_links to uuv_sensor_ros_plugins_msgs.egg-info/dependency_links.txt
[1.102s] writing top-level names to uuv_sensor_ros_plugins_msgs.egg-info/top_level.txt
[1.106s] reading manifest file 'uuv_sensor_ros_plugins_msgs.egg-info/SOURCES.txt'
[1.107s] writing manifest file 'uuv_sensor_ros_plugins_msgs.egg-info/SOURCES.txt'
[1.149s] [100%] Built target ament_cmake_python_build_uuv_sensor_ros_plugins_msgs_egg
[1.300s] Invoked command in '/home/sunny/catkin_ws/build/uuv_sensor_ros_plugins_msgs' returned '0': CMAKE_PREFIX_PATH=${CMAKE_PREFIX_PATH}:/home/sunny/catkin_ws/install/beluga_adapter:/opt/ros/humble /usr/bin/cmake --build /home/sunny/catkin_ws/build/uuv_sensor_ros_plugins_msgs -- -j16 -l16
[1.694s] Invoking command in '/home/sunny/catkin_ws/build/uuv_sensor_ros_plugins_msgs': CMAKE_PREFIX_PATH=${CMAKE_PREFIX_PATH}:/home/sunny/catkin_ws/install/beluga_adapter:/opt/ros/humble /usr/bin/cmake --install /home/sunny/catkin_ws/build/uuv_sensor_ros_plugins_msgs
[1.704s] -- Install configuration: ""
[1.704s] -- Up-to-date: /home/sunny/catkin_ws/install/uuv_sensor_ros_plugins_msgs/share/ament_index/resource_index/rosidl_interfaces/uuv_sensor_ros_plugins_msgs
[1.704s] -- Up-to-date: /home/sunny/catkin_ws/install/uuv_sensor_ros_plugins_msgs/include/uuv_sensor_ros_plugins_msgs/uuv_sensor_ros_plugins_msgs
[1.704s] -- Up-to-date: /home/sunny/catkin_ws/install/uuv_sensor_ros_plugins_msgs/include/uuv_sensor_ros_plugins_msgs/uuv_sensor_ros_plugins_msgs/srv
[1.704s] -- Up-to-date: /home/sunny/catkin_ws/install/uuv_sensor_ros_plugins_msgs/include/uuv_sensor_ros_plugins_msgs/uuv_sensor_ros_plugins_msgs/srv/detail
[1.704s] -- Up-to-date: /home/sunny/catkin_ws/install/uuv_sensor_ros_plugins_msgs/include/uuv_sensor_ros_plugins_msgs/uuv_sensor_ros_plugins_msgs/srv/detail/change_sensor_state__functions.c
[1.705s] -- Up-to-date: /home/sunny/catkin_ws/install/uuv_sensor_ros_plugins_msgs/include/uuv_sensor_ros_plugins_msgs/uuv_sensor_ros_plugins_msgs/srv/detail/change_sensor_state__struct.h
[1.705s] -- Up-to-date: /home/sunny/catkin_ws/install/uuv_sensor_ros_plugins_msgs/include/uuv_sensor_ros_plugins_msgs/uuv_sensor_ros_plugins_msgs/srv/detail/change_sensor_state__functions.h
[1.705s] -- Up-to-date: /home/sunny/catkin_ws/install/uuv_sensor_ros_plugins_msgs/include/uuv_sensor_ros_plugins_msgs/uuv_sensor_ros_plugins_msgs/srv/detail/change_sensor_state__type_support.h
[1.705s] -- Up-to-date: /home/sunny/catkin_ws/install/uuv_sensor_ros_plugins_msgs/include/uuv_sensor_ros_plugins_msgs/uuv_sensor_ros_plugins_msgs/srv/change_sensor_state.h
[1.705s] -- Up-to-date: /home/sunny/catkin_ws/install/uuv_sensor_ros_plugins_msgs/include/uuv_sensor_ros_plugins_msgs/uuv_sensor_ros_plugins_msgs/msg
[1.706s] -- Up-to-date: /home/sunny/catkin_ws/install/uuv_sensor_ros_plugins_msgs/include/uuv_sensor_ros_plugins_msgs/uuv_sensor_ros_plugins_msgs/msg/detail
[1.706s] -- Up-to-date: /home/sunny/catkin_ws/install/uuv_sensor_ros_plugins_msgs/include/uuv_sensor_ros_plugins_msgs/uuv_sensor_ros_plugins_msgs/msg/detail/chemical_particle_concentration__type_support.h
[1.706s] -- Up-to-date: /home/sunny/catkin_ws/install/uuv_sensor_ros_plugins_msgs/include/uuv_sensor_ros_plugins_msgs/uuv_sensor_ros_plugins_msgs/msg/detail/dvl__functions.h
[1.706s] -- Up-to-date: /home/sunny/catkin_ws/install/uuv_sensor_ros_plugins_msgs/include/uuv_sensor_ros_plugins_msgs/uuv_sensor_ros_plugins_msgs/msg/detail/chemical_particle_concentration__functions.c
[1.707s] -- Up-to-date: /home/sunny/catkin_ws/install/uuv_sensor_ros_plugins_msgs/include/uuv_sensor_ros_plugins_msgs/uuv_sensor_ros_plugins_msgs/msg/detail/chemical_particle_concentration__struct.h
[1.707s] -- Up-to-date: /home/sunny/catkin_ws/install/uuv_sensor_ros_plugins_msgs/include/uuv_sensor_ros_plugins_msgs/uuv_sensor_ros_plugins_msgs/msg/detail/position_with_covariance__functions.c
[1.708s] -- Up-to-date: /home/sunny/catkin_ws/install/uuv_sensor_ros_plugins_msgs/include/uuv_sensor_ros_plugins_msgs/uuv_sensor_ros_plugins_msgs/msg/detail/chemical_particle_concentration__functions.h
[1.708s] -- Up-to-date: /home/sunny/catkin_ws/install/uuv_sensor_ros_plugins_msgs/include/uuv_sensor_ros_plugins_msgs/uuv_sensor_ros_plugins_msgs/msg/detail/position_with_covariance__type_support.h
[1.708s] -- Up-to-date: /home/sunny/catkin_ws/install/uuv_sensor_ros_plugins_msgs/include/uuv_sensor_ros_plugins_msgs/uuv_sensor_ros_plugins_msgs/msg/detail/dvl_beam__functions.c
[1.708s] -- Up-to-date: /home/sunny/catkin_ws/install/uuv_sensor_ros_plugins_msgs/include/uuv_sensor_ros_plugins_msgs/uuv_sensor_ros_plugins_msgs/msg/detail/position_with_covariance__struct.h
[1.708s] -- Up-to-date: /home/sunny/catkin_ws/install/uuv_sensor_ros_plugins_msgs/include/uuv_sensor_ros_plugins_msgs/uuv_sensor_ros_plugins_msgs/msg/detail/salinity__functions.h
[1.708s] -- Up-to-date: /home/sunny/catkin_ws/install/uuv_sensor_ros_plugins_msgs/include/uuv_sensor_ros_plugins_msgs/uuv_sensor_ros_plugins_msgs/msg/detail/salinity__functions.c
[1.708s] -- Up-to-date: /home/sunny/catkin_ws/install/uuv_sensor_ros_plugins_msgs/include/uuv_sensor_ros_plugins_msgs/uuv_sensor_ros_plugins_msgs/msg/detail/position_with_covariance_stamped__functions.h
[1.708s] -- Up-to-date: /home/sunny/catkin_ws/install/uuv_sensor_ros_plugins_msgs/include/uuv_sensor_ros_plugins_msgs/uuv_sensor_ros_plugins_msgs/msg/detail/position_with_covariance_stamped__type_support.h
[1.708s] -- Up-to-date: /home/sunny/catkin_ws/install/uuv_sensor_ros_plugins_msgs/include/uuv_sensor_ros_plugins_msgs/uuv_sensor_ros_plugins_msgs/msg/detail/dvl_beam__functions.h
[1.708s] -- Up-to-date: /home/sunny/catkin_ws/install/uuv_sensor_ros_plugins_msgs/include/uuv_sensor_ros_plugins_msgs/uuv_sensor_ros_plugins_msgs/msg/detail/dvl_beam__type_support.h
[1.709s] -- Up-to-date: /home/sunny/catkin_ws/install/uuv_sensor_ros_plugins_msgs/include/uuv_sensor_ros_plugins_msgs/uuv_sensor_ros_plugins_msgs/msg/detail/dvl__type_support.h
[1.709s] -- Up-to-date: /home/sunny/catkin_ws/install/uuv_sensor_ros_plugins_msgs/include/uuv_sensor_ros_plugins_msgs/uuv_sensor_ros_plugins_msgs/msg/detail/position_with_covariance_stamped__struct.h
[1.709s] -- Up-to-date: /home/sunny/catkin_ws/install/uuv_sensor_ros_plugins_msgs/include/uuv_sensor_ros_plugins_msgs/uuv_sensor_ros_plugins_msgs/msg/detail/dvl__struct.h
[1.709s] -- Up-to-date: /home/sunny/catkin_ws/install/uuv_sensor_ros_plugins_msgs/include/uuv_sensor_ros_plugins_msgs/uuv_sensor_ros_plugins_msgs/msg/detail/dvl__functions.c
[1.709s] -- Up-to-date: /home/sunny/catkin_ws/install/uuv_sensor_ros_plugins_msgs/include/uuv_sensor_ros_plugins_msgs/uuv_sensor_ros_plugins_msgs/msg/detail/salinity__struct.h
[1.709s] -- Up-to-date: /home/sunny/catkin_ws/install/uuv_sensor_ros_plugins_msgs/include/uuv_sensor_ros_plugins_msgs/uuv_sensor_ros_plugins_msgs/msg/detail/position_with_covariance__functions.h
[1.709s] -- Up-to-date: /home/sunny/catkin_ws/install/uuv_sensor_ros_plugins_msgs/include/uuv_sensor_ros_plugins_msgs/uuv_sensor_ros_plugins_msgs/msg/detail/dvl_beam__struct.h
[1.710s] -- Up-to-date: /home/sunny/catkin_ws/install/uuv_sensor_ros_plugins_msgs/include/uuv_sensor_ros_plugins_msgs/uuv_sensor_ros_plugins_msgs/msg/detail/salinity__type_support.h
[1.710s] -- Up-to-date: /home/sunny/catkin_ws/install/uuv_sensor_ros_plugins_msgs/include/uuv_sensor_ros_plugins_msgs/uuv_sensor_ros_plugins_msgs/msg/detail/position_with_covariance_stamped__functions.c
[1.710s] -- Up-to-date: /home/sunny/catkin_ws/install/uuv_sensor_ros_plugins_msgs/include/uuv_sensor_ros_plugins_msgs/uuv_sensor_ros_plugins_msgs/msg/position_with_covariance_stamped.h
[1.710s] -- Up-to-date: /home/sunny/catkin_ws/install/uuv_sensor_ros_plugins_msgs/include/uuv_sensor_ros_plugins_msgs/uuv_sensor_ros_plugins_msgs/msg/dvl.h
[1.710s] -- Up-to-date: /home/sunny/catkin_ws/install/uuv_sensor_ros_plugins_msgs/include/uuv_sensor_ros_plugins_msgs/uuv_sensor_ros_plugins_msgs/msg/dvl_beam.h
[1.711s] -- Up-to-date: /home/sunny/catkin_ws/install/uuv_sensor_ros_plugins_msgs/include/uuv_sensor_ros_plugins_msgs/uuv_sensor_ros_plugins_msgs/msg/chemical_particle_concentration.h
[1.711s] -- Up-to-date: /home/sunny/catkin_ws/install/uuv_sensor_ros_plugins_msgs/include/uuv_sensor_ros_plugins_msgs/uuv_sensor_ros_plugins_msgs/msg/rosidl_generator_c__visibility_control.h
[1.711s] -- Up-to-date: /home/sunny/catkin_ws/install/uuv_sensor_ros_plugins_msgs/include/uuv_sensor_ros_plugins_msgs/uuv_sensor_ros_plugins_msgs/msg/position_with_covariance.h
[1.711s] -- Up-to-date: /home/sunny/catkin_ws/install/uuv_sensor_ros_plugins_msgs/include/uuv_sensor_ros_plugins_msgs/uuv_sensor_ros_plugins_msgs/msg/salinity.h
[1.711s] -- Up-to-date: /home/sunny/catkin_ws/install/uuv_sensor_ros_plugins_msgs/share/uuv_sensor_ros_plugins_msgs/environment/library_path.sh
[1.711s] -- Up-to-date: /home/sunny/catkin_ws/install/uuv_sensor_ros_plugins_msgs/share/uuv_sensor_ros_plugins_msgs/environment/library_path.dsv
[1.711s] -- Up-to-date: /home/sunny/catkin_ws/install/uuv_sensor_ros_plugins_msgs/lib/libuuv_sensor_ros_plugins_msgs__rosidl_generator_c.so
[1.711s] -- Up-to-date: /home/sunny/catkin_ws/install/uuv_sensor_ros_plugins_msgs/include/uuv_sensor_ros_plugins_msgs/uuv_sensor_ros_plugins_msgs
[1.712s] -- Up-to-date: /home/sunny/catkin_ws/install/uuv_sensor_ros_plugins_msgs/include/uuv_sensor_ros_plugins_msgs/uuv_sensor_ros_plugins_msgs/srv
[1.712s] -- Up-to-date: /home/sunny/catkin_ws/install/uuv_sensor_ros_plugins_msgs/include/uuv_sensor_ros_plugins_msgs/uuv_sensor_ros_plugins_msgs/srv/detail
[1.713s] -- Up-to-date: /home/sunny/catkin_ws/install/uuv_sensor_ros_plugins_msgs/include/uuv_sensor_ros_plugins_msgs/uuv_sensor_ros_plugins_msgs/srv/detail/change_sensor_state__rosidl_typesupport_fastrtps_c.h
[1.713s] -- Up-to-date: /home/sunny/catkin_ws/install/uuv_sensor_ros_plugins_msgs/include/uuv_sensor_ros_plugins_msgs/uuv_sensor_ros_plugins_msgs/msg
[1.713s] -- Up-to-date: /home/sunny/catkin_ws/install/uuv_sensor_ros_plugins_msgs/include/uuv_sensor_ros_plugins_msgs/uuv_sensor_ros_plugins_msgs/msg/detail
[1.713s] -- Up-to-date: /home/sunny/catkin_ws/install/uuv_sensor_ros_plugins_msgs/include/uuv_sensor_ros_plugins_msgs/uuv_sensor_ros_plugins_msgs/msg/detail/position_with_covariance__rosidl_typesupport_fastrtps_c.h
[1.713s] -- Up-to-date: /home/sunny/catkin_ws/install/uuv_sensor_ros_plugins_msgs/include/uuv_sensor_ros_plugins_msgs/uuv_sensor_ros_plugins_msgs/msg/detail/chemical_particle_concentration__rosidl_typesupport_fastrtps_c.h
[1.713s] -- Up-to-date: /home/sunny/catkin_ws/install/uuv_sensor_ros_plugins_msgs/include/uuv_sensor_ros_plugins_msgs/uuv_sensor_ros_plugins_msgs/msg/detail/dvl__rosidl_typesupport_fastrtps_c.h
[1.713s] -- Up-to-date: /home/sunny/catkin_ws/install/uuv_sensor_ros_plugins_msgs/include/uuv_sensor_ros_plugins_msgs/uuv_sensor_ros_plugins_msgs/msg/detail/dvl_beam__rosidl_typesupport_fastrtps_c.h
[1.714s] -- Up-to-date: /home/sunny/catkin_ws/install/uuv_sensor_ros_plugins_msgs/include/uuv_sensor_ros_plugins_msgs/uuv_sensor_ros_plugins_msgs/msg/detail/salinity__rosidl_typesupport_fastrtps_c.h
[1.714s] -- Up-to-date: /home/sunny/catkin_ws/install/uuv_sensor_ros_plugins_msgs/include/uuv_sensor_ros_plugins_msgs/uuv_sensor_ros_plugins_msgs/msg/detail/position_with_covariance_stamped__rosidl_typesupport_fastrtps_c.h
[1.714s] -- Up-to-date: /home/sunny/catkin_ws/install/uuv_sensor_ros_plugins_msgs/include/uuv_sensor_ros_plugins_msgs/uuv_sensor_ros_plugins_msgs/msg/rosidl_typesupport_fastrtps_c__visibility_control.h
[1.714s] -- Up-to-date: /home/sunny/catkin_ws/install/uuv_sensor_ros_plugins_msgs/lib/libuuv_sensor_ros_plugins_msgs__rosidl_typesupport_fastrtps_c.so
[1.716s] -- Up-to-date: /home/sunny/catkin_ws/install/uuv_sensor_ros_plugins_msgs/include/uuv_sensor_ros_plugins_msgs/uuv_sensor_ros_plugins_msgs
[1.716s] -- Up-to-date: /home/sunny/catkin_ws/install/uuv_sensor_ros_plugins_msgs/include/uuv_sensor_ros_plugins_msgs/uuv_sensor_ros_plugins_msgs/srv
[1.716s] -- Up-to-date: /home/sunny/catkin_ws/install/uuv_sensor_ros_plugins_msgs/include/uuv_sensor_ros_plugins_msgs/uuv_sensor_ros_plugins_msgs/srv/detail
[1.716s] -- Up-to-date: /home/sunny/catkin_ws/install/uuv_sensor_ros_plugins_msgs/include/uuv_sensor_ros_plugins_msgs/uuv_sensor_ros_plugins_msgs/srv/detail/change_sensor_state__builder.hpp
[1.716s] -- Up-to-date: /home/sunny/catkin_ws/install/uuv_sensor_ros_plugins_msgs/include/uuv_sensor_ros_plugins_msgs/uuv_sensor_ros_plugins_msgs/srv/detail/change_sensor_state__traits.hpp
[1.717s] -- Up-to-date: /home/sunny/catkin_ws/install/uuv_sensor_ros_plugins_msgs/include/uuv_sensor_ros_plugins_msgs/uuv_sensor_ros_plugins_msgs/srv/detail/change_sensor_state__struct.hpp
[1.717s] -- Up-to-date: /home/sunny/catkin_ws/install/uuv_sensor_ros_plugins_msgs/include/uuv_sensor_ros_plugins_msgs/uuv_sensor_ros_plugins_msgs/srv/change_sensor_state.hpp
[1.717s] -- Up-to-date: /home/sunny/catkin_ws/install/uuv_sensor_ros_plugins_msgs/include/uuv_sensor_ros_plugins_msgs/uuv_sensor_ros_plugins_msgs/msg
[1.717s] -- Up-to-date: /home/sunny/catkin_ws/install/uuv_sensor_ros_plugins_msgs/include/uuv_sensor_ros_plugins_msgs/uuv_sensor_ros_plugins_msgs/msg/chemical_particle_concentration.hpp
[1.717s] -- Up-to-date: /home/sunny/catkin_ws/install/uuv_sensor_ros_plugins_msgs/include/uuv_sensor_ros_plugins_msgs/uuv_sensor_ros_plugins_msgs/msg/dvl_beam.hpp
[1.718s] -- Up-to-date: /home/sunny/catkin_ws/install/uuv_sensor_ros_plugins_msgs/include/uuv_sensor_ros_plugins_msgs/uuv_sensor_ros_plugins_msgs/msg/detail
[1.718s] -- Up-to-date: /home/sunny/catkin_ws/install/uuv_sensor_ros_plugins_msgs/include/uuv_sensor_ros_plugins_msgs/uuv_sensor_ros_plugins_msgs/msg/detail/position_with_covariance_stamped__struct.hpp
[1.718s] -- Up-to-date: /home/sunny/catkin_ws/install/uuv_sensor_ros_plugins_msgs/include/uuv_sensor_ros_plugins_msgs/uuv_sensor_ros_plugins_msgs/msg/detail/dvl_beam__struct.hpp
[1.718s] -- Up-to-date: /home/sunny/catkin_ws/install/uuv_sensor_ros_plugins_msgs/include/uuv_sensor_ros_plugins_msgs/uuv_sensor_ros_plugins_msgs/msg/detail/position_with_covariance__traits.hpp
[1.718s] -- Up-to-date: /home/sunny/catkin_ws/install/uuv_sensor_ros_plugins_msgs/include/uuv_sensor_ros_plugins_msgs/uuv_sensor_ros_plugins_msgs/msg/detail/chemical_particle_concentration__traits.hpp
[1.718s] -- Up-to-date: /home/sunny/catkin_ws/install/uuv_sensor_ros_plugins_msgs/include/uuv_sensor_ros_plugins_msgs/uuv_sensor_ros_plugins_msgs/msg/detail/dvl__builder.hpp
[1.718s] -- Up-to-date: /home/sunny/catkin_ws/install/uuv_sensor_ros_plugins_msgs/include/uuv_sensor_ros_plugins_msgs/uuv_sensor_ros_plugins_msgs/msg/detail/dvl__struct.hpp
[1.719s] -- Up-to-date: /home/sunny/catkin_ws/install/uuv_sensor_ros_plugins_msgs/include/uuv_sensor_ros_plugins_msgs/uuv_sensor_ros_plugins_msgs/msg/detail/dvl_beam__traits.hpp
[1.719s] -- Up-to-date: /home/sunny/catkin_ws/install/uuv_sensor_ros_plugins_msgs/include/uuv_sensor_ros_plugins_msgs/uuv_sensor_ros_plugins_msgs/msg/detail/position_with_covariance__struct.hpp
[1.719s] -- Up-to-date: /home/sunny/catkin_ws/install/uuv_sensor_ros_plugins_msgs/include/uuv_sensor_ros_plugins_msgs/uuv_sensor_ros_plugins_msgs/msg/detail/position_with_covariance__builder.hpp
[1.719s] -- Up-to-date: /home/sunny/catkin_ws/install/uuv_sensor_ros_plugins_msgs/include/uuv_sensor_ros_plugins_msgs/uuv_sensor_ros_plugins_msgs/msg/detail/position_with_covariance_stamped__builder.hpp
[1.719s] -- Up-to-date: /home/sunny/catkin_ws/install/uuv_sensor_ros_plugins_msgs/include/uuv_sensor_ros_plugins_msgs/uuv_sensor_ros_plugins_msgs/msg/detail/salinity__builder.hpp
[1.719s] -- Up-to-date: /home/sunny/catkin_ws/install/uuv_sensor_ros_plugins_msgs/include/uuv_sensor_ros_plugins_msgs/uuv_sensor_ros_plugins_msgs/msg/detail/salinity__struct.hpp
[1.719s] -- Up-to-date: /home/sunny/catkin_ws/install/uuv_sensor_ros_plugins_msgs/include/uuv_sensor_ros_plugins_msgs/uuv_sensor_ros_plugins_msgs/msg/detail/dvl__traits.hpp
[1.719s] -- Up-to-date: /home/sunny/catkin_ws/install/uuv_sensor_ros_plugins_msgs/include/uuv_sensor_ros_plugins_msgs/uuv_sensor_ros_plugins_msgs/msg/detail/position_with_covariance_stamped__traits.hpp
[1.719s] -- Up-to-date: /home/sunny/catkin_ws/install/uuv_sensor_ros_plugins_msgs/include/uuv_sensor_ros_plugins_msgs/uuv_sensor_ros_plugins_msgs/msg/detail/chemical_particle_concentration__builder.hpp
[1.720s] -- Up-to-date: /home/sunny/catkin_ws/install/uuv_sensor_ros_plugins_msgs/include/uuv_sensor_ros_plugins_msgs/uuv_sensor_ros_plugins_msgs/msg/detail/salinity__traits.hpp
[1.720s] -- Up-to-date: /home/sunny/catkin_ws/install/uuv_sensor_ros_plugins_msgs/include/uuv_sensor_ros_plugins_msgs/uuv_sensor_ros_plugins_msgs/msg/detail/dvl_beam__builder.hpp
[1.720s] -- Up-to-date: /home/sunny/catkin_ws/install/uuv_sensor_ros_plugins_msgs/include/uuv_sensor_ros_plugins_msgs/uuv_sensor_ros_plugins_msgs/msg/detail/chemical_particle_concentration__struct.hpp
[1.720s] -- Up-to-date: /home/sunny/catkin_ws/install/uuv_sensor_ros_plugins_msgs/include/uuv_sensor_ros_plugins_msgs/uuv_sensor_ros_plugins_msgs/msg/salinity.hpp
[1.721s] -- Up-to-date: /home/sunny/catkin_ws/install/uuv_sensor_ros_plugins_msgs/include/uuv_sensor_ros_plugins_msgs/uuv_sensor_ros_plugins_msgs/msg/dvl.hpp
[1.721s] -- Up-to-date: /home/sunny/catkin_ws/install/uuv_sensor_ros_plugins_msgs/include/uuv_sensor_ros_plugins_msgs/uuv_sensor_ros_plugins_msgs/msg/position_with_covariance_stamped.hpp
[1.721s] -- Up-to-date: /home/sunny/catkin_ws/install/uuv_sensor_ros_plugins_msgs/include/uuv_sensor_ros_plugins_msgs/uuv_sensor_ros_plugins_msgs/msg/position_with_covariance.hpp
[1.721s] -- Up-to-date: /home/sunny/catkin_ws/install/uuv_sensor_ros_plugins_msgs/include/uuv_sensor_ros_plugins_msgs/uuv_sensor_ros_plugins_msgs
[1.721s] -- Up-to-date: /home/sunny/catkin_ws/install/uuv_sensor_ros_plugins_msgs/include/uuv_sensor_ros_plugins_msgs/uuv_sensor_ros_plugins_msgs/srv
[1.721s] -- Up-to-date: /home/sunny/catkin_ws/install/uuv_sensor_ros_plugins_msgs/include/uuv_sensor_ros_plugins_msgs/uuv_sensor_ros_plugins_msgs/srv/detail
[1.721s] -- Up-to-date: /home/sunny/catkin_ws/install/uuv_sensor_ros_plugins_msgs/include/uuv_sensor_ros_plugins_msgs/uuv_sensor_ros_plugins_msgs/srv/detail/change_sensor_state__rosidl_typesupport_fastrtps_cpp.hpp
[1.721s] -- Up-to-date: /home/sunny/catkin_ws/install/uuv_sensor_ros_plugins_msgs/include/uuv_sensor_ros_plugins_msgs/uuv_sensor_ros_plugins_msgs/srv/detail/dds_fastrtps
[1.721s] -- Up-to-date: /home/sunny/catkin_ws/install/uuv_sensor_ros_plugins_msgs/include/uuv_sensor_ros_plugins_msgs/uuv_sensor_ros_plugins_msgs/msg
[1.722s] -- Up-to-date: /home/sunny/catkin_ws/install/uuv_sensor_ros_plugins_msgs/include/uuv_sensor_ros_plugins_msgs/uuv_sensor_ros_plugins_msgs/msg/detail
[1.722s] -- Up-to-date: /home/sunny/catkin_ws/install/uuv_sensor_ros_plugins_msgs/include/uuv_sensor_ros_plugins_msgs/uuv_sensor_ros_plugins_msgs/msg/detail/position_with_covariance_stamped__rosidl_typesupport_fastrtps_cpp.hpp
[1.722s] -- Up-to-date: /home/sunny/catkin_ws/install/uuv_sensor_ros_plugins_msgs/include/uuv_sensor_ros_plugins_msgs/uuv_sensor_ros_plugins_msgs/msg/detail/salinity__rosidl_typesupport_fastrtps_cpp.hpp
[1.722s] -- Up-to-date: /home/sunny/catkin_ws/install/uuv_sensor_ros_plugins_msgs/include/uuv_sensor_ros_plugins_msgs/uuv_sensor_ros_plugins_msgs/msg/detail/dvl_beam__rosidl_typesupport_fastrtps_cpp.hpp
[1.722s] -- Up-to-date: /home/sunny/catkin_ws/install/uuv_sensor_ros_plugins_msgs/include/uuv_sensor_ros_plugins_msgs/uuv_sensor_ros_plugins_msgs/msg/detail/chemical_particle_concentration__rosidl_typesupport_fastrtps_cpp.hpp
[1.722s] -- Up-to-date: /home/sunny/catkin_ws/install/uuv_sensor_ros_plugins_msgs/include/uuv_sensor_ros_plugins_msgs/uuv_sensor_ros_plugins_msgs/msg/detail/dvl__rosidl_typesupport_fastrtps_cpp.hpp
[1.722s] -- Up-to-date: /home/sunny/catkin_ws/install/uuv_sensor_ros_plugins_msgs/include/uuv_sensor_ros_plugins_msgs/uuv_sensor_ros_plugins_msgs/msg/detail/dds_fastrtps
[1.722s] -- Up-to-date: /home/sunny/catkin_ws/install/uuv_sensor_ros_plugins_msgs/include/uuv_sensor_ros_plugins_msgs/uuv_sensor_ros_plugins_msgs/msg/detail/position_with_covariance__rosidl_typesupport_fastrtps_cpp.hpp
[1.723s] -- Up-to-date: /home/sunny/catkin_ws/install/uuv_sensor_ros_plugins_msgs/include/uuv_sensor_ros_plugins_msgs/uuv_sensor_ros_plugins_msgs/msg/rosidl_typesupport_fastrtps_cpp__visibility_control.h
[1.723s] -- Up-to-date: /home/sunny/catkin_ws/install/uuv_sensor_ros_plugins_msgs/lib/libuuv_sensor_ros_plugins_msgs__rosidl_typesupport_fastrtps_cpp.so
[1.723s] -- Up-to-date: /home/sunny/catkin_ws/install/uuv_sensor_ros_plugins_msgs/include/uuv_sensor_ros_plugins_msgs/uuv_sensor_ros_plugins_msgs
[1.724s] -- Up-to-date: /home/sunny/catkin_ws/install/uuv_sensor_ros_plugins_msgs/include/uuv_sensor_ros_plugins_msgs/uuv_sensor_ros_plugins_msgs/srv
[1.724s] -- Up-to-date: /home/sunny/catkin_ws/install/uuv_sensor_ros_plugins_msgs/include/uuv_sensor_ros_plugins_msgs/uuv_sensor_ros_plugins_msgs/srv/detail
[1.724s] -- Up-to-date: /home/sunny/catkin_ws/install/uuv_sensor_ros_plugins_msgs/include/uuv_sensor_ros_plugins_msgs/uuv_sensor_ros_plugins_msgs/srv/detail/change_sensor_state__rosidl_typesupport_introspection_c.h
[1.724s] -- Up-to-date: /home/sunny/catkin_ws/install/uuv_sensor_ros_plugins_msgs/include/uuv_sensor_ros_plugins_msgs/uuv_sensor_ros_plugins_msgs/srv/detail/change_sensor_state__type_support.c
[1.724s] -- Up-to-date: /home/sunny/catkin_ws/install/uuv_sensor_ros_plugins_msgs/include/uuv_sensor_ros_plugins_msgs/uuv_sensor_ros_plugins_msgs/msg
[1.725s] -- Up-to-date: /home/sunny/catkin_ws/install/uuv_sensor_ros_plugins_msgs/include/uuv_sensor_ros_plugins_msgs/uuv_sensor_ros_plugins_msgs/msg/rosidl_typesupport_introspection_c__visibility_control.h
[1.725s] -- Up-to-date: /home/sunny/catkin_ws/install/uuv_sensor_ros_plugins_msgs/include/uuv_sensor_ros_plugins_msgs/uuv_sensor_ros_plugins_msgs/msg/detail
[1.725s] -- Up-to-date: /home/sunny/catkin_ws/install/uuv_sensor_ros_plugins_msgs/include/uuv_sensor_ros_plugins_msgs/uuv_sensor_ros_plugins_msgs/msg/detail/position_with_covariance_stamped__type_support.c
[1.725s] -- Up-to-date: /home/sunny/catkin_ws/install/uuv_sensor_ros_plugins_msgs/include/uuv_sensor_ros_plugins_msgs/uuv_sensor_ros_plugins_msgs/msg/detail/dvl_beam__type_support.c
[1.725s] -- Up-to-date: /home/sunny/catkin_ws/install/uuv_sensor_ros_plugins_msgs/include/uuv_sensor_ros_plugins_msgs/uuv_sensor_ros_plugins_msgs/msg/detail/dvl__rosidl_typesupport_introspection_c.h
[1.725s] -- Up-to-date: /home/sunny/catkin_ws/install/uuv_sensor_ros_plugins_msgs/include/uuv_sensor_ros_plugins_msgs/uuv_sensor_ros_plugins_msgs/msg/detail/salinity__type_support.c
[1.725s] -- Up-to-date: /home/sunny/catkin_ws/install/uuv_sensor_ros_plugins_msgs/include/uuv_sensor_ros_plugins_msgs/uuv_sensor_ros_plugins_msgs/msg/detail/position_with_covariance__rosidl_typesupport_introspection_c.h
[1.725s] -- Up-to-date: /home/sunny/catkin_ws/install/uuv_sensor_ros_plugins_msgs/include/uuv_sensor_ros_plugins_msgs/uuv_sensor_ros_plugins_msgs/msg/detail/chemical_particle_concentration__rosidl_typesupport_introspection_c.h
[1.727s] -- Up-to-date: /home/sunny/catkin_ws/install/uuv_sensor_ros_plugins_msgs/include/uuv_sensor_ros_plugins_msgs/uuv_sensor_ros_plugins_msgs/msg/detail/salinity__rosidl_typesupport_introspection_c.h
[1.727s] -- Up-to-date: /home/sunny/catkin_ws/install/uuv_sensor_ros_plugins_msgs/include/uuv_sensor_ros_plugins_msgs/uuv_sensor_ros_plugins_msgs/msg/detail/dvl_beam__rosidl_typesupport_introspection_c.h
[1.727s] -- Up-to-date: /home/sunny/catkin_ws/install/uuv_sensor_ros_plugins_msgs/include/uuv_sensor_ros_plugins_msgs/uuv_sensor_ros_plugins_msgs/msg/detail/position_with_covariance__type_support.c
[1.727s] -- Up-to-date: /home/sunny/catkin_ws/install/uuv_sensor_ros_plugins_msgs/include/uuv_sensor_ros_plugins_msgs/uuv_sensor_ros_plugins_msgs/msg/detail/position_with_covariance_stamped__rosidl_typesupport_introspection_c.h
[1.728s] -- Up-to-date: /home/sunny/catkin_ws/install/uuv_sensor_ros_plugins_msgs/include/uuv_sensor_ros_plugins_msgs/uuv_sensor_ros_plugins_msgs/msg/detail/chemical_particle_concentration__type_support.c
[1.728s] -- Up-to-date: /home/sunny/catkin_ws/install/uuv_sensor_ros_plugins_msgs/include/uuv_sensor_ros_plugins_msgs/uuv_sensor_ros_plugins_msgs/msg/detail/dvl__type_support.c
[1.728s] -- Up-to-date: /home/sunny/catkin_ws/install/uuv_sensor_ros_plugins_msgs/lib/libuuv_sensor_ros_plugins_msgs__rosidl_typesupport_introspection_c.so
[1.728s] -- Up-to-date: /home/sunny/catkin_ws/install/uuv_sensor_ros_plugins_msgs/lib/libuuv_sensor_ros_plugins_msgs__rosidl_typesupport_c.so
[1.728s] -- Up-to-date: /home/sunny/catkin_ws/install/uuv_sensor_ros_plugins_msgs/include/uuv_sensor_ros_plugins_msgs/uuv_sensor_ros_plugins_msgs
[1.728s] -- Up-to-date: /home/sunny/catkin_ws/install/uuv_sensor_ros_plugins_msgs/include/uuv_sensor_ros_plugins_msgs/uuv_sensor_ros_plugins_msgs/srv
[1.729s] -- Up-to-date: /home/sunny/catkin_ws/install/uuv_sensor_ros_plugins_msgs/include/uuv_sensor_ros_plugins_msgs/uuv_sensor_ros_plugins_msgs/srv/detail
[1.729s] -- Up-to-date: /home/sunny/catkin_ws/install/uuv_sensor_ros_plugins_msgs/include/uuv_sensor_ros_plugins_msgs/uuv_sensor_ros_plugins_msgs/srv/detail/change_sensor_state__type_support.cpp
[1.730s] -- Up-to-date: /home/sunny/catkin_ws/install/uuv_sensor_ros_plugins_msgs/include/uuv_sensor_ros_plugins_msgs/uuv_sensor_ros_plugins_msgs/srv/detail/change_sensor_state__rosidl_typesupport_introspection_cpp.hpp
[1.730s] -- Up-to-date: /home/sunny/catkin_ws/install/uuv_sensor_ros_plugins_msgs/include/uuv_sensor_ros_plugins_msgs/uuv_sensor_ros_plugins_msgs/msg
[1.730s] -- Up-to-date: /home/sunny/catkin_ws/install/uuv_sensor_ros_plugins_msgs/include/uuv_sensor_ros_plugins_msgs/uuv_sensor_ros_plugins_msgs/msg/detail
[1.730s] -- Up-to-date: /home/sunny/catkin_ws/install/uuv_sensor_ros_plugins_msgs/include/uuv_sensor_ros_plugins_msgs/uuv_sensor_ros_plugins_msgs/msg/detail/chemical_particle_concentration__type_support.cpp
[1.730s] -- Up-to-date: /home/sunny/catkin_ws/install/uuv_sensor_ros_plugins_msgs/include/uuv_sensor_ros_plugins_msgs/uuv_sensor_ros_plugins_msgs/msg/detail/dvl__rosidl_typesupport_introspection_cpp.hpp
[1.730s] -- Up-to-date: /home/sunny/catkin_ws/install/uuv_sensor_ros_plugins_msgs/include/uuv_sensor_ros_plugins_msgs/uuv_sensor_ros_plugins_msgs/msg/detail/position_with_covariance_stamped__type_support.cpp
[1.730s] -- Up-to-date: /home/sunny/catkin_ws/install/uuv_sensor_ros_plugins_msgs/include/uuv_sensor_ros_plugins_msgs/uuv_sensor_ros_plugins_msgs/msg/detail/salinity__type_support.cpp
[1.731s] -- Up-to-date: /home/sunny/catkin_ws/install/uuv_sensor_ros_plugins_msgs/include/uuv_sensor_ros_plugins_msgs/uuv_sensor_ros_plugins_msgs/msg/detail/salinity__rosidl_typesupport_introspection_cpp.hpp
[1.731s] -- Up-to-date: /home/sunny/catkin_ws/install/uuv_sensor_ros_plugins_msgs/include/uuv_sensor_ros_plugins_msgs/uuv_sensor_ros_plugins_msgs/msg/detail/position_with_covariance_stamped__rosidl_typesupport_introspection_cpp.hpp
[1.731s] -- Up-to-date: /home/sunny/catkin_ws/install/uuv_sensor_ros_plugins_msgs/include/uuv_sensor_ros_plugins_msgs/uuv_sensor_ros_plugins_msgs/msg/detail/position_with_covariance__type_support.cpp
[1.731s] -- Up-to-date: /home/sunny/catkin_ws/install/uuv_sensor_ros_plugins_msgs/include/uuv_sensor_ros_plugins_msgs/uuv_sensor_ros_plugins_msgs/msg/detail/dvl_beam__type_support.cpp
[1.731s] -- Up-to-date: /home/sunny/catkin_ws/install/uuv_sensor_ros_plugins_msgs/include/uuv_sensor_ros_plugins_msgs/uuv_sensor_ros_plugins_msgs/msg/detail/chemical_particle_concentration__rosidl_typesupport_introspection_cpp.hpp
[1.731s] -- Up-to-date: /home/sunny/catkin_ws/install/uuv_sensor_ros_plugins_msgs/include/uuv_sensor_ros_plugins_msgs/uuv_sensor_ros_plugins_msgs/msg/detail/dvl__type_support.cpp
[1.731s] -- Up-to-date: /home/sunny/catkin_ws/install/uuv_sensor_ros_plugins_msgs/include/uuv_sensor_ros_plugins_msgs/uuv_sensor_ros_plugins_msgs/msg/detail/dvl_beam__rosidl_typesupport_introspection_cpp.hpp
[1.731s] -- Up-to-date: /home/sunny/catkin_ws/install/uuv_sensor_ros_plugins_msgs/include/uuv_sensor_ros_plugins_msgs/uuv_sensor_ros_plugins_msgs/msg/detail/position_with_covariance__rosidl_typesupport_introspection_cpp.hpp
[1.732s] -- Up-to-date: /home/sunny/catkin_ws/install/uuv_sensor_ros_plugins_msgs/lib/libuuv_sensor_ros_plugins_msgs__rosidl_typesupport_introspection_cpp.so
[1.732s] -- Up-to-date: /home/sunny/catkin_ws/install/uuv_sensor_ros_plugins_msgs/lib/libuuv_sensor_ros_plugins_msgs__rosidl_typesupport_cpp.so
[1.732s] -- Up-to-date: /home/sunny/catkin_ws/install/uuv_sensor_ros_plugins_msgs/share/uuv_sensor_ros_plugins_msgs/environment/pythonpath.sh
[1.732s] -- Up-to-date: /home/sunny/catkin_ws/install/uuv_sensor_ros_plugins_msgs/share/uuv_sensor_ros_plugins_msgs/environment/pythonpath.dsv
[1.732s] -- Up-to-date: /home/sunny/catkin_ws/install/uuv_sensor_ros_plugins_msgs/local/lib/python3.10/dist-packages/uuv_sensor_ros_plugins_msgs-0.6.13-py3.10.egg-info
[1.732s] -- Installing: /home/sunny/catkin_ws/install/uuv_sensor_ros_plugins_msgs/local/lib/python3.10/dist-packages/uuv_sensor_ros_plugins_msgs-0.6.13-py3.10.egg-info/PKG-INFO
[1.732s] -- Installing: /home/sunny/catkin_ws/install/uuv_sensor_ros_plugins_msgs/local/lib/python3.10/dist-packages/uuv_sensor_ros_plugins_msgs-0.6.13-py3.10.egg-info/SOURCES.txt
[1.732s] -- Installing: /home/sunny/catkin_ws/install/uuv_sensor_ros_plugins_msgs/local/lib/python3.10/dist-packages/uuv_sensor_ros_plugins_msgs-0.6.13-py3.10.egg-info/top_level.txt
[1.732s] -- Installing: /home/sunny/catkin_ws/install/uuv_sensor_ros_plugins_msgs/local/lib/python3.10/dist-packages/uuv_sensor_ros_plugins_msgs-0.6.13-py3.10.egg-info/dependency_links.txt
[1.733s] -- Up-to-date: /home/sunny/catkin_ws/install/uuv_sensor_ros_plugins_msgs/local/lib/python3.10/dist-packages/uuv_sensor_ros_plugins_msgs
[1.733s] -- Up-to-date: /home/sunny/catkin_ws/install/uuv_sensor_ros_plugins_msgs/local/lib/python3.10/dist-packages/uuv_sensor_ros_plugins_msgs/__init__.py
[1.733s] -- Up-to-date: /home/sunny/catkin_ws/install/uuv_sensor_ros_plugins_msgs/local/lib/python3.10/dist-packages/uuv_sensor_ros_plugins_msgs/_uuv_sensor_ros_plugins_msgs_s.ep.rosidl_typesupport_c.c
[1.733s] -- Up-to-date: /home/sunny/catkin_ws/install/uuv_sensor_ros_plugins_msgs/local/lib/python3.10/dist-packages/uuv_sensor_ros_plugins_msgs/srv
[1.733s] -- Up-to-date: /home/sunny/catkin_ws/install/uuv_sensor_ros_plugins_msgs/local/lib/python3.10/dist-packages/uuv_sensor_ros_plugins_msgs/srv/__init__.py
[1.733s] -- Up-to-date: /home/sunny/catkin_ws/install/uuv_sensor_ros_plugins_msgs/local/lib/python3.10/dist-packages/uuv_sensor_ros_plugins_msgs/srv/_change_sensor_state.py
[1.734s] -- Up-to-date: /home/sunny/catkin_ws/install/uuv_sensor_ros_plugins_msgs/local/lib/python3.10/dist-packages/uuv_sensor_ros_plugins_msgs/srv/_change_sensor_state_s.c
[1.734s] -- Up-to-date: /home/sunny/catkin_ws/install/uuv_sensor_ros_plugins_msgs/local/lib/python3.10/dist-packages/uuv_sensor_ros_plugins_msgs/uuv_sensor_ros_plugins_msgs_s__rosidl_typesupport_fastrtps_c.cpython-310-x86_64-linux-gnu.so
[1.734s] -- Up-to-date: /home/sunny/catkin_ws/install/uuv_sensor_ros_plugins_msgs/local/lib/python3.10/dist-packages/uuv_sensor_ros_plugins_msgs/_uuv_sensor_ros_plugins_msgs_s.ep.rosidl_typesupport_fastrtps_c.c
[1.734s] -- Up-to-date: /home/sunny/catkin_ws/install/uuv_sensor_ros_plugins_msgs/local/lib/python3.10/dist-packages/uuv_sensor_ros_plugins_msgs/uuv_sensor_ros_plugins_msgs_s__rosidl_typesupport_introspection_c.cpython-310-x86_64-linux-gnu.so
[1.734s] -- Up-to-date: /home/sunny/catkin_ws/install/uuv_sensor_ros_plugins_msgs/local/lib/python3.10/dist-packages/uuv_sensor_ros_plugins_msgs/uuv_sensor_ros_plugins_msgs_s__rosidl_typesupport_c.cpython-310-x86_64-linux-gnu.so
[1.734s] -- Up-to-date: /home/sunny/catkin_ws/install/uuv_sensor_ros_plugins_msgs/local/lib/python3.10/dist-packages/uuv_sensor_ros_plugins_msgs/msg
[1.734s] -- Up-to-date: /home/sunny/catkin_ws/install/uuv_sensor_ros_plugins_msgs/local/lib/python3.10/dist-packages/uuv_sensor_ros_plugins_msgs/msg/__init__.py
[1.734s] -- Up-to-date: /home/sunny/catkin_ws/install/uuv_sensor_ros_plugins_msgs/local/lib/python3.10/dist-packages/uuv_sensor_ros_plugins_msgs/msg/_position_with_covariance_stamped_s.c
[1.735s] -- Up-to-date: /home/sunny/catkin_ws/install/uuv_sensor_ros_plugins_msgs/local/lib/python3.10/dist-packages/uuv_sensor_ros_plugins_msgs/msg/_dvl_s.c
[1.735s] -- Up-to-date: /home/sunny/catkin_ws/install/uuv_sensor_ros_plugins_msgs/local/lib/python3.10/dist-packages/uuv_sensor_ros_plugins_msgs/msg/_chemical_particle_concentration_s.c
[1.735s] -- Up-to-date: /home/sunny/catkin_ws/install/uuv_sensor_ros_plugins_msgs/local/lib/python3.10/dist-packages/uuv_sensor_ros_plugins_msgs/msg/_salinity.py
[1.735s] -- Up-to-date: /home/sunny/catkin_ws/install/uuv_sensor_ros_plugins_msgs/local/lib/python3.10/dist-packages/uuv_sensor_ros_plugins_msgs/msg/_dvl_beam.py
[1.735s] -- Up-to-date: /home/sunny/catkin_ws/install/uuv_sensor_ros_plugins_msgs/local/lib/python3.10/dist-packages/uuv_sensor_ros_plugins_msgs/msg/_position_with_covariance_s.c
[1.735s] -- Up-to-date: /home/sunny/catkin_ws/install/uuv_sensor_ros_plugins_msgs/local/lib/python3.10/dist-packages/uuv_sensor_ros_plugins_msgs/msg/_position_with_covariance.py
[1.735s] -- Up-to-date: /home/sunny/catkin_ws/install/uuv_sensor_ros_plugins_msgs/local/lib/python3.10/dist-packages/uuv_sensor_ros_plugins_msgs/msg/_dvl_beam_s.c
[1.735s] -- Up-to-date: /home/sunny/catkin_ws/install/uuv_sensor_ros_plugins_msgs/local/lib/python3.10/dist-packages/uuv_sensor_ros_plugins_msgs/msg/_chemical_particle_concentration.py
[1.735s] -- Up-to-date: /home/sunny/catkin_ws/install/uuv_sensor_ros_plugins_msgs/local/lib/python3.10/dist-packages/uuv_sensor_ros_plugins_msgs/msg/_salinity_s.c
[1.735s] -- Up-to-date: /home/sunny/catkin_ws/install/uuv_sensor_ros_plugins_msgs/local/lib/python3.10/dist-packages/uuv_sensor_ros_plugins_msgs/msg/_position_with_covariance_stamped.py
[1.736s] -- Up-to-date: /home/sunny/catkin_ws/install/uuv_sensor_ros_plugins_msgs/local/lib/python3.10/dist-packages/uuv_sensor_ros_plugins_msgs/msg/_dvl.py
[1.736s] -- Up-to-date: /home/sunny/catkin_ws/install/uuv_sensor_ros_plugins_msgs/local/lib/python3.10/dist-packages/uuv_sensor_ros_plugins_msgs/_uuv_sensor_ros_plugins_msgs_s.ep.rosidl_typesupport_introspection_c.c
[1.736s] -- Up-to-date: /home/sunny/catkin_ws/install/uuv_sensor_ros_plugins_msgs/local/lib/python3.10/dist-packages/uuv_sensor_ros_plugins_msgs/libuuv_sensor_ros_plugins_msgs__rosidl_generator_py.so
[1.739s] Listing '/home/sunny/catkin_ws/install/uuv_sensor_ros_plugins_msgs/local/lib/python3.10/dist-packages/uuv_sensor_ros_plugins_msgs'...
[1.739s] Listing '/home/sunny/catkin_ws/install/uuv_sensor_ros_plugins_msgs/local/lib/python3.10/dist-packages/uuv_sensor_ros_plugins_msgs/msg'...
[1.739s] Listing '/home/sunny/catkin_ws/install/uuv_sensor_ros_plugins_msgs/local/lib/python3.10/dist-packages/uuv_sensor_ros_plugins_msgs/srv'...
[1.742s] -- Up-to-date: /home/sunny/catkin_ws/install/uuv_sensor_ros_plugins_msgs/local/lib/python3.10/dist-packages/uuv_sensor_ros_plugins_msgs/uuv_sensor_ros_plugins_msgs_s__rosidl_typesupport_fastrtps_c.cpython-310-x86_64-linux-gnu.so
[1.746s] -- Up-to-date: /home/sunny/catkin_ws/install/uuv_sensor_ros_plugins_msgs/local/lib/python3.10/dist-packages/uuv_sensor_ros_plugins_msgs/uuv_sensor_ros_plugins_msgs_s__rosidl_typesupport_introspection_c.cpython-310-x86_64-linux-gnu.so
[1.746s] -- Up-to-date: /home/sunny/catkin_ws/install/uuv_sensor_ros_plugins_msgs/local/lib/python3.10/dist-packages/uuv_sensor_ros_plugins_msgs/uuv_sensor_ros_plugins_msgs_s__rosidl_typesupport_c.cpython-310-x86_64-linux-gnu.so
[1.746s] -- Up-to-date: /home/sunny/catkin_ws/install/uuv_sensor_ros_plugins_msgs/lib/libuuv_sensor_ros_plugins_msgs__rosidl_generator_py.so
[1.746s] -- Up-to-date: /home/sunny/catkin_ws/install/uuv_sensor_ros_plugins_msgs/share/uuv_sensor_ros_plugins_msgs/msg/DVL.idl
[1.746s] -- Up-to-date: /home/sunny/catkin_ws/install/uuv_sensor_ros_plugins_msgs/share/uuv_sensor_ros_plugins_msgs/msg/DVLBeam.idl
[1.746s] -- Up-to-date: /home/sunny/catkin_ws/install/uuv_sensor_ros_plugins_msgs/share/uuv_sensor_ros_plugins_msgs/msg/PositionWithCovariance.idl
[1.746s] -- Up-to-date: /home/sunny/catkin_ws/install/uuv_sensor_ros_plugins_msgs/share/uuv_sensor_ros_plugins_msgs/msg/PositionWithCovarianceStamped.idl
[1.746s] -- Up-to-date: /home/sunny/catkin_ws/install/uuv_sensor_ros_plugins_msgs/share/uuv_sensor_ros_plugins_msgs/msg/ChemicalParticleConcentration.idl
[1.746s] -- Up-to-date: /home/sunny/catkin_ws/install/uuv_sensor_ros_plugins_msgs/share/uuv_sensor_ros_plugins_msgs/msg/Salinity.idl
[1.746s] -- Up-to-date: /home/sunny/catkin_ws/install/uuv_sensor_ros_plugins_msgs/share/uuv_sensor_ros_plugins_msgs/srv/ChangeSensorState.idl
[1.746s] -- Up-to-date: /home/sunny/catkin_ws/install/uuv_sensor_ros_plugins_msgs/share/uuv_sensor_ros_plugins_msgs/msg/DVL.msg
[1.746s] -- Up-to-date: /home/sunny/catkin_ws/install/uuv_sensor_ros_plugins_msgs/share/uuv_sensor_ros_plugins_msgs/msg/DVLBeam.msg
[1.746s] -- Up-to-date: /home/sunny/catkin_ws/install/uuv_sensor_ros_plugins_msgs/share/uuv_sensor_ros_plugins_msgs/msg/PositionWithCovariance.msg
[1.747s] -- Up-to-date: /home/sunny/catkin_ws/install/uuv_sensor_ros_plugins_msgs/share/uuv_sensor_ros_plugins_msgs/msg/PositionWithCovarianceStamped.msg
[1.747s] -- Up-to-date: /home/sunny/catkin_ws/install/uuv_sensor_ros_plugins_msgs/share/uuv_sensor_ros_plugins_msgs/msg/ChemicalParticleConcentration.msg
[1.747s] -- Up-to-date: /home/sunny/catkin_ws/install/uuv_sensor_ros_plugins_msgs/share/uuv_sensor_ros_plugins_msgs/msg/Salinity.msg
[1.748s] -- Up-to-date: /home/sunny/catkin_ws/install/uuv_sensor_ros_plugins_msgs/share/uuv_sensor_ros_plugins_msgs/srv/ChangeSensorState.srv
[1.748s] -- Up-to-date: /home/sunny/catkin_ws/install/uuv_sensor_ros_plugins_msgs/share/uuv_sensor_ros_plugins_msgs/srv/ChangeSensorState_Request.msg
[1.749s] -- Up-to-date: /home/sunny/catkin_ws/install/uuv_sensor_ros_plugins_msgs/share/uuv_sensor_ros_plugins_msgs/srv/ChangeSensorState_Response.msg
[1.749s] -- Up-to-date: /home/sunny/catkin_ws/install/uuv_sensor_ros_plugins_msgs/share/ament_index/resource_index/package_run_dependencies/uuv_sensor_ros_plugins_msgs
[1.749s] -- Up-to-date: /home/sunny/catkin_ws/install/uuv_sensor_ros_plugins_msgs/share/ament_index/resource_index/parent_prefix_path/uuv_sensor_ros_plugins_msgs
[1.749s] -- Up-to-date: /home/sunny/catkin_ws/install/uuv_sensor_ros_plugins_msgs/share/uuv_sensor_ros_plugins_msgs/environment/ament_prefix_path.sh
[1.749s] -- Up-to-date: /home/sunny/catkin_ws/install/uuv_sensor_ros_plugins_msgs/share/uuv_sensor_ros_plugins_msgs/environment/ament_prefix_path.dsv
[1.749s] -- Up-to-date: /home/sunny/catkin_ws/install/uuv_sensor_ros_plugins_msgs/share/uuv_sensor_ros_plugins_msgs/environment/path.sh
[1.749s] -- Up-to-date: /home/sunny/catkin_ws/install/uuv_sensor_ros_plugins_msgs/share/uuv_sensor_ros_plugins_msgs/environment/path.dsv
[1.750s] -- Up-to-date: /home/sunny/catkin_ws/install/uuv_sensor_ros_plugins_msgs/share/uuv_sensor_ros_plugins_msgs/local_setup.bash
[1.750s] -- Up-to-date: /home/sunny/catkin_ws/install/uuv_sensor_ros_plugins_msgs/share/uuv_sensor_ros_plugins_msgs/local_setup.sh
[1.750s] -- Up-to-date: /home/sunny/catkin_ws/install/uuv_sensor_ros_plugins_msgs/share/uuv_sensor_ros_plugins_msgs/local_setup.zsh
[1.750s] -- Up-to-date: /home/sunny/catkin_ws/install/uuv_sensor_ros_plugins_msgs/share/uuv_sensor_ros_plugins_msgs/local_setup.dsv
[1.751s] -- Installing: /home/sunny/catkin_ws/install/uuv_sensor_ros_plugins_msgs/share/uuv_sensor_ros_plugins_msgs/package.dsv
[1.751s] -- Up-to-date: /home/sunny/catkin_ws/install/uuv_sensor_ros_plugins_msgs/share/ament_index/resource_index/packages/uuv_sensor_ros_plugins_msgs
[1.751s] -- Up-to-date: /home/sunny/catkin_ws/install/uuv_sensor_ros_plugins_msgs/share/uuv_sensor_ros_plugins_msgs/cmake/export_uuv_sensor_ros_plugins_msgs__rosidl_generator_cExport.cmake
[1.752s] -- Up-to-date: /home/sunny/catkin_ws/install/uuv_sensor_ros_plugins_msgs/share/uuv_sensor_ros_plugins_msgs/cmake/export_uuv_sensor_ros_plugins_msgs__rosidl_generator_cExport-noconfig.cmake
[1.752s] -- Up-to-date: /home/sunny/catkin_ws/install/uuv_sensor_ros_plugins_msgs/share/uuv_sensor_ros_plugins_msgs/cmake/export_uuv_sensor_ros_plugins_msgs__rosidl_typesupport_fastrtps_cExport.cmake
[1.752s] -- Up-to-date: /home/sunny/catkin_ws/install/uuv_sensor_ros_plugins_msgs/share/uuv_sensor_ros_plugins_msgs/cmake/export_uuv_sensor_ros_plugins_msgs__rosidl_typesupport_fastrtps_cExport-noconfig.cmake
[1.752s] -- Up-to-date: /home/sunny/catkin_ws/install/uuv_sensor_ros_plugins_msgs/share/uuv_sensor_ros_plugins_msgs/cmake/export_uuv_sensor_ros_plugins_msgs__rosidl_generator_cppExport.cmake
[1.752s] -- Up-to-date: /home/sunny/catkin_ws/install/uuv_sensor_ros_plugins_msgs/share/uuv_sensor_ros_plugins_msgs/cmake/export_uuv_sensor_ros_plugins_msgs__rosidl_typesupport_fastrtps_cppExport.cmake
[1.752s] -- Up-to-date: /home/sunny/catkin_ws/install/uuv_sensor_ros_plugins_msgs/share/uuv_sensor_ros_plugins_msgs/cmake/export_uuv_sensor_ros_plugins_msgs__rosidl_typesupport_fastrtps_cppExport-noconfig.cmake
[1.752s] -- Up-to-date: /home/sunny/catkin_ws/install/uuv_sensor_ros_plugins_msgs/share/uuv_sensor_ros_plugins_msgs/cmake/uuv_sensor_ros_plugins_msgs__rosidl_typesupport_introspection_cExport.cmake
[1.752s] -- Up-to-date: /home/sunny/catkin_ws/install/uuv_sensor_ros_plugins_msgs/share/uuv_sensor_ros_plugins_msgs/cmake/uuv_sensor_ros_plugins_msgs__rosidl_typesupport_introspection_cExport-noconfig.cmake
[1.753s] -- Up-to-date: /home/sunny/catkin_ws/install/uuv_sensor_ros_plugins_msgs/share/uuv_sensor_ros_plugins_msgs/cmake/uuv_sensor_ros_plugins_msgs__rosidl_typesupport_cExport.cmake
[1.753s] -- Up-to-date: /home/sunny/catkin_ws/install/uuv_sensor_ros_plugins_msgs/share/uuv_sensor_ros_plugins_msgs/cmake/uuv_sensor_ros_plugins_msgs__rosidl_typesupport_cExport-noconfig.cmake
[1.753s] -- Up-to-date: /home/sunny/catkin_ws/install/uuv_sensor_ros_plugins_msgs/share/uuv_sensor_ros_plugins_msgs/cmake/uuv_sensor_ros_plugins_msgs__rosidl_typesupport_introspection_cppExport.cmake
[1.753s] -- Up-to-date: /home/sunny/catkin_ws/install/uuv_sensor_ros_plugins_msgs/share/uuv_sensor_ros_plugins_msgs/cmake/uuv_sensor_ros_plugins_msgs__rosidl_typesupport_introspection_cppExport-noconfig.cmake
[1.754s] -- Up-to-date: /home/sunny/catkin_ws/install/uuv_sensor_ros_plugins_msgs/share/uuv_sensor_ros_plugins_msgs/cmake/uuv_sensor_ros_plugins_msgs__rosidl_typesupport_cppExport.cmake
[1.755s] -- Up-to-date: /home/sunny/catkin_ws/install/uuv_sensor_ros_plugins_msgs/share/uuv_sensor_ros_plugins_msgs/cmake/uuv_sensor_ros_plugins_msgs__rosidl_typesupport_cppExport-noconfig.cmake
[1.755s] -- Up-to-date: /home/sunny/catkin_ws/install/uuv_sensor_ros_plugins_msgs/share/uuv_sensor_ros_plugins_msgs/cmake/export_uuv_sensor_ros_plugins_msgs__rosidl_generator_pyExport.cmake
[1.755s] -- Up-to-date: /home/sunny/catkin_ws/install/uuv_sensor_ros_plugins_msgs/share/uuv_sensor_ros_plugins_msgs/cmake/export_uuv_sensor_ros_plugins_msgs__rosidl_generator_pyExport-noconfig.cmake
[1.755s] -- Up-to-date: /home/sunny/catkin_ws/install/uuv_sensor_ros_plugins_msgs/share/uuv_sensor_ros_plugins_msgs/cmake/rosidl_cmake-extras.cmake
[1.755s] -- Up-to-date: /home/sunny/catkin_ws/install/uuv_sensor_ros_plugins_msgs/share/uuv_sensor_ros_plugins_msgs/cmake/ament_cmake_export_dependencies-extras.cmake
[1.755s] -- Up-to-date: /home/sunny/catkin_ws/install/uuv_sensor_ros_plugins_msgs/share/uuv_sensor_ros_plugins_msgs/cmake/ament_cmake_export_include_directories-extras.cmake
[1.755s] -- Up-to-date: /home/sunny/catkin_ws/install/uuv_sensor_ros_plugins_msgs/share/uuv_sensor_ros_plugins_msgs/cmake/ament_cmake_export_libraries-extras.cmake
[1.755s] -- Up-to-date: /home/sunny/catkin_ws/install/uuv_sensor_ros_plugins_msgs/share/uuv_sensor_ros_plugins_msgs/cmake/ament_cmake_export_targets-extras.cmake
[1.755s] -- Up-to-date: /home/sunny/catkin_ws/install/uuv_sensor_ros_plugins_msgs/share/uuv_sensor_ros_plugins_msgs/cmake/rosidl_cmake_export_typesupport_targets-extras.cmake
[1.755s] -- Up-to-date: /home/sunny/catkin_ws/install/uuv_sensor_ros_plugins_msgs/share/uuv_sensor_ros_plugins_msgs/cmake/rosidl_cmake_export_typesupport_libraries-extras.cmake
[1.755s] -- Up-to-date: /home/sunny/catkin_ws/install/uuv_sensor_ros_plugins_msgs/share/uuv_sensor_ros_plugins_msgs/cmake/uuv_sensor_ros_plugins_msgsConfig.cmake
[1.755s] -- Up-to-date: /home/sunny/catkin_ws/install/uuv_sensor_ros_plugins_msgs/share/uuv_sensor_ros_plugins_msgs/cmake/uuv_sensor_ros_plugins_msgsConfig-version.cmake
[1.755s] -- Up-to-date: /home/sunny/catkin_ws/install/uuv_sensor_ros_plugins_msgs/share/uuv_sensor_ros_plugins_msgs/package.xml
[1.843s] Invoked command in '/home/sunny/catkin_ws/build/uuv_sensor_ros_plugins_msgs' returned '0': CMAKE_PREFIX_PATH=${CMAKE_PREFIX_PATH}:/home/sunny/catkin_ws/install/beluga_adapter:/opt/ros/humble /usr/bin/cmake --install /home/sunny/catkin_ws/build/uuv_sensor_ros_plugins_msgs
