[  0%] Built target uuv_gazebo_ros_plugins_msgs__cpp
[ 12%] Built target uuv_gazebo_ros_plugins_msgs__rosidl_generator_c
[ 12%] Built target ament_cmake_python_copy_uuv_gazebo_ros_plugins_msgs
[ 24%] Built target uuv_gazebo_ros_plugins_msgs__rosidl_typesupport_fastrtps_cpp
[ 36%] Built target uuv_gazebo_ros_plugins_msgs__rosidl_typesupport_cpp
[ 48%] Built target uuv_gazebo_ros_plugins_msgs__rosidl_typesupport_c
[ 60%] Built target uuv_gazebo_ros_plugins_msgs__rosidl_typesupport_introspection_cpp
[ 72%] Built target uuv_gazebo_ros_plugins_msgs__rosidl_typesupport_introspection_c
[ 84%] Built target uuv_gazebo_ros_plugins_msgs__rosidl_typesupport_fastrtps_c
[ 84%] Built target uuv_gazebo_ros_plugins_msgs
[ 85%] Built target uuv_gazebo_ros_plugins_msgs__py
[ 96%] Built target uuv_gazebo_ros_plugins_msgs__rosidl_generator_py
[ 97%] Built target uuv_gazebo_ros_plugins_msgs__rosidl_typesupport_fastrtps_c__pyext
[ 99%] Built target uuv_gazebo_ros_plugins_msgs__rosidl_typesupport_introspection_c__pyext
[100%] Built target uuv_gazebo_ros_plugins_msgs__rosidl_typesupport_c__pyext
running egg_info
writing uuv_gazebo_ros_plugins_msgs.egg-info/PKG-INFO
writing dependency_links to uuv_gazebo_ros_plugins_msgs.egg-info/dependency_links.txt
writing top-level names to uuv_gazebo_ros_plugins_msgs.egg-info/top_level.txt
reading manifest file 'uuv_gazebo_ros_plugins_msgs.egg-info/SOURCES.txt'
writing manifest file 'uuv_gazebo_ros_plugins_msgs.egg-info/SOURCES.txt'
[100%] Built target ament_cmake_python_build_uuv_gazebo_ros_plugins_msgs_egg
