[0.521s] Invoking command in '/home/sunny/catkin_ws/build/uuv_control_msgs': CMAKE_PREFIX_PATH=${CMAKE_PREFIX_PATH}:/home/sunny/catkin_ws/install/beluga_adapter:/opt/ros/humble /usr/bin/cmake /home/sunny/catkin_ws/src/Plankton/uuv_control/uuv_control_msgs -DCMAKE_INSTALL_PREFIX=/home/sunny/catkin_ws/install/uuv_control_msgs
[0.622s] -- The C compiler identification is GNU 11.4.0
[0.730s] -- The CXX compiler identification is GNU 11.4.0
[0.743s] -- Detecting C compiler ABI info
[0.860s] -- Detecting C compiler ABI info - done
[0.873s] -- Check for working C compiler: /usr/bin/cc - skipped
[0.873s] -- Detecting C compile features
[0.873s] -- Detecting C compile features - done
[0.875s] -- Detecting CXX compiler ABI info
[0.991s] -- Detecting CXX compiler ABI info - done
[1.000s] -- Check for working CXX compiler: /usr/bin/c++ - skipped
[1.001s] -- Detecting CXX compile features
[1.001s] -- Detecting CXX compile features - done
[1.005s] -- Found std_msgs: 4.2.3 (/opt/ros/humble/share/std_msgs/cmake)
[1.269s] -- Found Python3: /usr/bin/python3.10 (found version "3.10.12") found components: Interpreter 
[1.448s] -- Found rosidl_generator_c: 3.1.5 (/opt/ros/humble/share/rosidl_generator_c/cmake)
[1.451s] -- Found rosidl_adapter: 3.1.5 (/opt/ros/humble/share/rosidl_adapter/cmake)
[1.453s] -- Found rosidl_generator_cpp: 3.1.5 (/opt/ros/humble/share/rosidl_generator_cpp/cmake)
[1.473s] -- Using all available rosidl_typesupport_c: rosidl_typesupport_fastrtps_c;rosidl_typesupport_introspection_c
[1.503s] -- Using all available rosidl_typesupport_cpp: rosidl_typesupport_fastrtps_cpp;rosidl_typesupport_introspection_cpp
[1.607s] -- Found geometry_msgs: 4.2.3 (/opt/ros/humble/share/geometry_msgs/cmake)
[1.643s] -- Found rosidl_default_generators: 1.2.0 (/opt/ros/humble/share/rosidl_default_generators/cmake)
[2.297s] -- Found ament_cmake_ros: 0.10.0 (/opt/ros/humble/share/ament_cmake_ros/cmake)
[2.830s] -- Using all available rosidl_typesupport_c: rosidl_typesupport_fastrtps_c;rosidl_typesupport_introspection_c
[3.058s] -- Using all available rosidl_typesupport_cpp: rosidl_typesupport_fastrtps_cpp;rosidl_typesupport_introspection_cpp
[3.081s] -- Found PythonInterp: /usr/bin/python3 (found suitable version "3.10.12", minimum required is "3.6") 
[3.085s] -- Found python_cmake_module: 0.10.0 (/opt/ros/humble/share/python_cmake_module/cmake)
[3.115s] -- Found PythonLibs: /usr/lib/x86_64-linux-gnu/libpython3.10.so (found suitable version "3.10.12", minimum required is "3.5") 
[3.115s] -- Using PYTHON_EXECUTABLE: /usr/bin/python3
[3.115s] -- Using PYTHON_INCLUDE_DIRS: /usr/include/python3.10
[3.115s] -- Using PYTHON_LIBRARIES: /usr/lib/x86_64-linux-gnu/libpython3.10.so
[3.140s] -- Found PythonExtra: .so  
[3.236s] -- Configuring done
[3.373s] -- Generating done
[3.377s] -- Build files have been written to: /home/sunny/catkin_ws/build/uuv_control_msgs
[3.405s] Invoked command in '/home/sunny/catkin_ws/build/uuv_control_msgs' returned '0': CMAKE_PREFIX_PATH=${CMAKE_PREFIX_PATH}:/home/sunny/catkin_ws/install/beluga_adapter:/opt/ros/humble /usr/bin/cmake /home/sunny/catkin_ws/src/Plankton/uuv_control/uuv_control_msgs -DCMAKE_INSTALL_PREFIX=/home/sunny/catkin_ws/install/uuv_control_msgs
[3.409s] Invoking command in '/home/sunny/catkin_ws/build/uuv_control_msgs': CMAKE_PREFIX_PATH=${CMAKE_PREFIX_PATH}:/home/sunny/catkin_ws/install/beluga_adapter:/opt/ros/humble /usr/bin/cmake --build /home/sunny/catkin_ws/build/uuv_control_msgs -- -j16 -l16
[3.565s] [  1%] [34m[1mGenerating C code for ROS interfaces[0m
[3.617s] [  1%] Built target ament_cmake_python_copy_uuv_control_msgs
[3.626s] [  1%] [34m[1mGenerating C++ code for ROS interfaces[0m
[4.344s] running egg_info
[4.345s] creating uuv_control_msgs.egg-info
[4.345s] writing uuv_control_msgs.egg-info/PKG-INFO
[4.345s] writing dependency_links to uuv_control_msgs.egg-info/dependency_links.txt
[4.345s] writing top-level names to uuv_control_msgs.egg-info/top_level.txt
[4.346s] writing manifest file 'uuv_control_msgs.egg-info/SOURCES.txt'
[4.348s] reading manifest file 'uuv_control_msgs.egg-info/SOURCES.txt'
[4.349s] writing manifest file 'uuv_control_msgs.egg-info/SOURCES.txt'
[4.461s] [  1%] Built target ament_cmake_python_build_uuv_control_msgs_egg
[13.858s] [  1%] Built target uuv_control_msgs__cpp
[13.950s] [  2%] [34m[1mGenerating C++ type support dispatch for ROS interfaces[0m
[13.964s] [  3%] [32mBuilding C object CMakeFiles/uuv_control_msgs__rosidl_generator_c.dir/rosidl_generator_c/uuv_control_msgs/msg/detail/trajectory__functions.c.o[0m
[13.968s] [  3%] [32mBuilding C object CMakeFiles/uuv_control_msgs__rosidl_generator_c.dir/rosidl_generator_c/uuv_control_msgs/msg/detail/trajectory_point__functions.c.o[0m
[13.972s] [  4%] [34m[1mGenerating C++ type support for eProsima Fast-RTPS[0m
[13.980s] [  4%] [32mBuilding C object CMakeFiles/uuv_control_msgs__rosidl_generator_c.dir/rosidl_generator_c/uuv_control_msgs/msg/detail/waypoint__functions.c.o[0m
[13.991s] [  4%] [32mBuilding C object CMakeFiles/uuv_control_msgs__rosidl_generator_c.dir/rosidl_generator_c/uuv_control_msgs/srv/detail/add_waypoint__functions.c.o[0m
[14.008s] [  6%] [32mBuilding C object CMakeFiles/uuv_control_msgs__rosidl_generator_c.dir/rosidl_generator_c/uuv_control_msgs/msg/detail/waypoint_set__functions.c.o[0m
[14.017s] [  6%] [34m[1mGenerating C++ introspection for ROS interfaces[0m
[14.066s] [  6%] [32mBuilding C object CMakeFiles/uuv_control_msgs__rosidl_generator_c.dir/rosidl_generator_c/uuv_control_msgs/srv/detail/clear_waypoints__functions.c.o[0m
[14.208s] [  6%] [32mBuilding C object CMakeFiles/uuv_control_msgs__rosidl_generator_c.dir/rosidl_generator_c/uuv_control_msgs/srv/detail/init_helical_trajectory__functions.c.o[0m
[14.219s] [  7%] [32mBuilding C object CMakeFiles/uuv_control_msgs__rosidl_generator_c.dir/rosidl_generator_c/uuv_control_msgs/srv/detail/init_waypoints_from_file__functions.c.o[0m
[14.236s] [  8%] [32mBuilding C object CMakeFiles/uuv_control_msgs__rosidl_generator_c.dir/rosidl_generator_c/uuv_control_msgs/srv/detail/init_circular_trajectory__functions.c.o[0m
[14.253s] [  8%] [32mBuilding C object CMakeFiles/uuv_control_msgs__rosidl_generator_c.dir/rosidl_generator_c/uuv_control_msgs/srv/detail/get_waypoints__functions.c.o[0m
[14.254s] [  9%] [32mBuilding C object CMakeFiles/uuv_control_msgs__rosidl_generator_c.dir/rosidl_generator_c/uuv_control_msgs/srv/detail/go_to__functions.c.o[0m
[14.260s] [  9%] [32mBuilding C object CMakeFiles/uuv_control_msgs__rosidl_generator_c.dir/rosidl_generator_c/uuv_control_msgs/srv/detail/go_to_incremental__functions.c.o[0m
[14.358s] [  9%] [32mBuilding C object CMakeFiles/uuv_control_msgs__rosidl_generator_c.dir/rosidl_generator_c/uuv_control_msgs/srv/detail/hold__functions.c.o[0m
[14.384s] [ 10%] [32mBuilding C object CMakeFiles/uuv_control_msgs__rosidl_generator_c.dir/rosidl_generator_c/uuv_control_msgs/srv/detail/is_running_trajectory__functions.c.o[0m
[14.394s] [ 11%] [32mBuilding C object CMakeFiles/uuv_control_msgs__rosidl_generator_c.dir/rosidl_generator_c/uuv_control_msgs/srv/detail/init_waypoint_set__functions.c.o[0m
[14.411s] [ 11%] [32mBuilding C object CMakeFiles/uuv_control_msgs__rosidl_generator_c.dir/rosidl_generator_c/uuv_control_msgs/srv/detail/init_rect_trajectory__functions.c.o[0m
[14.429s] [ 12%] [32mBuilding C object CMakeFiles/uuv_control_msgs__rosidl_generator_c.dir/rosidl_generator_c/uuv_control_msgs/srv/detail/switch_to_automatic__functions.c.o[0m
[14.444s] [ 12%] [32mBuilding C object CMakeFiles/uuv_control_msgs__rosidl_generator_c.dir/rosidl_generator_c/uuv_control_msgs/srv/detail/switch_to_manual__functions.c.o[0m
[14.452s] [ 12%] [32mBuilding C object CMakeFiles/uuv_control_msgs__rosidl_generator_c.dir/rosidl_generator_c/uuv_control_msgs/srv/detail/start_trajectory__functions.c.o[0m
[14.567s] [ 13%] [32mBuilding C object CMakeFiles/uuv_control_msgs__rosidl_generator_c.dir/rosidl_generator_c/uuv_control_msgs/srv/detail/get_pid_params__functions.c.o[0m
[14.568s] [ 13%] [32mBuilding C object CMakeFiles/uuv_control_msgs__rosidl_generator_c.dir/rosidl_generator_c/uuv_control_msgs/srv/detail/set_mbsm_controller_params__functions.c.o[0m
[14.582s] [ 14%] [32mBuilding C object CMakeFiles/uuv_control_msgs__rosidl_generator_c.dir/rosidl_generator_c/uuv_control_msgs/srv/detail/set_sm_controller_params__functions.c.o[0m
[14.583s] [ 14%] [32mBuilding C object CMakeFiles/uuv_control_msgs__rosidl_generator_c.dir/rosidl_generator_c/uuv_control_msgs/srv/detail/get_sm_controller_params__functions.c.o[0m
[14.592s] [ 14%] [32mBuilding C object CMakeFiles/uuv_control_msgs__rosidl_generator_c.dir/rosidl_generator_c/uuv_control_msgs/srv/detail/reset_controller__functions.c.o[0m
[14.597s] [ 14%] [32mBuilding C object CMakeFiles/uuv_control_msgs__rosidl_generator_c.dir/rosidl_generator_c/uuv_control_msgs/srv/detail/set_pid_params__functions.c.o[0m
[14.610s] [ 15%] [32mBuilding C object CMakeFiles/uuv_control_msgs__rosidl_generator_c.dir/rosidl_generator_c/uuv_control_msgs/srv/detail/get_mbsm_controller_params__functions.c.o[0m
[14.810s] [ 15%] [32m[1mLinking C shared library libuuv_control_msgs__rosidl_generator_c.so[0m
[15.049s] [ 15%] Built target uuv_control_msgs__rosidl_generator_c
[15.140s] [ 16%] [34m[1mGenerating C type support for eProsima Fast-RTPS[0m
[15.152s] [ 17%] [34m[1mGenerating C introspection for ROS interfaces[0m
[15.165s] [ 18%] [34m[1mGenerating C type support dispatch for ROS interfaces[0m
[19.050s] [ 18%] [32mBuilding CXX object CMakeFiles/uuv_control_msgs__rosidl_typesupport_cpp.dir/rosidl_typesupport_cpp/uuv_control_msgs/msg/trajectory__type_support.cpp.o[0m
[19.074s] [ 18%] [32mBuilding CXX object CMakeFiles/uuv_control_msgs__rosidl_typesupport_cpp.dir/rosidl_typesupport_cpp/uuv_control_msgs/msg/trajectory_point__type_support.cpp.o[0m
[19.100s] [ 18%] [32mBuilding CXX object CMakeFiles/uuv_control_msgs__rosidl_typesupport_cpp.dir/rosidl_typesupport_cpp/uuv_control_msgs/msg/waypoint_set__type_support.cpp.o[0m
[19.100s] [ 19%] [32mBuilding CXX object CMakeFiles/uuv_control_msgs__rosidl_typesupport_cpp.dir/rosidl_typesupport_cpp/uuv_control_msgs/msg/waypoint__type_support.cpp.o[0m
[19.152s] [ 20%] [32mBuilding CXX object CMakeFiles/uuv_control_msgs__rosidl_typesupport_cpp.dir/rosidl_typesupport_cpp/uuv_control_msgs/srv/add_waypoint__type_support.cpp.o[0m
[19.215s] [ 20%] [32mBuilding CXX object CMakeFiles/uuv_control_msgs__rosidl_typesupport_cpp.dir/rosidl_typesupport_cpp/uuv_control_msgs/srv/clear_waypoints__type_support.cpp.o[0m
[19.251s] [ 21%] [32mBuilding CXX object CMakeFiles/uuv_control_msgs__rosidl_typesupport_cpp.dir/rosidl_typesupport_cpp/uuv_control_msgs/srv/init_circular_trajectory__type_support.cpp.o[0m
[19.289s] [ 21%] [32mBuilding CXX object CMakeFiles/uuv_control_msgs__rosidl_typesupport_cpp.dir/rosidl_typesupport_cpp/uuv_control_msgs/srv/init_helical_trajectory__type_support.cpp.o[0m
[19.315s] [ 21%] [32mBuilding CXX object CMakeFiles/uuv_control_msgs__rosidl_typesupport_cpp.dir/rosidl_typesupport_cpp/uuv_control_msgs/srv/init_waypoints_from_file__type_support.cpp.o[0m
[19.327s] [ 22%] [32mBuilding CXX object CMakeFiles/uuv_control_msgs__rosidl_typesupport_cpp.dir/rosidl_typesupport_cpp/uuv_control_msgs/srv/get_waypoints__type_support.cpp.o[0m
[19.411s] [ 22%] [32mBuilding CXX object CMakeFiles/uuv_control_msgs__rosidl_typesupport_cpp.dir/rosidl_typesupport_cpp/uuv_control_msgs/srv/go_to__type_support.cpp.o[0m
[19.788s] [ 23%] [32mBuilding CXX object CMakeFiles/uuv_control_msgs__rosidl_typesupport_cpp.dir/rosidl_typesupport_cpp/uuv_control_msgs/srv/go_to_incremental__type_support.cpp.o[0m
[19.789s] [ 23%] [32mBuilding CXX object CMakeFiles/uuv_control_msgs__rosidl_typesupport_cpp.dir/rosidl_typesupport_cpp/uuv_control_msgs/srv/hold__type_support.cpp.o[0m
[19.885s] [ 24%] [32mBuilding CXX object CMakeFiles/uuv_control_msgs__rosidl_typesupport_cpp.dir/rosidl_typesupport_cpp/uuv_control_msgs/srv/is_running_trajectory__type_support.cpp.o[0m
[19.926s] [ 24%] [32mBuilding CXX object CMakeFiles/uuv_control_msgs__rosidl_typesupport_cpp.dir/rosidl_typesupport_cpp/uuv_control_msgs/srv/init_waypoint_set__type_support.cpp.o[0m
[19.978s] [ 24%] [32mBuilding CXX object CMakeFiles/uuv_control_msgs__rosidl_typesupport_cpp.dir/rosidl_typesupport_cpp/uuv_control_msgs/srv/start_trajectory__type_support.cpp.o[0m
[19.988s] [ 25%] [32mBuilding CXX object CMakeFiles/uuv_control_msgs__rosidl_typesupport_cpp.dir/rosidl_typesupport_cpp/uuv_control_msgs/srv/init_rect_trajectory__type_support.cpp.o[0m
[20.031s] [ 25%] [32mBuilding CXX object CMakeFiles/uuv_control_msgs__rosidl_typesupport_cpp.dir/rosidl_typesupport_cpp/uuv_control_msgs/srv/switch_to_automatic__type_support.cpp.o[0m
[20.108s] [ 26%] [32mBuilding CXX object CMakeFiles/uuv_control_msgs__rosidl_typesupport_cpp.dir/rosidl_typesupport_cpp/uuv_control_msgs/srv/switch_to_manual__type_support.cpp.o[0m
[20.245s] [ 27%] [32mBuilding CXX object CMakeFiles/uuv_control_msgs__rosidl_typesupport_cpp.dir/rosidl_typesupport_cpp/uuv_control_msgs/srv/get_pid_params__type_support.cpp.o[0m
[20.260s] [ 27%] [32mBuilding CXX object CMakeFiles/uuv_control_msgs__rosidl_typesupport_cpp.dir/rosidl_typesupport_cpp/uuv_control_msgs/srv/set_pid_params__type_support.cpp.o[0m
[20.383s] [ 27%] [32mBuilding CXX object CMakeFiles/uuv_control_msgs__rosidl_typesupport_cpp.dir/rosidl_typesupport_cpp/uuv_control_msgs/srv/set_sm_controller_params__type_support.cpp.o[0m
[20.500s] [ 27%] [32mBuilding CXX object CMakeFiles/uuv_control_msgs__rosidl_typesupport_cpp.dir/rosidl_typesupport_cpp/uuv_control_msgs/srv/set_mbsm_controller_params__type_support.cpp.o[0m
[20.504s] [ 28%] [32mBuilding CXX object CMakeFiles/uuv_control_msgs__rosidl_typesupport_cpp.dir/rosidl_typesupport_cpp/uuv_control_msgs/srv/get_sm_controller_params__type_support.cpp.o[0m
[20.572s] [ 28%] [32mBuilding CXX object CMakeFiles/uuv_control_msgs__rosidl_typesupport_cpp.dir/rosidl_typesupport_cpp/uuv_control_msgs/srv/get_mbsm_controller_params__type_support.cpp.o[0m
[20.686s] [ 29%] [32mBuilding CXX object CMakeFiles/uuv_control_msgs__rosidl_typesupport_cpp.dir/rosidl_typesupport_cpp/uuv_control_msgs/srv/reset_controller__type_support.cpp.o[0m
[21.007s] [ 29%] [32mBuilding CXX object CMakeFiles/uuv_control_msgs__rosidl_typesupport_c.dir/rosidl_typesupport_c/uuv_control_msgs/msg/trajectory__type_support.cpp.o[0m
[21.033s] [ 29%] [32mBuilding CXX object CMakeFiles/uuv_control_msgs__rosidl_typesupport_c.dir/rosidl_typesupport_c/uuv_control_msgs/msg/trajectory_point__type_support.cpp.o[0m
[21.048s] [ 30%] [32mBuilding CXX object CMakeFiles/uuv_control_msgs__rosidl_typesupport_c.dir/rosidl_typesupport_c/uuv_control_msgs/msg/waypoint__type_support.cpp.o[0m
[21.071s] [ 30%] [32mBuilding CXX object CMakeFiles/uuv_control_msgs__rosidl_typesupport_c.dir/rosidl_typesupport_c/uuv_control_msgs/msg/waypoint_set__type_support.cpp.o[0m
[21.110s] [ 31%] [32mBuilding CXX object CMakeFiles/uuv_control_msgs__rosidl_typesupport_c.dir/rosidl_typesupport_c/uuv_control_msgs/srv/add_waypoint__type_support.cpp.o[0m
[21.128s] [ 31%] [32mBuilding CXX object CMakeFiles/uuv_control_msgs__rosidl_typesupport_c.dir/rosidl_typesupport_c/uuv_control_msgs/srv/clear_waypoints__type_support.cpp.o[0m
[21.153s] [ 32%] [32mBuilding CXX object CMakeFiles/uuv_control_msgs__rosidl_typesupport_c.dir/rosidl_typesupport_c/uuv_control_msgs/srv/init_circular_trajectory__type_support.cpp.o[0m
[21.187s] [ 32%] [32mBuilding CXX object CMakeFiles/uuv_control_msgs__rosidl_typesupport_c.dir/rosidl_typesupport_c/uuv_control_msgs/srv/init_helical_trajectory__type_support.cpp.o[0m
[21.235s] [ 33%] [32mBuilding CXX object CMakeFiles/uuv_control_msgs__rosidl_typesupport_c.dir/rosidl_typesupport_c/uuv_control_msgs/srv/init_waypoints_from_file__type_support.cpp.o[0m
[21.277s] [ 33%] [32mBuilding CXX object CMakeFiles/uuv_control_msgs__rosidl_typesupport_c.dir/rosidl_typesupport_c/uuv_control_msgs/srv/get_waypoints__type_support.cpp.o[0m
[21.303s] [ 33%] [32mBuilding CXX object CMakeFiles/uuv_control_msgs__rosidl_typesupport_c.dir/rosidl_typesupport_c/uuv_control_msgs/srv/go_to__type_support.cpp.o[0m
[21.323s] [ 34%] [32mBuilding CXX object CMakeFiles/uuv_control_msgs__rosidl_typesupport_c.dir/rosidl_typesupport_c/uuv_control_msgs/srv/go_to_incremental__type_support.cpp.o[0m
[21.330s] [ 34%] [32mBuilding CXX object CMakeFiles/uuv_control_msgs__rosidl_typesupport_c.dir/rosidl_typesupport_c/uuv_control_msgs/srv/hold__type_support.cpp.o[0m
[21.340s] [ 35%] [32mBuilding CXX object CMakeFiles/uuv_control_msgs__rosidl_typesupport_c.dir/rosidl_typesupport_c/uuv_control_msgs/srv/is_running_trajectory__type_support.cpp.o[0m
[21.405s] [ 35%] [32mBuilding CXX object CMakeFiles/uuv_control_msgs__rosidl_typesupport_c.dir/rosidl_typesupport_c/uuv_control_msgs/srv/init_waypoint_set__type_support.cpp.o[0m
[21.492s] [ 35%] [32mBuilding CXX object CMakeFiles/uuv_control_msgs__rosidl_typesupport_c.dir/rosidl_typesupport_c/uuv_control_msgs/srv/switch_to_automatic__type_support.cpp.o[0m
[21.510s] [ 35%] [32mBuilding CXX object CMakeFiles/uuv_control_msgs__rosidl_typesupport_c.dir/rosidl_typesupport_c/uuv_control_msgs/srv/start_trajectory__type_support.cpp.o[0m
[21.523s] [ 36%] [32mBuilding CXX object CMakeFiles/uuv_control_msgs__rosidl_typesupport_c.dir/rosidl_typesupport_c/uuv_control_msgs/srv/init_rect_trajectory__type_support.cpp.o[0m
[21.541s] [ 37%] [32mBuilding CXX object CMakeFiles/uuv_control_msgs__rosidl_typesupport_c.dir/rosidl_typesupport_c/uuv_control_msgs/srv/switch_to_manual__type_support.cpp.o[0m
[21.545s] [ 37%] [32mBuilding CXX object CMakeFiles/uuv_control_msgs__rosidl_typesupport_c.dir/rosidl_typesupport_c/uuv_control_msgs/srv/set_pid_params__type_support.cpp.o[0m
[21.599s] [ 37%] [32m[1mLinking CXX shared library libuuv_control_msgs__rosidl_typesupport_cpp.so[0m
[21.635s] [ 38%] [32mBuilding CXX object CMakeFiles/uuv_control_msgs__rosidl_typesupport_c.dir/rosidl_typesupport_c/uuv_control_msgs/srv/get_sm_controller_params__type_support.cpp.o[0m
[21.636s] [ 39%] [32mBuilding CXX object CMakeFiles/uuv_control_msgs__rosidl_typesupport_c.dir/rosidl_typesupport_c/uuv_control_msgs/srv/get_pid_params__type_support.cpp.o[0m
[21.657s] [ 39%] [32mBuilding CXX object CMakeFiles/uuv_control_msgs__rosidl_typesupport_c.dir/rosidl_typesupport_c/uuv_control_msgs/srv/set_sm_controller_params__type_support.cpp.o[0m
[21.667s] [ 39%] [32mBuilding CXX object CMakeFiles/uuv_control_msgs__rosidl_typesupport_c.dir/rosidl_typesupport_c/uuv_control_msgs/srv/set_mbsm_controller_params__type_support.cpp.o[0m
[21.707s] [ 39%] [32mBuilding CXX object CMakeFiles/uuv_control_msgs__rosidl_typesupport_c.dir/rosidl_typesupport_c/uuv_control_msgs/srv/get_mbsm_controller_params__type_support.cpp.o[0m
[21.751s] [ 40%] [32mBuilding CXX object CMakeFiles/uuv_control_msgs__rosidl_typesupport_c.dir/rosidl_typesupport_c/uuv_control_msgs/srv/reset_controller__type_support.cpp.o[0m
[21.787s] [ 40%] Built target uuv_control_msgs__rosidl_typesupport_cpp
[21.836s] [ 40%] [32m[1mLinking CXX shared library libuuv_control_msgs__rosidl_typesupport_c.so[0m
[21.986s] [ 40%] [32mBuilding CXX object CMakeFiles/uuv_control_msgs__rosidl_typesupport_introspection_cpp.dir/rosidl_typesupport_introspection_cpp/uuv_control_msgs/msg/detail/trajectory__type_support.cpp.o[0m
[22.001s] [ 40%] [32mBuilding CXX object CMakeFiles/uuv_control_msgs__rosidl_typesupport_introspection_cpp.dir/rosidl_typesupport_introspection_cpp/uuv_control_msgs/msg/detail/waypoint__type_support.cpp.o[0m
[22.001s] [ 41%] [32mBuilding CXX object CMakeFiles/uuv_control_msgs__rosidl_typesupport_introspection_cpp.dir/rosidl_typesupport_introspection_cpp/uuv_control_msgs/msg/detail/trajectory_point__type_support.cpp.o[0m
[22.004s] [ 41%] [32mBuilding CXX object CMakeFiles/uuv_control_msgs__rosidl_typesupport_introspection_cpp.dir/rosidl_typesupport_introspection_cpp/uuv_control_msgs/srv/detail/add_waypoint__type_support.cpp.o[0m
[22.018s] [ 41%] [32mBuilding CXX object CMakeFiles/uuv_control_msgs__rosidl_typesupport_introspection_cpp.dir/rosidl_typesupport_introspection_cpp/uuv_control_msgs/srv/detail/clear_waypoints__type_support.cpp.o[0m
[22.020s] [ 42%] [32mBuilding CXX object CMakeFiles/uuv_control_msgs__rosidl_typesupport_introspection_cpp.dir/rosidl_typesupport_introspection_cpp/uuv_control_msgs/msg/detail/waypoint_set__type_support.cpp.o[0m
[22.034s] [ 43%] [32mBuilding CXX object CMakeFiles/uuv_control_msgs__rosidl_typesupport_introspection_cpp.dir/rosidl_typesupport_introspection_cpp/uuv_control_msgs/srv/detail/init_circular_trajectory__type_support.cpp.o[0m
[22.050s] [ 43%] Built target uuv_control_msgs__rosidl_typesupport_c
[22.148s] [ 43%] [32mBuilding CXX object CMakeFiles/uuv_control_msgs__rosidl_typesupport_introspection_cpp.dir/rosidl_typesupport_introspection_cpp/uuv_control_msgs/srv/detail/init_helical_trajectory__type_support.cpp.o[0m
[22.148s] [ 44%] [32mBuilding CXX object CMakeFiles/uuv_control_msgs__rosidl_typesupport_introspection_cpp.dir/rosidl_typesupport_introspection_cpp/uuv_control_msgs/srv/detail/init_waypoints_from_file__type_support.cpp.o[0m
[22.170s] [ 44%] [32mBuilding CXX object CMakeFiles/uuv_control_msgs__rosidl_typesupport_introspection_cpp.dir/rosidl_typesupport_introspection_cpp/uuv_control_msgs/srv/detail/get_waypoints__type_support.cpp.o[0m
[22.186s] [ 45%] [32mBuilding CXX object CMakeFiles/uuv_control_msgs__rosidl_typesupport_introspection_cpp.dir/rosidl_typesupport_introspection_cpp/uuv_control_msgs/srv/detail/go_to__type_support.cpp.o[0m
[22.195s] [ 45%] [32mBuilding CXX object CMakeFiles/uuv_control_msgs__rosidl_typesupport_introspection_cpp.dir/rosidl_typesupport_introspection_cpp/uuv_control_msgs/srv/detail/go_to_incremental__type_support.cpp.o[0m
[22.297s] [ 45%] [32mBuilding CXX object CMakeFiles/uuv_control_msgs__rosidl_typesupport_introspection_cpp.dir/rosidl_typesupport_introspection_cpp/uuv_control_msgs/srv/detail/hold__type_support.cpp.o[0m
[22.719s] [ 46%] [32mBuilding CXX object CMakeFiles/uuv_control_msgs__rosidl_typesupport_introspection_cpp.dir/rosidl_typesupport_introspection_cpp/uuv_control_msgs/srv/detail/is_running_trajectory__type_support.cpp.o[0m
[22.757s] [ 46%] [32mBuilding CXX object CMakeFiles/uuv_control_msgs__rosidl_typesupport_introspection_cpp.dir/rosidl_typesupport_introspection_cpp/uuv_control_msgs/srv/detail/init_waypoint_set__type_support.cpp.o[0m
[22.908s] [ 47%] [32mBuilding CXX object CMakeFiles/uuv_control_msgs__rosidl_typesupport_introspection_cpp.dir/rosidl_typesupport_introspection_cpp/uuv_control_msgs/srv/detail/init_rect_trajectory__type_support.cpp.o[0m
[22.943s] [ 47%] [32mBuilding CXX object CMakeFiles/uuv_control_msgs__rosidl_typesupport_introspection_cpp.dir/rosidl_typesupport_introspection_cpp/uuv_control_msgs/srv/detail/start_trajectory__type_support.cpp.o[0m
[23.056s] [ 48%] [32mBuilding CXX object CMakeFiles/uuv_control_msgs__rosidl_typesupport_introspection_cpp.dir/rosidl_typesupport_introspection_cpp/uuv_control_msgs/srv/detail/switch_to_automatic__type_support.cpp.o[0m
[23.311s] [ 48%] [32mBuilding CXX object CMakeFiles/uuv_control_msgs__rosidl_typesupport_introspection_cpp.dir/rosidl_typesupport_introspection_cpp/uuv_control_msgs/srv/detail/switch_to_manual__type_support.cpp.o[0m
[23.327s] [ 48%] [32mBuilding CXX object CMakeFiles/uuv_control_msgs__rosidl_typesupport_introspection_cpp.dir/rosidl_typesupport_introspection_cpp/uuv_control_msgs/srv/detail/set_pid_params__type_support.cpp.o[0m
[23.404s] [ 49%] [32mBuilding CXX object CMakeFiles/uuv_control_msgs__rosidl_typesupport_introspection_cpp.dir/rosidl_typesupport_introspection_cpp/uuv_control_msgs/srv/detail/get_pid_params__type_support.cpp.o[0m
[23.496s] [ 49%] [32mBuilding CXX object CMakeFiles/uuv_control_msgs__rosidl_typesupport_introspection_cpp.dir/rosidl_typesupport_introspection_cpp/uuv_control_msgs/srv/detail/set_sm_controller_params__type_support.cpp.o[0m
[23.506s] [ 50%] [32mBuilding CXX object CMakeFiles/uuv_control_msgs__rosidl_typesupport_introspection_cpp.dir/rosidl_typesupport_introspection_cpp/uuv_control_msgs/srv/detail/get_sm_controller_params__type_support.cpp.o[0m
[23.603s] [ 50%] [32mBuilding CXX object CMakeFiles/uuv_control_msgs__rosidl_typesupport_introspection_cpp.dir/rosidl_typesupport_introspection_cpp/uuv_control_msgs/srv/detail/set_mbsm_controller_params__type_support.cpp.o[0m
[23.633s] [ 50%] [32mBuilding CXX object CMakeFiles/uuv_control_msgs__rosidl_typesupport_introspection_cpp.dir/rosidl_typesupport_introspection_cpp/uuv_control_msgs/srv/detail/reset_controller__type_support.cpp.o[0m
[23.643s] [ 51%] [32mBuilding CXX object CMakeFiles/uuv_control_msgs__rosidl_typesupport_introspection_cpp.dir/rosidl_typesupport_introspection_cpp/uuv_control_msgs/srv/detail/get_mbsm_controller_params__type_support.cpp.o[0m
[24.243s] [ 52%] [32mBuilding CXX object CMakeFiles/uuv_control_msgs__rosidl_typesupport_fastrtps_cpp.dir/rosidl_typesupport_fastrtps_cpp/uuv_control_msgs/msg/detail/dds_fastrtps/trajectory_point__type_support.cpp.o[0m
[24.253s] [ 52%] [32mBuilding CXX object CMakeFiles/uuv_control_msgs__rosidl_typesupport_fastrtps_cpp.dir/rosidl_typesupport_fastrtps_cpp/uuv_control_msgs/msg/detail/dds_fastrtps/trajectory__type_support.cpp.o[0m
[24.298s] [ 52%] [32mBuilding CXX object CMakeFiles/uuv_control_msgs__rosidl_typesupport_fastrtps_cpp.dir/rosidl_typesupport_fastrtps_cpp/uuv_control_msgs/msg/detail/dds_fastrtps/waypoint__type_support.cpp.o[0m
[24.391s] [ 52%] [32mBuilding CXX object CMakeFiles/uuv_control_msgs__rosidl_typesupport_fastrtps_cpp.dir/rosidl_typesupport_fastrtps_cpp/uuv_control_msgs/msg/detail/dds_fastrtps/waypoint_set__type_support.cpp.o[0m
[24.595s] [ 53%] [32mBuilding CXX object CMakeFiles/uuv_control_msgs__rosidl_typesupport_fastrtps_cpp.dir/rosidl_typesupport_fastrtps_cpp/uuv_control_msgs/srv/detail/dds_fastrtps/add_waypoint__type_support.cpp.o[0m
[24.667s] [ 53%] [32mBuilding CXX object CMakeFiles/uuv_control_msgs__rosidl_typesupport_fastrtps_cpp.dir/rosidl_typesupport_fastrtps_cpp/uuv_control_msgs/srv/detail/dds_fastrtps/clear_waypoints__type_support.cpp.o[0m
[24.724s] [ 54%] [32mBuilding CXX object CMakeFiles/uuv_control_msgs__rosidl_typesupport_fastrtps_cpp.dir/rosidl_typesupport_fastrtps_cpp/uuv_control_msgs/srv/detail/dds_fastrtps/init_circular_trajectory__type_support.cpp.o[0m
[24.729s] [ 54%] [32mBuilding C object CMakeFiles/uuv_control_msgs__rosidl_typesupport_introspection_c.dir/rosidl_typesupport_introspection_c/uuv_control_msgs/msg/detail/waypoint__type_support.c.o[0m
[24.732s] [ 54%] [32mBuilding C object CMakeFiles/uuv_control_msgs__rosidl_typesupport_introspection_c.dir/rosidl_typesupport_introspection_c/uuv_control_msgs/msg/detail/trajectory__type_support.c.o[0m
[24.764s] [ 55%] [32mBuilding C object CMakeFiles/uuv_control_msgs__rosidl_typesupport_introspection_c.dir/rosidl_typesupport_introspection_c/uuv_control_msgs/msg/detail/trajectory_point__type_support.c.o[0m
[24.774s] [ 55%] [32mBuilding CXX object CMakeFiles/uuv_control_msgs__rosidl_typesupport_fastrtps_cpp.dir/rosidl_typesupport_fastrtps_cpp/uuv_control_msgs/srv/detail/dds_fastrtps/init_helical_trajectory__type_support.cpp.o[0m
[24.784s] [ 56%] [32mBuilding CXX object CMakeFiles/uuv_control_msgs__rosidl_typesupport_fastrtps_cpp.dir/rosidl_typesupport_fastrtps_cpp/uuv_control_msgs/srv/detail/dds_fastrtps/init_waypoints_from_file__type_support.cpp.o[0m
[24.802s] [ 57%] [32mBuilding C object CMakeFiles/uuv_control_msgs__rosidl_typesupport_introspection_c.dir/rosidl_typesupport_introspection_c/uuv_control_msgs/msg/detail/waypoint_set__type_support.c.o[0m
[24.857s] [ 57%] [32mBuilding CXX object CMakeFiles/uuv_control_msgs__rosidl_typesupport_fastrtps_c.dir/rosidl_typesupport_fastrtps_c/uuv_control_msgs/msg/detail/trajectory__type_support_c.cpp.o[0m
[24.919s] [ 58%] [32mBuilding CXX object CMakeFiles/uuv_control_msgs__rosidl_typesupport_fastrtps_c.dir/rosidl_typesupport_fastrtps_c/uuv_control_msgs/msg/detail/trajectory_point__type_support_c.cpp.o[0m
[24.943s] [ 58%] [32mBuilding CXX object CMakeFiles/uuv_control_msgs__rosidl_typesupport_fastrtps_c.dir/rosidl_typesupport_fastrtps_c/uuv_control_msgs/msg/detail/waypoint__type_support_c.cpp.o[0m
[24.963s] [ 58%] [32mBuilding C object CMakeFiles/uuv_control_msgs__rosidl_typesupport_introspection_c.dir/rosidl_typesupport_introspection_c/uuv_control_msgs/srv/detail/add_waypoint__type_support.c.o[0m
[24.992s] [ 58%] [32mBuilding C object CMakeFiles/uuv_control_msgs__rosidl_typesupport_introspection_c.dir/rosidl_typesupport_introspection_c/uuv_control_msgs/srv/detail/clear_waypoints__type_support.c.o[0m
[25.017s] [ 58%] [32mBuilding CXX object CMakeFiles/uuv_control_msgs__rosidl_typesupport_fastrtps_c.dir/rosidl_typesupport_fastrtps_c/uuv_control_msgs/msg/detail/waypoint_set__type_support_c.cpp.o[0m
[25.104s] [ 59%] [32mBuilding C object CMakeFiles/uuv_control_msgs__rosidl_typesupport_introspection_c.dir/rosidl_typesupport_introspection_c/uuv_control_msgs/srv/detail/init_circular_trajectory__type_support.c.o[0m
[25.137s] [ 60%] [32mBuilding CXX object CMakeFiles/uuv_control_msgs__rosidl_typesupport_fastrtps_c.dir/rosidl_typesupport_fastrtps_c/uuv_control_msgs/srv/detail/add_waypoint__type_support_c.cpp.o[0m
[25.215s] [ 61%] [32m[1mLinking CXX shared library libuuv_control_msgs__rosidl_typesupport_introspection_cpp.so[0m
[25.341s] [ 61%] [32mBuilding CXX object CMakeFiles/uuv_control_msgs__rosidl_typesupport_fastrtps_c.dir/rosidl_typesupport_fastrtps_c/uuv_control_msgs/srv/detail/clear_waypoints__type_support_c.cpp.o[0m
[25.342s] [ 61%] [32mBuilding C object CMakeFiles/uuv_control_msgs__rosidl_typesupport_introspection_c.dir/rosidl_typesupport_introspection_c/uuv_control_msgs/srv/detail/init_helical_trajectory__type_support.c.o[0m
[25.441s] [ 61%] [32mBuilding CXX object CMakeFiles/uuv_control_msgs__rosidl_typesupport_fastrtps_cpp.dir/rosidl_typesupport_fastrtps_cpp/uuv_control_msgs/srv/detail/dds_fastrtps/get_waypoints__type_support.cpp.o[0m
[25.510s] [ 62%] [32mBuilding C object CMakeFiles/uuv_control_msgs__rosidl_typesupport_introspection_c.dir/rosidl_typesupport_introspection_c/uuv_control_msgs/srv/detail/init_waypoints_from_file__type_support.c.o[0m
[25.533s] [ 62%] Built target uuv_control_msgs__rosidl_typesupport_introspection_cpp
[25.559s] [ 62%] [32mBuilding CXX object CMakeFiles/uuv_control_msgs__rosidl_typesupport_fastrtps_cpp.dir/rosidl_typesupport_fastrtps_cpp/uuv_control_msgs/srv/detail/dds_fastrtps/go_to__type_support.cpp.o[0m
[25.637s] [ 63%] [32mBuilding CXX object CMakeFiles/uuv_control_msgs__rosidl_typesupport_fastrtps_c.dir/rosidl_typesupport_fastrtps_c/uuv_control_msgs/srv/detail/init_circular_trajectory__type_support_c.cpp.o[0m
[25.642s] [ 63%] [32mBuilding C object CMakeFiles/uuv_control_msgs__rosidl_typesupport_introspection_c.dir/rosidl_typesupport_introspection_c/uuv_control_msgs/srv/detail/get_waypoints__type_support.c.o[0m
[25.835s] [ 63%] [32mBuilding C object CMakeFiles/uuv_control_msgs__rosidl_typesupport_introspection_c.dir/rosidl_typesupport_introspection_c/uuv_control_msgs/srv/detail/go_to_incremental__type_support.c.o[0m
[25.840s] [ 64%] [32mBuilding C object CMakeFiles/uuv_control_msgs__rosidl_typesupport_introspection_c.dir/rosidl_typesupport_introspection_c/uuv_control_msgs/srv/detail/go_to__type_support.c.o[0m
[25.935s] [ 64%] [32mBuilding C object CMakeFiles/uuv_control_msgs__rosidl_typesupport_introspection_c.dir/rosidl_typesupport_introspection_c/uuv_control_msgs/srv/detail/hold__type_support.c.o[0m
[25.954s] [ 64%] [32mBuilding CXX object CMakeFiles/uuv_control_msgs__rosidl_typesupport_fastrtps_c.dir/rosidl_typesupport_fastrtps_c/uuv_control_msgs/srv/detail/init_helical_trajectory__type_support_c.cpp.o[0m
[25.966s] [ 65%] [32mBuilding CXX object CMakeFiles/uuv_control_msgs__rosidl_typesupport_fastrtps_cpp.dir/rosidl_typesupport_fastrtps_cpp/uuv_control_msgs/srv/detail/dds_fastrtps/hold__type_support.cpp.o[0m
[25.968s] [ 65%] [32mBuilding CXX object CMakeFiles/uuv_control_msgs__rosidl_typesupport_fastrtps_cpp.dir/rosidl_typesupport_fastrtps_cpp/uuv_control_msgs/srv/detail/dds_fastrtps/go_to_incremental__type_support.cpp.o[0m
[26.003s] [ 66%] [32mBuilding C object CMakeFiles/uuv_control_msgs__rosidl_typesupport_introspection_c.dir/rosidl_typesupport_introspection_c/uuv_control_msgs/srv/detail/is_running_trajectory__type_support.c.o[0m
[26.115s] [ 67%] [32mBuilding CXX object CMakeFiles/uuv_control_msgs__rosidl_typesupport_fastrtps_c.dir/rosidl_typesupport_fastrtps_c/uuv_control_msgs/srv/detail/init_waypoints_from_file__type_support_c.cpp.o[0m
[26.115s] [ 67%] [32mBuilding C object CMakeFiles/uuv_control_msgs__rosidl_typesupport_introspection_c.dir/rosidl_typesupport_introspection_c/uuv_control_msgs/srv/detail/init_waypoint_set__type_support.c.o[0m
[26.116s] [ 68%] [32mBuilding CXX object CMakeFiles/uuv_control_msgs__rosidl_typesupport_fastrtps_cpp.dir/rosidl_typesupport_fastrtps_cpp/uuv_control_msgs/srv/detail/dds_fastrtps/is_running_trajectory__type_support.cpp.o[0m
[26.118s] [ 68%] [32mBuilding CXX object CMakeFiles/uuv_control_msgs__rosidl_typesupport_fastrtps_c.dir/rosidl_typesupport_fastrtps_c/uuv_control_msgs/srv/detail/get_waypoints__type_support_c.cpp.o[0m
[26.135s] [ 68%] [32mBuilding CXX object CMakeFiles/uuv_control_msgs__rosidl_typesupport_fastrtps_cpp.dir/rosidl_typesupport_fastrtps_cpp/uuv_control_msgs/srv/detail/dds_fastrtps/init_waypoint_set__type_support.cpp.o[0m
[26.189s] [ 69%] [32mBuilding C object CMakeFiles/uuv_control_msgs__rosidl_typesupport_introspection_c.dir/rosidl_typesupport_introspection_c/uuv_control_msgs/srv/detail/init_rect_trajectory__type_support.c.o[0m
[26.256s] [ 69%] [32mBuilding CXX object CMakeFiles/uuv_control_msgs__rosidl_typesupport_fastrtps_c.dir/rosidl_typesupport_fastrtps_c/uuv_control_msgs/srv/detail/go_to__type_support_c.cpp.o[0m
[26.273s] [ 70%] [32mBuilding CXX object CMakeFiles/uuv_control_msgs__rosidl_typesupport_fastrtps_c.dir/rosidl_typesupport_fastrtps_c/uuv_control_msgs/srv/detail/go_to_incremental__type_support_c.cpp.o[0m
[26.319s] [ 71%] [32mBuilding CXX object CMakeFiles/uuv_control_msgs__rosidl_typesupport_fastrtps_cpp.dir/rosidl_typesupport_fastrtps_cpp/uuv_control_msgs/srv/detail/dds_fastrtps/init_rect_trajectory__type_support.cpp.o[0m
[26.323s] [ 71%] [32mBuilding C object CMakeFiles/uuv_control_msgs__rosidl_typesupport_introspection_c.dir/rosidl_typesupport_introspection_c/uuv_control_msgs/srv/detail/start_trajectory__type_support.c.o[0m
[26.353s] [ 72%] [32mBuilding C object CMakeFiles/uuv_control_msgs__rosidl_typesupport_introspection_c.dir/rosidl_typesupport_introspection_c/uuv_control_msgs/srv/detail/switch_to_automatic__type_support.c.o[0m
[26.382s] [ 72%] [32mBuilding CXX object CMakeFiles/uuv_control_msgs__rosidl_typesupport_fastrtps_c.dir/rosidl_typesupport_fastrtps_c/uuv_control_msgs/srv/detail/hold__type_support_c.cpp.o[0m
[26.433s] [ 72%] [32mBuilding C object CMakeFiles/uuv_control_msgs__rosidl_typesupport_introspection_c.dir/rosidl_typesupport_introspection_c/uuv_control_msgs/srv/detail/switch_to_manual__type_support.c.o[0m
[26.473s] [ 72%] [32mBuilding C object CMakeFiles/uuv_control_msgs__rosidl_typesupport_introspection_c.dir/rosidl_typesupport_introspection_c/uuv_control_msgs/srv/detail/set_pid_params__type_support.c.o[0m
[26.508s] [ 72%] [32mBuilding CXX object CMakeFiles/uuv_control_msgs__rosidl_typesupport_fastrtps_cpp.dir/rosidl_typesupport_fastrtps_cpp/uuv_control_msgs/srv/detail/dds_fastrtps/start_trajectory__type_support.cpp.o[0m
[26.607s] [ 72%] [32mBuilding CXX object CMakeFiles/uuv_control_msgs__rosidl_typesupport_fastrtps_cpp.dir/rosidl_typesupport_fastrtps_cpp/uuv_control_msgs/srv/detail/dds_fastrtps/switch_to_automatic__type_support.cpp.o[0m
[26.624s] [ 72%] [32mBuilding C object CMakeFiles/uuv_control_msgs__rosidl_typesupport_introspection_c.dir/rosidl_typesupport_introspection_c/uuv_control_msgs/srv/detail/set_sm_controller_params__type_support.c.o[0m
[26.637s] [ 73%] [32mBuilding C object CMakeFiles/uuv_control_msgs__rosidl_typesupport_introspection_c.dir/rosidl_typesupport_introspection_c/uuv_control_msgs/srv/detail/get_pid_params__type_support.c.o[0m
[26.730s] [ 74%] [32mBuilding CXX object CMakeFiles/uuv_control_msgs__rosidl_typesupport_fastrtps_c.dir/rosidl_typesupport_fastrtps_c/uuv_control_msgs/srv/detail/is_running_trajectory__type_support_c.cpp.o[0m
[26.822s] [ 75%] [32mBuilding C object CMakeFiles/uuv_control_msgs__rosidl_typesupport_introspection_c.dir/rosidl_typesupport_introspection_c/uuv_control_msgs/srv/detail/get_sm_controller_params__type_support.c.o[0m
[26.910s] [ 75%] [32mBuilding C object CMakeFiles/uuv_control_msgs__rosidl_typesupport_introspection_c.dir/rosidl_typesupport_introspection_c/uuv_control_msgs/srv/detail/set_mbsm_controller_params__type_support.c.o[0m
[26.964s] [ 75%] [32mBuilding CXX object CMakeFiles/uuv_control_msgs__rosidl_typesupport_fastrtps_c.dir/rosidl_typesupport_fastrtps_c/uuv_control_msgs/srv/detail/init_waypoint_set__type_support_c.cpp.o[0m
[27.093s] [ 76%] [32mBuilding C object CMakeFiles/uuv_control_msgs__rosidl_typesupport_introspection_c.dir/rosidl_typesupport_introspection_c/uuv_control_msgs/srv/detail/get_mbsm_controller_params__type_support.c.o[0m
[27.105s] [ 77%] [32mBuilding CXX object CMakeFiles/uuv_control_msgs__rosidl_typesupport_fastrtps_c.dir/rosidl_typesupport_fastrtps_c/uuv_control_msgs/srv/detail/init_rect_trajectory__type_support_c.cpp.o[0m
[27.107s] [ 77%] [32mBuilding CXX object CMakeFiles/uuv_control_msgs__rosidl_typesupport_fastrtps_c.dir/rosidl_typesupport_fastrtps_c/uuv_control_msgs/srv/detail/start_trajectory__type_support_c.cpp.o[0m
[27.122s] [ 78%] [32mBuilding CXX object CMakeFiles/uuv_control_msgs__rosidl_typesupport_fastrtps_cpp.dir/rosidl_typesupport_fastrtps_cpp/uuv_control_msgs/srv/detail/dds_fastrtps/switch_to_manual__type_support.cpp.o[0m
[27.273s] [ 78%] [32mBuilding CXX object CMakeFiles/uuv_control_msgs__rosidl_typesupport_fastrtps_cpp.dir/rosidl_typesupport_fastrtps_cpp/uuv_control_msgs/srv/detail/dds_fastrtps/set_pid_params__type_support.cpp.o[0m
[27.380s] [ 79%] [32mBuilding CXX object CMakeFiles/uuv_control_msgs__rosidl_typesupport_fastrtps_cpp.dir/rosidl_typesupport_fastrtps_cpp/uuv_control_msgs/srv/detail/dds_fastrtps/get_pid_params__type_support.cpp.o[0m
[27.392s] [ 80%] [32mBuilding CXX object CMakeFiles/uuv_control_msgs__rosidl_typesupport_fastrtps_c.dir/rosidl_typesupport_fastrtps_c/uuv_control_msgs/srv/detail/switch_to_automatic__type_support_c.cpp.o[0m
[27.399s] [ 80%] [32mBuilding C object CMakeFiles/uuv_control_msgs__rosidl_typesupport_introspection_c.dir/rosidl_typesupport_introspection_c/uuv_control_msgs/srv/detail/reset_controller__type_support.c.o[0m
[27.481s] [ 80%] [32mBuilding CXX object CMakeFiles/uuv_control_msgs__rosidl_typesupport_fastrtps_cpp.dir/rosidl_typesupport_fastrtps_cpp/uuv_control_msgs/srv/detail/dds_fastrtps/set_sm_controller_params__type_support.cpp.o[0m
[27.481s] [ 80%] [32mBuilding CXX object CMakeFiles/uuv_control_msgs__rosidl_typesupport_fastrtps_c.dir/rosidl_typesupport_fastrtps_c/uuv_control_msgs/srv/detail/switch_to_manual__type_support_c.cpp.o[0m
[27.520s] [ 81%] [32mBuilding CXX object CMakeFiles/uuv_control_msgs__rosidl_typesupport_fastrtps_cpp.dir/rosidl_typesupport_fastrtps_cpp/uuv_control_msgs/srv/detail/dds_fastrtps/get_sm_controller_params__type_support.cpp.o[0m
[27.578s] [ 81%] [32mBuilding CXX object CMakeFiles/uuv_control_msgs__rosidl_typesupport_fastrtps_cpp.dir/rosidl_typesupport_fastrtps_cpp/uuv_control_msgs/srv/detail/dds_fastrtps/set_mbsm_controller_params__type_support.cpp.o[0m
[27.583s] [ 82%] [32m[1mLinking C shared library libuuv_control_msgs__rosidl_typesupport_introspection_c.so[0m
[27.632s] [ 82%] [32mBuilding CXX object CMakeFiles/uuv_control_msgs__rosidl_typesupport_fastrtps_c.dir/rosidl_typesupport_fastrtps_c/uuv_control_msgs/srv/detail/set_pid_params__type_support_c.cpp.o[0m
[27.712s] [ 83%] [32mBuilding CXX object CMakeFiles/uuv_control_msgs__rosidl_typesupport_fastrtps_c.dir/rosidl_typesupport_fastrtps_c/uuv_control_msgs/srv/detail/get_pid_params__type_support_c.cpp.o[0m
[27.802s] [ 83%] [32mBuilding CXX object CMakeFiles/uuv_control_msgs__rosidl_typesupport_fastrtps_c.dir/rosidl_typesupport_fastrtps_c/uuv_control_msgs/srv/detail/set_sm_controller_params__type_support_c.cpp.o[0m
[27.809s] [ 84%] [32mBuilding CXX object CMakeFiles/uuv_control_msgs__rosidl_typesupport_fastrtps_cpp.dir/rosidl_typesupport_fastrtps_cpp/uuv_control_msgs/srv/detail/dds_fastrtps/get_mbsm_controller_params__type_support.cpp.o[0m
[27.853s] [ 84%] Built target uuv_control_msgs__rosidl_typesupport_introspection_c
[27.897s] [ 85%] [32mBuilding CXX object CMakeFiles/uuv_control_msgs__rosidl_typesupport_fastrtps_c.dir/rosidl_typesupport_fastrtps_c/uuv_control_msgs/srv/detail/get_sm_controller_params__type_support_c.cpp.o[0m
[27.904s] [ 85%] [32mBuilding CXX object CMakeFiles/uuv_control_msgs__rosidl_typesupport_fastrtps_c.dir/rosidl_typesupport_fastrtps_c/uuv_control_msgs/srv/detail/set_mbsm_controller_params__type_support_c.cpp.o[0m
[27.969s] [ 85%] [32mBuilding CXX object CMakeFiles/uuv_control_msgs__rosidl_typesupport_fastrtps_cpp.dir/rosidl_typesupport_fastrtps_cpp/uuv_control_msgs/srv/detail/dds_fastrtps/reset_controller__type_support.cpp.o[0m
[28.085s] [ 86%] [32mBuilding CXX object CMakeFiles/uuv_control_msgs__rosidl_typesupport_fastrtps_c.dir/rosidl_typesupport_fastrtps_c/uuv_control_msgs/srv/detail/get_mbsm_controller_params__type_support_c.cpp.o[0m
[28.270s] [ 86%] [32mBuilding CXX object CMakeFiles/uuv_control_msgs__rosidl_typesupport_fastrtps_c.dir/rosidl_typesupport_fastrtps_c/uuv_control_msgs/srv/detail/reset_controller__type_support_c.cpp.o[0m
[29.218s] [ 86%] [32m[1mLinking CXX shared library libuuv_control_msgs__rosidl_typesupport_fastrtps_c.so[0m
[29.304s] [ 86%] [32m[1mLinking CXX shared library libuuv_control_msgs__rosidl_typesupport_fastrtps_cpp.so[0m
[29.430s] [ 86%] Built target uuv_control_msgs__rosidl_typesupport_fastrtps_c
[29.627s] [ 86%] Built target uuv_control_msgs__rosidl_typesupport_fastrtps_cpp
[29.737s] [ 86%] Built target uuv_control_msgs
[29.852s] [ 86%] [34m[1mGenerating Python code for ROS interfaces[0m
[36.757s] [ 86%] Built target uuv_control_msgs__py
[36.793s] [ 88%] [32mBuilding C object CMakeFiles/uuv_control_msgs__rosidl_generator_py.dir/rosidl_generator_py/uuv_control_msgs/srv/_add_waypoint_s.c.o[0m
[36.794s] [ 88%] [32mBuilding C object CMakeFiles/uuv_control_msgs__rosidl_generator_py.dir/rosidl_generator_py/uuv_control_msgs/msg/_trajectory_s.c.o[0m
[36.794s] [ 88%] [32mBuilding C object CMakeFiles/uuv_control_msgs__rosidl_generator_py.dir/rosidl_generator_py/uuv_control_msgs/msg/_trajectory_point_s.c.o[0m
[36.794s] [ 89%] [32mBuilding C object CMakeFiles/uuv_control_msgs__rosidl_generator_py.dir/rosidl_generator_py/uuv_control_msgs/msg/_waypoint_s.c.o[0m
[36.794s] [ 89%] [32mBuilding C object CMakeFiles/uuv_control_msgs__rosidl_generator_py.dir/rosidl_generator_py/uuv_control_msgs/msg/_waypoint_set_s.c.o[0m
[36.798s] [ 89%] [32mBuilding C object CMakeFiles/uuv_control_msgs__rosidl_generator_py.dir/rosidl_generator_py/uuv_control_msgs/srv/_clear_waypoints_s.c.o[0m
[36.947s] [ 89%] [32mBuilding C object CMakeFiles/uuv_control_msgs__rosidl_generator_py.dir/rosidl_generator_py/uuv_control_msgs/srv/_init_rect_trajectory_s.c.o[0m
[36.951s] [ 90%] [32mBuilding C object CMakeFiles/uuv_control_msgs__rosidl_generator_py.dir/rosidl_generator_py/uuv_control_msgs/srv/_is_running_trajectory_s.c.o[0m
[36.955s] [ 90%] [32mBuilding C object CMakeFiles/uuv_control_msgs__rosidl_generator_py.dir/rosidl_generator_py/uuv_control_msgs/srv/_init_waypoint_set_s.c.o[0m
[36.964s] [ 90%] [32mBuilding C object CMakeFiles/uuv_control_msgs__rosidl_generator_py.dir/rosidl_generator_py/uuv_control_msgs/srv/_hold_s.c.o[0m
[36.976s] [ 91%] [32mBuilding C object CMakeFiles/uuv_control_msgs__rosidl_generator_py.dir/rosidl_generator_py/uuv_control_msgs/srv/_go_to_incremental_s.c.o[0m
[36.998s] [ 91%] [32mBuilding C object CMakeFiles/uuv_control_msgs__rosidl_generator_py.dir/rosidl_generator_py/uuv_control_msgs/srv/_init_waypoints_from_file_s.c.o[0m
[37.009s] [ 92%] [32mBuilding C object CMakeFiles/uuv_control_msgs__rosidl_generator_py.dir/rosidl_generator_py/uuv_control_msgs/srv/_get_waypoints_s.c.o[0m
[37.017s] [ 92%] [32mBuilding C object CMakeFiles/uuv_control_msgs__rosidl_generator_py.dir/rosidl_generator_py/uuv_control_msgs/srv/_go_to_s.c.o[0m
[37.075s] [ 93%] [32mBuilding C object CMakeFiles/uuv_control_msgs__rosidl_generator_py.dir/rosidl_generator_py/uuv_control_msgs/srv/_get_pid_params_s.c.o[0m
[37.177s] [ 93%] [32mBuilding C object CMakeFiles/uuv_control_msgs__rosidl_generator_py.dir/rosidl_generator_py/uuv_control_msgs/srv/_set_sm_controller_params_s.c.o[0m
[37.185s] [ 94%] [32mBuilding C object CMakeFiles/uuv_control_msgs__rosidl_generator_py.dir/rosidl_generator_py/uuv_control_msgs/srv/_set_mbsm_controller_params_s.c.o[0m
[37.198s] [ 94%] [32mBuilding C object CMakeFiles/uuv_control_msgs__rosidl_generator_py.dir/rosidl_generator_py/uuv_control_msgs/srv/_get_sm_controller_params_s.c.o[0m
[37.201s] [ 95%] [32mBuilding C object CMakeFiles/uuv_control_msgs__rosidl_generator_py.dir/rosidl_generator_py/uuv_control_msgs/srv/_reset_controller_s.c.o[0m
[37.209s] [ 95%] [32mBuilding C object CMakeFiles/uuv_control_msgs__rosidl_generator_py.dir/rosidl_generator_py/uuv_control_msgs/srv/_get_mbsm_controller_params_s.c.o[0m
[37.251s] [ 95%] [32mBuilding C object CMakeFiles/uuv_control_msgs__rosidl_generator_py.dir/rosidl_generator_py/uuv_control_msgs/srv/_set_pid_params_s.c.o[0m
[37.269s] [ 96%] [32mBuilding C object CMakeFiles/uuv_control_msgs__rosidl_generator_py.dir/rosidl_generator_py/uuv_control_msgs/srv/_switch_to_manual_s.c.o[0m
[37.275s] [ 96%] [32mBuilding C object CMakeFiles/uuv_control_msgs__rosidl_generator_py.dir/rosidl_generator_py/uuv_control_msgs/srv/_switch_to_automatic_s.c.o[0m
[37.404s] [ 97%] [32mBuilding C object CMakeFiles/uuv_control_msgs__rosidl_generator_py.dir/rosidl_generator_py/uuv_control_msgs/srv/_start_trajectory_s.c.o[0m
[37.414s] [ 98%] [32mBuilding C object CMakeFiles/uuv_control_msgs__rosidl_generator_py.dir/rosidl_generator_py/uuv_control_msgs/srv/_init_circular_trajectory_s.c.o[0m
[37.416s] [ 98%] [32mBuilding C object CMakeFiles/uuv_control_msgs__rosidl_generator_py.dir/rosidl_generator_py/uuv_control_msgs/srv/_init_helical_trajectory_s.c.o[0m
[37.604s] [ 98%] [32m[1mLinking C shared library rosidl_generator_py/uuv_control_msgs/libuuv_control_msgs__rosidl_generator_py.so[0m
[37.674s] [ 98%] Built target uuv_control_msgs__rosidl_generator_py
[37.709s] [ 99%] [32mBuilding C object CMakeFiles/uuv_control_msgs__rosidl_typesupport_c__pyext.dir/rosidl_generator_py/uuv_control_msgs/_uuv_control_msgs_s.ep.rosidl_typesupport_c.c.o[0m
[37.709s] [ 99%] [32mBuilding C object CMakeFiles/uuv_control_msgs__rosidl_typesupport_introspection_c__pyext.dir/rosidl_generator_py/uuv_control_msgs/_uuv_control_msgs_s.ep.rosidl_typesupport_introspection_c.c.o[0m
[37.710s] [100%] [32mBuilding C object CMakeFiles/uuv_control_msgs__rosidl_typesupport_fastrtps_c__pyext.dir/rosidl_generator_py/uuv_control_msgs/_uuv_control_msgs_s.ep.rosidl_typesupport_fastrtps_c.c.o[0m
[38.033s] [100%] [32m[1mLinking C shared library rosidl_generator_py/uuv_control_msgs/uuv_control_msgs_s__rosidl_typesupport_introspection_c.cpython-310-x86_64-linux-gnu.so[0m
[38.065s] [100%] [32m[1mLinking C shared library rosidl_generator_py/uuv_control_msgs/uuv_control_msgs_s__rosidl_typesupport_c.cpython-310-x86_64-linux-gnu.so[0m
[38.069s] [100%] [32m[1mLinking C shared library rosidl_generator_py/uuv_control_msgs/uuv_control_msgs_s__rosidl_typesupport_fastrtps_c.cpython-310-x86_64-linux-gnu.so[0m
[38.104s] [100%] Built target uuv_control_msgs__rosidl_typesupport_introspection_c__pyext
[38.116s] [100%] Built target uuv_control_msgs__rosidl_typesupport_c__pyext
[38.124s] [100%] Built target uuv_control_msgs__rosidl_typesupport_fastrtps_c__pyext
[38.142s] Invoked command in '/home/sunny/catkin_ws/build/uuv_control_msgs' returned '0': CMAKE_PREFIX_PATH=${CMAKE_PREFIX_PATH}:/home/sunny/catkin_ws/install/beluga_adapter:/opt/ros/humble /usr/bin/cmake --build /home/sunny/catkin_ws/build/uuv_control_msgs -- -j16 -l16
