-- Found gazebo_ros: 3.7.0 (/opt/ros/humble/share/gazebo_ros/cmake)
-- Found rosidl_generator_c: 3.1.5 (/opt/ros/humble/share/rosidl_generator_c/cmake)
-- Found rosidl_adapter: 3.1.5 (/opt/ros/humble/share/rosidl_adapter/cmake)
-- Found rosidl_generator_cpp: 3.1.5 (/opt/ros/humble/share/rosidl_generator_cpp/cmake)
-- Using all available rosidl_typesupport_c: rosidl_typesupport_fastrtps_c;rosidl_typesupport_introspection_c
-- Using all available rosidl_typesupport_cpp: rosidl_typesupport_fastrtps_cpp;rosidl_typesupport_introspection_cpp
-- Found rmw_implementation_cmake: 6.1.1 (/opt/ros/humble/share/rmw_implementation_cmake/cmake)
-- Found rmw_fastrtps_cpp: 6.2.5 (/opt/ros/humble/share/rmw_fastrtps_cpp/cmake)
-- Using RMW implementation 'rmw_fastrtps_cpp' as default
-- Found DART: /usr/include (Required is at least version "6.6") found components: dart 
-- Found Protobuf: /usr/lib/x86_64-linux-gnu/libprotobuf.so (found version "3.12.4") 
-- Looking for ignition-math6 -- found version 6.15.0
-- Searching for dependencies of ignition-math6
-- Looking for OGRE...
-- Found Ogre Ghadamon (1.9.0)
-- Found OGRE: optimized;/usr/lib/x86_64-linux-gnu/libOgreMain.so;debug;/usr/lib/x86_64-linux-gnu/libOgreMain.so
-- Looking for OGRE_Paging...
-- Found OGRE_Paging: optimized;/usr/lib/x86_64-linux-gnu/libOgrePaging.so;debug;/usr/lib/x86_64-linux-gnu/libOgrePaging.so
-- Looking for OGRE_Terrain...
-- Found OGRE_Terrain: optimized;/usr/lib/x86_64-linux-gnu/libOgreTerrain.so;debug;/usr/lib/x86_64-linux-gnu/libOgreTerrain.so
-- Looking for OGRE_Property...
-- Found OGRE_Property: optimized;/usr/lib/x86_64-linux-gnu/libOgreProperty.so;debug;/usr/lib/x86_64-linux-gnu/libOgreProperty.so
-- Looking for OGRE_RTShaderSystem...
-- Found OGRE_RTShaderSystem: optimized;/usr/lib/x86_64-linux-gnu/libOgreRTShaderSystem.so;debug;/usr/lib/x86_64-linux-gnu/libOgreRTShaderSystem.so
-- Looking for OGRE_Volume...
-- Found OGRE_Volume: optimized;/usr/lib/x86_64-linux-gnu/libOgreVolume.so;debug;/usr/lib/x86_64-linux-gnu/libOgreVolume.so
-- Looking for OGRE_Overlay...
-- Found OGRE_Overlay: optimized;/usr/lib/x86_64-linux-gnu/libOgreOverlay.so;debug;/usr/lib/x86_64-linux-gnu/libOgreOverlay.so
-- Looking for ignition-math6 -- found version 6.15.0
-- Looking for ignition-transport8 -- found version 8.2.1
-- Searching for dependencies of ignition-transport8
-- Found Protobuf: /usr/lib/x86_64-linux-gnu/libprotobuf.so (found suitable version "3.12.4", minimum required is "3") 
-- Config-file not installed for ZeroMQ -- checking for pkg-config
-- Checking for module 'libzmq >= 4'
--   Found libzmq , version 4.3.4
-- Checking for module 'uuid'
--   Found uuid, version 2.37.2
-- Looking for ignition-msgs5 -- found version 5.8.1
-- Searching for dependencies of ignition-msgs5
-- Looking for ignition-math6 -- found version 6.15.0
-- Checking for module 'tinyxml2'
--   Found tinyxml2, version 9.0.0
-- Looking for ignition-msgs5 -- found version 5.8.1
-- Looking for ignition-common3 -- found version 3.14.0
-- Searching for dependencies of ignition-common3
-- Looking for dlfcn.h - found
-- Looking for libdl - found
-- Searching for <ignition-common3> component [graphics]
-- Looking for ignition-common3-graphics -- found version 3.14.0
-- Searching for dependencies of ignition-common3-graphics
-- Looking for ignition-math6 -- found version 6.15.0
-- Looking for ignition-fuel_tools4 -- found version 4.4.0
-- Searching for dependencies of ignition-fuel_tools4
-- Checking for module 'jsoncpp'
--   Found jsoncpp, version 1.9.5
-- Checking for module 'libzip'
--   Found libzip, version 1.7.3
-- Looking for ignition-common3 -- found version 3.14.0
-- Looking for ignition-math6 -- found version 6.15.0
-- Looking for ignition-msgs5 -- found version 5.8.1
-- Gazebo version: 11.10
-- Configuring done
-- Generating done
-- Build files have been written to: /home/sunny/catkin_ws/build/uuv_gazebo_worlds
-- Install configuration: ""
-- Up-to-date: /home/sunny/catkin_ws/install/uuv_gazebo_worlds/share/uuv_gazebo_worlds/config
-- Installing: /home/sunny/catkin_ws/install/uuv_gazebo_worlds/share/uuv_gazebo_worlds/config/auv_underwater_world.yaml
-- Installing: /home/sunny/catkin_ws/install/uuv_gazebo_worlds/share/uuv_gazebo_worlds/config/herkules_ship_wreck.yaml
-- Installing: /home/sunny/catkin_ws/install/uuv_gazebo_worlds/share/uuv_gazebo_worlds/config/mangalia.yaml
-- Installing: /home/sunny/catkin_ws/install/uuv_gazebo_worlds/share/uuv_gazebo_worlds/config/ocean_waves.yaml
-- Installing: /home/sunny/catkin_ws/install/uuv_gazebo_worlds/share/uuv_gazebo_worlds/config/munkholmen.yaml
-- Installing: /home/sunny/catkin_ws/install/uuv_gazebo_worlds/share/uuv_gazebo_worlds/config/lake.yaml
-- Installing: /home/sunny/catkin_ws/install/uuv_gazebo_worlds/share/uuv_gazebo_worlds/config/empty_uw_world.yaml
-- Up-to-date: /home/sunny/catkin_ws/install/uuv_gazebo_worlds/share/uuv_gazebo_worlds/launch
-- Installing: /home/sunny/catkin_ws/install/uuv_gazebo_worlds/share/uuv_gazebo_worlds/launch/auv_underwater_world.launch
-- Installing: /home/sunny/catkin_ws/install/uuv_gazebo_worlds/share/uuv_gazebo_worlds/launch/mangalia_manipulation.launch
-- Installing: /home/sunny/catkin_ws/install/uuv_gazebo_worlds/share/uuv_gazebo_worlds/launch/subsea_bop_panel.launch
-- Installing: /home/sunny/catkin_ws/install/uuv_gazebo_worlds/share/uuv_gazebo_worlds/launch/ocean_waves.launch
-- Installing: /home/sunny/catkin_ws/install/uuv_gazebo_worlds/share/uuv_gazebo_worlds/launch/herkules_ship_wreck.launch
-- Installing: /home/sunny/catkin_ws/install/uuv_gazebo_worlds/share/uuv_gazebo_worlds/launch/empty_underwater_world.launch
-- Installing: /home/sunny/catkin_ws/install/uuv_gazebo_worlds/share/uuv_gazebo_worlds/launch/mangalia.launch
-- Installing: /home/sunny/catkin_ws/install/uuv_gazebo_worlds/share/uuv_gazebo_worlds/launch/rov_bop_panel.launch
-- Installing: /home/sunny/catkin_ws/install/uuv_gazebo_worlds/share/uuv_gazebo_worlds/launch/lake.launch
-- Installing: /home/sunny/catkin_ws/install/uuv_gazebo_worlds/share/uuv_gazebo_worlds/launch/munkholmen.launch
-- Up-to-date: /home/sunny/catkin_ws/install/uuv_gazebo_worlds/share/uuv_gazebo_worlds/media
-- Up-to-date: /home/sunny/catkin_ws/install/uuv_gazebo_worlds/share/uuv_gazebo_worlds/media/models
-- Installing: /home/sunny/catkin_ws/install/uuv_gazebo_worlds/share/uuv_gazebo_worlds/media/models/sea_surface_1000m_x_1000m.dae
-- Up-to-date: /home/sunny/catkin_ws/install/uuv_gazebo_worlds/share/uuv_gazebo_worlds/media/materials
-- Up-to-date: /home/sunny/catkin_ws/install/uuv_gazebo_worlds/share/uuv_gazebo_worlds/media/materials/programs
-- Installing: /home/sunny/catkin_ws/install/uuv_gazebo_worlds/share/uuv_gazebo_worlds/media/materials/programs/SimpleWaves.vert
-- Installing: /home/sunny/catkin_ws/install/uuv_gazebo_worlds/share/uuv_gazebo_worlds/media/materials/programs/SimpleWaves.frag
-- Up-to-date: /home/sunny/catkin_ws/install/uuv_gazebo_worlds/share/uuv_gazebo_worlds/media/materials/scripts
-- Installing: /home/sunny/catkin_ws/install/uuv_gazebo_worlds/share/uuv_gazebo_worlds/media/materials/scripts/sand.material
-- Installing: /home/sunny/catkin_ws/install/uuv_gazebo_worlds/share/uuv_gazebo_worlds/media/materials/scripts/fiducials.material
-- Installing: /home/sunny/catkin_ws/install/uuv_gazebo_worlds/share/uuv_gazebo_worlds/media/materials/scripts/waves.material
-- Installing: /home/sunny/catkin_ws/install/uuv_gazebo_worlds/share/uuv_gazebo_worlds/media/materials/scripts/water.material
-- Up-to-date: /home/sunny/catkin_ws/install/uuv_gazebo_worlds/share/uuv_gazebo_worlds/media/materials/textures
-- Up-to-date: /home/sunny/catkin_ws/install/uuv_gazebo_worlds/share/uuv_gazebo_worlds/media/materials/textures/fiducials
-- Installing: /home/sunny/catkin_ws/install/uuv_gazebo_worlds/share/uuv_gazebo_worlds/media/materials/textures/fiducials/aruco_3.png
-- Installing: /home/sunny/catkin_ws/install/uuv_gazebo_worlds/share/uuv_gazebo_worlds/media/materials/textures/fiducials/aruco_1.png
-- Installing: /home/sunny/catkin_ws/install/uuv_gazebo_worlds/share/uuv_gazebo_worlds/media/materials/textures/fiducials/aruco_5.png
-- Installing: /home/sunny/catkin_ws/install/uuv_gazebo_worlds/share/uuv_gazebo_worlds/media/materials/textures/fiducials/License and source for textures.txt
-- Installing: /home/sunny/catkin_ws/install/uuv_gazebo_worlds/share/uuv_gazebo_worlds/media/materials/textures/fiducials/aruco_2.png
-- Installing: /home/sunny/catkin_ws/install/uuv_gazebo_worlds/share/uuv_gazebo_worlds/media/materials/textures/fiducials/aruco_4.png
-- Installing: /home/sunny/catkin_ws/install/uuv_gazebo_worlds/share/uuv_gazebo_worlds/media/materials/textures/water_water_0076_03_s.jpg
-- Installing: /home/sunny/catkin_ws/install/uuv_gazebo_worlds/share/uuv_gazebo_worlds/media/materials/textures/water_water_0093_01.jpg
-- Installing: /home/sunny/catkin_ws/install/uuv_gazebo_worlds/share/uuv_gazebo_worlds/media/materials/textures/water_water_0046_01.jpg
-- Installing: /home/sunny/catkin_ws/install/uuv_gazebo_worlds/share/uuv_gazebo_worlds/media/materials/textures/clouds_up.jpg
-- Installing: /home/sunny/catkin_ws/install/uuv_gazebo_worlds/share/uuv_gazebo_worlds/media/materials/textures/water_water_0051_01.jpg
-- Installing: /home/sunny/catkin_ws/install/uuv_gazebo_worlds/share/uuv_gazebo_worlds/media/materials/textures/clouds.jpg
-- Installing: /home/sunny/catkin_ws/install/uuv_gazebo_worlds/share/uuv_gazebo_worlds/media/materials/textures/License and source for textures.txt
-- Installing: /home/sunny/catkin_ws/install/uuv_gazebo_worlds/share/uuv_gazebo_worlds/media/materials/textures/clouds_rt.jpg
-- Installing: /home/sunny/catkin_ws/install/uuv_gazebo_worlds/share/uuv_gazebo_worlds/media/materials/textures/clouds_bk.jpg
-- Installing: /home/sunny/catkin_ws/install/uuv_gazebo_worlds/share/uuv_gazebo_worlds/media/materials/textures/clouds_fr.jpg
-- Installing: /home/sunny/catkin_ws/install/uuv_gazebo_worlds/share/uuv_gazebo_worlds/media/materials/textures/wave_normals.dds
-- Installing: /home/sunny/catkin_ws/install/uuv_gazebo_worlds/share/uuv_gazebo_worlds/media/materials/textures/clouds_dn.jpg
-- Installing: /home/sunny/catkin_ws/install/uuv_gazebo_worlds/share/uuv_gazebo_worlds/media/materials/textures/clouds_lf.jpg
-- Installing: /home/sunny/catkin_ws/install/uuv_gazebo_worlds/share/uuv_gazebo_worlds/media/materials/textures/soil_sand_0045_01.jpg
-- Up-to-date: /home/sunny/catkin_ws/install/uuv_gazebo_worlds/share/uuv_gazebo_worlds/worlds
-- Installing: /home/sunny/catkin_ws/install/uuv_gazebo_worlds/share/uuv_gazebo_worlds/worlds/empty_underwater.world
-- Installing: /home/sunny/catkin_ws/install/uuv_gazebo_worlds/share/uuv_gazebo_worlds/worlds/herkules_ship_wreck.world
-- Installing: /home/sunny/catkin_ws/install/uuv_gazebo_worlds/share/uuv_gazebo_worlds/worlds/munkholmen.world
-- Installing: /home/sunny/catkin_ws/install/uuv_gazebo_worlds/share/uuv_gazebo_worlds/worlds/mangalia.world
-- Installing: /home/sunny/catkin_ws/install/uuv_gazebo_worlds/share/uuv_gazebo_worlds/worlds/auv_underwater_world.world
-- Installing: /home/sunny/catkin_ws/install/uuv_gazebo_worlds/share/uuv_gazebo_worlds/worlds/lake.world
-- Installing: /home/sunny/catkin_ws/install/uuv_gazebo_worlds/share/uuv_gazebo_worlds/worlds/subsea_bop_panel.world
-- Installing: /home/sunny/catkin_ws/install/uuv_gazebo_worlds/share/uuv_gazebo_worlds/worlds/underwater_heightmap.world
-- Installing: /home/sunny/catkin_ws/install/uuv_gazebo_worlds/share/uuv_gazebo_worlds/worlds/mangalia_manipulation.world
-- Installing: /home/sunny/catkin_ws/install/uuv_gazebo_worlds/share/uuv_gazebo_worlds/worlds/ocean_waves.world
-- Up-to-date: /home/sunny/catkin_ws/install/uuv_gazebo_worlds/share/uuv_gazebo_worlds/models
-- Up-to-date: /home/sunny/catkin_ws/install/uuv_gazebo_worlds/share/uuv_gazebo_worlds/models/munkholmen
-- Installing: /home/sunny/catkin_ws/install/uuv_gazebo_worlds/share/uuv_gazebo_worlds/models/munkholmen/model.sdf
-- Up-to-date: /home/sunny/catkin_ws/install/uuv_gazebo_worlds/share/uuv_gazebo_worlds/models/munkholmen/meshes
-- Installing: /home/sunny/catkin_ws/install/uuv_gazebo_worlds/share/uuv_gazebo_worlds/models/munkholmen/meshes/munkholmen.dae
-- Installing: /home/sunny/catkin_ws/install/uuv_gazebo_worlds/share/uuv_gazebo_worlds/models/munkholmen/model.config
-- Up-to-date: /home/sunny/catkin_ws/install/uuv_gazebo_worlds/share/uuv_gazebo_worlds/models/ocean
-- Installing: /home/sunny/catkin_ws/install/uuv_gazebo_worlds/share/uuv_gazebo_worlds/models/ocean/model.sdf
-- Installing: /home/sunny/catkin_ws/install/uuv_gazebo_worlds/share/uuv_gazebo_worlds/models/ocean/model.config
-- Up-to-date: /home/sunny/catkin_ws/install/uuv_gazebo_worlds/share/uuv_gazebo_worlds/models/herkules_ship_wreck
-- Installing: /home/sunny/catkin_ws/install/uuv_gazebo_worlds/share/uuv_gazebo_worlds/models/herkules_ship_wreck/model.sdf
-- Up-to-date: /home/sunny/catkin_ws/install/uuv_gazebo_worlds/share/uuv_gazebo_worlds/models/herkules_ship_wreck/meshes
-- Installing: /home/sunny/catkin_ws/install/uuv_gazebo_worlds/share/uuv_gazebo_worlds/models/herkules_ship_wreck/meshes/herkules.dae
-- Installing: /home/sunny/catkin_ws/install/uuv_gazebo_worlds/share/uuv_gazebo_worlds/models/herkules_ship_wreck/model.config
-- Up-to-date: /home/sunny/catkin_ws/install/uuv_gazebo_worlds/share/uuv_gazebo_worlds/models/umbilical
-- Installing: /home/sunny/catkin_ws/install/uuv_gazebo_worlds/share/uuv_gazebo_worlds/models/umbilical/model.sdf
-- Installing: /home/sunny/catkin_ws/install/uuv_gazebo_worlds/share/uuv_gazebo_worlds/models/umbilical/model.config
-- Up-to-date: /home/sunny/catkin_ws/install/uuv_gazebo_worlds/share/uuv_gazebo_worlds/models/sand_heightmap
-- Installing: /home/sunny/catkin_ws/install/uuv_gazebo_worlds/share/uuv_gazebo_worlds/models/sand_heightmap/model.sdf
-- Up-to-date: /home/sunny/catkin_ws/install/uuv_gazebo_worlds/share/uuv_gazebo_worlds/models/sand_heightmap/meshes
-- Installing: /home/sunny/catkin_ws/install/uuv_gazebo_worlds/share/uuv_gazebo_worlds/models/sand_heightmap/meshes/License and source for textures.txt
-- Installing: /home/sunny/catkin_ws/install/uuv_gazebo_worlds/share/uuv_gazebo_worlds/models/sand_heightmap/meshes/heightmap.dae
-- Installing: /home/sunny/catkin_ws/install/uuv_gazebo_worlds/share/uuv_gazebo_worlds/models/sand_heightmap/meshes/soil_sand_0045_01.jpg
-- Installing: /home/sunny/catkin_ws/install/uuv_gazebo_worlds/share/uuv_gazebo_worlds/models/sand_heightmap/model.config
-- Up-to-date: /home/sunny/catkin_ws/install/uuv_gazebo_worlds/share/uuv_gazebo_worlds/models/t_bar_fork_tool
-- Installing: /home/sunny/catkin_ws/install/uuv_gazebo_worlds/share/uuv_gazebo_worlds/models/t_bar_fork_tool/model.sdf
-- Up-to-date: /home/sunny/catkin_ws/install/uuv_gazebo_worlds/share/uuv_gazebo_worlds/models/t_bar_fork_tool/meshes
-- Installing: /home/sunny/catkin_ws/install/uuv_gazebo_worlds/share/uuv_gazebo_worlds/models/t_bar_fork_tool/meshes/TBarForkTool.dae
-- Installing: /home/sunny/catkin_ws/install/uuv_gazebo_worlds/share/uuv_gazebo_worlds/models/t_bar_fork_tool/model.config
-- Up-to-date: /home/sunny/catkin_ws/install/uuv_gazebo_worlds/share/uuv_gazebo_worlds/models/tree
-- Installing: /home/sunny/catkin_ws/install/uuv_gazebo_worlds/share/uuv_gazebo_worlds/models/tree/model.sdf
-- Up-to-date: /home/sunny/catkin_ws/install/uuv_gazebo_worlds/share/uuv_gazebo_worlds/models/tree/meshes
-- Installing: /home/sunny/catkin_ws/install/uuv_gazebo_worlds/share/uuv_gazebo_worlds/models/tree/meshes/Tree.dae
-- Installing: /home/sunny/catkin_ws/install/uuv_gazebo_worlds/share/uuv_gazebo_worlds/models/tree/model.config
-- Up-to-date: /home/sunny/catkin_ws/install/uuv_gazebo_worlds/share/uuv_gazebo_worlds/models/aurora_static
-- Installing: /home/sunny/catkin_ws/install/uuv_gazebo_worlds/share/uuv_gazebo_worlds/models/aurora_static/model.sdf
-- Up-to-date: /home/sunny/catkin_ws/install/uuv_gazebo_worlds/share/uuv_gazebo_worlds/models/aurora_static/meshes
-- Installing: /home/sunny/catkin_ws/install/uuv_gazebo_worlds/share/uuv_gazebo_worlds/models/aurora_static/meshes/aurora_collision.stl
-- Installing: /home/sunny/catkin_ws/install/uuv_gazebo_worlds/share/uuv_gazebo_worlds/models/aurora_static/meshes/aurora.dae
-- Installing: /home/sunny/catkin_ws/install/uuv_gazebo_worlds/share/uuv_gazebo_worlds/models/aurora_static/model.config
-- Up-to-date: /home/sunny/catkin_ws/install/uuv_gazebo_worlds/share/uuv_gazebo_worlds/models/bop_panel
-- Installing: /home/sunny/catkin_ws/install/uuv_gazebo_worlds/share/uuv_gazebo_worlds/models/bop_panel/model.sdf
-- Up-to-date: /home/sunny/catkin_ws/install/uuv_gazebo_worlds/share/uuv_gazebo_worlds/models/bop_panel/meshes
-- Installing: /home/sunny/catkin_ws/install/uuv_gazebo_worlds/share/uuv_gazebo_worlds/models/bop_panel/meshes/VentilBlock.mtl
-- Installing: /home/sunny/catkin_ws/install/uuv_gazebo_worlds/share/uuv_gazebo_worlds/models/bop_panel/meshes/VentilBlock.obj
-- Installing: /home/sunny/catkin_ws/install/uuv_gazebo_worlds/share/uuv_gazebo_worlds/models/bop_panel/meshes/Valve.dae
-- Installing: /home/sunny/catkin_ws/install/uuv_gazebo_worlds/share/uuv_gazebo_worlds/models/bop_panel/meshes/VentilBlock.stl
-- Installing: /home/sunny/catkin_ws/install/uuv_gazebo_worlds/share/uuv_gazebo_worlds/models/bop_panel/model.config
-- Up-to-date: /home/sunny/catkin_ws/install/uuv_gazebo_worlds/share/uuv_gazebo_worlds/models/ned_frame
-- Installing: /home/sunny/catkin_ws/install/uuv_gazebo_worlds/share/uuv_gazebo_worlds/models/ned_frame/model.sdf
-- Installing: /home/sunny/catkin_ws/install/uuv_gazebo_worlds/share/uuv_gazebo_worlds/models/ned_frame/model.config
-- Up-to-date: /home/sunny/catkin_ws/install/uuv_gazebo_worlds/share/uuv_gazebo_worlds/models/sea_bottom
-- Installing: /home/sunny/catkin_ws/install/uuv_gazebo_worlds/share/uuv_gazebo_worlds/models/sea_bottom/model.sdf
-- Installing: /home/sunny/catkin_ws/install/uuv_gazebo_worlds/share/uuv_gazebo_worlds/models/sea_bottom/model.config
-- Up-to-date: /home/sunny/catkin_ws/install/uuv_gazebo_worlds/share/uuv_gazebo_worlds/models/rov_bop_panel
-- Installing: /home/sunny/catkin_ws/install/uuv_gazebo_worlds/share/uuv_gazebo_worlds/models/rov_bop_panel/model.sdf
-- Up-to-date: /home/sunny/catkin_ws/install/uuv_gazebo_worlds/share/uuv_gazebo_worlds/models/rov_bop_panel/meshes
-- Installing: /home/sunny/catkin_ws/install/uuv_gazebo_worlds/share/uuv_gazebo_worlds/models/rov_bop_panel/meshes/Valve.dae
-- Installing: /home/sunny/catkin_ws/install/uuv_gazebo_worlds/share/uuv_gazebo_worlds/models/rov_bop_panel/meshes/metal_bare_0045_01.jpg
-- Installing: /home/sunny/catkin_ws/install/uuv_gazebo_worlds/share/uuv_gazebo_worlds/models/rov_bop_panel/meshes/SmallValve.dae
-- Installing: /home/sunny/catkin_ws/install/uuv_gazebo_worlds/share/uuv_gazebo_worlds/models/rov_bop_panel/meshes/License and source texture.txt
-- Installing: /home/sunny/catkin_ws/install/uuv_gazebo_worlds/share/uuv_gazebo_worlds/models/rov_bop_panel/meshes/BOP_Panel.dae
-- Installing: /home/sunny/catkin_ws/install/uuv_gazebo_worlds/share/uuv_gazebo_worlds/models/rov_bop_panel/model.config
-- Up-to-date: /home/sunny/catkin_ws/install/uuv_gazebo_worlds/share/uuv_gazebo_worlds/models/torque_tool
-- Installing: /home/sunny/catkin_ws/install/uuv_gazebo_worlds/share/uuv_gazebo_worlds/models/torque_tool/model.sdf
-- Up-to-date: /home/sunny/catkin_ws/install/uuv_gazebo_worlds/share/uuv_gazebo_worlds/models/torque_tool/meshes
-- Installing: /home/sunny/catkin_ws/install/uuv_gazebo_worlds/share/uuv_gazebo_worlds/models/torque_tool/meshes/TorqueTool.dae
-- Installing: /home/sunny/catkin_ws/install/uuv_gazebo_worlds/share/uuv_gazebo_worlds/models/torque_tool/model.config
-- Up-to-date: /home/sunny/catkin_ws/install/uuv_gazebo_worlds/share/uuv_gazebo_worlds/models/hot_stab
-- Installing: /home/sunny/catkin_ws/install/uuv_gazebo_worlds/share/uuv_gazebo_worlds/models/hot_stab/model.sdf
-- Up-to-date: /home/sunny/catkin_ws/install/uuv_gazebo_worlds/share/uuv_gazebo_worlds/models/hot_stab/meshes
-- Installing: /home/sunny/catkin_ws/install/uuv_gazebo_worlds/share/uuv_gazebo_worlds/models/hot_stab/meshes/HotStab.dae
-- Installing: /home/sunny/catkin_ws/install/uuv_gazebo_worlds/share/uuv_gazebo_worlds/models/hot_stab/model.config
-- Up-to-date: /home/sunny/catkin_ws/install/uuv_gazebo_worlds/share/uuv_gazebo_worlds/models/lake
-- Installing: /home/sunny/catkin_ws/install/uuv_gazebo_worlds/share/uuv_gazebo_worlds/models/lake/model.sdf
-- Up-to-date: /home/sunny/catkin_ws/install/uuv_gazebo_worlds/share/uuv_gazebo_worlds/models/lake/meshes
-- Installing: /home/sunny/catkin_ws/install/uuv_gazebo_worlds/share/uuv_gazebo_worlds/models/lake/meshes/LakeBottom.dae
-- Installing: /home/sunny/catkin_ws/install/uuv_gazebo_worlds/share/uuv_gazebo_worlds/models/lake/meshes/WaterSurface.dae
-- Installing: /home/sunny/catkin_ws/install/uuv_gazebo_worlds/share/uuv_gazebo_worlds/models/lake/model.config
-- Up-to-date: /home/sunny/catkin_ws/install/uuv_gazebo_worlds/share/uuv_gazebo_worlds/models/ocean_box
-- Installing: /home/sunny/catkin_ws/install/uuv_gazebo_worlds/share/uuv_gazebo_worlds/models/ocean_box/model.sdf
-- Installing: /home/sunny/catkin_ws/install/uuv_gazebo_worlds/share/uuv_gazebo_worlds/models/ocean_box/model.config
-- Up-to-date: /home/sunny/catkin_ws/install/uuv_gazebo_worlds/share/uuv_gazebo_worlds/models/munkholmen_seabed
-- Installing: /home/sunny/catkin_ws/install/uuv_gazebo_worlds/share/uuv_gazebo_worlds/models/munkholmen_seabed/model.sdf
-- Up-to-date: /home/sunny/catkin_ws/install/uuv_gazebo_worlds/share/uuv_gazebo_worlds/models/munkholmen_seabed/meshes
-- Installing: /home/sunny/catkin_ws/install/uuv_gazebo_worlds/share/uuv_gazebo_worlds/models/munkholmen_seabed/meshes/seabed.dae
-- Installing: /home/sunny/catkin_ws/install/uuv_gazebo_worlds/share/uuv_gazebo_worlds/models/munkholmen_seabed/model.config
-- Up-to-date: /home/sunny/catkin_ws/install/uuv_gazebo_worlds/share/uuv_gazebo_worlds/models/herkules_seabed
-- Installing: /home/sunny/catkin_ws/install/uuv_gazebo_worlds/share/uuv_gazebo_worlds/models/herkules_seabed/model.sdf
-- Up-to-date: /home/sunny/catkin_ws/install/uuv_gazebo_worlds/share/uuv_gazebo_worlds/models/herkules_seabed/meshes
-- Installing: /home/sunny/catkin_ws/install/uuv_gazebo_worlds/share/uuv_gazebo_worlds/models/herkules_seabed/meshes/herkules_seabed.dae
-- Installing: /home/sunny/catkin_ws/install/uuv_gazebo_worlds/share/uuv_gazebo_worlds/models/herkules_seabed/model.config
-- Up-to-date: /home/sunny/catkin_ws/install/uuv_gazebo_worlds/share/uuv_gazebo_worlds/models/april_tag_36_11_00000
-- Installing: /home/sunny/catkin_ws/install/uuv_gazebo_worlds/share/uuv_gazebo_worlds/models/april_tag_36_11_00000/model.sdf
-- Installing: /home/sunny/catkin_ws/install/uuv_gazebo_worlds/share/uuv_gazebo_worlds/models/april_tag_36_11_00000/model.config
-- Up-to-date: /home/sunny/catkin_ws/install/uuv_gazebo_worlds/share/uuv_gazebo_worlds/models/mangalia
-- Installing: /home/sunny/catkin_ws/install/uuv_gazebo_worlds/share/uuv_gazebo_worlds/models/mangalia/model.sdf
-- Up-to-date: /home/sunny/catkin_ws/install/uuv_gazebo_worlds/share/uuv_gazebo_worlds/models/mangalia/meshes
-- Installing: /home/sunny/catkin_ws/install/uuv_gazebo_worlds/share/uuv_gazebo_worlds/models/mangalia/meshes/grass_grass_0101_02_tiled_s.jpg
-- Installing: /home/sunny/catkin_ws/install/uuv_gazebo_worlds/share/uuv_gazebo_worlds/models/mangalia/meshes/MangaliaTerrain.dae
-- Installing: /home/sunny/catkin_ws/install/uuv_gazebo_worlds/share/uuv_gazebo_worlds/models/mangalia/meshes/170427_Seabed8_textured.dae
-- Installing: /home/sunny/catkin_ws/install/uuv_gazebo_worlds/share/uuv_gazebo_worlds/models/mangalia/meshes/License and source for textures.txt
-- Installing: /home/sunny/catkin_ws/install/uuv_gazebo_worlds/share/uuv_gazebo_worlds/models/mangalia/meshes/ground_stone_ground_0029_02_tiled_s.jpg
-- Installing: /home/sunny/catkin_ws/install/uuv_gazebo_worlds/share/uuv_gazebo_worlds/models/mangalia/meshes/170427_Seabed8_textured.blend
-- Installing: /home/sunny/catkin_ws/install/uuv_gazebo_worlds/share/uuv_gazebo_worlds/models/mangalia/model.config
-- Up-to-date: /home/sunny/catkin_ws/install/uuv_gazebo_worlds/share/uuv_gazebo_worlds/models/sea_surface
-- Installing: /home/sunny/catkin_ws/install/uuv_gazebo_worlds/share/uuv_gazebo_worlds/models/sea_surface/model.sdf
-- Installing: /home/sunny/catkin_ws/install/uuv_gazebo_worlds/share/uuv_gazebo_worlds/models/sea_surface/model.config
-- Up-to-date: /home/sunny/catkin_ws/install/uuv_gazebo_worlds/share/ament_index/resource_index/package_run_dependencies/uuv_gazebo_worlds
-- Installing: /home/sunny/catkin_ws/install/uuv_gazebo_worlds/share/ament_index/resource_index/parent_prefix_path/uuv_gazebo_worlds
-- Up-to-date: /home/sunny/catkin_ws/install/uuv_gazebo_worlds/share/uuv_gazebo_worlds/environment/ament_prefix_path.sh
-- Installing: /home/sunny/catkin_ws/install/uuv_gazebo_worlds/share/uuv_gazebo_worlds/environment/ament_prefix_path.dsv
-- Up-to-date: /home/sunny/catkin_ws/install/uuv_gazebo_worlds/share/uuv_gazebo_worlds/environment/path.sh
-- Installing: /home/sunny/catkin_ws/install/uuv_gazebo_worlds/share/uuv_gazebo_worlds/environment/path.dsv
-- Up-to-date: /home/sunny/catkin_ws/install/uuv_gazebo_worlds/share/uuv_gazebo_worlds/local_setup.bash
-- Up-to-date: /home/sunny/catkin_ws/install/uuv_gazebo_worlds/share/uuv_gazebo_worlds/local_setup.sh
-- Up-to-date: /home/sunny/catkin_ws/install/uuv_gazebo_worlds/share/uuv_gazebo_worlds/local_setup.zsh
-- Installing: /home/sunny/catkin_ws/install/uuv_gazebo_worlds/share/uuv_gazebo_worlds/local_setup.dsv
-- Installing: /home/sunny/catkin_ws/install/uuv_gazebo_worlds/share/uuv_gazebo_worlds/package.dsv
-- Up-to-date: /home/sunny/catkin_ws/install/uuv_gazebo_worlds/share/ament_index/resource_index/packages/uuv_gazebo_worlds
-- Up-to-date: /home/sunny/catkin_ws/install/uuv_gazebo_worlds/share/uuv_gazebo_worlds/cmake/uuv_gazebo_worldsConfig.cmake
-- Up-to-date: /home/sunny/catkin_ws/install/uuv_gazebo_worlds/share/uuv_gazebo_worlds/cmake/uuv_gazebo_worldsConfig-version.cmake
-- Installing: /home/sunny/catkin_ws/install/uuv_gazebo_worlds/share/uuv_gazebo_worlds/package.xml
