[0.354s] Invoking command in '/home/sunny/catkin_ws/build/uuv_world_plugins': CMAKE_PREFIX_PATH=${CMAKE_PREFIX_PATH}:/home/sunny/catkin_ws/install/beluga_adapter:/opt/ros/humble /usr/bin/cmake --build /home/sunny/catkin_ws/build/uuv_world_plugins -- -j16 -l16
[0.493s] [100%] Built target uuv_underwater_current_plugin
[0.592s] Invoked command in '/home/sunny/catkin_ws/build/uuv_world_plugins' returned '0': CMAKE_PREFIX_PATH=${CMAKE_PREFIX_PATH}:/home/sunny/catkin_ws/install/beluga_adapter:/opt/ros/humble /usr/bin/cmake --build /home/sunny/catkin_ws/build/uuv_world_plugins -- -j16 -l16
[0.971s] Invoking command in '/home/sunny/catkin_ws/build/uuv_world_plugins': CMAKE_PREFIX_PATH=${CMAKE_PREFIX_PATH}:/home/sunny/catkin_ws/install/beluga_adapter:/opt/ros/humble /usr/bin/cmake --install /home/sunny/catkin_ws/build/uuv_world_plugins
[1.170s] -- Install configuration: ""
[1.170s] -- Up-to-date: /home/sunny/catkin_ws/install/uuv_world_plugins/lib/libuuv_underwater_current_plugin.so
[1.170s] -- Up-to-date: /home/sunny/catkin_ws/install/uuv_world_plugins/include/uuv_world_plugins
[1.171s] -- Up-to-date: /home/sunny/catkin_ws/install/uuv_world_plugins/include/uuv_world_plugins/UnderwaterCurrentPlugin.h
[1.171s] -- Up-to-date: /home/sunny/catkin_ws/install/uuv_world_plugins/include/uuv_world_plugins/GaussMarkovProcess.h
[1.171s] -- Up-to-date: /home/sunny/catkin_ws/install/uuv_world_plugins/share/uuv_world_plugins/environment/library_path.sh
[1.171s] -- Up-to-date: /home/sunny/catkin_ws/install/uuv_world_plugins/share/uuv_world_plugins/environment/library_path.dsv
[1.171s] -- Up-to-date: /home/sunny/catkin_ws/install/uuv_world_plugins/share/ament_index/resource_index/package_run_dependencies/uuv_world_plugins
[1.171s] -- Up-to-date: /home/sunny/catkin_ws/install/uuv_world_plugins/share/ament_index/resource_index/parent_prefix_path/uuv_world_plugins
[1.171s] -- Up-to-date: /home/sunny/catkin_ws/install/uuv_world_plugins/share/uuv_world_plugins/environment/ament_prefix_path.sh
[1.171s] -- Up-to-date: /home/sunny/catkin_ws/install/uuv_world_plugins/share/uuv_world_plugins/environment/ament_prefix_path.dsv
[1.171s] -- Up-to-date: /home/sunny/catkin_ws/install/uuv_world_plugins/share/uuv_world_plugins/environment/path.sh
[1.171s] -- Up-to-date: /home/sunny/catkin_ws/install/uuv_world_plugins/share/uuv_world_plugins/environment/path.dsv
[1.171s] -- Up-to-date: /home/sunny/catkin_ws/install/uuv_world_plugins/share/uuv_world_plugins/local_setup.bash
[1.172s] -- Up-to-date: /home/sunny/catkin_ws/install/uuv_world_plugins/share/uuv_world_plugins/local_setup.sh
[1.172s] -- Up-to-date: /home/sunny/catkin_ws/install/uuv_world_plugins/share/uuv_world_plugins/local_setup.zsh
[1.172s] -- Up-to-date: /home/sunny/catkin_ws/install/uuv_world_plugins/share/uuv_world_plugins/local_setup.dsv
[1.173s] -- Installing: /home/sunny/catkin_ws/install/uuv_world_plugins/share/uuv_world_plugins/package.dsv
[1.173s] -- Up-to-date: /home/sunny/catkin_ws/install/uuv_world_plugins/share/ament_index/resource_index/packages/uuv_world_plugins
[1.173s] -- Up-to-date: /home/sunny/catkin_ws/install/uuv_world_plugins/share/uuv_world_plugins/cmake/ament_cmake_export_dependencies-extras.cmake
[1.173s] -- Up-to-date: /home/sunny/catkin_ws/install/uuv_world_plugins/share/uuv_world_plugins/cmake/ament_cmake_export_include_directories-extras.cmake
[1.173s] -- Up-to-date: /home/sunny/catkin_ws/install/uuv_world_plugins/share/uuv_world_plugins/cmake/ament_cmake_export_libraries-extras.cmake
[1.173s] -- Up-to-date: /home/sunny/catkin_ws/install/uuv_world_plugins/share/uuv_world_plugins/cmake/uuv_world_pluginsConfig.cmake
[1.173s] -- Up-to-date: /home/sunny/catkin_ws/install/uuv_world_plugins/share/uuv_world_plugins/cmake/uuv_world_pluginsConfig-version.cmake
[1.173s] -- Up-to-date: /home/sunny/catkin_ws/install/uuv_world_plugins/share/uuv_world_plugins/package.xml
[1.174s] Invoked command in '/home/sunny/catkin_ws/build/uuv_world_plugins' returned '0': CMAKE_PREFIX_PATH=${CMAKE_PREFIX_PATH}:/home/sunny/catkin_ws/install/beluga_adapter:/opt/ros/humble /usr/bin/cmake --install /home/sunny/catkin_ws/build/uuv_world_plugins
