[0.057s] Invoking command in '/home/sunny/catkin_ws/build/turtlesim': CMAKE_PREFIX_PATH=${CMAKE_PREFIX_PATH}:/opt/ros/humble /usr/bin/cmake /home/sunny/catkin_ws/src/ros_tutorials/turtlesim -DCMAKE_INSTALL_PREFIX=/home/sunny/catkin_ws/install/turtlesim
[0.102s] -- The C compiler identification is GNU 11.4.0
[0.149s] -- The CXX compiler identification is GNU 11.4.0
[0.155s] -- Detecting C compiler ABI info
[0.215s] -- Detecting C compiler ABI info - done
[0.220s] -- Check for working C compiler: /usr/bin/cc - skipped
[0.220s] -- Detecting C compile features
[0.220s] -- Detecting C compile features - done
[0.223s] -- Detecting CXX compiler ABI info
[0.296s] -- Detecting CXX compiler ABI info - done
[0.305s] -- Check for working CXX compiler: /usr/bin/c++ - skipped
[0.305s] -- Detecting CXX compile features
[0.306s] -- Detecting CXX compile features - done
[0.309s] -- Found ament_cmake: 1.3.6 (/opt/ros/humble/share/ament_cmake/cmake)
[0.447s] -- Found Python3: /usr/bin/python3.10 (found version "3.10.12") found components: Interpreter 
[0.523s] -- Found ament_index_cpp: 1.4.0 (/opt/ros/humble/share/ament_index_cpp/cmake)
[0.524s] -- Found geometry_msgs: 4.2.3 (/opt/ros/humble/share/geometry_msgs/cmake)
[0.558s] -- Found rosidl_generator_c: 3.1.5 (/opt/ros/humble/share/rosidl_generator_c/cmake)
[0.562s] -- Found rosidl_adapter: 3.1.5 (/opt/ros/humble/share/rosidl_adapter/cmake)
[0.570s] -- Found rosidl_generator_cpp: 3.1.5 (/opt/ros/humble/share/rosidl_generator_cpp/cmake)
[0.581s] -- Using all available rosidl_typesupport_c: rosidl_typesupport_fastrtps_c;rosidl_typesupport_introspection_c
[0.598s] -- Using all available rosidl_typesupport_cpp: rosidl_typesupport_fastrtps_cpp;rosidl_typesupport_introspection_cpp
[0.713s] -- Found rclcpp: 16.0.7 (/opt/ros/humble/share/rclcpp/cmake)
[0.768s] -- Found rmw_implementation_cmake: 6.1.1 (/opt/ros/humble/share/rmw_implementation_cmake/cmake)
[0.770s] -- Found rmw_fastrtps_cpp: 6.2.5 (/opt/ros/humble/share/rmw_fastrtps_cpp/cmake)
[0.871s] -- Found OpenSSL: /usr/lib/x86_64-linux-gnu/libcrypto.so (found version "3.0.2")  
[0.900s] -- Found FastRTPS: /opt/ros/humble/include  
[0.946s] -- Using RMW implementation 'rmw_fastrtps_cpp' as default
[0.955s] -- Looking for pthread.h
[1.021s] -- Looking for pthread.h - found
[1.021s] -- Performing Test CMAKE_HAVE_LIBC_PTHREAD
[1.087s] -- Performing Test CMAKE_HAVE_LIBC_PTHREAD - Success
[1.088s] -- Found Threads: TRUE  
[1.192s] -- Found rclcpp_action: 16.0.7 (/opt/ros/humble/share/rclcpp_action/cmake)
[1.268s] -- Found rosidl_default_generators: 1.2.0 (/opt/ros/humble/share/rosidl_default_generators/cmake)
[1.276s] -- Found std_srvs: 4.2.3 (/opt/ros/humble/share/std_srvs/cmake)
[1.520s] -- Found ament_cmake_ros: 0.10.0 (/opt/ros/humble/share/ament_cmake_ros/cmake)
[1.763s] -- Using all available rosidl_typesupport_c: rosidl_typesupport_fastrtps_c;rosidl_typesupport_introspection_c
[1.860s] -- Using all available rosidl_typesupport_cpp: rosidl_typesupport_fastrtps_cpp;rosidl_typesupport_introspection_cpp
[1.879s] -- Found PythonInterp: /usr/bin/python3 (found suitable version "3.10.12", minimum required is "3.6") 
[1.880s] -- Found python_cmake_module: 0.10.0 (/opt/ros/humble/share/python_cmake_module/cmake)
[1.900s] -- Found PythonLibs: /usr/lib/x86_64-linux-gnu/libpython3.10.so (found suitable version "3.10.12", minimum required is "3.5") 
[1.900s] -- Using PYTHON_EXECUTABLE: /usr/bin/python3
[1.900s] -- Using PYTHON_INCLUDE_DIRS: /usr/include/python3.10
[1.901s] -- Using PYTHON_LIBRARIES: /usr/lib/x86_64-linux-gnu/libpython3.10.so
[1.916s] -- Found PythonExtra: .so  
[1.960s] -- Configuring done
[2.023s] -- Generating done
[2.027s] -- Build files have been written to: /home/sunny/catkin_ws/build/turtlesim
[2.038s] Invoked command in '/home/sunny/catkin_ws/build/turtlesim' returned '0': CMAKE_PREFIX_PATH=${CMAKE_PREFIX_PATH}:/opt/ros/humble /usr/bin/cmake /home/sunny/catkin_ws/src/ros_tutorials/turtlesim -DCMAKE_INSTALL_PREFIX=/home/sunny/catkin_ws/install/turtlesim
[2.040s] Invoking command in '/home/sunny/catkin_ws/build/turtlesim': CMAKE_PREFIX_PATH=${CMAKE_PREFIX_PATH}:/opt/ros/humble /usr/bin/cmake --build /home/sunny/catkin_ws/build/turtlesim -- -j16 -l16
[2.080s] [  1%] [34m[1mGenerating C code for ROS interfaces[0m
[2.089s] [  2%] [34m[1mGenerating C++ code for ROS interfaces[0m
[2.098s] [  2%] Built target ament_cmake_python_copy_turtlesim
[2.292s] running egg_info
[2.293s] creating turtlesim.egg-info
[2.293s] writing turtlesim.egg-info/PKG-INFO
[2.293s] writing dependency_links to turtlesim.egg-info/dependency_links.txt
[2.293s] writing top-level names to turtlesim.egg-info/top_level.txt
[2.293s] writing manifest file 'turtlesim.egg-info/SOURCES.txt'
[2.295s] reading manifest file 'turtlesim.egg-info/SOURCES.txt'
[2.295s] writing manifest file 'turtlesim.egg-info/SOURCES.txt'
[2.321s] [  2%] Built target ament_cmake_python_build_turtlesim_egg
[2.751s] [  2%] Built target turtlesim__cpp
[2.762s] [  3%] [34m[1mGenerating C++ type support dispatch for ROS interfaces[0m
[2.763s] [  4%] [34m[1mGenerating C++ type support for eProsima Fast-RTPS[0m
[2.763s] [  5%] [34m[1mGenerating C++ introspection for ROS interfaces[0m
[2.782s] [  6%] [32mBuilding C object CMakeFiles/turtlesim__rosidl_generator_c.dir/rosidl_generator_c/turtlesim/msg/detail/pose__functions.c.o[0m
[2.782s] [  8%] [32mBuilding C object CMakeFiles/turtlesim__rosidl_generator_c.dir/rosidl_generator_c/turtlesim/action/detail/rotate_absolute__functions.c.o[0m
[2.783s] [  8%] [32mBuilding C object CMakeFiles/turtlesim__rosidl_generator_c.dir/rosidl_generator_c/turtlesim/msg/detail/color__functions.c.o[0m
[2.783s] [  9%] [32mBuilding C object CMakeFiles/turtlesim__rosidl_generator_c.dir/rosidl_generator_c/turtlesim/srv/detail/teleport_relative__functions.c.o[0m
[2.783s] [ 10%] [32mBuilding C object CMakeFiles/turtlesim__rosidl_generator_c.dir/rosidl_generator_c/turtlesim/srv/detail/teleport_absolute__functions.c.o[0m
[2.783s] [ 11%] [32mBuilding C object CMakeFiles/turtlesim__rosidl_generator_c.dir/rosidl_generator_c/turtlesim/srv/detail/kill__functions.c.o[0m
[2.783s] [ 12%] [32mBuilding C object CMakeFiles/turtlesim__rosidl_generator_c.dir/rosidl_generator_c/turtlesim/srv/detail/set_pen__functions.c.o[0m
[2.784s] [ 13%] [32mBuilding C object CMakeFiles/turtlesim__rosidl_generator_c.dir/rosidl_generator_c/turtlesim/srv/detail/spawn__functions.c.o[0m
[2.889s] [ 14%] [32m[1mLinking C shared library libturtlesim__rosidl_generator_c.so[0m
[2.927s] [ 14%] Built target turtlesim__rosidl_generator_c
[2.937s] [ 17%] [34m[1mGenerating C introspection for ROS interfaces[0m
[2.937s] [ 17%] [34m[1mGenerating C type support dispatch for ROS interfaces[0m
[2.937s] [ 17%] [34m[1mGenerating C type support for eProsima Fast-RTPS[0m
[3.176s] [ 18%] [32mBuilding CXX object CMakeFiles/turtlesim__rosidl_typesupport_cpp.dir/rosidl_typesupport_cpp/turtlesim/msg/pose__type_support.cpp.o[0m
[3.177s] [ 19%] [32mBuilding CXX object CMakeFiles/turtlesim__rosidl_typesupport_cpp.dir/rosidl_typesupport_cpp/turtlesim/action/rotate_absolute__type_support.cpp.o[0m
[3.177s] [ 20%] [32mBuilding CXX object CMakeFiles/turtlesim__rosidl_typesupport_cpp.dir/rosidl_typesupport_cpp/turtlesim/srv/set_pen__type_support.cpp.o[0m
[3.178s] [ 22%] [32mBuilding CXX object CMakeFiles/turtlesim__rosidl_typesupport_cpp.dir/rosidl_typesupport_cpp/turtlesim/srv/spawn__type_support.cpp.o[0m
[3.179s] [ 23%] [32mBuilding CXX object CMakeFiles/turtlesim__rosidl_typesupport_cpp.dir/rosidl_typesupport_cpp/turtlesim/msg/color__type_support.cpp.o[0m
[3.179s] [ 23%] [32mBuilding CXX object CMakeFiles/turtlesim__rosidl_typesupport_cpp.dir/rosidl_typesupport_cpp/turtlesim/srv/teleport_relative__type_support.cpp.o[0m
[3.179s] [ 24%] [32mBuilding CXX object CMakeFiles/turtlesim__rosidl_typesupport_cpp.dir/rosidl_typesupport_cpp/turtlesim/srv/teleport_absolute__type_support.cpp.o[0m
[3.179s] [ 25%] [32mBuilding CXX object CMakeFiles/turtlesim__rosidl_typesupport_cpp.dir/rosidl_typesupport_cpp/turtlesim/srv/kill__type_support.cpp.o[0m
[3.342s] [ 27%] [32mBuilding CXX object CMakeFiles/turtlesim__rosidl_typesupport_introspection_cpp.dir/rosidl_typesupport_introspection_cpp/turtlesim/msg/detail/color__type_support.cpp.o[0m
[3.343s] [ 27%] [32mBuilding CXX object CMakeFiles/turtlesim__rosidl_typesupport_introspection_cpp.dir/rosidl_typesupport_introspection_cpp/turtlesim/action/detail/rotate_absolute__type_support.cpp.o[0m
[3.344s] [ 29%] [32mBuilding CXX object CMakeFiles/turtlesim__rosidl_typesupport_introspection_cpp.dir/rosidl_typesupport_introspection_cpp/turtlesim/srv/detail/kill__type_support.cpp.o[0m
[3.344s] [ 29%] [32mBuilding CXX object CMakeFiles/turtlesim__rosidl_typesupport_introspection_cpp.dir/rosidl_typesupport_introspection_cpp/turtlesim/msg/detail/pose__type_support.cpp.o[0m
[3.526s] [ 30%] [32mBuilding CXX object CMakeFiles/turtlesim__rosidl_typesupport_c.dir/rosidl_typesupport_c/turtlesim/action/rotate_absolute__type_support.cpp.o[0m
[3.530s] [ 31%] [32mBuilding CXX object CMakeFiles/turtlesim__rosidl_typesupport_introspection_cpp.dir/rosidl_typesupport_introspection_cpp/turtlesim/srv/detail/set_pen__type_support.cpp.o[0m
[3.538s] [ 32%] [32mBuilding CXX object CMakeFiles/turtlesim__rosidl_typesupport_introspection_cpp.dir/rosidl_typesupport_introspection_cpp/turtlesim/srv/detail/spawn__type_support.cpp.o[0m
[3.540s] [ 33%] [32mBuilding CXX object CMakeFiles/turtlesim__rosidl_typesupport_c.dir/rosidl_typesupport_c/turtlesim/msg/color__type_support.cpp.o[0m
[3.555s] [ 34%] [32mBuilding CXX object CMakeFiles/turtlesim__rosidl_typesupport_c.dir/rosidl_typesupport_c/turtlesim/msg/pose__type_support.cpp.o[0m
[3.561s] [ 35%] [32mBuilding CXX object CMakeFiles/turtlesim__rosidl_typesupport_introspection_cpp.dir/rosidl_typesupport_introspection_cpp/turtlesim/srv/detail/teleport_absolute__type_support.cpp.o[0m
[3.571s] [ 36%] [32mBuilding CXX object CMakeFiles/turtlesim__rosidl_typesupport_c.dir/rosidl_typesupport_c/turtlesim/srv/kill__type_support.cpp.o[0m
[3.573s] [ 37%] [32mBuilding CXX object CMakeFiles/turtlesim__rosidl_typesupport_introspection_cpp.dir/rosidl_typesupport_introspection_cpp/turtlesim/srv/detail/teleport_relative__type_support.cpp.o[0m
[3.586s] [ 38%] [32mBuilding CXX object CMakeFiles/turtlesim__rosidl_typesupport_c.dir/rosidl_typesupport_c/turtlesim/srv/set_pen__type_support.cpp.o[0m
[3.602s] [ 39%] [32mBuilding CXX object CMakeFiles/turtlesim__rosidl_typesupport_c.dir/rosidl_typesupport_c/turtlesim/srv/spawn__type_support.cpp.o[0m
[3.613s] [ 40%] [32mBuilding CXX object CMakeFiles/turtlesim__rosidl_typesupport_c.dir/rosidl_typesupport_c/turtlesim/srv/teleport_absolute__type_support.cpp.o[0m
[3.620s] [ 41%] [32mBuilding CXX object CMakeFiles/turtlesim__rosidl_typesupport_c.dir/rosidl_typesupport_c/turtlesim/srv/teleport_relative__type_support.cpp.o[0m
[3.675s] [ 42%] [32mBuilding CXX object CMakeFiles/turtlesim__rosidl_typesupport_fastrtps_cpp.dir/rosidl_typesupport_fastrtps_cpp/turtlesim/action/detail/dds_fastrtps/rotate_absolute__type_support.cpp.o[0m
[3.681s] [ 43%] [32m[1mLinking CXX shared library libturtlesim__rosidl_typesupport_c.so[0m
[3.726s] [ 44%] [32mBuilding CXX object CMakeFiles/turtlesim__rosidl_typesupport_fastrtps_cpp.dir/rosidl_typesupport_fastrtps_cpp/turtlesim/msg/detail/dds_fastrtps/color__type_support.cpp.o[0m
[3.733s] [ 45%] [32mBuilding C object CMakeFiles/turtlesim__rosidl_typesupport_introspection_c.dir/rosidl_typesupport_introspection_c/turtlesim/action/detail/rotate_absolute__type_support.c.o[0m
[3.738s] [ 46%] [32mBuilding CXX object CMakeFiles/turtlesim__rosidl_typesupport_fastrtps_cpp.dir/rosidl_typesupport_fastrtps_cpp/turtlesim/msg/detail/dds_fastrtps/pose__type_support.cpp.o[0m
[3.738s] [ 47%] [32mBuilding CXX object CMakeFiles/turtlesim__rosidl_typesupport_fastrtps_cpp.dir/rosidl_typesupport_fastrtps_cpp/turtlesim/srv/detail/dds_fastrtps/kill__type_support.cpp.o[0m
[3.748s] [ 47%] Built target turtlesim__rosidl_typesupport_c
[3.762s] [ 48%] [32mBuilding C object CMakeFiles/turtlesim__rosidl_typesupport_introspection_c.dir/rosidl_typesupport_introspection_c/turtlesim/msg/detail/color__type_support.c.o[0m
[3.773s] [ 49%] [32m[1mLinking CXX shared library libturtlesim__rosidl_typesupport_cpp.so[0m
[3.810s] [ 50%] [32mBuilding CXX object CMakeFiles/turtlesim__rosidl_typesupport_fastrtps_c.dir/rosidl_typesupport_fastrtps_c/turtlesim/action/detail/rotate_absolute__type_support_c.cpp.o[0m
[3.819s] [ 51%] [32mBuilding C object CMakeFiles/turtlesim__rosidl_typesupport_introspection_c.dir/rosidl_typesupport_introspection_c/turtlesim/msg/detail/pose__type_support.c.o[0m
[3.825s] [ 52%] [32mBuilding C object CMakeFiles/turtlesim__rosidl_typesupport_introspection_c.dir/rosidl_typesupport_introspection_c/turtlesim/srv/detail/kill__type_support.c.o[0m
[3.846s] [ 52%] Built target turtlesim__rosidl_typesupport_cpp
[3.847s] [ 53%] [32mBuilding CXX object CMakeFiles/turtlesim__rosidl_typesupport_fastrtps_c.dir/rosidl_typesupport_fastrtps_c/turtlesim/msg/detail/color__type_support_c.cpp.o[0m
[3.856s] [ 54%] [32mBuilding CXX object CMakeFiles/turtlesim__rosidl_typesupport_fastrtps_c.dir/rosidl_typesupport_fastrtps_c/turtlesim/msg/detail/pose__type_support_c.cpp.o[0m
[3.862s] [ 55%] [34m[1mGenerating include/turtlesim/moc_turtle_frame.cpp[0m
[3.883s] [ 56%] [32mBuilding C object CMakeFiles/turtlesim__rosidl_typesupport_introspection_c.dir/rosidl_typesupport_introspection_c/turtlesim/srv/detail/set_pen__type_support.c.o[0m
[3.884s] [ 57%] [32mBuilding C object CMakeFiles/turtlesim__rosidl_typesupport_introspection_c.dir/rosidl_typesupport_introspection_c/turtlesim/srv/detail/spawn__type_support.c.o[0m
[3.889s] [ 58%] [32mBuilding CXX object CMakeFiles/turtle_teleop_key.dir/tutorials/teleop_turtle_key.cpp.o[0m
[3.953s] [ 59%] [32mBuilding C object CMakeFiles/turtlesim__rosidl_typesupport_introspection_c.dir/rosidl_typesupport_introspection_c/turtlesim/srv/detail/teleport_absolute__type_support.c.o[0m
[3.962s] [ 60%] [32mBuilding CXX object CMakeFiles/turtlesim_node.dir/src/turtlesim.cpp.o[0m
[3.966s] [ 61%] [32mBuilding CXX object CMakeFiles/draw_square.dir/tutorials/draw_square.cpp.o[0m
[4.009s] [ 62%] [32mBuilding C object CMakeFiles/turtlesim__rosidl_typesupport_introspection_c.dir/rosidl_typesupport_introspection_c/turtlesim/srv/detail/teleport_relative__type_support.c.o[0m
[4.051s] [ 63%] [32mBuilding CXX object CMakeFiles/turtlesim_node.dir/src/turtle.cpp.o[0m
[4.056s] [ 64%] [32mBuilding CXX object CMakeFiles/turtlesim_node.dir/src/turtle_frame.cpp.o[0m
[4.067s] [ 65%] [32m[1mLinking C shared library libturtlesim__rosidl_typesupport_introspection_c.so[0m
[4.089s] [ 66%] [32mBuilding CXX object CMakeFiles/turtlesim_node.dir/include/turtlesim/moc_turtle_frame.cpp.o[0m
[4.108s] [ 67%] [32mBuilding CXX object CMakeFiles/turtlesim__rosidl_typesupport_fastrtps_c.dir/rosidl_typesupport_fastrtps_c/turtlesim/srv/detail/kill__type_support_c.cpp.o[0m
[4.120s] [ 67%] Built target turtlesim__rosidl_typesupport_introspection_c
[4.129s] [ 68%] [32m[1mLinking CXX shared library libturtlesim__rosidl_typesupport_introspection_cpp.so[0m
[4.152s] [ 69%] [32mBuilding CXX object CMakeFiles/mimic.dir/tutorials/mimic.cpp.o[0m
[4.268s] [ 70%] [32mBuilding CXX object CMakeFiles/turtlesim__rosidl_typesupport_fastrtps_cpp.dir/rosidl_typesupport_fastrtps_cpp/turtlesim/srv/detail/dds_fastrtps/set_pen__type_support.cpp.o[0m
[4.269s] [ 70%] Built target turtlesim__rosidl_typesupport_introspection_cpp
[4.273s] [ 71%] [32mBuilding CXX object CMakeFiles/turtlesim__rosidl_typesupport_fastrtps_cpp.dir/rosidl_typesupport_fastrtps_cpp/turtlesim/srv/detail/dds_fastrtps/spawn__type_support.cpp.o[0m
[4.282s] [ 72%] [32mBuilding CXX object CMakeFiles/turtlesim__rosidl_typesupport_fastrtps_cpp.dir/rosidl_typesupport_fastrtps_cpp/turtlesim/srv/detail/dds_fastrtps/teleport_absolute__type_support.cpp.o[0m
[4.323s] [ 73%] [32mBuilding CXX object CMakeFiles/turtlesim__rosidl_typesupport_fastrtps_c.dir/rosidl_typesupport_fastrtps_c/turtlesim/srv/detail/set_pen__type_support_c.cpp.o[0m
[4.331s] [ 74%] [32mBuilding CXX object CMakeFiles/turtlesim__rosidl_typesupport_fastrtps_cpp.dir/rosidl_typesupport_fastrtps_cpp/turtlesim/srv/detail/dds_fastrtps/teleport_relative__type_support.cpp.o[0m
[4.334s] [ 75%] [32mBuilding CXX object CMakeFiles/turtlesim__rosidl_typesupport_fastrtps_c.dir/rosidl_typesupport_fastrtps_c/turtlesim/srv/detail/spawn__type_support_c.cpp.o[0m
[4.344s] [ 76%] [32mBuilding CXX object CMakeFiles/turtlesim__rosidl_typesupport_fastrtps_c.dir/rosidl_typesupport_fastrtps_c/turtlesim/srv/detail/teleport_absolute__type_support_c.cpp.o[0m
[4.387s] [ 77%] [32mBuilding CXX object CMakeFiles/turtlesim__rosidl_typesupport_fastrtps_c.dir/rosidl_typesupport_fastrtps_c/turtlesim/srv/detail/teleport_relative__type_support_c.cpp.o[0m
[4.842s] [ 78%] [32m[1mLinking CXX shared library libturtlesim__rosidl_typesupport_fastrtps_c.so[0m
[4.873s] [ 79%] [32m[1mLinking CXX shared library libturtlesim__rosidl_typesupport_fastrtps_cpp.so[0m
[4.936s] [ 79%] Built target turtlesim__rosidl_typesupport_fastrtps_c
[4.963s] [ 79%] Built target turtlesim__rosidl_typesupport_fastrtps_cpp
[4.985s] [ 79%] Built target turtlesim
[5.008s] [ 80%] [34m[1mGenerating Python code for ROS interfaces[0m
[6.348s] [ 80%] Built target turtlesim__py
[6.374s] [ 81%] [32mBuilding C object CMakeFiles/turtlesim__rosidl_generator_py.dir/rosidl_generator_py/turtlesim/msg/_color_s.c.o[0m
[6.374s] [ 84%] [32mBuilding C object CMakeFiles/turtlesim__rosidl_generator_py.dir/rosidl_generator_py/turtlesim/srv/_kill_s.c.o[0m
[6.375s] [ 84%] [32mBuilding C object CMakeFiles/turtlesim__rosidl_generator_py.dir/rosidl_generator_py/turtlesim/action/_rotate_absolute_s.c.o[0m
[6.375s] [ 84%] [32mBuilding C object CMakeFiles/turtlesim__rosidl_generator_py.dir/rosidl_generator_py/turtlesim/srv/_spawn_s.c.o[0m
[6.375s] [ 88%] [32mBuilding C object CMakeFiles/turtlesim__rosidl_generator_py.dir/rosidl_generator_py/turtlesim/msg/_pose_s.c.o[0m
[6.375s] [ 88%] [32mBuilding C object CMakeFiles/turtlesim__rosidl_generator_py.dir/rosidl_generator_py/turtlesim/srv/_teleport_absolute_s.c.o[0m
[6.375s] [ 88%] [32mBuilding C object CMakeFiles/turtlesim__rosidl_generator_py.dir/rosidl_generator_py/turtlesim/srv/_set_pen_s.c.o[0m
[6.375s] [ 88%] [32mBuilding C object CMakeFiles/turtlesim__rosidl_generator_py.dir/rosidl_generator_py/turtlesim/srv/_teleport_relative_s.c.o[0m
[6.548s] [ 89%] [32m[1mLinking C shared library rosidl_generator_py/turtlesim/libturtlesim__rosidl_generator_py.so[0m
[6.601s] [ 89%] Built target turtlesim__rosidl_generator_py
[6.624s] [ 90%] [32mBuilding C object CMakeFiles/turtlesim__rosidl_typesupport_introspection_c__pyext.dir/rosidl_generator_py/turtlesim/_turtlesim_s.ep.rosidl_typesupport_introspection_c.c.o[0m
[6.628s] [ 91%] [32mBuilding C object CMakeFiles/turtlesim__rosidl_typesupport_fastrtps_c__pyext.dir/rosidl_generator_py/turtlesim/_turtlesim_s.ep.rosidl_typesupport_fastrtps_c.c.o[0m
[6.629s] [ 92%] [32mBuilding C object CMakeFiles/turtlesim__rosidl_typesupport_c__pyext.dir/rosidl_generator_py/turtlesim/_turtlesim_s.ep.rosidl_typesupport_c.c.o[0m
[6.774s] [ 93%] [32m[1mLinking C shared library rosidl_generator_py/turtlesim/turtlesim_s__rosidl_typesupport_introspection_c.cpython-310-x86_64-linux-gnu.so[0m
[6.817s] [ 93%] Built target turtlesim__rosidl_typesupport_introspection_c__pyext
[6.849s] [ 94%] [32m[1mLinking C shared library rosidl_generator_py/turtlesim/turtlesim_s__rosidl_typesupport_c.cpython-310-x86_64-linux-gnu.so[0m
[6.852s] [ 95%] [32m[1mLinking C shared library rosidl_generator_py/turtlesim/turtlesim_s__rosidl_typesupport_fastrtps_c.cpython-310-x86_64-linux-gnu.so[0m
[6.892s] [ 95%] Built target turtlesim__rosidl_typesupport_c__pyext
[6.908s] [ 95%] Built target turtlesim__rosidl_typesupport_fastrtps_c__pyext
[9.381s] [ 96%] [32m[1mLinking CXX executable turtle_teleop_key[0m
[9.595s] [ 96%] Built target turtle_teleop_key
[11.654s] [ 97%] [32m[1mLinking CXX executable mimic[0m
[11.975s] [ 97%] Built target mimic
[12.146s] [ 98%] [32m[1mLinking CXX executable draw_square[0m
[12.505s] [ 98%] Built target draw_square
[14.703s] [100%] [32m[1mLinking CXX executable turtlesim_node[0m
[16.294s] [100%] Built target turtlesim_node
[16.335s] Invoked command in '/home/sunny/catkin_ws/build/turtlesim' returned '0': CMAKE_PREFIX_PATH=${CMAKE_PREFIX_PATH}:/opt/ros/humble /usr/bin/cmake --build /home/sunny/catkin_ws/build/turtlesim -- -j16 -l16
[16.560s] Invoking command in '/home/sunny/catkin_ws/build/turtlesim': CMAKE_PREFIX_PATH=${CMAKE_PREFIX_PATH}:/opt/ros/humble /usr/bin/cmake --install /home/sunny/catkin_ws/build/turtlesim
[16.568s] -- Install configuration: ""
[16.568s] -- Installing: /home/sunny/catkin_ws/install/turtlesim/share/ament_index/resource_index/rosidl_interfaces/turtlesim
[16.568s] -- Installing: /home/sunny/catkin_ws/install/turtlesim/include/turtlesim/turtlesim
[16.568s] -- Installing: /home/sunny/catkin_ws/install/turtlesim/include/turtlesim/turtlesim/srv
[16.568s] -- Installing: /home/sunny/catkin_ws/install/turtlesim/include/turtlesim/turtlesim/srv/set_pen.h
[16.568s] -- Installing: /home/sunny/catkin_ws/install/turtlesim/include/turtlesim/turtlesim/srv/teleport_relative.h
[16.569s] -- Installing: /home/sunny/catkin_ws/install/turtlesim/include/turtlesim/turtlesim/srv/detail
[16.569s] -- Installing: /home/sunny/catkin_ws/install/turtlesim/include/turtlesim/turtlesim/srv/detail/spawn__functions.h
[16.569s] -- Installing: /home/sunny/catkin_ws/install/turtlesim/include/turtlesim/turtlesim/srv/detail/kill__type_support.h
[16.569s] -- Installing: /home/sunny/catkin_ws/install/turtlesim/include/turtlesim/turtlesim/srv/detail/teleport_absolute__struct.h
[16.569s] -- Installing: /home/sunny/catkin_ws/install/turtlesim/include/turtlesim/turtlesim/srv/detail/set_pen__functions.h
[16.569s] -- Installing: /home/sunny/catkin_ws/install/turtlesim/include/turtlesim/turtlesim/srv/detail/kill__struct.h
[16.570s] -- Installing: /home/sunny/catkin_ws/install/turtlesim/include/turtlesim/turtlesim/srv/detail/spawn__functions.c
[16.570s] -- Installing: /home/sunny/catkin_ws/install/turtlesim/include/turtlesim/turtlesim/srv/detail/kill__functions.c
[16.570s] -- Installing: /home/sunny/catkin_ws/install/turtlesim/include/turtlesim/turtlesim/srv/detail/teleport_relative__struct.h
[16.570s] -- Installing: /home/sunny/catkin_ws/install/turtlesim/include/turtlesim/turtlesim/srv/detail/spawn__type_support.h
[16.570s] -- Installing: /home/sunny/catkin_ws/install/turtlesim/include/turtlesim/turtlesim/srv/detail/teleport_absolute__type_support.h
[16.570s] -- Installing: /home/sunny/catkin_ws/install/turtlesim/include/turtlesim/turtlesim/srv/detail/set_pen__functions.c
[16.571s] -- Installing: /home/sunny/catkin_ws/install/turtlesim/include/turtlesim/turtlesim/srv/detail/teleport_relative__type_support.h
[16.571s] -- Installing: /home/sunny/catkin_ws/install/turtlesim/include/turtlesim/turtlesim/srv/detail/teleport_relative__functions.h
[16.571s] -- Installing: /home/sunny/catkin_ws/install/turtlesim/include/turtlesim/turtlesim/srv/detail/spawn__struct.h
[16.571s] -- Installing: /home/sunny/catkin_ws/install/turtlesim/include/turtlesim/turtlesim/srv/detail/teleport_relative__functions.c
[16.571s] -- Installing: /home/sunny/catkin_ws/install/turtlesim/include/turtlesim/turtlesim/srv/detail/set_pen__type_support.h
[16.572s] -- Installing: /home/sunny/catkin_ws/install/turtlesim/include/turtlesim/turtlesim/srv/detail/kill__functions.h
[16.572s] -- Installing: /home/sunny/catkin_ws/install/turtlesim/include/turtlesim/turtlesim/srv/detail/teleport_absolute__functions.h
[16.572s] -- Installing: /home/sunny/catkin_ws/install/turtlesim/include/turtlesim/turtlesim/srv/detail/teleport_absolute__functions.c
[16.572s] -- Installing: /home/sunny/catkin_ws/install/turtlesim/include/turtlesim/turtlesim/srv/detail/set_pen__struct.h
[16.572s] -- Installing: /home/sunny/catkin_ws/install/turtlesim/include/turtlesim/turtlesim/srv/spawn.h
[16.572s] -- Installing: /home/sunny/catkin_ws/install/turtlesim/include/turtlesim/turtlesim/srv/teleport_absolute.h
[16.573s] -- Installing: /home/sunny/catkin_ws/install/turtlesim/include/turtlesim/turtlesim/srv/kill.h
[16.573s] -- Installing: /home/sunny/catkin_ws/install/turtlesim/include/turtlesim/turtlesim/action
[16.573s] -- Installing: /home/sunny/catkin_ws/install/turtlesim/include/turtlesim/turtlesim/action/rotate_absolute.h
[16.573s] -- Installing: /home/sunny/catkin_ws/install/turtlesim/include/turtlesim/turtlesim/action/detail
[16.573s] -- Installing: /home/sunny/catkin_ws/install/turtlesim/include/turtlesim/turtlesim/action/detail/rotate_absolute__struct.h
[16.573s] -- Installing: /home/sunny/catkin_ws/install/turtlesim/include/turtlesim/turtlesim/action/detail/rotate_absolute__type_support.h
[16.573s] -- Installing: /home/sunny/catkin_ws/install/turtlesim/include/turtlesim/turtlesim/action/detail/rotate_absolute__functions.c
[16.574s] -- Installing: /home/sunny/catkin_ws/install/turtlesim/include/turtlesim/turtlesim/action/detail/rotate_absolute__functions.h
[16.574s] -- Installing: /home/sunny/catkin_ws/install/turtlesim/include/turtlesim/turtlesim/msg
[16.574s] -- Installing: /home/sunny/catkin_ws/install/turtlesim/include/turtlesim/turtlesim/msg/detail
[16.574s] -- Installing: /home/sunny/catkin_ws/install/turtlesim/include/turtlesim/turtlesim/msg/detail/color__struct.h
[16.574s] -- Installing: /home/sunny/catkin_ws/install/turtlesim/include/turtlesim/turtlesim/msg/detail/pose__struct.h
[16.574s] -- Installing: /home/sunny/catkin_ws/install/turtlesim/include/turtlesim/turtlesim/msg/detail/color__type_support.h
[16.575s] -- Installing: /home/sunny/catkin_ws/install/turtlesim/include/turtlesim/turtlesim/msg/detail/color__functions.h
[16.575s] -- Installing: /home/sunny/catkin_ws/install/turtlesim/include/turtlesim/turtlesim/msg/detail/color__functions.c
[16.575s] -- Installing: /home/sunny/catkin_ws/install/turtlesim/include/turtlesim/turtlesim/msg/detail/pose__functions.h
[16.575s] -- Installing: /home/sunny/catkin_ws/install/turtlesim/include/turtlesim/turtlesim/msg/detail/pose__functions.c
[16.575s] -- Installing: /home/sunny/catkin_ws/install/turtlesim/include/turtlesim/turtlesim/msg/detail/pose__type_support.h
[16.575s] -- Installing: /home/sunny/catkin_ws/install/turtlesim/include/turtlesim/turtlesim/msg/rosidl_generator_c__visibility_control.h
[16.576s] -- Installing: /home/sunny/catkin_ws/install/turtlesim/include/turtlesim/turtlesim/msg/pose.h
[16.576s] -- Installing: /home/sunny/catkin_ws/install/turtlesim/include/turtlesim/turtlesim/msg/color.h
[16.576s] -- Installing: /home/sunny/catkin_ws/install/turtlesim/share/turtlesim/environment/library_path.sh
[16.576s] -- Installing: /home/sunny/catkin_ws/install/turtlesim/share/turtlesim/environment/library_path.dsv
[16.576s] -- Installing: /home/sunny/catkin_ws/install/turtlesim/lib/libturtlesim__rosidl_generator_c.so
[16.577s] -- Set runtime path of "/home/sunny/catkin_ws/install/turtlesim/lib/libturtlesim__rosidl_generator_c.so" to ""
[16.577s] -- Up-to-date: /home/sunny/catkin_ws/install/turtlesim/include/turtlesim/turtlesim
[16.577s] -- Up-to-date: /home/sunny/catkin_ws/install/turtlesim/include/turtlesim/turtlesim/srv
[16.577s] -- Up-to-date: /home/sunny/catkin_ws/install/turtlesim/include/turtlesim/turtlesim/srv/detail
[16.577s] -- Installing: /home/sunny/catkin_ws/install/turtlesim/include/turtlesim/turtlesim/srv/detail/spawn__rosidl_typesupport_fastrtps_c.h
[16.578s] -- Installing: /home/sunny/catkin_ws/install/turtlesim/include/turtlesim/turtlesim/srv/detail/teleport_absolute__rosidl_typesupport_fastrtps_c.h
[16.578s] -- Installing: /home/sunny/catkin_ws/install/turtlesim/include/turtlesim/turtlesim/srv/detail/set_pen__rosidl_typesupport_fastrtps_c.h
[16.578s] -- Installing: /home/sunny/catkin_ws/install/turtlesim/include/turtlesim/turtlesim/srv/detail/teleport_relative__rosidl_typesupport_fastrtps_c.h
[16.578s] -- Installing: /home/sunny/catkin_ws/install/turtlesim/include/turtlesim/turtlesim/srv/detail/kill__rosidl_typesupport_fastrtps_c.h
[16.578s] -- Up-to-date: /home/sunny/catkin_ws/install/turtlesim/include/turtlesim/turtlesim/action
[16.578s] -- Up-to-date: /home/sunny/catkin_ws/install/turtlesim/include/turtlesim/turtlesim/action/detail
[16.578s] -- Installing: /home/sunny/catkin_ws/install/turtlesim/include/turtlesim/turtlesim/action/detail/rotate_absolute__rosidl_typesupport_fastrtps_c.h
[16.578s] -- Up-to-date: /home/sunny/catkin_ws/install/turtlesim/include/turtlesim/turtlesim/msg
[16.579s] -- Up-to-date: /home/sunny/catkin_ws/install/turtlesim/include/turtlesim/turtlesim/msg/detail
[16.579s] -- Installing: /home/sunny/catkin_ws/install/turtlesim/include/turtlesim/turtlesim/msg/detail/pose__rosidl_typesupport_fastrtps_c.h
[16.579s] -- Installing: /home/sunny/catkin_ws/install/turtlesim/include/turtlesim/turtlesim/msg/detail/color__rosidl_typesupport_fastrtps_c.h
[16.579s] -- Installing: /home/sunny/catkin_ws/install/turtlesim/include/turtlesim/turtlesim/msg/rosidl_typesupport_fastrtps_c__visibility_control.h
[16.579s] -- Installing: /home/sunny/catkin_ws/install/turtlesim/lib/libturtlesim__rosidl_typesupport_fastrtps_c.so
[16.580s] -- Set runtime path of "/home/sunny/catkin_ws/install/turtlesim/lib/libturtlesim__rosidl_typesupport_fastrtps_c.so" to ""
[16.580s] -- Up-to-date: /home/sunny/catkin_ws/install/turtlesim/include/turtlesim/turtlesim
[16.580s] -- Up-to-date: /home/sunny/catkin_ws/install/turtlesim/include/turtlesim/turtlesim/srv
[16.580s] -- Installing: /home/sunny/catkin_ws/install/turtlesim/include/turtlesim/turtlesim/srv/teleport_absolute.hpp
[16.580s] -- Up-to-date: /home/sunny/catkin_ws/install/turtlesim/include/turtlesim/turtlesim/srv/detail
[16.580s] -- Installing: /home/sunny/catkin_ws/install/turtlesim/include/turtlesim/turtlesim/srv/detail/teleport_relative__traits.hpp
[16.580s] -- Installing: /home/sunny/catkin_ws/install/turtlesim/include/turtlesim/turtlesim/srv/detail/set_pen__builder.hpp
[16.580s] -- Installing: /home/sunny/catkin_ws/install/turtlesim/include/turtlesim/turtlesim/srv/detail/kill__traits.hpp
[16.581s] -- Installing: /home/sunny/catkin_ws/install/turtlesim/include/turtlesim/turtlesim/srv/detail/kill__builder.hpp
[16.581s] -- Installing: /home/sunny/catkin_ws/install/turtlesim/include/turtlesim/turtlesim/srv/detail/set_pen__struct.hpp
[16.581s] -- Installing: /home/sunny/catkin_ws/install/turtlesim/include/turtlesim/turtlesim/srv/detail/teleport_absolute__builder.hpp
[16.581s] -- Installing: /home/sunny/catkin_ws/install/turtlesim/include/turtlesim/turtlesim/srv/detail/spawn__struct.hpp
[16.581s] -- Installing: /home/sunny/catkin_ws/install/turtlesim/include/turtlesim/turtlesim/srv/detail/teleport_absolute__traits.hpp
[16.581s] -- Installing: /home/sunny/catkin_ws/install/turtlesim/include/turtlesim/turtlesim/srv/detail/spawn__builder.hpp
[16.582s] -- Installing: /home/sunny/catkin_ws/install/turtlesim/include/turtlesim/turtlesim/srv/detail/set_pen__traits.hpp
[16.582s] -- Installing: /home/sunny/catkin_ws/install/turtlesim/include/turtlesim/turtlesim/srv/detail/kill__struct.hpp
[16.582s] -- Installing: /home/sunny/catkin_ws/install/turtlesim/include/turtlesim/turtlesim/srv/detail/teleport_relative__struct.hpp
[16.582s] -- Installing: /home/sunny/catkin_ws/install/turtlesim/include/turtlesim/turtlesim/srv/detail/teleport_absolute__struct.hpp
[16.582s] -- Installing: /home/sunny/catkin_ws/install/turtlesim/include/turtlesim/turtlesim/srv/detail/teleport_relative__builder.hpp
[16.582s] -- Installing: /home/sunny/catkin_ws/install/turtlesim/include/turtlesim/turtlesim/srv/detail/spawn__traits.hpp
[16.583s] -- Installing: /home/sunny/catkin_ws/install/turtlesim/include/turtlesim/turtlesim/srv/spawn.hpp
[16.583s] -- Installing: /home/sunny/catkin_ws/install/turtlesim/include/turtlesim/turtlesim/srv/kill.hpp
[16.583s] -- Installing: /home/sunny/catkin_ws/install/turtlesim/include/turtlesim/turtlesim/srv/set_pen.hpp
[16.583s] -- Installing: /home/sunny/catkin_ws/install/turtlesim/include/turtlesim/turtlesim/srv/teleport_relative.hpp
[16.583s] -- Up-to-date: /home/sunny/catkin_ws/install/turtlesim/include/turtlesim/turtlesim/action
[16.583s] -- Up-to-date: /home/sunny/catkin_ws/install/turtlesim/include/turtlesim/turtlesim/action/detail
[16.583s] -- Installing: /home/sunny/catkin_ws/install/turtlesim/include/turtlesim/turtlesim/action/detail/rotate_absolute__struct.hpp
[16.584s] -- Installing: /home/sunny/catkin_ws/install/turtlesim/include/turtlesim/turtlesim/action/detail/rotate_absolute__traits.hpp
[16.584s] -- Installing: /home/sunny/catkin_ws/install/turtlesim/include/turtlesim/turtlesim/action/detail/rotate_absolute__builder.hpp
[16.584s] -- Installing: /home/sunny/catkin_ws/install/turtlesim/include/turtlesim/turtlesim/action/rotate_absolute.hpp
[16.584s] -- Up-to-date: /home/sunny/catkin_ws/install/turtlesim/include/turtlesim/turtlesim/msg
[16.584s] -- Installing: /home/sunny/catkin_ws/install/turtlesim/include/turtlesim/turtlesim/msg/color.hpp
[16.584s] -- Installing: /home/sunny/catkin_ws/install/turtlesim/include/turtlesim/turtlesim/msg/pose.hpp
[16.584s] -- Up-to-date: /home/sunny/catkin_ws/install/turtlesim/include/turtlesim/turtlesim/msg/detail
[16.585s] -- Installing: /home/sunny/catkin_ws/install/turtlesim/include/turtlesim/turtlesim/msg/detail/color__traits.hpp
[16.585s] -- Installing: /home/sunny/catkin_ws/install/turtlesim/include/turtlesim/turtlesim/msg/detail/pose__traits.hpp
[16.585s] -- Installing: /home/sunny/catkin_ws/install/turtlesim/include/turtlesim/turtlesim/msg/detail/pose__struct.hpp
[16.585s] -- Installing: /home/sunny/catkin_ws/install/turtlesim/include/turtlesim/turtlesim/msg/detail/color__struct.hpp
[16.585s] -- Installing: /home/sunny/catkin_ws/install/turtlesim/include/turtlesim/turtlesim/msg/detail/color__builder.hpp
[16.585s] -- Installing: /home/sunny/catkin_ws/install/turtlesim/include/turtlesim/turtlesim/msg/detail/pose__builder.hpp
[16.585s] -- Up-to-date: /home/sunny/catkin_ws/install/turtlesim/include/turtlesim/turtlesim
[16.586s] -- Up-to-date: /home/sunny/catkin_ws/install/turtlesim/include/turtlesim/turtlesim/srv
[16.586s] -- Up-to-date: /home/sunny/catkin_ws/install/turtlesim/include/turtlesim/turtlesim/srv/detail
[16.586s] -- Installing: /home/sunny/catkin_ws/install/turtlesim/include/turtlesim/turtlesim/srv/detail/teleport_absolute__rosidl_typesupport_fastrtps_cpp.hpp
[16.586s] -- Installing: /home/sunny/catkin_ws/install/turtlesim/include/turtlesim/turtlesim/srv/detail/spawn__rosidl_typesupport_fastrtps_cpp.hpp
[16.586s] -- Installing: /home/sunny/catkin_ws/install/turtlesim/include/turtlesim/turtlesim/srv/detail/kill__rosidl_typesupport_fastrtps_cpp.hpp
[16.586s] -- Installing: /home/sunny/catkin_ws/install/turtlesim/include/turtlesim/turtlesim/srv/detail/set_pen__rosidl_typesupport_fastrtps_cpp.hpp
[16.586s] -- Installing: /home/sunny/catkin_ws/install/turtlesim/include/turtlesim/turtlesim/srv/detail/dds_fastrtps
[16.586s] -- Installing: /home/sunny/catkin_ws/install/turtlesim/include/turtlesim/turtlesim/srv/detail/teleport_relative__rosidl_typesupport_fastrtps_cpp.hpp
[16.587s] -- Up-to-date: /home/sunny/catkin_ws/install/turtlesim/include/turtlesim/turtlesim/action
[16.587s] -- Up-to-date: /home/sunny/catkin_ws/install/turtlesim/include/turtlesim/turtlesim/action/detail
[16.587s] -- Installing: /home/sunny/catkin_ws/install/turtlesim/include/turtlesim/turtlesim/action/detail/rotate_absolute__rosidl_typesupport_fastrtps_cpp.hpp
[16.587s] -- Installing: /home/sunny/catkin_ws/install/turtlesim/include/turtlesim/turtlesim/action/detail/dds_fastrtps
[16.587s] -- Up-to-date: /home/sunny/catkin_ws/install/turtlesim/include/turtlesim/turtlesim/msg
[16.587s] -- Up-to-date: /home/sunny/catkin_ws/install/turtlesim/include/turtlesim/turtlesim/msg/detail
[16.587s] -- Installing: /home/sunny/catkin_ws/install/turtlesim/include/turtlesim/turtlesim/msg/detail/pose__rosidl_typesupport_fastrtps_cpp.hpp
[16.587s] -- Installing: /home/sunny/catkin_ws/install/turtlesim/include/turtlesim/turtlesim/msg/detail/color__rosidl_typesupport_fastrtps_cpp.hpp
[16.587s] -- Installing: /home/sunny/catkin_ws/install/turtlesim/include/turtlesim/turtlesim/msg/detail/dds_fastrtps
[16.587s] -- Installing: /home/sunny/catkin_ws/install/turtlesim/include/turtlesim/turtlesim/msg/rosidl_typesupport_fastrtps_cpp__visibility_control.h
[16.587s] -- Installing: /home/sunny/catkin_ws/install/turtlesim/lib/libturtlesim__rosidl_typesupport_fastrtps_cpp.so
[16.588s] -- Set runtime path of "/home/sunny/catkin_ws/install/turtlesim/lib/libturtlesim__rosidl_typesupport_fastrtps_cpp.so" to ""
[16.588s] -- Up-to-date: /home/sunny/catkin_ws/install/turtlesim/include/turtlesim/turtlesim
[16.588s] -- Up-to-date: /home/sunny/catkin_ws/install/turtlesim/include/turtlesim/turtlesim/srv
[16.588s] -- Up-to-date: /home/sunny/catkin_ws/install/turtlesim/include/turtlesim/turtlesim/srv/detail
[16.588s] -- Installing: /home/sunny/catkin_ws/install/turtlesim/include/turtlesim/turtlesim/srv/detail/teleport_relative__type_support.c
[16.588s] -- Installing: /home/sunny/catkin_ws/install/turtlesim/include/turtlesim/turtlesim/srv/detail/spawn__type_support.c
[16.588s] -- Installing: /home/sunny/catkin_ws/install/turtlesim/include/turtlesim/turtlesim/srv/detail/spawn__rosidl_typesupport_introspection_c.h
[16.588s] -- Installing: /home/sunny/catkin_ws/install/turtlesim/include/turtlesim/turtlesim/srv/detail/teleport_absolute__rosidl_typesupport_introspection_c.h
[16.589s] -- Installing: /home/sunny/catkin_ws/install/turtlesim/include/turtlesim/turtlesim/srv/detail/teleport_absolute__type_support.c
[16.589s] -- Installing: /home/sunny/catkin_ws/install/turtlesim/include/turtlesim/turtlesim/srv/detail/teleport_relative__rosidl_typesupport_introspection_c.h
[16.589s] -- Installing: /home/sunny/catkin_ws/install/turtlesim/include/turtlesim/turtlesim/srv/detail/set_pen__rosidl_typesupport_introspection_c.h
[16.589s] -- Installing: /home/sunny/catkin_ws/install/turtlesim/include/turtlesim/turtlesim/srv/detail/kill__type_support.c
[16.589s] -- Installing: /home/sunny/catkin_ws/install/turtlesim/include/turtlesim/turtlesim/srv/detail/set_pen__type_support.c
[16.589s] -- Installing: /home/sunny/catkin_ws/install/turtlesim/include/turtlesim/turtlesim/srv/detail/kill__rosidl_typesupport_introspection_c.h
[16.589s] -- Up-to-date: /home/sunny/catkin_ws/install/turtlesim/include/turtlesim/turtlesim/action
[16.589s] -- Up-to-date: /home/sunny/catkin_ws/install/turtlesim/include/turtlesim/turtlesim/action/detail
[16.590s] -- Installing: /home/sunny/catkin_ws/install/turtlesim/include/turtlesim/turtlesim/action/detail/rotate_absolute__rosidl_typesupport_introspection_c.h
[16.590s] -- Installing: /home/sunny/catkin_ws/install/turtlesim/include/turtlesim/turtlesim/action/detail/rotate_absolute__type_support.c
[16.590s] -- Up-to-date: /home/sunny/catkin_ws/install/turtlesim/include/turtlesim/turtlesim/msg
[16.590s] -- Installing: /home/sunny/catkin_ws/install/turtlesim/include/turtlesim/turtlesim/msg/rosidl_typesupport_introspection_c__visibility_control.h
[16.590s] -- Up-to-date: /home/sunny/catkin_ws/install/turtlesim/include/turtlesim/turtlesim/msg/detail
[16.590s] -- Installing: /home/sunny/catkin_ws/install/turtlesim/include/turtlesim/turtlesim/msg/detail/pose__type_support.c
[16.590s] -- Installing: /home/sunny/catkin_ws/install/turtlesim/include/turtlesim/turtlesim/msg/detail/color__rosidl_typesupport_introspection_c.h
[16.590s] -- Installing: /home/sunny/catkin_ws/install/turtlesim/include/turtlesim/turtlesim/msg/detail/color__type_support.c
[16.590s] -- Installing: /home/sunny/catkin_ws/install/turtlesim/include/turtlesim/turtlesim/msg/detail/pose__rosidl_typesupport_introspection_c.h
[16.591s] -- Installing: /home/sunny/catkin_ws/install/turtlesim/lib/libturtlesim__rosidl_typesupport_introspection_c.so
[16.591s] -- Set runtime path of "/home/sunny/catkin_ws/install/turtlesim/lib/libturtlesim__rosidl_typesupport_introspection_c.so" to ""
[16.591s] -- Installing: /home/sunny/catkin_ws/install/turtlesim/lib/libturtlesim__rosidl_typesupport_c.so
[16.592s] -- Set runtime path of "/home/sunny/catkin_ws/install/turtlesim/lib/libturtlesim__rosidl_typesupport_c.so" to ""
[16.592s] -- Up-to-date: /home/sunny/catkin_ws/install/turtlesim/include/turtlesim/turtlesim
[16.592s] -- Up-to-date: /home/sunny/catkin_ws/install/turtlesim/include/turtlesim/turtlesim/srv
[16.592s] -- Up-to-date: /home/sunny/catkin_ws/install/turtlesim/include/turtlesim/turtlesim/srv/detail
[16.592s] -- Installing: /home/sunny/catkin_ws/install/turtlesim/include/turtlesim/turtlesim/srv/detail/set_pen__rosidl_typesupport_introspection_cpp.hpp
[16.592s] -- Installing: /home/sunny/catkin_ws/install/turtlesim/include/turtlesim/turtlesim/srv/detail/spawn__type_support.cpp
[16.592s] -- Installing: /home/sunny/catkin_ws/install/turtlesim/include/turtlesim/turtlesim/srv/detail/teleport_relative__type_support.cpp
[16.592s] -- Installing: /home/sunny/catkin_ws/install/turtlesim/include/turtlesim/turtlesim/srv/detail/teleport_absolute__rosidl_typesupport_introspection_cpp.hpp
[16.592s] -- Installing: /home/sunny/catkin_ws/install/turtlesim/include/turtlesim/turtlesim/srv/detail/set_pen__type_support.cpp
[16.592s] -- Installing: /home/sunny/catkin_ws/install/turtlesim/include/turtlesim/turtlesim/srv/detail/spawn__rosidl_typesupport_introspection_cpp.hpp
[16.592s] -- Installing: /home/sunny/catkin_ws/install/turtlesim/include/turtlesim/turtlesim/srv/detail/teleport_absolute__type_support.cpp
[16.593s] -- Installing: /home/sunny/catkin_ws/install/turtlesim/include/turtlesim/turtlesim/srv/detail/kill__type_support.cpp
[16.593s] -- Installing: /home/sunny/catkin_ws/install/turtlesim/include/turtlesim/turtlesim/srv/detail/teleport_relative__rosidl_typesupport_introspection_cpp.hpp
[16.593s] -- Installing: /home/sunny/catkin_ws/install/turtlesim/include/turtlesim/turtlesim/srv/detail/kill__rosidl_typesupport_introspection_cpp.hpp
[16.593s] -- Up-to-date: /home/sunny/catkin_ws/install/turtlesim/include/turtlesim/turtlesim/action
[16.593s] -- Up-to-date: /home/sunny/catkin_ws/install/turtlesim/include/turtlesim/turtlesim/action/detail
[16.593s] -- Installing: /home/sunny/catkin_ws/install/turtlesim/include/turtlesim/turtlesim/action/detail/rotate_absolute__type_support.cpp
[16.593s] -- Installing: /home/sunny/catkin_ws/install/turtlesim/include/turtlesim/turtlesim/action/detail/rotate_absolute__rosidl_typesupport_introspection_cpp.hpp
[16.593s] -- Up-to-date: /home/sunny/catkin_ws/install/turtlesim/include/turtlesim/turtlesim/msg
[16.593s] -- Up-to-date: /home/sunny/catkin_ws/install/turtlesim/include/turtlesim/turtlesim/msg/detail
[16.593s] -- Installing: /home/sunny/catkin_ws/install/turtlesim/include/turtlesim/turtlesim/msg/detail/color__type_support.cpp
[16.594s] -- Installing: /home/sunny/catkin_ws/install/turtlesim/include/turtlesim/turtlesim/msg/detail/pose__rosidl_typesupport_introspection_cpp.hpp
[16.594s] -- Installing: /home/sunny/catkin_ws/install/turtlesim/include/turtlesim/turtlesim/msg/detail/color__rosidl_typesupport_introspection_cpp.hpp
[16.594s] -- Installing: /home/sunny/catkin_ws/install/turtlesim/include/turtlesim/turtlesim/msg/detail/pose__type_support.cpp
[16.594s] -- Installing: /home/sunny/catkin_ws/install/turtlesim/lib/libturtlesim__rosidl_typesupport_introspection_cpp.so
[16.595s] -- Set runtime path of "/home/sunny/catkin_ws/install/turtlesim/lib/libturtlesim__rosidl_typesupport_introspection_cpp.so" to ""
[16.595s] -- Installing: /home/sunny/catkin_ws/install/turtlesim/lib/libturtlesim__rosidl_typesupport_cpp.so
[16.595s] -- Set runtime path of "/home/sunny/catkin_ws/install/turtlesim/lib/libturtlesim__rosidl_typesupport_cpp.so" to ""
[16.595s] -- Installing: /home/sunny/catkin_ws/install/turtlesim/share/turtlesim/environment/pythonpath.sh
[16.595s] -- Installing: /home/sunny/catkin_ws/install/turtlesim/share/turtlesim/environment/pythonpath.dsv
[16.595s] -- Installing: /home/sunny/catkin_ws/install/turtlesim/local/lib/python3.10/dist-packages/turtlesim-1.4.2-py3.10.egg-info
[16.596s] -- Installing: /home/sunny/catkin_ws/install/turtlesim/local/lib/python3.10/dist-packages/turtlesim-1.4.2-py3.10.egg-info/PKG-INFO
[16.596s] -- Installing: /home/sunny/catkin_ws/install/turtlesim/local/lib/python3.10/dist-packages/turtlesim-1.4.2-py3.10.egg-info/SOURCES.txt
[16.596s] -- Installing: /home/sunny/catkin_ws/install/turtlesim/local/lib/python3.10/dist-packages/turtlesim-1.4.2-py3.10.egg-info/top_level.txt
[16.596s] -- Installing: /home/sunny/catkin_ws/install/turtlesim/local/lib/python3.10/dist-packages/turtlesim-1.4.2-py3.10.egg-info/dependency_links.txt
[16.596s] -- Installing: /home/sunny/catkin_ws/install/turtlesim/local/lib/python3.10/dist-packages/turtlesim
[16.596s] -- Installing: /home/sunny/catkin_ws/install/turtlesim/local/lib/python3.10/dist-packages/turtlesim/__init__.py
[16.596s] -- Installing: /home/sunny/catkin_ws/install/turtlesim/local/lib/python3.10/dist-packages/turtlesim/srv
[16.596s] -- Installing: /home/sunny/catkin_ws/install/turtlesim/local/lib/python3.10/dist-packages/turtlesim/srv/__init__.py
[16.596s] -- Installing: /home/sunny/catkin_ws/install/turtlesim/local/lib/python3.10/dist-packages/turtlesim/srv/_teleport_absolute.py
[16.597s] -- Installing: /home/sunny/catkin_ws/install/turtlesim/local/lib/python3.10/dist-packages/turtlesim/srv/_set_pen_s.c
[16.597s] -- Installing: /home/sunny/catkin_ws/install/turtlesim/local/lib/python3.10/dist-packages/turtlesim/srv/_kill_s.c
[16.597s] -- Installing: /home/sunny/catkin_ws/install/turtlesim/local/lib/python3.10/dist-packages/turtlesim/srv/_teleport_absolute_s.c
[16.597s] -- Installing: /home/sunny/catkin_ws/install/turtlesim/local/lib/python3.10/dist-packages/turtlesim/srv/_teleport_relative_s.c
[16.597s] -- Installing: /home/sunny/catkin_ws/install/turtlesim/local/lib/python3.10/dist-packages/turtlesim/srv/_spawn.py
[16.597s] -- Installing: /home/sunny/catkin_ws/install/turtlesim/local/lib/python3.10/dist-packages/turtlesim/srv/_set_pen.py
[16.597s] -- Installing: /home/sunny/catkin_ws/install/turtlesim/local/lib/python3.10/dist-packages/turtlesim/srv/_spawn_s.c
[16.597s] -- Installing: /home/sunny/catkin_ws/install/turtlesim/local/lib/python3.10/dist-packages/turtlesim/srv/_kill.py
[16.598s] -- Installing: /home/sunny/catkin_ws/install/turtlesim/local/lib/python3.10/dist-packages/turtlesim/srv/_teleport_relative.py
[16.598s] -- Installing: /home/sunny/catkin_ws/install/turtlesim/local/lib/python3.10/dist-packages/turtlesim/_turtlesim_s.ep.rosidl_typesupport_introspection_c.c
[16.598s] -- Installing: /home/sunny/catkin_ws/install/turtlesim/local/lib/python3.10/dist-packages/turtlesim/turtlesim_s__rosidl_typesupport_introspection_c.cpython-310-x86_64-linux-gnu.so
[16.598s] -- Installing: /home/sunny/catkin_ws/install/turtlesim/local/lib/python3.10/dist-packages/turtlesim/action
[16.598s] -- Installing: /home/sunny/catkin_ws/install/turtlesim/local/lib/python3.10/dist-packages/turtlesim/action/__init__.py
[16.598s] -- Installing: /home/sunny/catkin_ws/install/turtlesim/local/lib/python3.10/dist-packages/turtlesim/action/_rotate_absolute.py
[16.599s] -- Installing: /home/sunny/catkin_ws/install/turtlesim/local/lib/python3.10/dist-packages/turtlesim/action/_rotate_absolute_s.c
[16.599s] -- Installing: /home/sunny/catkin_ws/install/turtlesim/local/lib/python3.10/dist-packages/turtlesim/turtlesim_s__rosidl_typesupport_c.cpython-310-x86_64-linux-gnu.so
[16.599s] -- Installing: /home/sunny/catkin_ws/install/turtlesim/local/lib/python3.10/dist-packages/turtlesim/msg
[16.599s] -- Installing: /home/sunny/catkin_ws/install/turtlesim/local/lib/python3.10/dist-packages/turtlesim/msg/__init__.py
[16.599s] -- Installing: /home/sunny/catkin_ws/install/turtlesim/local/lib/python3.10/dist-packages/turtlesim/msg/_pose_s.c
[16.599s] -- Installing: /home/sunny/catkin_ws/install/turtlesim/local/lib/python3.10/dist-packages/turtlesim/msg/_color_s.c
[16.599s] -- Installing: /home/sunny/catkin_ws/install/turtlesim/local/lib/python3.10/dist-packages/turtlesim/msg/_pose.py
[16.600s] -- Installing: /home/sunny/catkin_ws/install/turtlesim/local/lib/python3.10/dist-packages/turtlesim/msg/_color.py
[16.600s] -- Installing: /home/sunny/catkin_ws/install/turtlesim/local/lib/python3.10/dist-packages/turtlesim/_turtlesim_s.ep.rosidl_typesupport_fastrtps_c.c
[16.600s] -- Installing: /home/sunny/catkin_ws/install/turtlesim/local/lib/python3.10/dist-packages/turtlesim/_turtlesim_s.ep.rosidl_typesupport_c.c
[16.600s] -- Installing: /home/sunny/catkin_ws/install/turtlesim/local/lib/python3.10/dist-packages/turtlesim/libturtlesim__rosidl_generator_py.so
[16.600s] -- Installing: /home/sunny/catkin_ws/install/turtlesim/local/lib/python3.10/dist-packages/turtlesim/turtlesim_s__rosidl_typesupport_fastrtps_c.cpython-310-x86_64-linux-gnu.so
[16.637s] Listing '/home/sunny/catkin_ws/install/turtlesim/local/lib/python3.10/dist-packages/turtlesim'...
[16.637s] Compiling '/home/sunny/catkin_ws/install/turtlesim/local/lib/python3.10/dist-packages/turtlesim/__init__.py'...
[16.637s] Listing '/home/sunny/catkin_ws/install/turtlesim/local/lib/python3.10/dist-packages/turtlesim/action'...
[16.637s] Compiling '/home/sunny/catkin_ws/install/turtlesim/local/lib/python3.10/dist-packages/turtlesim/action/__init__.py'...
[16.637s] Compiling '/home/sunny/catkin_ws/install/turtlesim/local/lib/python3.10/dist-packages/turtlesim/action/_rotate_absolute.py'...
[16.637s] Listing '/home/sunny/catkin_ws/install/turtlesim/local/lib/python3.10/dist-packages/turtlesim/msg'...
[16.637s] Compiling '/home/sunny/catkin_ws/install/turtlesim/local/lib/python3.10/dist-packages/turtlesim/msg/__init__.py'...
[16.637s] Compiling '/home/sunny/catkin_ws/install/turtlesim/local/lib/python3.10/dist-packages/turtlesim/msg/_color.py'...
[16.637s] Compiling '/home/sunny/catkin_ws/install/turtlesim/local/lib/python3.10/dist-packages/turtlesim/msg/_pose.py'...
[16.637s] Listing '/home/sunny/catkin_ws/install/turtlesim/local/lib/python3.10/dist-packages/turtlesim/srv'...
[16.637s] Compiling '/home/sunny/catkin_ws/install/turtlesim/local/lib/python3.10/dist-packages/turtlesim/srv/__init__.py'...
[16.637s] Compiling '/home/sunny/catkin_ws/install/turtlesim/local/lib/python3.10/dist-packages/turtlesim/srv/_kill.py'...
[16.638s] Compiling '/home/sunny/catkin_ws/install/turtlesim/local/lib/python3.10/dist-packages/turtlesim/srv/_set_pen.py'...
[16.638s] Compiling '/home/sunny/catkin_ws/install/turtlesim/local/lib/python3.10/dist-packages/turtlesim/srv/_spawn.py'...
[16.638s] Compiling '/home/sunny/catkin_ws/install/turtlesim/local/lib/python3.10/dist-packages/turtlesim/srv/_teleport_absolute.py'...
[16.638s] Compiling '/home/sunny/catkin_ws/install/turtlesim/local/lib/python3.10/dist-packages/turtlesim/srv/_teleport_relative.py'...
[16.641s] -- Installing: /home/sunny/catkin_ws/install/turtlesim/local/lib/python3.10/dist-packages/turtlesim/turtlesim_s__rosidl_typesupport_fastrtps_c.cpython-310-x86_64-linux-gnu.so
[16.641s] -- Set runtime path of "/home/sunny/catkin_ws/install/turtlesim/local/lib/python3.10/dist-packages/turtlesim/turtlesim_s__rosidl_typesupport_fastrtps_c.cpython-310-x86_64-linux-gnu.so" to ""
[16.642s] -- Installing: /home/sunny/catkin_ws/install/turtlesim/local/lib/python3.10/dist-packages/turtlesim/turtlesim_s__rosidl_typesupport_introspection_c.cpython-310-x86_64-linux-gnu.so
[16.642s] -- Set runtime path of "/home/sunny/catkin_ws/install/turtlesim/local/lib/python3.10/dist-packages/turtlesim/turtlesim_s__rosidl_typesupport_introspection_c.cpython-310-x86_64-linux-gnu.so" to ""
[16.642s] -- Installing: /home/sunny/catkin_ws/install/turtlesim/local/lib/python3.10/dist-packages/turtlesim/turtlesim_s__rosidl_typesupport_c.cpython-310-x86_64-linux-gnu.so
[16.643s] -- Set runtime path of "/home/sunny/catkin_ws/install/turtlesim/local/lib/python3.10/dist-packages/turtlesim/turtlesim_s__rosidl_typesupport_c.cpython-310-x86_64-linux-gnu.so" to ""
[16.643s] -- Installing: /home/sunny/catkin_ws/install/turtlesim/lib/libturtlesim__rosidl_generator_py.so
[16.643s] -- Set runtime path of "/home/sunny/catkin_ws/install/turtlesim/lib/libturtlesim__rosidl_generator_py.so" to ""
[16.643s] -- Installing: /home/sunny/catkin_ws/install/turtlesim/share/turtlesim/action/RotateAbsolute.idl
[16.644s] -- Installing: /home/sunny/catkin_ws/install/turtlesim/share/turtlesim/msg/Color.idl
[16.644s] -- Installing: /home/sunny/catkin_ws/install/turtlesim/share/turtlesim/msg/Pose.idl
[16.644s] -- Installing: /home/sunny/catkin_ws/install/turtlesim/share/turtlesim/srv/Kill.idl
[16.644s] -- Installing: /home/sunny/catkin_ws/install/turtlesim/share/turtlesim/srv/SetPen.idl
[16.644s] -- Installing: /home/sunny/catkin_ws/install/turtlesim/share/turtlesim/srv/Spawn.idl
[16.644s] -- Installing: /home/sunny/catkin_ws/install/turtlesim/share/turtlesim/srv/TeleportAbsolute.idl
[16.644s] -- Installing: /home/sunny/catkin_ws/install/turtlesim/share/turtlesim/srv/TeleportRelative.idl
[16.645s] -- Installing: /home/sunny/catkin_ws/install/turtlesim/share/turtlesim/action/RotateAbsolute.action
[16.645s] -- Installing: /home/sunny/catkin_ws/install/turtlesim/share/turtlesim/msg/Color.msg
[16.645s] -- Installing: /home/sunny/catkin_ws/install/turtlesim/share/turtlesim/msg/Pose.msg
[16.645s] -- Installing: /home/sunny/catkin_ws/install/turtlesim/share/turtlesim/srv/Kill.srv
[16.645s] -- Installing: /home/sunny/catkin_ws/install/turtlesim/share/turtlesim/srv/Kill_Request.msg
[16.645s] -- Installing: /home/sunny/catkin_ws/install/turtlesim/share/turtlesim/srv/Kill_Response.msg
[16.645s] -- Installing: /home/sunny/catkin_ws/install/turtlesim/share/turtlesim/srv/SetPen.srv
[16.645s] -- Installing: /home/sunny/catkin_ws/install/turtlesim/share/turtlesim/srv/SetPen_Request.msg
[16.646s] -- Installing: /home/sunny/catkin_ws/install/turtlesim/share/turtlesim/srv/SetPen_Response.msg
[16.646s] -- Installing: /home/sunny/catkin_ws/install/turtlesim/share/turtlesim/srv/Spawn.srv
[16.646s] -- Installing: /home/sunny/catkin_ws/install/turtlesim/share/turtlesim/srv/Spawn_Request.msg
[16.646s] -- Installing: /home/sunny/catkin_ws/install/turtlesim/share/turtlesim/srv/Spawn_Response.msg
[16.646s] -- Installing: /home/sunny/catkin_ws/install/turtlesim/share/turtlesim/srv/TeleportAbsolute.srv
[16.646s] -- Installing: /home/sunny/catkin_ws/install/turtlesim/share/turtlesim/srv/TeleportAbsolute_Request.msg
[16.646s] -- Installing: /home/sunny/catkin_ws/install/turtlesim/share/turtlesim/srv/TeleportAbsolute_Response.msg
[16.647s] -- Installing: /home/sunny/catkin_ws/install/turtlesim/share/turtlesim/srv/TeleportRelative.srv
[16.647s] -- Installing: /home/sunny/catkin_ws/install/turtlesim/share/turtlesim/srv/TeleportRelative_Request.msg
[16.647s] -- Installing: /home/sunny/catkin_ws/install/turtlesim/share/turtlesim/srv/TeleportRelative_Response.msg
[16.647s] -- Installing: /home/sunny/catkin_ws/install/turtlesim/lib/turtlesim/turtlesim_node
[16.661s] -- Set runtime path of "/home/sunny/catkin_ws/install/turtlesim/lib/turtlesim/turtlesim_node" to ""
[16.661s] -- Installing: /home/sunny/catkin_ws/install/turtlesim/lib/turtlesim/turtle_teleop_key
[16.664s] -- Set runtime path of "/home/sunny/catkin_ws/install/turtlesim/lib/turtlesim/turtle_teleop_key" to ""
[16.664s] -- Installing: /home/sunny/catkin_ws/install/turtlesim/lib/turtlesim/draw_square
[16.670s] -- Set runtime path of "/home/sunny/catkin_ws/install/turtlesim/lib/turtlesim/draw_square" to ""
[16.671s] -- Installing: /home/sunny/catkin_ws/install/turtlesim/lib/turtlesim/mimic
[16.676s] -- Set runtime path of "/home/sunny/catkin_ws/install/turtlesim/lib/turtlesim/mimic" to ""
[16.677s] -- Installing: /home/sunny/catkin_ws/install/turtlesim/share/turtlesim/images
[16.677s] -- Installing: /home/sunny/catkin_ws/install/turtlesim/share/turtlesim/images/humble.png
[16.677s] -- Installing: /home/sunny/catkin_ws/install/turtlesim/share/turtlesim/images/crystal.png
[16.677s] -- Installing: /home/sunny/catkin_ws/install/turtlesim/share/turtlesim/images/rolling.png
[16.677s] -- Installing: /home/sunny/catkin_ws/install/turtlesim/share/turtlesim/images/dashing.png
[16.677s] -- Installing: /home/sunny/catkin_ws/install/turtlesim/share/turtlesim/images/bouncy.png
[16.677s] -- Installing: /home/sunny/catkin_ws/install/turtlesim/share/turtlesim/images/galactic.png
[16.677s] -- Installing: /home/sunny/catkin_ws/install/turtlesim/share/turtlesim/images/eloquent.png
[16.677s] -- Installing: /home/sunny/catkin_ws/install/turtlesim/share/turtlesim/images/foxy.png
[16.677s] -- Installing: /home/sunny/catkin_ws/install/turtlesim/share/turtlesim/images/ardent.png
[16.678s] -- Installing: /home/sunny/catkin_ws/install/turtlesim/share/turtlesim/launch
[16.678s] -- Installing: /home/sunny/catkin_ws/install/turtlesim/share/turtlesim/launch/multisim.launch.py
[16.678s] -- Installing: /home/sunny/catkin_ws/install/turtlesim/share/ament_index/resource_index/package_run_dependencies/turtlesim
[16.678s] -- Installing: /home/sunny/catkin_ws/install/turtlesim/share/ament_index/resource_index/parent_prefix_path/turtlesim
[16.678s] -- Installing: /home/sunny/catkin_ws/install/turtlesim/share/turtlesim/environment/ament_prefix_path.sh
[16.678s] -- Installing: /home/sunny/catkin_ws/install/turtlesim/share/turtlesim/environment/ament_prefix_path.dsv
[16.678s] -- Installing: /home/sunny/catkin_ws/install/turtlesim/share/turtlesim/environment/path.sh
[16.679s] -- Installing: /home/sunny/catkin_ws/install/turtlesim/share/turtlesim/environment/path.dsv
[16.679s] -- Installing: /home/sunny/catkin_ws/install/turtlesim/share/turtlesim/local_setup.bash
[16.679s] -- Installing: /home/sunny/catkin_ws/install/turtlesim/share/turtlesim/local_setup.sh
[16.679s] -- Installing: /home/sunny/catkin_ws/install/turtlesim/share/turtlesim/local_setup.zsh
[16.679s] -- Installing: /home/sunny/catkin_ws/install/turtlesim/share/turtlesim/local_setup.dsv
[16.679s] -- Installing: /home/sunny/catkin_ws/install/turtlesim/share/turtlesim/package.dsv
[16.679s] -- Installing: /home/sunny/catkin_ws/install/turtlesim/share/ament_index/resource_index/packages/turtlesim
[16.680s] -- Installing: /home/sunny/catkin_ws/install/turtlesim/share/turtlesim/cmake/export_turtlesim__rosidl_generator_cExport.cmake
[16.680s] -- Installing: /home/sunny/catkin_ws/install/turtlesim/share/turtlesim/cmake/export_turtlesim__rosidl_generator_cExport-noconfig.cmake
[16.680s] -- Installing: /home/sunny/catkin_ws/install/turtlesim/share/turtlesim/cmake/export_turtlesim__rosidl_typesupport_fastrtps_cExport.cmake
[16.680s] -- Installing: /home/sunny/catkin_ws/install/turtlesim/share/turtlesim/cmake/export_turtlesim__rosidl_typesupport_fastrtps_cExport-noconfig.cmake
[16.680s] -- Installing: /home/sunny/catkin_ws/install/turtlesim/share/turtlesim/cmake/export_turtlesim__rosidl_generator_cppExport.cmake
[16.680s] -- Installing: /home/sunny/catkin_ws/install/turtlesim/share/turtlesim/cmake/export_turtlesim__rosidl_typesupport_fastrtps_cppExport.cmake
[16.680s] -- Installing: /home/sunny/catkin_ws/install/turtlesim/share/turtlesim/cmake/export_turtlesim__rosidl_typesupport_fastrtps_cppExport-noconfig.cmake
[16.681s] -- Installing: /home/sunny/catkin_ws/install/turtlesim/share/turtlesim/cmake/turtlesim__rosidl_typesupport_introspection_cExport.cmake
[16.681s] -- Installing: /home/sunny/catkin_ws/install/turtlesim/share/turtlesim/cmake/turtlesim__rosidl_typesupport_introspection_cExport-noconfig.cmake
[16.681s] -- Installing: /home/sunny/catkin_ws/install/turtlesim/share/turtlesim/cmake/turtlesim__rosidl_typesupport_cExport.cmake
[16.681s] -- Installing: /home/sunny/catkin_ws/install/turtlesim/share/turtlesim/cmake/turtlesim__rosidl_typesupport_cExport-noconfig.cmake
[16.681s] -- Installing: /home/sunny/catkin_ws/install/turtlesim/share/turtlesim/cmake/turtlesim__rosidl_typesupport_introspection_cppExport.cmake
[16.681s] -- Installing: /home/sunny/catkin_ws/install/turtlesim/share/turtlesim/cmake/turtlesim__rosidl_typesupport_introspection_cppExport-noconfig.cmake
[16.681s] -- Installing: /home/sunny/catkin_ws/install/turtlesim/share/turtlesim/cmake/turtlesim__rosidl_typesupport_cppExport.cmake
[16.682s] -- Installing: /home/sunny/catkin_ws/install/turtlesim/share/turtlesim/cmake/turtlesim__rosidl_typesupport_cppExport-noconfig.cmake
[16.682s] -- Installing: /home/sunny/catkin_ws/install/turtlesim/share/turtlesim/cmake/export_turtlesim__rosidl_generator_pyExport.cmake
[16.682s] -- Installing: /home/sunny/catkin_ws/install/turtlesim/share/turtlesim/cmake/export_turtlesim__rosidl_generator_pyExport-noconfig.cmake
[16.682s] -- Installing: /home/sunny/catkin_ws/install/turtlesim/share/turtlesim/cmake/rosidl_cmake-extras.cmake
[16.682s] -- Installing: /home/sunny/catkin_ws/install/turtlesim/share/turtlesim/cmake/ament_cmake_export_dependencies-extras.cmake
[16.682s] -- Installing: /home/sunny/catkin_ws/install/turtlesim/share/turtlesim/cmake/ament_cmake_export_include_directories-extras.cmake
[16.682s] -- Installing: /home/sunny/catkin_ws/install/turtlesim/share/turtlesim/cmake/ament_cmake_export_libraries-extras.cmake
[16.683s] -- Installing: /home/sunny/catkin_ws/install/turtlesim/share/turtlesim/cmake/ament_cmake_export_targets-extras.cmake
[16.683s] -- Installing: /home/sunny/catkin_ws/install/turtlesim/share/turtlesim/cmake/rosidl_cmake_export_typesupport_targets-extras.cmake
[16.683s] -- Installing: /home/sunny/catkin_ws/install/turtlesim/share/turtlesim/cmake/rosidl_cmake_export_typesupport_libraries-extras.cmake
[16.683s] -- Installing: /home/sunny/catkin_ws/install/turtlesim/share/turtlesim/cmake/turtlesimConfig.cmake
[16.683s] -- Installing: /home/sunny/catkin_ws/install/turtlesim/share/turtlesim/cmake/turtlesimConfig-version.cmake
[16.683s] -- Installing: /home/sunny/catkin_ws/install/turtlesim/share/turtlesim/package.xml
[16.686s] Invoked command in '/home/sunny/catkin_ws/build/turtlesim' returned '0': CMAKE_PREFIX_PATH=${CMAKE_PREFIX_PATH}:/opt/ros/humble /usr/bin/cmake --install /home/sunny/catkin_ws/build/turtlesim
